# JRE version: OpenJDK Runtime Environment (8.0_191-b12) (build 1.8.0_191-b12)
# Java VM: OpenJDK 64-Bit Server VM (25.191-b12 mixed mode linux-amd64 compressed oops)
Heap:
 PSYoungGen      total 109568K, used 68461K [0x000000076d100000, 0x0000000778180000, 0x00000007c0000000)
  eden space 49664K, 52% used [0x000000076d100000,0x000000076ea9ca60,0x0000000770180000)
  from space 59904K, 70% used [0x0000000770180000,0x0000000772abec00,0x0000000773c00000)
  to   space 63488K, 0% used [0x0000000774380000,0x0000000774380000,0x0000000778180000)
 ParOldGen       total 55296K, used 45109K [0x00000006c7200000, 0x00000006ca800000, 0x000000076d100000)
  object space 55296K, 81% used [0x00000006c7200000,0x00000006c9e0d6f0,0x00000006ca800000)
 Metaspace       used 7088K, capacity 7198K, committed 7424K, reserved 1056768K
  class space    used 658K, capacity 670K, committed 768K, reserved 1048576K
GC Heap History (68 events):
Event: 0.145 GC heap before
{Heap before GC invocations=1 (full 0):
 PSYoungGen      total 2048K, used 1536K [0x000000076d100000, 0x000000076d380000, 0x00000007c0000000)
  eden space 1536K, 100% used [0x000000076d100000,0x000000076d280000,0x000000076d280000)
  from space 512K, 0% used [0x000000076d300000,0x000000076d300000,0x000000076d380000)
  to   space 512K, 0% used [0x000000076d280000,0x000000076d280000,0x000000076d300000)
 ParOldGen       total 5632K, used 0K [0x00000006c7200000, 0x00000006c7780000, 0x000000076d100000)
  object space 5632K, 0% used [0x00000006c7200000,0x00000006c7200000,0x00000006c7780000)
 Metaspace       used 3574K, capacity 4614K, committed 4864K, reserved 1056768K
  class space    used 355K, capacity 386K, committed 512K, reserved 1048576K
Event: 0.148 GC heap after
Heap after GC invocations=1 (full 0):
 PSYoungGen      total 2048K, used 506K [0x000000076d100000, 0x000000076d500000, 0x00000007c0000000)
  eden space 1536K, 0% used [0x000000076d100000,0x000000076d100000,0x000000076d280000)
  from space 512K, 98% used [0x000000076d280000,0x000000076d2fe970,0x000000076d300000)
  to   space 512K, 0% used [0x000000076d480000,0x000000076d480000,0x000000076d500000)
 ParOldGen       total 5632K, used 425K [0x00000006c7200000, 0x00000006c7780000, 0x000000076d100000)
  object space 5632K, 7% used [0x00000006c7200000,0x00000006c726a678,0x00000006c7780000)
 Metaspace       used 3574K, capacity 4614K, committed 4864K, reserved 1056768K
  class space    used 355K, capacity 386K, committed 512K, reserved 1048576K
}
Event: 0.426 GC heap before
{Heap before GC invocations=2 (full 0):
 PSYoungGen      total 2048K, used 2042K [0x000000076d100000, 0x000000076d500000, 0x00000007c0000000)
  eden space 1536K, 100% used [0x000000076d100000,0x000000076d280000,0x000000076d280000)
  from space 512K, 98% used [0x000000076d280000,0x000000076d2fe970,0x000000076d300000)
  to   space 512K, 0% used [0x000000076d480000,0x000000076d480000,0x000000076d500000)
 ParOldGen       total 5632K, used 425K [0x00000006c7200000, 0x00000006c7780000, 0x000000076d100000)
  object space 5632K, 7% used [0x00000006c7200000,0x00000006c726a678,0x00000006c7780000)
 Metaspace       used 5438K, capacity 5556K, committed 5760K, reserved 1056768K
  class space    used 527K, capacity 530K, committed 640K, reserved 1048576K
Event: 0.427 GC heap after
Heap after GC invocations=2 (full 0):
 PSYoungGen      total 3584K, used 480K [0x000000076d100000, 0x000000076d500000, 0x00000007c0000000)
  eden space 3072K, 0% used [0x000000076d100000,0x000000076d100000,0x000000076d400000)
  from space 512K, 93% used [0x000000076d480000,0x000000076d4f83a0,0x000000076d500000)
  to   space 512K, 0% used [0x000000076d400000,0x000000076d400000,0x000000076d480000)
 ParOldGen       total 5632K, used 1022K [0x00000006c7200000, 0x00000006c7780000, 0x000000076d100000)
  object space 5632K, 18% used [0x00000006c7200000,0x00000006c72ffa50,0x00000006c7780000)
 Metaspace       used 5438K, capacity 5556K, committed 5760K, reserved 1056768K
  class space    used 527K, capacity 530K, committed 640K, reserved 1048576K
}
Event: 0.451 GC heap before
{Heap before GC invocations=3 (full 0):
 PSYoungGen      total 3584K, used 3552K [0x000000076d100000, 0x000000076d500000, 0x00000007c0000000)
  eden space 3072K, 100% used [0x000000076d100000,0x000000076d400000,0x000000076d400000)
  from space 512K, 93% used [0x000000076d480000,0x000000076d4f83a0,0x000000076d500000)
  to   space 512K, 0% used [0x000000076d400000,0x000000076d400000,0x000000076d480000)
 ParOldGen       total 5632K, used 1022K [0x00000006c7200000, 0x00000006c7780000, 0x000000076d100000)
  object space 5632K, 18% used [0x00000006c7200000,0x00000006c72ffa50,0x00000006c7780000)
 Metaspace       used 5565K, capacity 5740K, committed 6016K, reserved 1056768K
  class space    used 534K, capacity 566K, committed 640K, reserved 1048576K
Event: 0.453 GC heap after
Heap after GC invocations=3 (full 0):
 PSYoungGen      total 3584K, used 496K [0x000000076d100000, 0x000000076d800000, 0x00000007c0000000)
  eden space 3072K, 0% used [0x000000076d100000,0x000000076d100000,0x000000076d400000)
  from space 512K, 96% used [0x000000076d400000,0x000000076d47c010,0x000000076d480000)
  to   space 512K, 0% used [0x000000076d780000,0x000000076d780000,0x000000076d800000)
 ParOldGen       total 5632K, used 1647K [0x00000006c7200000, 0x00000006c7780000, 0x000000076d100000)
  object space 5632K, 29% used [0x00000006c7200000,0x00000006c739bca0,0x00000006c7780000)
 Metaspace       used 5565K, capacity 5740K, committed 6016K, reserved 1056768K
  class space    used 534K, capacity 566K, committed 640K, reserved 1048576K
}
Event: 0.649 GC heap before
{Heap before GC invocations=4 (full 0):
 PSYoungGen      total 3584K, used 3568K [0x000000076d100000, 0x000000076d800000, 0x00000007c0000000)
  eden space 3072K, 100% used [0x000000076d100000,0x000000076d400000,0x000000076d400000)
  from space 512K, 96% used [0x000000076d400000,0x000000076d47c010,0x000000076d480000)
  to   space 512K, 0% used [0x000000076d780000,0x000000076d780000,0x000000076d800000)
 ParOldGen       total 5632K, used 1647K [0x00000006c7200000, 0x00000006c7780000, 0x000000076d100000)
  object space 5632K, 29% used [0x00000006c7200000,0x00000006c739bca0,0x00000006c7780000)
 Metaspace       used 6637K, capacity 6776K, committed 6784K, reserved 1056768K
  class space    used 622K, capacity 632K, committed 640K, reserved 1048576K
Event: 0.667 GC heap after
Heap after GC invocations=4 (full 0):
 PSYoungGen      total 6656K, used 512K [0x000000076d100000, 0x000000076d800000, 0x00000007c0000000)
  eden space 6144K, 0% used [0x000000076d100000,0x000000076d100000,0x000000076d700000)
  from space 512K, 100% used [0x000000076d780000,0x000000076d800000,0x000000076d800000)
  to   space 512K, 0% used [0x000000076d700000,0x000000076d700000,0x000000076d780000)
 ParOldGen       total 5632K, used 2461K [0x00000006c7200000, 0x00000006c7780000, 0x000000076d100000)
  object space 5632K, 43% used [0x00000006c7200000,0x00000006c7467798,0x00000006c7780000)
 Metaspace       used 6637K, capacity 6776K, committed 6784K, reserved 1056768K
  class space    used 622K, capacity 632K, committed 640K, reserved 1048576K
}
Event: 0.786 GC heap before
{Heap before GC invocations=5 (full 0):
 PSYoungGen      total 6656K, used 6656K [0x000000076d100000, 0x000000076d800000, 0x00000007c0000000)
  eden space 6144K, 100% used [0x000000076d100000,0x000000076d700000,0x000000076d700000)
  from space 512K, 100% used [0x000000076d780000,0x000000076d800000,0x000000076d800000)
  to   space 512K, 0% used [0x000000076d700000,0x000000076d700000,0x000000076d780000)
 ParOldGen       total 5632K, used 2461K [0x00000006c7200000, 0x00000006c7780000, 0x000000076d100000)
  object space 5632K, 43% used [0x00000006c7200000,0x00000006c7467798,0x00000006c7780000)
 Metaspace       used 6701K, capacity 6840K, committed 7040K, reserved 1056768K
  class space    used 622K, capacity 632K, committed 640K, reserved 1048576K
Event: 0.788 GC heap after
Heap after GC invocations=5 (full 0):
 PSYoungGen      total 6656K, used 512K [0x000000076d100000, 0x000000076e600000, 0x00000007c0000000)
  eden space 6144K, 0% used [0x000000076d100000,0x000000076d100000,0x000000076d700000)
  from space 512K, 100% used [0x000000076d700000,0x000000076d780000,0x000000076d780000)
  to   space 4608K, 0% used [0x000000076e180000,0x000000076e180000,0x000000076e600000)
 ParOldGen       total 8192K, used 7733K [0x00000006c7200000, 0x00000006c7a00000, 0x000000076d100000)
  object space 8192K, 94% used [0x00000006c7200000,0x00000006c798d4c0,0x00000006c7a00000)
 Metaspace       used 6701K, capacity 6840K, committed 7040K, reserved 1056768K
  class space    used 622K, capacity 632K, committed 640K, reserved 1048576K
}
Event: 0.788 GC heap before
{Heap before GC invocations=6 (full 1):
 PSYoungGen      total 6656K, used 512K [0x000000076d100000, 0x000000076e600000, 0x00000007c0000000)
  eden space 6144K, 0% used [0x000000076d100000,0x000000076d100000,0x000000076d700000)
  from space 512K, 100% used [0x000000076d700000,0x000000076d780000,0x000000076d780000)
  to   space 4608K, 0% used [0x000000076e180000,0x000000076e180000,0x000000076e600000)
 ParOldGen       total 8192K, used 7733K [0x00000006c7200000, 0x00000006c7a00000, 0x000000076d100000)
  object space 8192K, 94% used [0x00000006c7200000,0x00000006c798d4c0,0x00000006c7a00000)
 Metaspace       used 6701K, capacity 6840K, committed 7040K, reserved 1056768K
  class space    used 622K, capacity 632K, committed 640K, reserved 1048576K
Event: 0.805 GC heap after
Heap after GC invocations=6 (full 1):
 PSYoungGen      total 6656K, used 0K [0x000000076d100000, 0x000000076e600000, 0x00000007c0000000)
  eden space 6144K, 0% used [0x000000076d100000,0x000000076d100000,0x000000076d700000)
  from space 512K, 0% used [0x000000076d700000,0x000000076d700000,0x000000076d780000)
  to   space 4608K, 0% used [0x000000076e180000,0x000000076e180000,0x000000076e600000)
 ParOldGen       total 14336K, used 7468K [0x00000006c7200000, 0x00000006c8000000, 0x000000076d100000)
  object space 14336K, 52% used [0x00000006c7200000,0x00000006c794b240,0x00000006c8000000)
 Metaspace       used 6701K, capacity 6840K, committed 7040K, reserved 1056768K
  class space    used 622K, capacity 632K, committed 640K, reserved 1048576K
}
Event: 0.865 GC heap before
{Heap before GC invocations=7 (full 1):
 PSYoungGen      total 6656K, used 6144K [0x000000076d100000, 0x000000076e600000, 0x00000007c0000000)
  eden space 6144K, 100% used [0x000000076d100000,0x000000076d700000,0x000000076d700000)
  from space 512K, 0% used [0x000000076d700000,0x000000076d700000,0x000000076d780000)
  to   space 4608K, 0% used [0x000000076e180000,0x000000076e180000,0x000000076e600000)
 ParOldGen       total 14336K, used 7468K [0x00000006c7200000, 0x00000006c8000000, 0x000000076d100000)
  object space 14336K, 52% used [0x00000006c7200000,0x00000006c794b240,0x00000006c8000000)
 Metaspace       used 6709K, capacity 6840K, committed 7040K, reserved 1056768K
  class space    used 622K, capacity 632K, committed 640K, reserved 1048576K
Event: 0.869 GC heap after
Heap after GC invocations=7 (full 1):
 PSYoungGen      total 14848K, used 4581K [0x000000076d100000, 0x000000076e700000, 0x00000007c0000000)
  eden space 10240K, 0% used [0x000000076d100000,0x000000076d100000,0x000000076db00000)
  from space 4608K, 99% used [0x000000076e180000,0x000000076e5f9560,0x000000076e600000)
  to   space 6144K, 0% used [0x000000076db00000,0x000000076db00000,0x000000076e100000)
 ParOldGen       total 14336K, used 8303K [0x00000006c7200000, 0x00000006c8000000, 0x000000076d100000)
  object space 14336K, 57% used [0x00000006c7200000,0x00000006c7a1be30,0x00000006c8000000)
 Metaspace       used 6709K, capacity 6840K, committed 7040K, reserved 1056768K
  class space    used 622K, capacity 632K, committed 640K, reserved 1048576K
}
Event: 1.120 GC heap before
{Heap before GC invocations=8 (full 1):
 PSYoungGen      total 14848K, used 14821K [0x000000076d100000, 0x000000076e700000, 0x00000007c0000000)
  eden space 10240K, 100% used [0x000000076d100000,0x000000076db00000,0x000000076db00000)
  from space 4608K, 99% used [0x000000076e180000,0x000000076e5f9560,0x000000076e600000)
  to   space 6144K, 0% used [0x000000076db00000,0x000000076db00000,0x000000076e100000)
 ParOldGen       total 14336K, used 8303K [0x00000006c7200000, 0x00000006c8000000, 0x000000076d100000)
  object space 14336K, 57% used [0x00000006c7200000,0x00000006c7a1be30,0x00000006c8000000)
 Metaspace       used 6709K, capacity 6840K, committed 7040K, reserved 1056768K
  class space    used 622K, capacity 632K, committed 640K, reserved 1048576K
Event: 1.126 GC heap after
Heap after GC invocations=8 (full 1):
 PSYoungGen      total 16384K, used 6136K [0x000000076d100000, 0x000000076f380000, 0x00000007c0000000)
  eden space 10240K, 0% used [0x000000076d100000,0x000000076d100000,0x000000076db00000)
  from space 6144K, 99% used [0x000000076db00000,0x000000076e0fe020,0x000000076e100000)
  to   space 9216K, 0% used [0x000000076ea80000,0x000000076ea80000,0x000000076f380000)
 ParOldGen       total 14336K, used 11576K [0x00000006c7200000, 0x00000006c8000000, 0x000000076d100000)
  object space 14336K, 80% used [0x00000006c7200000,0x00000006c7d4e230,0x00000006c8000000)
 Metaspace       used 6709K, capacity 6840K, committed 7040K, reserved 1056768K
  class space    used 622K, capacity 632K, committed 640K, reserved 1048576K
}
Event: 1.126 GC heap before
{Heap before GC invocations=9 (full 2):
 PSYoungGen      total 16384K, used 6136K [0x000000076d100000, 0x000000076f380000, 0x00000007c0000000)
  eden space 10240K, 0% used [0x000000076d100000,0x000000076d100000,0x000000076db00000)
  from space 6144K, 99% used [0x000000076db00000,0x000000076e0fe020,0x000000076e100000)
  to   space 9216K, 0% used [0x000000076ea80000,0x000000076ea80000,0x000000076f380000)
 ParOldGen       total 14336K, used 11576K [0x00000006c7200000, 0x00000006c8000000, 0x000000076d100000)
  object space 14336K, 80% used [0x00000006c7200000,0x00000006c7d4e230,0x00000006c8000000)
 Metaspace       used 6709K, capacity 6840K, committed 7040K, reserved 1056768K
  class space    used 622K, capacity 632K, committed 640K, reserved 1048576K
Event: 1.152 GC heap after
Heap after GC invocations=9 (full 2):
 PSYoungGen      total 16384K, used 0K [0x000000076d100000, 0x000000076f380000, 0x00000007c0000000)
  eden space 10240K, 0% used [0x000000076d100000,0x000000076d100000,0x000000076db00000)
  from space 6144K, 0% used [0x000000076db00000,0x000000076db00000,0x000000076e100000)
  to   space 9216K, 0% used [0x000000076ea80000,0x000000076ea80000,0x000000076f380000)
 ParOldGen       total 20992K, used 12036K [0x00000006c7200000, 0x00000006c8680000, 0x000000076d100000)
  object space 20992K, 57% used [0x00000006c7200000,0x00000006c7dc11b8,0x00000006c8680000)
 Metaspace       used 6709K, capacity 6840K, committed 7040K, reserved 1056768K
  class space    used 622K, capacity 632K, committed 640K, reserved 1048576K
}
Event: 1.248 GC heap before
{Heap before GC invocations=10 (full 2):
 PSYoungGen      total 16384K, used 10240K [0x000000076d100000, 0x000000076f380000, 0x00000007c0000000)
  eden space 10240K, 100% used [0x000000076d100000,0x000000076db00000,0x000000076db00000)
  from space 6144K, 0% used [0x000000076db00000,0x000000076db00000,0x000000076e100000)
  to   space 9216K, 0% used [0x000000076ea80000,0x000000076ea80000,0x000000076f380000)
 ParOldGen       total 20992K, used 12036K [0x00000006c7200000, 0x00000006c8680000, 0x000000076d100000)
  object space 20992K, 57% used [0x00000006c7200000,0x00000006c7dc11b8,0x00000006c8680000)
 Metaspace       used 6709K, capacity 6840K, committed 7040K, reserved 1056768K
  class space    used 622K, capacity 632K, committed 640K, reserved 1048576K
Event: 1.254 GC heap after
Heap after GC invocations=10 (full 2):
 PSYoungGen      total 24064K, used 9184K [0x000000076d100000, 0x000000076f580000, 0x00000007c0000000)
  eden space 14848K, 0% used [0x000000076d100000,0x000000076d100000,0x000000076df80000)
  from space 9216K, 99% used [0x000000076ea80000,0x000000076f3782c0,0x000000076f380000)
  to   space 11264K, 0% used [0x000000076df80000,0x000000076df80000,0x000000076ea80000)
 ParOldGen       total 20992K, used 12432K [0x00000006c7200000, 0x00000006c8680000, 0x000000076d100000)
  object space 20992K, 59% used [0x00000006c7200000,0x00000006c7e240e8,0x00000006c8680000)
 Metaspace       used 6709K, capacity 6840K, committed 7040K, reserved 1056768K
  class space    used 622K, capacity 632K, committed 640K, reserved 1048576K
}
Event: 1.400 GC heap before
{Heap before GC invocations=11 (full 2):
 PSYoungGen      total 24064K, used 24003K [0x000000076d100000, 0x000000076f580000, 0x00000007c0000000)
  eden space 14848K, 99% used [0x000000076d100000,0x000000076df78ae8,0x000000076df80000)
  from space 9216K, 99% used [0x000000076ea80000,0x000000076f3782c0,0x000000076f380000)
  to   space 11264K, 0% used [0x000000076df80000,0x000000076df80000,0x000000076ea80000)
 ParOldGen       total 20992K, used 12432K [0x00000006c7200000, 0x00000006c8680000, 0x000000076d100000)
  object space 20992K, 59% used [0x00000006c7200000,0x00000006c7e240e8,0x00000006c8680000)
 Metaspace       used 6709K, capacity 6840K, committed 7040K, reserved 1056768K
  class space    used 622K, capacity 632K, committed 640K, reserved 1048576K
Event: 1.408 GC heap after
Heap after GC invocations=11 (full 2):
 PSYoungGen      total 26112K, used 11242K [0x000000076d100000, 0x0000000770100000, 0x00000007c0000000)
  eden space 14848K, 0% used [0x000000076d100000,0x000000076d100000,0x000000076df80000)
  from space 11264K, 99% used [0x000000076df80000,0x000000076ea7a9d8,0x000000076ea80000)
  to   space 14848K, 0% used [0x000000076f280000,0x000000076f280000,0x0000000770100000)
 ParOldGen       total 20992K, used 16299K [0x00000006c7200000, 0x00000006c8680000, 0x000000076d100000)
  object space 20992K, 77% used [0x00000006c7200000,0x00000006c81eacb8,0x00000006c8680000)
 Metaspace       used 6709K, capacity 6840K, committed 7040K, reserved 1056768K
  class space    used 622K, capacity 632K, committed 640K, reserved 1048576K
}
Event: 1.408 GC heap before
{Heap before GC invocations=12 (full 3):
 PSYoungGen      total 26112K, used 11242K [0x000000076d100000, 0x0000000770100000, 0x00000007c0000000)
  eden space 14848K, 0% used [0x000000076d100000,0x000000076d100000,0x000000076df80000)
  from space 11264K, 99% used [0x000000076df80000,0x000000076ea7a9d8,0x000000076ea80000)
  to   space 14848K, 0% used [0x000000076f280000,0x000000076f280000,0x0000000770100000)
 ParOldGen       total 20992K, used 16299K [0x00000006c7200000, 0x00000006c8680000, 0x000000076d100000)
  object space 20992K, 77% used [0x00000006c7200000,0x00000006c81eacb8,0x00000006c8680000)
 Metaspace       used 6709K, capacity 6840K, committed 7040K, reserved 1056768K
  class space    used 622K, capacity 632K, committed 640K, reserved 1048576K
Event: 1.425 GC heap after
Heap after GC invocations=12 (full 3):
 PSYoungGen      total 26112K, used 0K [0x000000076d100000, 0x0000000770100000, 0x00000007c0000000)
  eden space 14848K, 0% used [0x000000076d100000,0x000000076d100000,0x000000076df80000)
  from space 11264K, 0% used [0x000000076df80000,0x000000076df80000,0x000000076ea80000)
  to   space 14848K, 0% used [0x000000076f280000,0x000000076f280000,0x0000000770100000)
 ParOldGen       total 30208K, used 19255K [0x00000006c7200000, 0x00000006c8f80000, 0x000000076d100000)
  object space 30208K, 63% used [0x00000006c7200000,0x00000006c84cde10,0x00000006c8f80000)
 Metaspace       used 6709K, capacity 6840K, committed 7040K, reserved 1056768K
  class space    used 622K, capacity 632K, committed 640K, reserved 1048576K
}
Event: 1.628 GC heap before
{Heap before GC invocations=13 (full 3):
 PSYoungGen      total 26112K, used 14848K [0x000000076d100000, 0x0000000770100000, 0x00000007c0000000)
  eden space 14848K, 100% used [0x000000076d100000,0x000000076df80000,0x000000076df80000)
  from space 11264K, 0% used [0x000000076df80000,0x000000076df80000,0x000000076ea80000)
  to   space 14848K, 0% used [0x000000076f280000,0x000000076f280000,0x0000000770100000)
 ParOldGen       total 30208K, used 19255K [0x00000006c7200000, 0x00000006c8f80000, 0x000000076d100000)
  object space 30208K, 63% used [0x00000006c7200000,0x00000006c84cde10,0x00000006c8f80000)
 Metaspace       used 6709K, capacity 6840K, committed 7040K, reserved 1056768K
  class space    used 622K, capacity 632K, committed 640K, reserved 1048576K
Event: 1.636 GC heap after
Heap after GC invocations=13 (full 3):
 PSYoungGen      total 31744K, used 14660K [0x000000076d100000, 0x0000000770580000, 0x00000007c0000000)
  eden space 16896K, 0% used [0x000000076d100000,0x000000076d100000,0x000000076e180000)
  from space 14848K, 98% used [0x000000076f280000,0x00000007700d1348,0x0000000770100000)
  to   space 17408K, 0% used [0x000000076e180000,0x000000076e180000,0x000000076f280000)
 ParOldGen       total 30208K, used 19255K [0x00000006c7200000, 0x00000006c8f80000, 0x000000076d100000)
  object space 30208K, 63% used [0x00000006c7200000,0x00000006c84cde10,0x00000006c8f80000)
 Metaspace       used 6709K, capacity 6840K, committed 7040K, reserved 1056768K
  class space    used 622K, capacity 632K, committed 640K, reserved 1048576K
}
Event: 1.836 GC heap before
{Heap before GC invocations=14 (full 3):
 PSYoungGen      total 31744K, used 31556K [0x000000076d100000, 0x0000000770580000, 0x00000007c0000000)
  eden space 16896K, 100% used [0x000000076d100000,0x000000076e180000,0x000000076e180000)
  from space 14848K, 98% used [0x000000076f280000,0x00000007700d1348,0x0000000770100000)
  to   space 17408K, 0% used [0x000000076e180000,0x000000076e180000,0x000000076f280000)
 ParOldGen       total 30208K, used 19255K [0x00000006c7200000, 0x00000006c8f80000, 0x000000076d100000)
  object space 30208K, 63% used [0x00000006c7200000,0x00000006c84cde10,0x00000006c8f80000)
 Metaspace       used 6709K, capacity 6840K, committed 7040K, reserved 1056768K
  class space    used 622K, capacity 632K, committed 640K, reserved 1048576K
Event: 1.841 GC heap after
Heap after GC invocations=14 (full 3):
 PSYoungGen      total 34304K, used 17038K [0x000000076d100000, 0x0000000770c80000, 0x00000007c0000000)
  eden space 16896K, 0% used [0x000000076d100000,0x000000076d100000,0x000000076e180000)
  from space 17408K, 97% used [0x000000076e180000,0x000000076f223960,0x000000076f280000)
  to   space 19968K, 0% used [0x000000076f900000,0x000000076f900000,0x0000000770c80000)
 ParOldGen       total 30208K, used 19255K [0x00000006c7200000, 0x00000006c8f80000, 0x000000076d100000)
  object space 30208K, 63% used [0x00000006c7200000,0x00000006c84cde10,0x00000006c8f80000)
 Metaspace       used 6709K, capacity 6840K, committed 7040K, reserved 1056768K
  class space    used 622K, capacity 632K, committed 640K, reserved 1048576K
}
Event: 2.020 GC heap before
{Heap before GC invocations=15 (full 3):
 PSYoungGen      total 34304K, used 33934K [0x000000076d100000, 0x0000000770c80000, 0x00000007c0000000)
  eden space 16896K, 100% used [0x000000076d100000,0x000000076e180000,0x000000076e180000)
  from space 17408K, 97% used [0x000000076e180000,0x000000076f223960,0x000000076f280000)
  to   space 19968K, 0% used [0x000000076f900000,0x000000076f900000,0x0000000770c80000)
 ParOldGen       total 30208K, used 19255K [0x00000006c7200000, 0x00000006c8f80000, 0x000000076d100000)
  object space 30208K, 63% used [0x00000006c7200000,0x00000006c84cde10,0x00000006c8f80000)
 Metaspace       used 6709K, capacity 6840K, committed 7040K, reserved 1056768K
  class space    used 622K, capacity 632K, committed 640K, reserved 1048576K
Event: 2.028 GC heap after
Heap after GC invocations=15 (full 3):
 PSYoungGen      total 38400K, used 17187K [0x000000076d100000, 0x0000000771200000, 0x00000007c0000000)
  eden space 18432K, 0% used [0x000000076d100000,0x000000076d100000,0x000000076e300000)
  from space 19968K, 86% used [0x000000076f900000,0x00000007709c8c88,0x0000000770c80000)
  to   space 22528K, 0% used [0x000000076e300000,0x000000076e300000,0x000000076f900000)
 ParOldGen       total 30208K, used 19255K [0x00000006c7200000, 0x00000006c8f80000, 0x000000076d100000)
  object space 30208K, 63% used [0x00000006c7200000,0x00000006c84cde10,0x00000006c8f80000)
 Metaspace       used 6709K, capacity 6840K, committed 7040K, reserved 1056768K
  class space    used 622K, capacity 632K, committed 640K, reserved 1048576K
}
Event: 2.310 GC heap before
{Heap before GC invocations=16 (full 3):
 PSYoungGen      total 38400K, used 35619K [0x000000076d100000, 0x0000000771200000, 0x00000007c0000000)
  eden space 18432K, 100% used [0x000000076d100000,0x000000076e300000,0x000000076e300000)
  from space 19968K, 86% used [0x000000076f900000,0x00000007709c8c88,0x0000000770c80000)
  to   space 22528K, 0% used [0x000000076e300000,0x000000076e300000,0x000000076f900000)
 ParOldGen       total 30208K, used 19255K [0x00000006c7200000, 0x00000006c8f80000, 0x000000076d100000)
  object space 30208K, 63% used [0x00000006c7200000,0x00000006c84cde10,0x00000006c8f80000)
 Metaspace       used 6709K, capacity 6840K, committed 7040K, reserved 1056768K
  class space    used 622K, capacity 632K, committed 640K, reserved 1048576K
Event: 2.317 GC heap after
Heap after GC invocations=16 (full 3):
 PSYoungGen      total 40960K, used 17686K [0x000000076d100000, 0x0000000771780000, 0x00000007c0000000)
  eden space 18432K, 0% used [0x000000076d100000,0x000000076d100000,0x000000076e300000)
  from space 22528K, 78% used [0x000000076e300000,0x000000076f445ae0,0x000000076f900000)
  to   space 24576K, 0% used [0x000000076ff80000,0x000000076ff80000,0x0000000771780000)
 ParOldGen       total 30208K, used 19255K [0x00000006c7200000, 0x00000006c8f80000, 0x000000076d100000)
  object space 30208K, 63% used [0x00000006c7200000,0x00000006c84cde10,0x00000006c8f80000)
 Metaspace       used 6709K, capacity 6840K, committed 7040K, reserved 1056768K
  class space    used 622K, capacity 632K, committed 640K, reserved 1048576K
}
Event: 2.483 GC heap before
{Heap before GC invocations=17 (full 3):
 PSYoungGen      total 40960K, used 36118K [0x000000076d100000, 0x0000000771780000, 0x00000007c0000000)
  eden space 18432K, 100% used [0x000000076d100000,0x000000076e300000,0x000000076e300000)
  from space 22528K, 78% used [0x000000076e300000,0x000000076f445ae0,0x000000076f900000)
  to   space 24576K, 0% used [0x000000076ff80000,0x000000076ff80000,0x0000000771780000)
 ParOldGen       total 30208K, used 19255K [0x00000006c7200000, 0x00000006c8f80000, 0x000000076d100000)
  object space 30208K, 63% used [0x00000006c7200000,0x00000006c84cde10,0x00000006c8f80000)
 Metaspace       used 6709K, capacity 6840K, committed 7040K, reserved 1056768K
  class space    used 622K, capacity 632K, committed 640K, reserved 1048576K
Event: 2.493 GC heap after
Heap after GC invocations=17 (full 3):
 PSYoungGen      total 46080K, used 18057K [0x000000076d100000, 0x0000000771b00000, 0x00000007c0000000)
  eden space 21504K, 0% used [0x000000076d100000,0x000000076d100000,0x000000076e600000)
  from space 24576K, 73% used [0x000000076ff80000,0x0000000771122590,0x0000000771780000)
  to   space 26112K, 0% used [0x000000076e600000,0x000000076e600000,0x000000076ff80000)
 ParOldGen       total 30208K, used 19255K [0x00000006c7200000, 0x00000006c8f80000, 0x000000076d100000)
  object space 30208K, 63% used [0x00000006c7200000,0x00000006c84cde10,0x00000006c8f80000)
 Metaspace       used 6709K, capacity 6840K, committed 7040K, reserved 1056768K
  class space    used 622K, capacity 632K, committed 640K, reserved 1048576K
}
Event: 2.662 GC heap before
{Heap before GC invocations=18 (full 3):
 PSYoungGen      total 46080K, used 39561K [0x000000076d100000, 0x0000000771b00000, 0x00000007c0000000)
  eden space 21504K, 100% used [0x000000076d100000,0x000000076e600000,0x000000076e600000)
  from space 24576K, 73% used [0x000000076ff80000,0x0000000771122590,0x0000000771780000)
  to   space 26112K, 0% used [0x000000076e600000,0x000000076e600000,0x000000076ff80000)
 ParOldGen       total 30208K, used 19255K [0x00000006c7200000, 0x00000006c8f80000, 0x000000076d100000)
  object space 30208K, 63% used [0x00000006c7200000,0x00000006c84cde10,0x00000006c8f80000)
 Metaspace       used 6709K, capacity 6840K, committed 7040K, reserved 1056768K
  class space    used 622K, capacity 632K, committed 640K, reserved 1048576K
Event: 2.670 GC heap after
Heap after GC invocations=18 (full 3):
 PSYoungGen      total 47616K, used 21667K [0x000000076d100000, 0x0000000772500000, 0x00000007c0000000)
  eden space 21504K, 0% used [0x000000076d100000,0x000000076d100000,0x000000076e600000)
  from space 26112K, 82% used [0x000000076e600000,0x000000076fb28cb8,0x000000076ff80000)
  to   space 29184K, 0% used [0x0000000770880000,0x0000000770880000,0x0000000772500000)
 ParOldGen       total 30208K, used 19255K [0x00000006c7200000, 0x00000006c8f80000, 0x000000076d100000)
  object space 30208K, 63% used [0x00000006c7200000,0x00000006c84cde10,0x00000006c8f80000)
 Metaspace       used 6709K, capacity 6840K, committed 7040K, reserved 1056768K
  class space    used 622K, capacity 632K, committed 640K, reserved 1048576K
}
Event: 2.915 GC heap before
{Heap before GC invocations=19 (full 3):
 PSYoungGen      total 47616K, used 43171K [0x000000076d100000, 0x0000000772500000, 0x00000007c0000000)
  eden space 21504K, 100% used [0x000000076d100000,0x000000076e600000,0x000000076e600000)
  from space 26112K, 82% used [0x000000076e600000,0x000000076fb28cb8,0x000000076ff80000)
  to   space 29184K, 0% used [0x0000000770880000,0x0000000770880000,0x0000000772500000)
 ParOldGen       total 30208K, used 19255K [0x00000006c7200000, 0x00000006c8f80000, 0x000000076d100000)
  object space 30208K, 63% used [0x00000006c7200000,0x00000006c84cde10,0x00000006c8f80000)
 Metaspace       used 6709K, capacity 6840K, committed 7040K, reserved 1056768K
  class space    used 622K, capacity 632K, committed 640K, reserved 1048576K
Event: 2.927 GC heap after
Heap after GC invocations=19 (full 3):
 PSYoungGen      total 53760K, used 25206K [0x000000076d100000, 0x0000000772b00000, 0x00000007c0000000)
  eden space 24576K, 0% used [0x000000076d100000,0x000000076d100000,0x000000076e900000)
  from space 29184K, 86% used [0x0000000770880000,0x000000077211daa8,0x0000000772500000)
  to   space 32256K, 0% used [0x000000076e900000,0x000000076e900000,0x0000000770880000)
 ParOldGen       total 30208K, used 19255K [0x00000006c7200000, 0x00000006c8f80000, 0x000000076d100000)
  object space 30208K, 63% used [0x00000006c7200000,0x00000006c84cde10,0x00000006c8f80000)
 Metaspace       used 6709K, capacity 6840K, committed 7040K, reserved 1056768K
  class space    used 622K, capacity 632K, committed 640K, reserved 1048576K
}
Event: 3.186 GC heap before
{Heap before GC invocations=20 (full 3):
 PSYoungGen      total 53760K, used 49782K [0x000000076d100000, 0x0000000772b00000, 0x00000007c0000000)
  eden space 24576K, 100% used [0x000000076d100000,0x000000076e900000,0x000000076e900000)
  from space 29184K, 86% used [0x0000000770880000,0x000000077211daa8,0x0000000772500000)
  to   space 32256K, 0% used [0x000000076e900000,0x000000076e900000,0x0000000770880000)
 ParOldGen       total 30208K, used 19255K [0x00000006c7200000, 0x00000006c8f80000, 0x000000076d100000)
  object space 30208K, 63% used [0x00000006c7200000,0x00000006c84cde10,0x00000006c8f80000)
 Metaspace       used 6709K, capacity 6840K, committed 7040K, reserved 1056768K
  class space    used 622K, capacity 632K, committed 640K, reserved 1048576K
Event: 3.196 GC heap after
Heap after GC invocations=20 (full 3):
 PSYoungGen      total 56832K, used 28621K [0x000000076d100000, 0x0000000773480000, 0x00000007c0000000)
  eden space 24576K, 0% used [0x000000076d100000,0x000000076d100000,0x000000076e900000)
  from space 32256K, 88% used [0x000000076e900000,0x00000007704f3790,0x0000000770880000)
  to   space 36352K, 0% used [0x0000000771100000,0x0000000771100000,0x0000000773480000)
 ParOldGen       total 30208K, used 19255K [0x00000006c7200000, 0x00000006c8f80000, 0x000000076d100000)
  object space 30208K, 63% used [0x00000006c7200000,0x00000006c84cde10,0x00000006c8f80000)
 Metaspace       used 6709K, capacity 6840K, committed 7040K, reserved 1056768K
  class space    used 622K, capacity 632K, committed 640K, reserved 1048576K
}
Event: 3.256 GC heap before
{Heap before GC invocations=21 (full 3):
 PSYoungGen      total 56832K, used 53197K [0x000000076d100000, 0x0000000773480000, 0x00000007c0000000)
  eden space 24576K, 100% used [0x000000076d100000,0x000000076e900000,0x000000076e900000)
  from space 32256K, 88% used [0x000000076e900000,0x00000007704f3790,0x0000000770880000)
  to   space 36352K, 0% used [0x0000000771100000,0x0000000771100000,0x0000000773480000)
 ParOldGen       total 30208K, used 19255K [0x00000006c7200000, 0x00000006c8f80000, 0x000000076d100000)
  object space 30208K, 63% used [0x00000006c7200000,0x00000006c84cde10,0x00000006c8f80000)
 Metaspace       used 6732K, capacity 6904K, committed 7040K, reserved 1056768K
  class space    used 623K, capacity 632K, committed 640K, reserved 1048576K
Event: 3.262 GC heap after
Heap after GC invocations=21 (full 3):
 PSYoungGen      total 63488K, used 14665K [0x000000076d100000, 0x0000000773180000, 0x00000007c0000000)
  eden space 30208K, 0% used [0x000000076d100000,0x000000076d100000,0x000000076ee80000)
  from space 33280K, 44% used [0x0000000771100000,0x0000000771f52518,0x0000000773180000)
  to   space 34304K, 0% used [0x000000076ee80000,0x000000076ee80000,0x0000000771000000)
 ParOldGen       total 30208K, used 19255K [0x00000006c7200000, 0x00000006c8f80000, 0x000000076d100000)
  object space 30208K, 63% used [0x00000006c7200000,0x00000006c84cde10,0x00000006c8f80000)
 Metaspace       used 6732K, capacity 6904K, committed 7040K, reserved 1056768K
  class space    used 623K, capacity 632K, committed 640K, reserved 1048576K
}
Event: 3.315 GC heap before
{Heap before GC invocations=22 (full 3):
 PSYoungGen      total 63488K, used 44873K [0x000000076d100000, 0x0000000773180000, 0x00000007c0000000)
  eden space 30208K, 100% used [0x000000076d100000,0x000000076ee80000,0x000000076ee80000)
  from space 33280K, 44% used [0x0000000771100000,0x0000000771f52518,0x0000000773180000)
  to   space 34304K, 0% used [0x000000076ee80000,0x000000076ee80000,0x0000000771000000)
 ParOldGen       total 30208K, used 19255K [0x00000006c7200000, 0x00000006c8f80000, 0x000000076d100000)
  object space 30208K, 63% used [0x00000006c7200000,0x00000006c84cde10,0x00000006c8f80000)
 Metaspace       used 6732K, capacity 6904K, committed 7040K, reserved 1056768K
  class space    used 623K, capacity 632K, committed 640K, reserved 1048576K
Event: 3.320 GC heap after
Heap after GC invocations=22 (full 3):
 PSYoungGen      total 64512K, used 15429K [0x000000076d100000, 0x0000000773500000, 0x00000007c0000000)
  eden space 30208K, 0% used [0x000000076d100000,0x000000076d100000,0x000000076ee80000)
  from space 34304K, 44% used [0x000000076ee80000,0x000000076fd917a0,0x0000000771000000)
  to   space 32768K, 0% used [0x0000000771500000,0x0000000771500000,0x0000000773500000)
 ParOldGen       total 30208K, used 19255K [0x00000006c7200000, 0x00000006c8f80000, 0x000000076d100000)
  object space 30208K, 63% used [0x00000006c7200000,0x00000006c84cde10,0x00000006c8f80000)
 Metaspace       used 6732K, capacity 6904K, committed 7040K, reserved 1056768K
  class space    used 623K, capacity 632K, committed 640K, reserved 1048576K
}
Event: 3.459 GC heap before
{Heap before GC invocations=23 (full 3):
 PSYoungGen      total 64512K, used 45637K [0x000000076d100000, 0x0000000773500000, 0x00000007c0000000)
  eden space 30208K, 100% used [0x000000076d100000,0x000000076ee80000,0x000000076ee80000)
  from space 34304K, 44% used [0x000000076ee80000,0x000000076fd917a0,0x0000000771000000)
  to   space 32768K, 0% used [0x0000000771500000,0x0000000771500000,0x0000000773500000)
 ParOldGen       total 30208K, used 19255K [0x00000006c7200000, 0x00000006c8f80000, 0x000000076d100000)
  object space 30208K, 63% used [0x00000006c7200000,0x00000006c84cde10,0x00000006c8f80000)
 Metaspace       used 6762K, capacity 6904K, committed 7040K, reserved 1056768K
  class space    used 626K, capacity 632K, committed 640K, reserved 1048576K
Event: 3.467 GC heap after
Heap after GC invocations=23 (full 3):
 PSYoungGen      total 66048K, used 29803K [0x000000076d100000, 0x0000000773c00000, 0x00000007c0000000)
  eden space 33280K, 0% used [0x000000076d100000,0x000000076d100000,0x000000076f180000)
  from space 32768K, 90% used [0x0000000771500000,0x000000077321af70,0x0000000773500000)
  to   space 36352K, 0% used [0x000000076f180000,0x000000076f180000,0x0000000771500000)
 ParOldGen       total 30208K, used 19845K [0x00000006c7200000, 0x00000006c8f80000, 0x000000076d100000)
  object space 30208K, 65% used [0x00000006c7200000,0x00000006c8561590,0x00000006c8f80000)
 Metaspace       used 6762K, capacity 6904K, committed 7040K, reserved 1056768K
  class space    used 626K, capacity 632K, committed 640K, reserved 1048576K
}
Event: 3.664 GC heap before
{Heap before GC invocations=24 (full 3):
 PSYoungGen      total 66048K, used 63083K [0x000000076d100000, 0x0000000773c00000, 0x00000007c0000000)
  eden space 33280K, 100% used [0x000000076d100000,0x000000076f180000,0x000000076f180000)
  from space 32768K, 90% used [0x0000000771500000,0x000000077321af70,0x0000000773500000)
  to   space 36352K, 0% used [0x000000076f180000,0x000000076f180000,0x0000000771500000)
 ParOldGen       total 30208K, used 19845K [0x00000006c7200000, 0x00000006c8f80000, 0x000000076d100000)
  object space 30208K, 65% used [0x00000006c7200000,0x00000006c8561590,0x00000006c8f80000)
 Metaspace       used 6868K, capacity 7004K, committed 7168K, reserved 1056768K
  class space    used 644K, capacity 668K, committed 768K, reserved 1048576K
Event: 3.674 GC heap after
Heap after GC invocations=24 (full 3):
 PSYoungGen      total 69632K, used 35147K [0x000000076d100000, 0x0000000774980000, 0x00000007c0000000)
  eden space 33280K, 0% used [0x000000076d100000,0x000000076d100000,0x000000076f180000)
  from space 36352K, 96% used [0x000000076f180000,0x00000007713d2f80,0x0000000771500000)
  to   space 41472K, 0% used [0x0000000772100000,0x0000000772100000,0x0000000774980000)
 ParOldGen       total 30208K, used 21501K [0x00000006c7200000, 0x00000006c8f80000, 0x000000076d100000)
  object space 30208K, 71% used [0x00000006c7200000,0x00000006c86ff590,0x00000006c8f80000)
 Metaspace       used 6868K, capacity 7004K, committed 7168K, reserved 1056768K
  class space    used 644K, capacity 668K, committed 768K, reserved 1048576K
}
Event: 3.729 GC heap before
{Heap before GC invocations=25 (full 3):
 PSYoungGen      total 69632K, used 68427K [0x000000076d100000, 0x0000000774980000, 0x00000007c0000000)
  eden space 33280K, 100% used [0x000000076d100000,0x000000076f180000,0x000000076f180000)
  from space 36352K, 96% used [0x000000076f180000,0x00000007713d2f80,0x0000000771500000)
  to   space 41472K, 0% used [0x0000000772100000,0x0000000772100000,0x0000000774980000)
 ParOldGen       total 30208K, used 21501K [0x00000006c7200000, 0x00000006c8f80000, 0x000000076d100000)
  object space 30208K, 71% used [0x00000006c7200000,0x00000006c86ff590,0x00000006c8f80000)
 Metaspace       used 6868K, capacity 7004K, committed 7168K, reserved 1056768K
  class space    used 644K, capacity 668K, committed 768K, reserved 1048576K
Event: 3.741 GC heap after
Heap after GC invocations=25 (full 3):
 PSYoungGen      total 77824K, used 34571K [0x000000076d100000, 0x0000000775300000, 0x00000007c0000000)
  eden space 36352K, 0% used [0x000000076d100000,0x000000076d100000,0x000000076f480000)
  from space 41472K, 83% used [0x0000000772100000,0x00000007742c2f80,0x0000000774980000)
  to   space 45568K, 0% used [0x000000076f480000,0x000000076f480000,0x0000000772100000)
 ParOldGen       total 30208K, used 25469K [0x00000006c7200000, 0x00000006c8f80000, 0x000000076d100000)
  object space 30208K, 84% used [0x00000006c7200000,0x00000006c8adf590,0x00000006c8f80000)
 Metaspace       used 6868K, capacity 7004K, committed 7168K, reserved 1056768K
  class space    used 644K, capacity 668K, committed 768K, reserved 1048576K
}
Event: 4.063 GC heap before
{Heap before GC invocations=26 (full 3):
 PSYoungGen      total 77824K, used 70923K [0x000000076d100000, 0x0000000775300000, 0x00000007c0000000)
  eden space 36352K, 100% used [0x000000076d100000,0x000000076f480000,0x000000076f480000)
  from space 41472K, 83% used [0x0000000772100000,0x00000007742c2f80,0x0000000774980000)
  to   space 45568K, 0% used [0x000000076f480000,0x000000076f480000,0x0000000772100000)
 ParOldGen       total 30208K, used 25469K [0x00000006c7200000, 0x00000006c8f80000, 0x000000076d100000)
  object space 30208K, 84% used [0x00000006c7200000,0x00000006c8adf590,0x00000006c8f80000)
 Metaspace       used 7015K, capacity 7134K, committed 7424K, reserved 1056768K
  class space    used 658K, capacity 670K, committed 768K, reserved 1048576K
Event: 4.077 GC heap after
Heap after GC invocations=26 (full 3):
 PSYoungGen      total 81920K, used 22757K [0x000000076d100000, 0x0000000775380000, 0x00000007c0000000)
  eden space 36352K, 0% used [0x000000076d100000,0x000000076d100000,0x000000076f480000)
  from space 45568K, 49% used [0x000000076f480000,0x0000000770ab97c0,0x0000000772100000)
  to   space 44032K, 0% used [0x0000000772880000,0x0000000772880000,0x0000000775380000)
 ParOldGen       total 30208K, used 30021K [0x00000006c7200000, 0x00000006c8f80000, 0x000000076d100000)
  object space 30208K, 99% used [0x00000006c7200000,0x00000006c8f515a0,0x00000006c8f80000)
 Metaspace       used 7015K, capacity 7134K, committed 7424K, reserved 1056768K
  class space    used 658K, capacity 670K, committed 768K, reserved 1048576K
}
Event: 4.077 GC heap before
{Heap before GC invocations=27 (full 4):
 PSYoungGen      total 81920K, used 22757K [0x000000076d100000, 0x0000000775380000, 0x00000007c0000000)
  eden space 36352K, 0% used [0x000000076d100000,0x000000076d100000,0x000000076f480000)
  from space 45568K, 49% used [0x000000076f480000,0x0000000770ab97c0,0x0000000772100000)
  to   space 44032K, 0% used [0x0000000772880000,0x0000000772880000,0x0000000775380000)
 ParOldGen       total 30208K, used 30021K [0x00000006c7200000, 0x00000006c8f80000, 0x000000076d100000)
  object space 30208K, 99% used [0x00000006c7200000,0x00000006c8f515a0,0x00000006c8f80000)
 Metaspace       used 7015K, capacity 7134K, committed 7424K, reserved 1056768K
  class space    used 658K, capacity 670K, committed 768K, reserved 1048576K
Event: 4.166 GC heap after
Heap after GC invocations=27 (full 4):
 PSYoungGen      total 81920K, used 8303K [0x000000076d100000, 0x0000000775380000, 0x00000007c0000000)
  eden space 36352K, 0% used [0x000000076d100000,0x000000076d100000,0x000000076f480000)
  from space 45568K, 18% used [0x000000076f480000,0x000000076fc9bc80,0x0000000772100000)
  to   space 44032K, 0% used [0x0000000772880000,0x0000000772880000,0x0000000775380000)
 ParOldGen       total 43008K, used 30078K [0x00000006c7200000, 0x00000006c9c00000, 0x000000076d100000)
  object space 43008K, 69% used [0x00000006c7200000,0x00000006c8f5fb88,0x00000006c9c00000)
 Metaspace       used 7015K, capacity 7134K, committed 7424K, reserved 1056768K
  class space    used 658K, capacity 670K, committed 768K, reserved 1048576K
}
Event: 4.498 GC heap before
{Heap before GC invocations=28 (full 4):
 PSYoungGen      total 81920K, used 44655K [0x000000076d100000, 0x0000000775380000, 0x00000007c0000000)
  eden space 36352K, 100% used [0x000000076d100000,0x000000076f480000,0x000000076f480000)
  from space 45568K, 18% used [0x000000076f480000,0x000000076fc9bc80,0x0000000772100000)
  to   space 44032K, 0% used [0x0000000772880000,0x0000000772880000,0x0000000775380000)
 ParOldGen       total 43008K, used 30078K [0x00000006c7200000, 0x00000006c9c00000, 0x000000076d100000)
  object space 43008K, 69% used [0x00000006c7200000,0x00000006c8f5fb88,0x00000006c9c00000)
 Metaspace       used 7019K, capacity 7134K, committed 7424K, reserved 1056768K
  class space    used 658K, capacity 670K, committed 768K, reserved 1048576K
Event: 4.506 GC heap after
Heap after GC invocations=28 (full 4):
 PSYoungGen      total 87552K, used 8416K [0x000000076d100000, 0x0000000775200000, 0x00000007c0000000)
  eden space 45056K, 0% used [0x000000076d100000,0x000000076d100000,0x000000076fd00000)
  from space 42496K, 19% used [0x0000000772880000,0x00000007730b8000,0x0000000775200000)
  to   space 43520K, 0% used [0x000000076fd00000,0x000000076fd00000,0x0000000772780000)
 ParOldGen       total 43008K, used 30078K [0x00000006c7200000, 0x00000006c9c00000, 0x000000076d100000)
  object space 43008K, 69% used [0x00000006c7200000,0x00000006c8f5fb88,0x00000006c9c00000)
 Metaspace       used 7019K, capacity 7134K, committed 7424K, reserved 1056768K
  class space    used 658K, capacity 670K, committed 768K, reserved 1048576K
}
Event: 4.921 GC heap before
{Heap before GC invocations=29 (full 4):
 PSYoungGen      total 87552K, used 53472K [0x000000076d100000, 0x0000000775200000, 0x00000007c0000000)
  eden space 45056K, 100% used [0x000000076d100000,0x000000076fd00000,0x000000076fd00000)
  from space 42496K, 19% used [0x0000000772880000,0x00000007730b8000,0x0000000775200000)
  to   space 43520K, 0% used [0x000000076fd00000,0x000000076fd00000,0x0000000772780000)
 ParOldGen       total 43008K, used 30078K [0x00000006c7200000, 0x00000006c9c00000, 0x000000076d100000)
  object space 43008K, 69% used [0x00000006c7200000,0x00000006c8f5fb88,0x00000006c9c00000)
 Metaspace       used 7019K, capacity 7134K, committed 7424K, reserved 1056768K
  class space    used 658K, capacity 670K, committed 768K, reserved 1048576K
Event: 4.928 GC heap after
Heap after GC invocations=29 (full 4):
 PSYoungGen      total 88576K, used 160K [0x000000076d100000, 0x0000000775b00000, 0x00000007c0000000)
  eden space 45056K, 0% used [0x000000076d100000,0x000000076d100000,0x000000076fd00000)
  from space 43520K, 0% used [0x000000076fd00000,0x000000076fd28000,0x0000000772780000)
  to   space 44544K, 0% used [0x0000000772f80000,0x0000000772f80000,0x0000000775b00000)
 ParOldGen       total 43008K, used 38358K [0x00000006c7200000, 0x00000006c9c00000, 0x000000076d100000)
  object space 43008K, 89% used [0x00000006c7200000,0x00000006c9775b88,0x00000006c9c00000)
 Metaspace       used 7019K, capacity 7134K, committed 7424K, reserved 1056768K
  class space    used 658K, capacity 670K, committed 768K, reserved 1048576K
}
Event: 4.928 GC heap before
{Heap before GC invocations=30 (full 5):
 PSYoungGen      total 88576K, used 160K [0x000000076d100000, 0x0000000775b00000, 0x00000007c0000000)
  eden space 45056K, 0% used [0x000000076d100000,0x000000076d100000,0x000000076fd00000)
  from space 43520K, 0% used [0x000000076fd00000,0x000000076fd28000,0x0000000772780000)
  to   space 44544K, 0% used [0x0000000772f80000,0x0000000772f80000,0x0000000775b00000)
 ParOldGen       total 43008K, used 38358K [0x00000006c7200000, 0x00000006c9c00000, 0x000000076d100000)
  object space 43008K, 89% used [0x00000006c7200000,0x00000006c9775b88,0x00000006c9c00000)
 Metaspace       used 7019K, capacity 7134K, committed 7424K, reserved 1056768K
  class space    used 658K, capacity 670K, committed 768K, reserved 1048576K
Event: 5.012 GC heap after
Heap after GC invocations=30 (full 5):
 PSYoungGen      total 88576K, used 0K [0x000000076d100000, 0x0000000775b00000, 0x00000007c0000000)
  eden space 45056K, 0% used [0x000000076d100000,0x000000076d100000,0x000000076fd00000)
  from space 43520K, 0% used [0x000000076fd00000,0x000000076fd00000,0x0000000772780000)
  to   space 44544K, 0% used [0x0000000772f80000,0x0000000772f80000,0x0000000775b00000)
 ParOldGen       total 55296K, used 38343K [0x00000006c7200000, 0x00000006ca800000, 0x000000076d100000)
  object space 55296K, 69% used [0x00000006c7200000,0x00000006c9771d20,0x00000006ca800000)
 Metaspace       used 7019K, capacity 7134K, committed 7424K, reserved 1056768K
  class space    used 658K, capacity 670K, committed 768K, reserved 1048576K
}
Event: 6.854 GC heap before
{Heap before GC invocations=31 (full 5):
 PSYoungGen      total 88576K, used 45056K [0x000000076d100000, 0x0000000775b00000, 0x00000007c0000000)
  eden space 45056K, 100% used [0x000000076d100000,0x000000076fd00000,0x000000076fd00000)
  from space 43520K, 0% used [0x000000076fd00000,0x000000076fd00000,0x0000000772780000)
  to   space 44544K, 0% used [0x0000000772f80000,0x0000000772f80000,0x0000000775b00000)
 ParOldGen       total 55296K, used 38343K [0x00000006c7200000, 0x00000006ca800000, 0x000000076d100000)
  object space 55296K, 69% used [0x00000006c7200000,0x00000006c9771d20,0x00000006ca800000)
 Metaspace       used 7086K, capacity 7198K, committed 7424K, reserved 1056768K
  class space    used 658K, capacity 670K, committed 768K, reserved 1048576K
Event: 6.863 GC heap after
Heap after GC invocations=31 (full 5):
 PSYoungGen      total 92672K, used 24071K [0x000000076d100000, 0x0000000775880000, 0x00000007c0000000)
  eden space 50688K, 0% used [0x000000076d100000,0x000000076d100000,0x0000000770280000)
  from space 41984K, 57% used [0x0000000772f80000,0x0000000774701e88,0x0000000775880000)
  to   space 44032K, 0% used [0x0000000770280000,0x0000000770280000,0x0000000772d80000)
 ParOldGen       total 55296K, used 38343K [0x00000006c7200000, 0x00000006ca800000, 0x000000076d100000)
  object space 55296K, 69% used [0x00000006c7200000,0x00000006c9771d20,0x00000006ca800000)
 Metaspace       used 7086K, capacity 7198K, committed 7424K, reserved 1056768K
  class space    used 658K, capacity 670K, committed 768K, reserved 1048576K
}
Event: 8.622 GC heap before
{Heap before GC invocations=32 (full 5):
 PSYoungGen      total 92672K, used 74759K [0x000000076d100000, 0x0000000775880000, 0x00000007c0000000)
  eden space 50688K, 100% used [0x000000076d100000,0x0000000770280000,0x0000000770280000)
  from space 41984K, 57% used [0x0000000772f80000,0x0000000774701e88,0x0000000775880000)
  to   space 44032K, 0% used [0x0000000770280000,0x0000000770280000,0x0000000772d80000)
 ParOldGen       total 55296K, used 38343K [0x00000006c7200000, 0x00000006ca800000, 0x000000076d100000)
  object space 55296K, 69% used [0x00000006c7200000,0x00000006c9771d20,0x00000006ca800000)
 Metaspace       used 7088K, capacity 7198K, committed 7424K, reserved 1056768K
  class space    used 658K, capacity 670K, committed 768K, reserved 1048576K
Event: 8.632 GC heap after
Heap after GC invocations=32 (full 5):
 PSYoungGen      total 94720K, used 44009K [0x000000076d100000, 0x0000000777080000, 0x00000007c0000000)
  eden space 50688K, 0% used [0x000000076d100000,0x000000076d100000,0x0000000770280000)
  from space 44032K, 99% used [0x0000000770280000,0x0000000772d7a430,0x0000000772d80000)
  to   space 53760K, 0% used [0x0000000773c00000,0x0000000773c00000,0x0000000777080000)
 ParOldGen       total 55296K, used 45109K [0x00000006c7200000, 0x00000006ca800000, 0x000000076d100000)
  object space 55296K, 81% used [0x00000006c7200000,0x00000006c9e0d6f0,0x00000006ca800000)
 Metaspace       used 7088K, capacity 7198K, committed 7424K, reserved 1056768K
  class space    used 658K, capacity 670K, committed 768K, reserved 1048576K
}
Event: 10.873 GC heap before
{Heap before GC invocations=33 (full 5):
 PSYoungGen      total 94720K, used 94697K [0x000000076d100000, 0x0000000777080000, 0x00000007c0000000)
  eden space 50688K, 100% used [0x000000076d100000,0x0000000770280000,0x0000000770280000)
  from space 44032K, 99% used [0x0000000770280000,0x0000000772d7a430,0x0000000772d80000)
  to   space 53760K, 0% used [0x0000000773c00000,0x0000000773c00000,0x0000000777080000)
 ParOldGen       total 55296K, used 45109K [0x00000006c7200000, 0x00000006ca800000, 0x000000076d100000)
  object space 55296K, 81% used [0x00000006c7200000,0x00000006c9e0d6f0,0x00000006ca800000)
 Metaspace       used 7088K, capacity 7198K, committed 7424K, reserved 1056768K
  class space    used 658K, capacity 670K, committed 768K, reserved 1048576K
Event: 10.897 GC heap after
Heap after GC invocations=33 (full 5):
 PSYoungGen      total 103424K, used 46593K [0x000000076d100000, 0x0000000777c00000, 0x00000007c0000000)
  eden space 49664K, 0% used [0x000000076d100000,0x000000076d100000,0x0000000770180000)
  from space 53760K, 86% used [0x0000000773c00000,0x00000007769807e0,0x0000000777080000)
  to   space 59904K, 0% used [0x0000000770180000,0x0000000770180000,0x0000000773c00000)
 ParOldGen       total 55296K, used 45109K [0x00000006c7200000, 0x00000006ca800000, 0x000000076d100000)
  object space 55296K, 81% used [0x00000006c7200000,0x00000006c9e0d6f0,0x00000006ca800000)
 Metaspace       used 7088K, capacity 7198K, committed 7424K, reserved 1056768K
  class space    used 658K, capacity 670K, committed 768K, reserved 1048576K
}
Event: 13.004 GC heap before
{Heap before GC invocations=34 (full 5):
 PSYoungGen      total 103424K, used 96257K [0x000000076d100000, 0x0000000777c00000, 0x00000007c0000000)
  eden space 49664K, 100% used [0x000000076d100000,0x0000000770180000,0x0000000770180000)
  from space 53760K, 86% used [0x0000000773c00000,0x00000007769807e0,0x0000000777080000)
  to   space 59904K, 0% used [0x0000000770180000,0x0000000770180000,0x0000000773c00000)
 ParOldGen       total 55296K, used 45109K [0x00000006c7200000, 0x00000006ca800000, 0x000000076d100000)
  object space 55296K, 81% used [0x00000006c7200000,0x00000006c9e0d6f0,0x00000006ca800000)
 Metaspace       used 7088K, capacity 7198K, committed 7424K, reserved 1056768K
  class space    used 658K, capacity 670K, committed 768K, reserved 1048576K
Event: 13.018 GC heap after
Heap after GC invocations=34 (full 5):
 PSYoungGen      total 109568K, used 42235K [0x000000076d100000, 0x0000000778180000, 0x00000007c0000000)
  eden space 49664K, 0% used [0x000000076d100000,0x000000076d100000,0x0000000770180000)
  from space 59904K, 70% used [0x0000000770180000,0x0000000772abec00,0x0000000773c00000)
  to   space 63488K, 0% used [0x0000000774380000,0x0000000774380000,0x0000000778180000)
 ParOldGen       total 55296K, used 45109K [0x00000006c7200000, 0x00000006ca800000, 0x000000076d100000)
  object space 55296K, 81% used [0x00000006c7200000,0x00000006c9e0d6f0,0x00000006ca800000)
 Metaspace       used 7088K, capacity 7198K, committed 7424K, reserved 1056768K
  class space    used 658K, capacity 670K, committed 768K, reserved 1048576K
}

