# JRE version: OpenJDK Runtime Environment (8.0_191-b12) (build 1.8.0_191-b12)
# Java VM: OpenJDK 64-Bit Server VM (25.191-b12 mixed mode linux-amd64 compressed oops)
Heap:
 PSYoungGen      total 82432K, used 77818K [0x000000076d100000, 0x0000000772e80000, 0x00000007c0000000)
  eden space 72192K, 94% used [0x000000076d100000,0x000000077137ea30,0x0000000771780000)
  from space 10240K, 95% used [0x0000000771800000,0x0000000772180040,0x0000000772200000)
  to   space 11776K, 0% used [0x0000000772300000,0x0000000772300000,0x0000000772e80000)
 ParOldGen       total 221696K, used 45943K [0x00000006c7200000, 0x00000006d4a80000, 0x000000076d100000)
  object space 221696K, 20% used [0x00000006c7200000,0x00000006c9edde48,0x00000006d4a80000)
 Metaspace       used 43522K, capacity 43898K, committed 44464K, reserved 1087488K
  class space    used 6203K, capacity 6315K, committed 6320K, reserved 1048576K
GC Heap History (22 events):
Event: 1.112 GC heap before
{Heap before GC invocations=1 (full 0):
 PSYoungGen      total 74752K, used 36201K [0x000000076d100000, 0x0000000772400000, 0x00000007c0000000)
  eden space 64512K, 56% used [0x000000076d100000,0x000000076f45a5c0,0x0000000771000000)
  from space 10240K, 0% used [0x0000000771a00000,0x0000000771a00000,0x0000000772400000)
  to   space 10240K, 0% used [0x0000000771000000,0x0000000771000000,0x0000000771a00000)
 ParOldGen       total 171008K, used 0K [0x00000006c7200000, 0x00000006d1900000, 0x000000076d100000)
  object space 171008K, 0% used [0x00000006c7200000,0x00000006c7200000,0x00000006d1900000)
 Metaspace       used 20673K, capacity 20988K, committed 21296K, reserved 1069056K
  class space    used 2474K, capacity 2592K, committed 2608K, reserved 1048576K
Event: 1.118 GC heap after
Heap after GC invocations=1 (full 0):
 PSYoungGen      total 74752K, used 6783K [0x000000076d100000, 0x0000000772400000, 0x00000007c0000000)
  eden space 64512K, 0% used [0x000000076d100000,0x000000076d100000,0x0000000771000000)
  from space 10240K, 66% used [0x0000000771000000,0x000000077169ff30,0x0000000771a00000)
  to   space 10240K, 0% used [0x0000000771a00000,0x0000000771a00000,0x0000000772400000)
 ParOldGen       total 171008K, used 24K [0x00000006c7200000, 0x00000006d1900000, 0x000000076d100000)
  object space 171008K, 0% used [0x00000006c7200000,0x00000006c7206000,0x00000006d1900000)
 Metaspace       used 20673K, capacity 20988K, committed 21296K, reserved 1069056K
  class space    used 2474K, capacity 2592K, committed 2608K, reserved 1048576K
}
Event: 1.118 GC heap before
{Heap before GC invocations=2 (full 1):
 PSYoungGen      total 74752K, used 6783K [0x000000076d100000, 0x0000000772400000, 0x00000007c0000000)
  eden space 64512K, 0% used [0x000000076d100000,0x000000076d100000,0x0000000771000000)
  from space 10240K, 66% used [0x0000000771000000,0x000000077169ff30,0x0000000771a00000)
  to   space 10240K, 0% used [0x0000000771a00000,0x0000000771a00000,0x0000000772400000)
 ParOldGen       total 171008K, used 24K [0x00000006c7200000, 0x00000006d1900000, 0x000000076d100000)
  object space 171008K, 0% used [0x00000006c7200000,0x00000006c7206000,0x00000006d1900000)
 Metaspace       used 20673K, capacity 20988K, committed 21296K, reserved 1069056K
  class space    used 2474K, capacity 2592K, committed 2608K, reserved 1048576K
Event: 1.140 GC heap after
Heap after GC invocations=2 (full 1):
 PSYoungGen      total 74752K, used 0K [0x000000076d100000, 0x0000000772400000, 0x00000007c0000000)
  eden space 64512K, 0% used [0x000000076d100000,0x000000076d100000,0x0000000771000000)
  from space 10240K, 0% used [0x0000000771000000,0x0000000771000000,0x0000000771a00000)
  to   space 10240K, 0% used [0x0000000771a00000,0x0000000771a00000,0x0000000772400000)
 ParOldGen       total 123392K, used 6603K [0x00000006c7200000, 0x00000006cea80000, 0x000000076d100000)
  object space 123392K, 5% used [0x00000006c7200000,0x00000006c7872d58,0x00000006cea80000)
 Metaspace       used 20673K, capacity 20988K, committed 21296K, reserved 1069056K
  class space    used 2474K, capacity 2592K, committed 2608K, reserved 1048576K
}
Event: 10.683 GC heap before
{Heap before GC invocations=3 (full 1):
 PSYoungGen      total 74752K, used 50290K [0x000000076d100000, 0x0000000772400000, 0x00000007c0000000)
  eden space 64512K, 77% used [0x000000076d100000,0x000000077021cb70,0x0000000771000000)
  from space 10240K, 0% used [0x0000000771000000,0x0000000771000000,0x0000000771a00000)
  to   space 10240K, 0% used [0x0000000771a00000,0x0000000771a00000,0x0000000772400000)
 ParOldGen       total 123392K, used 6603K [0x00000006c7200000, 0x00000006cea80000, 0x000000076d100000)
  object space 123392K, 5% used [0x00000006c7200000,0x00000006c7872d58,0x00000006cea80000)
 Metaspace       used 34752K, capacity 35126K, committed 35496K, reserved 1079296K
  class space    used 5067K, capacity 5161K, committed 5168K, reserved 1048576K
Event: 10.687 GC heap after
Heap after GC invocations=3 (full 1):
 PSYoungGen      total 74752K, used 5411K [0x000000076d100000, 0x0000000772b80000, 0x00000007c0000000)
  eden space 64512K, 0% used [0x000000076d100000,0x000000076d100000,0x0000000771000000)
  from space 10240K, 52% used [0x0000000771a00000,0x0000000771f48d38,0x0000000772400000)
  to   space 10240K, 0% used [0x0000000771000000,0x0000000771000000,0x0000000771a00000)
 ParOldGen       total 123392K, used 6611K [0x00000006c7200000, 0x00000006cea80000, 0x000000076d100000)
  object space 123392K, 5% used [0x00000006c7200000,0x00000006c7874d58,0x00000006cea80000)
 Metaspace       used 34752K, capacity 35126K, committed 35496K, reserved 1079296K
  class space    used 5067K, capacity 5161K, committed 5168K, reserved 1048576K
}
Event: 10.688 GC heap before
{Heap before GC invocations=4 (full 2):
 PSYoungGen      total 74752K, used 5411K [0x000000076d100000, 0x0000000772b80000, 0x00000007c0000000)
  eden space 64512K, 0% used [0x000000076d100000,0x000000076d100000,0x0000000771000000)
  from space 10240K, 52% used [0x0000000771a00000,0x0000000771f48d38,0x0000000772400000)
  to   space 10240K, 0% used [0x0000000771000000,0x0000000771000000,0x0000000771a00000)
 ParOldGen       total 123392K, used 6611K [0x00000006c7200000, 0x00000006cea80000, 0x000000076d100000)
  object space 123392K, 5% used [0x00000006c7200000,0x00000006c7874d58,0x00000006cea80000)
 Metaspace       used 34752K, capacity 35126K, committed 35496K, reserved 1079296K
  class space    used 5067K, capacity 5161K, committed 5168K, reserved 1048576K
Event: 10.708 GC heap after
Heap after GC invocations=4 (full 2):
 PSYoungGen      total 74752K, used 0K [0x000000076d100000, 0x0000000772b80000, 0x00000007c0000000)
  eden space 64512K, 0% used [0x000000076d100000,0x000000076d100000,0x0000000771000000)
  from space 10240K, 0% used [0x0000000771a00000,0x0000000771a00000,0x0000000772400000)
  to   space 10240K, 0% used [0x0000000771000000,0x0000000771000000,0x0000000771a00000)
 ParOldGen       total 221696K, used 10291K [0x00000006c7200000, 0x00000006d4a80000, 0x000000076d100000)
  object space 221696K, 4% used [0x00000006c7200000,0x00000006c7c0ce68,0x00000006d4a80000)
 Metaspace       used 34752K, capacity 35126K, committed 35496K, reserved 1079296K
  class space    used 5067K, capacity 5161K, committed 5168K, reserved 1048576K
}
Event: 15.514 GC heap before
{Heap before GC invocations=5 (full 2):
 PSYoungGen      total 74752K, used 64512K [0x000000076d100000, 0x0000000772b80000, 0x00000007c0000000)
  eden space 64512K, 100% used [0x000000076d100000,0x0000000771000000,0x0000000771000000)
  from space 10240K, 0% used [0x0000000771a00000,0x0000000771a00000,0x0000000772400000)
  to   space 10240K, 0% used [0x0000000771000000,0x0000000771000000,0x0000000771a00000)
 ParOldGen       total 221696K, used 10291K [0x00000006c7200000, 0x00000006d4a80000, 0x000000076d100000)
  object space 221696K, 4% used [0x00000006c7200000,0x00000006c7c0ce68,0x00000006d4a80000)
 Metaspace       used 38497K, capacity 38830K, committed 39472K, reserved 1083392K
  class space    used 5723K, capacity 5837K, committed 5936K, reserved 1048576K
Event: 15.522 GC heap after
Heap after GC invocations=5 (full 2):
 PSYoungGen      total 74752K, used 10212K [0x000000076d100000, 0x0000000772f00000, 0x00000007c0000000)
  eden space 64512K, 0% used [0x000000076d100000,0x000000076d100000,0x0000000771000000)
  from space 10240K, 99% used [0x0000000771000000,0x00000007719f9040,0x0000000771a00000)
  to   space 10240K, 0% used [0x0000000772500000,0x0000000772500000,0x0000000772f00000)
 ParOldGen       total 221696K, used 13439K [0x00000006c7200000, 0x00000006d4a80000, 0x000000076d100000)
  object space 221696K, 6% used [0x00000006c7200000,0x00000006c7f1fdf8,0x00000006d4a80000)
 Metaspace       used 38497K, capacity 38830K, committed 39472K, reserved 1083392K
  class space    used 5723K, capacity 5837K, committed 5936K, reserved 1048576K
}
Event: 26.395 GC heap before
{Heap before GC invocations=6 (full 2):
 PSYoungGen      total 74752K, used 74256K [0x000000076d100000, 0x0000000772f00000, 0x00000007c0000000)
  eden space 64512K, 99% used [0x000000076d100000,0x0000000770f8b208,0x0000000771000000)
  from space 10240K, 99% used [0x0000000771000000,0x00000007719f9040,0x0000000771a00000)
  to   space 10240K, 0% used [0x0000000772500000,0x0000000772500000,0x0000000772f00000)
 ParOldGen       total 221696K, used 13439K [0x00000006c7200000, 0x00000006d4a80000, 0x000000076d100000)
  object space 221696K, 6% used [0x00000006c7200000,0x00000006c7f1fdf8,0x00000006d4a80000)
 Metaspace       used 40606K, capacity 41022K, committed 41520K, reserved 1085440K
  class space    used 6003K, capacity 6113K, committed 6192K, reserved 1048576K
Event: 26.407 GC heap after
Heap after GC invocations=6 (full 2):
 PSYoungGen      total 83968K, used 8436K [0x000000076d100000, 0x0000000772e00000, 0x00000007c0000000)
  eden space 74752K, 0% used [0x000000076d100000,0x000000076d100000,0x0000000771a00000)
  from space 9216K, 91% used [0x0000000772500000,0x0000000772d3d3f8,0x0000000772e00000)
  to   space 10240K, 0% used [0x0000000771a00000,0x0000000771a00000,0x0000000772400000)
 ParOldGen       total 221696K, used 45847K [0x00000006c7200000, 0x00000006d4a80000, 0x000000076d100000)
  object space 221696K, 20% used [0x00000006c7200000,0x00000006c9ec5e38,0x00000006d4a80000)
 Metaspace       used 40606K, capacity 41022K, committed 41520K, reserved 1085440K
  class space    used 6003K, capacity 6113K, committed 6192K, reserved 1048576K
}
Event: 100.751 GC heap before
{Heap before GC invocations=7 (full 2):
 PSYoungGen      total 83968K, used 83188K [0x000000076d100000, 0x0000000772e00000, 0x00000007c0000000)
  eden space 74752K, 100% used [0x000000076d100000,0x0000000771a00000,0x0000000771a00000)
  from space 9216K, 91% used [0x0000000772500000,0x0000000772d3d3f8,0x0000000772e00000)
  to   space 10240K, 0% used [0x0000000771a00000,0x0000000771a00000,0x0000000772400000)
 ParOldGen       total 221696K, used 45847K [0x00000006c7200000, 0x00000006d4a80000, 0x000000076d100000)
  object space 221696K, 20% used [0x00000006c7200000,0x00000006c9ec5e38,0x00000006d4a80000)
 Metaspace       used 42619K, capacity 43034K, committed 43440K, reserved 1087488K
  class space    used 6190K, capacity 6309K, committed 6320K, reserved 1048576K
Event: 100.759 GC heap after
Heap after GC invocations=7 (full 2):
 PSYoungGen      total 84480K, used 8256K [0x000000076d100000, 0x0000000773180000, 0x00000007c0000000)
  eden space 74240K, 0% used [0x000000076d100000,0x000000076d100000,0x0000000771980000)
  from space 10240K, 80% used [0x0000000771a00000,0x0000000772210138,0x0000000772400000)
  to   space 12288K, 0% used [0x0000000772580000,0x0000000772580000,0x0000000773180000)
 ParOldGen       total 221696K, used 45919K [0x00000006c7200000, 0x00000006d4a80000, 0x000000076d100000)
  object space 221696K, 20% used [0x00000006c7200000,0x00000006c9ed7e48,0x00000006d4a80000)
 Metaspace       used 42619K, capacity 43034K, committed 43440K, reserved 1087488K
  class space    used 6190K, capacity 6309K, committed 6320K, reserved 1048576K
}
Event: 461.351 GC heap before
{Heap before GC invocations=8 (full 2):
 PSYoungGen      total 84480K, used 82496K [0x000000076d100000, 0x0000000773180000, 0x00000007c0000000)
  eden space 74240K, 100% used [0x000000076d100000,0x0000000771980000,0x0000000771980000)
  from space 10240K, 80% used [0x0000000771a00000,0x0000000772210138,0x0000000772400000)
  to   space 12288K, 0% used [0x0000000772580000,0x0000000772580000,0x0000000773180000)
 ParOldGen       total 221696K, used 45919K [0x00000006c7200000, 0x00000006d4a80000, 0x000000076d100000)
  object space 221696K, 20% used [0x00000006c7200000,0x00000006c9ed7e48,0x00000006d4a80000)
 Metaspace       used 42925K, capacity 43362K, committed 43696K, reserved 1087488K
  class space    used 6198K, capacity 6311K, committed 6320K, reserved 1048576K
Event: 461.365 GC heap after
Heap after GC invocations=8 (full 2):
 PSYoungGen      total 85504K, used 9520K [0x000000076d100000, 0x0000000773100000, 0x00000007c0000000)
  eden space 73728K, 0% used [0x000000076d100000,0x000000076d100000,0x0000000771900000)
  from space 11776K, 80% used [0x0000000772580000,0x0000000772ecc040,0x0000000773100000)
  to   space 12288K, 0% used [0x0000000771900000,0x0000000771900000,0x0000000772500000)
 ParOldGen       total 221696K, used 45927K [0x00000006c7200000, 0x00000006d4a80000, 0x000000076d100000)
  object space 221696K, 20% used [0x00000006c7200000,0x00000006c9ed9e48,0x00000006d4a80000)
 Metaspace       used 42925K, capacity 43362K, committed 43696K, reserved 1087488K
  class space    used 6198K, capacity 6311K, committed 6320K, reserved 1048576K
}
Event: 572.556 GC heap before
{Heap before GC invocations=9 (full 2):
 PSYoungGen      total 85504K, used 83248K [0x000000076d100000, 0x0000000773100000, 0x00000007c0000000)
  eden space 73728K, 100% used [0x000000076d100000,0x0000000771900000,0x0000000771900000)
  from space 11776K, 80% used [0x0000000772580000,0x0000000772ecc040,0x0000000773100000)
  to   space 12288K, 0% used [0x0000000771900000,0x0000000771900000,0x0000000772500000)
 ParOldGen       total 221696K, used 45927K [0x00000006c7200000, 0x00000006d4a80000, 0x000000076d100000)
  object space 221696K, 20% used [0x00000006c7200000,0x00000006c9ed9e48,0x00000006d4a80000)
 Metaspace       used 43135K, capacity 43566K, committed 43952K, reserved 1087488K
  class space    used 6201K, capacity 6313K, committed 6320K, reserved 1048576K
Event: 572.566 GC heap after
Heap after GC invocations=9 (full 2):
 PSYoungGen      total 82432K, used 8848K [0x000000076d100000, 0x0000000772f80000, 0x00000007c0000000)
  eden space 73216K, 0% used [0x000000076d100000,0x000000076d100000,0x0000000771880000)
  from space 9216K, 96% used [0x0000000771900000,0x00000007721a4040,0x0000000772200000)
  to   space 11776K, 0% used [0x0000000772400000,0x0000000772400000,0x0000000772f80000)
 ParOldGen       total 221696K, used 45935K [0x00000006c7200000, 0x00000006d4a80000, 0x000000076d100000)
  object space 221696K, 20% used [0x00000006c7200000,0x00000006c9edbe48,0x00000006d4a80000)
 Metaspace       used 43135K, capacity 43566K, committed 43952K, reserved 1087488K
  class space    used 6201K, capacity 6313K, committed 6320K, reserved 1048576K
}
Event: 1044.332 GC heap before
{Heap before GC invocations=10 (full 2):
 PSYoungGen      total 82432K, used 82064K [0x000000076d100000, 0x0000000772f80000, 0x00000007c0000000)
  eden space 73216K, 100% used [0x000000076d100000,0x0000000771880000,0x0000000771880000)
  from space 9216K, 96% used [0x0000000771900000,0x00000007721a4040,0x0000000772200000)
  to   space 11776K, 0% used [0x0000000772400000,0x0000000772400000,0x0000000772f80000)
 ParOldGen       total 221696K, used 45935K [0x00000006c7200000, 0x00000006d4a80000, 0x000000076d100000)
  object space 221696K, 20% used [0x00000006c7200000,0x00000006c9edbe48,0x00000006d4a80000)
 Metaspace       used 43263K, capacity 43642K, committed 44208K, reserved 1087488K
  class space    used 6202K, capacity 6315K, committed 6320K, reserved 1048576K
Event: 1044.342 GC heap after
Heap after GC invocations=10 (full 2):
 PSYoungGen      total 83968K, used 8432K [0x000000076d100000, 0x0000000772f00000, 0x00000007c0000000)
  eden space 72704K, 0% used [0x000000076d100000,0x000000076d100000,0x0000000771800000)
  from space 11264K, 74% used [0x0000000772400000,0x0000000772c3c040,0x0000000772f00000)
  to   space 11776K, 0% used [0x0000000771800000,0x0000000771800000,0x0000000772380000)
 ParOldGen       total 221696K, used 45935K [0x00000006c7200000, 0x00000006d4a80000, 0x000000076d100000)
  object space 221696K, 20% used [0x00000006c7200000,0x00000006c9edbe48,0x00000006d4a80000)
 Metaspace       used 43263K, capacity 43642K, committed 44208K, reserved 1087488K
  class space    used 6202K, capacity 6315K, committed 6320K, reserved 1048576K
}
Event: 1191.386 GC heap before
{Heap before GC invocations=11 (full 2):
 PSYoungGen      total 83968K, used 81136K [0x000000076d100000, 0x0000000772f00000, 0x00000007c0000000)
  eden space 72704K, 100% used [0x000000076d100000,0x0000000771800000,0x0000000771800000)
  from space 11264K, 74% used [0x0000000772400000,0x0000000772c3c040,0x0000000772f00000)
  to   space 11776K, 0% used [0x0000000771800000,0x0000000771800000,0x0000000772380000)
 ParOldGen       total 221696K, used 45935K [0x00000006c7200000, 0x00000006d4a80000, 0x000000076d100000)
  object space 221696K, 20% used [0x00000006c7200000,0x00000006c9edbe48,0x00000006d4a80000)
 Metaspace       used 43369K, capacity 43834K, committed 44208K, reserved 1087488K
  class space    used 6202K, capacity 6315K, committed 6320K, reserved 1048576K
Event: 1191.393 GC heap after
Heap after GC invocations=11 (full 2):
 PSYoungGen      total 82432K, used 9728K [0x000000076d100000, 0x0000000772e80000, 0x00000007c0000000)
  eden space 72192K, 0% used [0x000000076d100000,0x000000076d100000,0x0000000771780000)
  from space 10240K, 95% used [0x0000000771800000,0x0000000772180040,0x0000000772200000)
  to   space 11776K, 0% used [0x0000000772300000,0x0000000772300000,0x0000000772e80000)
 ParOldGen       total 221696K, used 45943K [0x00000006c7200000, 0x00000006d4a80000, 0x000000076d100000)
  object space 221696K, 20% used [0x00000006c7200000,0x00000006c9edde48,0x00000006d4a80000)
 Metaspace       used 43369K, capacity 43834K, committed 44208K, reserved 1087488K
  class space    used 6202K, capacity 6315K, committed 6320K, reserved 1048576K
}

