# JRE version: OpenJDK Runtime Environment (8.0_191-b12) (build 1.8.0_191-b12)
# Java VM: OpenJDK 64-Bit Server VM (25.191-b12 mixed mode linux-amd64 compressed oops)
Heap:
 PSYoungGen      total 272896K, used 20459K [0x000000076d100000, 0x000000077f500000, 0x00000007c0000000)
  eden space 252416K, 0% used [0x000000076d100000,0x000000076d100000,0x000000077c780000)
  from space 20480K, 99% used [0x000000077c780000,0x000000077db7ad90,0x000000077db80000)
  to   space 14848K, 0% used [0x000000077db80000,0x000000077db80000,0x000000077ea00000)
 ParOldGen       total 171008K, used 21553K [0x00000006c7200000, 0x00000006d1900000, 0x000000076d100000)
  object space 171008K, 12% used [0x00000006c7200000,0x00000006c870c508,0x00000006d1900000)
 Metaspace       used 11826K, capacity 12232K, committed 12288K, reserved 1060864K
  class space    used 1171K, capacity 1278K, committed 1280K, reserved 1048576K
GC Heap History (13 events):
Event: 3.248 GC heap before
{Heap before GC invocations=1 (full 0):
 PSYoungGen      total 74752K, used 64512K [0x000000076d100000, 0x0000000772400000, 0x00000007c0000000)
  eden space 64512K, 100% used [0x000000076d100000,0x0000000771000000,0x0000000771000000)
  from space 10240K, 0% used [0x0000000771a00000,0x0000000771a00000,0x0000000772400000)
  to   space 10240K, 0% used [0x0000000771000000,0x0000000771000000,0x0000000771a00000)
 ParOldGen       total 171008K, used 0K [0x00000006c7200000, 0x00000006d1900000, 0x000000076d100000)
  object space 171008K, 0% used [0x00000006c7200000,0x00000006c7200000,0x00000006d1900000)
 Metaspace       used 11462K, capacity 11764K, committed 12032K, reserved 1060864K
  class space    used 1146K, capacity 1258K, committed 1280K, reserved 1048576K
Event: 3.255 GC heap after
Heap after GC invocations=1 (full 0):
 PSYoungGen      total 74752K, used 7251K [0x000000076d100000, 0x0000000772400000, 0x00000007c0000000)
  eden space 64512K, 0% used [0x000000076d100000,0x000000076d100000,0x0000000771000000)
  from space 10240K, 70% used [0x0000000771000000,0x0000000771714e30,0x0000000771a00000)
  to   space 10240K, 0% used [0x0000000771a00000,0x0000000771a00000,0x0000000772400000)
 ParOldGen       total 171008K, used 80K [0x00000006c7200000, 0x00000006d1900000, 0x000000076d100000)
  object space 171008K, 0% used [0x00000006c7200000,0x00000006c7214010,0x00000006d1900000)
 Metaspace       used 11462K, capacity 11764K, committed 12032K, reserved 1060864K
  class space    used 1146K, capacity 1258K, committed 1280K, reserved 1048576K
}
Event: 3.685 GC heap before
{Heap before GC invocations=2 (full 0):
 PSYoungGen      total 74752K, used 71763K [0x000000076d100000, 0x0000000772400000, 0x00000007c0000000)
  eden space 64512K, 100% used [0x000000076d100000,0x0000000771000000,0x0000000771000000)
  from space 10240K, 70% used [0x0000000771000000,0x0000000771714e30,0x0000000771a00000)
  to   space 10240K, 0% used [0x0000000771a00000,0x0000000771a00000,0x0000000772400000)
 ParOldGen       total 171008K, used 80K [0x00000006c7200000, 0x00000006d1900000, 0x000000076d100000)
  object space 171008K, 0% used [0x00000006c7200000,0x00000006c7214010,0x00000006d1900000)
 Metaspace       used 11513K, capacity 11832K, committed 12032K, reserved 1060864K
  class space    used 1147K, capacity 1258K, committed 1280K, reserved 1048576K
Event: 3.691 GC heap after
Heap after GC invocations=2 (full 0):
 PSYoungGen      total 74752K, used 8291K [0x000000076d100000, 0x0000000772400000, 0x00000007c0000000)
  eden space 64512K, 0% used [0x000000076d100000,0x000000076d100000,0x0000000771000000)
  from space 10240K, 80% used [0x0000000771a00000,0x0000000772218cb0,0x0000000772400000)
  to   space 10240K, 0% used [0x0000000771000000,0x0000000771000000,0x0000000771a00000)
 ParOldGen       total 171008K, used 88K [0x00000006c7200000, 0x00000006d1900000, 0x000000076d100000)
  object space 171008K, 0% used [0x00000006c7200000,0x00000006c7216010,0x00000006d1900000)
 Metaspace       used 11513K, capacity 11832K, committed 12032K, reserved 1060864K
  class space    used 1147K, capacity 1258K, committed 1280K, reserved 1048576K
}
Event: 4.060 GC heap before
{Heap before GC invocations=3 (full 0):
 PSYoungGen      total 74752K, used 72803K [0x000000076d100000, 0x0000000772400000, 0x00000007c0000000)
  eden space 64512K, 100% used [0x000000076d100000,0x0000000771000000,0x0000000771000000)
  from space 10240K, 80% used [0x0000000771a00000,0x0000000772218cb0,0x0000000772400000)
  to   space 10240K, 0% used [0x0000000771000000,0x0000000771000000,0x0000000771a00000)
 ParOldGen       total 171008K, used 88K [0x00000006c7200000, 0x00000006d1900000, 0x000000076d100000)
  object space 171008K, 0% used [0x00000006c7200000,0x00000006c7216010,0x00000006d1900000)
 Metaspace       used 11678K, capacity 12000K, committed 12032K, reserved 1060864K
  class space    used 1164K, capacity 1272K, committed 1280K, reserved 1048576K
Event: 4.069 GC heap after
Heap after GC invocations=3 (full 0):
 PSYoungGen      total 74752K, used 9320K [0x000000076d100000, 0x0000000776300000, 0x00000007c0000000)
  eden space 64512K, 0% used [0x000000076d100000,0x000000076d100000,0x0000000771000000)
  from space 10240K, 91% used [0x0000000771000000,0x000000077191a030,0x0000000771a00000)
  to   space 10240K, 0% used [0x0000000775900000,0x0000000775900000,0x0000000776300000)
 ParOldGen       total 171008K, used 88K [0x00000006c7200000, 0x00000006d1900000, 0x000000076d100000)
  object space 171008K, 0% used [0x00000006c7200000,0x00000006c7216010,0x00000006d1900000)
 Metaspace       used 11678K, capacity 12000K, committed 12032K, reserved 1060864K
  class space    used 1164K, capacity 1272K, committed 1280K, reserved 1048576K
}
Event: 4.482 GC heap before
{Heap before GC invocations=4 (full 0):
 PSYoungGen      total 74752K, used 73832K [0x000000076d100000, 0x0000000776300000, 0x00000007c0000000)
  eden space 64512K, 100% used [0x000000076d100000,0x0000000771000000,0x0000000771000000)
  from space 10240K, 91% used [0x0000000771000000,0x000000077191a030,0x0000000771a00000)
  to   space 10240K, 0% used [0x0000000775900000,0x0000000775900000,0x0000000776300000)
 ParOldGen       total 171008K, used 88K [0x00000006c7200000, 0x00000006d1900000, 0x000000076d100000)
  object space 171008K, 0% used [0x00000006c7200000,0x00000006c7216010,0x00000006d1900000)
 Metaspace       used 11694K, capacity 12018K, committed 12032K, reserved 1060864K
  class space    used 1165K, capacity 1273K, committed 1280K, reserved 1048576K
Event: 4.503 GC heap after
Heap after GC invocations=4 (full 0):
 PSYoungGen      total 139264K, used 10216K [0x000000076d100000, 0x0000000776300000, 0x00000007c0000000)
  eden space 129024K, 0% used [0x000000076d100000,0x000000076d100000,0x0000000774f00000)
  from space 10240K, 99% used [0x0000000775900000,0x00000007762fa060,0x0000000776300000)
  to   space 10240K, 0% used [0x0000000774f00000,0x0000000774f00000,0x0000000775900000)
 ParOldGen       total 171008K, used 1112K [0x00000006c7200000, 0x00000006d1900000, 0x000000076d100000)
  object space 171008K, 0% used [0x00000006c7200000,0x00000006c7316020,0x00000006d1900000)
 Metaspace       used 11694K, capacity 12018K, committed 12032K, reserved 1060864K
  class space    used 1165K, capacity 1273K, committed 1280K, reserved 1048576K
}
Event: 4.844 GC heap before
{Heap before GC invocations=5 (full 0):
 PSYoungGen      total 139264K, used 139240K [0x000000076d100000, 0x0000000776300000, 0x00000007c0000000)
  eden space 129024K, 100% used [0x000000076d100000,0x0000000774f00000,0x0000000774f00000)
  from space 10240K, 99% used [0x0000000775900000,0x00000007762fa060,0x0000000776300000)
  to   space 10240K, 0% used [0x0000000774f00000,0x0000000774f00000,0x0000000775900000)
 ParOldGen       total 171008K, used 1112K [0x00000006c7200000, 0x00000006d1900000, 0x000000076d100000)
  object space 171008K, 0% used [0x00000006c7200000,0x00000006c7316020,0x00000006d1900000)
 Metaspace       used 11700K, capacity 12018K, committed 12032K, reserved 1060864K
  class space    used 1165K, capacity 1273K, committed 1280K, reserved 1048576K
Event: 4.860 GC heap after
Heap after GC invocations=5 (full 0):
 PSYoungGen      total 139264K, used 10232K [0x000000076d100000, 0x000000077ea00000, 0x00000007c0000000)
  eden space 129024K, 0% used [0x000000076d100000,0x000000076d100000,0x0000000774f00000)
  from space 10240K, 99% used [0x0000000774f00000,0x00000007758fe060,0x0000000775900000)
  to   space 14848K, 0% used [0x000000077db80000,0x000000077db80000,0x000000077ea00000)
 ParOldGen       total 171008K, used 4800K [0x00000006c7200000, 0x00000006d1900000, 0x000000076d100000)
  object space 171008K, 2% used [0x00000006c7200000,0x00000006c76b0050,0x00000006d1900000)
 Metaspace       used 11700K, capacity 12018K, committed 12032K, reserved 1060864K
  class space    used 1165K, capacity 1273K, committed 1280K, reserved 1048576K
}
Event: 7.015 GC heap before
{Heap before GC invocations=6 (full 0):
 PSYoungGen      total 139264K, used 139256K [0x000000076d100000, 0x000000077ea00000, 0x00000007c0000000)
  eden space 129024K, 100% used [0x000000076d100000,0x0000000774f00000,0x0000000774f00000)
  from space 10240K, 99% used [0x0000000774f00000,0x00000007758fe060,0x0000000775900000)
  to   space 14848K, 0% used [0x000000077db80000,0x000000077db80000,0x000000077ea00000)
 ParOldGen       total 171008K, used 4800K [0x00000006c7200000, 0x00000006d1900000, 0x000000076d100000)
  object space 171008K, 2% used [0x00000006c7200000,0x00000006c76b0050,0x00000006d1900000)
 Metaspace       used 11803K, capacity 12168K, committed 12288K, reserved 1060864K
  class space    used 1171K, capacity 1278K, committed 1280K, reserved 1048576K
Event: 7.042 GC heap after
Heap after GC invocations=6 (full 0):
 PSYoungGen      total 267264K, used 14840K [0x000000076d100000, 0x000000077f500000, 0x00000007c0000000)
  eden space 252416K, 0% used [0x000000076d100000,0x000000076d100000,0x000000077c780000)
  from space 14848K, 99% used [0x000000077db80000,0x000000077e9fe040,0x000000077ea00000)
  to   space 20480K, 0% used [0x000000077c780000,0x000000077c780000,0x000000077db80000)
 ParOldGen       total 171008K, used 11328K [0x00000006c7200000, 0x00000006d1900000, 0x000000076d100000)
  object space 171008K, 6% used [0x00000006c7200000,0x00000006c7d100a0,0x00000006d1900000)
 Metaspace       used 11803K, capacity 12168K, committed 12288K, reserved 1060864K
  class space    used 1171K, capacity 1278K, committed 1280K, reserved 1048576K
}
Event: 8.734 GC heap before
{Heap before GC invocations=7 (full 0):
 PSYoungGen      total 267264K, used 267256K [0x000000076d100000, 0x000000077f500000, 0x00000007c0000000)
  eden space 252416K, 100% used [0x000000076d100000,0x000000077c780000,0x000000077c780000)
  from space 14848K, 99% used [0x000000077db80000,0x000000077e9fe040,0x000000077ea00000)
  to   space 20480K, 0% used [0x000000077c780000,0x000000077c780000,0x000000077db80000)
 ParOldGen       total 171008K, used 11328K [0x00000006c7200000, 0x00000006d1900000, 0x000000076d100000)
  object space 171008K, 6% used [0x00000006c7200000,0x00000006c7d100a0,0x00000006d1900000)
 Metaspace       used 11826K, capacity 12232K, committed 12288K, reserved 1060864K
  class space    used 1171K, capacity 1278K, committed 1280K, reserved 1048576K

