# JRE version: OpenJDK Runtime Environment (8.0_191-b12) (build 1.8.0_191-b12)
# Java VM: OpenJDK 64-Bit Server VM (25.191-b12 mixed mode linux-amd64 compressed oops)
Heap:
 PSYoungGen      total 273408K, used 52896K [0x000000076d100000, 0x0000000785700000, 0x00000007c0000000)
  eden space 148480K, 0% used [0x000000076d100000,0x000000076d100000,0x0000000776200000)
  from space 124928K, 42% used [0x000000077dd00000,0x00000007810a8388,0x0000000785700000)
  to   space 125440K, 0% used [0x0000000776200000,0x0000000776200000,0x000000077dc80000)
 ParOldGen       total 954368K, used 954092K [0x00000006c7200000, 0x0000000701600000, 0x000000076d100000)
  object space 954368K, 99% used [0x00000006c7200000,0x00000007015bb120,0x0000000701600000)
 Metaspace       used 56224K, capacity 56796K, committed 57512K, reserved 1099776K
  class space    used 7648K, capacity 7810K, committed 7856K, reserved 1048576K
GC Heap History (250 events):
Event: 4929.718 GC heap after
Heap after GC invocations=56 (full 2):
 PSYoungGen      total 129024K, used 68352K [0x000000076d100000, 0x000000077a000000, 0x00000007c0000000)
  eden space 48128K, 0% used [0x000000076d100000,0x000000076d100000,0x0000000770000000)
  from space 80896K, 84% used [0x0000000775100000,0x00000007793c0000,0x000000077a000000)
  to   space 81920K, 0% used [0x0000000770000000,0x0000000770000000,0x0000000775000000)
 ParOldGen       total 218624K, used 200042K [0x00000006c7200000, 0x00000006d4780000, 0x000000076d100000)
  object space 218624K, 91% used [0x00000006c7200000,0x00000006d355a858,0x00000006d4780000)
 Metaspace       used 43768K, capacity 44184K, committed 44840K, reserved 1087488K
  class space    used 6242K, capacity 6364K, committed 6448K, reserved 1048576K
}
Event: 5006.890 GC heap before
{Heap before GC invocations=57 (full 2):
 PSYoungGen      total 129024K, used 116480K [0x000000076d100000, 0x000000077a000000, 0x00000007c0000000)
  eden space 48128K, 100% used [0x000000076d100000,0x0000000770000000,0x0000000770000000)
  from space 80896K, 84% used [0x0000000775100000,0x00000007793c0000,0x000000077a000000)
  to   space 81920K, 0% used [0x0000000770000000,0x0000000770000000,0x0000000775000000)
 ParOldGen       total 218624K, used 200042K [0x00000006c7200000, 0x00000006d4780000, 0x000000076d100000)
  object space 218624K, 91% used [0x00000006c7200000,0x00000006d355a858,0x00000006d4780000)
 Metaspace       used 43768K, capacity 44184K, committed 44840K, reserved 1087488K
  class space    used 6242K, capacity 6364K, committed 6448K, reserved 1048576K
Event: 5006.964 GC heap after
Heap after GC invocations=57 (full 2):
 PSYoungGen      total 115200K, used 67040K [0x000000076d100000, 0x0000000779f00000, 0x00000007c0000000)
  eden space 48128K, 0% used [0x000000076d100000,0x000000076d100000,0x0000000770000000)
  from space 67072K, 99% used [0x0000000770000000,0x0000000774178000,0x0000000774180000)
  to   space 81408K, 0% used [0x0000000774f80000,0x0000000774f80000,0x0000000779f00000)
 ParOldGen       total 218624K, used 204652K [0x00000006c7200000, 0x00000006d4780000, 0x000000076d100000)
  object space 218624K, 93% used [0x00000006c7200000,0x00000006d39db038,0x00000006d4780000)
 Metaspace       used 43768K, capacity 44184K, committed 44840K, reserved 1087488K
  class space    used 6242K, capacity 6364K, committed 6448K, reserved 1048576K
}
Event: 5126.871 GC heap before
{Heap before GC invocations=58 (full 2):
 PSYoungGen      total 115200K, used 115168K [0x000000076d100000, 0x0000000779f00000, 0x00000007c0000000)
  eden space 48128K, 100% used [0x000000076d100000,0x0000000770000000,0x0000000770000000)
  from space 67072K, 99% used [0x0000000770000000,0x0000000774178000,0x0000000774180000)
  to   space 81408K, 0% used [0x0000000774f80000,0x0000000774f80000,0x0000000779f00000)
 ParOldGen       total 218624K, used 204652K [0x00000006c7200000, 0x00000006d4780000, 0x000000076d100000)
  object space 218624K, 93% used [0x00000006c7200000,0x00000006d39db038,0x00000006d4780000)
 Metaspace       used 43769K, capacity 44184K, committed 44840K, reserved 1087488K
  class space    used 6242K, capacity 6364K, committed 6448K, reserved 1048576K
Event: 5126.926 GC heap after
Heap after GC invocations=58 (full 2):
 PSYoungGen      total 127488K, used 68960K [0x000000076d100000, 0x0000000779d00000, 0x00000007c0000000)
  eden space 48128K, 0% used [0x000000076d100000,0x000000076d100000,0x0000000770000000)
  from space 79360K, 86% used [0x0000000774f80000,0x00000007792d8000,0x0000000779d00000)
  to   space 80384K, 0% used [0x0000000770000000,0x0000000770000000,0x0000000774e80000)
 ParOldGen       total 218624K, used 208149K [0x00000006c7200000, 0x00000006d4780000, 0x000000076d100000)
  object space 218624K, 95% used [0x00000006c7200000,0x00000006d3d45628,0x00000006d4780000)
 Metaspace       used 43769K, capacity 44184K, committed 44840K, reserved 1087488K
  class space    used 6242K, capacity 6364K, committed 6448K, reserved 1048576K
}
Event: 5252.142 GC heap before
{Heap before GC invocations=59 (full 2):
 PSYoungGen      total 127488K, used 117088K [0x000000076d100000, 0x0000000779d00000, 0x00000007c0000000)
  eden space 48128K, 100% used [0x000000076d100000,0x0000000770000000,0x0000000770000000)
  from space 79360K, 86% used [0x0000000774f80000,0x00000007792d8000,0x0000000779d00000)
  to   space 80384K, 0% used [0x0000000770000000,0x0000000770000000,0x0000000774e80000)
 ParOldGen       total 218624K, used 208149K [0x00000006c7200000, 0x00000006d4780000, 0x000000076d100000)
  object space 218624K, 95% used [0x00000006c7200000,0x00000006d3d45628,0x00000006d4780000)
 Metaspace       used 43769K, capacity 44184K, committed 44840K, reserved 1087488K
  class space    used 6242K, capacity 6364K, committed 6448K, reserved 1048576K
Event: 5252.209 GC heap after
Heap after GC invocations=59 (full 2):
 PSYoungGen      total 119808K, used 71328K [0x000000076d100000, 0x0000000779c00000, 0x00000007c0000000)
  eden space 48128K, 0% used [0x000000076d100000,0x000000076d100000,0x0000000770000000)
  from space 71680K, 99% used [0x0000000770000000,0x00000007745a8000,0x0000000774600000)
  to   space 79872K, 0% used [0x0000000774e00000,0x0000000774e00000,0x0000000779c00000)
 ParOldGen       total 218624K, used 211550K [0x00000006c7200000, 0x00000006d4780000, 0x000000076d100000)
  object space 218624K, 96% used [0x00000006c7200000,0x00000006d4097be8,0x00000006d4780000)
 Metaspace       used 43769K, capacity 44184K, committed 44840K, reserved 1087488K
  class space    used 6242K, capacity 6364K, committed 6448K, reserved 1048576K
}
Event: 5252.209 GC heap before
{Heap before GC invocations=60 (full 3):
 PSYoungGen      total 119808K, used 71328K [0x000000076d100000, 0x0000000779c00000, 0x00000007c0000000)
  eden space 48128K, 0% used [0x000000076d100000,0x000000076d100000,0x0000000770000000)
  from space 71680K, 99% used [0x0000000770000000,0x00000007745a8000,0x0000000774600000)
  to   space 79872K, 0% used [0x0000000774e00000,0x0000000774e00000,0x0000000779c00000)
 ParOldGen       total 218624K, used 211550K [0x00000006c7200000, 0x00000006d4780000, 0x000000076d100000)
  object space 218624K, 96% used [0x00000006c7200000,0x00000006d4097be8,0x00000006d4780000)
 Metaspace       used 43769K, capacity 44184K, committed 44840K, reserved 1087488K
  class space    used 6242K, capacity 6364K, committed 6448K, reserved 1048576K
Event: 5253.382 GC heap after
Heap after GC invocations=60 (full 3):
 PSYoungGen      total 119808K, used 47393K [0x000000076d100000, 0x0000000779c00000, 0x00000007c0000000)
  eden space 48128K, 0% used [0x000000076d100000,0x000000076d100000,0x0000000770000000)
  from space 71680K, 66% used [0x0000000770000000,0x0000000772e48540,0x0000000774600000)
  to   space 79872K, 0% used [0x0000000774e00000,0x0000000774e00000,0x0000000779c00000)
 ParOldGen       total 553984K, used 218504K [0x00000006c7200000, 0x00000006e8f00000, 0x000000076d100000)
  object space 553984K, 39% used [0x00000006c7200000,0x00000006d47620e8,0x00000006e8f00000)
 Metaspace       used 43762K, capacity 44172K, committed 44840K, reserved 1087488K
  class space    used 6239K, capacity 6358K, committed 6448K, reserved 1048576K
}
Event: 5391.877 GC heap before
{Heap before GC invocations=61 (full 3):
 PSYoungGen      total 119808K, used 95521K [0x000000076d100000, 0x0000000779c00000, 0x00000007c0000000)
  eden space 48128K, 100% used [0x000000076d100000,0x0000000770000000,0x0000000770000000)
  from space 71680K, 66% used [0x0000000770000000,0x0000000772e48540,0x0000000774600000)
  to   space 79872K, 0% used [0x0000000774e00000,0x0000000774e00000,0x0000000779c00000)
 ParOldGen       total 553984K, used 218504K [0x00000006c7200000, 0x00000006e8f00000, 0x000000076d100000)
  object space 553984K, 39% used [0x00000006c7200000,0x00000006d47620e8,0x00000006e8f00000)
 Metaspace       used 43763K, capacity 44172K, committed 44840K, reserved 1087488K
  class space    used 6240K, capacity 6358K, committed 6448K, reserved 1048576K
Event: 5391.950 GC heap after
Heap after GC invocations=61 (full 3):
 PSYoungGen      total 125952K, used 52000K [0x000000076d100000, 0x000000077a080000, 0x00000007c0000000)
  eden space 46080K, 0% used [0x000000076d100000,0x000000076d100000,0x000000076fe00000)
  from space 79872K, 65% used [0x0000000774e00000,0x00000007780c8000,0x0000000779c00000)
  to   space 81920K, 0% used [0x000000076fe00000,0x000000076fe00000,0x0000000774e00000)
 ParOldGen       total 553984K, used 221833K [0x00000006c7200000, 0x00000006e8f00000, 0x000000076d100000)
  object space 553984K, 40% used [0x00000006c7200000,0x00000006d4aa26d8,0x00000006e8f00000)
 Metaspace       used 43763K, capacity 44172K, committed 44840K, reserved 1087488K
  class space    used 6240K, capacity 6358K, committed 6448K, reserved 1048576K
}
Event: 5506.898 GC heap before
{Heap before GC invocations=62 (full 3):
 PSYoungGen      total 125952K, used 98080K [0x000000076d100000, 0x000000077a080000, 0x00000007c0000000)
  eden space 46080K, 100% used [0x000000076d100000,0x000000076fe00000,0x000000076fe00000)
  from space 79872K, 65% used [0x0000000774e00000,0x00000007780c8000,0x0000000779c00000)
  to   space 81920K, 0% used [0x000000076fe00000,0x000000076fe00000,0x0000000774e00000)
 ParOldGen       total 553984K, used 221833K [0x00000006c7200000, 0x00000006e8f00000, 0x000000076d100000)
  object space 553984K, 40% used [0x00000006c7200000,0x00000006d4aa26d8,0x00000006e8f00000)
 Metaspace       used 43763K, capacity 44172K, committed 44840K, reserved 1087488K
  class space    used 6240K, capacity 6358K, committed 6448K, reserved 1048576K
Event: 5506.967 GC heap after
Heap after GC invocations=62 (full 3):
 PSYoungGen      total 128000K, used 51808K [0x000000076d100000, 0x000000077a180000, 0x00000007c0000000)
  eden space 46080K, 0% used [0x000000076d100000,0x000000076d100000,0x000000076fe00000)
  from space 81920K, 63% used [0x000000076fe00000,0x0000000773098000,0x0000000774e00000)
  to   space 83456K, 0% used [0x0000000775000000,0x0000000775000000,0x000000077a180000)
 ParOldGen       total 553984K, used 227244K [0x00000006c7200000, 0x00000006e8f00000, 0x000000076d100000)
  object space 553984K, 41% used [0x00000006c7200000,0x00000006d4feb088,0x00000006e8f00000)
 Metaspace       used 43763K, capacity 44172K, committed 44840K, reserved 1087488K
  class space    used 6240K, capacity 6358K, committed 6448K, reserved 1048576K
}
Event: 5581.894 GC heap before
{Heap before GC invocations=63 (full 3):
 PSYoungGen      total 128000K, used 97888K [0x000000076d100000, 0x000000077a180000, 0x00000007c0000000)
  eden space 46080K, 100% used [0x000000076d100000,0x000000076fe00000,0x000000076fe00000)
  from space 81920K, 63% used [0x000000076fe00000,0x0000000773098000,0x0000000774e00000)
  to   space 83456K, 0% used [0x0000000775000000,0x0000000775000000,0x000000077a180000)
 ParOldGen       total 553984K, used 227244K [0x00000006c7200000, 0x00000006e8f00000, 0x000000076d100000)
  object space 553984K, 41% used [0x00000006c7200000,0x00000006d4feb088,0x00000006e8f00000)
 Metaspace       used 43763K, capacity 44172K, committed 44840K, reserved 1087488K
  class space    used 6240K, capacity 6358K, committed 6448K, reserved 1048576K
Event: 5581.968 GC heap after
Heap after GC invocations=63 (full 3):
 PSYoungGen      total 129024K, used 51360K [0x000000076d100000, 0x000000077a380000, 0x00000007c0000000)
  eden space 45568K, 0% used [0x000000076d100000,0x000000076d100000,0x000000076fd80000)
  from space 83456K, 61% used [0x0000000775000000,0x0000000778228000,0x000000077a180000)
  to   space 84480K, 0% used [0x000000076fd80000,0x000000076fd80000,0x0000000775000000)
 ParOldGen       total 553984K, used 230429K [0x00000006c7200000, 0x00000006e8f00000, 0x000000076d100000)
  object space 553984K, 41% used [0x00000006c7200000,0x00000006d5307628,0x00000006e8f00000)
 Metaspace       used 43763K, capacity 44172K, committed 44840K, reserved 1087488K
  class space    used 6240K, capacity 6358K, committed 6448K, reserved 1048576K
}
Event: 5696.895 GC heap before
{Heap before GC invocations=64 (full 3):
 PSYoungGen      total 129024K, used 96928K [0x000000076d100000, 0x000000077a380000, 0x00000007c0000000)
  eden space 45568K, 100% used [0x000000076d100000,0x000000076fd80000,0x000000076fd80000)
  from space 83456K, 61% used [0x0000000775000000,0x0000000778228000,0x000000077a180000)
  to   space 84480K, 0% used [0x000000076fd80000,0x000000076fd80000,0x0000000775000000)
 ParOldGen       total 553984K, used 230429K [0x00000006c7200000, 0x00000006e8f00000, 0x000000076d100000)
  object space 553984K, 41% used [0x00000006c7200000,0x00000006d5307628,0x00000006e8f00000)
 Metaspace       used 43763K, capacity 44172K, committed 44840K, reserved 1087488K
  class space    used 6240K, capacity 6358K, committed 6448K, reserved 1048576K
Event: 5696.947 GC heap after
Heap after GC invocations=64 (full 3):
 PSYoungGen      total 130048K, used 57088K [0x000000076d100000, 0x000000077a200000, 0x00000007c0000000)
  eden space 45568K, 0% used [0x000000076d100000,0x000000076d100000,0x000000076fd80000)
  from space 84480K, 67% used [0x000000076fd80000,0x0000000773540000,0x0000000775000000)
  to   space 83968K, 0% used [0x0000000775000000,0x0000000775000000,0x000000077a200000)
 ParOldGen       total 553984K, used 230437K [0x00000006c7200000, 0x00000006e8f00000, 0x000000076d100000)
  object space 553984K, 41% used [0x00000006c7200000,0x00000006d5309628,0x00000006e8f00000)
 Metaspace       used 43763K, capacity 44172K, committed 44840K, reserved 1087488K
  class space    used 6240K, capacity 6358K, committed 6448K, reserved 1048576K
}
Event: 5806.910 GC heap before
{Heap before GC invocations=65 (full 3):
 PSYoungGen      total 130048K, used 102656K [0x000000076d100000, 0x000000077a200000, 0x00000007c0000000)
  eden space 45568K, 100% used [0x000000076d100000,0x000000076fd80000,0x000000076fd80000)
  from space 84480K, 67% used [0x000000076fd80000,0x0000000773540000,0x0000000775000000)
  to   space 83968K, 0% used [0x0000000775000000,0x0000000775000000,0x000000077a200000)
 ParOldGen       total 553984K, used 230437K [0x00000006c7200000, 0x00000006e8f00000, 0x000000076d100000)
  object space 553984K, 41% used [0x00000006c7200000,0x00000006d5309628,0x00000006e8f00000)
 Metaspace       used 43763K, capacity 44172K, committed 44840K, reserved 1087488K
  class space    used 6240K, capacity 6358K, committed 6448K, reserved 1048576K
Event: 5806.970 GC heap after
Heap after GC invocations=65 (full 3):
 PSYoungGen      total 126976K, used 61536K [0x000000076d100000, 0x0000000779f00000, 0x00000007c0000000)
  eden space 46080K, 0% used [0x000000076d100000,0x000000076d100000,0x000000076fe00000)
  from space 80896K, 76% used [0x0000000775000000,0x0000000778c18000,0x0000000779f00000)
  to   space 82432K, 0% used [0x000000076fe00000,0x000000076fe00000,0x0000000774e80000)
 ParOldGen       total 553984K, used 230661K [0x00000006c7200000, 0x00000006e8f00000, 0x000000076d100000)
  object space 553984K, 41% used [0x00000006c7200000,0x00000006d5341688,0x00000006e8f00000)
 Metaspace       used 43763K, capacity 44172K, committed 44840K, reserved 1087488K
  class space    used 6240K, capacity 6358K, committed 6448K, reserved 1048576K
}
Event: 5941.909 GC heap before
{Heap before GC invocations=66 (full 3):
 PSYoungGen      total 126976K, used 107616K [0x000000076d100000, 0x0000000779f00000, 0x00000007c0000000)
  eden space 46080K, 100% used [0x000000076d100000,0x000000076fe00000,0x000000076fe00000)
  from space 80896K, 76% used [0x0000000775000000,0x0000000778c18000,0x0000000779f00000)
  to   space 82432K, 0% used [0x000000076fe00000,0x000000076fe00000,0x0000000774e80000)
 ParOldGen       total 553984K, used 230661K [0x00000006c7200000, 0x00000006e8f00000, 0x000000076d100000)
  object space 553984K, 41% used [0x00000006c7200000,0x00000006d5341688,0x00000006e8f00000)
 Metaspace       used 43763K, capacity 44172K, committed 44840K, reserved 1087488K
  class space    used 6240K, capacity 6358K, committed 6448K, reserved 1048576K
Event: 5941.968 GC heap after
Heap after GC invocations=66 (full 3):
 PSYoungGen      total 110592K, used 64256K [0x000000076d100000, 0x0000000779b80000, 0x00000007c0000000)
  eden space 46080K, 0% used [0x000000076d100000,0x000000076d100000,0x000000076fe00000)
  from space 64512K, 99% used [0x000000076fe00000,0x0000000773cc0000,0x0000000773d00000)
  to   space 80384K, 0% used [0x0000000774d00000,0x0000000774d00000,0x0000000779b80000)
 ParOldGen       total 553984K, used 234271K [0x00000006c7200000, 0x00000006e8f00000, 0x000000076d100000)
  object space 553984K, 42% used [0x00000006c7200000,0x00000006d56c7cf8,0x00000006e8f00000)
 Metaspace       used 43763K, capacity 44172K, committed 44840K, reserved 1087488K
  class space    used 6240K, capacity 6358K, committed 6448K, reserved 1048576K
}
Event: 6036.921 GC heap before
{Heap before GC invocations=67 (full 3):
 PSYoungGen      total 110592K, used 110336K [0x000000076d100000, 0x0000000779b80000, 0x00000007c0000000)
  eden space 46080K, 100% used [0x000000076d100000,0x000000076fe00000,0x000000076fe00000)
  from space 64512K, 99% used [0x000000076fe00000,0x0000000773cc0000,0x0000000773d00000)
  to   space 80384K, 0% used [0x0000000774d00000,0x0000000774d00000,0x0000000779b80000)
 ParOldGen       total 553984K, used 234271K [0x00000006c7200000, 0x00000006e8f00000, 0x000000076d100000)
  object space 553984K, 42% used [0x00000006c7200000,0x00000006d56c7cf8,0x00000006e8f00000)
 Metaspace       used 43763K, capacity 44172K, committed 44840K, reserved 1087488K
  class space    used 6240K, capacity 6358K, committed 6448K, reserved 1048576K
Event: 6036.975 GC heap after
Heap after GC invocations=67 (full 3):
 PSYoungGen      total 124928K, used 64512K [0x000000076d100000, 0x0000000779980000, 0x00000007c0000000)
  eden space 46592K, 0% used [0x000000076d100000,0x000000076d100000,0x000000076fe80000)
  from space 78336K, 82% used [0x0000000774d00000,0x0000000778c00000,0x0000000779980000)
  to   space 79360K, 0% used [0x000000076fe80000,0x000000076fe80000,0x0000000774c00000)
 ParOldGen       total 553984K, used 237840K [0x00000006c7200000, 0x00000006e8f00000, 0x000000076d100000)
  object space 553984K, 42% used [0x00000006c7200000,0x00000006d5a44348,0x00000006e8f00000)
 Metaspace       used 43763K, capacity 44172K, committed 44840K, reserved 1087488K
  class space    used 6240K, capacity 6358K, committed 6448K, reserved 1048576K
}
Event: 6126.918 GC heap before
{Heap before GC invocations=68 (full 3):
 PSYoungGen      total 124928K, used 111104K [0x000000076d100000, 0x0000000779980000, 0x00000007c0000000)
  eden space 46592K, 100% used [0x000000076d100000,0x000000076fe80000,0x000000076fe80000)
  from space 78336K, 82% used [0x0000000774d00000,0x0000000778c00000,0x0000000779980000)
  to   space 79360K, 0% used [0x000000076fe80000,0x000000076fe80000,0x0000000774c00000)
 ParOldGen       total 553984K, used 237840K [0x00000006c7200000, 0x00000006e8f00000, 0x000000076d100000)
  object space 553984K, 42% used [0x00000006c7200000,0x00000006d5a44348,0x00000006e8f00000)
 Metaspace       used 43763K, capacity 44172K, committed 44840K, reserved 1087488K
  class space    used 6240K, capacity 6358K, committed 6448K, reserved 1048576K
Event: 6126.971 GC heap after
Heap after GC invocations=68 (full 3):
 PSYoungGen      total 112128K, used 65248K [0x000000076d100000, 0x0000000779800000, 0x00000007c0000000)
  eden space 46592K, 0% used [0x000000076d100000,0x000000076d100000,0x000000076fe80000)
  from space 65536K, 99% used [0x000000076fe80000,0x0000000773e38000,0x0000000773e80000)
  to   space 78336K, 0% used [0x0000000774b80000,0x0000000774b80000,0x0000000779800000)
 ParOldGen       total 553984K, used 241050K [0x00000006c7200000, 0x00000006e8f00000, 0x000000076d100000)
  object space 553984K, 43% used [0x00000006c7200000,0x00000006d5d668f8,0x00000006e8f00000)
 Metaspace       used 43763K, capacity 44172K, committed 44840K, reserved 1087488K
  class space    used 6240K, capacity 6358K, committed 6448K, reserved 1048576K
}
Event: 6201.925 GC heap before
{Heap before GC invocations=69 (full 3):
 PSYoungGen      total 112128K, used 111840K [0x000000076d100000, 0x0000000779800000, 0x00000007c0000000)
  eden space 46592K, 100% used [0x000000076d100000,0x000000076fe80000,0x000000076fe80000)
  from space 65536K, 99% used [0x000000076fe80000,0x0000000773e38000,0x0000000773e80000)
  to   space 78336K, 0% used [0x0000000774b80000,0x0000000774b80000,0x0000000779800000)
 ParOldGen       total 553984K, used 241050K [0x00000006c7200000, 0x00000006e8f00000, 0x000000076d100000)
  object space 553984K, 43% used [0x00000006c7200000,0x00000006d5d668f8,0x00000006e8f00000)
 Metaspace       used 43764K, capacity 44172K, committed 44840K, reserved 1087488K
  class space    used 6240K, capacity 6358K, committed 6448K, reserved 1048576K
Event: 6201.998 GC heap after
Heap after GC invocations=69 (full 3):
 PSYoungGen      total 122368K, used 64448K [0x000000076d100000, 0x0000000779500000, 0x00000007c0000000)
  eden space 47104K, 0% used [0x000000076d100000,0x000000076d100000,0x000000076ff00000)
  from space 75264K, 85% used [0x0000000774b80000,0x0000000778a70000,0x0000000779500000)
  to   space 76800K, 0% used [0x000000076ff00000,0x000000076ff00000,0x0000000774a00000)
 ParOldGen       total 553984K, used 244931K [0x00000006c7200000, 0x00000006e8f00000, 0x000000076d100000)
  object space 553984K, 44% used [0x00000006c7200000,0x00000006d6130fe8,0x00000006e8f00000)
 Metaspace       used 43764K, capacity 44172K, committed 44840K, reserved 1087488K
  class space    used 6240K, capacity 6358K, committed 6448K, reserved 1048576K
}
Event: 6276.941 GC heap before
{Heap before GC invocations=70 (full 3):
 PSYoungGen      total 122368K, used 111552K [0x000000076d100000, 0x0000000779500000, 0x00000007c0000000)
  eden space 47104K, 100% used [0x000000076d100000,0x000000076ff00000,0x000000076ff00000)
  from space 75264K, 85% used [0x0000000774b80000,0x0000000778a70000,0x0000000779500000)
  to   space 76800K, 0% used [0x000000076ff00000,0x000000076ff00000,0x0000000774a00000)
 ParOldGen       total 553984K, used 244931K [0x00000006c7200000, 0x00000006e8f00000, 0x000000076d100000)
  object space 553984K, 44% used [0x00000006c7200000,0x00000006d6130fe8,0x00000006e8f00000)
 Metaspace       used 43764K, capacity 44172K, committed 44840K, reserved 1087488K
  class space    used 6240K, capacity 6358K, committed 6448K, reserved 1048576K
Event: 6277.018 GC heap after
Heap after GC invocations=70 (full 3):
 PSYoungGen      total 111616K, used 64032K [0x000000076d100000, 0x0000000779380000, 0x00000007c0000000)
  eden space 47104K, 0% used [0x000000076d100000,0x000000076d100000,0x000000076ff00000)
  from space 64512K, 99% used [0x000000076ff00000,0x0000000773d88000,0x0000000773e00000)
  to   space 75776K, 0% used [0x0000000774980000,0x0000000774980000,0x0000000779380000)
 ParOldGen       total 553984K, used 248733K [0x00000006c7200000, 0x00000006e8f00000, 0x000000076d100000)
  object space 553984K, 44% used [0x00000006c7200000,0x00000006d64e76a8,0x00000006e8f00000)
 Metaspace       used 43764K, capacity 44172K, committed 44840K, reserved 1087488K
  class space    used 6240K, capacity 6358K, committed 6448K, reserved 1048576K
}
Event: 6411.954 GC heap before
{Heap before GC invocations=71 (full 3):
 PSYoungGen      total 111616K, used 111136K [0x000000076d100000, 0x0000000779380000, 0x00000007c0000000)
  eden space 47104K, 100% used [0x000000076d100000,0x000000076ff00000,0x000000076ff00000)
  from space 64512K, 99% used [0x000000076ff00000,0x0000000773d88000,0x0000000773e00000)
  to   space 75776K, 0% used [0x0000000774980000,0x0000000774980000,0x0000000779380000)
 ParOldGen       total 553984K, used 248733K [0x00000006c7200000, 0x00000006e8f00000, 0x000000076d100000)
  object space 553984K, 44% used [0x00000006c7200000,0x00000006d64e76a8,0x00000006e8f00000)
 Metaspace       used 43764K, capacity 44172K, committed 44840K, reserved 1087488K
  class space    used 6240K, capacity 6358K, committed 6448K, reserved 1048576K
Event: 6412.074 GC heap after
Heap after GC invocations=71 (full 3):
 PSYoungGen      total 123392K, used 67648K [0x000000076d100000, 0x0000000779380000, 0x00000007c0000000)
  eden space 47616K, 0% used [0x000000076d100000,0x000000076d100000,0x000000076ff80000)
  from space 75776K, 89% used [0x0000000774980000,0x0000000778b90000,0x0000000779380000)
  to   space 75776K, 0% used [0x000000076ff80000,0x000000076ff80000,0x0000000774980000)
 ParOldGen       total 553984K, used 252047K [0x00000006c7200000, 0x00000006e8f00000, 0x000000076d100000)
  object space 553984K, 45% used [0x00000006c7200000,0x00000006d6823c88,0x00000006e8f00000)
 Metaspace       used 43764K, capacity 44172K, committed 44840K, reserved 1087488K
  class space    used 6240K, capacity 6358K, committed 6448K, reserved 1048576K
}
Event: 6536.929 GC heap before
{Heap before GC invocations=72 (full 3):
 PSYoungGen      total 123392K, used 115264K [0x000000076d100000, 0x0000000779380000, 0x00000007c0000000)
  eden space 47616K, 100% used [0x000000076d100000,0x000000076ff80000,0x000000076ff80000)
  from space 75776K, 89% used [0x0000000774980000,0x0000000778b90000,0x0000000779380000)
  to   space 75776K, 0% used [0x000000076ff80000,0x000000076ff80000,0x0000000774980000)
 ParOldGen       total 553984K, used 252047K [0x00000006c7200000, 0x00000006e8f00000, 0x000000076d100000)
  object space 553984K, 45% used [0x00000006c7200000,0x00000006d6823c88,0x00000006e8f00000)
 Metaspace       used 43764K, capacity 44172K, committed 44840K, reserved 1087488K
  class space    used 6240K, capacity 6358K, committed 6448K, reserved 1048576K
Event: 6536.981 GC heap after
Heap after GC invocations=72 (full 3):
 PSYoungGen      total 123392K, used 68032K [0x000000076d100000, 0x0000000779400000, 0x00000007c0000000)
  eden space 47616K, 0% used [0x000000076d100000,0x000000076d100000,0x000000076ff80000)
  from space 75776K, 89% used [0x000000076ff80000,0x00000007741f0000,0x0000000774980000)
  to   space 75776K, 0% used [0x0000000774a00000,0x0000000774a00000,0x0000000779400000)
 ParOldGen       total 553984K, used 256769K [0x00000006c7200000, 0x00000006e8f00000, 0x000000076d100000)
  object space 553984K, 46% used [0x00000006c7200000,0x00000006d6cc0508,0x00000006e8f00000)
 Metaspace       used 43764K, capacity 44172K, committed 44840K, reserved 1087488K
  class space    used 6240K, capacity 6358K, committed 6448K, reserved 1048576K
}
Event: 6676.935 GC heap before
{Heap before GC invocations=73 (full 3):
 PSYoungGen      total 123392K, used 115648K [0x000000076d100000, 0x0000000779400000, 0x00000007c0000000)
  eden space 47616K, 100% used [0x000000076d100000,0x000000076ff80000,0x000000076ff80000)
  from space 75776K, 89% used [0x000000076ff80000,0x00000007741f0000,0x0000000774980000)
  to   space 75776K, 0% used [0x0000000774a00000,0x0000000774a00000,0x0000000779400000)
 ParOldGen       total 553984K, used 256769K [0x00000006c7200000, 0x00000006e8f00000, 0x000000076d100000)
  object space 553984K, 46% used [0x00000006c7200000,0x00000006d6cc0508,0x00000006e8f00000)
 Metaspace       used 43764K, capacity 44172K, committed 44840K, reserved 1087488K
  class space    used 6240K, capacity 6358K, committed 6448K, reserved 1048576K
Event: 6676.989 GC heap after
Heap after GC invocations=73 (full 3):
 PSYoungGen      total 121856K, used 72352K [0x000000076d100000, 0x0000000779800000, 0x00000007c0000000)
  eden space 46080K, 0% used [0x000000076d100000,0x000000076d100000,0x000000076fe00000)
  from space 75776K, 95% used [0x0000000774a00000,0x00000007790a8000,0x0000000779400000)
  to   space 77824K, 0% used [0x000000076fe00000,0x000000076fe00000,0x0000000774a00000)
 ParOldGen       total 553984K, used 259146K [0x00000006c7200000, 0x00000006e8f00000, 0x000000076d100000)
  object space 553984K, 46% used [0x00000006c7200000,0x00000006d6f12a18,0x00000006e8f00000)
 Metaspace       used 43764K, capacity 44172K, committed 44840K, reserved 1087488K
  class space    used 6240K, capacity 6358K, committed 6448K, reserved 1048576K
}
Event: 6811.944 GC heap before
{Heap before GC invocations=74 (full 3):
 PSYoungGen      total 121856K, used 118432K [0x000000076d100000, 0x0000000779800000, 0x00000007c0000000)
  eden space 46080K, 100% used [0x000000076d100000,0x000000076fe00000,0x000000076fe00000)
  from space 75776K, 95% used [0x0000000774a00000,0x00000007790a8000,0x0000000779400000)
  to   space 77824K, 0% used [0x000000076fe00000,0x000000076fe00000,0x0000000774a00000)
 ParOldGen       total 553984K, used 259146K [0x00000006c7200000, 0x00000006e8f00000, 0x000000076d100000)
  object space 553984K, 46% used [0x00000006c7200000,0x00000006d6f12a18,0x00000006e8f00000)
 Metaspace       used 43764K, capacity 44172K, committed 44840K, reserved 1087488K
  class space    used 6240K, capacity 6358K, committed 6448K, reserved 1048576K
Event: 6812.019 GC heap after
Heap after GC invocations=74 (full 3):
 PSYoungGen      total 123904K, used 74560K [0x000000076d100000, 0x0000000779a80000, 0x00000007c0000000)
  eden space 46080K, 0% used [0x000000076d100000,0x000000076d100000,0x000000076fe00000)
  from space 77824K, 95% used [0x000000076fe00000,0x00000007746d0000,0x0000000774a00000)
  to   space 79872K, 0% used [0x0000000774c80000,0x0000000774c80000,0x0000000779a80000)
 ParOldGen       total 553984K, used 262404K [0x00000006c7200000, 0x00000006e8f00000, 0x000000076d100000)
  object space 553984K, 47% used [0x00000006c7200000,0x00000006d72410f8,0x00000006e8f00000)
 Metaspace       used 43764K, capacity 44172K, committed 44840K, reserved 1087488K
  class space    used 6240K, capacity 6358K, committed 6448K, reserved 1048576K
}
Event: 6943.207 GC heap before
{Heap before GC invocations=75 (full 3):
 PSYoungGen      total 123904K, used 120640K [0x000000076d100000, 0x0000000779a80000, 0x00000007c0000000)
  eden space 46080K, 100% used [0x000000076d100000,0x000000076fe00000,0x000000076fe00000)
  from space 77824K, 95% used [0x000000076fe00000,0x00000007746d0000,0x0000000774a00000)
  to   space 79872K, 0% used [0x0000000774c80000,0x0000000774c80000,0x0000000779a80000)
 ParOldGen       total 553984K, used 262404K [0x00000006c7200000, 0x00000006e8f00000, 0x000000076d100000)
  object space 553984K, 47% used [0x00000006c7200000,0x00000006d72410f8,0x00000006e8f00000)
 Metaspace       used 43764K, capacity 44172K, committed 44840K, reserved 1087488K
  class space    used 6240K, capacity 6358K, committed 6448K, reserved 1048576K
Event: 6943.293 GC heap after
Heap after GC invocations=75 (full 3):
 PSYoungGen      total 123904K, used 77696K [0x000000076d100000, 0x0000000779f80000, 0x00000007c0000000)
  eden space 44032K, 0% used [0x000000076d100000,0x000000076d100000,0x000000076fc00000)
  from space 79872K, 97% used [0x0000000774c80000,0x0000000779860000,0x0000000779a80000)
  to   space 82432K, 0% used [0x000000076fc00000,0x000000076fc00000,0x0000000774c80000)
 ParOldGen       total 553984K, used 265253K [0x00000006c7200000, 0x00000006e8f00000, 0x000000076d100000)
  object space 553984K, 47% used [0x00000006c7200000,0x00000006d7509708,0x00000006e8f00000)
 Metaspace       used 43764K, capacity 44172K, committed 44840K, reserved 1087488K
  class space    used 6240K, capacity 6358K, committed 6448K, reserved 1048576K
}
Event: 7071.953 GC heap before
{Heap before GC invocations=76 (full 3):
 PSYoungGen      total 123904K, used 121728K [0x000000076d100000, 0x0000000779f80000, 0x00000007c0000000)
  eden space 44032K, 100% used [0x000000076d100000,0x000000076fc00000,0x000000076fc00000)
  from space 79872K, 97% used [0x0000000774c80000,0x0000000779860000,0x0000000779a80000)
  to   space 82432K, 0% used [0x000000076fc00000,0x000000076fc00000,0x0000000774c80000)
 ParOldGen       total 553984K, used 265253K [0x00000006c7200000, 0x00000006e8f00000, 0x000000076d100000)
  object space 553984K, 47% used [0x00000006c7200000,0x00000006d7509708,0x00000006e8f00000)
 Metaspace       used 43764K, capacity 44172K, committed 44840K, reserved 1087488K
  class space    used 6240K, capacity 6358K, committed 6448K, reserved 1048576K
Event: 7072.028 GC heap after
Heap after GC invocations=76 (full 3):
 PSYoungGen      total 126464K, used 77216K [0x000000076d100000, 0x000000077a180000, 0x00000007c0000000)
  eden space 44032K, 0% used [0x000000076d100000,0x000000076d100000,0x000000076fc00000)
  from space 82432K, 93% used [0x000000076fc00000,0x0000000774768000,0x0000000774c80000)
  to   space 84480K, 0% used [0x0000000774f00000,0x0000000774f00000,0x000000077a180000)
 ParOldGen       total 553984K, used 271240K [0x00000006c7200000, 0x00000006e8f00000, 0x000000076d100000)
  object space 553984K, 48% used [0x00000006c7200000,0x00000006d7ae2138,0x00000006e8f00000)
 Metaspace       used 43764K, capacity 44172K, committed 44840K, reserved 1087488K
  class space    used 6240K, capacity 6358K, committed 6448K, reserved 1048576K
}
Event: 7201.959 GC heap before
{Heap before GC invocations=77 (full 3):
 PSYoungGen      total 126464K, used 121248K [0x000000076d100000, 0x000000077a180000, 0x00000007c0000000)
  eden space 44032K, 100% used [0x000000076d100000,0x000000076fc00000,0x000000076fc00000)
  from space 82432K, 93% used [0x000000076fc00000,0x0000000774768000,0x0000000774c80000)
  to   space 84480K, 0% used [0x0000000774f00000,0x0000000774f00000,0x000000077a180000)
 ParOldGen       total 553984K, used 271240K [0x00000006c7200000, 0x00000006e8f00000, 0x000000076d100000)
  object space 553984K, 48% used [0x00000006c7200000,0x00000006d7ae2138,0x00000006e8f00000)
 Metaspace       used 43766K, capacity 44172K, committed 44840K, reserved 1087488K
  class space    used 6240K, capacity 6358K, committed 6448K, reserved 1048576K
Event: 7202.045 GC heap after
Heap after GC invocations=77 (full 3):
 PSYoungGen      total 126976K, used 77472K [0x000000076d100000, 0x000000077a580000, 0x00000007c0000000)
  eden space 42496K, 0% used [0x000000076d100000,0x000000076d100000,0x000000076fa80000)
  from space 84480K, 91% used [0x0000000774f00000,0x0000000779aa8000,0x000000077a180000)
  to   space 86528K, 0% used [0x000000076fa80000,0x000000076fa80000,0x0000000774f00000)
 ParOldGen       total 553984K, used 276514K [0x00000006c7200000, 0x00000006e8f00000, 0x000000076d100000)
  object space 553984K, 49% used [0x00000006c7200000,0x00000006d8008a38,0x00000006e8f00000)
 Metaspace       used 43766K, capacity 44172K, committed 44840K, reserved 1087488K
  class space    used 6240K, capacity 6358K, committed 6448K, reserved 1048576K
}
Event: 7308.378 GC heap before
{Heap before GC invocations=78 (full 3):
 PSYoungGen      total 126976K, used 119968K [0x000000076d100000, 0x000000077a580000, 0x00000007c0000000)
  eden space 42496K, 100% used [0x000000076d100000,0x000000076fa80000,0x000000076fa80000)
  from space 84480K, 91% used [0x0000000774f00000,0x0000000779aa8000,0x000000077a180000)
  to   space 86528K, 0% used [0x000000076fa80000,0x000000076fa80000,0x0000000774f00000)
 ParOldGen       total 553984K, used 276514K [0x00000006c7200000, 0x00000006e8f00000, 0x000000076d100000)
  object space 553984K, 49% used [0x00000006c7200000,0x00000006d8008a38,0x00000006e8f00000)
 Metaspace       used 43766K, capacity 44172K, committed 44840K, reserved 1087488K
  class space    used 6240K, capacity 6358K, committed 6448K, reserved 1048576K
Event: 7308.448 GC heap after
Heap after GC invocations=78 (full 3):
 PSYoungGen      total 129024K, used 79456K [0x000000076d100000, 0x000000077a800000, 0x00000007c0000000)
  eden space 42496K, 0% used [0x000000076d100000,0x000000076d100000,0x000000076fa80000)
  from space 86528K, 91% used [0x000000076fa80000,0x0000000774818000,0x0000000774f00000)
  to   space 88576K, 0% used [0x0000000775180000,0x0000000775180000,0x000000077a800000)
 ParOldGen       total 553984K, used 279635K [0x00000006c7200000, 0x00000006e8f00000, 0x000000076d100000)
  object space 553984K, 50% used [0x00000006c7200000,0x00000006d8314f88,0x00000006e8f00000)
 Metaspace       used 43766K, capacity 44172K, committed 44840K, reserved 1087488K
  class space    used 6240K, capacity 6358K, committed 6448K, reserved 1048576K
}
Event: 7378.909 GC heap before
{Heap before GC invocations=79 (full 3):
 PSYoungGen      total 129024K, used 121952K [0x000000076d100000, 0x000000077a800000, 0x00000007c0000000)
  eden space 42496K, 100% used [0x000000076d100000,0x000000076fa80000,0x000000076fa80000)
  from space 86528K, 91% used [0x000000076fa80000,0x0000000774818000,0x0000000774f00000)
  to   space 88576K, 0% used [0x0000000775180000,0x0000000775180000,0x000000077a800000)
 ParOldGen       total 553984K, used 279635K [0x00000006c7200000, 0x00000006e8f00000, 0x000000076d100000)
  object space 553984K, 50% used [0x00000006c7200000,0x00000006d8314f88,0x00000006e8f00000)
 Metaspace       used 43767K, capacity 44172K, committed 44840K, reserved 1087488K
  class space    used 6240K, capacity 6358K, committed 6448K, reserved 1048576K
Event: 7378.973 GC heap after
Heap after GC invocations=79 (full 3):
 PSYoungGen      total 131072K, used 76480K [0x000000076d100000, 0x000000077a900000, 0x00000007c0000000)
  eden space 42496K, 0% used [0x000000076d100000,0x000000076d100000,0x000000076fa80000)
  from space 88576K, 86% used [0x0000000775180000,0x0000000779c30000,0x000000077a800000)
  to   space 89088K, 0% used [0x000000076fa80000,0x000000076fa80000,0x0000000775180000)
 ParOldGen       total 553984K, used 284726K [0x00000006c7200000, 0x00000006e8f00000, 0x000000076d100000)
  object space 553984K, 51% used [0x00000006c7200000,0x00000006d880d838,0x00000006e8f00000)
 Metaspace       used 43767K, capacity 44172K, committed 44840K, reserved 1087488K
  class space    used 6240K, capacity 6358K, committed 6448K, reserved 1048576K
}
Event: 7476.972 GC heap before
{Heap before GC invocations=80 (full 3):
 PSYoungGen      total 131072K, used 118976K [0x000000076d100000, 0x000000077a900000, 0x00000007c0000000)
  eden space 42496K, 100% used [0x000000076d100000,0x000000076fa80000,0x000000076fa80000)
  from space 88576K, 86% used [0x0000000775180000,0x0000000779c30000,0x000000077a800000)
  to   space 89088K, 0% used [0x000000076fa80000,0x000000076fa80000,0x0000000775180000)
 ParOldGen       total 553984K, used 284726K [0x00000006c7200000, 0x00000006e8f00000, 0x000000076d100000)
  object space 553984K, 51% used [0x00000006c7200000,0x00000006d880d838,0x00000006e8f00000)
 Metaspace       used 43767K, capacity 44172K, committed 44840K, reserved 1087488K
  class space    used 6240K, capacity 6358K, committed 6448K, reserved 1048576K
Event: 7477.057 GC heap after
Heap after GC invocations=80 (full 3):
 PSYoungGen      total 131584K, used 76064K [0x000000076d100000, 0x000000077a900000, 0x00000007c0000000)
  eden space 42496K, 0% used [0x000000076d100000,0x000000076d100000,0x000000076fa80000)
  from space 89088K, 85% used [0x000000076fa80000,0x00000007744c8000,0x0000000775180000)
  to   space 89088K, 0% used [0x0000000775200000,0x0000000775200000,0x000000077a900000)
 ParOldGen       total 553984K, used 289696K [0x00000006c7200000, 0x00000006e8f00000, 0x000000076d100000)
  object space 553984K, 52% used [0x00000006c7200000,0x00000006d8ce80b8,0x00000006e8f00000)
 Metaspace       used 43767K, capacity 44172K, committed 44840K, reserved 1087488K
  class space    used 6240K, capacity 6358K, committed 6448K, reserved 1048576K
}
Event: 7591.978 GC heap before
{Heap before GC invocations=81 (full 3):
 PSYoungGen      total 131584K, used 118560K [0x000000076d100000, 0x000000077a900000, 0x00000007c0000000)
  eden space 42496K, 100% used [0x000000076d100000,0x000000076fa80000,0x000000076fa80000)
  from space 89088K, 85% used [0x000000076fa80000,0x00000007744c8000,0x0000000775180000)
  to   space 89088K, 0% used [0x0000000775200000,0x0000000775200000,0x000000077a900000)
 ParOldGen       total 553984K, used 289696K [0x00000006c7200000, 0x00000006e8f00000, 0x000000076d100000)
  object space 553984K, 52% used [0x00000006c7200000,0x00000006d8ce80b8,0x00000006e8f00000)
 Metaspace       used 43770K, capacity 44172K, committed 44840K, reserved 1087488K
  class space    used 6240K, capacity 6358K, committed 6448K, reserved 1048576K
Event: 7592.043 GC heap after
Heap after GC invocations=81 (full 3):
 PSYoungGen      total 131072K, used 75520K [0x000000076d100000, 0x000000077a800000, 0x00000007c0000000)
  eden space 43008K, 0% used [0x000000076d100000,0x000000076d100000,0x000000076fb00000)
  from space 88064K, 85% used [0x0000000775200000,0x0000000779bc0000,0x000000077a800000)
  to   space 88576K, 0% used [0x000000076fb00000,0x000000076fb00000,0x0000000775180000)
 ParOldGen       total 553984K, used 295626K [0x00000006c7200000, 0x00000006e8f00000, 0x000000076d100000)
  object space 553984K, 53% used [0x00000006c7200000,0x00000006d92b2ad8,0x00000006e8f00000)
 Metaspace       used 43770K, capacity 44172K, committed 44840K, reserved 1087488K
  class space    used 6240K, capacity 6358K, committed 6448K, reserved 1048576K
}
Event: 7701.978 GC heap before
{Heap before GC invocations=82 (full 3):
 PSYoungGen      total 131072K, used 118528K [0x000000076d100000, 0x000000077a800000, 0x00000007c0000000)
  eden space 43008K, 100% used [0x000000076d100000,0x000000076fb00000,0x000000076fb00000)
  from space 88064K, 85% used [0x0000000775200000,0x0000000779bc0000,0x000000077a800000)
  to   space 88576K, 0% used [0x000000076fb00000,0x000000076fb00000,0x0000000775180000)
 ParOldGen       total 553984K, used 295626K [0x00000006c7200000, 0x00000006e8f00000, 0x000000076d100000)
  object space 553984K, 53% used [0x00000006c7200000,0x00000006d92b2ad8,0x00000006e8f00000)
 Metaspace       used 43772K, capacity 44172K, committed 44840K, reserved 1087488K
  class space    used 6240K, capacity 6358K, committed 6448K, reserved 1048576K
Event: 7702.108 GC heap after
Heap after GC invocations=82 (full 3):
 PSYoungGen      total 131584K, used 76256K [0x000000076d100000, 0x000000077a880000, 0x00000007c0000000)
  eden space 43008K, 0% used [0x000000076d100000,0x000000076d100000,0x000000076fb00000)
  from space 88576K, 86% used [0x000000076fb00000,0x0000000774578000,0x0000000775180000)
  to   space 88576K, 0% used [0x0000000775200000,0x0000000775200000,0x000000077a880000)
 ParOldGen       total 553984K, used 299788K [0x00000006c7200000, 0x00000006e8f00000, 0x000000076d100000)
  object space 553984K, 54% used [0x00000006c7200000,0x00000006d96c31e8,0x00000006e8f00000)
 Metaspace       used 43772K, capacity 44172K, committed 44840K, reserved 1087488K
  class space    used 6240K, capacity 6358K, committed 6448K, reserved 1048576K
}
Event: 7791.982 GC heap before
{Heap before GC invocations=83 (full 3):
 PSYoungGen      total 131584K, used 119264K [0x000000076d100000, 0x000000077a880000, 0x00000007c0000000)
  eden space 43008K, 100% used [0x000000076d100000,0x000000076fb00000,0x000000076fb00000)
  from space 88576K, 86% used [0x000000076fb00000,0x0000000774578000,0x0000000775180000)
  to   space 88576K, 0% used [0x0000000775200000,0x0000000775200000,0x000000077a880000)
 ParOldGen       total 553984K, used 299788K [0x00000006c7200000, 0x00000006e8f00000, 0x000000076d100000)
  object space 553984K, 54% used [0x00000006c7200000,0x00000006d96c31e8,0x00000006e8f00000)
 Metaspace       used 43772K, capacity 44172K, committed 44840K, reserved 1087488K
  class space    used 6240K, capacity 6358K, committed 6448K, reserved 1048576K
Event: 7792.054 GC heap after
Heap after GC invocations=83 (full 3):
 PSYoungGen      total 132096K, used 76544K [0x000000076d100000, 0x000000077a880000, 0x00000007c0000000)
  eden space 43520K, 0% used [0x000000076d100000,0x000000076d100000,0x000000076fb80000)
  from space 88576K, 86% used [0x0000000775200000,0x0000000779cc0000,0x000000077a880000)
  to   space 88576K, 0% used [0x000000076fb80000,0x000000076fb80000,0x0000000775200000)
 ParOldGen       total 553984K, used 303686K [0x00000006c7200000, 0x00000006e8f00000, 0x000000076d100000)
  object space 553984K, 54% used [0x00000006c7200000,0x00000006d9a91888,0x00000006e8f00000)
 Metaspace       used 43772K, capacity 44172K, committed 44840K, reserved 1087488K
  class space    used 6240K, capacity 6358K, committed 6448K, reserved 1048576K
}
Event: 7867.002 GC heap before
{Heap before GC invocations=84 (full 3):
 PSYoungGen      total 132096K, used 120064K [0x000000076d100000, 0x000000077a880000, 0x00000007c0000000)
  eden space 43520K, 100% used [0x000000076d100000,0x000000076fb80000,0x000000076fb80000)
  from space 88576K, 86% used [0x0000000775200000,0x0000000779cc0000,0x000000077a880000)
  to   space 88576K, 0% used [0x000000076fb80000,0x000000076fb80000,0x0000000775200000)
 ParOldGen       total 553984K, used 303686K [0x00000006c7200000, 0x00000006e8f00000, 0x000000076d100000)
  object space 553984K, 54% used [0x00000006c7200000,0x00000006d9a91888,0x00000006e8f00000)
 Metaspace       used 43772K, capacity 44172K, committed 44840K, reserved 1087488K
  class space    used 6240K, capacity 6358K, committed 6448K, reserved 1048576K
Event: 7867.064 GC heap after
Heap after GC invocations=84 (full 3):
 PSYoungGen      total 132096K, used 76160K [0x000000076d100000, 0x000000077a800000, 0x00000007c0000000)
  eden space 43520K, 0% used [0x000000076d100000,0x000000076d100000,0x000000076fb80000)
  from space 88576K, 85% used [0x000000076fb80000,0x00000007745e0000,0x0000000775200000)
  to   space 88064K, 0% used [0x0000000775200000,0x0000000775200000,0x000000077a800000)
 ParOldGen       total 553984K, used 306999K [0x00000006c7200000, 0x00000006e8f00000, 0x000000076d100000)
  object space 553984K, 55% used [0x00000006c7200000,0x00000006d9dcde28,0x00000006e8f00000)
 Metaspace       used 43772K, capacity 44172K, committed 44840K, reserved 1087488K
  class space    used 6240K, capacity 6358K, committed 6448K, reserved 1048576K
}
Event: 7971.994 GC heap before
{Heap before GC invocations=85 (full 3):
 PSYoungGen      total 132096K, used 119680K [0x000000076d100000, 0x000000077a800000, 0x00000007c0000000)
  eden space 43520K, 100% used [0x000000076d100000,0x000000076fb80000,0x000000076fb80000)
  from space 88576K, 85% used [0x000000076fb80000,0x00000007745e0000,0x0000000775200000)
  to   space 88064K, 0% used [0x0000000775200000,0x0000000775200000,0x000000077a800000)
 ParOldGen       total 553984K, used 306999K [0x00000006c7200000, 0x00000006e8f00000, 0x000000076d100000)
  object space 553984K, 55% used [0x00000006c7200000,0x00000006d9dcde28,0x00000006e8f00000)
 Metaspace       used 43772K, capacity 44172K, committed 44840K, reserved 1087488K
  class space    used 6240K, capacity 6358K, committed 6448K, reserved 1048576K
Event: 7972.058 GC heap after
Heap after GC invocations=85 (full 3):
 PSYoungGen      total 131584K, used 77760K [0x000000076d100000, 0x000000077a900000, 0x00000007c0000000)
  eden space 43520K, 0% used [0x000000076d100000,0x000000076d100000,0x000000076fb80000)
  from space 88064K, 88% used [0x0000000775200000,0x0000000779df0000,0x000000077a800000)
  to   space 88576K, 0% used [0x000000076fb80000,0x000000076fb80000,0x0000000775200000)
 ParOldGen       total 553984K, used 310408K [0x00000006c7200000, 0x00000006e8f00000, 0x000000076d100000)
  object space 553984K, 56% used [0x00000006c7200000,0x00000006da1223f8,0x00000006e8f00000)
 Metaspace       used 43772K, capacity 44172K, committed 44840K, reserved 1087488K
  class space    used 6240K, capacity 6358K, committed 6448K, reserved 1048576K
}
Event: 8096.999 GC heap before
{Heap before GC invocations=86 (full 3):
 PSYoungGen      total 131584K, used 121280K [0x000000076d100000, 0x000000077a900000, 0x00000007c0000000)
  eden space 43520K, 100% used [0x000000076d100000,0x000000076fb80000,0x000000076fb80000)
  from space 88064K, 88% used [0x0000000775200000,0x0000000779df0000,0x000000077a800000)
  to   space 88576K, 0% used [0x000000076fb80000,0x000000076fb80000,0x0000000775200000)
 ParOldGen       total 553984K, used 310408K [0x00000006c7200000, 0x00000006e8f00000, 0x000000076d100000)
  object space 553984K, 56% used [0x00000006c7200000,0x00000006da1223f8,0x00000006e8f00000)
 Metaspace       used 43772K, capacity 44172K, committed 44840K, reserved 1087488K
  class space    used 6240K, capacity 6358K, committed 6448K, reserved 1048576K
Event: 8097.075 GC heap after
Heap after GC invocations=86 (full 3):
 PSYoungGen      total 132096K, used 77536K [0x000000076d100000, 0x000000077a900000, 0x00000007c0000000)
  eden space 43520K, 0% used [0x000000076d100000,0x000000076d100000,0x000000076fb80000)
  from space 88576K, 87% used [0x000000076fb80000,0x0000000774738000,0x0000000775200000)
  to   space 88576K, 0% used [0x0000000775280000,0x0000000775280000,0x000000077a900000)
 ParOldGen       total 553984K, used 316347K [0x00000006c7200000, 0x00000006e8f00000, 0x000000076d100000)
  object space 553984K, 57% used [0x00000006c7200000,0x00000006da6eee18,0x00000006e8f00000)
 Metaspace       used 43772K, capacity 44172K, committed 44840K, reserved 1087488K
  class space    used 6240K, capacity 6358K, committed 6448K, reserved 1048576K
}
Event: 8227.007 GC heap before
{Heap before GC invocations=87 (full 3):
 PSYoungGen      total 132096K, used 121056K [0x000000076d100000, 0x000000077a900000, 0x00000007c0000000)
  eden space 43520K, 100% used [0x000000076d100000,0x000000076fb80000,0x000000076fb80000)
  from space 88576K, 87% used [0x000000076fb80000,0x0000000774738000,0x0000000775200000)
  to   space 88576K, 0% used [0x0000000775280000,0x0000000775280000,0x000000077a900000)
 ParOldGen       total 553984K, used 316347K [0x00000006c7200000, 0x00000006e8f00000, 0x000000076d100000)
  object space 553984K, 57% used [0x00000006c7200000,0x00000006da6eee18,0x00000006e8f00000)
 Metaspace       used 43772K, capacity 44172K, committed 44840K, reserved 1087488K
  class space    used 6240K, capacity 6358K, committed 6448K, reserved 1048576K
Event: 8227.073 GC heap after
Heap after GC invocations=87 (full 3):
 PSYoungGen      total 132608K, used 77600K [0x000000076d100000, 0x000000077a900000, 0x00000007c0000000)
  eden space 44032K, 0% used [0x000000076d100000,0x000000076d100000,0x000000076fc00000)
  from space 88576K, 87% used [0x0000000775280000,0x0000000779e48000,0x000000077a900000)
  to   space 88576K, 0% used [0x000000076fc00000,0x000000076fc00000,0x0000000775280000)
 ParOldGen       total 553984K, used 321629K [0x00000006c7200000, 0x00000006e8f00000, 0x000000076d100000)
  object space 553984K, 58% used [0x00000006c7200000,0x00000006dac17718,0x00000006e8f00000)
 Metaspace       used 43772K, capacity 44172K, committed 44840K, reserved 1087488K
  class space    used 6240K, capacity 6358K, committed 6448K, reserved 1048576K
}
Event: 8327.021 GC heap before
{Heap before GC invocations=88 (full 3):
 PSYoungGen      total 132608K, used 121632K [0x000000076d100000, 0x000000077a900000, 0x00000007c0000000)
  eden space 44032K, 100% used [0x000000076d100000,0x000000076fc00000,0x000000076fc00000)
  from space 88576K, 87% used [0x0000000775280000,0x0000000779e48000,0x000000077a900000)
  to   space 88576K, 0% used [0x000000076fc00000,0x000000076fc00000,0x0000000775280000)
 ParOldGen       total 553984K, used 321629K [0x00000006c7200000, 0x00000006e8f00000, 0x000000076d100000)
  object space 553984K, 58% used [0x00000006c7200000,0x00000006dac17718,0x00000006e8f00000)
 Metaspace       used 43772K, capacity 44172K, committed 44840K, reserved 1087488K
  class space    used 6240K, capacity 6358K, committed 6448K, reserved 1048576K
Event: 8327.099 GC heap after
Heap after GC invocations=88 (full 3):
 PSYoungGen      total 120320K, used 76128K [0x000000076d100000, 0x000000077a780000, 0x00000007c0000000)
  eden space 44032K, 0% used [0x000000076d100000,0x000000076d100000,0x000000076fc00000)
  from space 76288K, 99% used [0x000000076fc00000,0x0000000774658000,0x0000000774680000)
  to   space 87552K, 0% used [0x0000000775200000,0x0000000775200000,0x000000077a780000)
 ParOldGen       total 553984K, used 327784K [0x00000006c7200000, 0x00000006e8f00000, 0x000000076d100000)
  object space 553984K, 59% used [0x00000006c7200000,0x00000006db21a198,0x00000006e8f00000)
 Metaspace       used 43772K, capacity 44172K, committed 44840K, reserved 1087488K
  class space    used 6240K, capacity 6358K, committed 6448K, reserved 1048576K
}
Event: 8397.026 GC heap before
{Heap before GC invocations=89 (full 3):
 PSYoungGen      total 120320K, used 120160K [0x000000076d100000, 0x000000077a780000, 0x00000007c0000000)
  eden space 44032K, 100% used [0x000000076d100000,0x000000076fc00000,0x000000076fc00000)
  from space 76288K, 99% used [0x000000076fc00000,0x0000000774658000,0x0000000774680000)
  to   space 87552K, 0% used [0x0000000775200000,0x0000000775200000,0x000000077a780000)
 ParOldGen       total 553984K, used 327784K [0x00000006c7200000, 0x00000006e8f00000, 0x000000076d100000)
  object space 553984K, 59% used [0x00000006c7200000,0x00000006db21a198,0x00000006e8f00000)
 Metaspace       used 43772K, capacity 44172K, committed 44840K, reserved 1087488K
  class space    used 6240K, capacity 6358K, committed 6448K, reserved 1048576K
Event: 8397.178 GC heap after
Heap after GC invocations=89 (full 3):
 PSYoungGen      total 131072K, used 72768K [0x000000076d100000, 0x000000077a600000, 0x00000007c0000000)
  eden space 45056K, 0% used [0x000000076d100000,0x000000076d100000,0x000000076fd00000)
  from space 86016K, 84% used [0x0000000775200000,0x0000000779910000,0x000000077a600000)
  to   space 86528K, 0% used [0x000000076fd00000,0x000000076fd00000,0x0000000775180000)
 ParOldGen       total 553984K, used 333722K [0x00000006c7200000, 0x00000006e8f00000, 0x000000076d100000)
  object space 553984K, 60% used [0x00000006c7200000,0x00000006db7e6bb8,0x00000006e8f00000)
 Metaspace       used 43772K, capacity 44172K, committed 44840K, reserved 1087488K
  class space    used 6240K, capacity 6358K, committed 6448K, reserved 1048576K
}
Event: 8507.023 GC heap before
{Heap before GC invocations=90 (full 3):
 PSYoungGen      total 131072K, used 117824K [0x000000076d100000, 0x000000077a600000, 0x00000007c0000000)
  eden space 45056K, 100% used [0x000000076d100000,0x000000076fd00000,0x000000076fd00000)
  from space 86016K, 84% used [0x0000000775200000,0x0000000779910000,0x000000077a600000)
  to   space 86528K, 0% used [0x000000076fd00000,0x000000076fd00000,0x0000000775180000)
 ParOldGen       total 553984K, used 333722K [0x00000006c7200000, 0x00000006e8f00000, 0x000000076d100000)
  object space 553984K, 60% used [0x00000006c7200000,0x00000006db7e6bb8,0x00000006e8f00000)
 Metaspace       used 43772K, capacity 44172K, committed 44840K, reserved 1087488K
  class space    used 6240K, capacity 6358K, committed 6448K, reserved 1048576K
Event: 8507.077 GC heap after
Heap after GC invocations=90 (full 3):
 PSYoungGen      total 131584K, used 72064K [0x000000076d100000, 0x000000077a580000, 0x00000007c0000000)
  eden space 45056K, 0% used [0x000000076d100000,0x000000076d100000,0x000000076fd00000)
  from space 86528K, 83% used [0x000000076fd00000,0x0000000774360000,0x0000000775180000)
  to   space 86016K, 0% used [0x0000000775180000,0x0000000775180000,0x000000077a580000)
 ParOldGen       total 553984K, used 339653K [0x00000006c7200000, 0x00000006e8f00000, 0x000000076d100000)
  object space 553984K, 61% used [0x00000006c7200000,0x00000006dbdb15d8,0x00000006e8f00000)
 Metaspace       used 43772K, capacity 44172K, committed 44840K, reserved 1087488K
  class space    used 6240K, capacity 6358K, committed 6448K, reserved 1048576K
}
Event: 8637.027 GC heap before
{Heap before GC invocations=91 (full 3):
 PSYoungGen      total 131584K, used 117120K [0x000000076d100000, 0x000000077a580000, 0x00000007c0000000)
  eden space 45056K, 100% used [0x000000076d100000,0x000000076fd00000,0x000000076fd00000)
  from space 86528K, 83% used [0x000000076fd00000,0x0000000774360000,0x0000000775180000)
  to   space 86016K, 0% used [0x0000000775180000,0x0000000775180000,0x000000077a580000)
 ParOldGen       total 553984K, used 339653K [0x00000006c7200000, 0x00000006e8f00000, 0x000000076d100000)
  object space 553984K, 61% used [0x00000006c7200000,0x00000006dbdb15d8,0x00000006e8f00000)
 Metaspace       used 43773K, capacity 44172K, committed 44840K, reserved 1087488K
  class space    used 6240K, capacity 6358K, committed 6448K, reserved 1048576K
Event: 8637.080 GC heap after
Heap after GC invocations=91 (full 3):
 PSYoungGen      total 129536K, used 72096K [0x000000076d100000, 0x000000077a380000, 0x00000007c0000000)
  eden space 45568K, 0% used [0x000000076d100000,0x000000076d100000,0x000000076fd80000)
  from space 83968K, 85% used [0x0000000775180000,0x00000007797e8000,0x000000077a380000)
  to   space 84992K, 0% used [0x000000076fd80000,0x000000076fd80000,0x0000000775080000)
 ParOldGen       total 553984K, used 345279K [0x00000006c7200000, 0x00000006e8f00000, 0x000000076d100000)
  object space 553984K, 62% used [0x00000006c7200000,0x00000006dc32ff78,0x00000006e8f00000)
 Metaspace       used 43773K, capacity 44172K, committed 44840K, reserved 1087488K
  class space    used 6240K, capacity 6358K, committed 6448K, reserved 1048576K
}
Event: 8772.028 GC heap before
{Heap before GC invocations=92 (full 3):
 PSYoungGen      total 129536K, used 117664K [0x000000076d100000, 0x000000077a380000, 0x00000007c0000000)
  eden space 45568K, 100% used [0x000000076d100000,0x000000076fd80000,0x000000076fd80000)
  from space 83968K, 85% used [0x0000000775180000,0x00000007797e8000,0x000000077a380000)
  to   space 84992K, 0% used [0x000000076fd80000,0x000000076fd80000,0x0000000775080000)
 ParOldGen       total 553984K, used 345279K [0x00000006c7200000, 0x00000006e8f00000, 0x000000076d100000)
  object space 553984K, 62% used [0x00000006c7200000,0x00000006dc32ff78,0x00000006e8f00000)
 Metaspace       used 43775K, capacity 44172K, committed 44840K, reserved 1087488K
  class space    used 6240K, capacity 6358K, committed 6448K, reserved 1048576K
Event: 8772.128 GC heap after
Heap after GC invocations=92 (full 3):
 PSYoungGen      total 118272K, used 72544K [0x000000076d100000, 0x000000077a200000, 0x00000007c0000000)
  eden space 45568K, 0% used [0x000000076d100000,0x000000076d100000,0x000000076fd80000)
  from space 72704K, 99% used [0x000000076fd80000,0x0000000774458000,0x0000000774480000)
  to   space 83968K, 0% used [0x0000000775000000,0x0000000775000000,0x000000077a200000)
 ParOldGen       total 553984K, used 350930K [0x00000006c7200000, 0x00000006e8f00000, 0x000000076d100000)
  object space 553984K, 63% used [0x00000006c7200000,0x00000006dc8b4918,0x00000006e8f00000)
 Metaspace       used 43775K, capacity 44172K, committed 44840K, reserved 1087488K
  class space    used 6240K, capacity 6358K, committed 6448K, reserved 1048576K
}
Event: 8902.035 GC heap before
{Heap before GC invocations=93 (full 3):
 PSYoungGen      total 118272K, used 118112K [0x000000076d100000, 0x000000077a200000, 0x00000007c0000000)
  eden space 45568K, 100% used [0x000000076d100000,0x000000076fd80000,0x000000076fd80000)
  from space 72704K, 99% used [0x000000076fd80000,0x0000000774458000,0x0000000774480000)
  to   space 83968K, 0% used [0x0000000775000000,0x0000000775000000,0x000000077a200000)
 ParOldGen       total 553984K, used 350930K [0x00000006c7200000, 0x00000006e8f00000, 0x000000076d100000)
  object space 553984K, 63% used [0x00000006c7200000,0x00000006dc8b4918,0x00000006e8f00000)
 Metaspace       used 43775K, capacity 44172K, committed 44840K, reserved 1087488K
  class space    used 6240K, capacity 6358K, committed 6448K, reserved 1048576K
Event: 8902.125 GC heap after
Heap after GC invocations=93 (full 3):
 PSYoungGen      total 129024K, used 73728K [0x000000076d100000, 0x000000077a100000, 0x00000007c0000000)
  eden space 46080K, 0% used [0x000000076d100000,0x000000076d100000,0x000000076fe00000)
  from space 82944K, 88% used [0x0000000775000000,0x0000000779800000,0x000000077a100000)
  to   space 83456K, 0% used [0x000000076fe00000,0x000000076fe00000,0x0000000774f80000)
 ParOldGen       total 553984K, used 355716K [0x00000006c7200000, 0x00000006e8f00000, 0x000000076d100000)
  object space 553984K, 64% used [0x00000006c7200000,0x00000006dcd61138,0x00000006e8f00000)
 Metaspace       used 43775K, capacity 44172K, committed 44840K, reserved 1087488K
  class space    used 6240K, capacity 6358K, committed 6448K, reserved 1048576K
}
Event: 9037.055 GC heap before
{Heap before GC invocations=94 (full 3):
 PSYoungGen      total 129024K, used 119808K [0x000000076d100000, 0x000000077a100000, 0x00000007c0000000)
  eden space 46080K, 100% used [0x000000076d100000,0x000000076fe00000,0x000000076fe00000)
  from space 82944K, 88% used [0x0000000775000000,0x0000000779800000,0x000000077a100000)
  to   space 83456K, 0% used [0x000000076fe00000,0x000000076fe00000,0x0000000774f80000)
 ParOldGen       total 553984K, used 355716K [0x00000006c7200000, 0x00000006e8f00000, 0x000000076d100000)
  object space 553984K, 64% used [0x00000006c7200000,0x00000006dcd61138,0x00000006e8f00000)
 Metaspace       used 43775K, capacity 44172K, committed 44840K, reserved 1087488K
  class space    used 6240K, capacity 6358K, committed 6448K, reserved 1048576K
Event: 9037.140 GC heap after
Heap after GC invocations=94 (full 3):
 PSYoungGen      total 129536K, used 76448K [0x000000076d100000, 0x000000077a180000, 0x00000007c0000000)
  eden space 46080K, 0% used [0x000000076d100000,0x000000076d100000,0x000000076fe00000)
  from space 83456K, 91% used [0x000000076fe00000,0x00000007748a8000,0x0000000774f80000)
  to   space 83456K, 0% used [0x0000000775000000,0x0000000775000000,0x000000077a180000)
 ParOldGen       total 553984K, used 358805K [0x00000006c7200000, 0x00000006e8f00000, 0x000000076d100000)
  object space 553984K, 64% used [0x00000006c7200000,0x00000006dd065678,0x00000006e8f00000)
 Metaspace       used 43775K, capacity 44172K, committed 44840K, reserved 1087488K
  class space    used 6240K, capacity 6358K, committed 6448K, reserved 1048576K
}
Event: 9157.041 GC heap before
{Heap before GC invocations=95 (full 3):
 PSYoungGen      total 129536K, used 122528K [0x000000076d100000, 0x000000077a180000, 0x00000007c0000000)
  eden space 46080K, 100% used [0x000000076d100000,0x000000076fe00000,0x000000076fe00000)
  from space 83456K, 91% used [0x000000076fe00000,0x00000007748a8000,0x0000000774f80000)
  to   space 83456K, 0% used [0x0000000775000000,0x0000000775000000,0x000000077a180000)
 ParOldGen       total 553984K, used 358805K [0x00000006c7200000, 0x00000006e8f00000, 0x000000076d100000)
  object space 553984K, 64% used [0x00000006c7200000,0x00000006dd065678,0x00000006e8f00000)
 Metaspace       used 43775K, capacity 44172K, committed 44840K, reserved 1087488K
  class space    used 6240K, capacity 6358K, committed 6448K, reserved 1048576K
Event: 9157.137 GC heap after
Heap after GC invocations=95 (full 3):
 PSYoungGen      total 130048K, used 77632K [0x000000076d100000, 0x000000077a180000, 0x00000007c0000000)
  eden space 46592K, 0% used [0x000000076d100000,0x000000076d100000,0x000000076fe80000)
  from space 83456K, 93% used [0x0000000775000000,0x0000000779bd0000,0x000000077a180000)
  to   space 83456K, 0% used [0x000000076fe80000,0x000000076fe80000,0x0000000775000000)
 ParOldGen       total 553984K, used 362991K [0x00000006c7200000, 0x00000006e8f00000, 0x000000076d100000)
  object space 553984K, 65% used [0x00000006c7200000,0x00000006dd47bd98,0x00000006e8f00000)
 Metaspace       used 43775K, capacity 44172K, committed 44840K, reserved 1087488K
  class space    used 6240K, capacity 6358K, committed 6448K, reserved 1048576K
}
Event: 9297.042 GC heap before
{Heap before GC invocations=96 (full 3):
 PSYoungGen      total 130048K, used 124224K [0x000000076d100000, 0x000000077a180000, 0x00000007c0000000)
  eden space 46592K, 100% used [0x000000076d100000,0x000000076fe80000,0x000000076fe80000)
  from space 83456K, 93% used [0x0000000775000000,0x0000000779bd0000,0x000000077a180000)
  to   space 83456K, 0% used [0x000000076fe80000,0x000000076fe80000,0x0000000775000000)
 ParOldGen       total 553984K, used 362991K [0x00000006c7200000, 0x00000006e8f00000, 0x000000076d100000)
  object space 553984K, 65% used [0x00000006c7200000,0x00000006dd47bd98,0x00000006e8f00000)
 Metaspace       used 43776K, capacity 44172K, committed 44840K, reserved 1087488K
  class space    used 6240K, capacity 6358K, committed 6448K, reserved 1048576K
Event: 9297.142 GC heap after
Heap after GC invocations=96 (full 3):
 PSYoungGen      total 130048K, used 78624K [0x000000076d100000, 0x000000077a400000, 0x00000007c0000000)
  eden space 46592K, 0% used [0x000000076d100000,0x000000076d100000,0x000000076fe80000)
  from space 83456K, 94% used [0x000000076fe80000,0x0000000774b48000,0x0000000775000000)
  to   space 84480K, 0% used [0x0000000775180000,0x0000000775180000,0x000000077a400000)
 ParOldGen       total 553984K, used 368121K [0x00000006c7200000, 0x00000006e8f00000, 0x000000076d100000)
  object space 553984K, 66% used [0x00000006c7200000,0x00000006dd97e658,0x00000006e8f00000)
 Metaspace       used 43776K, capacity 44172K, committed 44840K, reserved 1087488K
  class space    used 6240K, capacity 6358K, committed 6448K, reserved 1048576K
}
Event: 9432.048 GC heap before
{Heap before GC invocations=97 (full 3):
 PSYoungGen      total 130048K, used 125216K [0x000000076d100000, 0x000000077a400000, 0x00000007c0000000)
  eden space 46592K, 100% used [0x000000076d100000,0x000000076fe80000,0x000000076fe80000)
  from space 83456K, 94% used [0x000000076fe80000,0x0000000774b48000,0x0000000775000000)
  to   space 84480K, 0% used [0x0000000775180000,0x0000000775180000,0x000000077a400000)
 ParOldGen       total 553984K, used 368121K [0x00000006c7200000, 0x00000006e8f00000, 0x000000076d100000)
  object space 553984K, 66% used [0x00000006c7200000,0x00000006dd97e658,0x00000006e8f00000)
 Metaspace       used 43776K, capacity 44172K, committed 44840K, reserved 1087488K
  class space    used 6240K, capacity 6358K, committed 6448K, reserved 1048576K
Event: 9432.124 GC heap after
Heap after GC invocations=97 (full 3):
 PSYoungGen      total 130560K, used 80032K [0x000000076d100000, 0x000000077a600000, 0x00000007c0000000)
  eden space 46080K, 0% used [0x000000076d100000,0x000000076d100000,0x000000076fe00000)
  from space 84480K, 94% used [0x0000000775180000,0x0000000779fa8000,0x000000077a400000)
  to   space 85504K, 0% used [0x000000076fe00000,0x000000076fe00000,0x0000000775180000)
 ParOldGen       total 553984K, used 372915K [0x00000006c7200000, 0x00000006e8f00000, 0x000000076d100000)
  object space 553984K, 67% used [0x00000006c7200000,0x00000006dde2ce88,0x00000006e8f00000)
 Metaspace       used 43776K, capacity 44172K, committed 44840K, reserved 1087488K
  class space    used 6240K, capacity 6358K, committed 6448K, reserved 1048576K
}
Event: 9567.064 GC heap before
{Heap before GC invocations=98 (full 3):
 PSYoungGen      total 130560K, used 126112K [0x000000076d100000, 0x000000077a600000, 0x00000007c0000000)
  eden space 46080K, 100% used [0x000000076d100000,0x000000076fe00000,0x000000076fe00000)
  from space 84480K, 94% used [0x0000000775180000,0x0000000779fa8000,0x000000077a400000)
  to   space 85504K, 0% used [0x000000076fe00000,0x000000076fe00000,0x0000000775180000)
 ParOldGen       total 553984K, used 372915K [0x00000006c7200000, 0x00000006e8f00000, 0x000000076d100000)
  object space 553984K, 67% used [0x00000006c7200000,0x00000006dde2ce88,0x00000006e8f00000)
 Metaspace       used 43776K, capacity 44172K, committed 44840K, reserved 1087488K
  class space    used 6240K, capacity 6358K, committed 6448K, reserved 1048576K
Event: 9567.157 GC heap after
Heap after GC invocations=98 (full 3):
 PSYoungGen      total 131584K, used 82144K [0x000000076d100000, 0x000000077a880000, 0x00000007c0000000)
  eden space 46080K, 0% used [0x000000076d100000,0x000000076d100000,0x000000076fe00000)
  from space 85504K, 96% used [0x000000076fe00000,0x0000000774e38000,0x0000000775180000)
  to   space 87040K, 0% used [0x0000000775380000,0x0000000775380000,0x000000077a880000)
 ParOldGen       total 553984K, used 376901K [0x00000006c7200000, 0x00000006e8f00000, 0x000000076d100000)
  object space 553984K, 68% used [0x00000006c7200000,0x00000006de211548,0x00000006e8f00000)
 Metaspace       used 43776K, capacity 44172K, committed 44840K, reserved 1087488K
  class space    used 6240K, capacity 6358K, committed 6448K, reserved 1048576K
}
Event: 9599.830 GC heap before
{Heap before GC invocations=99 (full 3):
 PSYoungGen      total 131584K, used 128224K [0x000000076d100000, 0x000000077a880000, 0x00000007c0000000)
  eden space 46080K, 100% used [0x000000076d100000,0x000000076fe00000,0x000000076fe00000)
  from space 85504K, 96% used [0x000000076fe00000,0x0000000774e38000,0x0000000775180000)
  to   space 87040K, 0% used [0x0000000775380000,0x0000000775380000,0x000000077a880000)
 ParOldGen       total 553984K, used 376901K [0x00000006c7200000, 0x00000006e8f00000, 0x000000076d100000)
  object space 553984K, 68% used [0x00000006c7200000,0x00000006de211548,0x00000006e8f00000)
 Metaspace       used 44701K, capacity 45106K, committed 45736K, reserved 1089536K
  class space    used 6396K, capacity 6519K, committed 6576K, reserved 1048576K
Event: 9599.896 GC heap after
Heap after GC invocations=99 (full 3):
 PSYoungGen      total 129024K, used 87040K [0x000000076d100000, 0x000000077b200000, 0x00000007c0000000)
  eden space 41984K, 0% used [0x000000076d100000,0x000000076d100000,0x000000076fa00000)
  from space 87040K, 100% used [0x0000000775380000,0x000000077a880000,0x000000077a880000)
  to   space 91648K, 0% used [0x000000076fa00000,0x000000076fa00000,0x0000000775380000)
 ParOldGen       total 553984K, used 381460K [0x00000006c7200000, 0x00000006e8f00000, 0x000000076d100000)
  object space 553984K, 68% used [0x00000006c7200000,0x00000006de6850d8,0x00000006e8f00000)
 Metaspace       used 44701K, capacity 45106K, committed 45736K, reserved 1089536K
  class space    used 6396K, capacity 6519K, committed 6576K, reserved 1048576K
}
Event: 9600.349 GC heap before
{Heap before GC invocations=100 (full 3):
 PSYoungGen      total 129024K, used 129024K [0x000000076d100000, 0x000000077b200000, 0x00000007c0000000)
  eden space 41984K, 100% used [0x000000076d100000,0x000000076fa00000,0x000000076fa00000)
  from space 87040K, 100% used [0x0000000775380000,0x000000077a880000,0x000000077a880000)
  to   space 91648K, 0% used [0x000000076fa00000,0x000000076fa00000,0x0000000775380000)
 ParOldGen       total 553984K, used 381460K [0x00000006c7200000, 0x00000006e8f00000, 0x000000076d100000)
  object space 553984K, 68% used [0x00000006c7200000,0x00000006de6850d8,0x00000006e8f00000)
 Metaspace       used 45008K, capacity 45400K, committed 45992K, reserved 1089536K
  class space    used 6424K, capacity 6552K, committed 6576K, reserved 1048576K
Event: 9600.438 GC heap after
Heap after GC invocations=100 (full 3):
 PSYoungGen      total 133632K, used 90016K [0x000000076d100000, 0x000000077b980000, 0x00000007c0000000)
  eden space 41984K, 0% used [0x000000076d100000,0x000000076d100000,0x000000076fa00000)
  from space 91648K, 98% used [0x000000076fa00000,0x00000007751e8000,0x0000000775380000)
  to   space 94720K, 0% used [0x0000000775d00000,0x0000000775d00000,0x000000077b980000)
 ParOldGen       total 553984K, used 391536K [0x00000006c7200000, 0x00000006e8f00000, 0x000000076d100000)
  object space 553984K, 70% used [0x00000006c7200000,0x00000006df05c208,0x00000006e8f00000)
 Metaspace       used 45008K, capacity 45400K, committed 45992K, reserved 1089536K
  class space    used 6424K, capacity 6552K, committed 6576K, reserved 1048576K
}
Event: 9606.342 GC heap before
{Heap before GC invocations=101 (full 3):
 PSYoungGen      total 133632K, used 132000K [0x000000076d100000, 0x000000077b980000, 0x00000007c0000000)
  eden space 41984K, 100% used [0x000000076d100000,0x000000076fa00000,0x000000076fa00000)
  from space 91648K, 98% used [0x000000076fa00000,0x00000007751e8000,0x0000000775380000)
  to   space 94720K, 0% used [0x0000000775d00000,0x0000000775d00000,0x000000077b980000)
 ParOldGen       total 553984K, used 391536K [0x00000006c7200000, 0x00000006e8f00000, 0x000000076d100000)
  object space 553984K, 70% used [0x00000006c7200000,0x00000006df05c208,0x00000006e8f00000)
 Metaspace       used 45109K, capacity 45592K, committed 46248K, reserved 1089536K
  class space    used 6428K, capacity 6552K, committed 6576K, reserved 1048576K
Event: 9606.433 GC heap after
Heap after GC invocations=101 (full 3):
 PSYoungGen      total 139264K, used 94464K [0x000000076d100000, 0x000000077c100000, 0x00000007c0000000)
  eden space 44544K, 0% used [0x000000076d100000,0x000000076d100000,0x000000076fc80000)
  from space 94720K, 99% used [0x0000000775d00000,0x000000077b940090,0x000000077b980000)
  to   space 98816K, 0% used [0x000000076fc80000,0x000000076fc80000,0x0000000775d00000)
 ParOldGen       total 553984K, used 401596K [0x00000006c7200000, 0x00000006e8f00000, 0x000000076d100000)
  object space 553984K, 72% used [0x00000006c7200000,0x00000006dfa2f338,0x00000006e8f00000)
 Metaspace       used 45109K, capacity 45592K, committed 46248K, reserved 1089536K
  class space    used 6428K, capacity 6552K, committed 6576K, reserved 1048576K
}
Event: 9606.610 GC heap before
{Heap before GC invocations=102 (full 3):
 PSYoungGen      total 139264K, used 139008K [0x000000076d100000, 0x000000077c100000, 0x00000007c0000000)
  eden space 44544K, 100% used [0x000000076d100000,0x000000076fc80000,0x000000076fc80000)
  from space 94720K, 99% used [0x0000000775d00000,0x000000077b940090,0x000000077b980000)
  to   space 98816K, 0% used [0x000000076fc80000,0x000000076fc80000,0x0000000775d00000)
 ParOldGen       total 553984K, used 401596K [0x00000006c7200000, 0x00000006e8f00000, 0x000000076d100000)
  object space 553984K, 72% used [0x00000006c7200000,0x00000006dfa2f338,0x00000006e8f00000)
 Metaspace       used 45117K, capacity 45592K, committed 46248K, reserved 1089536K
  class space    used 6428K, capacity 6552K, committed 6576K, reserved 1048576K
Event: 9606.691 GC heap after
Heap after GC invocations=102 (full 3):
 PSYoungGen      total 143360K, used 88527K [0x000000076d100000, 0x000000077c880000, 0x00000007c0000000)
  eden space 44544K, 0% used [0x000000076d100000,0x000000076d100000,0x000000076fc80000)
  from space 98816K, 89% used [0x000000076fc80000,0x00000007752f3f50,0x0000000775d00000)
  to   space 100352K, 0% used [0x0000000776680000,0x0000000776680000,0x000000077c880000)
 ParOldGen       total 553984K, used 409448K [0x00000006c7200000, 0x00000006e8f00000, 0x000000076d100000)
  object space 553984K, 73% used [0x00000006c7200000,0x00000006e01da098,0x00000006e8f00000)
 Metaspace       used 45117K, capacity 45592K, committed 46248K, reserved 1089536K
  class space    used 6428K, capacity 6552K, committed 6576K, reserved 1048576K
}
Event: 9606.820 GC heap before
{Heap before GC invocations=103 (full 3):
 PSYoungGen      total 143360K, used 133071K [0x000000076d100000, 0x000000077c880000, 0x00000007c0000000)
  eden space 44544K, 100% used [0x000000076d100000,0x000000076fc80000,0x000000076fc80000)
  from space 98816K, 89% used [0x000000076fc80000,0x00000007752f3f50,0x0000000775d00000)
  to   space 100352K, 0% used [0x0000000776680000,0x0000000776680000,0x000000077c880000)
 ParOldGen       total 553984K, used 409448K [0x00000006c7200000, 0x00000006e8f00000, 0x000000076d100000)
  object space 553984K, 73% used [0x00000006c7200000,0x00000006e01da098,0x00000006e8f00000)
 Metaspace       used 45117K, capacity 45592K, committed 46248K, reserved 1089536K
  class space    used 6428K, capacity 6552K, committed 6576K, reserved 1048576K
Event: 9606.884 GC heap after
Heap after GC invocations=103 (full 3):
 PSYoungGen      total 152064K, used 75191K [0x000000076d100000, 0x000000077c700000, 0x00000007c0000000)
  eden space 53248K, 0% used [0x000000076d100000,0x000000076d100000,0x0000000770500000)
  from space 98816K, 76% used [0x0000000776680000,0x000000077afedfa8,0x000000077c700000)
  to   space 99328K, 0% used [0x0000000770500000,0x0000000770500000,0x0000000776600000)
 ParOldGen       total 553984K, used 421069K [0x00000006c7200000, 0x00000006e8f00000, 0x000000076d100000)
  object space 553984K, 76% used [0x00000006c7200000,0x00000006e0d33478,0x00000006e8f00000)
 Metaspace       used 45117K, capacity 45592K, committed 46248K, reserved 1089536K
  class space    used 6428K, capacity 6552K, committed 6576K, reserved 1048576K
}
Event: 9607.029 GC heap before
{Heap before GC invocations=104 (full 3):
 PSYoungGen      total 152064K, used 128439K [0x000000076d100000, 0x000000077c700000, 0x00000007c0000000)
  eden space 53248K, 100% used [0x000000076d100000,0x0000000770500000,0x0000000770500000)
  from space 98816K, 76% used [0x0000000776680000,0x000000077afedfa8,0x000000077c700000)
  to   space 99328K, 0% used [0x0000000770500000,0x0000000770500000,0x0000000776600000)
 ParOldGen       total 553984K, used 421069K [0x00000006c7200000, 0x00000006e8f00000, 0x000000076d100000)
  object space 553984K, 76% used [0x00000006c7200000,0x00000006e0d33478,0x00000006e8f00000)
 Metaspace       used 45122K, capacity 45592K, committed 46248K, reserved 1089536K
  class space    used 6428K, capacity 6552K, committed 6576K, reserved 1048576K
Event: 9607.091 GC heap after
Heap after GC invocations=104 (full 3):
 PSYoungGen      total 152576K, used 63415K [0x000000076d100000, 0x000000077d300000, 0x00000007c0000000)
  eden space 53248K, 0% used [0x000000076d100000,0x000000076d100000,0x0000000770500000)
  from space 99328K, 63% used [0x0000000770500000,0x00000007742edfa8,0x0000000776600000)
  to   space 100352K, 0% used [0x0000000777100000,0x0000000777100000,0x000000077d300000)
 ParOldGen       total 553984K, used 432666K [0x00000006c7200000, 0x00000006e8f00000, 0x000000076d100000)
  object space 553984K, 78% used [0x00000006c7200000,0x00000006e1886838,0x00000006e8f00000)
 Metaspace       used 45122K, capacity 45592K, committed 46248K, reserved 1089536K
  class space    used 6428K, capacity 6552K, committed 6576K, reserved 1048576K
}
Event: 9607.245 GC heap before
{Heap before GC invocations=105 (full 3):
 PSYoungGen      total 152576K, used 116663K [0x000000076d100000, 0x000000077d300000, 0x00000007c0000000)
  eden space 53248K, 100% used [0x000000076d100000,0x0000000770500000,0x0000000770500000)
  from space 99328K, 63% used [0x0000000770500000,0x00000007742edfa8,0x0000000776600000)
  to   space 100352K, 0% used [0x0000000777100000,0x0000000777100000,0x000000077d300000)
 ParOldGen       total 553984K, used 432666K [0x00000006c7200000, 0x00000006e8f00000, 0x000000076d100000)
  object space 553984K, 78% used [0x00000006c7200000,0x00000006e1886838,0x00000006e8f00000)
 Metaspace       used 45124K, capacity 45592K, committed 46248K, reserved 1089536K
  class space    used 6428K, capacity 6552K, committed 6576K, reserved 1048576K
Event: 9607.315 GC heap after
Heap after GC invocations=105 (full 3):
 PSYoungGen      total 161280K, used 52023K [0x000000076d100000, 0x000000077d800000, 0x00000007c0000000)
  eden space 60928K, 0% used [0x000000076d100000,0x000000076d100000,0x0000000770c80000)
  from space 100352K, 51% used [0x0000000777100000,0x000000077a3cdfa8,0x000000077d300000)
  to   space 102912K, 0% used [0x0000000770c80000,0x0000000770c80000,0x0000000777100000)
 ParOldGen       total 553984K, used 444070K [0x00000006c7200000, 0x00000006e8f00000, 0x000000076d100000)
  object space 553984K, 80% used [0x00000006c7200000,0x00000006e23a9bb8,0x00000006e8f00000)
 Metaspace       used 45124K, capacity 45592K, committed 46248K, reserved 1089536K
  class space    used 6428K, capacity 6552K, committed 6576K, reserved 1048576K
}
Event: 9607.505 GC heap before
{Heap before GC invocations=106 (full 3):
 PSYoungGen      total 161280K, used 112951K [0x000000076d100000, 0x000000077d800000, 0x00000007c0000000)
  eden space 60928K, 100% used [0x000000076d100000,0x0000000770c80000,0x0000000770c80000)
  from space 100352K, 51% used [0x0000000777100000,0x000000077a3cdfa8,0x000000077d300000)
  to   space 102912K, 0% used [0x0000000770c80000,0x0000000770c80000,0x0000000777100000)
 ParOldGen       total 553984K, used 444070K [0x00000006c7200000, 0x00000006e8f00000, 0x000000076d100000)
  object space 553984K, 80% used [0x00000006c7200000,0x00000006e23a9bb8,0x00000006e8f00000)
 Metaspace       used 45124K, capacity 45592K, committed 46248K, reserved 1089536K
  class space    used 6428K, capacity 6552K, committed 6576K, reserved 1048576K
Event: 9607.592 GC heap after
Heap after GC invocations=106 (full 3):
 PSYoungGen      total 163840K, used 40535K [0x000000076d100000, 0x000000077e800000, 0x00000007c0000000)
  eden space 60928K, 0% used [0x000000076d100000,0x000000076d100000,0x0000000770c80000)
  from space 102912K, 39% used [0x0000000770c80000,0x0000000773415fa8,0x0000000777100000)
  to   space 106496K, 0% used [0x0000000778000000,0x0000000778000000,0x000000077e800000)
 ParOldGen       total 553984K, used 455331K [0x00000006c7200000, 0x00000006e8f00000, 0x000000076d100000)
  object space 553984K, 82% used [0x00000006c7200000,0x00000006e2ea8e88,0x00000006e8f00000)
 Metaspace       used 45124K, capacity 45592K, committed 46248K, reserved 1089536K
  class space    used 6428K, capacity 6552K, committed 6576K, reserved 1048576K
}
Event: 9607.779 GC heap before
{Heap before GC invocations=107 (full 3):
 PSYoungGen      total 163840K, used 101463K [0x000000076d100000, 0x000000077e800000, 0x00000007c0000000)
  eden space 60928K, 100% used [0x000000076d100000,0x0000000770c80000,0x0000000770c80000)
  from space 102912K, 39% used [0x0000000770c80000,0x0000000773415fa8,0x0000000777100000)
  to   space 106496K, 0% used [0x0000000778000000,0x0000000778000000,0x000000077e800000)
 ParOldGen       total 553984K, used 455331K [0x00000006c7200000, 0x00000006e8f00000, 0x000000076d100000)
  object space 553984K, 82% used [0x00000006c7200000,0x00000006e2ea8e88,0x00000006e8f00000)
 Metaspace       used 45124K, capacity 45592K, committed 46248K, reserved 1089536K
  class space    used 6428K, capacity 6552K, committed 6576K, reserved 1048576K
Event: 9607.843 GC heap after
Heap after GC invocations=107 (full 3):
 PSYoungGen      total 173056K, used 16663K [0x000000076d100000, 0x000000077f400000, 0x00000007c0000000)
  eden space 66560K, 0% used [0x000000076d100000,0x000000076d100000,0x0000000771200000)
  from space 106496K, 15% used [0x0000000778000000,0x0000000779045fa8,0x000000077e800000)
  to   space 112640K, 0% used [0x0000000771200000,0x0000000771200000,0x0000000778000000)
 ParOldGen       total 553984K, used 479292K [0x00000006c7200000, 0x00000006e8f00000, 0x000000076d100000)
  object space 553984K, 86% used [0x00000006c7200000,0x00000006e460f148,0x00000006e8f00000)
 Metaspace       used 45124K, capacity 45592K, committed 46248K, reserved 1089536K
  class space    used 6428K, capacity 6552K, committed 6576K, reserved 1048576K
}
Event: 9627.893 GC heap before
{Heap before GC invocations=108 (full 3):
 PSYoungGen      total 173056K, used 83221K [0x000000076d100000, 0x000000077f400000, 0x00000007c0000000)
  eden space 66560K, 99% used [0x000000076d100000,0x00000007711ff618,0x0000000771200000)
  from space 106496K, 15% used [0x0000000778000000,0x0000000779045fa8,0x000000077e800000)
  to   space 112640K, 0% used [0x0000000771200000,0x0000000771200000,0x0000000778000000)
 ParOldGen       total 553984K, used 479292K [0x00000006c7200000, 0x00000006e8f00000, 0x000000076d100000)
  object space 553984K, 86% used [0x00000006c7200000,0x00000006e460f148,0x00000006e8f00000)
 Metaspace       used 45401K, capacity 45816K, committed 46376K, reserved 1089536K
  class space    used 6446K, capacity 6584K, committed 6704K, reserved 1048576K
Event: 9627.986 GC heap after
Heap after GC invocations=108 (full 3):
 PSYoungGen      total 179200K, used 3959K [0x000000076d100000, 0x0000000780600000, 0x00000007c0000000)
  eden space 66560K, 0% used [0x000000076d100000,0x000000076d100000,0x0000000771200000)
  from space 112640K, 3% used [0x0000000771200000,0x00000007715ddfa8,0x0000000778000000)
  to   space 118784K, 0% used [0x0000000779200000,0x0000000779200000,0x0000000780600000)
 ParOldGen       total 553984K, used 495764K [0x00000006c7200000, 0x00000006e8f00000, 0x000000076d100000)
  object space 553984K, 89% used [0x00000006c7200000,0x00000006e5625150,0x00000006e8f00000)
 Metaspace       used 45401K, capacity 45816K, committed 46376K, reserved 1089536K
  class space    used 6446K, capacity 6584K, committed 6704K, reserved 1048576K
}
Event: 9667.055 GC heap before
{Heap before GC invocations=109 (full 3):
 PSYoungGen      total 179200K, used 70519K [0x000000076d100000, 0x0000000780600000, 0x00000007c0000000)
  eden space 66560K, 100% used [0x000000076d100000,0x0000000771200000,0x0000000771200000)
  from space 112640K, 3% used [0x0000000771200000,0x00000007715ddfa8,0x0000000778000000)
  to   space 118784K, 0% used [0x0000000779200000,0x0000000779200000,0x0000000780600000)
 ParOldGen       total 553984K, used 495764K [0x00000006c7200000, 0x00000006e8f00000, 0x000000076d100000)
  object space 553984K, 89% used [0x00000006c7200000,0x00000006e5625150,0x00000006e8f00000)
 Metaspace       used 45469K, capacity 45944K, committed 46632K, reserved 1089536K
  class space    used 6446K, capacity 6584K, committed 6704K, reserved 1048576K
Event: 9667.120 GC heap after
Heap after GC invocations=109 (full 3):
 PSYoungGen      total 194048K, used 5367K [0x000000076d100000, 0x0000000780d00000, 0x00000007c0000000)
  eden space 75264K, 0% used [0x000000076d100000,0x000000076d100000,0x0000000771a80000)
  from space 118784K, 4% used [0x0000000779200000,0x000000077973dfa8,0x0000000780600000)
  to   space 122368K, 0% used [0x0000000771a80000,0x0000000771a80000,0x0000000779200000)
 ParOldGen       total 553984K, used 495796K [0x00000006c7200000, 0x00000006e8f00000, 0x000000076d100000)
  object space 553984K, 89% used [0x00000006c7200000,0x00000006e562d150,0x00000006e8f00000)
 Metaspace       used 45469K, capacity 45944K, committed 46632K, reserved 1089536K
  class space    used 6446K, capacity 6584K, committed 6704K, reserved 1048576K
}
Event: 9777.535 GC heap before
{Heap before GC invocations=110 (full 3):
 PSYoungGen      total 194048K, used 80631K [0x000000076d100000, 0x0000000780d00000, 0x00000007c0000000)
  eden space 75264K, 100% used [0x000000076d100000,0x0000000771a80000,0x0000000771a80000)
  from space 118784K, 4% used [0x0000000779200000,0x000000077973dfa8,0x0000000780600000)
  to   space 122368K, 0% used [0x0000000771a80000,0x0000000771a80000,0x0000000779200000)
 ParOldGen       total 553984K, used 495796K [0x00000006c7200000, 0x00000006e8f00000, 0x000000076d100000)
  object space 553984K, 89% used [0x00000006c7200000,0x00000006e562d150,0x00000006e8f00000)
 Metaspace       used 45481K, capacity 45944K, committed 46632K, reserved 1089536K
  class space    used 6446K, capacity 6584K, committed 6704K, reserved 1048576K
Event: 9777.604 GC heap after
Heap after GC invocations=110 (full 3):
 PSYoungGen      total 197632K, used 9143K [0x000000076d100000, 0x0000000781880000, 0x00000007c0000000)
  eden space 75264K, 0% used [0x000000076d100000,0x000000076d100000,0x0000000771a80000)
  from space 122368K, 7% used [0x0000000771a80000,0x000000077236dfa8,0x0000000779200000)
  to   space 123392K, 0% used [0x000000077a000000,0x000000077a000000,0x0000000781880000)
 ParOldGen       total 553984K, used 496028K [0x00000006c7200000, 0x00000006e8f00000, 0x000000076d100000)
  object space 553984K, 89% used [0x00000006c7200000,0x00000006e56671b0,0x00000006e8f00000)
 Metaspace       used 45481K, capacity 45944K, committed 46632K, reserved 1089536K
  class space    used 6446K, capacity 6584K, committed 6704K, reserved 1048576K
}
Event: 9877.490 GC heap before
{Heap before GC invocations=111 (full 3):
 PSYoungGen      total 197632K, used 84407K [0x000000076d100000, 0x0000000781880000, 0x00000007c0000000)
  eden space 75264K, 100% used [0x000000076d100000,0x0000000771a80000,0x0000000771a80000)
  from space 122368K, 7% used [0x0000000771a80000,0x000000077236dfa8,0x0000000779200000)
  to   space 123392K, 0% used [0x000000077a000000,0x000000077a000000,0x0000000781880000)
 ParOldGen       total 553984K, used 496028K [0x00000006c7200000, 0x00000006e8f00000, 0x000000076d100000)
  object space 553984K, 89% used [0x00000006c7200000,0x00000006e56671b0,0x00000006e8f00000)
 Metaspace       used 45492K, capacity 45944K, committed 46632K, reserved 1089536K
  class space    used 6446K, capacity 6584K, committed 6704K, reserved 1048576K
Event: 9877.583 GC heap after
Heap after GC invocations=111 (full 3):
 PSYoungGen      total 208896K, used 12768K [0x000000076d100000, 0x0000000781600000, 0x00000007c0000000)
  eden space 88064K, 0% used [0x000000076d100000,0x000000076d100000,0x0000000772700000)
  from space 120832K, 10% used [0x000000077a000000,0x000000077ac78000,0x0000000781600000)
  to   space 122368K, 0% used [0x0000000772700000,0x0000000772700000,0x0000000779e80000)
 ParOldGen       total 553984K, used 496829K [0x00000006c7200000, 0x00000006e8f00000, 0x000000076d100000)
  object space 553984K, 89% used [0x00000006c7200000,0x00000006e572f580,0x00000006e8f00000)
 Metaspace       used 45492K, capacity 45944K, committed 46632K, reserved 1089536K
  class space    used 6446K, capacity 6584K, committed 6704K, reserved 1048576K
}
Event: 10062.076 GC heap before
{Heap before GC invocations=112 (full 3):
 PSYoungGen      total 208896K, used 100832K [0x000000076d100000, 0x0000000781600000, 0x00000007c0000000)
  eden space 88064K, 100% used [0x000000076d100000,0x0000000772700000,0x0000000772700000)
  from space 120832K, 10% used [0x000000077a000000,0x000000077ac78000,0x0000000781600000)
  to   space 122368K, 0% used [0x0000000772700000,0x0000000772700000,0x0000000779e80000)
 ParOldGen       total 553984K, used 496829K [0x00000006c7200000, 0x00000006e8f00000, 0x000000076d100000)
  object space 553984K, 89% used [0x00000006c7200000,0x00000006e572f580,0x00000006e8f00000)
 Metaspace       used 45501K, capacity 45944K, committed 46632K, reserved 1089536K
  class space    used 6446K, capacity 6584K, committed 6704K, reserved 1048576K
Event: 10062.141 GC heap after
Heap after GC invocations=112 (full 3):
 PSYoungGen      total 210432K, used 14912K [0x000000076d100000, 0x0000000782000000, 0x00000007c0000000)
  eden space 88064K, 0% used [0x000000076d100000,0x000000076d100000,0x0000000772700000)
  from space 122368K, 12% used [0x0000000772700000,0x0000000773590000,0x0000000779e80000)
  to   space 120320K, 0% used [0x000000077aa80000,0x000000077aa80000,0x0000000782000000)
 ParOldGen       total 553984K, used 503776K [0x00000006c7200000, 0x00000006e8f00000, 0x000000076d100000)
  object space 553984K, 90% used [0x00000006c7200000,0x00000006e5df8120,0x00000006e8f00000)
 Metaspace       used 45501K, capacity 45944K, committed 46632K, reserved 1089536K
  class space    used 6446K, capacity 6584K, committed 6704K, reserved 1048576K
}
Event: 10252.086 GC heap before
{Heap before GC invocations=113 (full 3):
 PSYoungGen      total 210432K, used 102976K [0x000000076d100000, 0x0000000782000000, 0x00000007c0000000)
  eden space 88064K, 100% used [0x000000076d100000,0x0000000772700000,0x0000000772700000)
  from space 122368K, 12% used [0x0000000772700000,0x0000000773590000,0x0000000779e80000)
  to   space 120320K, 0% used [0x000000077aa80000,0x000000077aa80000,0x0000000782000000)
 ParOldGen       total 553984K, used 503776K [0x00000006c7200000, 0x00000006e8f00000, 0x000000076d100000)
  object space 553984K, 90% used [0x00000006c7200000,0x00000006e5df8120,0x00000006e8f00000)
 Metaspace       used 45519K, capacity 45944K, committed 46632K, reserved 1089536K
  class space    used 6446K, capacity 6584K, committed 6704K, reserved 1048576K
Event: 10252.149 GC heap after
Heap after GC invocations=113 (full 3):
 PSYoungGen      total 216576K, used 12032K [0x000000076d100000, 0x0000000781b00000, 0x00000007c0000000)
  eden space 101376K, 0% used [0x000000076d100000,0x000000076d100000,0x0000000773400000)
  from space 115200K, 10% used [0x000000077aa80000,0x000000077b640000,0x0000000781b00000)
  to   space 118272K, 0% used [0x0000000773400000,0x0000000773400000,0x000000077a780000)
 ParOldGen       total 553984K, used 516325K [0x00000006c7200000, 0x00000006e8f00000, 0x000000076d100000)
  object space 553984K, 93% used [0x00000006c7200000,0x00000006e6a39690,0x00000006e8f00000)
 Metaspace       used 45519K, capacity 45944K, committed 46632K, reserved 1089536K
  class space    used 6446K, capacity 6584K, committed 6704K, reserved 1048576K
}
Event: 10437.093 GC heap before
{Heap before GC invocations=114 (full 3):
 PSYoungGen      total 216576K, used 113408K [0x000000076d100000, 0x0000000781b00000, 0x00000007c0000000)
  eden space 101376K, 100% used [0x000000076d100000,0x0000000773400000,0x0000000773400000)
  from space 115200K, 10% used [0x000000077aa80000,0x000000077b640000,0x0000000781b00000)
  to   space 118272K, 0% used [0x0000000773400000,0x0000000773400000,0x000000077a780000)
 ParOldGen       total 553984K, used 516325K [0x00000006c7200000, 0x00000006e8f00000, 0x000000076d100000)
  object space 553984K, 93% used [0x00000006c7200000,0x00000006e6a39690,0x00000006e8f00000)
 Metaspace       used 45521K, capacity 45944K, committed 46632K, reserved 1089536K
  class space    used 6446K, capacity 6584K, committed 6704K, reserved 1048576K
Event: 10437.204 GC heap after
Heap after GC invocations=114 (full 3):
 PSYoungGen      total 219648K, used 11904K [0x000000076d100000, 0x0000000782280000, 0x00000007c0000000)
  eden space 101376K, 0% used [0x000000076d100000,0x000000076d100000,0x0000000773400000)
  from space 118272K, 10% used [0x0000000773400000,0x0000000773fa0000,0x000000077a780000)
  to   space 115200K, 0% used [0x000000077b200000,0x000000077b200000,0x0000000782280000)
 ParOldGen       total 553984K, used 526041K [0x00000006c7200000, 0x00000006e8f00000, 0x000000076d100000)
  object space 553984K, 94% used [0x00000006c7200000,0x00000006e73b6740,0x00000006e8f00000)
 Metaspace       used 45521K, capacity 45944K, committed 46632K, reserved 1089536K
  class space    used 6446K, capacity 6584K, committed 6704K, reserved 1048576K
}
Event: 10617.100 GC heap before
{Heap before GC invocations=115 (full 3):
 PSYoungGen      total 219648K, used 113280K [0x000000076d100000, 0x0000000782280000, 0x00000007c0000000)
  eden space 101376K, 100% used [0x000000076d100000,0x0000000773400000,0x0000000773400000)
  from space 118272K, 10% used [0x0000000773400000,0x0000000773fa0000,0x000000077a780000)
  to   space 115200K, 0% used [0x000000077b200000,0x000000077b200000,0x0000000782280000)
 ParOldGen       total 553984K, used 526041K [0x00000006c7200000, 0x00000006e8f00000, 0x000000076d100000)
  object space 553984K, 94% used [0x00000006c7200000,0x00000006e73b6740,0x00000006e8f00000)
 Metaspace       used 45522K, capacity 45944K, committed 46632K, reserved 1089536K
  class space    used 6446K, capacity 6584K, committed 6704K, reserved 1048576K
Event: 10617.196 GC heap after
Heap after GC invocations=115 (full 3):
 PSYoungGen      total 222208K, used 11488K [0x000000076d100000, 0x0000000781b80000, 0x00000007c0000000)
  eden space 114176K, 0% used [0x000000076d100000,0x000000076d100000,0x0000000774080000)
  from space 108032K, 10% used [0x000000077b200000,0x000000077bd38000,0x0000000781b80000)
  to   space 112128K, 0% used [0x0000000774080000,0x0000000774080000,0x000000077ae00000)
 ParOldGen       total 553984K, used 535525K [0x00000006c7200000, 0x00000006e8f00000, 0x000000076d100000)
  object space 553984K, 96% used [0x00000006c7200000,0x00000006e7cf9790,0x00000006e8f00000)
 Metaspace       used 45522K, capacity 45944K, committed 46632K, reserved 1089536K
  class space    used 6446K, capacity 6584K, committed 6704K, reserved 1048576K
}
Event: 10617.196 GC heap before
{Heap before GC invocations=116 (full 4):
 PSYoungGen      total 222208K, used 11488K [0x000000076d100000, 0x0000000781b80000, 0x00000007c0000000)
  eden space 114176K, 0% used [0x000000076d100000,0x000000076d100000,0x0000000774080000)
  from space 108032K, 10% used [0x000000077b200000,0x000000077bd38000,0x0000000781b80000)
  to   space 112128K, 0% used [0x0000000774080000,0x0000000774080000,0x000000077ae00000)
 ParOldGen       total 553984K, used 535525K [0x00000006c7200000, 0x00000006e8f00000, 0x000000076d100000)
  object space 553984K, 96% used [0x00000006c7200000,0x00000006e7cf9790,0x00000006e8f00000)
 Metaspace       used 45522K, capacity 45944K, committed 46632K, reserved 1089536K
  class space    used 6446K, capacity 6584K, committed 6704K, reserved 1048576K
Event: 10618.292 GC heap after
Heap after GC invocations=116 (full 4):
 PSYoungGen      total 222208K, used 0K [0x000000076d100000, 0x0000000781b80000, 0x00000007c0000000)
  eden space 114176K, 0% used [0x000000076d100000,0x000000076d100000,0x0000000774080000)
  from space 108032K, 0% used [0x000000077b200000,0x000000077b200000,0x0000000781b80000)
  to   space 112128K, 0% used [0x0000000774080000,0x0000000774080000,0x000000077ae00000)
 ParOldGen       total 954368K, used 540355K [0x00000006c7200000, 0x0000000701600000, 0x000000076d100000)
  object space 954368K, 56% used [0x00000006c7200000,0x00000006e81b0ca0,0x0000000701600000)
 Metaspace       used 45522K, capacity 45944K, committed 46632K, reserved 1089536K
  class space    used 6446K, capacity 6584K, committed 6704K, reserved 1048576K
}
Event: 10673.416 GC heap before
{Heap before GC invocations=117 (full 4):
 PSYoungGen      total 222208K, used 114176K [0x000000076d100000, 0x0000000781b80000, 0x00000007c0000000)
  eden space 114176K, 100% used [0x000000076d100000,0x0000000774080000,0x0000000774080000)
  from space 108032K, 0% used [0x000000077b200000,0x000000077b200000,0x0000000781b80000)
  to   space 112128K, 0% used [0x0000000774080000,0x0000000774080000,0x000000077ae00000)
 ParOldGen       total 954368K, used 540355K [0x00000006c7200000, 0x0000000701600000, 0x000000076d100000)
  object space 954368K, 56% used [0x00000006c7200000,0x00000006e81b0ca0,0x0000000701600000)
 Metaspace       used 55434K, capacity 56140K, committed 56744K, reserved 1097728K
  class space    used 7604K, capacity 7775K, committed 7856K, reserved 1048576K
Event: 10673.510 GC heap after
Heap after GC invocations=117 (full 4):
 PSYoungGen      total 226304K, used 12920K [0x000000076d100000, 0x0000000782180000, 0x00000007c0000000)
  eden space 114176K, 0% used [0x000000076d100000,0x000000076d100000,0x0000000774080000)
  from space 112128K, 11% used [0x0000000774080000,0x0000000774d1e0a0,0x000000077ae00000)
  to   space 108032K, 0% used [0x000000077b800000,0x000000077b800000,0x0000000782180000)
 ParOldGen       total 954368K, used 540368K [0x00000006c7200000, 0x0000000701600000, 0x000000076d100000)
  object space 954368K, 56% used [0x00000006c7200000,0x00000006e81b4338,0x0000000701600000)
 Metaspace       used 55434K, capacity 56140K, committed 56744K, reserved 1097728K
  class space    used 7604K, capacity 7775K, committed 7856K, reserved 1048576K
}
Event: 10842.606 GC heap before
{Heap before GC invocations=118 (full 4):
 PSYoungGen      total 226304K, used 127096K [0x000000076d100000, 0x0000000782180000, 0x00000007c0000000)
  eden space 114176K, 100% used [0x000000076d100000,0x0000000774080000,0x0000000774080000)
  from space 112128K, 11% used [0x0000000774080000,0x0000000774d1e0a0,0x000000077ae00000)
  to   space 108032K, 0% used [0x000000077b800000,0x000000077b800000,0x0000000782180000)
 ParOldGen       total 954368K, used 540368K [0x00000006c7200000, 0x0000000701600000, 0x000000076d100000)
  object space 954368K, 56% used [0x00000006c7200000,0x00000006e81b4338,0x0000000701600000)
 Metaspace       used 55754K, capacity 56486K, committed 57000K, reserved 1097728K
  class space    used 7613K, capacity 7790K, committed 7856K, reserved 1048576K
Event: 10842.678 GC heap after
Heap after GC invocations=118 (full 4):
 PSYoungGen      total 226304K, used 11072K [0x000000076d100000, 0x0000000781900000, 0x00000007c0000000)
  eden space 126976K, 0% used [0x000000076d100000,0x000000076d100000,0x0000000774d00000)
  from space 99328K, 11% used [0x000000077b800000,0x000000077c2d0010,0x0000000781900000)
  to   space 104448K, 0% used [0x0000000774d00000,0x0000000774d00000,0x000000077b300000)
 ParOldGen       total 954368K, used 546686K [0x00000006c7200000, 0x0000000701600000, 0x000000076d100000)
  object space 954368K, 57% used [0x00000006c7200000,0x00000006e87dfbb0,0x0000000701600000)
 Metaspace       used 55754K, capacity 56486K, committed 57000K, reserved 1097728K
  class space    used 7613K, capacity 7790K, committed 7856K, reserved 1048576K
}
Event: 11047.172 GC heap before
{Heap before GC invocations=119 (full 4):
 PSYoungGen      total 226304K, used 138048K [0x000000076d100000, 0x0000000781900000, 0x00000007c0000000)
  eden space 126976K, 100% used [0x000000076d100000,0x0000000774d00000,0x0000000774d00000)
  from space 99328K, 11% used [0x000000077b800000,0x000000077c2d0010,0x0000000781900000)
  to   space 104448K, 0% used [0x0000000774d00000,0x0000000774d00000,0x000000077b300000)
 ParOldGen       total 954368K, used 546686K [0x00000006c7200000, 0x0000000701600000, 0x000000076d100000)
  object space 954368K, 57% used [0x00000006c7200000,0x00000006e87dfbb0,0x0000000701600000)
 Metaspace       used 55769K, capacity 56486K, committed 57000K, reserved 1097728K
  class space    used 7613K, capacity 7790K, committed 7856K, reserved 1048576K
Event: 11047.241 GC heap after
Heap after GC invocations=119 (full 4):
 PSYoungGen      total 231424K, used 13024K [0x000000076d100000, 0x0000000781c00000, 0x00000007c0000000)
  eden space 126976K, 0% used [0x000000076d100000,0x000000076d100000,0x0000000774d00000)
  from space 104448K, 12% used [0x0000000774d00000,0x00000007759b8000,0x000000077b300000)
  to   space 99840K, 0% used [0x000000077ba80000,0x000000077ba80000,0x0000000781c00000)
 ParOldGen       total 954368K, used 555434K [0x00000006c7200000, 0x0000000701600000, 0x000000076d100000)
  object space 954368K, 58% used [0x00000006c7200000,0x00000006e906aaa0,0x0000000701600000)
 Metaspace       used 55769K, capacity 56486K, committed 57000K, reserved 1097728K
  class space    used 7613K, capacity 7790K, committed 7856K, reserved 1048576K
}
Event: 11242.141 GC heap before
{Heap before GC invocations=120 (full 4):
 PSYoungGen      total 231424K, used 140000K [0x000000076d100000, 0x0000000781c00000, 0x00000007c0000000)
  eden space 126976K, 100% used [0x000000076d100000,0x0000000774d00000,0x0000000774d00000)
  from space 104448K, 12% used [0x0000000774d00000,0x00000007759b8000,0x000000077b300000)
  to   space 99840K, 0% used [0x000000077ba80000,0x000000077ba80000,0x0000000781c00000)
 ParOldGen       total 954368K, used 555434K [0x00000006c7200000, 0x0000000701600000, 0x000000076d100000)
  object space 954368K, 58% used [0x00000006c7200000,0x00000006e906aaa0,0x0000000701600000)
 Metaspace       used 55769K, capacity 56486K, committed 57000K, reserved 1097728K
  class space    used 7613K, capacity 7790K, committed 7856K, reserved 1048576K
Event: 11242.239 GC heap after
Heap after GC invocations=120 (full 4):
 PSYoungGen      total 223744K, used 22944K [0x000000076d100000, 0x0000000780e80000, 0x00000007c0000000)
  eden space 137728K, 0% used [0x000000076d100000,0x000000076d100000,0x0000000775780000)
  from space 86016K, 26% used [0x000000077ba80000,0x000000077d0e8000,0x0000000780e80000)
  to   space 93696K, 0% used [0x0000000775780000,0x0000000775780000,0x000000077b300000)
 ParOldGen       total 954368K, used 555434K [0x00000006c7200000, 0x0000000701600000, 0x000000076d100000)
  object space 954368K, 58% used [0x00000006c7200000,0x00000006e906aaa0,0x0000000701600000)
 Metaspace       used 55769K, capacity 56486K, committed 57000K, reserved 1097728K
  class space    used 7613K, capacity 7790K, committed 7856K, reserved 1048576K
}
Event: 11452.141 GC heap before
{Heap before GC invocations=121 (full 4):
 PSYoungGen      total 223744K, used 160672K [0x000000076d100000, 0x0000000780e80000, 0x00000007c0000000)
  eden space 137728K, 100% used [0x000000076d100000,0x0000000775780000,0x0000000775780000)
  from space 86016K, 26% used [0x000000077ba80000,0x000000077d0e8000,0x0000000780e80000)
  to   space 93696K, 0% used [0x0000000775780000,0x0000000775780000,0x000000077b300000)
 ParOldGen       total 954368K, used 555434K [0x00000006c7200000, 0x0000000701600000, 0x000000076d100000)
  object space 954368K, 58% used [0x00000006c7200000,0x00000006e906aaa0,0x0000000701600000)
 Metaspace       used 55769K, capacity 56486K, committed 57000K, reserved 1097728K
  class space    used 7613K, capacity 7790K, committed 7856K, reserved 1048576K
Event: 11452.218 GC heap after
Heap after GC invocations=121 (full 4):
 PSYoungGen      total 231424K, used 34144K [0x000000076d100000, 0x0000000781000000, 0x00000007c0000000)
  eden space 137728K, 0% used [0x000000076d100000,0x000000076d100000,0x0000000775780000)
  from space 93696K, 36% used [0x0000000775780000,0x00000007778d8000,0x000000077b300000)
  to   space 89600K, 0% used [0x000000077b880000,0x000000077b880000,0x0000000781000000)
 ParOldGen       total 954368K, used 555434K [0x00000006c7200000, 0x0000000701600000, 0x000000076d100000)
  object space 954368K, 58% used [0x00000006c7200000,0x00000006e906aaa0,0x0000000701600000)
 Metaspace       used 55769K, capacity 56486K, committed 57000K, reserved 1097728K
  class space    used 7613K, capacity 7790K, committed 7856K, reserved 1048576K
}
Event: 11660.830 GC heap before
{Heap before GC invocations=122 (full 4):
 PSYoungGen      total 231424K, used 171872K [0x000000076d100000, 0x0000000781000000, 0x00000007c0000000)
  eden space 137728K, 100% used [0x000000076d100000,0x0000000775780000,0x0000000775780000)
  from space 93696K, 36% used [0x0000000775780000,0x00000007778d8000,0x000000077b300000)
  to   space 89600K, 0% used [0x000000077b880000,0x000000077b880000,0x0000000781000000)
 ParOldGen       total 954368K, used 555434K [0x00000006c7200000, 0x0000000701600000, 0x000000076d100000)
  object space 954368K, 58% used [0x00000006c7200000,0x00000006e906aaa0,0x0000000701600000)
 Metaspace       used 55771K, capacity 56486K, committed 57000K, reserved 1097728K
  class space    used 7613K, capacity 7790K, committed 7856K, reserved 1048576K
Event: 11660.912 GC heap after
Heap after GC invocations=122 (full 4):
 PSYoungGen      total 233984K, used 44960K [0x000000076d100000, 0x0000000780e80000, 0x00000007c0000000)
  eden space 145920K, 0% used [0x000000076d100000,0x000000076d100000,0x0000000775f80000)
  from space 88064K, 51% used [0x000000077b880000,0x000000077e468000,0x0000000780e80000)
  to   space 89600K, 0% used [0x0000000775f80000,0x0000000775f80000,0x000000077b700000)
 ParOldGen       total 954368K, used 555434K [0x00000006c7200000, 0x0000000701600000, 0x000000076d100000)
  object space 954368K, 58% used [0x00000006c7200000,0x00000006e906aaa0,0x0000000701600000)
 Metaspace       used 55771K, capacity 56486K, committed 57000K, reserved 1097728K
  class space    used 7613K, capacity 7790K, committed 7856K, reserved 1048576K
}
Event: 11882.180 GC heap before
{Heap before GC invocations=123 (full 4):
 PSYoungGen      total 233984K, used 190880K [0x000000076d100000, 0x0000000780e80000, 0x00000007c0000000)
  eden space 145920K, 100% used [0x000000076d100000,0x0000000775f80000,0x0000000775f80000)
  from space 88064K, 51% used [0x000000077b880000,0x000000077e468000,0x0000000780e80000)
  to   space 89600K, 0% used [0x0000000775f80000,0x0000000775f80000,0x000000077b700000)
 ParOldGen       total 954368K, used 555434K [0x00000006c7200000, 0x0000000701600000, 0x000000076d100000)
  object space 954368K, 58% used [0x00000006c7200000,0x00000006e906aaa0,0x0000000701600000)
 Metaspace       used 55771K, capacity 56486K, committed 57000K, reserved 1097728K
  class space    used 7613K, capacity 7790K, committed 7856K, reserved 1048576K
Event: 11882.284 GC heap after
Heap after GC invocations=123 (full 4):
 PSYoungGen      total 235520K, used 56640K [0x000000076d100000, 0x0000000781c80000, 0x00000007c0000000)
  eden space 145920K, 0% used [0x000000076d100000,0x000000076d100000,0x0000000775f80000)
  from space 89600K, 63% used [0x0000000775f80000,0x00000007796d0000,0x000000077b700000)
  to   space 93184K, 0% used [0x000000077c180000,0x000000077c180000,0x0000000781c80000)
 ParOldGen       total 954368K, used 555434K [0x00000006c7200000, 0x0000000701600000, 0x000000076d100000)
  object space 954368K, 58% used [0x00000006c7200000,0x00000006e906aaa0,0x0000000701600000)
 Metaspace       used 55771K, capacity 56486K, committed 57000K, reserved 1097728K
  class space    used 7613K, capacity 7790K, committed 7856K, reserved 1048576K
}
Event: 12104.636 GC heap before
{Heap before GC invocations=124 (full 4):
 PSYoungGen      total 235520K, used 202560K [0x000000076d100000, 0x0000000781c80000, 0x00000007c0000000)
  eden space 145920K, 100% used [0x000000076d100000,0x0000000775f80000,0x0000000775f80000)
  from space 89600K, 63% used [0x0000000775f80000,0x00000007796d0000,0x000000077b700000)
  to   space 93184K, 0% used [0x000000077c180000,0x000000077c180000,0x0000000781c80000)
 ParOldGen       total 954368K, used 555434K [0x00000006c7200000, 0x0000000701600000, 0x000000076d100000)
  object space 954368K, 58% used [0x00000006c7200000,0x00000006e906aaa0,0x0000000701600000)
 Metaspace       used 55771K, capacity 56486K, committed 57000K, reserved 1097728K
  class space    used 7613K, capacity 7790K, committed 7856K, reserved 1048576K
Event: 12104.725 GC heap after
Heap after GC invocations=124 (full 4):
 PSYoungGen      total 239104K, used 68832K [0x000000076d100000, 0x0000000782900000, 0x00000007c0000000)
  eden space 145920K, 0% used [0x000000076d100000,0x000000076d100000,0x0000000775f80000)
  from space 93184K, 73% used [0x000000077c180000,0x00000007804b8000,0x0000000781c80000)
  to   space 100352K, 0% used [0x0000000775f80000,0x0000000775f80000,0x000000077c180000)
 ParOldGen       total 954368K, used 555434K [0x00000006c7200000, 0x0000000701600000, 0x000000076d100000)
  object space 954368K, 58% used [0x00000006c7200000,0x00000006e906aaa0,0x0000000701600000)
 Metaspace       used 55771K, capacity 56486K, committed 57000K, reserved 1097728K
  class space    used 7613K, capacity 7790K, committed 7856K, reserved 1048576K
}
Event: 12412.199 GC heap before
{Heap before GC invocations=125 (full 4):
 PSYoungGen      total 239104K, used 214752K [0x000000076d100000, 0x0000000782900000, 0x00000007c0000000)
  eden space 145920K, 100% used [0x000000076d100000,0x0000000775f80000,0x0000000775f80000)
  from space 93184K, 73% used [0x000000077c180000,0x00000007804b8000,0x0000000781c80000)
  to   space 100352K, 0% used [0x0000000775f80000,0x0000000775f80000,0x000000077c180000)
 ParOldGen       total 954368K, used 555434K [0x00000006c7200000, 0x0000000701600000, 0x000000076d100000)
  object space 954368K, 58% used [0x00000006c7200000,0x00000006e906aaa0,0x0000000701600000)
 Metaspace       used 55785K, capacity 56486K, committed 57000K, reserved 1097728K
  class space    used 7613K, capacity 7790K, committed 7856K, reserved 1048576K
Event: 12412.331 GC heap after
Heap after GC invocations=125 (full 4):
 PSYoungGen      total 246272K, used 84992K [0x000000076d100000, 0x0000000783f00000, 0x00000007c0000000)
  eden space 145920K, 0% used [0x000000076d100000,0x000000076d100000,0x0000000775f80000)
  from space 100352K, 84% used [0x0000000775f80000,0x000000077b280000,0x000000077c180000)
  to   space 112128K, 0% used [0x000000077d180000,0x000000077d180000,0x0000000783f00000)
 ParOldGen       total 954368K, used 555442K [0x00000006c7200000, 0x0000000701600000, 0x000000076d100000)
  object space 954368K, 58% used [0x00000006c7200000,0x00000006e906caa0,0x0000000701600000)
 Metaspace       used 55785K, capacity 56486K, committed 57000K, reserved 1097728K
  class space    used 7613K, capacity 7790K, committed 7856K, reserved 1048576K
}
Event: 12652.224 GC heap before
{Heap before GC invocations=126 (full 4):
 PSYoungGen      total 246272K, used 230912K [0x000000076d100000, 0x0000000783f00000, 0x00000007c0000000)
  eden space 145920K, 100% used [0x000000076d100000,0x0000000775f80000,0x0000000775f80000)
  from space 100352K, 84% used [0x0000000775f80000,0x000000077b280000,0x000000077c180000)
  to   space 112128K, 0% used [0x000000077d180000,0x000000077d180000,0x0000000783f00000)
 ParOldGen       total 954368K, used 555442K [0x00000006c7200000, 0x0000000701600000, 0x000000076d100000)
  object space 954368K, 58% used [0x00000006c7200000,0x00000006e906caa0,0x0000000701600000)
 Metaspace       used 56107K, capacity 56838K, committed 57256K, reserved 1099776K
  class space    used 7657K, capacity 7822K, committed 7856K, reserved 1048576K
Event: 12652.357 GC heap after
Heap after GC invocations=126 (full 4):
 PSYoungGen      total 248832K, used 98784K [0x000000076d100000, 0x0000000785980000, 0x00000007c0000000)
  eden space 136704K, 0% used [0x000000076d100000,0x000000076d100000,0x0000000775680000)
  from space 112128K, 88% used [0x000000077d180000,0x00000007831f8000,0x0000000783f00000)
  to   space 125952K, 0% used [0x0000000775680000,0x0000000775680000,0x000000077d180000)
 ParOldGen       total 954368K, used 555442K [0x00000006c7200000, 0x0000000701600000, 0x000000076d100000)
  object space 954368K, 58% used [0x00000006c7200000,0x00000006e906caa0,0x0000000701600000)
 Metaspace       used 56107K, capacity 56838K, committed 57256K, reserved 1099776K
  class space    used 7657K, capacity 7822K, committed 7856K, reserved 1048576K
}
Event: 12937.221 GC heap before
{Heap before GC invocations=127 (full 4):
 PSYoungGen      total 248832K, used 235488K [0x000000076d100000, 0x0000000785980000, 0x00000007c0000000)
  eden space 136704K, 100% used [0x000000076d100000,0x0000000775680000,0x0000000775680000)
  from space 112128K, 88% used [0x000000077d180000,0x00000007831f8000,0x0000000783f00000)
  to   space 125952K, 0% used [0x0000000775680000,0x0000000775680000,0x000000077d180000)
 ParOldGen       total 954368K, used 555442K [0x00000006c7200000, 0x0000000701600000, 0x000000076d100000)
  object space 954368K, 58% used [0x00000006c7200000,0x00000006e906caa0,0x0000000701600000)
 Metaspace       used 56112K, capacity 56838K, committed 57256K, reserved 1099776K
  class space    used 7657K, capacity 7822K, committed 7856K, reserved 1048576K
Event: 12937.336 GC heap after
Heap after GC invocations=127 (full 4):
 PSYoungGen      total 262656K, used 114144K [0x000000076d100000, 0x0000000787080000, 0x00000007c0000000)
  eden space 136704K, 0% used [0x000000076d100000,0x000000076d100000,0x0000000775680000)
  from space 125952K, 90% used [0x0000000775680000,0x000000077c5f8000,0x000000077d180000)
  to   space 142848K, 0% used [0x000000077e500000,0x000000077e500000,0x0000000787080000)
 ParOldGen       total 954368K, used 555442K [0x00000006c7200000, 0x0000000701600000, 0x000000076d100000)
  object space 954368K, 58% used [0x00000006c7200000,0x00000006e906caa0,0x0000000701600000)
 Metaspace       used 56112K, capacity 56838K, committed 57256K, reserved 1099776K
  class space    used 7657K, capacity 7822K, committed 7856K, reserved 1048576K
}
Event: 13220.680 GC heap before
{Heap before GC invocations=128 (full 4):
 PSYoungGen      total 262656K, used 250848K [0x000000076d100000, 0x0000000787080000, 0x00000007c0000000)
  eden space 136704K, 100% used [0x000000076d100000,0x0000000775680000,0x0000000775680000)
  from space 125952K, 90% used [0x0000000775680000,0x000000077c5f8000,0x000000077d180000)
  to   space 142848K, 0% used [0x000000077e500000,0x000000077e500000,0x0000000787080000)
 ParOldGen       total 954368K, used 555442K [0x00000006c7200000, 0x0000000701600000, 0x000000076d100000)
  object space 954368K, 58% used [0x00000006c7200000,0x00000006e906caa0,0x0000000701600000)
 Metaspace       used 56117K, capacity 56838K, committed 57256K, reserved 1099776K
  class space    used 7657K, capacity 7822K, committed 7856K, reserved 1048576K
Event: 13220.781 GC heap after
Heap after GC invocations=128 (full 4):
 PSYoungGen      total 263680K, used 127936K [0x000000076d100000, 0x0000000789500000, 0x00000007c0000000)
  eden space 120832K, 0% used [0x000000076d100000,0x000000076d100000,0x0000000774700000)
  from space 142848K, 89% used [0x000000077e500000,0x00000007861f0000,0x0000000787080000)
  to   space 161792K, 0% used [0x0000000774700000,0x0000000774700000,0x000000077e500000)
 ParOldGen       total 954368K, used 555442K [0x00000006c7200000, 0x0000000701600000, 0x000000076d100000)
  object space 954368K, 58% used [0x00000006c7200000,0x00000006e906caa0,0x0000000701600000)
 Metaspace       used 56117K, capacity 56838K, committed 57256K, reserved 1099776K
  class space    used 7657K, capacity 7822K, committed 7856K, reserved 1048576K
}
Event: 13467.262 GC heap before
{Heap before GC invocations=129 (full 4):
 PSYoungGen      total 263680K, used 248768K [0x000000076d100000, 0x0000000789500000, 0x00000007c0000000)
  eden space 120832K, 100% used [0x000000076d100000,0x0000000774700000,0x0000000774700000)
  from space 142848K, 89% used [0x000000077e500000,0x00000007861f0000,0x0000000787080000)
  to   space 161792K, 0% used [0x0000000774700000,0x0000000774700000,0x000000077e500000)
 ParOldGen       total 954368K, used 555442K [0x00000006c7200000, 0x0000000701600000, 0x000000076d100000)
  object space 954368K, 58% used [0x00000006c7200000,0x00000006e906caa0,0x0000000701600000)
 Metaspace       used 56117K, capacity 56838K, committed 57256K, reserved 1099776K
  class space    used 7657K, capacity 7822K, committed 7856K, reserved 1048576K
Event: 13467.471 GC heap after
Heap after GC invocations=129 (full 4):
 PSYoungGen      total 282624K, used 141344K [0x000000076d100000, 0x000000078ab00000, 0x00000007c0000000)
  eden space 120832K, 0% used [0x000000076d100000,0x000000076d100000,0x0000000774700000)
  from space 161792K, 87% used [0x0000000774700000,0x000000077d108000,0x000000077e500000)
  to   space 181248K, 0% used [0x000000077fa00000,0x000000077fa00000,0x000000078ab00000)
 ParOldGen       total 954368K, used 555442K [0x00000006c7200000, 0x0000000701600000, 0x000000076d100000)
  object space 954368K, 58% used [0x00000006c7200000,0x00000006e906caa0,0x0000000701600000)
 Metaspace       used 56117K, capacity 56838K, committed 57256K, reserved 1099776K
  class space    used 7657K, capacity 7822K, committed 7856K, reserved 1048576K
}
Event: 13707.249 GC heap before
{Heap before GC invocations=130 (full 4):
 PSYoungGen      total 282624K, used 262176K [0x000000076d100000, 0x000000078ab00000, 0x00000007c0000000)
  eden space 120832K, 100% used [0x000000076d100000,0x0000000774700000,0x0000000774700000)
  from space 161792K, 87% used [0x0000000774700000,0x000000077d108000,0x000000077e500000)
  to   space 181248K, 0% used [0x000000077fa00000,0x000000077fa00000,0x000000078ab00000)
 ParOldGen       total 954368K, used 555442K [0x00000006c7200000, 0x0000000701600000, 0x000000076d100000)
  object space 954368K, 58% used [0x00000006c7200000,0x00000006e906caa0,0x0000000701600000)
 Metaspace       used 56119K, capacity 56838K, committed 57256K, reserved 1099776K
  class space    used 7657K, capacity 7822K, committed 7856K, reserved 1048576K
Event: 13707.396 GC heap after
Heap after GC invocations=130 (full 4):
 PSYoungGen      total 284672K, used 152864K [0x000000076d100000, 0x000000078d100000, 0x00000007c0000000)
  eden space 103424K, 0% used [0x000000076d100000,0x000000076d100000,0x0000000773600000)
  from space 181248K, 84% used [0x000000077fa00000,0x0000000788f48000,0x000000078ab00000)
  to   space 200704K, 0% used [0x0000000773600000,0x0000000773600000,0x000000077fa00000)
 ParOldGen       total 954368K, used 555442K [0x00000006c7200000, 0x0000000701600000, 0x000000076d100000)
  object space 954368K, 58% used [0x00000006c7200000,0x00000006e906caa0,0x0000000701600000)
 Metaspace       used 56119K, capacity 56838K, committed 57256K, reserved 1099776K
  class space    used 7657K, capacity 7822K, committed 7856K, reserved 1048576K
}
Event: 13917.271 GC heap before
{Heap before GC invocations=131 (full 4):
 PSYoungGen      total 284672K, used 256288K [0x000000076d100000, 0x000000078d100000, 0x00000007c0000000)
  eden space 103424K, 100% used [0x000000076d100000,0x0000000773600000,0x0000000773600000)
  from space 181248K, 84% used [0x000000077fa00000,0x0000000788f48000,0x000000078ab00000)
  to   space 200704K, 0% used [0x0000000773600000,0x0000000773600000,0x000000077fa00000)
 ParOldGen       total 954368K, used 555442K [0x00000006c7200000, 0x0000000701600000, 0x000000076d100000)
  object space 954368K, 58% used [0x00000006c7200000,0x00000006e906caa0,0x0000000701600000)
 Metaspace       used 56122K, capacity 56838K, committed 57256K, reserved 1099776K
  class space    used 7657K, capacity 7822K, committed 7856K, reserved 1048576K
Event: 13917.394 GC heap after
Heap after GC invocations=131 (full 4):
 PSYoungGen      total 304128K, used 164224K [0x000000076d100000, 0x000000078e680000, 0x00000007c0000000)
  eden space 103424K, 0% used [0x000000076d100000,0x000000076d100000,0x0000000773600000)
  from space 200704K, 81% used [0x0000000773600000,0x000000077d660000,0x000000077fa00000)
  to   space 220672K, 0% used [0x0000000780f00000,0x0000000780f00000,0x000000078e680000)
 ParOldGen       total 954368K, used 555442K [0x00000006c7200000, 0x0000000701600000, 0x000000076d100000)
  object space 954368K, 58% used [0x00000006c7200000,0x00000006e906caa0,0x0000000701600000)
 Metaspace       used 56122K, capacity 56838K, committed 57256K, reserved 1099776K
  class space    used 7657K, capacity 7822K, committed 7856K, reserved 1048576K
}
Event: 14182.275 GC heap before
{Heap before GC invocations=132 (full 4):
 PSYoungGen      total 304128K, used 267648K [0x000000076d100000, 0x000000078e680000, 0x00000007c0000000)
  eden space 103424K, 100% used [0x000000076d100000,0x0000000773600000,0x0000000773600000)
  from space 200704K, 81% used [0x0000000773600000,0x000000077d660000,0x000000077fa00000)
  to   space 220672K, 0% used [0x0000000780f00000,0x0000000780f00000,0x000000078e680000)
 ParOldGen       total 954368K, used 555442K [0x00000006c7200000, 0x0000000701600000, 0x000000076d100000)
  object space 954368K, 58% used [0x00000006c7200000,0x00000006e906caa0,0x0000000701600000)
 Metaspace       used 56122K, capacity 56838K, committed 57256K, reserved 1099776K
  class space    used 7657K, capacity 7822K, committed 7856K, reserved 1048576K
Event: 14182.473 GC heap after
Heap after GC invocations=132 (full 4):
 PSYoungGen      total 305152K, used 178144K [0x000000076d100000, 0x0000000790e80000, 0x00000007c0000000)
  eden space 84480K, 0% used [0x000000076d100000,0x000000076d100000,0x0000000772380000)
  from space 220672K, 80% used [0x0000000780f00000,0x000000078bcf8000,0x000000078e680000)
  to   space 241152K, 0% used [0x0000000772380000,0x0000000772380000,0x0000000780f00000)
 ParOldGen       total 954368K, used 555442K [0x00000006c7200000, 0x0000000701600000, 0x000000076d100000)
  object space 954368K, 58% used [0x00000006c7200000,0x00000006e906caa0,0x0000000701600000)
 Metaspace       used 56122K, capacity 56838K, committed 57256K, reserved 1099776K
  class space    used 7657K, capacity 7822K, committed 7856K, reserved 1048576K
}
Event: 14392.298 GC heap before
{Heap before GC invocations=133 (full 4):
 PSYoungGen      total 305152K, used 262624K [0x000000076d100000, 0x0000000790e80000, 0x00000007c0000000)
  eden space 84480K, 100% used [0x000000076d100000,0x0000000772380000,0x0000000772380000)
  from space 220672K, 80% used [0x0000000780f00000,0x000000078bcf8000,0x000000078e680000)
  to   space 241152K, 0% used [0x0000000772380000,0x0000000772380000,0x0000000780f00000)
 ParOldGen       total 954368K, used 555442K [0x00000006c7200000, 0x0000000701600000, 0x000000076d100000)
  object space 954368K, 58% used [0x00000006c7200000,0x00000006e906caa0,0x0000000701600000)
 Metaspace       used 56122K, capacity 56838K, committed 57256K, reserved 1099776K
  class space    used 7657K, capacity 7822K, committed 7856K, reserved 1048576K
Event: 14392.449 GC heap after
Heap after GC invocations=133 (full 4):
 PSYoungGen      total 325632K, used 188960K [0x000000076d100000, 0x0000000792300000, 0x00000007c0000000)
  eden space 84480K, 0% used [0x000000076d100000,0x000000076d100000,0x0000000772380000)
  from space 241152K, 78% used [0x0000000772380000,0x000000077dc08000,0x0000000780f00000)
  to   space 261120K, 0% used [0x0000000782400000,0x0000000782400000,0x0000000792300000)
 ParOldGen       total 954368K, used 555442K [0x00000006c7200000, 0x0000000701600000, 0x000000076d100000)
  object space 954368K, 58% used [0x00000006c7200000,0x00000006e906caa0,0x0000000701600000)
 Metaspace       used 56122K, capacity 56838K, committed 57256K, reserved 1099776K
  class space    used 7657K, capacity 7822K, committed 7856K, reserved 1048576K
}
Event: 14607.300 GC heap before
{Heap before GC invocations=134 (full 4):
 PSYoungGen      total 325632K, used 273440K [0x000000076d100000, 0x0000000792300000, 0x00000007c0000000)
  eden space 84480K, 100% used [0x000000076d100000,0x0000000772380000,0x0000000772380000)
  from space 241152K, 78% used [0x0000000772380000,0x000000077dc08000,0x0000000780f00000)
  to   space 261120K, 0% used [0x0000000782400000,0x0000000782400000,0x0000000792300000)
 ParOldGen       total 954368K, used 555442K [0x00000006c7200000, 0x0000000701600000, 0x000000076d100000)
  object space 954368K, 58% used [0x00000006c7200000,0x00000006e906caa0,0x0000000701600000)
 Metaspace       used 56122K, capacity 56838K, committed 57256K, reserved 1099776K
  class space    used 7657K, capacity 7822K, committed 7856K, reserved 1048576K
Event: 14607.454 GC heap after
Heap after GC invocations=134 (full 4):
 PSYoungGen      total 331776K, used 188864K [0x000000076d100000, 0x0000000794080000, 0x00000007c0000000)
  eden space 70656K, 0% used [0x000000076d100000,0x000000076d100000,0x0000000771600000)
  from space 261120K, 72% used [0x0000000782400000,0x000000078dc70000,0x0000000792300000)
  to   space 276480K, 0% used [0x0000000771600000,0x0000000771600000,0x0000000782400000)
 ParOldGen       total 954368K, used 565687K [0x00000006c7200000, 0x0000000701600000, 0x000000076d100000)
  object space 954368K, 59% used [0x00000006c7200000,0x00000006e9a6dc40,0x0000000701600000)
 Metaspace       used 56122K, capacity 56838K, committed 57256K, reserved 1099776K
  class space    used 7657K, capacity 7822K, committed 7856K, reserved 1048576K
}
Event: 14730.016 GC heap before
{Heap before GC invocations=135 (full 4):
 PSYoungGen      total 331776K, used 259520K [0x000000076d100000, 0x0000000794080000, 0x00000007c0000000)
  eden space 70656K, 100% used [0x000000076d100000,0x0000000771600000,0x0000000771600000)
  from space 261120K, 72% used [0x0000000782400000,0x000000078dc70000,0x0000000792300000)
  to   space 276480K, 0% used [0x0000000771600000,0x0000000771600000,0x0000000782400000)
 ParOldGen       total 954368K, used 565687K [0x00000006c7200000, 0x0000000701600000, 0x000000076d100000)
  object space 954368K, 59% used [0x00000006c7200000,0x00000006e9a6dc40,0x0000000701600000)
 Metaspace       used 56128K, capacity 56838K, committed 57256K, reserved 1099776K
  class space    used 7657K, capacity 7822K, committed 7856K, reserved 1048576K
Event: 14730.161 GC heap after
Heap after GC invocations=135 (full 4):
 PSYoungGen      total 347136K, used 184640K [0x000000076d100000, 0x0000000794700000, 0x00000007c0000000)
  eden space 70656K, 0% used [0x000000076d100000,0x000000076d100000,0x0000000771600000)
  from space 276480K, 66% used [0x0000000771600000,0x000000077ca50000,0x0000000782400000)
  to   space 286720K, 0% used [0x0000000782f00000,0x0000000782f00000,0x0000000794700000)
 ParOldGen       total 954368K, used 575563K [0x00000006c7200000, 0x0000000701600000, 0x000000076d100000)
  object space 954368K, 60% used [0x00000006c7200000,0x00000006ea412d40,0x0000000701600000)
 Metaspace       used 56128K, capacity 56838K, committed 57256K, reserved 1099776K
  class space    used 7657K, capacity 7822K, committed 7856K, reserved 1048576K
}
Event: 14796.749 GC heap before
{Heap before GC invocations=136 (full 4):
 PSYoungGen      total 347136K, used 255296K [0x000000076d100000, 0x0000000794700000, 0x00000007c0000000)
  eden space 70656K, 100% used [0x000000076d100000,0x0000000771600000,0x0000000771600000)
  from space 276480K, 66% used [0x0000000771600000,0x000000077ca50000,0x0000000782400000)
  to   space 286720K, 0% used [0x0000000782f00000,0x0000000782f00000,0x0000000794700000)
 ParOldGen       total 954368K, used 575563K [0x00000006c7200000, 0x0000000701600000, 0x000000076d100000)
  object space 954368K, 60% used [0x00000006c7200000,0x00000006ea412d40,0x0000000701600000)
 Metaspace       used 56192K, capacity 56902K, committed 57256K, reserved 1099776K
  class space    used 7658K, capacity 7822K, committed 7856K, reserved 1048576K
Event: 14796.923 GC heap after
Heap after GC invocations=136 (full 4):
 PSYoungGen      total 353792K, used 177280K [0x000000076d100000, 0x0000000795080000, 0x00000007c0000000)
  eden space 67072K, 0% used [0x000000076d100000,0x000000076d100000,0x0000000771280000)
  from space 286720K, 61% used [0x0000000782f00000,0x000000078dc20000,0x0000000794700000)
  to   space 291328K, 0% used [0x0000000771280000,0x0000000771280000,0x0000000782f00000)
 ParOldGen       total 954368K, used 586191K [0x00000006c7200000, 0x0000000701600000, 0x000000076d100000)
  object space 954368K, 61% used [0x00000006c7200000,0x00000006eae73f90,0x0000000701600000)
 Metaspace       used 56192K, capacity 56902K, committed 57256K, reserved 1099776K
  class space    used 7658K, capacity 7822K, committed 7856K, reserved 1048576K
}
Event: 14953.073 GC heap before
{Heap before GC invocations=137 (full 4):
 PSYoungGen      total 353792K, used 244352K [0x000000076d100000, 0x0000000795080000, 0x00000007c0000000)
  eden space 67072K, 100% used [0x000000076d100000,0x0000000771280000,0x0000000771280000)
  from space 286720K, 61% used [0x0000000782f00000,0x000000078dc20000,0x0000000794700000)
  to   space 291328K, 0% used [0x0000000771280000,0x0000000771280000,0x0000000782f00000)
 ParOldGen       total 954368K, used 586191K [0x00000006c7200000, 0x0000000701600000, 0x000000076d100000)
  object space 954368K, 61% used [0x00000006c7200000,0x00000006eae73f90,0x0000000701600000)
 Metaspace       used 56195K, capacity 56902K, committed 57256K, reserved 1099776K
  class space    used 7658K, capacity 7822K, committed 7856K, reserved 1048576K
Event: 14953.242 GC heap after
Heap after GC invocations=137 (full 4):
 PSYoungGen      total 358400K, used 175232K [0x000000076d100000, 0x0000000795000000, 0x00000007c0000000)
  eden space 67072K, 0% used [0x000000076d100000,0x000000076d100000,0x0000000771280000)
  from space 291328K, 60% used [0x0000000771280000,0x000000077bda0000,0x0000000782f00000)
  to   space 292864K, 0% used [0x0000000783200000,0x0000000783200000,0x0000000795000000)
 ParOldGen       total 954368K, used 596852K [0x00000006c7200000, 0x0000000701600000, 0x000000076d100000)
  object space 954368K, 62% used [0x00000006c7200000,0x00000006eb8dd1f0,0x0000000701600000)
 Metaspace       used 56195K, capacity 56902K, committed 57256K, reserved 1099776K
  class space    used 7658K, capacity 7822K, committed 7856K, reserved 1048576K
}
Event: 15076.381 GC heap before
{Heap before GC invocations=138 (full 4):
 PSYoungGen      total 358400K, used 242304K [0x000000076d100000, 0x0000000795000000, 0x00000007c0000000)
  eden space 67072K, 100% used [0x000000076d100000,0x0000000771280000,0x0000000771280000)
  from space 291328K, 60% used [0x0000000771280000,0x000000077bda0000,0x0000000782f00000)
  to   space 292864K, 0% used [0x0000000783200000,0x0000000783200000,0x0000000795000000)
 ParOldGen       total 954368K, used 596852K [0x00000006c7200000, 0x0000000701600000, 0x000000076d100000)
  object space 954368K, 62% used [0x00000006c7200000,0x00000006eb8dd1f0,0x0000000701600000)
 Metaspace       used 56252K, capacity 56902K, committed 57256K, reserved 1099776K
  class space    used 7663K, capacity 7822K, committed 7856K, reserved 1048576K
Event: 15076.534 GC heap after
Heap after GC invocations=138 (full 4):
 PSYoungGen      total 358400K, used 169728K [0x000000076d100000, 0x0000000794d00000, 0x00000007c0000000)
  eden space 68608K, 0% used [0x000000076d100000,0x000000076d100000,0x0000000771400000)
  from space 289792K, 58% used [0x0000000783200000,0x000000078d7c0000,0x0000000794d00000)
  to   space 291328K, 0% used [0x0000000771400000,0x0000000771400000,0x0000000783080000)
 ParOldGen       total 954368K, used 608105K [0x00000006c7200000, 0x0000000701600000, 0x000000076d100000)
  object space 954368K, 63% used [0x00000006c7200000,0x00000006ec3da550,0x0000000701600000)
 Metaspace       used 56252K, capacity 56902K, committed 57256K, reserved 1099776K
  class space    used 7663K, capacity 7822K, committed 7856K, reserved 1048576K
}
Event: 15122.540 GC heap before
{Heap before GC invocations=139 (full 4):
 PSYoungGen      total 358400K, used 238336K [0x000000076d100000, 0x0000000794d00000, 0x00000007c0000000)
  eden space 68608K, 100% used [0x000000076d100000,0x0000000771400000,0x0000000771400000)
  from space 289792K, 58% used [0x0000000783200000,0x000000078d7c0000,0x0000000794d00000)
  to   space 291328K, 0% used [0x0000000771400000,0x0000000771400000,0x0000000783080000)
 ParOldGen       total 954368K, used 608105K [0x00000006c7200000, 0x0000000701600000, 0x000000076d100000)
  object space 954368K, 63% used [0x00000006c7200000,0x00000006ec3da550,0x0000000701600000)
 Metaspace       used 56300K, capacity 56998K, committed 57512K, reserved 1099776K
  class space    used 7671K, capacity 7854K, committed 7856K, reserved 1048576K
Event: 15122.681 GC heap after
Heap after GC invocations=139 (full 4):
 PSYoungGen      total 229888K, used 161088K [0x000000076d100000, 0x0000000794300000, 0x00000007c0000000)
  eden space 68608K, 0% used [0x000000076d100000,0x000000076d100000,0x0000000771400000)
  from space 161280K, 99% used [0x0000000771400000,0x000000077b150000,0x000000077b180000)
  to   space 285184K, 0% used [0x0000000782c80000,0x0000000782c80000,0x0000000794300000)
 ParOldGen       total 954368K, used 619454K [0x00000006c7200000, 0x0000000701600000, 0x000000076d100000)
  object space 954368K, 64% used [0x00000006c7200000,0x00000006eceef8e0,0x0000000701600000)
 Metaspace       used 56300K, capacity 56998K, committed 57512K, reserved 1099776K
  class space    used 7671K, capacity 7854K, committed 7856K, reserved 1048576K
}
Event: 15182.322 GC heap before
{Heap before GC invocations=140 (full 4):
 PSYoungGen      total 229888K, used 229696K [0x000000076d100000, 0x0000000794300000, 0x00000007c0000000)
  eden space 68608K, 100% used [0x000000076d100000,0x0000000771400000,0x0000000771400000)
  from space 161280K, 99% used [0x0000000771400000,0x000000077b150000,0x000000077b180000)
  to   space 285184K, 0% used [0x0000000782c80000,0x0000000782c80000,0x0000000794300000)
 ParOldGen       total 954368K, used 619454K [0x00000006c7200000, 0x0000000701600000, 0x000000076d100000)
  object space 954368K, 64% used [0x00000006c7200000,0x00000006eceef8e0,0x0000000701600000)
 Metaspace       used 56306K, capacity 56998K, committed 57512K, reserved 1099776K
  class space    used 7671K, capacity 7854K, committed 7856K, reserved 1048576K
Event: 15182.488 GC heap after
Heap after GC invocations=140 (full 4):
 PSYoungGen      total 333312K, used 147424K [0x000000076d100000, 0x0000000792d00000, 0x00000007c0000000)
  eden space 70656K, 0% used [0x000000076d100000,0x000000076d100000,0x0000000771600000)
  from space 262656K, 56% used [0x0000000782c80000,0x000000078bc78000,0x0000000792d00000)
  to   space 273920K, 0% used [0x0000000771600000,0x0000000771600000,0x0000000782180000)
 ParOldGen       total 954368K, used 634980K [0x00000006c7200000, 0x0000000701600000, 0x000000076d100000)
  object space 954368K, 66% used [0x00000006c7200000,0x00000006ede193a0,0x0000000701600000)
 Metaspace       used 56306K, capacity 56998K, committed 57512K, reserved 1099776K
  class space    used 7671K, capacity 7854K, committed 7856K, reserved 1048576K
}
Event: 15229.552 GC heap before
{Heap before GC invocations=141 (full 4):
 PSYoungGen      total 333312K, used 218080K [0x000000076d100000, 0x0000000792d00000, 0x00000007c0000000)
  eden space 70656K, 100% used [0x000000076d100000,0x0000000771600000,0x0000000771600000)
  from space 262656K, 56% used [0x0000000782c80000,0x000000078bc78000,0x0000000792d00000)
  to   space 273920K, 0% used [0x0000000771600000,0x0000000771600000,0x0000000782180000)
 ParOldGen       total 954368K, used 634980K [0x00000006c7200000, 0x0000000701600000, 0x000000076d100000)
  object space 954368K, 66% used [0x00000006c7200000,0x00000006ede193a0,0x0000000701600000)
 Metaspace       used 56312K, capacity 56998K, committed 57512K, reserved 1099776K
  class space    used 7671K, capacity 7854K, committed 7856K, reserved 1048576K
Event: 15229.699 GC heap after
Heap after GC invocations=141 (full 4):
 PSYoungGen      total 207360K, used 136256K [0x000000076d100000, 0x0000000791680000, 0x00000007c0000000)
  eden space 70656K, 0% used [0x000000076d100000,0x000000076d100000,0x0000000771600000)
  from space 136704K, 99% used [0x0000000771600000,0x0000000779b10000,0x0000000779b80000)
  to   space 261120K, 0% used [0x0000000781780000,0x0000000781780000,0x0000000791680000)
 ParOldGen       total 954368K, used 648770K [0x00000006c7200000, 0x0000000701600000, 0x000000076d100000)
  object space 954368K, 67% used [0x00000006c7200000,0x00000006eeb908d0,0x0000000701600000)
 Metaspace       used 56312K, capacity 56998K, committed 57512K, reserved 1099776K
  class space    used 7671K, capacity 7854K, committed 7856K, reserved 1048576K
}
Event: 15307.324 GC heap before
{Heap before GC invocations=142 (full 4):
 PSYoungGen      total 207360K, used 206912K [0x000000076d100000, 0x0000000791680000, 0x00000007c0000000)
  eden space 70656K, 100% used [0x000000076d100000,0x0000000771600000,0x0000000771600000)
  from space 136704K, 99% used [0x0000000771600000,0x0000000779b10000,0x0000000779b80000)
  to   space 261120K, 0% used [0x0000000781780000,0x0000000781780000,0x0000000791680000)
 ParOldGen       total 954368K, used 648770K [0x00000006c7200000, 0x0000000701600000, 0x000000076d100000)
  object space 954368K, 67% used [0x00000006c7200000,0x00000006eeb908d0,0x0000000701600000)
 Metaspace       used 56312K, capacity 56998K, committed 57512K, reserved 1099776K
  class space    used 7671K, capacity 7854K, committed 7856K, reserved 1048576K
Event: 15307.461 GC heap after
Heap after GC invocations=142 (full 4):
 PSYoungGen      total 313856K, used 124768K [0x000000076d100000, 0x0000000790280000, 0x00000007c0000000)
  eden space 73216K, 0% used [0x000000076d100000,0x000000076d100000,0x0000000771880000)
  from space 240640K, 51% used [0x0000000781780000,0x0000000789158000,0x0000000790280000)
  to   space 250880K, 0% used [0x0000000771880000,0x0000000771880000,0x0000000780d80000)
 ParOldGen       total 954368K, used 663136K [0x00000006c7200000, 0x0000000701600000, 0x000000076d100000)
  object space 954368K, 69% used [0x00000006c7200000,0x00000006ef998190,0x0000000701600000)
 Metaspace       used 56312K, capacity 56998K, committed 57512K, reserved 1099776K
  class space    used 7671K, capacity 7854K, committed 7856K, reserved 1048576K
}
Event: 15452.327 GC heap before
{Heap before GC invocations=143 (full 4):
 PSYoungGen      total 313856K, used 197984K [0x000000076d100000, 0x0000000790280000, 0x00000007c0000000)
  eden space 73216K, 100% used [0x000000076d100000,0x0000000771880000,0x0000000771880000)
  from space 240640K, 51% used [0x0000000781780000,0x0000000789158000,0x0000000790280000)
  to   space 250880K, 0% used [0x0000000771880000,0x0000000771880000,0x0000000780d80000)
 ParOldGen       total 954368K, used 663136K [0x00000006c7200000, 0x0000000701600000, 0x000000076d100000)
  object space 954368K, 69% used [0x00000006c7200000,0x00000006ef998190,0x0000000701600000)
 Metaspace       used 56313K, capacity 56998K, committed 57512K, reserved 1099776K
  class space    used 7671K, capacity 7854K, committed 7856K, reserved 1048576K
Event: 15452.449 GC heap after
Heap after GC invocations=143 (full 4):
 PSYoungGen      total 192000K, used 118464K [0x000000076d100000, 0x000000078f480000, 0x00000007c0000000)
  eden space 73216K, 0% used [0x000000076d100000,0x000000076d100000,0x0000000771880000)
  from space 118784K, 99% used [0x0000000771880000,0x0000000778c30000,0x0000000778c80000)
  to   space 242688K, 0% used [0x0000000780780000,0x0000000780780000,0x000000078f480000)
 ParOldGen       total 954368K, used 677574K [0x00000006c7200000, 0x0000000701600000, 0x000000076d100000)
  object space 954368K, 70% used [0x00000006c7200000,0x00000006f07b1a70,0x0000000701600000)
 Metaspace       used 56313K, capacity 56998K, committed 57512K, reserved 1099776K
  class space    used 7671K, capacity 7854K, committed 7856K, reserved 1048576K
}
Event: 15612.341 GC heap before
{Heap before GC invocations=144 (full 4):
 PSYoungGen      total 192000K, used 191680K [0x000000076d100000, 0x000000078f480000, 0x00000007c0000000)
  eden space 73216K, 100% used [0x000000076d100000,0x0000000771880000,0x0000000771880000)
  from space 118784K, 99% used [0x0000000771880000,0x0000000778c30000,0x0000000778c80000)
  to   space 242688K, 0% used [0x0000000780780000,0x0000000780780000,0x000000078f480000)
 ParOldGen       total 954368K, used 677574K [0x00000006c7200000, 0x0000000701600000, 0x000000076d100000)
  object space 954368K, 70% used [0x00000006c7200000,0x00000006f07b1a70,0x0000000701600000)
 Metaspace       used 56317K, capacity 56998K, committed 57512K, reserved 1099776K
  class space    used 7671K, capacity 7854K, committed 7856K, reserved 1048576K
Event: 15612.467 GC heap after
Heap after GC invocations=144 (full 4):
 PSYoungGen      total 303616K, used 114016K [0x000000076d100000, 0x000000078e680000, 0x00000007c0000000)
  eden space 75264K, 0% used [0x000000076d100000,0x000000076d100000,0x0000000771a80000)
  from space 228352K, 49% used [0x0000000780780000,0x00000007876d8000,0x000000078e680000)
  to   space 235520K, 0% used [0x0000000771a80000,0x0000000771a80000,0x0000000780080000)
 ParOldGen       total 954368K, used 690228K [0x00000006c7200000, 0x0000000701600000, 0x000000076d100000)
  object space 954368K, 72% used [0x00000006c7200000,0x00000006f140d040,0x0000000701600000)
 Metaspace       used 56317K, capacity 56998K, committed 57512K, reserved 1099776K
  class space    used 7671K, capacity 7854K, committed 7856K, reserved 1048576K
}
Event: 15697.574 GC heap before
{Heap before GC invocations=145 (full 4):
 PSYoungGen      total 303616K, used 189280K [0x000000076d100000, 0x000000078e680000, 0x00000007c0000000)
  eden space 75264K, 100% used [0x000000076d100000,0x0000000771a80000,0x0000000771a80000)
  from space 228352K, 49% used [0x0000000780780000,0x00000007876d8000,0x000000078e680000)
  to   space 235520K, 0% used [0x0000000771a80000,0x0000000771a80000,0x0000000780080000)
 ParOldGen       total 954368K, used 690228K [0x00000006c7200000, 0x0000000701600000, 0x000000076d100000)
  object space 954368K, 72% used [0x00000006c7200000,0x00000006f140d040,0x0000000701600000)
 Metaspace       used 56320K, capacity 56998K, committed 57512K, reserved 1099776K
  class space    used 7671K, capacity 7854K, committed 7856K, reserved 1048576K
Event: 15697.699 GC heap after
Heap after GC invocations=145 (full 4):
 PSYoungGen      total 181248K, used 105504K [0x000000076d100000, 0x000000078dd80000, 0x00000007c0000000)
  eden space 75264K, 0% used [0x000000076d100000,0x000000076d100000,0x0000000771a80000)
  from space 105984K, 99% used [0x0000000771a80000,0x0000000778188000,0x0000000778200000)
  to   space 229888K, 0% used [0x000000077fd00000,0x000000077fd00000,0x000000078dd80000)
 ParOldGen       total 954368K, used 702257K [0x00000006c7200000, 0x0000000701600000, 0x000000076d100000)
  object space 954368K, 73% used [0x00000006c7200000,0x00000006f1fcc500,0x0000000701600000)
 Metaspace       used 56320K, capacity 56998K, committed 57512K, reserved 1099776K
  class space    used 7671K, capacity 7854K, committed 7856K, reserved 1048576K
}
Event: 15797.060 GC heap before
{Heap before GC invocations=146 (full 4):
 PSYoungGen      total 181248K, used 180768K [0x000000076d100000, 0x000000078dd80000, 0x00000007c0000000)
  eden space 75264K, 100% used [0x000000076d100000,0x0000000771a80000,0x0000000771a80000)
  from space 105984K, 99% used [0x0000000771a80000,0x0000000778188000,0x0000000778200000)
  to   space 229888K, 0% used [0x000000077fd00000,0x000000077fd00000,0x000000078dd80000)
 ParOldGen       total 954368K, used 702257K [0x00000006c7200000, 0x0000000701600000, 0x000000076d100000)
  object space 954368K, 73% used [0x00000006c7200000,0x00000006f1fcc500,0x0000000701600000)
 Metaspace       used 56321K, capacity 56998K, committed 57512K, reserved 1099776K
  class space    used 7671K, capacity 7854K, committed 7856K, reserved 1048576K
Event: 15797.178 GC heap after
Heap after GC invocations=146 (full 4):
 PSYoungGen      total 297984K, used 99712K [0x000000076d100000, 0x000000078d480000, 0x00000007c0000000)
  eden space 77312K, 0% used [0x000000076d100000,0x000000076d100000,0x0000000771c80000)
  from space 220672K, 45% used [0x000000077fd00000,0x0000000785e60000,0x000000078d480000)
  to   space 225280K, 0% used [0x0000000771c80000,0x0000000771c80000,0x000000077f880000)
 ParOldGen       total 954368K, used 713045K [0x00000006c7200000, 0x0000000701600000, 0x000000076d100000)
  object space 954368K, 74% used [0x00000006c7200000,0x00000006f2a55790,0x0000000701600000)
 Metaspace       used 56321K, capacity 56998K, committed 57512K, reserved 1099776K
  class space    used 7671K, capacity 7854K, committed 7856K, reserved 1048576K
}
Event: 15876.406 GC heap before
{Heap before GC invocations=147 (full 4):
 PSYoungGen      total 297984K, used 177024K [0x000000076d100000, 0x000000078d480000, 0x00000007c0000000)
  eden space 77312K, 100% used [0x000000076d100000,0x0000000771c80000,0x0000000771c80000)
  from space 220672K, 45% used [0x000000077fd00000,0x0000000785e60000,0x000000078d480000)
  to   space 225280K, 0% used [0x0000000771c80000,0x0000000771c80000,0x000000077f880000)
 ParOldGen       total 954368K, used 713045K [0x00000006c7200000, 0x0000000701600000, 0x000000076d100000)
  object space 954368K, 74% used [0x00000006c7200000,0x00000006f2a55790,0x0000000701600000)
 Metaspace       used 56323K, capacity 56998K, committed 57512K, reserved 1099776K
  class space    used 7671K, capacity 7854K, committed 7856K, reserved 1048576K
Event: 15876.525 GC heap after
Heap after GC invocations=147 (full 4):
 PSYoungGen      total 167936K, used 90144K [0x000000076d100000, 0x000000078cf80000, 0x00000007c0000000)
  eden space 77312K, 0% used [0x000000076d100000,0x000000076d100000,0x0000000771c80000)
  from space 90624K, 99% used [0x0000000771c80000,0x0000000777488000,0x0000000777500000)
  to   space 221696K, 0% used [0x000000077f700000,0x000000077f700000,0x000000078cf80000)
 ParOldGen       total 954368K, used 726499K [0x00000006c7200000, 0x0000000701600000, 0x000000076d100000)
  object space 954368K, 76% used [0x00000006c7200000,0x00000006f3778ec0,0x0000000701600000)
 Metaspace       used 56323K, capacity 56998K, committed 57512K, reserved 1099776K
  class space    used 7671K, capacity 7854K, committed 7856K, reserved 1048576K
}
Event: 15987.351 GC heap before
{Heap before GC invocations=148 (full 4):
 PSYoungGen      total 167936K, used 167456K [0x000000076d100000, 0x000000078cf80000, 0x00000007c0000000)
  eden space 77312K, 100% used [0x000000076d100000,0x0000000771c80000,0x0000000771c80000)
  from space 90624K, 99% used [0x0000000771c80000,0x0000000777488000,0x0000000777500000)
  to   space 221696K, 0% used [0x000000077f700000,0x000000077f700000,0x000000078cf80000)
 ParOldGen       total 954368K, used 726499K [0x00000006c7200000, 0x0000000701600000, 0x000000076d100000)
  object space 954368K, 76% used [0x00000006c7200000,0x00000006f3778ec0,0x0000000701600000)
 Metaspace       used 56332K, capacity 57062K, committed 57512K, reserved 1099776K
  class space    used 7671K, capacity 7854K, committed 7856K, reserved 1048576K
Event: 15987.463 GC heap after
Heap after GC invocations=148 (full 4):
 PSYoungGen      total 292864K, used 85888K [0x000000076d100000, 0x000000078c800000, 0x00000007c0000000)
  eden space 78848K, 0% used [0x000000076d100000,0x000000076d100000,0x0000000771e00000)
  from space 214016K, 40% used [0x000000077f700000,0x0000000784ae0000,0x000000078c800000)
  to   space 218112K, 0% used [0x0000000771e00000,0x0000000771e00000,0x000000077f300000)
 ParOldGen       total 954368K, used 737128K [0x00000006c7200000, 0x0000000701600000, 0x000000076d100000)
  object space 954368K, 77% used [0x00000006c7200000,0x00000006f41da110,0x0000000701600000)
 Metaspace       used 56332K, capacity 57062K, committed 57512K, reserved 1099776K
  class space    used 7671K, capacity 7854K, committed 7856K, reserved 1048576K
}
Event: 16107.354 GC heap before
{Heap before GC invocations=149 (full 4):
 PSYoungGen      total 292864K, used 164736K [0x000000076d100000, 0x000000078c800000, 0x00000007c0000000)
  eden space 78848K, 100% used [0x000000076d100000,0x0000000771e00000,0x0000000771e00000)
  from space 214016K, 40% used [0x000000077f700000,0x0000000784ae0000,0x000000078c800000)
  to   space 218112K, 0% used [0x0000000771e00000,0x0000000771e00000,0x000000077f300000)
 ParOldGen       total 954368K, used 737128K [0x00000006c7200000, 0x0000000701600000, 0x000000076d100000)
  object space 954368K, 77% used [0x00000006c7200000,0x00000006f41da110,0x0000000701600000)
 Metaspace       used 56333K, capacity 57062K, committed 57512K, reserved 1099776K
  class space    used 7671K, capacity 7854K, committed 7856K, reserved 1048576K
Event: 16107.466 GC heap after
Heap after GC invocations=149 (full 4):
 PSYoungGen      total 159744K, used 80864K [0x000000076d100000, 0x000000078c380000, 0x00000007c0000000)
  eden space 78848K, 0% used [0x000000076d100000,0x000000076d100000,0x0000000771e00000)
  from space 80896K, 99% used [0x0000000771e00000,0x0000000776cf8000,0x0000000776d00000)
  to   space 215040K, 0% used [0x000000077f180000,0x000000077f180000,0x000000078c380000)
 ParOldGen       total 954368K, used 748020K [0x00000006c7200000, 0x0000000701600000, 0x000000076d100000)
  object space 954368K, 78% used [0x00000006c7200000,0x00000006f4c7d3e0,0x0000000701600000)
 Metaspace       used 56333K, capacity 57062K, committed 57512K, reserved 1099776K
  class space    used 7671K, capacity 7854K, committed 7856K, reserved 1048576K
}
Event: 16272.359 GC heap before
{Heap before GC invocations=150 (full 4):
 PSYoungGen      total 159744K, used 159712K [0x000000076d100000, 0x000000078c380000, 0x00000007c0000000)
  eden space 78848K, 100% used [0x000000076d100000,0x0000000771e00000,0x0000000771e00000)
  from space 80896K, 99% used [0x0000000771e00000,0x0000000776cf8000,0x0000000776d00000)
  to   space 215040K, 0% used [0x000000077f180000,0x000000077f180000,0x000000078c380000)
 ParOldGen       total 954368K, used 748020K [0x00000006c7200000, 0x0000000701600000, 0x000000076d100000)
  object space 954368K, 78% used [0x00000006c7200000,0x00000006f4c7d3e0,0x0000000701600000)
 Metaspace       used 56334K, capacity 57062K, committed 57512K, reserved 1099776K
  class space    used 7671K, capacity 7854K, committed 7856K, reserved 1048576K
Event: 16272.475 GC heap after
Heap after GC invocations=150 (full 4):
 PSYoungGen      total 287232K, used 83328K [0x000000076d100000, 0x000000078bb80000, 0x00000007c0000000)
  eden space 80384K, 0% used [0x000000076d100000,0x000000076d100000,0x0000000771f80000)
  from space 206848K, 40% used [0x000000077f180000,0x00000007842e0000,0x000000078bb80000)
  to   space 210944K, 0% used [0x0000000771f80000,0x0000000771f80000,0x000000077ed80000)
 ParOldGen       total 954368K, used 754343K [0x00000006c7200000, 0x0000000701600000, 0x000000076d100000)
  object space 954368K, 79% used [0x00000006c7200000,0x00000006f52a9e90,0x0000000701600000)
 Metaspace       used 56334K, capacity 57062K, committed 57512K, reserved 1099776K
  class space    used 7671K, capacity 7854K, committed 7856K, reserved 1048576K
}
Event: 16392.381 GC heap before
{Heap before GC invocations=151 (full 4):
 PSYoungGen      total 287232K, used 163712K [0x000000076d100000, 0x000000078bb80000, 0x00000007c0000000)
  eden space 80384K, 100% used [0x000000076d100000,0x0000000771f80000,0x0000000771f80000)
  from space 206848K, 40% used [0x000000077f180000,0x00000007842e0000,0x000000078bb80000)
  to   space 210944K, 0% used [0x0000000771f80000,0x0000000771f80000,0x000000077ed80000)
 ParOldGen       total 954368K, used 754343K [0x00000006c7200000, 0x0000000701600000, 0x000000076d100000)
  object space 954368K, 79% used [0x00000006c7200000,0x00000006f52a9e90,0x0000000701600000)
 Metaspace       used 56334K, capacity 57062K, committed 57512K, reserved 1099776K
  class space    used 7671K, capacity 7854K, committed 7856K, reserved 1048576K
Event: 16392.567 GC heap after
Heap after GC invocations=151 (full 4):
 PSYoungGen      total 166400K, used 85856K [0x000000076d100000, 0x000000078b200000, 0x00000007c0000000)
  eden space 80384K, 0% used [0x000000076d100000,0x000000076d100000,0x0000000771f80000)
  from space 86016K, 99% used [0x0000000771f80000,0x0000000777358000,0x0000000777380000)
  to   space 205312K, 0% used [0x000000077e980000,0x000000077e980000,0x000000078b200000)
 ParOldGen       total 954368K, used 758065K [0x00000006c7200000, 0x0000000701600000, 0x000000076d100000)
  object space 954368K, 79% used [0x00000006c7200000,0x00000006f564c440,0x0000000701600000)
 Metaspace       used 56334K, capacity 57062K, committed 57512K, reserved 1099776K
  class space    used 7671K, capacity 7854K, committed 7856K, reserved 1048576K
}
Event: 16502.375 GC heap before
{Heap before GC invocations=152 (full 4):
 PSYoungGen      total 166400K, used 166240K [0x000000076d100000, 0x000000078b200000, 0x00000007c0000000)
  eden space 80384K, 100% used [0x000000076d100000,0x0000000771f80000,0x0000000771f80000)
  from space 86016K, 99% used [0x0000000771f80000,0x0000000777358000,0x0000000777380000)
  to   space 205312K, 0% used [0x000000077e980000,0x000000077e980000,0x000000078b200000)
 ParOldGen       total 954368K, used 758065K [0x00000006c7200000, 0x0000000701600000, 0x000000076d100000)
  object space 954368K, 79% used [0x00000006c7200000,0x00000006f564c440,0x0000000701600000)
 Metaspace       used 56335K, capacity 57062K, committed 57512K, reserved 1099776K
  class space    used 7671K, capacity 7854K, committed 7856K, reserved 1048576K
Event: 16502.487 GC heap after
Heap after GC invocations=152 (full 4):
 PSYoungGen      total 278016K, used 82464K [0x000000076d100000, 0x000000078a900000, 0x00000007c0000000)
  eden space 81920K, 0% used [0x000000076d100000,0x000000076d100000,0x0000000772100000)
  from space 196096K, 42% used [0x000000077e980000,0x0000000783a08000,0x000000078a900000)
  to   space 200704K, 0% used [0x0000000772100000,0x0000000772100000,0x000000077e500000)
 ParOldGen       total 954368K, used 766188K [0x00000006c7200000, 0x0000000701600000, 0x000000076d100000)
  object space 954368K, 80% used [0x00000006c7200000,0x00000006f5e3b240,0x0000000701600000)
 Metaspace       used 56335K, capacity 57062K, committed 57512K, reserved 1099776K
  class space    used 7671K, capacity 7854K, committed 7856K, reserved 1048576K
}
Event: 16582.375 GC heap before
{Heap before GC invocations=153 (full 4):
 PSYoungGen      total 278016K, used 164384K [0x000000076d100000, 0x000000078a900000, 0x00000007c0000000)
  eden space 81920K, 100% used [0x000000076d100000,0x0000000772100000,0x0000000772100000)
  from space 196096K, 42% used [0x000000077e980000,0x0000000783a08000,0x000000078a900000)
  to   space 200704K, 0% used [0x0000000772100000,0x0000000772100000,0x000000077e500000)
 ParOldGen       total 954368K, used 766188K [0x00000006c7200000, 0x0000000701600000, 0x000000076d100000)
  object space 954368K, 80% used [0x00000006c7200000,0x00000006f5e3b240,0x0000000701600000)
 Metaspace       used 56339K, capacity 57062K, committed 57512K, reserved 1099776K
  class space    used 7671K, capacity 7854K, committed 7856K, reserved 1048576K
Event: 16582.514 GC heap after
Heap after GC invocations=153 (full 4):
 PSYoungGen      total 162816K, used 80832K [0x000000076d100000, 0x000000078a100000, 0x00000007c0000000)
  eden space 81920K, 0% used [0x000000076d100000,0x000000076d100000,0x0000000772100000)
  from space 80896K, 99% used [0x0000000772100000,0x0000000776ff0000,0x0000000777000000)
  to   space 195584K, 0% used [0x000000077e200000,0x000000077e200000,0x000000078a100000)
 ParOldGen       total 954368K, used 772319K [0x00000006c7200000, 0x0000000701600000, 0x000000076d100000)
  object space 954368K, 80% used [0x00000006c7200000,0x00000006f6437cc0,0x0000000701600000)
 Metaspace       used 56339K, capacity 57062K, committed 57512K, reserved 1099776K
  class space    used 7671K, capacity 7854K, committed 7856K, reserved 1048576K
}
Event: 16657.382 GC heap before
{Heap before GC invocations=154 (full 4):
 PSYoungGen      total 162816K, used 162752K [0x000000076d100000, 0x000000078a100000, 0x00000007c0000000)
  eden space 81920K, 100% used [0x000000076d100000,0x0000000772100000,0x0000000772100000)
  from space 80896K, 99% used [0x0000000772100000,0x0000000776ff0000,0x0000000777000000)
  to   space 195584K, 0% used [0x000000077e200000,0x000000077e200000,0x000000078a100000)
 ParOldGen       total 954368K, used 772319K [0x00000006c7200000, 0x0000000701600000, 0x000000076d100000)
  object space 954368K, 80% used [0x00000006c7200000,0x00000006f6437cc0,0x0000000701600000)
 Metaspace       used 56339K, capacity 57062K, committed 57512K, reserved 1099776K
  class space    used 7671K, capacity 7854K, committed 7856K, reserved 1048576K
Event: 16657.517 GC heap after
Heap after GC invocations=154 (full 4):
 PSYoungGen      total 269312K, used 80992K [0x000000076d100000, 0x0000000789700000, 0x00000007c0000000)
  eden space 83968K, 0% used [0x000000076d100000,0x000000076d100000,0x0000000772300000)
  from space 185344K, 43% used [0x000000077e200000,0x0000000783118000,0x0000000789700000)
  to   space 190464K, 0% used [0x0000000772300000,0x0000000772300000,0x000000077dd00000)
 ParOldGen       total 954368K, used 774936K [0x00000006c7200000, 0x0000000701600000, 0x000000076d100000)
  object space 954368K, 81% used [0x00000006c7200000,0x00000006f66c6120,0x0000000701600000)
 Metaspace       used 56339K, capacity 57062K, committed 57512K, reserved 1099776K
  class space    used 7671K, capacity 7854K, committed 7856K, reserved 1048576K
}
Event: 16789.749 GC heap before
{Heap before GC invocations=155 (full 4):
 PSYoungGen      total 269312K, used 164960K [0x000000076d100000, 0x0000000789700000, 0x00000007c0000000)
  eden space 83968K, 100% used [0x000000076d100000,0x0000000772300000,0x0000000772300000)
  from space 185344K, 43% used [0x000000077e200000,0x0000000783118000,0x0000000789700000)
  to   space 190464K, 0% used [0x0000000772300000,0x0000000772300000,0x000000077dd00000)
 ParOldGen       total 954368K, used 774936K [0x00000006c7200000, 0x0000000701600000, 0x000000076d100000)
  object space 954368K, 81% used [0x00000006c7200000,0x00000006f66c6120,0x0000000701600000)
 Metaspace       used 56339K, capacity 57062K, committed 57512K, reserved 1099776K
  class space    used 7671K, capacity 7854K, committed 7856K, reserved 1048576K
Event: 16789.969 GC heap after
Heap after GC invocations=155 (full 4):
 PSYoungGen      total 169984K, used 85728K [0x000000076d100000, 0x0000000788e00000, 0x00000007c0000000)
  eden space 83968K, 0% used [0x000000076d100000,0x000000076d100000,0x0000000772300000)
  from space 86016K, 99% used [0x0000000772300000,0x00000007776b8000,0x0000000777700000)
  to   space 184832K, 0% used [0x000000077d980000,0x000000077d980000,0x0000000788e00000)
 ParOldGen       total 954368K, used 777841K [0x00000006c7200000, 0x0000000701600000, 0x000000076d100000)
  object space 954368K, 81% used [0x00000006c7200000,0x00000006f699c610,0x0000000701600000)
 Metaspace       used 56339K, capacity 57062K, committed 57512K, reserved 1099776K
  class space    used 7671K, capacity 7854K, committed 7856K, reserved 1048576K
}
Event: 16862.399 GC heap before
{Heap before GC invocations=156 (full 4):
 PSYoungGen      total 169984K, used 169696K [0x000000076d100000, 0x0000000788e00000, 0x00000007c0000000)
  eden space 83968K, 100% used [0x000000076d100000,0x0000000772300000,0x0000000772300000)
  from space 86016K, 99% used [0x0000000772300000,0x00000007776b8000,0x0000000777700000)
  to   space 184832K, 0% used [0x000000077d980000,0x000000077d980000,0x0000000788e00000)
 ParOldGen       total 954368K, used 777841K [0x00000006c7200000, 0x0000000701600000, 0x000000076d100000)
  object space 954368K, 81% used [0x00000006c7200000,0x00000006f699c610,0x0000000701600000)
 Metaspace       used 56340K, capacity 57062K, committed 57512K, reserved 1099776K
  class space    used 7672K, capacity 7854K, committed 7856K, reserved 1048576K
Event: 16862.534 GC heap after
Heap after GC invocations=156 (full 4):
 PSYoungGen      total 258560K, used 86240K [0x000000076d100000, 0x0000000788200000, 0x00000007c0000000)
  eden space 86016K, 0% used [0x000000076d100000,0x000000076d100000,0x0000000772500000)
  from space 172544K, 49% used [0x000000077d980000,0x0000000782db8000,0x0000000788200000)
  to   space 178688K, 0% used [0x0000000772500000,0x0000000772500000,0x000000077d380000)
 ParOldGen       total 954368K, used 780330K [0x00000006c7200000, 0x0000000701600000, 0x000000076d100000)
  object space 954368K, 81% used [0x00000006c7200000,0x00000006f6c0aa50,0x0000000701600000)
 Metaspace       used 56340K, capacity 57062K, committed 57512K, reserved 1099776K
  class space    used 7672K, capacity 7854K, committed 7856K, reserved 1048576K
}
Event: 16937.382 GC heap before
{Heap before GC invocations=157 (full 4):
 PSYoungGen      total 258560K, used 172256K [0x000000076d100000, 0x0000000788200000, 0x00000007c0000000)
  eden space 86016K, 100% used [0x000000076d100000,0x0000000772500000,0x0000000772500000)
  from space 172544K, 49% used [0x000000077d980000,0x0000000782db8000,0x0000000788200000)
  to   space 178688K, 0% used [0x0000000772500000,0x0000000772500000,0x000000077d380000)
 ParOldGen       total 954368K, used 780330K [0x00000006c7200000, 0x0000000701600000, 0x000000076d100000)
  object space 954368K, 81% used [0x00000006c7200000,0x00000006f6c0aa50,0x0000000701600000)
 Metaspace       used 56340K, capacity 57062K, committed 57512K, reserved 1099776K
  class space    used 7672K, capacity 7854K, committed 7856K, reserved 1048576K
Event: 16937.527 GC heap after
Heap after GC invocations=157 (full 4):
 PSYoungGen      total 172544K, used 86336K [0x000000076d100000, 0x0000000787900000, 0x00000007c0000000)
  eden space 86016K, 0% used [0x000000076d100000,0x000000076d100000,0x0000000772500000)
  from space 86528K, 99% used [0x0000000772500000,0x0000000777950000,0x0000000777980000)
  to   space 173056K, 0% used [0x000000077d000000,0x000000077d000000,0x0000000787900000)
 ParOldGen       total 954368K, used 784180K [0x00000006c7200000, 0x0000000701600000, 0x000000076d100000)
  object space 954368K, 82% used [0x00000006c7200000,0x00000006f6fcd0f0,0x0000000701600000)
 Metaspace       used 56340K, capacity 57062K, committed 57512K, reserved 1099776K
  class space    used 7672K, capacity 7854K, committed 7856K, reserved 1048576K
}
Event: 17016.610 GC heap before
{Heap before GC invocations=158 (full 4):
 PSYoungGen      total 172544K, used 172352K [0x000000076d100000, 0x0000000787900000, 0x00000007c0000000)
  eden space 86016K, 100% used [0x000000076d100000,0x0000000772500000,0x0000000772500000)
  from space 86528K, 99% used [0x0000000772500000,0x0000000777950000,0x0000000777980000)
  to   space 173056K, 0% used [0x000000077d000000,0x000000077d000000,0x0000000787900000)
 ParOldGen       total 954368K, used 784180K [0x00000006c7200000, 0x0000000701600000, 0x000000076d100000)
  object space 954368K, 82% used [0x00000006c7200000,0x00000006f6fcd0f0,0x0000000701600000)
 Metaspace       used 56340K, capacity 57062K, committed 57512K, reserved 1099776K
  class space    used 7672K, capacity 7854K, committed 7856K, reserved 1048576K
Event: 17016.729 GC heap after
Heap after GC invocations=158 (full 4):
 PSYoungGen      total 250880K, used 82624K [0x000000076d100000, 0x0000000786f00000, 0x00000007c0000000)
  eden space 88064K, 0% used [0x000000076d100000,0x000000076d100000,0x0000000772700000)
  from space 162816K, 50% used [0x000000077d000000,0x00000007820b0000,0x0000000786f00000)
  to   space 167936K, 0% used [0x0000000772700000,0x0000000772700000,0x000000077cb00000)
 ParOldGen       total 954368K, used 791687K [0x00000006c7200000, 0x0000000701600000, 0x000000076d100000)
  object space 954368K, 82% used [0x00000006c7200000,0x00000006f7721de0,0x0000000701600000)
 Metaspace       used 56340K, capacity 57062K, committed 57512K, reserved 1099776K
  class space    used 7672K, capacity 7854K, committed 7856K, reserved 1048576K
}
Event: 17092.396 GC heap before
{Heap before GC invocations=159 (full 4):
 PSYoungGen      total 250880K, used 170688K [0x000000076d100000, 0x0000000786f00000, 0x00000007c0000000)
  eden space 88064K, 100% used [0x000000076d100000,0x0000000772700000,0x0000000772700000)
  from space 162816K, 50% used [0x000000077d000000,0x00000007820b0000,0x0000000786f00000)
  to   space 167936K, 0% used [0x0000000772700000,0x0000000772700000,0x000000077cb00000)
 ParOldGen       total 954368K, used 791687K [0x00000006c7200000, 0x0000000701600000, 0x000000076d100000)
  object space 954368K, 82% used [0x00000006c7200000,0x00000006f7721de0,0x0000000701600000)
 Metaspace       used 56340K, capacity 57062K, committed 57512K, reserved 1099776K
  class space    used 7672K, capacity 7854K, committed 7856K, reserved 1048576K
Event: 17092.511 GC heap after
Heap after GC invocations=159 (full 4):
 PSYoungGen      total 166912K, used 78496K [0x000000076d100000, 0x0000000786900000, 0x00000007c0000000)
  eden space 88064K, 0% used [0x000000076d100000,0x000000076d100000,0x0000000772700000)
  from space 78848K, 99% used [0x0000000772700000,0x00000007773a8000,0x0000000777400000)
  to   space 163840K, 0% used [0x000000077c900000,0x000000077c900000,0x0000000786900000)
 ParOldGen       total 954368K, used 799690K [0x00000006c7200000, 0x0000000701600000, 0x000000076d100000)
  object space 954368K, 83% used [0x00000006c7200000,0x00000006f7ef2ba0,0x0000000701600000)
 Metaspace       used 56340K, capacity 57062K, committed 57512K, reserved 1099776K
  class space    used 7672K, capacity 7854K, committed 7856K, reserved 1048576K
}
Event: 17167.442 GC heap before
{Heap before GC invocations=160 (full 4):
 PSYoungGen      total 166912K, used 166560K [0x000000076d100000, 0x0000000786900000, 0x00000007c0000000)
  eden space 88064K, 100% used [0x000000076d100000,0x0000000772700000,0x0000000772700000)
  from space 78848K, 99% used [0x0000000772700000,0x00000007773a8000,0x0000000777400000)
  to   space 163840K, 0% used [0x000000077c900000,0x000000077c900000,0x0000000786900000)
 ParOldGen       total 954368K, used 799690K [0x00000006c7200000, 0x0000000701600000, 0x000000076d100000)
  object space 954368K, 83% used [0x00000006c7200000,0x00000006f7ef2ba0,0x0000000701600000)
 Metaspace       used 56340K, capacity 57062K, committed 57512K, reserved 1099776K
  class space    used 7672K, capacity 7854K, committed 7856K, reserved 1048576K
Event: 17167.576 GC heap after
Heap after GC invocations=160 (full 4):
 PSYoungGen      total 246784K, used 77888K [0x000000076d100000, 0x0000000786180000, 0x00000007c0000000)
  eden space 90624K, 0% used [0x000000076d100000,0x000000076d100000,0x0000000772980000)
  from space 156160K, 49% used [0x000000077c900000,0x0000000781510000,0x0000000786180000)
  to   space 159744K, 0% used [0x0000000772980000,0x0000000772980000,0x000000077c580000)
 ParOldGen       total 954368K, used 804260K [0x00000006c7200000, 0x0000000701600000, 0x000000076d100000)
  object space 954368K, 84% used [0x00000006c7200000,0x00000006f8369370,0x0000000701600000)
 Metaspace       used 56340K, capacity 57062K, committed 57512K, reserved 1099776K
  class space    used 7672K, capacity 7854K, committed 7856K, reserved 1048576K
}
Event: 17323.180 GC heap before
{Heap before GC invocations=161 (full 4):
 PSYoungGen      total 246784K, used 168512K [0x000000076d100000, 0x0000000786180000, 0x00000007c0000000)
  eden space 90624K, 100% used [0x000000076d100000,0x0000000772980000,0x0000000772980000)
  from space 156160K, 49% used [0x000000077c900000,0x0000000781510000,0x0000000786180000)
  to   space 159744K, 0% used [0x0000000772980000,0x0000000772980000,0x000000077c580000)
 ParOldGen       total 954368K, used 804260K [0x00000006c7200000, 0x0000000701600000, 0x000000076d100000)
  object space 954368K, 84% used [0x00000006c7200000,0x00000006f8369370,0x0000000701600000)
 Metaspace       used 56340K, capacity 57062K, committed 57512K, reserved 1099776K
  class space    used 7672K, capacity 7854K, committed 7856K, reserved 1048576K
Event: 17323.303 GC heap after
Heap after GC invocations=161 (full 4):
 PSYoungGen      total 172544K, used 81792K [0x000000076d100000, 0x0000000785a80000, 0x00000007c0000000)
  eden space 90624K, 0% used [0x000000076d100000,0x000000076d100000,0x0000000772980000)
  from space 81920K, 99% used [0x0000000772980000,0x0000000777960000,0x0000000777980000)
  to   space 155136K, 0% used [0x000000077c300000,0x000000077c300000,0x0000000785a80000)
 ParOldGen       total 954368K, used 809102K [0x00000006c7200000, 0x0000000701600000, 0x000000076d100000)
  object space 954368K, 84% used [0x00000006c7200000,0x00000006f8823bc0,0x0000000701600000)
 Metaspace       used 56340K, capacity 57062K, committed 57512K, reserved 1099776K
  class space    used 7672K, capacity 7854K, committed 7856K, reserved 1048576K
}
Event: 17402.423 GC heap before
{Heap before GC invocations=162 (full 4):
 PSYoungGen      total 172544K, used 172416K [0x000000076d100000, 0x0000000785a80000, 0x00000007c0000000)
  eden space 90624K, 100% used [0x000000076d100000,0x0000000772980000,0x0000000772980000)
  from space 81920K, 99% used [0x0000000772980000,0x0000000777960000,0x0000000777980000)
  to   space 155136K, 0% used [0x000000077c300000,0x000000077c300000,0x0000000785a80000)
 ParOldGen       total 954368K, used 809102K [0x00000006c7200000, 0x0000000701600000, 0x000000076d100000)
  object space 954368K, 84% used [0x00000006c7200000,0x00000006f8823bc0,0x0000000701600000)
 Metaspace       used 56340K, capacity 57062K, committed 57512K, reserved 1099776K
  class space    used 7672K, capacity 7854K, committed 7856K, reserved 1048576K
Event: 17402.547 GC heap after
Heap after GC invocations=162 (full 4):
 PSYoungGen      total 238592K, used 80992K [0x000000076d100000, 0x0000000785180000, 0x00000007c0000000)
  eden space 92672K, 0% used [0x000000076d100000,0x000000076d100000,0x0000000772b80000)
  from space 145920K, 55% used [0x000000077c300000,0x0000000781218000,0x0000000785180000)
  to   space 150528K, 0% used [0x0000000772b80000,0x0000000772b80000,0x000000077be80000)
 ParOldGen       total 954368K, used 813184K [0x00000006c7200000, 0x0000000701600000, 0x000000076d100000)
  object space 954368K, 85% used [0x00000006c7200000,0x00000006f8c202c0,0x0000000701600000)
 Metaspace       used 56340K, capacity 57062K, committed 57512K, reserved 1099776K
  class space    used 7672K, capacity 7854K, committed 7856K, reserved 1048576K
}
Event: 17585.615 GC heap before
{Heap before GC invocations=163 (full 4):
 PSYoungGen      total 238592K, used 173664K [0x000000076d100000, 0x0000000785180000, 0x00000007c0000000)
  eden space 92672K, 100% used [0x000000076d100000,0x0000000772b80000,0x0000000772b80000)
  from space 145920K, 55% used [0x000000077c300000,0x0000000781218000,0x0000000785180000)
  to   space 150528K, 0% used [0x0000000772b80000,0x0000000772b80000,0x000000077be80000)
 ParOldGen       total 954368K, used 813184K [0x00000006c7200000, 0x0000000701600000, 0x000000076d100000)
  object space 954368K, 85% used [0x00000006c7200000,0x00000006f8c202c0,0x0000000701600000)
 Metaspace       used 56340K, capacity 57062K, committed 57512K, reserved 1099776K
  class space    used 7672K, capacity 7854K, committed 7856K, reserved 1048576K
Event: 17585.735 GC heap after
Heap after GC invocations=163 (full 4):
 PSYoungGen      total 178176K, used 85344K [0x000000076d100000, 0x0000000784980000, 0x00000007c0000000)
  eden space 92672K, 0% used [0x000000076d100000,0x000000076d100000,0x0000000772b80000)
  from space 85504K, 99% used [0x0000000772b80000,0x0000000777ed8000,0x0000000777f00000)
  to   space 145408K, 0% used [0x000000077bb80000,0x000000077bb80000,0x0000000784980000)
 ParOldGen       total 954368K, used 818907K [0x00000006c7200000, 0x0000000701600000, 0x000000076d100000)
  object space 954368K, 85% used [0x00000006c7200000,0x00000006f91b6ca0,0x0000000701600000)
 Metaspace       used 56340K, capacity 57062K, committed 57512K, reserved 1099776K
  class space    used 7672K, capacity 7854K, committed 7856K, reserved 1048576K
}
Event: 17737.417 GC heap before
{Heap before GC invocations=164 (full 4):
 PSYoungGen      total 178176K, used 178016K [0x000000076d100000, 0x0000000784980000, 0x00000007c0000000)
  eden space 92672K, 100% used [0x000000076d100000,0x0000000772b80000,0x0000000772b80000)
  from space 85504K, 99% used [0x0000000772b80000,0x0000000777ed8000,0x0000000777f00000)
  to   space 145408K, 0% used [0x000000077bb80000,0x000000077bb80000,0x0000000784980000)
 ParOldGen       total 954368K, used 818907K [0x00000006c7200000, 0x0000000701600000, 0x000000076d100000)
  object space 954368K, 85% used [0x00000006c7200000,0x00000006f91b6ca0,0x0000000701600000)
 Metaspace       used 56340K, capacity 57062K, committed 57512K, reserved 1099776K
  class space    used 7672K, capacity 7854K, committed 7856K, reserved 1048576K
Event: 17737.662 GC heap after
Heap after GC invocations=164 (full 4):
 PSYoungGen      total 229888K, used 88064K [0x000000076d100000, 0x0000000783f80000, 0x00000007c0000000)
  eden space 94720K, 0% used [0x000000076d100000,0x000000076d100000,0x0000000772d80000)
  from space 135168K, 65% used [0x000000077bb80000,0x0000000781180000,0x0000000783f80000)
  to   space 140288K, 0% used [0x0000000772d80000,0x0000000772d80000,0x000000077b680000)
 ParOldGen       total 954368K, used 824973K [0x00000006c7200000, 0x0000000701600000, 0x000000076d100000)
  object space 954368K, 86% used [0x00000006c7200000,0x00000006f97a3710,0x0000000701600000)
 Metaspace       used 56340K, capacity 57062K, committed 57512K, reserved 1099776K
  class space    used 7672K, capacity 7854K, committed 7856K, reserved 1048576K
}
Event: 17882.430 GC heap before
{Heap before GC invocations=165 (full 4):
 PSYoungGen      total 229888K, used 182784K [0x000000076d100000, 0x0000000783f80000, 0x00000007c0000000)
  eden space 94720K, 100% used [0x000000076d100000,0x0000000772d80000,0x0000000772d80000)
  from space 135168K, 65% used [0x000000077bb80000,0x0000000781180000,0x0000000783f80000)
  to   space 140288K, 0% used [0x0000000772d80000,0x0000000772d80000,0x000000077b680000)
 ParOldGen       total 954368K, used 824973K [0x00000006c7200000, 0x0000000701600000, 0x000000076d100000)
  object space 954368K, 86% used [0x00000006c7200000,0x00000006f97a3710,0x0000000701600000)
 Metaspace       used 56340K, capacity 57062K, committed 57512K, reserved 1099776K
  class space    used 7672K, capacity 7854K, committed 7856K, reserved 1048576K
Event: 17882.555 GC heap after
Heap after GC invocations=165 (full 4):
 PSYoungGen      total 181760K, used 86976K [0x000000076d100000, 0x0000000783880000, 0x00000007c0000000)
  eden space 94720K, 0% used [0x000000076d100000,0x000000076d100000,0x0000000772d80000)
  from space 87040K, 99% used [0x0000000772d80000,0x0000000778270000,0x0000000778280000)
  to   space 135680K, 0% used [0x000000077b400000,0x000000077b400000,0x0000000783880000)
 ParOldGen       total 954368K, used 833249K [0x00000006c7200000, 0x0000000701600000, 0x000000076d100000)
  object space 954368K, 87% used [0x00000006c7200000,0x00000006f9fb8550,0x0000000701600000)
 Metaspace       used 56340K, capacity 57062K, committed 57512K, reserved 1099776K
  class space    used 7672K, capacity 7854K, committed 7856K, reserved 1048576K
}
Event: 18003.789 GC heap before
{Heap before GC invocations=166 (full 4):
 PSYoungGen      total 181760K, used 181696K [0x000000076d100000, 0x0000000783880000, 0x00000007c0000000)
  eden space 94720K, 100% used [0x000000076d100000,0x0000000772d80000,0x0000000772d80000)
  from space 87040K, 99% used [0x0000000772d80000,0x0000000778270000,0x0000000778280000)
  to   space 135680K, 0% used [0x000000077b400000,0x000000077b400000,0x0000000783880000)
 ParOldGen       total 954368K, used 833249K [0x00000006c7200000, 0x0000000701600000, 0x000000076d100000)
  object space 954368K, 87% used [0x00000006c7200000,0x00000006f9fb8550,0x0000000701600000)
 Metaspace       used 56344K, capacity 57062K, committed 57512K, reserved 1099776K
  class space    used 7672K, capacity 7854K, committed 7856K, reserved 1048576K
Event: 18003.931 GC heap after
Heap after GC invocations=166 (full 4):
 PSYoungGen      total 225280K, used 85472K [0x000000076d100000, 0x0000000783180000, 0x00000007c0000000)
  eden space 96768K, 0% used [0x000000076d100000,0x000000076d100000,0x0000000772f80000)
  from space 128512K, 66% used [0x000000077b400000,0x0000000780778000,0x0000000783180000)
  to   space 132096K, 0% used [0x0000000772f80000,0x0000000772f80000,0x000000077b080000)
 ParOldGen       total 954368K, used 839492K [0x00000006c7200000, 0x0000000701600000, 0x000000076d100000)
  object space 954368K, 87% used [0x00000006c7200000,0x00000006fa5d1010,0x0000000701600000)
 Metaspace       used 56344K, capacity 57062K, committed 57512K, reserved 1099776K
  class space    used 7672K, capacity 7854K, committed 7856K, reserved 1048576K
}
Event: 18112.471 GC heap before
{Heap before GC invocations=167 (full 4):
 PSYoungGen      total 225280K, used 182240K [0x000000076d100000, 0x0000000783180000, 0x00000007c0000000)
  eden space 96768K, 100% used [0x000000076d100000,0x0000000772f80000,0x0000000772f80000)
  from space 128512K, 66% used [0x000000077b400000,0x0000000780778000,0x0000000783180000)
  to   space 132096K, 0% used [0x0000000772f80000,0x0000000772f80000,0x000000077b080000)
 ParOldGen       total 954368K, used 839492K [0x00000006c7200000, 0x0000000701600000, 0x000000076d100000)
  object space 954368K, 87% used [0x00000006c7200000,0x00000006fa5d1010,0x0000000701600000)
 Metaspace       used 56344K, capacity 57062K, committed 57512K, reserved 1099776K
  class space    used 7672K, capacity 7854K, committed 7856K, reserved 1048576K
Event: 18112.613 GC heap after
Heap after GC invocations=167 (full 4):
 PSYoungGen      total 182784K, used 85600K [0x000000076d100000, 0x0000000782c80000, 0x00000007c0000000)
  eden space 96768K, 0% used [0x000000076d100000,0x000000076d100000,0x0000000772f80000)
  from space 86016K, 99% used [0x0000000772f80000,0x0000000778318000,0x0000000778380000)
  to   space 128512K, 0% used [0x000000077af00000,0x000000077af00000,0x0000000782c80000)
 ParOldGen       total 954368K, used 844982K [0x00000006c7200000, 0x0000000701600000, 0x000000076d100000)
  object space 954368K, 88% used [0x00000006c7200000,0x00000006fab2d980,0x0000000701600000)
 Metaspace       used 56344K, capacity 57062K, committed 57512K, reserved 1099776K
  class space    used 7672K, capacity 7854K, committed 7856K, reserved 1048576K
}
Event: 18197.440 GC heap before
{Heap before GC invocations=168 (full 4):
 PSYoungGen      total 182784K, used 182368K [0x000000076d100000, 0x0000000782c80000, 0x00000007c0000000)
  eden space 96768K, 100% used [0x000000076d100000,0x0000000772f80000,0x0000000772f80000)
  from space 86016K, 99% used [0x0000000772f80000,0x0000000778318000,0x0000000778380000)
  to   space 128512K, 0% used [0x000000077af00000,0x000000077af00000,0x0000000782c80000)
 ParOldGen       total 954368K, used 844982K [0x00000006c7200000, 0x0000000701600000, 0x000000076d100000)
  object space 954368K, 88% used [0x00000006c7200000,0x00000006fab2d980,0x0000000701600000)
 Metaspace       used 56344K, capacity 57062K, committed 57512K, reserved 1099776K
  class space    used 7672K, capacity 7854K, committed 7856K, reserved 1048576K
Event: 18197.566 GC heap after
Heap after GC invocations=168 (full 4):
 PSYoungGen      total 220160K, used 85600K [0x000000076d100000, 0x0000000782580000, 0x00000007c0000000)
  eden space 98816K, 0% used [0x000000076d100000,0x000000076d100000,0x0000000773180000)
  from space 121344K, 70% used [0x000000077af00000,0x0000000780298000,0x0000000782580000)
  to   space 124928K, 0% used [0x0000000773180000,0x0000000773180000,0x000000077ab80000)
 ParOldGen       total 954368K, used 849128K [0x00000006c7200000, 0x0000000701600000, 0x000000076d100000)
  object space 954368K, 88% used [0x00000006c7200000,0x00000006faf3a090,0x0000000701600000)
 Metaspace       used 56344K, capacity 57062K, committed 57512K, reserved 1099776K
  class space    used 7672K, capacity 7854K, committed 7856K, reserved 1048576K
}
Event: 18298.918 GC heap before
{Heap before GC invocations=169 (full 4):
 PSYoungGen      total 220160K, used 184416K [0x000000076d100000, 0x0000000782580000, 0x00000007c0000000)
  eden space 98816K, 100% used [0x000000076d100000,0x0000000773180000,0x0000000773180000)
  from space 121344K, 70% used [0x000000077af00000,0x0000000780298000,0x0000000782580000)
  to   space 124928K, 0% used [0x0000000773180000,0x0000000773180000,0x000000077ab80000)
 ParOldGen       total 954368K, used 849128K [0x00000006c7200000, 0x0000000701600000, 0x000000076d100000)
  object space 954368K, 88% used [0x00000006c7200000,0x00000006faf3a090,0x0000000701600000)
 Metaspace       used 56344K, capacity 57062K, committed 57512K, reserved 1099776K
  class space    used 7672K, capacity 7854K, committed 7856K, reserved 1048576K
Event: 18299.044 GC heap after
Heap after GC invocations=169 (full 4):
 PSYoungGen      total 185856K, used 86752K [0x000000076d100000, 0x0000000782180000, 0x00000007c0000000)
  eden space 98816K, 0% used [0x000000076d100000,0x000000076d100000,0x0000000773180000)
  from space 87040K, 99% used [0x0000000773180000,0x0000000778638000,0x0000000778680000)
  to   space 121856K, 0% used [0x000000077aa80000,0x000000077aa80000,0x0000000782180000)
 ParOldGen       total 954368K, used 852881K [0x00000006c7200000, 0x0000000701600000, 0x000000076d100000)
  object space 954368K, 89% used [0x00000006c7200000,0x00000006fb2e4700,0x0000000701600000)
 Metaspace       used 56344K, capacity 57062K, committed 57512K, reserved 1099776K
  class space    used 7672K, capacity 7854K, committed 7856K, reserved 1048576K
}
Event: 18386.088 GC heap before
{Heap before GC invocations=170 (full 4):
 PSYoungGen      total 185856K, used 185568K [0x000000076d100000, 0x0000000782180000, 0x00000007c0000000)
  eden space 98816K, 100% used [0x000000076d100000,0x0000000773180000,0x0000000773180000)
  from space 87040K, 99% used [0x0000000773180000,0x0000000778638000,0x0000000778680000)
  to   space 121856K, 0% used [0x000000077aa80000,0x000000077aa80000,0x0000000782180000)
 ParOldGen       total 954368K, used 852881K [0x00000006c7200000, 0x0000000701600000, 0x000000076d100000)
  object space 954368K, 89% used [0x00000006c7200000,0x00000006fb2e4700,0x0000000701600000)
 Metaspace       used 56344K, capacity 57062K, committed 57512K, reserved 1099776K
  class space    used 7672K, capacity 7854K, committed 7856K, reserved 1048576K
Event: 18386.294 GC heap after
Heap after GC invocations=170 (full 4):
 PSYoungGen      total 217600K, used 84320K [0x000000076d100000, 0x0000000781c00000, 0x00000007c0000000)
  eden space 101376K, 0% used [0x000000076d100000,0x000000076d100000,0x0000000773400000)
  from space 116224K, 72% used [0x000000077aa80000,0x000000077fcd8000,0x0000000781c00000)
  to   space 118784K, 0% used [0x0000000773400000,0x0000000773400000,0x000000077a800000)
 ParOldGen       total 954368K, used 859740K [0x00000006c7200000, 0x0000000701600000, 0x000000076d100000)
  object space 954368K, 90% used [0x00000006c7200000,0x00000006fb9972d0,0x0000000701600000)
 Metaspace       used 56344K, capacity 57062K, committed 57512K, reserved 1099776K
  class space    used 7672K, capacity 7854K, committed 7856K, reserved 1048576K
}
Event: 18472.624 GC heap before
{Heap before GC invocations=171 (full 4):
 PSYoungGen      total 217600K, used 185696K [0x000000076d100000, 0x0000000781c00000, 0x00000007c0000000)
  eden space 101376K, 100% used [0x000000076d100000,0x0000000773400000,0x0000000773400000)
  from space 116224K, 72% used [0x000000077aa80000,0x000000077fcd8000,0x0000000781c00000)
  to   space 118784K, 0% used [0x0000000773400000,0x0000000773400000,0x000000077a800000)
 ParOldGen       total 954368K, used 859740K [0x00000006c7200000, 0x0000000701600000, 0x000000076d100000)
  object space 954368K, 90% used [0x00000006c7200000,0x00000006fb9972d0,0x0000000701600000)
 Metaspace       used 56344K, capacity 57062K, committed 57512K, reserved 1099776K
  class space    used 7672K, capacity 7854K, committed 7856K, reserved 1048576K
Event: 18472.778 GC heap after
Heap after GC invocations=171 (full 4):
 PSYoungGen      total 220160K, used 85024K [0x000000076d100000, 0x0000000781980000, 0x00000007c0000000)
  eden space 101376K, 0% used [0x000000076d100000,0x000000076d100000,0x0000000773400000)
  from space 118784K, 71% used [0x0000000773400000,0x0000000778708000,0x000000077a800000)
  to   space 116224K, 0% used [0x000000077a800000,0x000000077a800000,0x0000000781980000)
 ParOldGen       total 954368K, used 863358K [0x00000006c7200000, 0x0000000701600000, 0x000000076d100000)
  object space 954368K, 90% used [0x00000006c7200000,0x00000006fbd1f900,0x0000000701600000)
 Metaspace       used 56344K, capacity 57062K, committed 57512K, reserved 1099776K
  class space    used 7672K, capacity 7854K, committed 7856K, reserved 1048576K
}
Event: 18702.460 GC heap before
{Heap before GC invocations=172 (full 4):
 PSYoungGen      total 220160K, used 186400K [0x000000076d100000, 0x0000000781980000, 0x00000007c0000000)
  eden space 101376K, 100% used [0x000000076d100000,0x0000000773400000,0x0000000773400000)
  from space 118784K, 71% used [0x0000000773400000,0x0000000778708000,0x000000077a800000)
  to   space 116224K, 0% used [0x000000077a800000,0x000000077a800000,0x0000000781980000)
 ParOldGen       total 954368K, used 863358K [0x00000006c7200000, 0x0000000701600000, 0x000000076d100000)
  object space 954368K, 90% used [0x00000006c7200000,0x00000006fbd1f900,0x0000000701600000)
 Metaspace       used 56344K, capacity 57062K, committed 57512K, reserved 1099776K
  class space    used 7672K, capacity 7854K, committed 7856K, reserved 1048576K
Event: 18702.704 GC heap after
Heap after GC invocations=172 (full 4):
 PSYoungGen      total 220160K, used 95104K [0x000000076d100000, 0x0000000781980000, 0x00000007c0000000)
  eden space 103936K, 0% used [0x000000076d100000,0x000000076d100000,0x0000000773680000)
  from space 116224K, 81% used [0x000000077a800000,0x00000007804e0000,0x0000000781980000)
  to   space 116224K, 0% used [0x0000000773680000,0x0000000773680000,0x000000077a800000)
 ParOldGen       total 954368K, used 867135K [0x00000006c7200000, 0x0000000701600000, 0x000000076d100000)
  object space 954368K, 90% used [0x00000006c7200000,0x00000006fc0cff80,0x0000000701600000)
 Metaspace       used 56344K, capacity 57062K, committed 57512K, reserved 1099776K
  class space    used 7672K, capacity 7854K, committed 7856K, reserved 1048576K
}
Event: 18867.466 GC heap before
{Heap before GC invocations=173 (full 4):
 PSYoungGen      total 220160K, used 199040K [0x000000076d100000, 0x0000000781980000, 0x00000007c0000000)
  eden space 103936K, 100% used [0x000000076d100000,0x0000000773680000,0x0000000773680000)
  from space 116224K, 81% used [0x000000077a800000,0x00000007804e0000,0x0000000781980000)
  to   space 116224K, 0% used [0x0000000773680000,0x0000000773680000,0x000000077a800000)
 ParOldGen       total 954368K, used 867135K [0x00000006c7200000, 0x0000000701600000, 0x000000076d100000)
  object space 954368K, 90% used [0x00000006c7200000,0x00000006fc0cff80,0x0000000701600000)
 Metaspace       used 56344K, capacity 57062K, committed 57512K, reserved 1099776K
  class space    used 7672K, capacity 7854K, committed 7856K, reserved 1048576K
Event: 18867.680 GC heap after
Heap after GC invocations=173 (full 4):
 PSYoungGen      total 220160K, used 99328K [0x000000076d100000, 0x0000000781f00000, 0x00000007c0000000)
  eden space 103936K, 0% used [0x000000076d100000,0x000000076d100000,0x0000000773680000)
  from space 116224K, 85% used [0x0000000773680000,0x0000000779780000,0x000000077a800000)
  to   space 117760K, 0% used [0x000000077ac00000,0x000000077ac00000,0x0000000781f00000)
 ParOldGen       total 954368K, used 871209K [0x00000006c7200000, 0x0000000701600000, 0x000000076d100000)
  object space 954368K, 91% used [0x00000006c7200000,0x00000006fc4ca680,0x0000000701600000)
 Metaspace       used 56344K, capacity 57062K, committed 57512K, reserved 1099776K
  class space    used 7672K, capacity 7854K, committed 7856K, reserved 1048576K
}
Event: 19018.353 GC heap before
{Heap before GC invocations=174 (full 4):
 PSYoungGen      total 220160K, used 203264K [0x000000076d100000, 0x0000000781f00000, 0x00000007c0000000)
  eden space 103936K, 100% used [0x000000076d100000,0x0000000773680000,0x0000000773680000)
  from space 116224K, 85% used [0x0000000773680000,0x0000000779780000,0x000000077a800000)
  to   space 117760K, 0% used [0x000000077ac00000,0x000000077ac00000,0x0000000781f00000)
 ParOldGen       total 954368K, used 871209K [0x00000006c7200000, 0x0000000701600000, 0x000000076d100000)
  object space 954368K, 91% used [0x00000006c7200000,0x00000006fc4ca680,0x0000000701600000)
 Metaspace       used 56344K, capacity 57062K, committed 57512K, reserved 1099776K
  class space    used 7672K, capacity 7854K, committed 7856K, reserved 1048576K
Event: 19018.484 GC heap after
Heap after GC invocations=174 (full 4):
 PSYoungGen      total 222208K, used 103296K [0x000000076d100000, 0x0000000782280000, 0x00000007c0000000)
  eden space 104448K, 0% used [0x000000076d100000,0x000000076d100000,0x0000000773700000)
  from space 117760K, 87% used [0x000000077ac00000,0x00000007810e0000,0x0000000781f00000)
  to   space 119808K, 0% used [0x0000000773700000,0x0000000773700000,0x000000077ac00000)
 ParOldGen       total 954368K, used 875035K [0x00000006c7200000, 0x0000000701600000, 0x000000076d100000)
  object space 954368K, 91% used [0x00000006c7200000,0x00000006fc886d10,0x0000000701600000)
 Metaspace       used 56344K, capacity 57062K, committed 57512K, reserved 1099776K
  class space    used 7672K, capacity 7854K, committed 7856K, reserved 1048576K
}
Event: 19118.782 GC heap before
{Heap before GC invocations=175 (full 4):
 PSYoungGen      total 222208K, used 207744K [0x000000076d100000, 0x0000000782280000, 0x00000007c0000000)
  eden space 104448K, 100% used [0x000000076d100000,0x0000000773700000,0x0000000773700000)
  from space 117760K, 87% used [0x000000077ac00000,0x00000007810e0000,0x0000000781f00000)
  to   space 119808K, 0% used [0x0000000773700000,0x0000000773700000,0x000000077ac00000)
 ParOldGen       total 954368K, used 875035K [0x00000006c7200000, 0x0000000701600000, 0x000000076d100000)
  object space 954368K, 91% used [0x00000006c7200000,0x00000006fc886d10,0x0000000701600000)
 Metaspace       used 56347K, capacity 57062K, committed 57512K, reserved 1099776K
  class space    used 7672K, capacity 7854K, committed 7856K, reserved 1048576K
Event: 19118.921 GC heap after
Heap after GC invocations=175 (full 4):
 PSYoungGen      total 224256K, used 119787K [0x000000076d100000, 0x0000000783600000, 0x00000007c0000000)
  eden space 104448K, 0% used [0x000000076d100000,0x000000076d100000,0x0000000773700000)
  from space 119808K, 99% used [0x0000000773700000,0x000000077abfad68,0x000000077ac00000)
  to   space 129536K, 0% used [0x000000077b780000,0x000000077b780000,0x0000000783600000)
 ParOldGen       total 954368K, used 879325K [0x00000006c7200000, 0x0000000701600000, 0x000000076d100000)
  object space 954368K, 92% used [0x00000006c7200000,0x00000006fccb7540,0x0000000701600000)
 Metaspace       used 56347K, capacity 57062K, committed 57512K, reserved 1099776K
  class space    used 7672K, capacity 7854K, committed 7856K, reserved 1048576K
}
Event: 19119.263 GC heap before
{Heap before GC invocations=176 (full 4):
 PSYoungGen      total 224256K, used 224235K [0x000000076d100000, 0x0000000783600000, 0x00000007c0000000)
  eden space 104448K, 100% used [0x000000076d100000,0x0000000773700000,0x0000000773700000)
  from space 119808K, 99% used [0x0000000773700000,0x000000077abfad68,0x000000077ac00000)
  to   space 129536K, 0% used [0x000000077b780000,0x000000077b780000,0x0000000783600000)
 ParOldGen       total 954368K, used 879325K [0x00000006c7200000, 0x0000000701600000, 0x000000076d100000)
  object space 954368K, 92% used [0x00000006c7200000,0x00000006fccb7540,0x0000000701600000)
 Metaspace       used 56347K, capacity 57062K, committed 57512K, reserved 1099776K
  class space    used 7672K, capacity 7854K, committed 7856K, reserved 1048576K
Event: 19119.479 GC heap after
Heap after GC invocations=176 (full 4):
 PSYoungGen      total 235008K, used 107595K [0x000000076d100000, 0x0000000784880000, 0x00000007c0000000)
  eden space 105472K, 0% used [0x000000076d100000,0x000000076d100000,0x0000000773800000)
  from space 129536K, 83% used [0x000000077b780000,0x0000000782092d68,0x0000000783600000)
  to   space 130560K, 0% used [0x0000000773800000,0x0000000773800000,0x000000077b780000)
 ParOldGen       total 954368K, used 891178K [0x00000006c7200000, 0x0000000701600000, 0x000000076d100000)
  object space 954368K, 93% used [0x00000006c7200000,0x00000006fd84a9b0,0x0000000701600000)
 Metaspace       used 56347K, capacity 57062K, committed 57512K, reserved 1099776K
  class space    used 7672K, capacity 7854K, committed 7856K, reserved 1048576K
}
Event: 19119.784 GC heap before
{Heap before GC invocations=177 (full 4):
 PSYoungGen      total 235008K, used 213067K [0x000000076d100000, 0x0000000784880000, 0x00000007c0000000)
  eden space 105472K, 100% used [0x000000076d100000,0x0000000773800000,0x0000000773800000)
  from space 129536K, 83% used [0x000000077b780000,0x0000000782092d68,0x0000000783600000)
  to   space 130560K, 0% used [0x0000000773800000,0x0000000773800000,0x000000077b780000)
 ParOldGen       total 954368K, used 891178K [0x00000006c7200000, 0x0000000701600000, 0x000000076d100000)
  object space 954368K, 93% used [0x00000006c7200000,0x00000006fd84a9b0,0x0000000701600000)
 Metaspace       used 56347K, capacity 57062K, committed 57512K, reserved 1099776K
  class space    used 7672K, capacity 7854K, committed 7856K, reserved 1048576K
Event: 19119.936 GC heap after
Heap after GC invocations=177 (full 4):
 PSYoungGen      total 236032K, used 89451K [0x000000076d100000, 0x0000000784680000, 0x00000007c0000000)
  eden space 105472K, 0% used [0x000000076d100000,0x000000076d100000,0x0000000773800000)
  from space 130560K, 68% used [0x0000000773800000,0x0000000778f5ad68,0x000000077b780000)
  to   space 128512K, 0% used [0x000000077c900000,0x000000077c900000,0x0000000784680000)
 ParOldGen       total 954368K, used 908113K [0x00000006c7200000, 0x0000000701600000, 0x000000076d100000)
  object space 954368K, 95% used [0x00000006c7200000,0x00000006fe8d46d0,0x0000000701600000)
 Metaspace       used 56347K, capacity 57062K, committed 57512K, reserved 1099776K
  class space    used 7672K, capacity 7854K, committed 7856K, reserved 1048576K
}
Event: 19120.244 GC heap before
{Heap before GC invocations=178 (full 4):
 PSYoungGen      total 236032K, used 194923K [0x000000076d100000, 0x0000000784680000, 0x00000007c0000000)
  eden space 105472K, 100% used [0x000000076d100000,0x0000000773800000,0x0000000773800000)
  from space 130560K, 68% used [0x0000000773800000,0x0000000778f5ad68,0x000000077b780000)
  to   space 128512K, 0% used [0x000000077c900000,0x000000077c900000,0x0000000784680000)
 ParOldGen       total 954368K, used 908113K [0x00000006c7200000, 0x0000000701600000, 0x000000076d100000)
  object space 954368K, 95% used [0x00000006c7200000,0x00000006fe8d46d0,0x0000000701600000)
 Metaspace       used 56347K, capacity 57062K, committed 57512K, reserved 1099776K
  class space    used 7672K, capacity 7854K, committed 7856K, reserved 1048576K
Event: 19120.372 GC heap after
Heap after GC invocations=178 (full 4):
 PSYoungGen      total 253440K, used 72215K [0x000000076d100000, 0x0000000784800000, 0x00000007c0000000)
  eden space 124928K, 0% used [0x000000076d100000,0x000000076d100000,0x0000000774b00000)
  from space 128512K, 56% used [0x000000077c900000,0x0000000780f85fa8,0x0000000784680000)
  to   space 129024K, 0% used [0x0000000774b00000,0x0000000774b00000,0x000000077c900000)
 ParOldGen       total 954368K, used 921823K [0x00000006c7200000, 0x0000000701600000, 0x000000076d100000)
  object space 954368K, 96% used [0x00000006c7200000,0x00000006ff637e70,0x0000000701600000)
 Metaspace       used 56347K, capacity 57062K, committed 57512K, reserved 1099776K
  class space    used 7672K, capacity 7854K, committed 7856K, reserved 1048576K
}
Event: 19249.299 GC heap before
{Heap before GC invocations=179 (full 4):
 PSYoungGen      total 253440K, used 197143K [0x000000076d100000, 0x0000000784800000, 0x00000007c0000000)
  eden space 124928K, 100% used [0x000000076d100000,0x0000000774b00000,0x0000000774b00000)
  from space 128512K, 56% used [0x000000077c900000,0x0000000780f85fa8,0x0000000784680000)
  to   space 129024K, 0% used [0x0000000774b00000,0x0000000774b00000,0x000000077c900000)
 ParOldGen       total 954368K, used 921823K [0x00000006c7200000, 0x0000000701600000, 0x000000076d100000)
  object space 954368K, 96% used [0x00000006c7200000,0x00000006ff637e70,0x0000000701600000)
 Metaspace       used 56390K, capacity 57126K, committed 57512K, reserved 1099776K
  class space    used 7672K, capacity 7854K, committed 7856K, reserved 1048576K
Event: 19249.567 GC heap after
Heap after GC invocations=179 (full 4):
 PSYoungGen      total 253952K, used 88834K [0x000000076d100000, 0x0000000785800000, 0x00000007c0000000)
  eden space 124928K, 0% used [0x000000076d100000,0x000000076d100000,0x0000000774b00000)
  from space 129024K, 68% used [0x0000000774b00000,0x000000077a1c0910,0x000000077c900000)
  to   space 125952K, 0% used [0x000000077dd00000,0x000000077dd00000,0x0000000785800000)
 ParOldGen       total 954368K, used 931491K [0x00000006c7200000, 0x0000000701600000, 0x000000076d100000)
  object space 954368K, 97% used [0x00000006c7200000,0x00000006fffa8f10,0x0000000701600000)
 Metaspace       used 56390K, capacity 57126K, committed 57512K, reserved 1099776K
  class space    used 7672K, capacity 7854K, committed 7856K, reserved 1048576K
}
Event: 19249.984 GC heap before
{Heap before GC invocations=180 (full 4):
 PSYoungGen      total 253952K, used 213762K [0x000000076d100000, 0x0000000785800000, 0x00000007c0000000)
  eden space 124928K, 100% used [0x000000076d100000,0x0000000774b00000,0x0000000774b00000)
  from space 129024K, 68% used [0x0000000774b00000,0x000000077a1c0910,0x000000077c900000)
  to   space 125952K, 0% used [0x000000077dd00000,0x000000077dd00000,0x0000000785800000)
 ParOldGen       total 954368K, used 931491K [0x00000006c7200000, 0x0000000701600000, 0x000000076d100000)
  object space 954368K, 97% used [0x00000006c7200000,0x00000006fffa8f10,0x0000000701600000)
 Metaspace       used 56396K, capacity 57126K, committed 57512K, reserved 1099776K
  class space    used 7672K, capacity 7854K, committed 7856K, reserved 1048576K
Event: 19250.111 GC heap after
Heap after GC invocations=180 (full 4):
 PSYoungGen      total 273408K, used 74311K [0x000000076d100000, 0x0000000785700000, 0x00000007c0000000)
  eden space 148480K, 0% used [0x000000076d100000,0x000000076d100000,0x0000000776200000)
  from space 124928K, 59% used [0x000000077dd00000,0x0000000782591ef8,0x0000000785700000)
  to   space 125440K, 0% used [0x0000000776200000,0x0000000776200000,0x000000077dc80000)
 ParOldGen       total 954368K, used 941143K [0x00000006c7200000, 0x0000000701600000, 0x000000076d100000)
  object space 954368K, 98% used [0x00000006c7200000,0x0000000700915fb0,0x0000000701600000)
 Metaspace       used 56396K, capacity 57126K, committed 57512K, reserved 1099776K
  class space    used 7672K, capacity 7854K, committed 7856K, reserved 1048576K
}
Event: 19250.111 GC heap before
{Heap before GC invocations=181 (full 5):
 PSYoungGen      total 273408K, used 74311K [0x000000076d100000, 0x0000000785700000, 0x00000007c0000000)
  eden space 148480K, 0% used [0x000000076d100000,0x000000076d100000,0x0000000776200000)
  from space 124928K, 59% used [0x000000077dd00000,0x0000000782591ef8,0x0000000785700000)
  to   space 125440K, 0% used [0x0000000776200000,0x0000000776200000,0x000000077dc80000)
 ParOldGen       total 954368K, used 941143K [0x00000006c7200000, 0x0000000701600000, 0x000000076d100000)
  object space 954368K, 98% used [0x00000006c7200000,0x0000000700915fb0,0x0000000701600000)
 Metaspace       used 56396K, capacity 57126K, committed 57512K, reserved 1099776K
  class space    used 7672K, capacity 7854K, committed 7856K, reserved 1048576K

