# JRE version: OpenJDK Runtime Environment (8.0_191-b12) (build 1.8.0_191-b12)
# Java VM: OpenJDK 64-Bit Server VM (25.191-b12 mixed mode linux-amd64 compressed oops)
Heap:
 PSYoungGen      total 273920K, used 22507K [0x000000076d100000, 0x000000077f900000, 0x00000007c0000000)
  eden space 251392K, 0% used [0x000000076d100000,0x000000076d100000,0x000000077c680000)
  from space 22528K, 99% used [0x000000077c680000,0x000000077dc7ad90,0x000000077dc80000)
  to   space 15872K, 0% used [0x000000077dc80000,0x000000077dc80000,0x000000077ec00000)
 ParOldGen       total 171008K, used 23212K [0x00000006c7200000, 0x00000006d1900000, 0x000000076d100000)
  object space 171008K, 13% used [0x00000006c7200000,0x00000006c88ab2a0,0x00000006d1900000)
 Metaspace       used 11838K, capacity 12180K, committed 12288K, reserved 1060864K
  class space    used 1171K, capacity 1278K, committed 1280K, reserved 1048576K
GC Heap History (13 events):
Event: 2.477 GC heap before
{Heap before GC invocations=1 (full 0):
 PSYoungGen      total 74752K, used 64512K [0x000000076d100000, 0x0000000772400000, 0x00000007c0000000)
  eden space 64512K, 100% used [0x000000076d100000,0x0000000771000000,0x0000000771000000)
  from space 10240K, 0% used [0x0000000771a00000,0x0000000771a00000,0x0000000772400000)
  to   space 10240K, 0% used [0x0000000771000000,0x0000000771000000,0x0000000771a00000)
 ParOldGen       total 171008K, used 0K [0x00000006c7200000, 0x00000006d1900000, 0x000000076d100000)
  object space 171008K, 0% used [0x00000006c7200000,0x00000006c7200000,0x00000006d1900000)
 Metaspace       used 11467K, capacity 11768K, committed 12032K, reserved 1060864K
  class space    used 1146K, capacity 1258K, committed 1280K, reserved 1048576K
Event: 2.483 GC heap after
Heap after GC invocations=1 (full 0):
 PSYoungGen      total 74752K, used 7267K [0x000000076d100000, 0x0000000772400000, 0x00000007c0000000)
  eden space 64512K, 0% used [0x000000076d100000,0x000000076d100000,0x0000000771000000)
  from space 10240K, 70% used [0x0000000771000000,0x0000000771718e20,0x0000000771a00000)
  to   space 10240K, 0% used [0x0000000771a00000,0x0000000771a00000,0x0000000772400000)
 ParOldGen       total 171008K, used 80K [0x00000006c7200000, 0x00000006d1900000, 0x000000076d100000)
  object space 171008K, 0% used [0x00000006c7200000,0x00000006c7214010,0x00000006d1900000)
 Metaspace       used 11467K, capacity 11768K, committed 12032K, reserved 1060864K
  class space    used 1146K, capacity 1258K, committed 1280K, reserved 1048576K
}
Event: 2.640 GC heap before
{Heap before GC invocations=2 (full 0):
 PSYoungGen      total 74752K, used 71779K [0x000000076d100000, 0x0000000772400000, 0x00000007c0000000)
  eden space 64512K, 100% used [0x000000076d100000,0x0000000771000000,0x0000000771000000)
  from space 10240K, 70% used [0x0000000771000000,0x0000000771718e20,0x0000000771a00000)
  to   space 10240K, 0% used [0x0000000771a00000,0x0000000771a00000,0x0000000772400000)
 ParOldGen       total 171008K, used 80K [0x00000006c7200000, 0x00000006d1900000, 0x000000076d100000)
  object space 171008K, 0% used [0x00000006c7200000,0x00000006c7214010,0x00000006d1900000)
 Metaspace       used 11520K, capacity 11844K, committed 12032K, reserved 1060864K
  class space    used 1147K, capacity 1258K, committed 1280K, reserved 1048576K
Event: 2.646 GC heap after
Heap after GC invocations=2 (full 0):
 PSYoungGen      total 74752K, used 8419K [0x000000076d100000, 0x0000000776300000, 0x00000007c0000000)
  eden space 64512K, 0% used [0x000000076d100000,0x000000076d100000,0x0000000771000000)
  from space 10240K, 82% used [0x0000000771a00000,0x0000000772238c90,0x0000000772400000)
  to   space 10240K, 0% used [0x0000000771000000,0x0000000771000000,0x0000000771a00000)
 ParOldGen       total 171008K, used 88K [0x00000006c7200000, 0x00000006d1900000, 0x000000076d100000)
  object space 171008K, 0% used [0x00000006c7200000,0x00000006c7216010,0x00000006d1900000)
 Metaspace       used 11520K, capacity 11844K, committed 12032K, reserved 1060864K
  class space    used 1147K, capacity 1258K, committed 1280K, reserved 1048576K
}
Event: 2.850 GC heap before
{Heap before GC invocations=3 (full 0):
 PSYoungGen      total 74752K, used 72931K [0x000000076d100000, 0x0000000776300000, 0x00000007c0000000)
  eden space 64512K, 100% used [0x000000076d100000,0x0000000771000000,0x0000000771000000)
  from space 10240K, 82% used [0x0000000771a00000,0x0000000772238c90,0x0000000772400000)
  to   space 10240K, 0% used [0x0000000771000000,0x0000000771000000,0x0000000771a00000)
 ParOldGen       total 171008K, used 88K [0x00000006c7200000, 0x00000006d1900000, 0x000000076d100000)
  object space 171008K, 0% used [0x00000006c7200000,0x00000006c7216010,0x00000006d1900000)
 Metaspace       used 11694K, capacity 12012K, committed 12032K, reserved 1060864K
  class space    used 1164K, capacity 1272K, committed 1280K, reserved 1048576K
Event: 2.859 GC heap after
Heap after GC invocations=3 (full 0):
 PSYoungGen      total 74752K, used 9288K [0x000000076d100000, 0x0000000776300000, 0x00000007c0000000)
  eden space 64512K, 0% used [0x000000076d100000,0x000000076d100000,0x0000000771000000)
  from space 10240K, 90% used [0x0000000771000000,0x0000000771912070,0x0000000771a00000)
  to   space 10240K, 0% used [0x0000000775900000,0x0000000775900000,0x0000000776300000)
 ParOldGen       total 171008K, used 88K [0x00000006c7200000, 0x00000006d1900000, 0x000000076d100000)
  object space 171008K, 0% used [0x00000006c7200000,0x00000006c7216010,0x00000006d1900000)
 Metaspace       used 11694K, capacity 12012K, committed 12032K, reserved 1060864K
  class space    used 1164K, capacity 1272K, committed 1280K, reserved 1048576K
}
Event: 3.053 GC heap before
{Heap before GC invocations=4 (full 0):
 PSYoungGen      total 74752K, used 73800K [0x000000076d100000, 0x0000000776300000, 0x00000007c0000000)
  eden space 64512K, 100% used [0x000000076d100000,0x0000000771000000,0x0000000771000000)
  from space 10240K, 90% used [0x0000000771000000,0x0000000771912070,0x0000000771a00000)
  to   space 10240K, 0% used [0x0000000775900000,0x0000000775900000,0x0000000776300000)
 ParOldGen       total 171008K, used 88K [0x00000006c7200000, 0x00000006d1900000, 0x000000076d100000)
  object space 171008K, 0% used [0x00000006c7200000,0x00000006c7216010,0x00000006d1900000)
 Metaspace       used 11709K, capacity 12030K, committed 12288K, reserved 1060864K
  class space    used 1165K, capacity 1273K, committed 1280K, reserved 1048576K
Event: 3.067 GC heap after
Heap after GC invocations=4 (full 0):
 PSYoungGen      total 139264K, used 10232K [0x000000076d100000, 0x0000000776300000, 0x00000007c0000000)
  eden space 129024K, 0% used [0x000000076d100000,0x000000076d100000,0x0000000774f00000)
  from space 10240K, 99% used [0x0000000775900000,0x00000007762fe070,0x0000000776300000)
  to   space 10240K, 0% used [0x0000000774f00000,0x0000000774f00000,0x0000000775900000)
 ParOldGen       total 171008K, used 984K [0x00000006c7200000, 0x00000006d1900000, 0x000000076d100000)
  object space 171008K, 0% used [0x00000006c7200000,0x00000006c72f6020,0x00000006d1900000)
 Metaspace       used 11709K, capacity 12030K, committed 12288K, reserved 1060864K
  class space    used 1165K, capacity 1273K, committed 1280K, reserved 1048576K
}
Event: 3.396 GC heap before
{Heap before GC invocations=5 (full 0):
 PSYoungGen      total 139264K, used 139256K [0x000000076d100000, 0x0000000776300000, 0x00000007c0000000)
  eden space 129024K, 100% used [0x000000076d100000,0x0000000774f00000,0x0000000774f00000)
  from space 10240K, 99% used [0x0000000775900000,0x00000007762fe070,0x0000000776300000)
  to   space 10240K, 0% used [0x0000000774f00000,0x0000000774f00000,0x0000000775900000)
 ParOldGen       total 171008K, used 984K [0x00000006c7200000, 0x00000006d1900000, 0x000000076d100000)
  object space 171008K, 0% used [0x00000006c7200000,0x00000006c72f6020,0x00000006d1900000)
 Metaspace       used 11713K, capacity 12030K, committed 12288K, reserved 1060864K
  class space    used 1165K, capacity 1273K, committed 1280K, reserved 1048576K
Event: 3.418 GC heap after
Heap after GC invocations=5 (full 0):
 PSYoungGen      total 139264K, used 10216K [0x000000076d100000, 0x000000077ec00000, 0x00000007c0000000)
  eden space 129024K, 0% used [0x000000076d100000,0x000000076d100000,0x0000000774f00000)
  from space 10240K, 99% used [0x0000000774f00000,0x00000007758fa020,0x0000000775900000)
  to   space 15872K, 0% used [0x000000077dc80000,0x000000077dc80000,0x000000077ec00000)
 ParOldGen       total 171008K, used 6480K [0x00000006c7200000, 0x00000006d1900000, 0x000000076d100000)
  object space 171008K, 3% used [0x00000006c7200000,0x00000006c7854080,0x00000006d1900000)
 Metaspace       used 11713K, capacity 12030K, committed 12288K, reserved 1060864K
  class space    used 1165K, capacity 1273K, committed 1280K, reserved 1048576K
}
Event: 3.860 GC heap before
{Heap before GC invocations=6 (full 0):
 PSYoungGen      total 139264K, used 139240K [0x000000076d100000, 0x000000077ec00000, 0x00000007c0000000)
  eden space 129024K, 100% used [0x000000076d100000,0x0000000774f00000,0x0000000774f00000)
  from space 10240K, 99% used [0x0000000774f00000,0x00000007758fa020,0x0000000775900000)
  to   space 15872K, 0% used [0x000000077dc80000,0x000000077dc80000,0x000000077ec00000)
 ParOldGen       total 171008K, used 6480K [0x00000006c7200000, 0x00000006d1900000, 0x000000076d100000)
  object space 171008K, 3% used [0x00000006c7200000,0x00000006c7854080,0x00000006d1900000)
 Metaspace       used 11814K, capacity 12180K, committed 12288K, reserved 1060864K
  class space    used 1171K, capacity 1278K, committed 1280K, reserved 1048576K
Event: 3.892 GC heap after
Heap after GC invocations=6 (full 0):
 PSYoungGen      total 267264K, used 15848K [0x000000076d100000, 0x000000077f900000, 0x00000007c0000000)
  eden space 251392K, 0% used [0x000000076d100000,0x000000076d100000,0x000000077c680000)
  from space 15872K, 99% used [0x000000077dc80000,0x000000077ebfa060,0x000000077ec00000)
  to   space 22528K, 0% used [0x000000077c680000,0x000000077c680000,0x000000077dc80000)
 ParOldGen       total 171008K, used 13668K [0x00000006c7200000, 0x00000006d1900000, 0x000000076d100000)
  object space 171008K, 7% used [0x00000006c7200000,0x00000006c7f590c0,0x00000006d1900000)
 Metaspace       used 11814K, capacity 12180K, committed 12288K, reserved 1060864K
  class space    used 1171K, capacity 1278K, committed 1280K, reserved 1048576K
}
Event: 8.801 GC heap before
{Heap before GC invocations=7 (full 0):
 PSYoungGen      total 267264K, used 267240K [0x000000076d100000, 0x000000077f900000, 0x00000007c0000000)
  eden space 251392K, 100% used [0x000000076d100000,0x000000077c680000,0x000000077c680000)
  from space 15872K, 99% used [0x000000077dc80000,0x000000077ebfa060,0x000000077ec00000)
  to   space 22528K, 0% used [0x000000077c680000,0x000000077c680000,0x000000077dc80000)
 ParOldGen       total 171008K, used 13668K [0x00000006c7200000, 0x00000006d1900000, 0x000000076d100000)
  object space 171008K, 7% used [0x00000006c7200000,0x00000006c7f590c0,0x00000006d1900000)
 Metaspace       used 11838K, capacity 12180K, committed 12288K, reserved 1060864K
  class space    used 1171K, capacity 1278K, committed 1280K, reserved 1048576K

