# JRE version: OpenJDK Runtime Environment (8.0_191-b12) (build 1.8.0_191-b12)
# Java VM: OpenJDK 64-Bit Server VM (25.191-b12 mixed mode linux-amd64 compressed oops)
Heap:
 PSYoungGen      total 71168K, used 16444K [0x000000076d100000, 0x0000000773b80000, 0x00000007c0000000)
  eden space 40960K, 39% used [0x000000076d100000,0x000000076e0ff320,0x000000076f900000)
  from space 30208K, 0% used [0x000000076f900000,0x000000076f910000,0x0000000771680000)
  to   space 30720K, 0% used [0x0000000771d80000,0x0000000771d80000,0x0000000773b80000)
 ParOldGen       total 46080K, used 32266K [0x00000006c7200000, 0x00000006c9f00000, 0x000000076d100000)
  object space 46080K, 70% used [0x00000006c7200000,0x00000006c9182b88,0x00000006c9f00000)
 Metaspace       used 6999K, capacity 7134K, committed 7424K, reserved 1056768K
  class space    used 658K, capacity 670K, committed 768K, reserved 1048576K
GC Heap History (64 events):
Event: 0.295 GC heap before
{Heap before GC invocations=1 (full 0):
 PSYoungGen      total 2048K, used 1536K [0x000000076d100000, 0x000000076d380000, 0x00000007c0000000)
  eden space 1536K, 100% used [0x000000076d100000,0x000000076d280000,0x000000076d280000)
  from space 512K, 0% used [0x000000076d300000,0x000000076d300000,0x000000076d380000)
  to   space 512K, 0% used [0x000000076d280000,0x000000076d280000,0x000000076d300000)
 ParOldGen       total 5632K, used 0K [0x00000006c7200000, 0x00000006c7780000, 0x000000076d100000)
  object space 5632K, 0% used [0x00000006c7200000,0x00000006c7200000,0x00000006c7780000)
 Metaspace       used 3574K, capacity 4614K, committed 4864K, reserved 1056768K
  class space    used 355K, capacity 386K, committed 512K, reserved 1048576K
Event: 0.296 GC heap after
Heap after GC invocations=1 (full 0):
 PSYoungGen      total 2048K, used 490K [0x000000076d100000, 0x000000076d380000, 0x00000007c0000000)
  eden space 1536K, 0% used [0x000000076d100000,0x000000076d100000,0x000000076d280000)
  from space 512K, 95% used [0x000000076d280000,0x000000076d2fa980,0x000000076d300000)
  to   space 512K, 0% used [0x000000076d300000,0x000000076d300000,0x000000076d380000)
 ParOldGen       total 5632K, used 450K [0x00000006c7200000, 0x00000006c7780000, 0x000000076d100000)
  object space 5632K, 7% used [0x00000006c7200000,0x00000006c72708f0,0x00000006c7780000)
 Metaspace       used 3574K, capacity 4614K, committed 4864K, reserved 1056768K
  class space    used 355K, capacity 386K, committed 512K, reserved 1048576K
}
Event: 0.517 GC heap before
{Heap before GC invocations=2 (full 0):
 PSYoungGen      total 2048K, used 2026K [0x000000076d100000, 0x000000076d380000, 0x00000007c0000000)
  eden space 1536K, 100% used [0x000000076d100000,0x000000076d280000,0x000000076d280000)
  from space 512K, 95% used [0x000000076d280000,0x000000076d2fa980,0x000000076d300000)
  to   space 512K, 0% used [0x000000076d300000,0x000000076d300000,0x000000076d380000)
 ParOldGen       total 5632K, used 450K [0x00000006c7200000, 0x00000006c7780000, 0x000000076d100000)
  object space 5632K, 7% used [0x00000006c7200000,0x00000006c72708f0,0x00000006c7780000)
 Metaspace       used 5437K, capacity 5556K, committed 5760K, reserved 1056768K
  class space    used 527K, capacity 530K, committed 640K, reserved 1048576K
Event: 0.518 GC heap after
Heap after GC invocations=2 (full 0):
 PSYoungGen      total 2048K, used 490K [0x000000076d100000, 0x000000076d380000, 0x00000007c0000000)
  eden space 1536K, 0% used [0x000000076d100000,0x000000076d100000,0x000000076d280000)
  from space 512K, 95% used [0x000000076d300000,0x000000076d37a960,0x000000076d380000)
  to   space 512K, 0% used [0x000000076d280000,0x000000076d280000,0x000000076d300000)
 ParOldGen       total 5632K, used 1043K [0x00000006c7200000, 0x00000006c7780000, 0x000000076d100000)
  object space 5632K, 18% used [0x00000006c7200000,0x00000006c7304e58,0x00000006c7780000)
 Metaspace       used 5437K, capacity 5556K, committed 5760K, reserved 1056768K
  class space    used 527K, capacity 530K, committed 640K, reserved 1048576K
}
Event: 0.534 GC heap before
{Heap before GC invocations=3 (full 0):
 PSYoungGen      total 2048K, used 2026K [0x000000076d100000, 0x000000076d380000, 0x00000007c0000000)
  eden space 1536K, 100% used [0x000000076d100000,0x000000076d280000,0x000000076d280000)
  from space 512K, 95% used [0x000000076d300000,0x000000076d37a960,0x000000076d380000)
  to   space 512K, 0% used [0x000000076d280000,0x000000076d280000,0x000000076d300000)
 ParOldGen       total 5632K, used 1043K [0x00000006c7200000, 0x00000006c7780000, 0x000000076d100000)
  object space 5632K, 18% used [0x00000006c7200000,0x00000006c7304e58,0x00000006c7780000)
 Metaspace       used 5509K, capacity 5670K, committed 5760K, reserved 1056768K
  class space    used 532K, capacity 565K, committed 640K, reserved 1048576K
Event: 0.536 GC heap after
Heap after GC invocations=3 (full 0):
 PSYoungGen      total 2048K, used 490K [0x000000076d100000, 0x000000076d500000, 0x00000007c0000000)
  eden space 1536K, 0% used [0x000000076d100000,0x000000076d100000,0x000000076d280000)
  from space 512K, 95% used [0x000000076d280000,0x000000076d2fa960,0x000000076d300000)
  to   space 512K, 0% used [0x000000076d480000,0x000000076d480000,0x000000076d500000)
 ParOldGen       total 5632K, used 1339K [0x00000006c7200000, 0x00000006c7780000, 0x000000076d100000)
  object space 5632K, 23% used [0x00000006c7200000,0x00000006c734ee98,0x00000006c7780000)
 Metaspace       used 5509K, capacity 5670K, committed 5760K, reserved 1056768K
  class space    used 532K, capacity 565K, committed 640K, reserved 1048576K
}
Event: 0.544 GC heap before
{Heap before GC invocations=4 (full 0):
 PSYoungGen      total 2048K, used 2026K [0x000000076d100000, 0x000000076d500000, 0x00000007c0000000)
  eden space 1536K, 100% used [0x000000076d100000,0x000000076d280000,0x000000076d280000)
  from space 512K, 95% used [0x000000076d280000,0x000000076d2fa960,0x000000076d300000)
  to   space 512K, 0% used [0x000000076d480000,0x000000076d480000,0x000000076d500000)
 ParOldGen       total 5632K, used 1339K [0x00000006c7200000, 0x00000006c7780000, 0x000000076d100000)
  object space 5632K, 23% used [0x00000006c7200000,0x00000006c734ee98,0x00000006c7780000)
 Metaspace       used 5551K, capacity 5740K, committed 6016K, reserved 1056768K
  class space    used 534K, capacity 566K, committed 640K, reserved 1048576K
Event: 0.546 GC heap after
Heap after GC invocations=4 (full 0):
 PSYoungGen      total 3584K, used 512K [0x000000076d100000, 0x000000076d500000, 0x00000007c0000000)
  eden space 3072K, 0% used [0x000000076d100000,0x000000076d100000,0x000000076d400000)
  from space 512K, 100% used [0x000000076d480000,0x000000076d500000,0x000000076d500000)
  to   space 512K, 0% used [0x000000076d400000,0x000000076d400000,0x000000076d480000)
 ParOldGen       total 5632K, used 1722K [0x00000006c7200000, 0x00000006c7780000, 0x000000076d100000)
  object space 5632K, 30% used [0x00000006c7200000,0x00000006c73ae9e8,0x00000006c7780000)
 Metaspace       used 5551K, capacity 5740K, committed 6016K, reserved 1056768K
  class space    used 534K, capacity 566K, committed 640K, reserved 1048576K
}
Event: 0.611 GC heap before
{Heap before GC invocations=5 (full 0):
 PSYoungGen      total 3584K, used 3584K [0x000000076d100000, 0x000000076d500000, 0x00000007c0000000)
  eden space 3072K, 100% used [0x000000076d100000,0x000000076d400000,0x000000076d400000)
  from space 512K, 100% used [0x000000076d480000,0x000000076d500000,0x000000076d500000)
  to   space 512K, 0% used [0x000000076d400000,0x000000076d400000,0x000000076d480000)
 ParOldGen       total 5632K, used 1722K [0x00000006c7200000, 0x00000006c7780000, 0x000000076d100000)
  object space 5632K, 30% used [0x00000006c7200000,0x00000006c73ae9e8,0x00000006c7780000)
 Metaspace       used 6625K, capacity 6776K, committed 6784K, reserved 1056768K
  class space    used 622K, capacity 632K, committed 640K, reserved 1048576K
Event: 0.612 GC heap after
Heap after GC invocations=5 (full 0):
 PSYoungGen      total 3584K, used 512K [0x000000076d100000, 0x000000076db00000, 0x00000007c0000000)
  eden space 3072K, 0% used [0x000000076d100000,0x000000076d100000,0x000000076d400000)
  from space 512K, 100% used [0x000000076d400000,0x000000076d480000,0x000000076d480000)
  to   space 2048K, 0% used [0x000000076d900000,0x000000076d900000,0x000000076db00000)
 ParOldGen       total 5632K, used 2823K [0x00000006c7200000, 0x00000006c7780000, 0x000000076d100000)
  object space 5632K, 50% used [0x00000006c7200000,0x00000006c74c1c48,0x00000006c7780000)
 Metaspace       used 6625K, capacity 6776K, committed 6784K, reserved 1056768K
  class space    used 622K, capacity 632K, committed 640K, reserved 1048576K
}
Event: 0.674 GC heap before
{Heap before GC invocations=6 (full 0):
 PSYoungGen      total 3584K, used 3584K [0x000000076d100000, 0x000000076db00000, 0x00000007c0000000)
  eden space 3072K, 100% used [0x000000076d100000,0x000000076d400000,0x000000076d400000)
  from space 512K, 100% used [0x000000076d400000,0x000000076d480000,0x000000076d480000)
  to   space 2048K, 0% used [0x000000076d900000,0x000000076d900000,0x000000076db00000)
 ParOldGen       total 5632K, used 2823K [0x00000006c7200000, 0x00000006c7780000, 0x000000076d100000)
  object space 5632K, 50% used [0x00000006c7200000,0x00000006c74c1c48,0x00000006c7780000)
 Metaspace       used 6689K, capacity 6840K, committed 7040K, reserved 1056768K
  class space    used 622K, capacity 632K, committed 640K, reserved 1048576K
Event: 0.677 GC heap after
Heap after GC invocations=6 (full 0):
 PSYoungGen      total 7168K, used 2047K [0x000000076d100000, 0x000000076dd00000, 0x00000007c0000000)
  eden space 5120K, 0% used [0x000000076d100000,0x000000076d100000,0x000000076d600000)
  from space 2048K, 99% used [0x000000076d900000,0x000000076daffdc0,0x000000076db00000)
  to   space 3072K, 0% used [0x000000076d600000,0x000000076d600000,0x000000076d900000)
 ParOldGen       total 5632K, used 3974K [0x00000006c7200000, 0x00000006c7780000, 0x000000076d100000)
  object space 5632K, 70% used [0x00000006c7200000,0x00000006c75e1878,0x00000006c7780000)
 Metaspace       used 6689K, capacity 6840K, committed 7040K, reserved 1056768K
  class space    used 622K, capacity 632K, committed 640K, reserved 1048576K
}
Event: 0.744 GC heap before
{Heap before GC invocations=7 (full 0):
 PSYoungGen      total 7168K, used 7167K [0x000000076d100000, 0x000000076dd00000, 0x00000007c0000000)
  eden space 5120K, 100% used [0x000000076d100000,0x000000076d600000,0x000000076d600000)
  from space 2048K, 99% used [0x000000076d900000,0x000000076daffdc0,0x000000076db00000)
  to   space 3072K, 0% used [0x000000076d600000,0x000000076d600000,0x000000076d900000)
 ParOldGen       total 5632K, used 3974K [0x00000006c7200000, 0x00000006c7780000, 0x000000076d100000)
  object space 5632K, 70% used [0x00000006c7200000,0x00000006c75e1878,0x00000006c7780000)
 Metaspace       used 6697K, capacity 6840K, committed 7040K, reserved 1056768K
  class space    used 622K, capacity 632K, committed 640K, reserved 1048576K
Event: 0.749 GC heap after
Heap after GC invocations=7 (full 0):
 PSYoungGen      total 8192K, used 3062K [0x000000076d100000, 0x000000076e400000, 0x00000007c0000000)
  eden space 5120K, 0% used [0x000000076d100000,0x000000076d100000,0x000000076d600000)
  from space 3072K, 99% used [0x000000076d600000,0x000000076d8fd9c8,0x000000076d900000)
  to   space 4608K, 0% used [0x000000076df80000,0x000000076df80000,0x000000076e400000)
 ParOldGen       total 6656K, used 6249K [0x00000006c7200000, 0x00000006c7880000, 0x000000076d100000)
  object space 6656K, 93% used [0x00000006c7200000,0x00000006c781a558,0x00000006c7880000)
 Metaspace       used 6697K, capacity 6840K, committed 7040K, reserved 1056768K
  class space    used 622K, capacity 632K, committed 640K, reserved 1048576K
}
Event: 0.749 GC heap before
{Heap before GC invocations=8 (full 1):
 PSYoungGen      total 8192K, used 3062K [0x000000076d100000, 0x000000076e400000, 0x00000007c0000000)
  eden space 5120K, 0% used [0x000000076d100000,0x000000076d100000,0x000000076d600000)
  from space 3072K, 99% used [0x000000076d600000,0x000000076d8fd9c8,0x000000076d900000)
  to   space 4608K, 0% used [0x000000076df80000,0x000000076df80000,0x000000076e400000)
 ParOldGen       total 6656K, used 6249K [0x00000006c7200000, 0x00000006c7880000, 0x000000076d100000)
  object space 6656K, 93% used [0x00000006c7200000,0x00000006c781a558,0x00000006c7880000)
 Metaspace       used 6697K, capacity 6840K, committed 7040K, reserved 1056768K
  class space    used 622K, capacity 632K, committed 640K, reserved 1048576K
Event: 0.766 GC heap after
Heap after GC invocations=8 (full 1):
 PSYoungGen      total 8192K, used 437K [0x000000076d100000, 0x000000076e400000, 0x00000007c0000000)
  eden space 5120K, 0% used [0x000000076d100000,0x000000076d100000,0x000000076d600000)
  from space 3072K, 14% used [0x000000076d600000,0x000000076d66d6d8,0x000000076d900000)
  to   space 4608K, 0% used [0x000000076df80000,0x000000076df80000,0x000000076e400000)
 ParOldGen       total 10752K, used 6484K [0x00000006c7200000, 0x00000006c7c80000, 0x000000076d100000)
  object space 10752K, 60% used [0x00000006c7200000,0x00000006c7855398,0x00000006c7c80000)
 Metaspace       used 6697K, capacity 6840K, committed 7040K, reserved 1056768K
  class space    used 622K, capacity 632K, committed 640K, reserved 1048576K
}
Event: 0.817 GC heap before
{Heap before GC invocations=9 (full 1):
 PSYoungGen      total 8192K, used 5557K [0x000000076d100000, 0x000000076e400000, 0x00000007c0000000)
  eden space 5120K, 100% used [0x000000076d100000,0x000000076d600000,0x000000076d600000)
  from space 3072K, 14% used [0x000000076d600000,0x000000076d66d6d8,0x000000076d900000)
  to   space 4608K, 0% used [0x000000076df80000,0x000000076df80000,0x000000076e400000)
 ParOldGen       total 10752K, used 6484K [0x00000006c7200000, 0x00000006c7c80000, 0x000000076d100000)
  object space 10752K, 60% used [0x00000006c7200000,0x00000006c7855398,0x00000006c7c80000)
 Metaspace       used 6697K, capacity 6840K, committed 7040K, reserved 1056768K
  class space    used 622K, capacity 632K, committed 640K, reserved 1048576K
Event: 0.822 GC heap after
Heap after GC invocations=9 (full 1):
 PSYoungGen      total 13824K, used 4579K [0x000000076d100000, 0x000000076e500000, 0x00000007c0000000)
  eden space 9216K, 0% used [0x000000076d100000,0x000000076d100000,0x000000076da00000)
  from space 4608K, 99% used [0x000000076df80000,0x000000076e3f8c18,0x000000076e400000)
  to   space 5632K, 0% used [0x000000076da00000,0x000000076da00000,0x000000076df80000)
 ParOldGen       total 10752K, used 6774K [0x00000006c7200000, 0x00000006c7c80000, 0x000000076d100000)
  object space 10752K, 63% used [0x00000006c7200000,0x00000006c789da78,0x00000006c7c80000)
 Metaspace       used 6697K, capacity 6840K, committed 7040K, reserved 1056768K
  class space    used 622K, capacity 632K, committed 640K, reserved 1048576K
}
Event: 1.042 GC heap before
{Heap before GC invocations=10 (full 1):
 PSYoungGen      total 13824K, used 13795K [0x000000076d100000, 0x000000076e500000, 0x00000007c0000000)
  eden space 9216K, 100% used [0x000000076d100000,0x000000076da00000,0x000000076da00000)
  from space 4608K, 99% used [0x000000076df80000,0x000000076e3f8c18,0x000000076e400000)
  to   space 5632K, 0% used [0x000000076da00000,0x000000076da00000,0x000000076df80000)
 ParOldGen       total 10752K, used 6774K [0x00000006c7200000, 0x00000006c7c80000, 0x000000076d100000)
  object space 10752K, 63% used [0x00000006c7200000,0x00000006c789da78,0x00000006c7c80000)
 Metaspace       used 6697K, capacity 6840K, committed 7040K, reserved 1056768K
  class space    used 622K, capacity 632K, committed 640K, reserved 1048576K
Event: 1.049 GC heap after
Heap after GC invocations=10 (full 1):
 PSYoungGen      total 14848K, used 5630K [0x000000076d100000, 0x000000076ee00000, 0x00000007c0000000)
  eden space 9216K, 0% used [0x000000076d100000,0x000000076d100000,0x000000076da00000)
  from space 5632K, 99% used [0x000000076da00000,0x000000076df7fa90,0x000000076df80000)
  to   space 8192K, 0% used [0x000000076e600000,0x000000076e600000,0x000000076ee00000)
 ParOldGen       total 10752K, used 9937K [0x00000006c7200000, 0x00000006c7c80000, 0x000000076d100000)
  object space 10752K, 92% used [0x00000006c7200000,0x00000006c7bb4698,0x00000006c7c80000)
 Metaspace       used 6697K, capacity 6840K, committed 7040K, reserved 1056768K
  class space    used 622K, capacity 632K, committed 640K, reserved 1048576K
}
Event: 1.049 GC heap before
{Heap before GC invocations=11 (full 2):
 PSYoungGen      total 14848K, used 5630K [0x000000076d100000, 0x000000076ee00000, 0x00000007c0000000)
  eden space 9216K, 0% used [0x000000076d100000,0x000000076d100000,0x000000076da00000)
  from space 5632K, 99% used [0x000000076da00000,0x000000076df7fa90,0x000000076df80000)
  to   space 8192K, 0% used [0x000000076e600000,0x000000076e600000,0x000000076ee00000)
 ParOldGen       total 10752K, used 9937K [0x00000006c7200000, 0x00000006c7c80000, 0x000000076d100000)
  object space 10752K, 92% used [0x00000006c7200000,0x00000006c7bb4698,0x00000006c7c80000)
 Metaspace       used 6697K, capacity 6840K, committed 7040K, reserved 1056768K
  class space    used 622K, capacity 632K, committed 640K, reserved 1048576K
Event: 1.079 GC heap after
Heap after GC invocations=11 (full 2):
 PSYoungGen      total 14848K, used 480K [0x000000076d100000, 0x000000076ee00000, 0x00000007c0000000)
  eden space 9216K, 0% used [0x000000076d100000,0x000000076d100000,0x000000076da00000)
  from space 5632K, 8% used [0x000000076da00000,0x000000076da780f8,0x000000076df80000)
  to   space 8192K, 0% used [0x000000076e600000,0x000000076e600000,0x000000076ee00000)
 ParOldGen       total 17408K, used 10659K [0x00000006c7200000, 0x00000006c8300000, 0x000000076d100000)
  object space 17408K, 61% used [0x00000006c7200000,0x00000006c7c68f80,0x00000006c8300000)
 Metaspace       used 6697K, capacity 6840K, committed 7040K, reserved 1056768K
  class space    used 622K, capacity 632K, committed 640K, reserved 1048576K
}
Event: 1.176 GC heap before
{Heap before GC invocations=12 (full 2):
 PSYoungGen      total 14848K, used 9640K [0x000000076d100000, 0x000000076ee00000, 0x00000007c0000000)
  eden space 9216K, 99% used [0x000000076d100000,0x000000076d9f2168,0x000000076da00000)
  from space 5632K, 8% used [0x000000076da00000,0x000000076da780f8,0x000000076df80000)
  to   space 8192K, 0% used [0x000000076e600000,0x000000076e600000,0x000000076ee00000)
 ParOldGen       total 17408K, used 10659K [0x00000006c7200000, 0x00000006c8300000, 0x000000076d100000)
  object space 17408K, 61% used [0x00000006c7200000,0x00000006c7c68f80,0x00000006c8300000)
 Metaspace       used 6697K, capacity 6840K, committed 7040K, reserved 1056768K
  class space    used 622K, capacity 632K, committed 640K, reserved 1048576K
Event: 1.183 GC heap after
Heap after GC invocations=12 (full 2):
 PSYoungGen      total 19968K, used 8168K [0x000000076d100000, 0x000000076f000000, 0x00000007c0000000)
  eden space 11776K, 0% used [0x000000076d100000,0x000000076d100000,0x000000076dc80000)
  from space 8192K, 99% used [0x000000076e600000,0x000000076edfa268,0x000000076ee00000)
  to   space 9728K, 0% used [0x000000076dc80000,0x000000076dc80000,0x000000076e600000)
 ParOldGen       total 17408K, used 11669K [0x00000006c7200000, 0x00000006c8300000, 0x000000076d100000)
  object space 17408K, 67% used [0x00000006c7200000,0x00000006c7d65550,0x00000006c8300000)
 Metaspace       used 6697K, capacity 6840K, committed 7040K, reserved 1056768K
  class space    used 622K, capacity 632K, committed 640K, reserved 1048576K
}
Event: 1.308 GC heap before
{Heap before GC invocations=13 (full 2):
 PSYoungGen      total 19968K, used 19944K [0x000000076d100000, 0x000000076f000000, 0x00000007c0000000)
  eden space 11776K, 100% used [0x000000076d100000,0x000000076dc80000,0x000000076dc80000)
  from space 8192K, 99% used [0x000000076e600000,0x000000076edfa268,0x000000076ee00000)
  to   space 9728K, 0% used [0x000000076dc80000,0x000000076dc80000,0x000000076e600000)
 ParOldGen       total 17408K, used 11669K [0x00000006c7200000, 0x00000006c8300000, 0x000000076d100000)
  object space 17408K, 67% used [0x00000006c7200000,0x00000006c7d65550,0x00000006c8300000)
 Metaspace       used 6697K, capacity 6840K, committed 7040K, reserved 1056768K
  class space    used 622K, capacity 632K, committed 640K, reserved 1048576K
Event: 1.313 GC heap after
Heap after GC invocations=13 (full 2):
 PSYoungGen      total 21504K, used 9714K [0x000000076d100000, 0x000000076f800000, 0x00000007c0000000)
  eden space 11776K, 0% used [0x000000076d100000,0x000000076d100000,0x000000076dc80000)
  from space 9728K, 99% used [0x000000076dc80000,0x000000076e5fcb58,0x000000076e600000)
  to   space 12288K, 0% used [0x000000076ec00000,0x000000076ec00000,0x000000076f800000)
 ParOldGen       total 17408K, used 14401K [0x00000006c7200000, 0x00000006c8300000, 0x000000076d100000)
  object space 17408K, 82% used [0x00000006c7200000,0x00000006c80106e8,0x00000006c8300000)
 Metaspace       used 6697K, capacity 6840K, committed 7040K, reserved 1056768K
  class space    used 622K, capacity 632K, committed 640K, reserved 1048576K
}
Event: 1.313 GC heap before
{Heap before GC invocations=14 (full 3):
 PSYoungGen      total 21504K, used 9714K [0x000000076d100000, 0x000000076f800000, 0x00000007c0000000)
  eden space 11776K, 0% used [0x000000076d100000,0x000000076d100000,0x000000076dc80000)
  from space 9728K, 99% used [0x000000076dc80000,0x000000076e5fcb58,0x000000076e600000)
  to   space 12288K, 0% used [0x000000076ec00000,0x000000076ec00000,0x000000076f800000)
 ParOldGen       total 17408K, used 14401K [0x00000006c7200000, 0x00000006c8300000, 0x000000076d100000)
  object space 17408K, 82% used [0x00000006c7200000,0x00000006c80106e8,0x00000006c8300000)
 Metaspace       used 6697K, capacity 6840K, committed 7040K, reserved 1056768K
  class space    used 622K, capacity 632K, committed 640K, reserved 1048576K
Event: 1.331 GC heap after
Heap after GC invocations=14 (full 3):
 PSYoungGen      total 21504K, used 0K [0x000000076d100000, 0x000000076f800000, 0x00000007c0000000)
  eden space 11776K, 0% used [0x000000076d100000,0x000000076d100000,0x000000076dc80000)
  from space 9728K, 0% used [0x000000076dc80000,0x000000076dc80000,0x000000076e600000)
  to   space 12288K, 0% used [0x000000076ec00000,0x000000076ec00000,0x000000076f800000)
 ParOldGen       total 24576K, used 16134K [0x00000006c7200000, 0x00000006c8a00000, 0x000000076d100000)
  object space 24576K, 65% used [0x00000006c7200000,0x00000006c81c19b8,0x00000006c8a00000)
 Metaspace       used 6697K, capacity 6840K, committed 7040K, reserved 1056768K
  class space    used 622K, capacity 632K, committed 640K, reserved 1048576K
}
Event: 1.531 GC heap before
{Heap before GC invocations=15 (full 3):
 PSYoungGen      total 21504K, used 11776K [0x000000076d100000, 0x000000076f800000, 0x00000007c0000000)
  eden space 11776K, 100% used [0x000000076d100000,0x000000076dc80000,0x000000076dc80000)
  from space 9728K, 0% used [0x000000076dc80000,0x000000076dc80000,0x000000076e600000)
  to   space 12288K, 0% used [0x000000076ec00000,0x000000076ec00000,0x000000076f800000)
 ParOldGen       total 24576K, used 16134K [0x00000006c7200000, 0x00000006c8a00000, 0x000000076d100000)
  object space 24576K, 65% used [0x00000006c7200000,0x00000006c81c19b8,0x00000006c8a00000)
 Metaspace       used 6697K, capacity 6840K, committed 7040K, reserved 1056768K
  class space    used 622K, capacity 632K, committed 640K, reserved 1048576K
Event: 1.537 GC heap after
Heap after GC invocations=15 (full 3):
 PSYoungGen      total 25600K, used 11683K [0x000000076d100000, 0x000000076fb80000, 0x00000007c0000000)
  eden space 13312K, 0% used [0x000000076d100000,0x000000076d100000,0x000000076de00000)
  from space 12288K, 95% used [0x000000076ec00000,0x000000076f768f98,0x000000076f800000)
  to   space 14336K, 0% used [0x000000076de00000,0x000000076de00000,0x000000076ec00000)
 ParOldGen       total 24576K, used 16134K [0x00000006c7200000, 0x00000006c8a00000, 0x000000076d100000)
  object space 24576K, 65% used [0x00000006c7200000,0x00000006c81c19b8,0x00000006c8a00000)
 Metaspace       used 6697K, capacity 6840K, committed 7040K, reserved 1056768K
  class space    used 622K, capacity 632K, committed 640K, reserved 1048576K
}
Event: 1.688 GC heap before
{Heap before GC invocations=16 (full 3):
 PSYoungGen      total 25600K, used 24995K [0x000000076d100000, 0x000000076fb80000, 0x00000007c0000000)
  eden space 13312K, 100% used [0x000000076d100000,0x000000076de00000,0x000000076de00000)
  from space 12288K, 95% used [0x000000076ec00000,0x000000076f768f98,0x000000076f800000)
  to   space 14336K, 0% used [0x000000076de00000,0x000000076de00000,0x000000076ec00000)
 ParOldGen       total 24576K, used 16134K [0x00000006c7200000, 0x00000006c8a00000, 0x000000076d100000)
  object space 24576K, 65% used [0x00000006c7200000,0x00000006c81c19b8,0x00000006c8a00000)
 Metaspace       used 6697K, capacity 6840K, committed 7040K, reserved 1056768K
  class space    used 622K, capacity 632K, committed 640K, reserved 1048576K
Event: 1.692 GC heap after
Heap after GC invocations=16 (full 3):
 PSYoungGen      total 27648K, used 13325K [0x000000076d100000, 0x0000000770180000, 0x00000007c0000000)
  eden space 13312K, 0% used [0x000000076d100000,0x000000076d100000,0x000000076de00000)
  from space 14336K, 92% used [0x000000076de00000,0x000000076eb03590,0x000000076ec00000)
  to   space 16384K, 0% used [0x000000076f180000,0x000000076f180000,0x0000000770180000)
 ParOldGen       total 24576K, used 16134K [0x00000006c7200000, 0x00000006c8a00000, 0x000000076d100000)
  object space 24576K, 65% used [0x00000006c7200000,0x00000006c81c19b8,0x00000006c8a00000)
 Metaspace       used 6697K, capacity 6840K, committed 7040K, reserved 1056768K
  class space    used 622K, capacity 632K, committed 640K, reserved 1048576K
}
Event: 1.838 GC heap before
{Heap before GC invocations=17 (full 3):
 PSYoungGen      total 27648K, used 26637K [0x000000076d100000, 0x0000000770180000, 0x00000007c0000000)
  eden space 13312K, 100% used [0x000000076d100000,0x000000076de00000,0x000000076de00000)
  from space 14336K, 92% used [0x000000076de00000,0x000000076eb03590,0x000000076ec00000)
  to   space 16384K, 0% used [0x000000076f180000,0x000000076f180000,0x0000000770180000)
 ParOldGen       total 24576K, used 16134K [0x00000006c7200000, 0x00000006c8a00000, 0x000000076d100000)
  object space 24576K, 65% used [0x00000006c7200000,0x00000006c81c19b8,0x00000006c8a00000)
 Metaspace       used 6697K, capacity 6840K, committed 7040K, reserved 1056768K
  class space    used 622K, capacity 632K, committed 640K, reserved 1048576K
Event: 1.844 GC heap after
Heap after GC invocations=17 (full 3):
 PSYoungGen      total 31232K, used 13547K [0x000000076d100000, 0x0000000770580000, 0x00000007c0000000)
  eden space 14848K, 0% used [0x000000076d100000,0x000000076d100000,0x000000076df80000)
  from space 16384K, 82% used [0x000000076f180000,0x000000076febadb0,0x0000000770180000)
  to   space 18432K, 0% used [0x000000076df80000,0x000000076df80000,0x000000076f180000)
 ParOldGen       total 24576K, used 16134K [0x00000006c7200000, 0x00000006c8a00000, 0x000000076d100000)
  object space 24576K, 65% used [0x00000006c7200000,0x00000006c81c19b8,0x00000006c8a00000)
 Metaspace       used 6697K, capacity 6840K, committed 7040K, reserved 1056768K
  class space    used 622K, capacity 632K, committed 640K, reserved 1048576K
}
Event: 2.092 GC heap before
{Heap before GC invocations=18 (full 3):
 PSYoungGen      total 31232K, used 28395K [0x000000076d100000, 0x0000000770580000, 0x00000007c0000000)
  eden space 14848K, 100% used [0x000000076d100000,0x000000076df80000,0x000000076df80000)
  from space 16384K, 82% used [0x000000076f180000,0x000000076febadb0,0x0000000770180000)
  to   space 18432K, 0% used [0x000000076df80000,0x000000076df80000,0x000000076f180000)
 ParOldGen       total 24576K, used 16134K [0x00000006c7200000, 0x00000006c8a00000, 0x000000076d100000)
  object space 24576K, 65% used [0x00000006c7200000,0x00000006c81c19b8,0x00000006c8a00000)
 Metaspace       used 6697K, capacity 6840K, committed 7040K, reserved 1056768K
  class space    used 622K, capacity 632K, committed 640K, reserved 1048576K
Event: 2.096 GC heap after
Heap after GC invocations=18 (full 3):
 PSYoungGen      total 33280K, used 14595K [0x000000076d100000, 0x0000000770a00000, 0x00000007c0000000)
  eden space 14848K, 0% used [0x000000076d100000,0x000000076d100000,0x000000076df80000)
  from space 18432K, 79% used [0x000000076df80000,0x000000076edc0f68,0x000000076f180000)
  to   space 19968K, 0% used [0x000000076f680000,0x000000076f680000,0x0000000770a00000)
 ParOldGen       total 24576K, used 16134K [0x00000006c7200000, 0x00000006c8a00000, 0x000000076d100000)
  object space 24576K, 65% used [0x00000006c7200000,0x00000006c81c19b8,0x00000006c8a00000)
 Metaspace       used 6697K, capacity 6840K, committed 7040K, reserved 1056768K
  class space    used 622K, capacity 632K, committed 640K, reserved 1048576K
}
Event: 2.227 GC heap before
{Heap before GC invocations=19 (full 3):
 PSYoungGen      total 33280K, used 29443K [0x000000076d100000, 0x0000000770a00000, 0x00000007c0000000)
  eden space 14848K, 100% used [0x000000076d100000,0x000000076df80000,0x000000076df80000)
  from space 18432K, 79% used [0x000000076df80000,0x000000076edc0f68,0x000000076f180000)
  to   space 19968K, 0% used [0x000000076f680000,0x000000076f680000,0x0000000770a00000)
 ParOldGen       total 24576K, used 16134K [0x00000006c7200000, 0x00000006c8a00000, 0x000000076d100000)
  object space 24576K, 65% used [0x00000006c7200000,0x00000006c81c19b8,0x00000006c8a00000)
 Metaspace       used 6697K, capacity 6840K, committed 7040K, reserved 1056768K
  class space    used 622K, capacity 632K, committed 640K, reserved 1048576K
Event: 2.237 GC heap after
Heap after GC invocations=19 (full 3):
 PSYoungGen      total 36864K, used 14369K [0x000000076d100000, 0x0000000770d80000, 0x00000007c0000000)
  eden space 16896K, 0% used [0x000000076d100000,0x000000076d100000,0x000000076e180000)
  from space 19968K, 71% used [0x000000076f680000,0x0000000770488578,0x0000000770a00000)
  to   space 21504K, 0% used [0x000000076e180000,0x000000076e180000,0x000000076f680000)
 ParOldGen       total 24576K, used 16134K [0x00000006c7200000, 0x00000006c8a00000, 0x000000076d100000)
  object space 24576K, 65% used [0x00000006c7200000,0x00000006c81c19b8,0x00000006c8a00000)
 Metaspace       used 6697K, capacity 6840K, committed 7040K, reserved 1056768K
  class space    used 622K, capacity 632K, committed 640K, reserved 1048576K
}
Event: 2.388 GC heap before
{Heap before GC invocations=20 (full 3):
 PSYoungGen      total 36864K, used 31265K [0x000000076d100000, 0x0000000770d80000, 0x00000007c0000000)
  eden space 16896K, 100% used [0x000000076d100000,0x000000076e180000,0x000000076e180000)
  from space 19968K, 71% used [0x000000076f680000,0x0000000770488578,0x0000000770a00000)
  to   space 21504K, 0% used [0x000000076e180000,0x000000076e180000,0x000000076f680000)
 ParOldGen       total 24576K, used 16134K [0x00000006c7200000, 0x00000006c8a00000, 0x000000076d100000)
  object space 24576K, 65% used [0x00000006c7200000,0x00000006c81c19b8,0x00000006c8a00000)
 Metaspace       used 6697K, capacity 6840K, committed 7040K, reserved 1056768K
  class space    used 622K, capacity 632K, committed 640K, reserved 1048576K
Event: 2.402 GC heap after
Heap after GC invocations=20 (full 3):
 PSYoungGen      total 38400K, used 17300K [0x000000076d100000, 0x0000000771300000, 0x00000007c0000000)
  eden space 16896K, 0% used [0x000000076d100000,0x000000076d100000,0x000000076e180000)
  from space 21504K, 80% used [0x000000076e180000,0x000000076f265188,0x000000076f680000)
  to   space 23552K, 0% used [0x000000076fc00000,0x000000076fc00000,0x0000000771300000)
 ParOldGen       total 24576K, used 16134K [0x00000006c7200000, 0x00000006c8a00000, 0x000000076d100000)
  object space 24576K, 65% used [0x00000006c7200000,0x00000006c81c19b8,0x00000006c8a00000)
 Metaspace       used 6697K, capacity 6840K, committed 7040K, reserved 1056768K
  class space    used 622K, capacity 632K, committed 640K, reserved 1048576K
}
Event: 2.538 GC heap before
{Heap before GC invocations=21 (full 3):
 PSYoungGen      total 38400K, used 34190K [0x000000076d100000, 0x0000000771300000, 0x00000007c0000000)
  eden space 16896K, 99% used [0x000000076d100000,0x000000076e17ea20,0x000000076e180000)
  from space 21504K, 80% used [0x000000076e180000,0x000000076f265188,0x000000076f680000)
  to   space 23552K, 0% used [0x000000076fc00000,0x000000076fc00000,0x0000000771300000)
 ParOldGen       total 24576K, used 16134K [0x00000006c7200000, 0x00000006c8a00000, 0x000000076d100000)
  object space 24576K, 65% used [0x00000006c7200000,0x00000006c81c19b8,0x00000006c8a00000)
 Metaspace       used 6697K, capacity 6840K, committed 7040K, reserved 1056768K
  class space    used 622K, capacity 632K, committed 640K, reserved 1048576K
Event: 2.548 GC heap after
Heap after GC invocations=21 (full 3):
 PSYoungGen      total 41984K, used 18951K [0x000000076d100000, 0x0000000771700000, 0x00000007c0000000)
  eden space 18432K, 0% used [0x000000076d100000,0x000000076d100000,0x000000076e300000)
  from space 23552K, 80% used [0x000000076fc00000,0x0000000770e81fc0,0x0000000771300000)
  to   space 25600K, 0% used [0x000000076e300000,0x000000076e300000,0x000000076fc00000)
 ParOldGen       total 24576K, used 16134K [0x00000006c7200000, 0x00000006c8a00000, 0x000000076d100000)
  object space 24576K, 65% used [0x00000006c7200000,0x00000006c81c19b8,0x00000006c8a00000)
 Metaspace       used 6697K, capacity 6840K, committed 7040K, reserved 1056768K
  class space    used 622K, capacity 632K, committed 640K, reserved 1048576K
}
Event: 2.770 GC heap before
{Heap before GC invocations=22 (full 3):
 PSYoungGen      total 41984K, used 37383K [0x000000076d100000, 0x0000000771700000, 0x00000007c0000000)
  eden space 18432K, 100% used [0x000000076d100000,0x000000076e300000,0x000000076e300000)
  from space 23552K, 80% used [0x000000076fc00000,0x0000000770e81fc0,0x0000000771300000)
  to   space 25600K, 0% used [0x000000076e300000,0x000000076e300000,0x000000076fc00000)
 ParOldGen       total 24576K, used 16134K [0x00000006c7200000, 0x00000006c8a00000, 0x000000076d100000)
  object space 24576K, 65% used [0x00000006c7200000,0x00000006c81c19b8,0x00000006c8a00000)
 Metaspace       used 6697K, capacity 6840K, committed 7040K, reserved 1056768K
  class space    used 622K, capacity 632K, committed 640K, reserved 1048576K
Event: 2.780 GC heap after
Heap after GC invocations=22 (full 3):
 PSYoungGen      total 44032K, used 22052K [0x000000076d100000, 0x0000000771e80000, 0x00000007c0000000)
  eden space 18432K, 0% used [0x000000076d100000,0x000000076d100000,0x000000076e300000)
  from space 25600K, 86% used [0x000000076e300000,0x000000076f8890e8,0x000000076fc00000)
  to   space 28672K, 0% used [0x0000000770280000,0x0000000770280000,0x0000000771e80000)
 ParOldGen       total 24576K, used 16134K [0x00000006c7200000, 0x00000006c8a00000, 0x000000076d100000)
  object space 24576K, 65% used [0x00000006c7200000,0x00000006c81c19b8,0x00000006c8a00000)
 Metaspace       used 6697K, capacity 6840K, committed 7040K, reserved 1056768K
  class space    used 622K, capacity 632K, committed 640K, reserved 1048576K
}
Event: 2.872 GC heap before
{Heap before GC invocations=23 (full 3):
 PSYoungGen      total 44032K, used 40484K [0x000000076d100000, 0x0000000771e80000, 0x00000007c0000000)
  eden space 18432K, 100% used [0x000000076d100000,0x000000076e300000,0x000000076e300000)
  from space 25600K, 86% used [0x000000076e300000,0x000000076f8890e8,0x000000076fc00000)
  to   space 28672K, 0% used [0x0000000770280000,0x0000000770280000,0x0000000771e80000)
 ParOldGen       total 24576K, used 16134K [0x00000006c7200000, 0x00000006c8a00000, 0x000000076d100000)
  object space 24576K, 65% used [0x00000006c7200000,0x00000006c81c19b8,0x00000006c8a00000)
 Metaspace       used 6721K, capacity 6904K, committed 7040K, reserved 1056768K
  class space    used 623K, capacity 632K, committed 640K, reserved 1048576K
Event: 2.886 GC heap after
Heap after GC invocations=23 (full 3):
 PSYoungGen      total 50688K, used 15704K [0x000000076d100000, 0x0000000771e00000, 0x00000007c0000000)
  eden space 22528K, 0% used [0x000000076d100000,0x000000076d100000,0x000000076e700000)
  from space 28160K, 55% used [0x0000000770280000,0x00000007711d6378,0x0000000771e00000)
  to   space 28160K, 0% used [0x000000076e700000,0x000000076e700000,0x0000000770280000)
 ParOldGen       total 24576K, used 16134K [0x00000006c7200000, 0x00000006c8a00000, 0x000000076d100000)
  object space 24576K, 65% used [0x00000006c7200000,0x00000006c81c19b8,0x00000006c8a00000)
 Metaspace       used 6721K, capacity 6904K, committed 7040K, reserved 1056768K
  class space    used 623K, capacity 632K, committed 640K, reserved 1048576K
}
Event: 2.927 GC heap before
{Heap before GC invocations=24 (full 3):
 PSYoungGen      total 50688K, used 38232K [0x000000076d100000, 0x0000000771e00000, 0x00000007c0000000)
  eden space 22528K, 100% used [0x000000076d100000,0x000000076e700000,0x000000076e700000)
  from space 28160K, 55% used [0x0000000770280000,0x00000007711d6378,0x0000000771e00000)
  to   space 28160K, 0% used [0x000000076e700000,0x000000076e700000,0x0000000770280000)
 ParOldGen       total 24576K, used 16134K [0x00000006c7200000, 0x00000006c8a00000, 0x000000076d100000)
  object space 24576K, 65% used [0x00000006c7200000,0x00000006c81c19b8,0x00000006c8a00000)
 Metaspace       used 6721K, capacity 6904K, committed 7040K, reserved 1056768K
  class space    used 623K, capacity 632K, committed 640K, reserved 1048576K
Event: 2.942 GC heap after
Heap after GC invocations=24 (full 3):
 PSYoungGen      total 50688K, used 10720K [0x000000076d100000, 0x0000000772200000, 0x00000007c0000000)
  eden space 22528K, 0% used [0x000000076d100000,0x000000076d100000,0x000000076e700000)
  from space 28160K, 38% used [0x000000076e700000,0x000000076f178020,0x0000000770280000)
  to   space 27136K, 0% used [0x0000000770780000,0x0000000770780000,0x0000000772200000)
 ParOldGen       total 24576K, used 16586K [0x00000006c7200000, 0x00000006c8a00000, 0x000000076d100000)
  object space 24576K, 67% used [0x00000006c7200000,0x00000006c8232b20,0x00000006c8a00000)
 Metaspace       used 6721K, capacity 6904K, committed 7040K, reserved 1056768K
  class space    used 623K, capacity 632K, committed 640K, reserved 1048576K
}
Event: 3.097 GC heap before
{Heap before GC invocations=25 (full 3):
 PSYoungGen      total 50688K, used 33248K [0x000000076d100000, 0x0000000772200000, 0x00000007c0000000)
  eden space 22528K, 100% used [0x000000076d100000,0x000000076e700000,0x000000076e700000)
  from space 28160K, 38% used [0x000000076e700000,0x000000076f178020,0x0000000770280000)
  to   space 27136K, 0% used [0x0000000770780000,0x0000000770780000,0x0000000772200000)
 ParOldGen       total 24576K, used 16586K [0x00000006c7200000, 0x00000006c8a00000, 0x000000076d100000)
  object space 24576K, 67% used [0x00000006c7200000,0x00000006c8232b20,0x00000006c8a00000)
 Metaspace       used 6749K, capacity 6904K, committed 7040K, reserved 1056768K
  class space    used 626K, capacity 632K, committed 640K, reserved 1048576K
Event: 3.109 GC heap after
Heap after GC invocations=25 (full 3):
 PSYoungGen      total 55808K, used 16261K [0x000000076d100000, 0x0000000772200000, 0x00000007c0000000)
  eden space 28672K, 0% used [0x000000076d100000,0x000000076d100000,0x000000076ed00000)
  from space 27136K, 59% used [0x0000000770780000,0x00000007717614f8,0x0000000772200000)
  to   space 27136K, 0% used [0x000000076ed00000,0x000000076ed00000,0x0000000770780000)
 ParOldGen       total 24576K, used 17698K [0x00000006c7200000, 0x00000006c8a00000, 0x000000076d100000)
  object space 24576K, 72% used [0x00000006c7200000,0x00000006c8348b20,0x00000006c8a00000)
 Metaspace       used 6749K, capacity 6904K, committed 7040K, reserved 1056768K
  class space    used 626K, capacity 632K, committed 640K, reserved 1048576K
}
Event: 3.189 GC heap before
{Heap before GC invocations=26 (full 3):
 PSYoungGen      total 55808K, used 44933K [0x000000076d100000, 0x0000000772200000, 0x00000007c0000000)
  eden space 28672K, 100% used [0x000000076d100000,0x000000076ed00000,0x000000076ed00000)
  from space 27136K, 59% used [0x0000000770780000,0x00000007717614f8,0x0000000772200000)
  to   space 27136K, 0% used [0x000000076ed00000,0x000000076ed00000,0x0000000770780000)
 ParOldGen       total 24576K, used 17698K [0x00000006c7200000, 0x00000006c8a00000, 0x000000076d100000)
  object space 24576K, 72% used [0x00000006c7200000,0x00000006c8348b20,0x00000006c8a00000)
 Metaspace       used 6764K, capacity 6936K, committed 7168K, reserved 1056768K
  class space    used 628K, capacity 664K, committed 768K, reserved 1048576K
Event: 3.212 GC heap after
Heap after GC invocations=26 (full 3):
 PSYoungGen      total 55808K, used 22085K [0x000000076d100000, 0x0000000772e00000, 0x00000007c0000000)
  eden space 28672K, 0% used [0x000000076d100000,0x000000076d100000,0x000000076ed00000)
  from space 27136K, 81% used [0x000000076ed00000,0x00000007702914e8,0x0000000770780000)
  to   space 29184K, 0% used [0x0000000771180000,0x0000000771180000,0x0000000772e00000)
 ParOldGen       total 24576K, used 20866K [0x00000006c7200000, 0x00000006c8a00000, 0x000000076d100000)
  object space 24576K, 84% used [0x00000006c7200000,0x00000006c8660b30,0x00000006c8a00000)
 Metaspace       used 6764K, capacity 6936K, committed 7168K, reserved 1056768K
  class space    used 628K, capacity 664K, committed 768K, reserved 1048576K
}
Event: 3.308 GC heap before
{Heap before GC invocations=27 (full 3):
 PSYoungGen      total 55808K, used 50757K [0x000000076d100000, 0x0000000772e00000, 0x00000007c0000000)
  eden space 28672K, 100% used [0x000000076d100000,0x000000076ed00000,0x000000076ed00000)
  from space 27136K, 81% used [0x000000076ed00000,0x00000007702914e8,0x0000000770780000)
  to   space 29184K, 0% used [0x0000000771180000,0x0000000771180000,0x0000000772e00000)
 ParOldGen       total 24576K, used 20866K [0x00000006c7200000, 0x00000006c8a00000, 0x000000076d100000)
  object space 24576K, 84% used [0x00000006c7200000,0x00000006c8660b30,0x00000006c8a00000)
 Metaspace       used 6851K, capacity 7004K, committed 7168K, reserved 1056768K
  class space    used 644K, capacity 668K, committed 768K, reserved 1048576K
Event: 3.326 GC heap after
Heap after GC invocations=27 (full 3):
 PSYoungGen      total 63488K, used 24138K [0x000000076d100000, 0x0000000773300000, 0x00000007c0000000)
  eden space 34304K, 0% used [0x000000076d100000,0x000000076d100000,0x000000076f280000)
  from space 29184K, 82% used [0x0000000771180000,0x00000007729129c0,0x0000000772e00000)
  to   space 31744K, 0% used [0x000000076f280000,0x000000076f280000,0x0000000771180000)
 ParOldGen       total 24576K, used 24258K [0x00000006c7200000, 0x00000006c8a00000, 0x000000076d100000)
  object space 24576K, 98% used [0x00000006c7200000,0x00000006c89b0b30,0x00000006c8a00000)
 Metaspace       used 6851K, capacity 7004K, committed 7168K, reserved 1056768K
  class space    used 644K, capacity 668K, committed 768K, reserved 1048576K
}
Event: 3.326 GC heap before
{Heap before GC invocations=28 (full 4):
 PSYoungGen      total 63488K, used 24138K [0x000000076d100000, 0x0000000773300000, 0x00000007c0000000)
  eden space 34304K, 0% used [0x000000076d100000,0x000000076d100000,0x000000076f280000)
  from space 29184K, 82% used [0x0000000771180000,0x00000007729129c0,0x0000000772e00000)
  to   space 31744K, 0% used [0x000000076f280000,0x000000076f280000,0x0000000771180000)
 ParOldGen       total 24576K, used 24258K [0x00000006c7200000, 0x00000006c8a00000, 0x000000076d100000)
  object space 24576K, 98% used [0x00000006c7200000,0x00000006c89b0b30,0x00000006c8a00000)
 Metaspace       used 6851K, capacity 7004K, committed 7168K, reserved 1056768K
  class space    used 644K, capacity 668K, committed 768K, reserved 1048576K
Event: 3.418 GC heap after
Heap after GC invocations=28 (full 4):
 PSYoungGen      total 63488K, used 9729K [0x000000076d100000, 0x0000000773300000, 0x00000007c0000000)
  eden space 34304K, 0% used [0x000000076d100000,0x000000076d100000,0x000000076f280000)
  from space 29184K, 33% used [0x0000000771180000,0x0000000771b00460,0x0000000772e00000)
  to   space 31744K, 0% used [0x000000076f280000,0x000000076f280000,0x0000000771180000)
 ParOldGen       total 34816K, used 24466K [0x00000006c7200000, 0x00000006c9400000, 0x000000076d100000)
  object space 34816K, 70% used [0x00000006c7200000,0x00000006c89e4b00,0x00000006c9400000)
 Metaspace       used 6851K, capacity 7004K, committed 7168K, reserved 1056768K
  class space    used 644K, capacity 668K, committed 768K, reserved 1048576K
}
Event: 3.720 GC heap before
{Heap before GC invocations=29 (full 4):
 PSYoungGen      total 63488K, used 44033K [0x000000076d100000, 0x0000000773300000, 0x00000007c0000000)
  eden space 34304K, 100% used [0x000000076d100000,0x000000076f280000,0x000000076f280000)
  from space 29184K, 33% used [0x0000000771180000,0x0000000771b00460,0x0000000772e00000)
  to   space 31744K, 0% used [0x000000076f280000,0x000000076f280000,0x0000000771180000)
 ParOldGen       total 34816K, used 24466K [0x00000006c7200000, 0x00000006c9400000, 0x000000076d100000)
  object space 34816K, 70% used [0x00000006c7200000,0x00000006c89e4b00,0x00000006c9400000)
 Metaspace       used 6994K, capacity 7134K, committed 7424K, reserved 1056768K
  class space    used 658K, capacity 670K, committed 768K, reserved 1048576K
Event: 3.726 GC heap after
Heap after GC invocations=29 (full 4):
 PSYoungGen      total 66048K, used 14048K [0x000000076d100000, 0x0000000773480000, 0x00000007c0000000)
  eden space 34304K, 0% used [0x000000076d100000,0x000000076d100000,0x000000076f280000)
  from space 31744K, 44% used [0x000000076f280000,0x0000000770038010,0x0000000771180000)
  to   space 30208K, 0% used [0x0000000771700000,0x0000000771700000,0x0000000773480000)
 ParOldGen       total 34816K, used 24498K [0x00000006c7200000, 0x00000006c9400000, 0x000000076d100000)
  object space 34816K, 70% used [0x00000006c7200000,0x00000006c89ecb00,0x00000006c9400000)
 Metaspace       used 6994K, capacity 7134K, committed 7424K, reserved 1056768K
  class space    used 658K, capacity 670K, committed 768K, reserved 1048576K
}
Event: 4.064 GC heap before
{Heap before GC invocations=30 (full 4):
 PSYoungGen      total 66048K, used 48352K [0x000000076d100000, 0x0000000773480000, 0x00000007c0000000)
  eden space 34304K, 100% used [0x000000076d100000,0x000000076f280000,0x000000076f280000)
  from space 31744K, 44% used [0x000000076f280000,0x0000000770038010,0x0000000771180000)
  to   space 30208K, 0% used [0x0000000771700000,0x0000000771700000,0x0000000773480000)
 ParOldGen       total 34816K, used 24498K [0x00000006c7200000, 0x00000006c9400000, 0x000000076d100000)
  object space 34816K, 70% used [0x00000006c7200000,0x00000006c89ecb00,0x00000006c9400000)
 Metaspace       used 6994K, capacity 7134K, committed 7424K, reserved 1056768K
  class space    used 658K, capacity 670K, committed 768K, reserved 1048576K
Event: 4.075 GC heap after
Heap after GC invocations=30 (full 4):
 PSYoungGen      total 70656K, used 4512K [0x000000076d100000, 0x0000000773400000, 0x00000007c0000000)
  eden space 40960K, 0% used [0x000000076d100000,0x000000076d100000,0x000000076f900000)
  from space 29696K, 15% used [0x0000000771700000,0x0000000771b68010,0x0000000773400000)
  to   space 30208K, 0% used [0x000000076f900000,0x000000076f900000,0x0000000771680000)
 ParOldGen       total 34816K, used 34050K [0x00000006c7200000, 0x00000006c9400000, 0x000000076d100000)
  object space 34816K, 97% used [0x00000006c7200000,0x00000006c9340b00,0x00000006c9400000)
 Metaspace       used 6994K, capacity 7134K, committed 7424K, reserved 1056768K
  class space    used 658K, capacity 670K, committed 768K, reserved 1048576K
}
Event: 4.075 GC heap before
{Heap before GC invocations=31 (full 5):
 PSYoungGen      total 70656K, used 4512K [0x000000076d100000, 0x0000000773400000, 0x00000007c0000000)
  eden space 40960K, 0% used [0x000000076d100000,0x000000076d100000,0x000000076f900000)
  from space 29696K, 15% used [0x0000000771700000,0x0000000771b68010,0x0000000773400000)
  to   space 30208K, 0% used [0x000000076f900000,0x000000076f900000,0x0000000771680000)
 ParOldGen       total 34816K, used 34050K [0x00000006c7200000, 0x00000006c9400000, 0x000000076d100000)
  object space 34816K, 97% used [0x00000006c7200000,0x00000006c9340b00,0x00000006c9400000)
 Metaspace       used 6994K, capacity 7134K, committed 7424K, reserved 1056768K
  class space    used 658K, capacity 670K, committed 768K, reserved 1048576K
Event: 4.120 GC heap after
Heap after GC invocations=31 (full 5):
 PSYoungGen      total 70656K, used 0K [0x000000076d100000, 0x0000000773400000, 0x00000007c0000000)
  eden space 40960K, 0% used [0x000000076d100000,0x000000076d100000,0x000000076f900000)
  from space 29696K, 0% used [0x0000000771700000,0x0000000771700000,0x0000000773400000)
  to   space 30208K, 0% used [0x000000076f900000,0x000000076f900000,0x0000000771680000)
 ParOldGen       total 46080K, used 32266K [0x00000006c7200000, 0x00000006c9f00000, 0x000000076d100000)
  object space 46080K, 70% used [0x00000006c7200000,0x00000006c9182b88,0x00000006c9f00000)
 Metaspace       used 6994K, capacity 7134K, committed 7424K, reserved 1056768K
  class space    used 658K, capacity 670K, committed 768K, reserved 1048576K
}
Event: 4.511 GC heap before
{Heap before GC invocations=32 (full 5):
 PSYoungGen      total 70656K, used 40960K [0x000000076d100000, 0x0000000773400000, 0x00000007c0000000)
  eden space 40960K, 100% used [0x000000076d100000,0x000000076f900000,0x000000076f900000)
  from space 29696K, 0% used [0x0000000771700000,0x0000000771700000,0x0000000773400000)
  to   space 30208K, 0% used [0x000000076f900000,0x000000076f900000,0x0000000771680000)
 ParOldGen       total 46080K, used 32266K [0x00000006c7200000, 0x00000006c9f00000, 0x000000076d100000)
  object space 46080K, 70% used [0x00000006c7200000,0x00000006c9182b88,0x00000006c9f00000)
 Metaspace       used 6999K, capacity 7134K, committed 7424K, reserved 1056768K
  class space    used 658K, capacity 670K, committed 768K, reserved 1048576K
Event: 4.513 GC heap after
Heap after GC invocations=32 (full 5):
 PSYoungGen      total 71168K, used 64K [0x000000076d100000, 0x0000000773b80000, 0x00000007c0000000)
  eden space 40960K, 0% used [0x000000076d100000,0x000000076d100000,0x000000076f900000)
  from space 30208K, 0% used [0x000000076f900000,0x000000076f910000,0x0000000771680000)
  to   space 30720K, 0% used [0x0000000771d80000,0x0000000771d80000,0x0000000773b80000)
 ParOldGen       total 46080K, used 32266K [0x00000006c7200000, 0x00000006c9f00000, 0x000000076d100000)
  object space 46080K, 70% used [0x00000006c7200000,0x00000006c9182b88,0x00000006c9f00000)
 Metaspace       used 6999K, capacity 7134K, committed 7424K, reserved 1056768K
  class space    used 658K, capacity 670K, committed 768K, reserved 1048576K
}

