# JRE version: OpenJDK Runtime Environment (8.0_191-b12) (build 1.8.0_191-b12)
# Java VM: OpenJDK 64-Bit Server VM (25.191-b12 mixed mode linux-amd64 compressed oops)
Heap:
 PSYoungGen      total 435200K, used 166372K [0x000000076d100000, 0x000000079de00000, 0x00000007c0000000)
  eden space 99328K, 0% used [0x000000076d100000,0x000000076d100000,0x0000000773200000)
  from space 335872K, 49% used [0x0000000789600000,0x0000000793879310,0x000000079de00000)
  to   space 350208K, 0% used [0x0000000773200000,0x0000000773200000,0x0000000788800000)
 ParOldGen       total 1107456K, used 1107405K [0x00000006c7200000, 0x000000070ab80000, 0x000000076d100000)
  object space 1107456K, 99% used [0x00000006c7200000,0x000000070ab735f0,0x000000070ab80000)
 Metaspace       used 44019K, capacity 44452K, committed 45056K, reserved 1087488K
  class space    used 6192K, capacity 6326K, committed 6400K, reserved 1048576K
GC Heap History (250 events):
Event: 4482.179 GC heap after
Heap after GC invocations=36 (full 3):
 PSYoungGen      total 142848K, used 73952K [0x000000076d100000, 0x000000078bc00000, 0x00000007c0000000)
  eden space 68608K, 0% used [0x000000076d100000,0x000000076d100000,0x0000000771400000)
  from space 74240K, 99% used [0x0000000771400000,0x0000000775c38000,0x0000000775c80000)
  to   space 216576K, 0% used [0x000000077e880000,0x000000077e880000,0x000000078bc00000)
 ParOldGen       total 577536K, used 228371K [0x00000006c7200000, 0x00000006ea600000, 0x000000076d100000)
  object space 577536K, 39% used [0x00000006c7200000,0x00000006d5104e18,0x00000006ea600000)
 Metaspace       used 43711K, capacity 44138K, committed 44544K, reserved 1087488K
  class space    used 6185K, capacity 6327K, committed 6400K, reserved 1048576K
}
Event: 4577.088 GC heap before
{Heap before GC invocations=37 (full 3):
 PSYoungGen      total 142848K, used 142560K [0x000000076d100000, 0x000000078bc00000, 0x00000007c0000000)
  eden space 68608K, 100% used [0x000000076d100000,0x0000000771400000,0x0000000771400000)
  from space 74240K, 99% used [0x0000000771400000,0x0000000775c38000,0x0000000775c80000)
  to   space 216576K, 0% used [0x000000077e880000,0x000000077e880000,0x000000078bc00000)
 ParOldGen       total 577536K, used 228371K [0x00000006c7200000, 0x00000006ea600000, 0x000000076d100000)
  object space 577536K, 39% used [0x00000006c7200000,0x00000006d5104e18,0x00000006ea600000)
 Metaspace       used 43711K, capacity 44138K, committed 44544K, reserved 1087488K
  class space    used 6185K, capacity 6327K, committed 6400K, reserved 1048576K
Event: 4577.151 GC heap after
Heap after GC invocations=37 (full 3):
 PSYoungGen      total 282112K, used 72672K [0x000000076d100000, 0x000000078b800000, 0x00000007c0000000)
  eden space 69632K, 0% used [0x000000076d100000,0x000000076d100000,0x0000000771500000)
  from space 212480K, 34% used [0x000000077e880000,0x0000000782f78000,0x000000078b800000)
  to   space 214528K, 0% used [0x0000000771500000,0x0000000771500000,0x000000077e680000)
 ParOldGen       total 577536K, used 234558K [0x00000006c7200000, 0x00000006ea600000, 0x000000076d100000)
  object space 577536K, 40% used [0x00000006c7200000,0x00000006d570f988,0x00000006ea600000)
 Metaspace       used 43711K, capacity 44138K, committed 44544K, reserved 1087488K
  class space    used 6185K, capacity 6327K, committed 6400K, reserved 1048576K
}
Event: 4639.969 GC heap before
{Heap before GC invocations=38 (full 3):
 PSYoungGen      total 282112K, used 142304K [0x000000076d100000, 0x000000078b800000, 0x00000007c0000000)
  eden space 69632K, 100% used [0x000000076d100000,0x0000000771500000,0x0000000771500000)
  from space 212480K, 34% used [0x000000077e880000,0x0000000782f78000,0x000000078b800000)
  to   space 214528K, 0% used [0x0000000771500000,0x0000000771500000,0x000000077e680000)
 ParOldGen       total 577536K, used 234558K [0x00000006c7200000, 0x00000006ea600000, 0x000000076d100000)
  object space 577536K, 40% used [0x00000006c7200000,0x00000006d570f988,0x00000006ea600000)
 Metaspace       used 43711K, capacity 44138K, committed 44544K, reserved 1087488K
  class space    used 6185K, capacity 6327K, committed 6400K, reserved 1048576K
Event: 4640.035 GC heap after
Heap after GC invocations=38 (full 3):
 PSYoungGen      total 133120K, used 63008K [0x000000076d100000, 0x000000078b500000, 0x00000007c0000000)
  eden space 69632K, 0% used [0x000000076d100000,0x000000076d100000,0x0000000771500000)
  from space 63488K, 99% used [0x0000000771500000,0x0000000775288000,0x0000000775300000)
  to   space 212480K, 0% used [0x000000077e580000,0x000000077e580000,0x000000078b500000)
 ParOldGen       total 577536K, used 246836K [0x00000006c7200000, 0x00000006ea600000, 0x000000076d100000)
  object space 577536K, 42% used [0x00000006c7200000,0x00000006d630d048,0x00000006ea600000)
 Metaspace       used 43711K, capacity 44138K, committed 44544K, reserved 1087488K
  class space    used 6185K, capacity 6327K, committed 6400K, reserved 1048576K
}
Event: 4697.111 GC heap before
{Heap before GC invocations=39 (full 3):
 PSYoungGen      total 133120K, used 132634K [0x000000076d100000, 0x000000078b500000, 0x00000007c0000000)
  eden space 69632K, 99% used [0x000000076d100000,0x00000007714fe890,0x0000000771500000)
  from space 63488K, 99% used [0x0000000771500000,0x0000000775288000,0x0000000775300000)
  to   space 212480K, 0% used [0x000000077e580000,0x000000077e580000,0x000000078b500000)
 ParOldGen       total 577536K, used 246836K [0x00000006c7200000, 0x00000006ea600000, 0x000000076d100000)
  object space 577536K, 42% used [0x00000006c7200000,0x00000006d630d048,0x00000006ea600000)
 Metaspace       used 43715K, capacity 44138K, committed 44544K, reserved 1087488K
  class space    used 6185K, capacity 6327K, committed 6400K, reserved 1048576K
Event: 4697.174 GC heap after
Heap after GC invocations=39 (full 3):
 PSYoungGen      total 276992K, used 62144K [0x000000076d100000, 0x000000078af00000, 0x00000007c0000000)
  eden space 70656K, 0% used [0x000000076d100000,0x000000076d100000,0x0000000771600000)
  from space 206336K, 30% used [0x000000077e580000,0x0000000782230000,0x000000078af00000)
  to   space 209408K, 0% used [0x0000000771600000,0x0000000771600000,0x000000077e280000)
 ParOldGen       total 577536K, used 250701K [0x00000006c7200000, 0x00000006ea600000, 0x000000076d100000)
  object space 577536K, 43% used [0x00000006c7200000,0x00000006d66d3758,0x00000006ea600000)
 Metaspace       used 43715K, capacity 44138K, committed 44544K, reserved 1087488K
  class space    used 6185K, capacity 6327K, committed 6400K, reserved 1048576K
}
Event: 4822.102 GC heap before
{Heap before GC invocations=40 (full 3):
 PSYoungGen      total 276992K, used 132800K [0x000000076d100000, 0x000000078af00000, 0x00000007c0000000)
  eden space 70656K, 100% used [0x000000076d100000,0x0000000771600000,0x0000000771600000)
  from space 206336K, 30% used [0x000000077e580000,0x0000000782230000,0x000000078af00000)
  to   space 209408K, 0% used [0x0000000771600000,0x0000000771600000,0x000000077e280000)
 ParOldGen       total 577536K, used 250701K [0x00000006c7200000, 0x00000006ea600000, 0x000000076d100000)
  object space 577536K, 43% used [0x00000006c7200000,0x00000006d66d3758,0x00000006ea600000)
 Metaspace       used 43715K, capacity 44138K, committed 44544K, reserved 1087488K
  class space    used 6185K, capacity 6327K, committed 6400K, reserved 1048576K
Event: 4822.167 GC heap after
Heap after GC invocations=40 (full 3):
 PSYoungGen      total 140288K, used 69280K [0x000000076d100000, 0x000000078a700000, 0x00000007c0000000)
  eden space 70656K, 0% used [0x000000076d100000,0x000000076d100000,0x0000000771600000)
  from space 69632K, 99% used [0x0000000771600000,0x00000007759a8000,0x0000000775a00000)
  to   space 204800K, 0% used [0x000000077df00000,0x000000077df00000,0x000000078a700000)
 ParOldGen       total 577536K, used 250701K [0x00000006c7200000, 0x00000006ea600000, 0x000000076d100000)
  object space 577536K, 43% used [0x00000006c7200000,0x00000006d66d3758,0x00000006ea600000)
 Metaspace       used 43715K, capacity 44138K, committed 44544K, reserved 1087488K
  class space    used 6185K, capacity 6327K, committed 6400K, reserved 1048576K
}
Event: 4966.113 GC heap before
{Heap before GC invocations=41 (full 3):
 PSYoungGen      total 140288K, used 139936K [0x000000076d100000, 0x000000078a700000, 0x00000007c0000000)
  eden space 70656K, 100% used [0x000000076d100000,0x0000000771600000,0x0000000771600000)
  from space 69632K, 99% used [0x0000000771600000,0x00000007759a8000,0x0000000775a00000)
  to   space 204800K, 0% used [0x000000077df00000,0x000000077df00000,0x000000078a700000)
 ParOldGen       total 577536K, used 250701K [0x00000006c7200000, 0x00000006ea600000, 0x000000076d100000)
  object space 577536K, 43% used [0x00000006c7200000,0x00000006d66d3758,0x00000006ea600000)
 Metaspace       used 43715K, capacity 44138K, committed 44544K, reserved 1087488K
  class space    used 6185K, capacity 6327K, committed 6400K, reserved 1048576K
Event: 4966.176 GC heap after
Heap after GC invocations=41 (full 3):
 PSYoungGen      total 265216K, used 71456K [0x000000076d100000, 0x0000000789c00000, 0x00000007c0000000)
  eden space 71680K, 0% used [0x000000076d100000,0x000000076d100000,0x0000000771700000)
  from space 193536K, 36% used [0x000000077df00000,0x00000007824c8000,0x0000000789c00000)
  to   space 199168K, 0% used [0x0000000771700000,0x0000000771700000,0x000000077d980000)
 ParOldGen       total 577536K, used 255752K [0x00000006c7200000, 0x00000006ea600000, 0x000000076d100000)
  object space 577536K, 44% used [0x00000006c7200000,0x00000006d6bc2078,0x00000006ea600000)
 Metaspace       used 43715K, capacity 44138K, committed 44544K, reserved 1087488K
  class space    used 6185K, capacity 6327K, committed 6400K, reserved 1048576K
}
Event: 5026.635 GC heap before
{Heap before GC invocations=42 (full 3):
 PSYoungGen      total 265216K, used 143136K [0x000000076d100000, 0x0000000789c00000, 0x00000007c0000000)
  eden space 71680K, 100% used [0x000000076d100000,0x0000000771700000,0x0000000771700000)
  from space 193536K, 36% used [0x000000077df00000,0x00000007824c8000,0x0000000789c00000)
  to   space 199168K, 0% used [0x0000000771700000,0x0000000771700000,0x000000077d980000)
 ParOldGen       total 577536K, used 255752K [0x00000006c7200000, 0x00000006ea600000, 0x000000076d100000)
  object space 577536K, 44% used [0x00000006c7200000,0x00000006d6bc2078,0x00000006ea600000)
 Metaspace       used 43718K, capacity 44138K, committed 44544K, reserved 1087488K
  class space    used 6185K, capacity 6327K, committed 6400K, reserved 1048576K
Event: 5026.726 GC heap after
Heap after GC invocations=42 (full 3):
 PSYoungGen      total 139264K, used 67360K [0x000000076d100000, 0x0000000789200000, 0x00000007c0000000)
  eden space 71680K, 0% used [0x000000076d100000,0x000000076d100000,0x0000000771700000)
  from space 67584K, 99% used [0x0000000771700000,0x00000007758c8000,0x0000000775900000)
  to   space 193536K, 0% used [0x000000077d500000,0x000000077d500000,0x0000000789200000)
 ParOldGen       total 577536K, used 262066K [0x00000006c7200000, 0x00000006ea600000, 0x000000076d100000)
  object space 577536K, 45% used [0x00000006c7200000,0x00000006d71ecbc8,0x00000006ea600000)
 Metaspace       used 43718K, capacity 44138K, committed 44544K, reserved 1087488K
  class space    used 6185K, capacity 6327K, committed 6400K, reserved 1048576K
}
Event: 5102.129 GC heap before
{Heap before GC invocations=43 (full 3):
 PSYoungGen      total 139264K, used 139040K [0x000000076d100000, 0x0000000789200000, 0x00000007c0000000)
  eden space 71680K, 100% used [0x000000076d100000,0x0000000771700000,0x0000000771700000)
  from space 67584K, 99% used [0x0000000771700000,0x00000007758c8000,0x0000000775900000)
  to   space 193536K, 0% used [0x000000077d500000,0x000000077d500000,0x0000000789200000)
 ParOldGen       total 577536K, used 262066K [0x00000006c7200000, 0x00000006ea600000, 0x000000076d100000)
  object space 577536K, 45% used [0x00000006c7200000,0x00000006d71ecbc8,0x00000006ea600000)
 Metaspace       used 43719K, capacity 44138K, committed 44544K, reserved 1087488K
  class space    used 6185K, capacity 6327K, committed 6400K, reserved 1048576K
Event: 5102.245 GC heap after
Heap after GC invocations=43 (full 3):
 PSYoungGen      total 256000K, used 66944K [0x000000076d100000, 0x0000000788800000, 0x00000007c0000000)
  eden space 72704K, 0% used [0x000000076d100000,0x000000076d100000,0x0000000771800000)
  from space 183296K, 36% used [0x000000077d500000,0x0000000781660000,0x0000000788800000)
  to   space 188416K, 0% used [0x0000000771800000,0x0000000771800000,0x000000077d000000)
 ParOldGen       total 577536K, used 266244K [0x00000006c7200000, 0x00000006ea600000, 0x000000076d100000)
  object space 577536K, 46% used [0x00000006c7200000,0x00000006d7601348,0x00000006ea600000)
 Metaspace       used 43719K, capacity 44138K, committed 44544K, reserved 1087488K
  class space    used 6185K, capacity 6327K, committed 6400K, reserved 1048576K
}
Event: 5177.418 GC heap before
{Heap before GC invocations=44 (full 3):
 PSYoungGen      total 256000K, used 139648K [0x000000076d100000, 0x0000000788800000, 0x00000007c0000000)
  eden space 72704K, 100% used [0x000000076d100000,0x0000000771800000,0x0000000771800000)
  from space 183296K, 36% used [0x000000077d500000,0x0000000781660000,0x0000000788800000)
  to   space 188416K, 0% used [0x0000000771800000,0x0000000771800000,0x000000077d000000)
 ParOldGen       total 577536K, used 266244K [0x00000006c7200000, 0x00000006ea600000, 0x000000076d100000)
  object space 577536K, 46% used [0x00000006c7200000,0x00000006d7601348,0x00000006ea600000)
 Metaspace       used 43735K, capacity 44202K, committed 44800K, reserved 1087488K
  class space    used 6185K, capacity 6327K, committed 6400K, reserved 1048576K
Event: 5177.504 GC heap after
Heap after GC invocations=44 (full 3):
 PSYoungGen      total 137728K, used 64576K [0x000000076d100000, 0x0000000787f00000, 0x00000007c0000000)
  eden space 72704K, 0% used [0x000000076d100000,0x000000076d100000,0x0000000771800000)
  from space 65024K, 99% used [0x0000000771800000,0x0000000775710000,0x0000000775780000)
  to   space 183296K, 0% used [0x000000077cc00000,0x000000077cc00000,0x0000000787f00000)
 ParOldGen       total 577536K, used 272615K [0x00000006c7200000, 0x00000006ea600000, 0x000000076d100000)
  object space 577536K, 47% used [0x00000006c7200000,0x00000006d7c39eb8,0x00000006ea600000)
 Metaspace       used 43735K, capacity 44202K, committed 44800K, reserved 1087488K
  class space    used 6185K, capacity 6327K, committed 6400K, reserved 1048576K
}
Event: 5329.405 GC heap before
{Heap before GC invocations=45 (full 3):
 PSYoungGen      total 137728K, used 137280K [0x000000076d100000, 0x0000000787f00000, 0x00000007c0000000)
  eden space 72704K, 100% used [0x000000076d100000,0x0000000771800000,0x0000000771800000)
  from space 65024K, 99% used [0x0000000771800000,0x0000000775710000,0x0000000775780000)
  to   space 183296K, 0% used [0x000000077cc00000,0x000000077cc00000,0x0000000787f00000)
 ParOldGen       total 577536K, used 272615K [0x00000006c7200000, 0x00000006ea600000, 0x000000076d100000)
  object space 577536K, 47% used [0x00000006c7200000,0x00000006d7c39eb8,0x00000006ea600000)
 Metaspace       used 43738K, capacity 44202K, committed 44800K, reserved 1087488K
  class space    used 6185K, capacity 6327K, committed 6400K, reserved 1048576K
Event: 5329.480 GC heap after
Heap after GC invocations=45 (full 3):
 PSYoungGen      total 245760K, used 65824K [0x000000076d100000, 0x0000000787400000, 0x00000007c0000000)
  eden space 73728K, 0% used [0x000000076d100000,0x000000076d100000,0x0000000771900000)
  from space 172032K, 38% used [0x000000077cc00000,0x0000000780c48000,0x0000000787400000)
  to   space 177664K, 0% used [0x0000000771900000,0x0000000771900000,0x000000077c680000)
 ParOldGen       total 577536K, used 279931K [0x00000006c7200000, 0x00000006ea600000, 0x000000076d100000)
  object space 577536K, 48% used [0x00000006c7200000,0x00000006d835ec08,0x00000006ea600000)
 Metaspace       used 43738K, capacity 44202K, committed 44800K, reserved 1087488K
  class space    used 6185K, capacity 6327K, committed 6400K, reserved 1048576K
}
Event: 5399.366 GC heap before
{Heap before GC invocations=46 (full 3):
 PSYoungGen      total 245760K, used 139552K [0x000000076d100000, 0x0000000787400000, 0x00000007c0000000)
  eden space 73728K, 100% used [0x000000076d100000,0x0000000771900000,0x0000000771900000)
  from space 172032K, 38% used [0x000000077cc00000,0x0000000780c48000,0x0000000787400000)
  to   space 177664K, 0% used [0x0000000771900000,0x0000000771900000,0x000000077c680000)
 ParOldGen       total 577536K, used 279931K [0x00000006c7200000, 0x00000006ea600000, 0x000000076d100000)
  object space 577536K, 48% used [0x00000006c7200000,0x00000006d835ec08,0x00000006ea600000)
 Metaspace       used 43738K, capacity 44202K, committed 44800K, reserved 1087488K
  class space    used 6185K, capacity 6327K, committed 6400K, reserved 1048576K
Event: 5399.451 GC heap after
Heap after GC invocations=46 (full 3):
 PSYoungGen      total 138752K, used 64544K [0x000000076d100000, 0x0000000786a00000, 0x00000007c0000000)
  eden space 73728K, 0% used [0x000000076d100000,0x000000076d100000,0x0000000771900000)
  from space 65024K, 99% used [0x0000000771900000,0x0000000775808000,0x0000000775880000)
  to   space 172032K, 0% used [0x000000077c200000,0x000000077c200000,0x0000000786a00000)
 ParOldGen       total 577536K, used 283636K [0x00000006c7200000, 0x00000006ea600000, 0x000000076d100000)
  object space 577536K, 49% used [0x00000006c7200000,0x00000006d86fd3e8,0x00000006ea600000)
 Metaspace       used 43738K, capacity 44202K, committed 44800K, reserved 1087488K
  class space    used 6185K, capacity 6327K, committed 6400K, reserved 1048576K
}
Event: 5467.123 GC heap before
{Heap before GC invocations=47 (full 3):
 PSYoungGen      total 138752K, used 138272K [0x000000076d100000, 0x0000000786a00000, 0x00000007c0000000)
  eden space 73728K, 100% used [0x000000076d100000,0x0000000771900000,0x0000000771900000)
  from space 65024K, 99% used [0x0000000771900000,0x0000000775808000,0x0000000775880000)
  to   space 172032K, 0% used [0x000000077c200000,0x000000077c200000,0x0000000786a00000)
 ParOldGen       total 577536K, used 283636K [0x00000006c7200000, 0x00000006ea600000, 0x000000076d100000)
  object space 577536K, 49% used [0x00000006c7200000,0x00000006d86fd3e8,0x00000006ea600000)
 Metaspace       used 43738K, capacity 44202K, committed 44800K, reserved 1087488K
  class space    used 6185K, capacity 6327K, committed 6400K, reserved 1048576K
Event: 5467.180 GC heap after
Heap after GC invocations=47 (full 3):
 PSYoungGen      total 235520K, used 65312K [0x000000076d100000, 0x0000000785f00000, 0x00000007c0000000)
  eden space 74752K, 0% used [0x000000076d100000,0x000000076d100000,0x0000000771a00000)
  from space 160768K, 40% used [0x000000077c200000,0x00000007801c8000,0x0000000785f00000)
  to   space 166400K, 0% used [0x0000000771a00000,0x0000000771a00000,0x000000077bc80000)
 ParOldGen       total 577536K, used 285982K [0x00000006c7200000, 0x00000006ea600000, 0x000000076d100000)
  object space 577536K, 49% used [0x00000006c7200000,0x00000006d89478f8,0x00000006ea600000)
 Metaspace       used 43738K, capacity 44202K, committed 44800K, reserved 1087488K
  class space    used 6185K, capacity 6327K, committed 6400K, reserved 1048576K
}
Event: 5605.947 GC heap before
{Heap before GC invocations=48 (full 3):
 PSYoungGen      total 235520K, used 140064K [0x000000076d100000, 0x0000000785f00000, 0x00000007c0000000)
  eden space 74752K, 100% used [0x000000076d100000,0x0000000771a00000,0x0000000771a00000)
  from space 160768K, 40% used [0x000000077c200000,0x00000007801c8000,0x0000000785f00000)
  to   space 166400K, 0% used [0x0000000771a00000,0x0000000771a00000,0x000000077bc80000)
 ParOldGen       total 577536K, used 285982K [0x00000006c7200000, 0x00000006ea600000, 0x000000076d100000)
  object space 577536K, 49% used [0x00000006c7200000,0x00000006d89478f8,0x00000006ea600000)
 Metaspace       used 43738K, capacity 44202K, committed 44800K, reserved 1087488K
  class space    used 6185K, capacity 6327K, committed 6400K, reserved 1048576K
Event: 5606.018 GC heap after
Heap after GC invocations=48 (full 3):
 PSYoungGen      total 144384K, used 69632K [0x000000076d100000, 0x0000000785400000, 0x00000007c0000000)
  eden space 74752K, 0% used [0x000000076d100000,0x000000076d100000,0x0000000771a00000)
  from space 69632K, 100% used [0x0000000771a00000,0x0000000775e00000,0x0000000775e00000)
  to   space 160256K, 0% used [0x000000077b780000,0x000000077b780000,0x0000000785400000)
 ParOldGen       total 577536K, used 289736K [0x00000006c7200000, 0x00000006ea600000, 0x000000076d100000)
  object space 577536K, 50% used [0x00000006c7200000,0x00000006d8cf2038,0x00000006ea600000)
 Metaspace       used 43738K, capacity 44202K, committed 44800K, reserved 1087488K
  class space    used 6185K, capacity 6327K, committed 6400K, reserved 1048576K
}
Event: 5702.488 GC heap before
{Heap before GC invocations=49 (full 3):
 PSYoungGen      total 144384K, used 144384K [0x000000076d100000, 0x0000000785400000, 0x00000007c0000000)
  eden space 74752K, 100% used [0x000000076d100000,0x0000000771a00000,0x0000000771a00000)
  from space 69632K, 100% used [0x0000000771a00000,0x0000000775e00000,0x0000000775e00000)
  to   space 160256K, 0% used [0x000000077b780000,0x000000077b780000,0x0000000785400000)
 ParOldGen       total 577536K, used 289736K [0x00000006c7200000, 0x00000006ea600000, 0x000000076d100000)
  object space 577536K, 50% used [0x00000006c7200000,0x00000006d8cf2038,0x00000006ea600000)
 Metaspace       used 43738K, capacity 44202K, committed 44800K, reserved 1087488K
  class space    used 6185K, capacity 6327K, committed 6400K, reserved 1048576K
Event: 5702.682 GC heap after
Heap after GC invocations=49 (full 3):
 PSYoungGen      total 222720K, used 71456K [0x000000076d100000, 0x0000000784700000, 0x00000007c0000000)
  eden space 75776K, 0% used [0x000000076d100000,0x000000076d100000,0x0000000771b00000)
  from space 146944K, 48% used [0x000000077b780000,0x000000077fd48000,0x0000000784700000)
  to   space 153600K, 0% used [0x0000000771b00000,0x0000000771b00000,0x000000077b100000)
 ParOldGen       total 577536K, used 292297K [0x00000006c7200000, 0x00000006ea600000, 0x000000076d100000)
  object space 577536K, 50% used [0x00000006c7200000,0x00000006d8f725b8,0x00000006ea600000)
 Metaspace       used 43738K, capacity 44202K, committed 44800K, reserved 1087488K
  class space    used 6185K, capacity 6327K, committed 6400K, reserved 1048576K
}
Event: 5832.126 GC heap before
{Heap before GC invocations=50 (full 3):
 PSYoungGen      total 222720K, used 147232K [0x000000076d100000, 0x0000000784700000, 0x00000007c0000000)
  eden space 75776K, 100% used [0x000000076d100000,0x0000000771b00000,0x0000000771b00000)
  from space 146944K, 48% used [0x000000077b780000,0x000000077fd48000,0x0000000784700000)
  to   space 153600K, 0% used [0x0000000771b00000,0x0000000771b00000,0x000000077b100000)
 ParOldGen       total 577536K, used 292297K [0x00000006c7200000, 0x00000006ea600000, 0x000000076d100000)
  object space 577536K, 50% used [0x00000006c7200000,0x00000006d8f725b8,0x00000006ea600000)
 Metaspace       used 43740K, capacity 44202K, committed 44800K, reserved 1087488K
  class space    used 6185K, capacity 6327K, committed 6400K, reserved 1048576K
Event: 5832.192 GC heap after
Heap after GC invocations=50 (full 3):
 PSYoungGen      total 151552K, used 75552K [0x000000076d100000, 0x0000000783c00000, 0x00000007c0000000)
  eden space 75776K, 0% used [0x000000076d100000,0x000000076d100000,0x0000000771b00000)
  from space 75776K, 99% used [0x0000000771b00000,0x00000007764c8000,0x0000000776500000)
  to   space 147456K, 0% used [0x000000077ac00000,0x000000077ac00000,0x0000000783c00000)
 ParOldGen       total 577536K, used 295218K [0x00000006c7200000, 0x00000006ea600000, 0x000000076d100000)
  object space 577536K, 51% used [0x00000006c7200000,0x00000006d924cbe8,0x00000006ea600000)
 Metaspace       used 43740K, capacity 44202K, committed 44800K, reserved 1087488K
  class space    used 6185K, capacity 6327K, committed 6400K, reserved 1048576K
}
Event: 6027.135 GC heap before
{Heap before GC invocations=51 (full 3):
 PSYoungGen      total 151552K, used 151328K [0x000000076d100000, 0x0000000783c00000, 0x00000007c0000000)
  eden space 75776K, 100% used [0x000000076d100000,0x0000000771b00000,0x0000000771b00000)
  from space 75776K, 99% used [0x0000000771b00000,0x00000007764c8000,0x0000000776500000)
  to   space 147456K, 0% used [0x000000077ac00000,0x000000077ac00000,0x0000000783c00000)
 ParOldGen       total 577536K, used 295218K [0x00000006c7200000, 0x00000006ea600000, 0x000000076d100000)
  object space 577536K, 51% used [0x00000006c7200000,0x00000006d924cbe8,0x00000006ea600000)
 Metaspace       used 43740K, capacity 44202K, committed 44800K, reserved 1087488K
  class space    used 6185K, capacity 6327K, committed 6400K, reserved 1048576K
Event: 6027.209 GC heap after
Heap after GC invocations=51 (full 3):
 PSYoungGen      total 212992K, used 82528K [0x000000076d100000, 0x0000000783100000, 0x00000007c0000000)
  eden space 76800K, 0% used [0x000000076d100000,0x000000076d100000,0x0000000771c00000)
  from space 136192K, 60% used [0x000000077ac00000,0x000000077fc98000,0x0000000783100000)
  to   space 141824K, 0% used [0x0000000771c00000,0x0000000771c00000,0x000000077a680000)
 ParOldGen       total 577536K, used 298956K [0x00000006c7200000, 0x00000006ea600000, 0x000000076d100000)
  object space 577536K, 51% used [0x00000006c7200000,0x00000006d95f3258,0x00000006ea600000)
 Metaspace       used 43740K, capacity 44202K, committed 44800K, reserved 1087488K
  class space    used 6185K, capacity 6327K, committed 6400K, reserved 1048576K
}
Event: 6157.150 GC heap before
{Heap before GC invocations=52 (full 3):
 PSYoungGen      total 212992K, used 159328K [0x000000076d100000, 0x0000000783100000, 0x00000007c0000000)
  eden space 76800K, 100% used [0x000000076d100000,0x0000000771c00000,0x0000000771c00000)
  from space 136192K, 60% used [0x000000077ac00000,0x000000077fc98000,0x0000000783100000)
  to   space 141824K, 0% used [0x0000000771c00000,0x0000000771c00000,0x000000077a680000)
 ParOldGen       total 577536K, used 298956K [0x00000006c7200000, 0x00000006ea600000, 0x000000076d100000)
  object space 577536K, 51% used [0x00000006c7200000,0x00000006d95f3258,0x00000006ea600000)
 Metaspace       used 43740K, capacity 44202K, committed 44800K, reserved 1087488K
  class space    used 6185K, capacity 6327K, committed 6400K, reserved 1048576K
Event: 6157.222 GC heap after
Heap after GC invocations=52 (full 3):
 PSYoungGen      total 160768K, used 83648K [0x000000076d100000, 0x0000000782800000, 0x00000007c0000000)
  eden space 76800K, 0% used [0x000000076d100000,0x000000076d100000,0x0000000771c00000)
  from space 83968K, 99% used [0x0000000771c00000,0x0000000776db0000,0x0000000776e00000)
  to   space 136704K, 0% used [0x000000077a280000,0x000000077a280000,0x0000000782800000)
 ParOldGen       total 577536K, used 303582K [0x00000006c7200000, 0x00000006ea600000, 0x000000076d100000)
  object space 577536K, 52% used [0x00000006c7200000,0x00000006d9a77a48,0x00000006ea600000)
 Metaspace       used 43740K, capacity 44202K, committed 44800K, reserved 1087488K
  class space    used 6185K, capacity 6327K, committed 6400K, reserved 1048576K
}
Event: 6242.161 GC heap before
{Heap before GC invocations=53 (full 3):
 PSYoungGen      total 160768K, used 160448K [0x000000076d100000, 0x0000000782800000, 0x00000007c0000000)
  eden space 76800K, 100% used [0x000000076d100000,0x0000000771c00000,0x0000000771c00000)
  from space 83968K, 99% used [0x0000000771c00000,0x0000000776db0000,0x0000000776e00000)
  to   space 136704K, 0% used [0x000000077a280000,0x000000077a280000,0x0000000782800000)
 ParOldGen       total 577536K, used 303582K [0x00000006c7200000, 0x00000006ea600000, 0x000000076d100000)
  object space 577536K, 52% used [0x00000006c7200000,0x00000006d9a77a48,0x00000006ea600000)
 Metaspace       used 43747K, capacity 44202K, committed 44800K, reserved 1087488K
  class space    used 6185K, capacity 6327K, committed 6400K, reserved 1048576K
Event: 6242.231 GC heap after
Heap after GC invocations=53 (full 3):
 PSYoungGen      total 207360K, used 84704K [0x000000076d100000, 0x0000000782100000, 0x00000007c0000000)
  eden space 77824K, 0% used [0x000000076d100000,0x000000076d100000,0x0000000771d00000)
  from space 129536K, 65% used [0x000000077a280000,0x000000077f538000,0x0000000782100000)
  to   space 133120K, 0% used [0x0000000771d00000,0x0000000771d00000,0x0000000779f00000)
 ParOldGen       total 577536K, used 306887K [0x00000006c7200000, 0x00000006ea600000, 0x000000076d100000)
  object space 577536K, 53% used [0x00000006c7200000,0x00000006d9db1ff8,0x00000006ea600000)
 Metaspace       used 43747K, capacity 44202K, committed 44800K, reserved 1087488K
  class space    used 6185K, capacity 6327K, committed 6400K, reserved 1048576K
}
Event: 6313.282 GC heap before
{Heap before GC invocations=54 (full 3):
 PSYoungGen      total 207360K, used 162528K [0x000000076d100000, 0x0000000782100000, 0x00000007c0000000)
  eden space 77824K, 100% used [0x000000076d100000,0x0000000771d00000,0x0000000771d00000)
  from space 129536K, 65% used [0x000000077a280000,0x000000077f538000,0x0000000782100000)
  to   space 133120K, 0% used [0x0000000771d00000,0x0000000771d00000,0x0000000779f00000)
 ParOldGen       total 577536K, used 306887K [0x00000006c7200000, 0x00000006ea600000, 0x000000076d100000)
  object space 577536K, 53% used [0x00000006c7200000,0x00000006d9db1ff8,0x00000006ea600000)
 Metaspace       used 43747K, capacity 44202K, committed 44800K, reserved 1087488K
  class space    used 6185K, capacity 6327K, committed 6400K, reserved 1048576K
Event: 6313.375 GC heap after
Heap after GC invocations=54 (full 3):
 PSYoungGen      total 162816K, used 84992K [0x000000076d100000, 0x0000000781b00000, 0x00000007c0000000)
  eden space 77824K, 0% used [0x000000076d100000,0x000000076d100000,0x0000000771d00000)
  from space 84992K, 100% used [0x0000000771d00000,0x0000000777000000,0x0000000777000000)
  to   space 129536K, 0% used [0x0000000779c80000,0x0000000779c80000,0x0000000781b00000)
 ParOldGen       total 577536K, used 309833K [0x00000006c7200000, 0x00000006ea600000, 0x000000076d100000)
  object space 577536K, 53% used [0x00000006c7200000,0x00000006da092508,0x00000006ea600000)
 Metaspace       used 43747K, capacity 44202K, committed 44800K, reserved 1087488K
  class space    used 6185K, capacity 6327K, committed 6400K, reserved 1048576K
}
Event: 6412.171 GC heap before
{Heap before GC invocations=55 (full 3):
 PSYoungGen      total 162816K, used 162816K [0x000000076d100000, 0x0000000781b00000, 0x00000007c0000000)
  eden space 77824K, 100% used [0x000000076d100000,0x0000000771d00000,0x0000000771d00000)
  from space 84992K, 100% used [0x0000000771d00000,0x0000000777000000,0x0000000777000000)
  to   space 129536K, 0% used [0x0000000779c80000,0x0000000779c80000,0x0000000781b00000)
 ParOldGen       total 577536K, used 309833K [0x00000006c7200000, 0x00000006ea600000, 0x000000076d100000)
  object space 577536K, 53% used [0x00000006c7200000,0x00000006da092508,0x00000006ea600000)
 Metaspace       used 43765K, capacity 44202K, committed 44800K, reserved 1087488K
  class space    used 6185K, capacity 6327K, committed 6400K, reserved 1048576K
Event: 6412.242 GC heap after
Heap after GC invocations=55 (full 3):
 PSYoungGen      total 200192K, used 83872K [0x000000076d100000, 0x0000000781300000, 0x00000007c0000000)
  eden space 78848K, 0% used [0x000000076d100000,0x000000076d100000,0x0000000771e00000)
  from space 121344K, 69% used [0x0000000779c80000,0x000000077ee68000,0x0000000781300000)
  to   space 125440K, 0% used [0x0000000771e00000,0x0000000771e00000,0x0000000779880000)
 ParOldGen       total 577536K, used 316236K [0x00000006c7200000, 0x00000006ea600000, 0x000000076d100000)
  object space 577536K, 54% used [0x00000006c7200000,0x00000006da6d3018,0x00000006ea600000)
 Metaspace       used 43765K, capacity 44202K, committed 44800K, reserved 1087488K
  class space    used 6185K, capacity 6327K, committed 6400K, reserved 1048576K
}
Event: 6544.844 GC heap before
{Heap before GC invocations=56 (full 3):
 PSYoungGen      total 200192K, used 162720K [0x000000076d100000, 0x0000000781300000, 0x00000007c0000000)
  eden space 78848K, 100% used [0x000000076d100000,0x0000000771e00000,0x0000000771e00000)
  from space 121344K, 69% used [0x0000000779c80000,0x000000077ee68000,0x0000000781300000)
  to   space 125440K, 0% used [0x0000000771e00000,0x0000000771e00000,0x0000000779880000)
 ParOldGen       total 577536K, used 316236K [0x00000006c7200000, 0x00000006ea600000, 0x000000076d100000)
  object space 577536K, 54% used [0x00000006c7200000,0x00000006da6d3018,0x00000006ea600000)
 Metaspace       used 43775K, capacity 44202K, committed 44800K, reserved 1087488K
  class space    used 6185K, capacity 6327K, committed 6400K, reserved 1048576K
Event: 6544.910 GC heap after
Heap after GC invocations=56 (full 3):
 PSYoungGen      total 162816K, used 83968K [0x000000076d100000, 0x0000000780e00000, 0x00000007c0000000)
  eden space 78848K, 0% used [0x000000076d100000,0x000000076d100000,0x0000000771e00000)
  from space 83968K, 100% used [0x0000000771e00000,0x0000000777000000,0x0000000777000000)
  to   space 122368K, 0% used [0x0000000779680000,0x0000000779680000,0x0000000780e00000)
 ParOldGen       total 577536K, used 323391K [0x00000006c7200000, 0x00000006ea600000, 0x000000076d100000)
  object space 577536K, 55% used [0x00000006c7200000,0x00000006dadcfc68,0x00000006ea600000)
 Metaspace       used 43775K, capacity 44202K, committed 44800K, reserved 1087488K
  class space    used 6185K, capacity 6327K, committed 6400K, reserved 1048576K
}
Event: 6637.166 GC heap before
{Heap before GC invocations=57 (full 3):
 PSYoungGen      total 162816K, used 162816K [0x000000076d100000, 0x0000000780e00000, 0x00000007c0000000)
  eden space 78848K, 100% used [0x000000076d100000,0x0000000771e00000,0x0000000771e00000)
  from space 83968K, 100% used [0x0000000771e00000,0x0000000777000000,0x0000000777000000)
  to   space 122368K, 0% used [0x0000000779680000,0x0000000779680000,0x0000000780e00000)
 ParOldGen       total 577536K, used 323391K [0x00000006c7200000, 0x00000006ea600000, 0x000000076d100000)
  object space 577536K, 55% used [0x00000006c7200000,0x00000006dadcfc68,0x00000006ea600000)
 Metaspace       used 43776K, capacity 44202K, committed 44800K, reserved 1087488K
  class space    used 6185K, capacity 6327K, committed 6400K, reserved 1048576K
Event: 6637.244 GC heap after
Heap after GC invocations=57 (full 3):
 PSYoungGen      total 197120K, used 85888K [0x000000076d100000, 0x0000000780900000, 0x00000007c0000000)
  eden space 79872K, 0% used [0x000000076d100000,0x000000076d100000,0x0000000771f00000)
  from space 117248K, 73% used [0x0000000779680000,0x000000077ea60000,0x0000000780900000)
  to   space 119808K, 0% used [0x0000000771f00000,0x0000000771f00000,0x0000000779400000)
 ParOldGen       total 577536K, used 326456K [0x00000006c7200000, 0x00000006ea600000, 0x000000076d100000)
  object space 577536K, 56% used [0x00000006c7200000,0x00000006db0ce1a8,0x00000006ea600000)
 Metaspace       used 43776K, capacity 44202K, committed 44800K, reserved 1087488K
  class space    used 6185K, capacity 6327K, committed 6400K, reserved 1048576K
}
Event: 6723.984 GC heap before
{Heap before GC invocations=58 (full 3):
 PSYoungGen      total 197120K, used 165760K [0x000000076d100000, 0x0000000780900000, 0x00000007c0000000)
  eden space 79872K, 100% used [0x000000076d100000,0x0000000771f00000,0x0000000771f00000)
  from space 117248K, 73% used [0x0000000779680000,0x000000077ea60000,0x0000000780900000)
  to   space 119808K, 0% used [0x0000000771f00000,0x0000000771f00000,0x0000000779400000)
 ParOldGen       total 577536K, used 326456K [0x00000006c7200000, 0x00000006ea600000, 0x000000076d100000)
  object space 577536K, 56% used [0x00000006c7200000,0x00000006db0ce1a8,0x00000006ea600000)
 Metaspace       used 43781K, capacity 44202K, committed 44800K, reserved 1087488K
  class space    used 6185K, capacity 6327K, committed 6400K, reserved 1048576K
Event: 6724.097 GC heap after
Heap after GC invocations=58 (full 3):
 PSYoungGen      total 166912K, used 86944K [0x000000076d100000, 0x0000000780600000, 0x00000007c0000000)
  eden space 79872K, 0% used [0x000000076d100000,0x000000076d100000,0x0000000771f00000)
  from space 87040K, 99% used [0x0000000771f00000,0x00000007773e8000,0x0000000777400000)
  to   space 117760K, 0% used [0x0000000779300000,0x0000000779300000,0x0000000780600000)
 ParOldGen       total 577536K, used 330322K [0x00000006c7200000, 0x00000006ea600000, 0x000000076d100000)
  object space 577536K, 57% used [0x00000006c7200000,0x00000006db494858,0x00000006ea600000)
 Metaspace       used 43781K, capacity 44202K, committed 44800K, reserved 1087488K
  class space    used 6185K, capacity 6327K, committed 6400K, reserved 1048576K
}
Event: 6797.163 GC heap before
{Heap before GC invocations=59 (full 3):
 PSYoungGen      total 166912K, used 166816K [0x000000076d100000, 0x0000000780600000, 0x00000007c0000000)
  eden space 79872K, 100% used [0x000000076d100000,0x0000000771f00000,0x0000000771f00000)
  from space 87040K, 99% used [0x0000000771f00000,0x00000007773e8000,0x0000000777400000)
  to   space 117760K, 0% used [0x0000000779300000,0x0000000779300000,0x0000000780600000)
 ParOldGen       total 577536K, used 330322K [0x00000006c7200000, 0x00000006ea600000, 0x000000076d100000)
  object space 577536K, 57% used [0x00000006c7200000,0x00000006db494858,0x00000006ea600000)
 Metaspace       used 43781K, capacity 44202K, committed 44800K, reserved 1087488K
  class space    used 6185K, capacity 6327K, committed 6400K, reserved 1048576K
Event: 6797.234 GC heap after
Heap after GC invocations=59 (full 3):
 PSYoungGen      total 193536K, used 85696K [0x000000076d100000, 0x0000000780100000, 0x00000007c0000000)
  eden space 80896K, 0% used [0x000000076d100000,0x000000076d100000,0x0000000772000000)
  from space 112640K, 76% used [0x0000000779300000,0x000000077e6b0000,0x0000000780100000)
  to   space 115200K, 0% used [0x0000000772000000,0x0000000772000000,0x0000000779080000)
 ParOldGen       total 577536K, used 334347K [0x00000006c7200000, 0x00000006ea600000, 0x000000076d100000)
  object space 577536K, 57% used [0x00000006c7200000,0x00000006db882f38,0x00000006ea600000)
 Metaspace       used 43781K, capacity 44202K, committed 44800K, reserved 1087488K
  class space    used 6185K, capacity 6327K, committed 6400K, reserved 1048576K
}
Event: 6872.161 GC heap before
{Heap before GC invocations=60 (full 3):
 PSYoungGen      total 193536K, used 166592K [0x000000076d100000, 0x0000000780100000, 0x00000007c0000000)
  eden space 80896K, 100% used [0x000000076d100000,0x0000000772000000,0x0000000772000000)
  from space 112640K, 76% used [0x0000000779300000,0x000000077e6b0000,0x0000000780100000)
  to   space 115200K, 0% used [0x0000000772000000,0x0000000772000000,0x0000000779080000)
 ParOldGen       total 577536K, used 334347K [0x00000006c7200000, 0x00000006ea600000, 0x000000076d100000)
  object space 577536K, 57% used [0x00000006c7200000,0x00000006db882f38,0x00000006ea600000)
 Metaspace       used 43781K, capacity 44202K, committed 44800K, reserved 1087488K
  class space    used 6185K, capacity 6327K, committed 6400K, reserved 1048576K
Event: 6872.244 GC heap after
Heap after GC invocations=60 (full 3):
 PSYoungGen      total 162304K, used 81376K [0x000000076d100000, 0x000000077fd00000, 0x00000007c0000000)
  eden space 80896K, 0% used [0x000000076d100000,0x000000076d100000,0x0000000772000000)
  from space 81408K, 99% used [0x0000000772000000,0x0000000776f78000,0x0000000776f80000)
  to   space 112640K, 0% used [0x0000000778f00000,0x0000000778f00000,0x000000077fd00000)
 ParOldGen       total 577536K, used 341975K [0x00000006c7200000, 0x00000006ea600000, 0x000000076d100000)
  object space 577536K, 59% used [0x00000006c7200000,0x00000006dbff5c58,0x00000006ea600000)
 Metaspace       used 43781K, capacity 44202K, committed 44800K, reserved 1087488K
  class space    used 6185K, capacity 6327K, committed 6400K, reserved 1048576K
}
Event: 6945.920 GC heap before
{Heap before GC invocations=61 (full 3):
 PSYoungGen      total 162304K, used 162272K [0x000000076d100000, 0x000000077fd00000, 0x00000007c0000000)
  eden space 80896K, 100% used [0x000000076d100000,0x0000000772000000,0x0000000772000000)
  from space 81408K, 99% used [0x0000000772000000,0x0000000776f78000,0x0000000776f80000)
  to   space 112640K, 0% used [0x0000000778f00000,0x0000000778f00000,0x000000077fd00000)
 ParOldGen       total 577536K, used 341975K [0x00000006c7200000, 0x00000006ea600000, 0x000000076d100000)
  object space 577536K, 59% used [0x00000006c7200000,0x00000006dbff5c58,0x00000006ea600000)
 Metaspace       used 43781K, capacity 44202K, committed 44800K, reserved 1087488K
  class space    used 6185K, capacity 6327K, committed 6400K, reserved 1048576K
Event: 6946.004 GC heap after
Heap after GC invocations=61 (full 3):
 PSYoungGen      total 188416K, used 81888K [0x000000076d100000, 0x000000077f700000, 0x00000007c0000000)
  eden space 81920K, 0% used [0x000000076d100000,0x000000076d100000,0x0000000772100000)
  from space 106496K, 76% used [0x0000000778f00000,0x000000077def8000,0x000000077f700000)
  to   space 109568K, 0% used [0x0000000772100000,0x0000000772100000,0x0000000778c00000)
 ParOldGen       total 577536K, used 345544K [0x00000006c7200000, 0x00000006ea600000, 0x000000076d100000)
  object space 577536K, 59% used [0x00000006c7200000,0x00000006dc372278,0x00000006ea600000)
 Metaspace       used 43781K, capacity 44202K, committed 44800K, reserved 1087488K
  class space    used 6185K, capacity 6327K, committed 6400K, reserved 1048576K
}
Event: 7021.597 GC heap before
{Heap before GC invocations=62 (full 3):
 PSYoungGen      total 188416K, used 163808K [0x000000076d100000, 0x000000077f700000, 0x00000007c0000000)
  eden space 81920K, 100% used [0x000000076d100000,0x0000000772100000,0x0000000772100000)
  from space 106496K, 76% used [0x0000000778f00000,0x000000077def8000,0x000000077f700000)
  to   space 109568K, 0% used [0x0000000772100000,0x0000000772100000,0x0000000778c00000)
 ParOldGen       total 577536K, used 345544K [0x00000006c7200000, 0x00000006ea600000, 0x000000076d100000)
  object space 577536K, 59% used [0x00000006c7200000,0x00000006dc372278,0x00000006ea600000)
 Metaspace       used 43781K, capacity 44202K, committed 44800K, reserved 1087488K
  class space    used 6185K, capacity 6327K, committed 6400K, reserved 1048576K
Event: 7021.681 GC heap after
Heap after GC invocations=62 (full 3):
 PSYoungGen      total 164864K, used 82848K [0x000000076d100000, 0x000000077f300000, 0x00000007c0000000)
  eden space 81920K, 0% used [0x000000076d100000,0x000000076d100000,0x0000000772100000)
  from space 82944K, 99% used [0x0000000772100000,0x00000007771e8000,0x0000000777200000)
  to   space 107008K, 0% used [0x0000000778a80000,0x0000000778a80000,0x000000077f300000)
 ParOldGen       total 577536K, used 348922K [0x00000006c7200000, 0x00000006ea600000, 0x000000076d100000)
  object space 577536K, 60% used [0x00000006c7200000,0x00000006dc6be848,0x00000006ea600000)
 Metaspace       used 43781K, capacity 44202K, committed 44800K, reserved 1087488K
  class space    used 6185K, capacity 6327K, committed 6400K, reserved 1048576K
}
Event: 7132.175 GC heap before
{Heap before GC invocations=63 (full 3):
 PSYoungGen      total 164864K, used 164768K [0x000000076d100000, 0x000000077f300000, 0x00000007c0000000)
  eden space 81920K, 100% used [0x000000076d100000,0x0000000772100000,0x0000000772100000)
  from space 82944K, 99% used [0x0000000772100000,0x00000007771e8000,0x0000000777200000)
  to   space 107008K, 0% used [0x0000000778a80000,0x0000000778a80000,0x000000077f300000)
 ParOldGen       total 577536K, used 348922K [0x00000006c7200000, 0x00000006ea600000, 0x000000076d100000)
  object space 577536K, 60% used [0x00000006c7200000,0x00000006dc6be848,0x00000006ea600000)
 Metaspace       used 43781K, capacity 44202K, committed 44800K, reserved 1087488K
  class space    used 6185K, capacity 6327K, committed 6400K, reserved 1048576K
Event: 7132.242 GC heap after
Heap after GC invocations=63 (full 3):
 PSYoungGen      total 185856K, used 81184K [0x000000076d100000, 0x000000077ef00000, 0x00000007c0000000)
  eden space 82944K, 0% used [0x000000076d100000,0x000000076d100000,0x0000000772200000)
  from space 102912K, 78% used [0x0000000778a80000,0x000000077d9c8000,0x000000077ef00000)
  to   space 104960K, 0% used [0x0000000772200000,0x0000000772200000,0x0000000778880000)
 ParOldGen       total 577536K, used 355965K [0x00000006c7200000, 0x00000006ea600000, 0x000000076d100000)
  object space 577536K, 61% used [0x00000006c7200000,0x00000006dcd9f468,0x00000006ea600000)
 Metaspace       used 43781K, capacity 44202K, committed 44800K, reserved 1087488K
  class space    used 6185K, capacity 6327K, committed 6400K, reserved 1048576K
}
Event: 7342.180 GC heap before
{Heap before GC invocations=64 (full 3):
 PSYoungGen      total 185856K, used 164128K [0x000000076d100000, 0x000000077ef00000, 0x00000007c0000000)
  eden space 82944K, 100% used [0x000000076d100000,0x0000000772200000,0x0000000772200000)
  from space 102912K, 78% used [0x0000000778a80000,0x000000077d9c8000,0x000000077ef00000)
  to   space 104960K, 0% used [0x0000000772200000,0x0000000772200000,0x0000000778880000)
 ParOldGen       total 577536K, used 355965K [0x00000006c7200000, 0x00000006ea600000, 0x000000076d100000)
  object space 577536K, 61% used [0x00000006c7200000,0x00000006dcd9f468,0x00000006ea600000)
 Metaspace       used 43781K, capacity 44202K, committed 44800K, reserved 1087488K
  class space    used 6185K, capacity 6327K, committed 6400K, reserved 1048576K
Event: 7342.252 GC heap after
Heap after GC invocations=64 (full 3):
 PSYoungGen      total 187904K, used 87712K [0x000000076d100000, 0x000000077ef00000, 0x00000007c0000000)
  eden space 82944K, 0% used [0x000000076d100000,0x000000076d100000,0x0000000772200000)
  from space 104960K, 83% used [0x0000000772200000,0x00000007777a8000,0x0000000778880000)
  to   space 104448K, 0% used [0x0000000778900000,0x0000000778900000,0x000000077ef00000)
 ParOldGen       total 577536K, used 361047K [0x00000006c7200000, 0x00000006ea600000, 0x000000076d100000)
  object space 577536K, 62% used [0x00000006c7200000,0x00000006dd295d28,0x00000006ea600000)
 Metaspace       used 43781K, capacity 44202K, committed 44800K, reserved 1087488K
  class space    used 6185K, capacity 6327K, committed 6400K, reserved 1048576K
}
Event: 7512.190 GC heap before
{Heap before GC invocations=65 (full 3):
 PSYoungGen      total 187904K, used 170656K [0x000000076d100000, 0x000000077ef00000, 0x00000007c0000000)
  eden space 82944K, 100% used [0x000000076d100000,0x0000000772200000,0x0000000772200000)
  from space 104960K, 83% used [0x0000000772200000,0x00000007777a8000,0x0000000778880000)
  to   space 104448K, 0% used [0x0000000778900000,0x0000000778900000,0x000000077ef00000)
 ParOldGen       total 577536K, used 361047K [0x00000006c7200000, 0x00000006ea600000, 0x000000076d100000)
  object space 577536K, 62% used [0x00000006c7200000,0x00000006dd295d28,0x00000006ea600000)
 Metaspace       used 43787K, capacity 44202K, committed 44800K, reserved 1087488K
  class space    used 6185K, capacity 6327K, committed 6400K, reserved 1048576K
Event: 7512.261 GC heap after
Heap after GC invocations=65 (full 3):
 PSYoungGen      total 187904K, used 89536K [0x000000076d100000, 0x000000077ef80000, 0x00000007c0000000)
  eden space 83456K, 0% used [0x000000076d100000,0x000000076d100000,0x0000000772280000)
  from space 104448K, 85% used [0x0000000778900000,0x000000077e070000,0x000000077ef00000)
  to   space 104960K, 0% used [0x0000000772280000,0x0000000772280000,0x0000000778900000)
 ParOldGen       total 577536K, used 367410K [0x00000006c7200000, 0x00000006ea600000, 0x000000076d100000)
  object space 577536K, 63% used [0x00000006c7200000,0x00000006dd8cc818,0x00000006ea600000)
 Metaspace       used 43787K, capacity 44202K, committed 44800K, reserved 1087488K
  class space    used 6185K, capacity 6327K, committed 6400K, reserved 1048576K
}
Event: 7732.198 GC heap before
{Heap before GC invocations=66 (full 3):
 PSYoungGen      total 187904K, used 172992K [0x000000076d100000, 0x000000077ef80000, 0x00000007c0000000)
  eden space 83456K, 100% used [0x000000076d100000,0x0000000772280000,0x0000000772280000)
  from space 104448K, 85% used [0x0000000778900000,0x000000077e070000,0x000000077ef00000)
  to   space 104960K, 0% used [0x0000000772280000,0x0000000772280000,0x0000000778900000)
 ParOldGen       total 577536K, used 367410K [0x00000006c7200000, 0x00000006ea600000, 0x000000076d100000)
  object space 577536K, 63% used [0x00000006c7200000,0x00000006dd8cc818,0x00000006ea600000)
 Metaspace       used 43790K, capacity 44202K, committed 44800K, reserved 1087488K
  class space    used 6185K, capacity 6327K, committed 6400K, reserved 1048576K
Event: 7732.293 GC heap after
Heap after GC invocations=66 (full 3):
 PSYoungGen      total 188416K, used 91808K [0x000000076d100000, 0x000000077f200000, 0x00000007c0000000)
  eden space 83456K, 0% used [0x000000076d100000,0x000000076d100000,0x0000000772280000)
  from space 104960K, 87% used [0x0000000772280000,0x0000000777c28000,0x0000000778900000)
  to   space 105984K, 0% used [0x0000000778a80000,0x0000000778a80000,0x000000077f200000)
 ParOldGen       total 577536K, used 377342K [0x00000006c7200000, 0x00000006ea600000, 0x000000076d100000)
  object space 577536K, 65% used [0x00000006c7200000,0x00000006de27f938,0x00000006ea600000)
 Metaspace       used 43790K, capacity 44202K, committed 44800K, reserved 1087488K
  class space    used 6185K, capacity 6327K, committed 6400K, reserved 1048576K
}
Event: 7816.948 GC heap before
{Heap before GC invocations=67 (full 3):
 PSYoungGen      total 188416K, used 175264K [0x000000076d100000, 0x000000077f200000, 0x00000007c0000000)
  eden space 83456K, 100% used [0x000000076d100000,0x0000000772280000,0x0000000772280000)
  from space 104960K, 87% used [0x0000000772280000,0x0000000777c28000,0x0000000778900000)
  to   space 105984K, 0% used [0x0000000778a80000,0x0000000778a80000,0x000000077f200000)
 ParOldGen       total 577536K, used 377342K [0x00000006c7200000, 0x00000006ea600000, 0x000000076d100000)
  object space 577536K, 65% used [0x00000006c7200000,0x00000006de27f938,0x00000006ea600000)
 Metaspace       used 43790K, capacity 44202K, committed 44800K, reserved 1087488K
  class space    used 6185K, capacity 6327K, committed 6400K, reserved 1048576K
Event: 7817.019 GC heap after
Heap after GC invocations=67 (full 3):
 PSYoungGen      total 187904K, used 87552K [0x000000076d100000, 0x000000077f000000, 0x00000007c0000000)
  eden space 83968K, 0% used [0x000000076d100000,0x000000076d100000,0x0000000772300000)
  from space 103936K, 84% used [0x0000000778a80000,0x000000077e000000,0x000000077f000000)
  to   space 104960K, 0% used [0x0000000772300000,0x0000000772300000,0x0000000778980000)
 ParOldGen       total 577536K, used 383977K [0x00000006c7200000, 0x00000006ea600000, 0x000000076d100000)
  object space 577536K, 66% used [0x00000006c7200000,0x00000006de8fa4a8,0x00000006ea600000)
 Metaspace       used 43790K, capacity 44202K, committed 44800K, reserved 1087488K
  class space    used 6185K, capacity 6327K, committed 6400K, reserved 1048576K
}
Event: 7892.221 GC heap before
{Heap before GC invocations=68 (full 3):
 PSYoungGen      total 187904K, used 171520K [0x000000076d100000, 0x000000077f000000, 0x00000007c0000000)
  eden space 83968K, 100% used [0x000000076d100000,0x0000000772300000,0x0000000772300000)
  from space 103936K, 84% used [0x0000000778a80000,0x000000077e000000,0x000000077f000000)
  to   space 104960K, 0% used [0x0000000772300000,0x0000000772300000,0x0000000778980000)
 ParOldGen       total 577536K, used 383977K [0x00000006c7200000, 0x00000006ea600000, 0x000000076d100000)
  object space 577536K, 66% used [0x00000006c7200000,0x00000006de8fa4a8,0x00000006ea600000)
 Metaspace       used 43790K, capacity 44202K, committed 44800K, reserved 1087488K
  class space    used 6185K, capacity 6327K, committed 6400K, reserved 1048576K
Event: 7892.292 GC heap after
Heap after GC invocations=68 (full 3):
 PSYoungGen      total 171008K, used 86816K [0x000000076d100000, 0x000000077ee00000, 0x00000007c0000000)
  eden space 83968K, 0% used [0x000000076d100000,0x000000076d100000,0x0000000772300000)
  from space 87040K, 99% used [0x0000000772300000,0x00000007777c8000,0x0000000777800000)
  to   space 103424K, 0% used [0x0000000778900000,0x0000000778900000,0x000000077ee00000)
 ParOldGen       total 577536K, used 388403K [0x00000006c7200000, 0x00000006ea600000, 0x000000076d100000)
  object space 577536K, 67% used [0x00000006c7200000,0x00000006ded4cc48,0x00000006ea600000)
 Metaspace       used 43790K, capacity 44202K, committed 44800K, reserved 1087488K
  class space    used 6185K, capacity 6327K, committed 6400K, reserved 1048576K
}
Event: 7969.018 GC heap before
{Heap before GC invocations=69 (full 3):
 PSYoungGen      total 171008K, used 170784K [0x000000076d100000, 0x000000077ee00000, 0x00000007c0000000)
  eden space 83968K, 100% used [0x000000076d100000,0x0000000772300000,0x0000000772300000)
  from space 87040K, 99% used [0x0000000772300000,0x00000007777c8000,0x0000000777800000)
  to   space 103424K, 0% used [0x0000000778900000,0x0000000778900000,0x000000077ee00000)
 ParOldGen       total 577536K, used 388403K [0x00000006c7200000, 0x00000006ea600000, 0x000000076d100000)
  object space 577536K, 67% used [0x00000006c7200000,0x00000006ded4cc48,0x00000006ea600000)
 Metaspace       used 43790K, capacity 44202K, committed 44800K, reserved 1087488K
  class space    used 6185K, capacity 6327K, committed 6400K, reserved 1048576K
Event: 7969.115 GC heap after
Heap after GC invocations=69 (full 3):
 PSYoungGen      total 186368K, used 87104K [0x000000076d100000, 0x000000077ec00000, 0x00000007c0000000)
  eden space 84992K, 0% used [0x000000076d100000,0x000000076d100000,0x0000000772400000)
  from space 101376K, 85% used [0x0000000778900000,0x000000077de10000,0x000000077ec00000)
  to   space 102400K, 0% used [0x0000000772400000,0x0000000772400000,0x0000000778800000)
 ParOldGen       total 577536K, used 392052K [0x00000006c7200000, 0x00000006ea600000, 0x000000076d100000)
  object space 577536K, 67% used [0x00000006c7200000,0x00000006df0dd288,0x00000006ea600000)
 Metaspace       used 43790K, capacity 44202K, committed 44800K, reserved 1087488K
  class space    used 6185K, capacity 6327K, committed 6400K, reserved 1048576K
}
Event: 8060.151 GC heap before
{Heap before GC invocations=70 (full 3):
 PSYoungGen      total 186368K, used 172096K [0x000000076d100000, 0x000000077ec00000, 0x00000007c0000000)
  eden space 84992K, 100% used [0x000000076d100000,0x0000000772400000,0x0000000772400000)
  from space 101376K, 85% used [0x0000000778900000,0x000000077de10000,0x000000077ec00000)
  to   space 102400K, 0% used [0x0000000772400000,0x0000000772400000,0x0000000778800000)
 ParOldGen       total 577536K, used 392052K [0x00000006c7200000, 0x00000006ea600000, 0x000000076d100000)
  object space 577536K, 67% used [0x00000006c7200000,0x00000006df0dd288,0x00000006ea600000)
 Metaspace       used 43793K, capacity 44202K, committed 44800K, reserved 1087488K
  class space    used 6185K, capacity 6327K, committed 6400K, reserved 1048576K
Event: 8060.237 GC heap after
Heap after GC invocations=70 (full 3):
 PSYoungGen      total 187392K, used 88256K [0x000000076d100000, 0x000000077ec00000, 0x00000007c0000000)
  eden space 84992K, 0% used [0x000000076d100000,0x000000076d100000,0x0000000772400000)
  from space 102400K, 86% used [0x0000000772400000,0x0000000777a30000,0x0000000778800000)
  to   space 101888K, 0% used [0x0000000778880000,0x0000000778880000,0x000000077ec00000)
 ParOldGen       total 577536K, used 397078K [0x00000006c7200000, 0x00000006ea600000, 0x000000076d100000)
  object space 577536K, 68% used [0x00000006c7200000,0x00000006df5c5b38,0x00000006ea600000)
 Metaspace       used 43793K, capacity 44202K, committed 44800K, reserved 1087488K
  class space    used 6185K, capacity 6327K, committed 6400K, reserved 1048576K
}
Event: 8137.220 GC heap before
{Heap before GC invocations=71 (full 3):
 PSYoungGen      total 187392K, used 173248K [0x000000076d100000, 0x000000077ec00000, 0x00000007c0000000)
  eden space 84992K, 100% used [0x000000076d100000,0x0000000772400000,0x0000000772400000)
  from space 102400K, 86% used [0x0000000772400000,0x0000000777a30000,0x0000000778800000)
  to   space 101888K, 0% used [0x0000000778880000,0x0000000778880000,0x000000077ec00000)
 ParOldGen       total 577536K, used 397078K [0x00000006c7200000, 0x00000006ea600000, 0x000000076d100000)
  object space 577536K, 68% used [0x00000006c7200000,0x00000006df5c5b38,0x00000006ea600000)
 Metaspace       used 43795K, capacity 44266K, committed 44800K, reserved 1087488K
  class space    used 6185K, capacity 6327K, committed 6400K, reserved 1048576K
Event: 8137.303 GC heap after
Heap after GC invocations=71 (full 3):
 PSYoungGen      total 184832K, used 84320K [0x000000076d100000, 0x000000077e900000, 0x00000007c0000000)
  eden space 86016K, 0% used [0x000000076d100000,0x000000076d100000,0x0000000772500000)
  from space 98816K, 85% used [0x0000000778880000,0x000000077dad8000,0x000000077e900000)
  to   space 100352K, 0% used [0x0000000772500000,0x0000000772500000,0x0000000778700000)
 ParOldGen       total 577536K, used 403745K [0x00000006c7200000, 0x00000006ea600000, 0x000000076d100000)
  object space 577536K, 69% used [0x00000006c7200000,0x00000006dfc486a8,0x00000006ea600000)
 Metaspace       used 43795K, capacity 44266K, committed 44800K, reserved 1087488K
  class space    used 6185K, capacity 6327K, committed 6400K, reserved 1048576K
}
Event: 8221.180 GC heap before
{Heap before GC invocations=72 (full 3):
 PSYoungGen      total 184832K, used 170336K [0x000000076d100000, 0x000000077e900000, 0x00000007c0000000)
  eden space 86016K, 100% used [0x000000076d100000,0x0000000772500000,0x0000000772500000)
  from space 98816K, 85% used [0x0000000778880000,0x000000077dad8000,0x000000077e900000)
  to   space 100352K, 0% used [0x0000000772500000,0x0000000772500000,0x0000000778700000)
 ParOldGen       total 577536K, used 403745K [0x00000006c7200000, 0x00000006ea600000, 0x000000076d100000)
  object space 577536K, 69% used [0x00000006c7200000,0x00000006dfc486a8,0x00000006ea600000)
 Metaspace       used 43799K, capacity 44266K, committed 44800K, reserved 1087488K
  class space    used 6185K, capacity 6327K, committed 6400K, reserved 1048576K
Event: 8221.281 GC heap after
Heap after GC invocations=72 (full 3):
 PSYoungGen      total 186368K, used 83360K [0x000000076d100000, 0x000000077e800000, 0x00000007c0000000)
  eden space 86016K, 0% used [0x000000076d100000,0x000000076d100000,0x0000000772500000)
  from space 100352K, 83% used [0x0000000772500000,0x0000000777668000,0x0000000778700000)
  to   space 99328K, 0% used [0x0000000778700000,0x0000000778700000,0x000000077e800000)
 ParOldGen       total 577536K, used 408563K [0x00000006c7200000, 0x00000006ea600000, 0x000000076d100000)
  object space 577536K, 70% used [0x00000006c7200000,0x00000006e00fcef8,0x00000006ea600000)
 Metaspace       used 43799K, capacity 44266K, committed 44800K, reserved 1087488K
  class space    used 6185K, capacity 6327K, committed 6400K, reserved 1048576K
}
Event: 8317.237 GC heap before
{Heap before GC invocations=73 (full 3):
 PSYoungGen      total 186368K, used 169376K [0x000000076d100000, 0x000000077e800000, 0x00000007c0000000)
  eden space 86016K, 100% used [0x000000076d100000,0x0000000772500000,0x0000000772500000)
  from space 100352K, 83% used [0x0000000772500000,0x0000000777668000,0x0000000778700000)
  to   space 99328K, 0% used [0x0000000778700000,0x0000000778700000,0x000000077e800000)
 ParOldGen       total 577536K, used 408563K [0x00000006c7200000, 0x00000006ea600000, 0x000000076d100000)
  object space 577536K, 70% used [0x00000006c7200000,0x00000006e00fcef8,0x00000006ea600000)
 Metaspace       used 43799K, capacity 44266K, committed 44800K, reserved 1087488K
  class space    used 6185K, capacity 6327K, committed 6400K, reserved 1048576K
Event: 8317.311 GC heap after
Heap after GC invocations=73 (full 3):
 PSYoungGen      total 183296K, used 85088K [0x000000076d100000, 0x000000077e500000, 0x00000007c0000000)
  eden space 87040K, 0% used [0x000000076d100000,0x000000076d100000,0x0000000772600000)
  from space 96256K, 88% used [0x0000000778700000,0x000000077da18000,0x000000077e500000)
  to   space 97792K, 0% used [0x0000000772600000,0x0000000772600000,0x0000000778580000)
 ParOldGen       total 577536K, used 412917K [0x00000006c7200000, 0x00000006ea600000, 0x000000076d100000)
  object space 577536K, 71% used [0x00000006c7200000,0x00000006e053d668,0x00000006ea600000)
 Metaspace       used 43799K, capacity 44266K, committed 44800K, reserved 1087488K
  class space    used 6185K, capacity 6327K, committed 6400K, reserved 1048576K
}
Event: 8522.229 GC heap before
{Heap before GC invocations=74 (full 3):
 PSYoungGen      total 183296K, used 172128K [0x000000076d100000, 0x000000077e500000, 0x00000007c0000000)
  eden space 87040K, 100% used [0x000000076d100000,0x0000000772600000,0x0000000772600000)
  from space 96256K, 88% used [0x0000000778700000,0x000000077da18000,0x000000077e500000)
  to   space 97792K, 0% used [0x0000000772600000,0x0000000772600000,0x0000000778580000)
 ParOldGen       total 577536K, used 412917K [0x00000006c7200000, 0x00000006ea600000, 0x000000076d100000)
  object space 577536K, 71% used [0x00000006c7200000,0x00000006e053d668,0x00000006ea600000)
 Metaspace       used 43799K, capacity 44266K, committed 44800K, reserved 1087488K
  class space    used 6185K, capacity 6327K, committed 6400K, reserved 1048576K
Event: 8522.310 GC heap after
Heap after GC invocations=74 (full 3):
 PSYoungGen      total 184832K, used 91776K [0x000000076d100000, 0x000000077e900000, 0x00000007c0000000)
  eden space 87040K, 0% used [0x000000076d100000,0x000000076d100000,0x0000000772600000)
  from space 97792K, 93% used [0x0000000772600000,0x0000000777fa0000,0x0000000778580000)
  to   space 99328K, 0% used [0x0000000778800000,0x0000000778800000,0x000000077e900000)
 ParOldGen       total 577536K, used 416647K [0x00000006c7200000, 0x00000006ea600000, 0x000000076d100000)
  object space 577536K, 72% used [0x00000006c7200000,0x00000006e08e1cd8,0x00000006ea600000)
 Metaspace       used 43799K, capacity 44266K, committed 44800K, reserved 1087488K
  class space    used 6185K, capacity 6327K, committed 6400K, reserved 1048576K
}
Event: 8747.239 GC heap before
{Heap before GC invocations=75 (full 3):
 PSYoungGen      total 184832K, used 178816K [0x000000076d100000, 0x000000077e900000, 0x00000007c0000000)
  eden space 87040K, 100% used [0x000000076d100000,0x0000000772600000,0x0000000772600000)
  from space 97792K, 93% used [0x0000000772600000,0x0000000777fa0000,0x0000000778580000)
  to   space 99328K, 0% used [0x0000000778800000,0x0000000778800000,0x000000077e900000)
 ParOldGen       total 577536K, used 416647K [0x00000006c7200000, 0x00000006ea600000, 0x000000076d100000)
  object space 577536K, 72% used [0x00000006c7200000,0x00000006e08e1cd8,0x00000006ea600000)
 Metaspace       used 43799K, capacity 44266K, committed 44800K, reserved 1087488K
  class space    used 6185K, capacity 6327K, committed 6400K, reserved 1048576K
Event: 8747.405 GC heap after
Heap after GC invocations=75 (full 3):
 PSYoungGen      total 182272K, used 99328K [0x000000076d100000, 0x000000077f300000, 0x00000007c0000000)
  eden space 82944K, 0% used [0x000000076d100000,0x000000076d100000,0x0000000772200000)
  from space 99328K, 100% used [0x0000000778800000,0x000000077e900000,0x000000077e900000)
  to   space 104448K, 0% used [0x0000000772200000,0x0000000772200000,0x0000000778800000)
 ParOldGen       total 577536K, used 421105K [0x00000006c7200000, 0x00000006ea600000, 0x000000076d100000)
  object space 577536K, 72% used [0x00000006c7200000,0x00000006e0d3c6a8,0x00000006ea600000)
 Metaspace       used 43799K, capacity 44266K, committed 44800K, reserved 1087488K
  class space    used 6185K, capacity 6327K, committed 6400K, reserved 1048576K
}
Event: 8897.263 GC heap before
{Heap before GC invocations=76 (full 3):
 PSYoungGen      total 182272K, used 182272K [0x000000076d100000, 0x000000077f300000, 0x00000007c0000000)
  eden space 82944K, 100% used [0x000000076d100000,0x0000000772200000,0x0000000772200000)
  from space 99328K, 100% used [0x0000000778800000,0x000000077e900000,0x000000077e900000)
  to   space 104448K, 0% used [0x0000000772200000,0x0000000772200000,0x0000000778800000)
 ParOldGen       total 577536K, used 421105K [0x00000006c7200000, 0x00000006ea600000, 0x000000076d100000)
  object space 577536K, 72% used [0x00000006c7200000,0x00000006e0d3c6a8,0x00000006ea600000)
 Metaspace       used 43799K, capacity 44266K, committed 44800K, reserved 1087488K
  class space    used 6185K, capacity 6327K, committed 6400K, reserved 1048576K
Event: 8897.346 GC heap after
Heap after GC invocations=76 (full 3):
 PSYoungGen      total 187392K, used 99456K [0x000000076d100000, 0x000000077f400000, 0x00000007c0000000)
  eden space 82944K, 0% used [0x000000076d100000,0x000000076d100000,0x0000000772200000)
  from space 104448K, 95% used [0x0000000772200000,0x0000000778320000,0x0000000778800000)
  to   space 107008K, 0% used [0x0000000778b80000,0x0000000778b80000,0x000000077f400000)
 ParOldGen       total 577536K, used 428724K [0x00000006c7200000, 0x00000006ea600000, 0x000000076d100000)
  object space 577536K, 74% used [0x00000006c7200000,0x00000006e14ad3c8,0x00000006ea600000)
 Metaspace       used 43799K, capacity 44266K, committed 44800K, reserved 1087488K
  class space    used 6185K, capacity 6327K, committed 6400K, reserved 1048576K
}
Event: 8974.503 GC heap before
{Heap before GC invocations=77 (full 3):
 PSYoungGen      total 187392K, used 182400K [0x000000076d100000, 0x000000077f400000, 0x00000007c0000000)
  eden space 82944K, 100% used [0x000000076d100000,0x0000000772200000,0x0000000772200000)
  from space 104448K, 95% used [0x0000000772200000,0x0000000778320000,0x0000000778800000)
  to   space 107008K, 0% used [0x0000000778b80000,0x0000000778b80000,0x000000077f400000)
 ParOldGen       total 577536K, used 428724K [0x00000006c7200000, 0x00000006ea600000, 0x000000076d100000)
  object space 577536K, 74% used [0x00000006c7200000,0x00000006e14ad3c8,0x00000006ea600000)
 Metaspace       used 43799K, capacity 44266K, committed 44800K, reserved 1087488K
  class space    used 6185K, capacity 6327K, committed 6400K, reserved 1048576K
Event: 8974.596 GC heap after
Heap after GC invocations=77 (full 3):
 PSYoungGen      total 187392K, used 102624K [0x000000076d100000, 0x000000077fb00000, 0x00000007c0000000)
  eden space 80384K, 0% used [0x000000076d100000,0x000000076d100000,0x0000000771f80000)
  from space 107008K, 95% used [0x0000000778b80000,0x000000077efb8000,0x000000077f400000)
  to   space 110592K, 0% used [0x0000000771f80000,0x0000000771f80000,0x0000000778b80000)
 ParOldGen       total 577536K, used 428724K [0x00000006c7200000, 0x00000006ea600000, 0x000000076d100000)
  object space 577536K, 74% used [0x00000006c7200000,0x00000006e14ad3c8,0x00000006ea600000)
 Metaspace       used 43799K, capacity 44266K, committed 44800K, reserved 1087488K
  class space    used 6185K, capacity 6327K, committed 6400K, reserved 1048576K
}
Event: 9152.244 GC heap before
{Heap before GC invocations=78 (full 3):
 PSYoungGen      total 187392K, used 183008K [0x000000076d100000, 0x000000077fb00000, 0x00000007c0000000)
  eden space 80384K, 100% used [0x000000076d100000,0x0000000771f80000,0x0000000771f80000)
  from space 107008K, 95% used [0x0000000778b80000,0x000000077efb8000,0x000000077f400000)
  to   space 110592K, 0% used [0x0000000771f80000,0x0000000771f80000,0x0000000778b80000)
 ParOldGen       total 577536K, used 428724K [0x00000006c7200000, 0x00000006ea600000, 0x000000076d100000)
  object space 577536K, 74% used [0x00000006c7200000,0x00000006e14ad3c8,0x00000006ea600000)
 Metaspace       used 43799K, capacity 44266K, committed 44800K, reserved 1087488K
  class space    used 6185K, capacity 6327K, committed 6400K, reserved 1048576K
Event: 9152.330 GC heap after
Heap after GC invocations=78 (full 3):
 PSYoungGen      total 190976K, used 106912K [0x000000076d100000, 0x0000000780080000, 0x00000007c0000000)
  eden space 80384K, 0% used [0x000000076d100000,0x000000076d100000,0x0000000771f80000)
  from space 110592K, 96% used [0x0000000771f80000,0x00000007787e8000,0x0000000778b80000)
  to   space 114688K, 0% used [0x0000000779080000,0x0000000779080000,0x0000000780080000)
 ParOldGen       total 577536K, used 434463K [0x00000006c7200000, 0x00000006ea600000, 0x000000076d100000)
  object space 577536K, 75% used [0x00000006c7200000,0x00000006e1a47da8,0x00000006ea600000)
 Metaspace       used 43799K, capacity 44266K, committed 44800K, reserved 1087488K
  class space    used 6185K, capacity 6327K, committed 6400K, reserved 1048576K
}
Event: 9354.150 GC heap before
{Heap before GC invocations=79 (full 3):
 PSYoungGen      total 190976K, used 187296K [0x000000076d100000, 0x0000000780080000, 0x00000007c0000000)
  eden space 80384K, 100% used [0x000000076d100000,0x0000000771f80000,0x0000000771f80000)
  from space 110592K, 96% used [0x0000000771f80000,0x00000007787e8000,0x0000000778b80000)
  to   space 114688K, 0% used [0x0000000779080000,0x0000000779080000,0x0000000780080000)
 ParOldGen       total 577536K, used 434463K [0x00000006c7200000, 0x00000006ea600000, 0x000000076d100000)
  object space 577536K, 75% used [0x00000006c7200000,0x00000006e1a47da8,0x00000006ea600000)
 Metaspace       used 43799K, capacity 44266K, committed 44800K, reserved 1087488K
  class space    used 6185K, capacity 6327K, committed 6400K, reserved 1048576K
Event: 9354.254 GC heap after
Heap after GC invocations=79 (full 3):
 PSYoungGen      total 192512K, used 107200K [0x000000076d100000, 0x0000000780700000, 0x00000007c0000000)
  eden space 77824K, 0% used [0x000000076d100000,0x000000076d100000,0x0000000771d00000)
  from space 114688K, 93% used [0x0000000779080000,0x000000077f930000,0x0000000780080000)
  to   space 118272K, 0% used [0x0000000771d00000,0x0000000771d00000,0x0000000779080000)
 ParOldGen       total 577536K, used 445108K [0x00000006c7200000, 0x00000006ea600000, 0x000000076d100000)
  object space 577536K, 77% used [0x00000006c7200000,0x00000006e24ad008,0x00000006ea600000)
 Metaspace       used 43799K, capacity 44266K, committed 44800K, reserved 1087488K
  class space    used 6185K, capacity 6327K, committed 6400K, reserved 1048576K
}
Event: 9457.267 GC heap before
{Heap before GC invocations=80 (full 3):
 PSYoungGen      total 192512K, used 185024K [0x000000076d100000, 0x0000000780700000, 0x00000007c0000000)
  eden space 77824K, 100% used [0x000000076d100000,0x0000000771d00000,0x0000000771d00000)
  from space 114688K, 93% used [0x0000000779080000,0x000000077f930000,0x0000000780080000)
  to   space 118272K, 0% used [0x0000000771d00000,0x0000000771d00000,0x0000000779080000)
 ParOldGen       total 577536K, used 445108K [0x00000006c7200000, 0x00000006ea600000, 0x000000076d100000)
  object space 577536K, 77% used [0x00000006c7200000,0x00000006e24ad008,0x00000006ea600000)
 Metaspace       used 43799K, capacity 44266K, committed 44800K, reserved 1087488K
  class space    used 6185K, capacity 6327K, committed 6400K, reserved 1048576K
Event: 9457.364 GC heap after
Heap after GC invocations=80 (full 3):
 PSYoungGen      total 196096K, used 102496K [0x000000076d100000, 0x0000000780680000, 0x00000007c0000000)
  eden space 77824K, 0% used [0x000000076d100000,0x000000076d100000,0x0000000771d00000)
  from space 118272K, 86% used [0x0000000771d00000,0x0000000778118000,0x0000000779080000)
  to   space 119296K, 0% used [0x0000000779200000,0x0000000779200000,0x0000000780680000)
 ParOldGen       total 577536K, used 453767K [0x00000006c7200000, 0x00000006ea600000, 0x000000076d100000)
  object space 577536K, 78% used [0x00000006c7200000,0x00000006e2d21ee8,0x00000006ea600000)
 Metaspace       used 43799K, capacity 44266K, committed 44800K, reserved 1087488K
  class space    used 6185K, capacity 6327K, committed 6400K, reserved 1048576K
}
Event: 9592.288 GC heap before
{Heap before GC invocations=81 (full 3):
 PSYoungGen      total 196096K, used 180320K [0x000000076d100000, 0x0000000780680000, 0x00000007c0000000)
  eden space 77824K, 100% used [0x000000076d100000,0x0000000771d00000,0x0000000771d00000)
  from space 118272K, 86% used [0x0000000771d00000,0x0000000778118000,0x0000000779080000)
  to   space 119296K, 0% used [0x0000000779200000,0x0000000779200000,0x0000000780680000)
 ParOldGen       total 577536K, used 453767K [0x00000006c7200000, 0x00000006ea600000, 0x000000076d100000)
  object space 577536K, 78% used [0x00000006c7200000,0x00000006e2d21ee8,0x00000006ea600000)
 Metaspace       used 43799K, capacity 44266K, committed 44800K, reserved 1087488K
  class space    used 6185K, capacity 6327K, committed 6400K, reserved 1048576K
Event: 9592.445 GC heap after
Heap after GC invocations=81 (full 3):
 PSYoungGen      total 196608K, used 98336K [0x000000076d100000, 0x0000000780500000, 0x00000007c0000000)
  eden space 78848K, 0% used [0x000000076d100000,0x000000076d100000,0x0000000771e00000)
  from space 117760K, 83% used [0x0000000779200000,0x000000077f208000,0x0000000780500000)
  to   space 118272K, 0% used [0x0000000771e00000,0x0000000771e00000,0x0000000779180000)
 ParOldGen       total 577536K, used 464796K [0x00000006c7200000, 0x00000006ea600000, 0x000000076d100000)
  object space 577536K, 80% used [0x00000006c7200000,0x00000006e37e71e8,0x00000006ea600000)
 Metaspace       used 43799K, capacity 44266K, committed 44800K, reserved 1087488K
  class space    used 6185K, capacity 6327K, committed 6400K, reserved 1048576K
}
Event: 9672.782 GC heap before
{Heap before GC invocations=82 (full 3):
 PSYoungGen      total 196608K, used 177184K [0x000000076d100000, 0x0000000780500000, 0x00000007c0000000)
  eden space 78848K, 100% used [0x000000076d100000,0x0000000771e00000,0x0000000771e00000)
  from space 117760K, 83% used [0x0000000779200000,0x000000077f208000,0x0000000780500000)
  to   space 118272K, 0% used [0x0000000771e00000,0x0000000771e00000,0x0000000779180000)
 ParOldGen       total 577536K, used 464796K [0x00000006c7200000, 0x00000006ea600000, 0x000000076d100000)
  object space 577536K, 80% used [0x00000006c7200000,0x00000006e37e71e8,0x00000006ea600000)
 Metaspace       used 43800K, capacity 44266K, committed 44800K, reserved 1087488K
  class space    used 6185K, capacity 6327K, committed 6400K, reserved 1048576K
Event: 9672.911 GC heap after
Heap after GC invocations=82 (full 3):
 PSYoungGen      total 197120K, used 98048K [0x000000076d100000, 0x0000000780400000, 0x00000007c0000000)
  eden space 78848K, 0% used [0x000000076d100000,0x000000076d100000,0x0000000771e00000)
  from space 118272K, 82% used [0x0000000771e00000,0x0000000777dc0000,0x0000000779180000)
  to   space 117248K, 0% used [0x0000000779180000,0x0000000779180000,0x0000000780400000)
 ParOldGen       total 577536K, used 469110K [0x00000006c7200000, 0x00000006ea600000, 0x000000076d100000)
  object space 577536K, 81% used [0x00000006c7200000,0x00000006e3c1d958,0x00000006ea600000)
 Metaspace       used 43800K, capacity 44266K, committed 44800K, reserved 1087488K
  class space    used 6185K, capacity 6327K, committed 6400K, reserved 1048576K
}
Event: 9739.713 GC heap before
{Heap before GC invocations=83 (full 3):
 PSYoungGen      total 197120K, used 176896K [0x000000076d100000, 0x0000000780400000, 0x00000007c0000000)
  eden space 78848K, 100% used [0x000000076d100000,0x0000000771e00000,0x0000000771e00000)
  from space 118272K, 82% used [0x0000000771e00000,0x0000000777dc0000,0x0000000779180000)
  to   space 117248K, 0% used [0x0000000779180000,0x0000000779180000,0x0000000780400000)
 ParOldGen       total 577536K, used 469110K [0x00000006c7200000, 0x00000006ea600000, 0x000000076d100000)
  object space 577536K, 81% used [0x00000006c7200000,0x00000006e3c1d958,0x00000006ea600000)
 Metaspace       used 43804K, capacity 44266K, committed 44800K, reserved 1087488K
  class space    used 6185K, capacity 6327K, committed 6400K, reserved 1048576K
Event: 9739.823 GC heap after
Heap after GC invocations=83 (full 3):
 PSYoungGen      total 194048K, used 97120K [0x000000076d100000, 0x0000000780100000, 0x00000007c0000000)
  eden space 79872K, 0% used [0x000000076d100000,0x000000076d100000,0x0000000771f00000)
  from space 114176K, 85% used [0x0000000779180000,0x000000077f058000,0x0000000780100000)
  to   space 115712K, 0% used [0x0000000771f00000,0x0000000771f00000,0x0000000779000000)
 ParOldGen       total 577536K, used 473080K [0x00000006c7200000, 0x00000006ea600000, 0x000000076d100000)
  object space 577536K, 81% used [0x00000006c7200000,0x00000006e3ffe028,0x00000006ea600000)
 Metaspace       used 43804K, capacity 44266K, committed 44800K, reserved 1087488K
  class space    used 6185K, capacity 6327K, committed 6400K, reserved 1048576K
}
Event: 9812.264 GC heap before
{Heap before GC invocations=84 (full 3):
 PSYoungGen      total 194048K, used 176992K [0x000000076d100000, 0x0000000780100000, 0x00000007c0000000)
  eden space 79872K, 100% used [0x000000076d100000,0x0000000771f00000,0x0000000771f00000)
  from space 114176K, 85% used [0x0000000779180000,0x000000077f058000,0x0000000780100000)
  to   space 115712K, 0% used [0x0000000771f00000,0x0000000771f00000,0x0000000779000000)
 ParOldGen       total 577536K, used 473080K [0x00000006c7200000, 0x00000006ea600000, 0x000000076d100000)
  object space 577536K, 81% used [0x00000006c7200000,0x00000006e3ffe028,0x00000006ea600000)
 Metaspace       used 43805K, capacity 44266K, committed 44800K, reserved 1087488K
  class space    used 6185K, capacity 6327K, committed 6400K, reserved 1048576K
Event: 9812.377 GC heap after
Heap after GC invocations=84 (full 3):
 PSYoungGen      total 177664K, used 97440K [0x000000076d100000, 0x000000077ff00000, 0x00000007c0000000)
  eden space 79872K, 0% used [0x000000076d100000,0x000000076d100000,0x0000000771f00000)
  from space 97792K, 99% used [0x0000000771f00000,0x0000000777e28000,0x0000000777e80000)
  to   space 114176K, 0% used [0x0000000778f80000,0x0000000778f80000,0x000000077ff00000)
 ParOldGen       total 577536K, used 477001K [0x00000006c7200000, 0x00000006ea600000, 0x000000076d100000)
  object space 577536K, 82% used [0x00000006c7200000,0x00000006e43d26e8,0x00000006ea600000)
 Metaspace       used 43805K, capacity 44266K, committed 44800K, reserved 1087488K
  class space    used 6185K, capacity 6327K, committed 6400K, reserved 1048576K
}
Event: 9886.147 GC heap before
{Heap before GC invocations=85 (full 3):
 PSYoungGen      total 177664K, used 177312K [0x000000076d100000, 0x000000077ff00000, 0x00000007c0000000)
  eden space 79872K, 100% used [0x000000076d100000,0x0000000771f00000,0x0000000771f00000)
  from space 97792K, 99% used [0x0000000771f00000,0x0000000777e28000,0x0000000777e80000)
  to   space 114176K, 0% used [0x0000000778f80000,0x0000000778f80000,0x000000077ff00000)
 ParOldGen       total 577536K, used 477001K [0x00000006c7200000, 0x00000006ea600000, 0x000000076d100000)
  object space 577536K, 82% used [0x00000006c7200000,0x00000006e43d26e8,0x00000006ea600000)
 Metaspace       used 43805K, capacity 44266K, committed 44800K, reserved 1087488K
  class space    used 6185K, capacity 6327K, committed 6400K, reserved 1048576K
Event: 9886.236 GC heap after
Heap after GC invocations=85 (full 3):
 PSYoungGen      total 193024K, used 96448K [0x000000076d100000, 0x000000077fd00000, 0x00000007c0000000)
  eden space 80896K, 0% used [0x000000076d100000,0x000000076d100000,0x0000000772000000)
  from space 112128K, 86% used [0x0000000778f80000,0x000000077edb0000,0x000000077fd00000)
  to   space 113152K, 0% used [0x0000000772000000,0x0000000772000000,0x0000000778e80000)
 ParOldGen       total 577536K, used 481579K [0x00000006c7200000, 0x00000006ea600000, 0x000000076d100000)
  object space 577536K, 83% used [0x00000006c7200000,0x00000006e484aec8,0x00000006ea600000)
 Metaspace       used 43805K, capacity 44266K, committed 44800K, reserved 1087488K
  class space    used 6185K, capacity 6327K, committed 6400K, reserved 1048576K
}
Event: 9958.873 GC heap before
{Heap before GC invocations=86 (full 3):
 PSYoungGen      total 193024K, used 177344K [0x000000076d100000, 0x000000077fd00000, 0x00000007c0000000)
  eden space 80896K, 100% used [0x000000076d100000,0x0000000772000000,0x0000000772000000)
  from space 112128K, 86% used [0x0000000778f80000,0x000000077edb0000,0x000000077fd00000)
  to   space 113152K, 0% used [0x0000000772000000,0x0000000772000000,0x0000000778e80000)
 ParOldGen       total 577536K, used 481579K [0x00000006c7200000, 0x00000006ea600000, 0x000000076d100000)
  object space 577536K, 83% used [0x00000006c7200000,0x00000006e484aec8,0x00000006ea600000)
 Metaspace       used 43805K, capacity 44266K, committed 44800K, reserved 1087488K
  class space    used 6185K, capacity 6327K, committed 6400K, reserved 1048576K
Event: 9958.982 GC heap after
Heap after GC invocations=86 (full 3):
 PSYoungGen      total 178176K, used 96992K [0x000000076d100000, 0x000000077fb00000, 0x00000007c0000000)
  eden space 80896K, 0% used [0x000000076d100000,0x000000076d100000,0x0000000772000000)
  from space 97280K, 99% used [0x0000000772000000,0x0000000777eb8000,0x0000000777f00000)
  to   space 111616K, 0% used [0x0000000778e00000,0x0000000778e00000,0x000000077fb00000)
 ParOldGen       total 577536K, used 485501K [0x00000006c7200000, 0x00000006ea600000, 0x000000076d100000)
  object space 577536K, 84% used [0x00000006c7200000,0x00000006e4c1f588,0x00000006ea600000)
 Metaspace       used 43805K, capacity 44266K, committed 44800K, reserved 1087488K
  class space    used 6185K, capacity 6327K, committed 6400K, reserved 1048576K
}
Event: 10037.303 GC heap before
{Heap before GC invocations=87 (full 3):
 PSYoungGen      total 178176K, used 177888K [0x000000076d100000, 0x000000077fb00000, 0x00000007c0000000)
  eden space 80896K, 100% used [0x000000076d100000,0x0000000772000000,0x0000000772000000)
  from space 97280K, 99% used [0x0000000772000000,0x0000000777eb8000,0x0000000777f00000)
  to   space 111616K, 0% used [0x0000000778e00000,0x0000000778e00000,0x000000077fb00000)
 ParOldGen       total 577536K, used 485501K [0x00000006c7200000, 0x00000006ea600000, 0x000000076d100000)
  object space 577536K, 84% used [0x00000006c7200000,0x00000006e4c1f588,0x00000006ea600000)
 Metaspace       used 43811K, capacity 44266K, committed 44800K, reserved 1087488K
  class space    used 6185K, capacity 6327K, committed 6400K, reserved 1048576K
Event: 10037.399 GC heap after
Heap after GC invocations=87 (full 3):
 PSYoungGen      total 190464K, used 96160K [0x000000076d100000, 0x000000077f800000, 0x00000007c0000000)
  eden space 81920K, 0% used [0x000000076d100000,0x000000076d100000,0x0000000772100000)
  from space 108544K, 88% used [0x0000000778e00000,0x000000077ebe8000,0x000000077f800000)
  to   space 110080K, 0% used [0x0000000772100000,0x0000000772100000,0x0000000778c80000)
 ParOldGen       total 577536K, used 489719K [0x00000006c7200000, 0x00000006ea600000, 0x000000076d100000)
  object space 577536K, 84% used [0x00000006c7200000,0x00000006e503dcc8,0x00000006ea600000)
 Metaspace       used 43811K, capacity 44266K, committed 44800K, reserved 1087488K
  class space    used 6185K, capacity 6327K, committed 6400K, reserved 1048576K
}
Event: 10112.299 GC heap before
{Heap before GC invocations=88 (full 3):
 PSYoungGen      total 190464K, used 178080K [0x000000076d100000, 0x000000077f800000, 0x00000007c0000000)
  eden space 81920K, 100% used [0x000000076d100000,0x0000000772100000,0x0000000772100000)
  from space 108544K, 88% used [0x0000000778e00000,0x000000077ebe8000,0x000000077f800000)
  to   space 110080K, 0% used [0x0000000772100000,0x0000000772100000,0x0000000778c80000)
 ParOldGen       total 577536K, used 489719K [0x00000006c7200000, 0x00000006ea600000, 0x000000076d100000)
  object space 577536K, 84% used [0x00000006c7200000,0x00000006e503dcc8,0x00000006ea600000)
 Metaspace       used 43811K, capacity 44266K, committed 44800K, reserved 1087488K
  class space    used 6185K, capacity 6327K, committed 6400K, reserved 1048576K
Event: 10112.382 GC heap after
Heap after GC invocations=88 (full 3):
 PSYoungGen      total 192000K, used 95104K [0x000000076d100000, 0x000000077f700000, 0x00000007c0000000)
  eden space 81920K, 0% used [0x000000076d100000,0x000000076d100000,0x0000000772100000)
  from space 110080K, 86% used [0x0000000772100000,0x0000000777de0000,0x0000000778c80000)
  to   space 109056K, 0% used [0x0000000778c80000,0x0000000778c80000,0x000000077f700000)
 ParOldGen       total 577536K, used 494793K [0x00000006c7200000, 0x00000006ea600000, 0x000000076d100000)
  object space 577536K, 85% used [0x00000006c7200000,0x00000006e5532588,0x00000006ea600000)
 Metaspace       used 43811K, capacity 44266K, committed 44800K, reserved 1087488K
  class space    used 6185K, capacity 6327K, committed 6400K, reserved 1048576K
}
Event: 10192.282 GC heap before
{Heap before GC invocations=89 (full 3):
 PSYoungGen      total 192000K, used 177024K [0x000000076d100000, 0x000000077f700000, 0x00000007c0000000)
  eden space 81920K, 100% used [0x000000076d100000,0x0000000772100000,0x0000000772100000)
  from space 110080K, 86% used [0x0000000772100000,0x0000000777de0000,0x0000000778c80000)
  to   space 109056K, 0% used [0x0000000778c80000,0x0000000778c80000,0x000000077f700000)
 ParOldGen       total 577536K, used 494793K [0x00000006c7200000, 0x00000006ea600000, 0x000000076d100000)
  object space 577536K, 85% used [0x00000006c7200000,0x00000006e5532588,0x00000006ea600000)
 Metaspace       used 43811K, capacity 44266K, committed 44800K, reserved 1087488K
  class space    used 6185K, capacity 6327K, committed 6400K, reserved 1048576K
Event: 10192.403 GC heap after
Heap after GC invocations=89 (full 3):
 PSYoungGen      total 192000K, used 88544K [0x000000076d100000, 0x000000077f700000, 0x00000007c0000000)
  eden space 82944K, 0% used [0x000000076d100000,0x000000076d100000,0x0000000772200000)
  from space 109056K, 81% used [0x0000000778c80000,0x000000077e2f8000,0x000000077f700000)
  to   space 109056K, 0% used [0x0000000772200000,0x0000000772200000,0x0000000778c80000)
 ParOldGen       total 577536K, used 505069K [0x00000006c7200000, 0x00000006ea600000, 0x000000076d100000)
  object space 577536K, 87% used [0x00000006c7200000,0x00000006e5f3b748,0x00000006ea600000)
 Metaspace       used 43811K, capacity 44266K, committed 44800K, reserved 1087488K
  class space    used 6185K, capacity 6327K, committed 6400K, reserved 1048576K
}
Event: 10307.299 GC heap before
{Heap before GC invocations=90 (full 3):
 PSYoungGen      total 192000K, used 171488K [0x000000076d100000, 0x000000077f700000, 0x00000007c0000000)
  eden space 82944K, 100% used [0x000000076d100000,0x0000000772200000,0x0000000772200000)
  from space 109056K, 81% used [0x0000000778c80000,0x000000077e2f8000,0x000000077f700000)
  to   space 109056K, 0% used [0x0000000772200000,0x0000000772200000,0x0000000778c80000)
 ParOldGen       total 577536K, used 505069K [0x00000006c7200000, 0x00000006ea600000, 0x000000076d100000)
  object space 577536K, 87% used [0x00000006c7200000,0x00000006e5f3b748,0x00000006ea600000)
 Metaspace       used 43811K, capacity 44266K, committed 44800K, reserved 1087488K
  class space    used 6185K, capacity 6327K, committed 6400K, reserved 1048576K
Event: 10307.396 GC heap after
Heap after GC invocations=90 (full 3):
 PSYoungGen      total 192000K, used 83168K [0x000000076d100000, 0x000000077f900000, 0x00000007c0000000)
  eden space 82944K, 0% used [0x000000076d100000,0x000000076d100000,0x0000000772200000)
  from space 109056K, 76% used [0x0000000772200000,0x0000000777338000,0x0000000778c80000)
  to   space 109568K, 0% used [0x0000000778e00000,0x0000000778e00000,0x000000077f900000)
 ParOldGen       total 577536K, used 516546K [0x00000006c7200000, 0x00000006ea600000, 0x000000076d100000)
  object space 577536K, 89% used [0x00000006c7200000,0x00000006e6a70b28,0x00000006ea600000)
 Metaspace       used 43811K, capacity 44266K, committed 44800K, reserved 1087488K
  class space    used 6185K, capacity 6327K, committed 6400K, reserved 1048576K
}
Event: 10497.304 GC heap before
{Heap before GC invocations=91 (full 3):
 PSYoungGen      total 192000K, used 166112K [0x000000076d100000, 0x000000077f900000, 0x00000007c0000000)
  eden space 82944K, 100% used [0x000000076d100000,0x0000000772200000,0x0000000772200000)
  from space 109056K, 76% used [0x0000000772200000,0x0000000777338000,0x0000000778c80000)
  to   space 109568K, 0% used [0x0000000778e00000,0x0000000778e00000,0x000000077f900000)
 ParOldGen       total 577536K, used 516546K [0x00000006c7200000, 0x00000006ea600000, 0x000000076d100000)
  object space 577536K, 89% used [0x00000006c7200000,0x00000006e6a70b28,0x00000006ea600000)
 Metaspace       used 43811K, capacity 44266K, committed 44800K, reserved 1087488K
  class space    used 6185K, capacity 6327K, committed 6400K, reserved 1048576K
Event: 10497.393 GC heap after
Heap after GC invocations=91 (full 3):
 PSYoungGen      total 193536K, used 85024K [0x000000076d100000, 0x000000077f900000, 0x00000007c0000000)
  eden space 83968K, 0% used [0x000000076d100000,0x000000076d100000,0x0000000772300000)
  from space 109568K, 77% used [0x0000000778e00000,0x000000077e108000,0x000000077f900000)
  to   space 109568K, 0% used [0x0000000772300000,0x0000000772300000,0x0000000778e00000)
 ParOldGen       total 577536K, used 524278K [0x00000006c7200000, 0x00000006ea600000, 0x000000076d100000)
  object space 577536K, 90% used [0x00000006c7200000,0x00000006e71fd878,0x00000006ea600000)
 Metaspace       used 43811K, capacity 44266K, committed 44800K, reserved 1087488K
  class space    used 6185K, capacity 6327K, committed 6400K, reserved 1048576K
}
Event: 10592.324 GC heap before
{Heap before GC invocations=92 (full 3):
 PSYoungGen      total 193536K, used 168992K [0x000000076d100000, 0x000000077f900000, 0x00000007c0000000)
  eden space 83968K, 100% used [0x000000076d100000,0x0000000772300000,0x0000000772300000)
  from space 109568K, 77% used [0x0000000778e00000,0x000000077e108000,0x000000077f900000)
  to   space 109568K, 0% used [0x0000000772300000,0x0000000772300000,0x0000000778e00000)
 ParOldGen       total 577536K, used 524278K [0x00000006c7200000, 0x00000006ea600000, 0x000000076d100000)
  object space 577536K, 90% used [0x00000006c7200000,0x00000006e71fd878,0x00000006ea600000)
 Metaspace       used 43811K, capacity 44266K, committed 44800K, reserved 1087488K
  class space    used 6185K, capacity 6327K, committed 6400K, reserved 1048576K
Event: 10592.432 GC heap after
Heap after GC invocations=92 (full 3):
 PSYoungGen      total 193536K, used 85696K [0x000000076d100000, 0x000000077f900000, 0x00000007c0000000)
  eden space 83968K, 0% used [0x000000076d100000,0x000000076d100000,0x0000000772300000)
  from space 109568K, 78% used [0x0000000772300000,0x00000007776b0000,0x0000000778e00000)
  to   space 109056K, 0% used [0x0000000778e80000,0x0000000778e80000,0x000000077f900000)
 ParOldGen       total 577536K, used 528087K [0x00000006c7200000, 0x00000006ea600000, 0x000000076d100000)
  object space 577536K, 91% used [0x00000006c7200000,0x00000006e75b5f08,0x00000006ea600000)
 Metaspace       used 43811K, capacity 44266K, committed 44800K, reserved 1087488K
  class space    used 6185K, capacity 6327K, committed 6400K, reserved 1048576K
}
Event: 10740.322 GC heap before
{Heap before GC invocations=93 (full 3):
 PSYoungGen      total 193536K, used 169664K [0x000000076d100000, 0x000000077f900000, 0x00000007c0000000)
  eden space 83968K, 100% used [0x000000076d100000,0x0000000772300000,0x0000000772300000)
  from space 109568K, 78% used [0x0000000772300000,0x00000007776b0000,0x0000000778e00000)
  to   space 109056K, 0% used [0x0000000778e80000,0x0000000778e80000,0x000000077f900000)
 ParOldGen       total 577536K, used 528087K [0x00000006c7200000, 0x00000006ea600000, 0x000000076d100000)
  object space 577536K, 91% used [0x00000006c7200000,0x00000006e75b5f08,0x00000006ea600000)
 Metaspace       used 43811K, capacity 44266K, committed 44800K, reserved 1087488K
  class space    used 6185K, capacity 6327K, committed 6400K, reserved 1048576K
Event: 10740.448 GC heap after
Heap after GC invocations=93 (full 3):
 PSYoungGen      total 193024K, used 84640K [0x000000076d100000, 0x000000077f800000, 0x00000007c0000000)
  eden space 84992K, 0% used [0x000000076d100000,0x000000076d100000,0x0000000772400000)
  from space 108032K, 78% used [0x0000000778e80000,0x000000077e128000,0x000000077f800000)
  to   space 108544K, 0% used [0x0000000772400000,0x0000000772400000,0x0000000778e00000)
 ParOldGen       total 577536K, used 537043K [0x00000006c7200000, 0x00000006ea600000, 0x000000076d100000)
  object space 577536K, 92% used [0x00000006c7200000,0x00000006e7e74e78,0x00000006ea600000)
 Metaspace       used 43811K, capacity 44266K, committed 44800K, reserved 1087488K
  class space    used 6185K, capacity 6327K, committed 6400K, reserved 1048576K
}
Event: 10856.285 GC heap before
{Heap before GC invocations=94 (full 3):
 PSYoungGen      total 193024K, used 169632K [0x000000076d100000, 0x000000077f800000, 0x00000007c0000000)
  eden space 84992K, 100% used [0x000000076d100000,0x0000000772400000,0x0000000772400000)
  from space 108032K, 78% used [0x0000000778e80000,0x000000077e128000,0x000000077f800000)
  to   space 108544K, 0% used [0x0000000772400000,0x0000000772400000,0x0000000778e00000)
 ParOldGen       total 577536K, used 537043K [0x00000006c7200000, 0x00000006ea600000, 0x000000076d100000)
  object space 577536K, 92% used [0x00000006c7200000,0x00000006e7e74e78,0x00000006ea600000)
 Metaspace       used 43815K, capacity 44266K, committed 44800K, reserved 1087488K
  class space    used 6185K, capacity 6327K, committed 6400K, reserved 1048576K
Event: 10856.395 GC heap after
Heap after GC invocations=94 (full 3):
 PSYoungGen      total 193536K, used 79968K [0x000000076d100000, 0x000000077fa00000, 0x00000007c0000000)
  eden space 84992K, 0% used [0x000000076d100000,0x000000076d100000,0x0000000772400000)
  from space 108544K, 73% used [0x0000000772400000,0x0000000777218000,0x0000000778e00000)
  to   space 109056K, 0% used [0x0000000778f80000,0x0000000778f80000,0x000000077fa00000)
 ParOldGen       total 577536K, used 547408K [0x00000006c7200000, 0x00000006ea600000, 0x000000076d100000)
  object space 577536K, 94% used [0x00000006c7200000,0x00000006e8894048,0x00000006ea600000)
 Metaspace       used 43815K, capacity 44266K, committed 44800K, reserved 1087488K
  class space    used 6185K, capacity 6327K, committed 6400K, reserved 1048576K
}
Event: 10975.536 GC heap before
{Heap before GC invocations=95 (full 3):
 PSYoungGen      total 193536K, used 164960K [0x000000076d100000, 0x000000077fa00000, 0x00000007c0000000)
  eden space 84992K, 100% used [0x000000076d100000,0x0000000772400000,0x0000000772400000)
  from space 108544K, 73% used [0x0000000772400000,0x0000000777218000,0x0000000778e00000)
  to   space 109056K, 0% used [0x0000000778f80000,0x0000000778f80000,0x000000077fa00000)
 ParOldGen       total 577536K, used 547408K [0x00000006c7200000, 0x00000006ea600000, 0x000000076d100000)
  object space 577536K, 94% used [0x00000006c7200000,0x00000006e8894048,0x00000006ea600000)
 Metaspace       used 43826K, capacity 44266K, committed 44800K, reserved 1087488K
  class space    used 6185K, capacity 6327K, committed 6400K, reserved 1048576K
Event: 10975.651 GC heap after
Heap after GC invocations=95 (full 3):
 PSYoungGen      total 194048K, used 81472K [0x000000076d100000, 0x000000077f900000, 0x00000007c0000000)
  eden space 86016K, 0% used [0x000000076d100000,0x000000076d100000,0x0000000772500000)
  from space 108032K, 75% used [0x0000000778f80000,0x000000077df10000,0x000000077f900000)
  to   space 108544K, 0% used [0x0000000772500000,0x0000000772500000,0x0000000778f00000)
 ParOldGen       total 577536K, used 552602K [0x00000006c7200000, 0x00000006ea600000, 0x000000076d100000)
  object space 577536K, 95% used [0x00000006c7200000,0x00000006e8da6938,0x00000006ea600000)
 Metaspace       used 43826K, capacity 44266K, committed 44800K, reserved 1087488K
  class space    used 6185K, capacity 6327K, committed 6400K, reserved 1048576K
}
Event: 11072.375 GC heap before
{Heap before GC invocations=96 (full 3):
 PSYoungGen      total 194048K, used 167488K [0x000000076d100000, 0x000000077f900000, 0x00000007c0000000)
  eden space 86016K, 100% used [0x000000076d100000,0x0000000772500000,0x0000000772500000)
  from space 108032K, 75% used [0x0000000778f80000,0x000000077df10000,0x000000077f900000)
  to   space 108544K, 0% used [0x0000000772500000,0x0000000772500000,0x0000000778f00000)
 ParOldGen       total 577536K, used 552602K [0x00000006c7200000, 0x00000006ea600000, 0x000000076d100000)
  object space 577536K, 95% used [0x00000006c7200000,0x00000006e8da6938,0x00000006ea600000)
 Metaspace       used 43827K, capacity 44266K, committed 44800K, reserved 1087488K
  class space    used 6185K, capacity 6327K, committed 6400K, reserved 1048576K
Event: 11072.557 GC heap after
Heap after GC invocations=96 (full 3):
 PSYoungGen      total 194560K, used 78848K [0x000000076d100000, 0x000000077fa00000, 0x00000007c0000000)
  eden space 86016K, 0% used [0x000000076d100000,0x000000076d100000,0x0000000772500000)
  from space 108544K, 72% used [0x0000000772500000,0x0000000777200000,0x0000000778f00000)
  to   space 108544K, 0% used [0x0000000779000000,0x0000000779000000,0x000000077fa00000)
 ParOldGen       total 577536K, used 559533K [0x00000006c7200000, 0x00000006ea600000, 0x000000076d100000)
  object space 577536K, 96% used [0x00000006c7200000,0x00000006e946b528,0x00000006ea600000)
 Metaspace       used 43827K, capacity 44266K, committed 44800K, reserved 1087488K
  class space    used 6185K, capacity 6327K, committed 6400K, reserved 1048576K
}
Event: 11227.343 GC heap before
{Heap before GC invocations=97 (full 3):
 PSYoungGen      total 194560K, used 164864K [0x000000076d100000, 0x000000077fa00000, 0x00000007c0000000)
  eden space 86016K, 100% used [0x000000076d100000,0x0000000772500000,0x0000000772500000)
  from space 108544K, 72% used [0x0000000772500000,0x0000000777200000,0x0000000778f00000)
  to   space 108544K, 0% used [0x0000000779000000,0x0000000779000000,0x000000077fa00000)
 ParOldGen       total 577536K, used 559533K [0x00000006c7200000, 0x00000006ea600000, 0x000000076d100000)
  object space 577536K, 96% used [0x00000006c7200000,0x00000006e946b528,0x00000006ea600000)
 Metaspace       used 43827K, capacity 44266K, committed 44800K, reserved 1087488K
  class space    used 6185K, capacity 6327K, committed 6400K, reserved 1048576K
Event: 11227.520 GC heap after
Heap after GC invocations=97 (full 3):
 PSYoungGen      total 193536K, used 82880K [0x000000076d100000, 0x000000077f800000, 0x00000007c0000000)
  eden space 87040K, 0% used [0x000000076d100000,0x000000076d100000,0x0000000772600000)
  from space 106496K, 77% used [0x0000000779000000,0x000000077e0f0000,0x000000077f800000)
  to   space 107520K, 0% used [0x0000000772600000,0x0000000772600000,0x0000000778f00000)
 ParOldGen       total 577536K, used 563687K [0x00000006c7200000, 0x00000006ea600000, 0x000000076d100000)
  object space 577536K, 97% used [0x00000006c7200000,0x00000006e9879c48,0x00000006ea600000)
 Metaspace       used 43827K, capacity 44266K, committed 44800K, reserved 1087488K
  class space    used 6185K, capacity 6327K, committed 6400K, reserved 1048576K
}
Event: 11437.340 GC heap before
{Heap before GC invocations=98 (full 3):
 PSYoungGen      total 193536K, used 169920K [0x000000076d100000, 0x000000077f800000, 0x00000007c0000000)
  eden space 87040K, 100% used [0x000000076d100000,0x0000000772600000,0x0000000772600000)
  from space 106496K, 77% used [0x0000000779000000,0x000000077e0f0000,0x000000077f800000)
  to   space 107520K, 0% used [0x0000000772600000,0x0000000772600000,0x0000000778f00000)
 ParOldGen       total 577536K, used 563687K [0x00000006c7200000, 0x00000006ea600000, 0x000000076d100000)
  object space 577536K, 97% used [0x00000006c7200000,0x00000006e9879c48,0x00000006ea600000)
 Metaspace       used 43827K, capacity 44266K, committed 44800K, reserved 1087488K
  class space    used 6185K, capacity 6327K, committed 6400K, reserved 1048576K
Event: 11437.451 GC heap after
Heap after GC invocations=98 (full 3):
 PSYoungGen      total 194560K, used 90944K [0x000000076d100000, 0x000000077f700000, 0x00000007c0000000)
  eden space 87040K, 0% used [0x000000076d100000,0x000000076d100000,0x0000000772600000)
  from space 107520K, 84% used [0x0000000772600000,0x0000000777ed0000,0x0000000778f00000)
  to   space 106496K, 0% used [0x0000000778f00000,0x0000000778f00000,0x000000077f700000)
 ParOldGen       total 577536K, used 567000K [0x00000006c7200000, 0x00000006ea600000, 0x000000076d100000)
  object space 577536K, 98% used [0x00000006c7200000,0x00000006e9bb61f8,0x00000006ea600000)
 Metaspace       used 43827K, capacity 44266K, committed 44800K, reserved 1087488K
  class space    used 6185K, capacity 6327K, committed 6400K, reserved 1048576K
}
Event: 11437.451 GC heap before
{Heap before GC invocations=99 (full 4):
 PSYoungGen      total 194560K, used 90944K [0x000000076d100000, 0x000000077f700000, 0x00000007c0000000)
  eden space 87040K, 0% used [0x000000076d100000,0x000000076d100000,0x0000000772600000)
  from space 107520K, 84% used [0x0000000772600000,0x0000000777ed0000,0x0000000778f00000)
  to   space 106496K, 0% used [0x0000000778f00000,0x0000000778f00000,0x000000077f700000)
 ParOldGen       total 577536K, used 567000K [0x00000006c7200000, 0x00000006ea600000, 0x000000076d100000)
  object space 577536K, 98% used [0x00000006c7200000,0x00000006e9bb61f8,0x00000006ea600000)
 Metaspace       used 43827K, capacity 44266K, committed 44800K, reserved 1087488K
  class space    used 6185K, capacity 6327K, committed 6400K, reserved 1048576K
Event: 11440.326 GC heap after
Heap after GC invocations=99 (full 4):
 PSYoungGen      total 194560K, used 72460K [0x000000076d100000, 0x000000077f700000, 0x00000007c0000000)
  eden space 87040K, 0% used [0x000000076d100000,0x000000076d100000,0x0000000772600000)
  from space 107520K, 67% used [0x0000000772600000,0x0000000776cc3290,0x0000000778f00000)
  to   space 106496K, 0% used [0x0000000778f00000,0x0000000778f00000,0x000000077f700000)
 ParOldGen       total 1107456K, used 577528K [0x00000006c7200000, 0x000000070ab80000, 0x000000076d100000)
  object space 1107456K, 52% used [0x00000006c7200000,0x00000006ea5fe390,0x000000070ab80000)
 Metaspace       used 43823K, capacity 44260K, committed 44800K, reserved 1087488K
  class space    used 6185K, capacity 6326K, committed 6400K, reserved 1048576K
}
Event: 11587.336 GC heap before
{Heap before GC invocations=100 (full 4):
 PSYoungGen      total 194560K, used 159500K [0x000000076d100000, 0x000000077f700000, 0x00000007c0000000)
  eden space 87040K, 100% used [0x000000076d100000,0x0000000772600000,0x0000000772600000)
  from space 107520K, 67% used [0x0000000772600000,0x0000000776cc3290,0x0000000778f00000)
  to   space 106496K, 0% used [0x0000000778f00000,0x0000000778f00000,0x000000077f700000)
 ParOldGen       total 1107456K, used 577528K [0x00000006c7200000, 0x000000070ab80000, 0x000000076d100000)
  object space 1107456K, 52% used [0x00000006c7200000,0x00000006ea5fe390,0x000000070ab80000)
 Metaspace       used 43824K, capacity 44260K, committed 44800K, reserved 1087488K
  class space    used 6185K, capacity 6326K, committed 6400K, reserved 1048576K
Event: 11587.494 GC heap after
Heap after GC invocations=100 (full 4):
 PSYoungGen      total 192512K, used 83552K [0x000000076d100000, 0x000000077f500000, 0x00000007c0000000)
  eden space 88064K, 0% used [0x000000076d100000,0x000000076d100000,0x0000000772700000)
  from space 104448K, 79% used [0x0000000778f00000,0x000000077e098000,0x000000077f500000)
  to   space 105472K, 0% used [0x0000000772700000,0x0000000772700000,0x0000000778e00000)
 ParOldGen       total 1107456K, used 577528K [0x00000006c7200000, 0x000000070ab80000, 0x000000076d100000)
  object space 1107456K, 52% used [0x00000006c7200000,0x00000006ea5fe390,0x000000070ab80000)
 Metaspace       used 43824K, capacity 44260K, committed 44800K, reserved 1087488K
  class space    used 6185K, capacity 6326K, committed 6400K, reserved 1048576K
}
Event: 11722.374 GC heap before
{Heap before GC invocations=101 (full 4):
 PSYoungGen      total 192512K, used 171616K [0x000000076d100000, 0x000000077f500000, 0x00000007c0000000)
  eden space 88064K, 100% used [0x000000076d100000,0x0000000772700000,0x0000000772700000)
  from space 104448K, 79% used [0x0000000778f00000,0x000000077e098000,0x000000077f500000)
  to   space 105472K, 0% used [0x0000000772700000,0x0000000772700000,0x0000000778e00000)
 ParOldGen       total 1107456K, used 577528K [0x00000006c7200000, 0x000000070ab80000, 0x000000076d100000)
  object space 1107456K, 52% used [0x00000006c7200000,0x00000006ea5fe390,0x000000070ab80000)
 Metaspace       used 43824K, capacity 44260K, committed 44800K, reserved 1087488K
  class space    used 6185K, capacity 6326K, committed 6400K, reserved 1048576K
Event: 11722.504 GC heap after
Heap after GC invocations=101 (full 4):
 PSYoungGen      total 193536K, used 90112K [0x000000076d100000, 0x000000077f500000, 0x00000007c0000000)
  eden space 88064K, 0% used [0x000000076d100000,0x000000076d100000,0x0000000772700000)
  from space 105472K, 85% used [0x0000000772700000,0x0000000777f00000,0x0000000778e00000)
  to   space 104960K, 0% used [0x0000000778e80000,0x0000000778e80000,0x000000077f500000)
 ParOldGen       total 1107456K, used 577528K [0x00000006c7200000, 0x000000070ab80000, 0x000000076d100000)
  object space 1107456K, 52% used [0x00000006c7200000,0x00000006ea5fe390,0x000000070ab80000)
 Metaspace       used 43824K, capacity 44260K, committed 44800K, reserved 1087488K
  class space    used 6185K, capacity 6326K, committed 6400K, reserved 1048576K
}
Event: 11804.582 GC heap before
{Heap before GC invocations=102 (full 4):
 PSYoungGen      total 193536K, used 178176K [0x000000076d100000, 0x000000077f500000, 0x00000007c0000000)
  eden space 88064K, 100% used [0x000000076d100000,0x0000000772700000,0x0000000772700000)
  from space 105472K, 85% used [0x0000000772700000,0x0000000777f00000,0x0000000778e00000)
  to   space 104960K, 0% used [0x0000000778e80000,0x0000000778e80000,0x000000077f500000)
 ParOldGen       total 1107456K, used 577528K [0x00000006c7200000, 0x000000070ab80000, 0x000000076d100000)
  object space 1107456K, 52% used [0x00000006c7200000,0x00000006ea5fe390,0x000000070ab80000)
 Metaspace       used 43824K, capacity 44260K, committed 44800K, reserved 1087488K
  class space    used 6185K, capacity 6326K, committed 6400K, reserved 1048576K
Event: 11804.697 GC heap after
Heap after GC invocations=102 (full 4):
 PSYoungGen      total 194048K, used 92896K [0x000000076d100000, 0x000000077f580000, 0x00000007c0000000)
  eden space 89088K, 0% used [0x000000076d100000,0x000000076d100000,0x0000000772800000)
  from space 104960K, 88% used [0x0000000778e80000,0x000000077e938000,0x000000077f500000)
  to   space 104960K, 0% used [0x0000000772800000,0x0000000772800000,0x0000000778e80000)
 ParOldGen       total 1107456K, used 578257K [0x00000006c7200000, 0x000000070ab80000, 0x000000076d100000)
  object space 1107456K, 52% used [0x00000006c7200000,0x00000006ea6b44e0,0x000000070ab80000)
 Metaspace       used 43824K, capacity 44260K, committed 44800K, reserved 1087488K
  class space    used 6185K, capacity 6326K, committed 6400K, reserved 1048576K
}
Event: 11887.350 GC heap before
{Heap before GC invocations=103 (full 4):
 PSYoungGen      total 194048K, used 181984K [0x000000076d100000, 0x000000077f580000, 0x00000007c0000000)
  eden space 89088K, 100% used [0x000000076d100000,0x0000000772800000,0x0000000772800000)
  from space 104960K, 88% used [0x0000000778e80000,0x000000077e938000,0x000000077f500000)
  to   space 104960K, 0% used [0x0000000772800000,0x0000000772800000,0x0000000778e80000)
 ParOldGen       total 1107456K, used 578257K [0x00000006c7200000, 0x000000070ab80000, 0x000000076d100000)
  object space 1107456K, 52% used [0x00000006c7200000,0x00000006ea6b44e0,0x000000070ab80000)
 Metaspace       used 43824K, capacity 44260K, committed 44800K, reserved 1087488K
  class space    used 6185K, capacity 6326K, committed 6400K, reserved 1048576K
Event: 11887.476 GC heap after
Heap after GC invocations=103 (full 4):
 PSYoungGen      total 194048K, used 93440K [0x000000076d100000, 0x000000077f680000, 0x00000007c0000000)
  eden space 89088K, 0% used [0x000000076d100000,0x000000076d100000,0x0000000772800000)
  from space 104960K, 89% used [0x0000000772800000,0x0000000778340000,0x0000000778e80000)
  to   space 104960K, 0% used [0x0000000779000000,0x0000000779000000,0x000000077f680000)
 ParOldGen       total 1107456K, used 582010K [0x00000006c7200000, 0x000000070ab80000, 0x000000076d100000)
  object space 1107456K, 52% used [0x00000006c7200000,0x00000006eaa5eba0,0x000000070ab80000)
 Metaspace       used 43824K, capacity 44260K, committed 44800K, reserved 1087488K
  class space    used 6185K, capacity 6326K, committed 6400K, reserved 1048576K
}
Event: 11968.155 GC heap before
{Heap before GC invocations=104 (full 4):
 PSYoungGen      total 194048K, used 182528K [0x000000076d100000, 0x000000077f680000, 0x00000007c0000000)
  eden space 89088K, 100% used [0x000000076d100000,0x0000000772800000,0x0000000772800000)
  from space 104960K, 89% used [0x0000000772800000,0x0000000778340000,0x0000000778e80000)
  to   space 104960K, 0% used [0x0000000779000000,0x0000000779000000,0x000000077f680000)
 ParOldGen       total 1107456K, used 582010K [0x00000006c7200000, 0x000000070ab80000, 0x000000076d100000)
  object space 1107456K, 52% used [0x00000006c7200000,0x00000006eaa5eba0,0x000000070ab80000)
 Metaspace       used 43825K, capacity 44260K, committed 44800K, reserved 1087488K
  class space    used 6185K, capacity 6326K, committed 6400K, reserved 1048576K
Event: 11968.274 GC heap after
Heap after GC invocations=104 (full 4):
 PSYoungGen      total 195072K, used 93792K [0x000000076d100000, 0x000000077f780000, 0x00000007c0000000)
  eden space 90112K, 0% used [0x000000076d100000,0x000000076d100000,0x0000000772900000)
  from space 104960K, 89% used [0x0000000779000000,0x000000077eb98000,0x000000077f680000)
  to   space 105472K, 0% used [0x0000000772900000,0x0000000772900000,0x0000000779000000)
 ParOldGen       total 1107456K, used 585764K [0x00000006c7200000, 0x000000070ab80000, 0x000000076d100000)
  object space 1107456K, 52% used [0x00000006c7200000,0x00000006eae09260,0x000000070ab80000)
 Metaspace       used 43825K, capacity 44260K, committed 44800K, reserved 1087488K
  class space    used 6185K, capacity 6326K, committed 6400K, reserved 1048576K
}
Event: 12052.358 GC heap before
{Heap before GC invocations=105 (full 4):
 PSYoungGen      total 195072K, used 183904K [0x000000076d100000, 0x000000077f780000, 0x00000007c0000000)
  eden space 90112K, 100% used [0x000000076d100000,0x0000000772900000,0x0000000772900000)
  from space 104960K, 89% used [0x0000000779000000,0x000000077eb98000,0x000000077f680000)
  to   space 105472K, 0% used [0x0000000772900000,0x0000000772900000,0x0000000779000000)
 ParOldGen       total 1107456K, used 585764K [0x00000006c7200000, 0x000000070ab80000, 0x000000076d100000)
  object space 1107456K, 52% used [0x00000006c7200000,0x00000006eae09260,0x000000070ab80000)
 Metaspace       used 43825K, capacity 44260K, committed 44800K, reserved 1087488K
  class space    used 6185K, capacity 6326K, committed 6400K, reserved 1048576K
Event: 12052.481 GC heap after
Heap after GC invocations=105 (full 4):
 PSYoungGen      total 195584K, used 94144K [0x000000076d100000, 0x000000077f880000, 0x00000007c0000000)
  eden space 90112K, 0% used [0x000000076d100000,0x000000076d100000,0x0000000772900000)
  from space 105472K, 89% used [0x0000000772900000,0x00000007784f0000,0x0000000779000000)
  to   space 105472K, 0% used [0x0000000779180000,0x0000000779180000,0x000000077f880000)
 ParOldGen       total 1107456K, used 589454K [0x00000006c7200000, 0x000000070ab80000, 0x000000076d100000)
  object space 1107456K, 53% used [0x00000006c7200000,0x00000006eb1a3900,0x000000070ab80000)
 Metaspace       used 43825K, capacity 44260K, committed 44800K, reserved 1087488K
  class space    used 6185K, capacity 6326K, committed 6400K, reserved 1048576K
}
Event: 12134.236 GC heap before
{Heap before GC invocations=106 (full 4):
 PSYoungGen      total 195584K, used 184256K [0x000000076d100000, 0x000000077f880000, 0x00000007c0000000)
  eden space 90112K, 100% used [0x000000076d100000,0x0000000772900000,0x0000000772900000)
  from space 105472K, 89% used [0x0000000772900000,0x00000007784f0000,0x0000000779000000)
  to   space 105472K, 0% used [0x0000000779180000,0x0000000779180000,0x000000077f880000)
 ParOldGen       total 1107456K, used 589454K [0x00000006c7200000, 0x000000070ab80000, 0x000000076d100000)
  object space 1107456K, 53% used [0x00000006c7200000,0x00000006eb1a3900,0x000000070ab80000)
 Metaspace       used 43825K, capacity 44260K, committed 44800K, reserved 1087488K
  class space    used 6185K, capacity 6326K, committed 6400K, reserved 1048576K
Event: 12134.358 GC heap after
Heap after GC invocations=106 (full 4):
 PSYoungGen      total 196096K, used 92864K [0x000000076d100000, 0x000000077f780000, 0x00000007c0000000)
  eden space 91648K, 0% used [0x000000076d100000,0x000000076d100000,0x0000000772a80000)
  from space 104448K, 88% used [0x0000000779180000,0x000000077ec30000,0x000000077f780000)
  to   space 104960K, 0% used [0x0000000772a80000,0x0000000772a80000,0x0000000779100000)
 ParOldGen       total 1107456K, used 595136K [0x00000006c7200000, 0x000000070ab80000, 0x000000076d100000)
  object space 1107456K, 53% used [0x00000006c7200000,0x00000006eb730340,0x000000070ab80000)
 Metaspace       used 43825K, capacity 44260K, committed 44800K, reserved 1087488K
  class space    used 6185K, capacity 6326K, committed 6400K, reserved 1048576K
}
Event: 12218.276 GC heap before
{Heap before GC invocations=107 (full 4):
 PSYoungGen      total 196096K, used 184512K [0x000000076d100000, 0x000000077f780000, 0x00000007c0000000)
  eden space 91648K, 100% used [0x000000076d100000,0x0000000772a80000,0x0000000772a80000)
  from space 104448K, 88% used [0x0000000779180000,0x000000077ec30000,0x000000077f780000)
  to   space 104960K, 0% used [0x0000000772a80000,0x0000000772a80000,0x0000000779100000)
 ParOldGen       total 1107456K, used 595136K [0x00000006c7200000, 0x000000070ab80000, 0x000000076d100000)
  object space 1107456K, 53% used [0x00000006c7200000,0x00000006eb730340,0x000000070ab80000)
 Metaspace       used 43825K, capacity 44260K, committed 44800K, reserved 1087488K
  class space    used 6185K, capacity 6326K, committed 6400K, reserved 1048576K
Event: 12218.417 GC heap after
Heap after GC invocations=107 (full 4):
 PSYoungGen      total 196608K, used 88032K [0x000000076d100000, 0x000000077f700000, 0x00000007c0000000)
  eden space 91648K, 0% used [0x000000076d100000,0x000000076d100000,0x0000000772a80000)
  from space 104960K, 83% used [0x0000000772a80000,0x0000000778078000,0x0000000779100000)
  to   space 103936K, 0% used [0x0000000779180000,0x0000000779180000,0x000000077f700000)
 ParOldGen       total 1107456K, used 604300K [0x00000006c7200000, 0x000000070ab80000, 0x000000076d100000)
  object space 1107456K, 54% used [0x00000006c7200000,0x00000006ec0233b0,0x000000070ab80000)
 Metaspace       used 43825K, capacity 44260K, committed 44800K, reserved 1087488K
  class space    used 6185K, capacity 6326K, committed 6400K, reserved 1048576K
}
Event: 12302.394 GC heap before
{Heap before GC invocations=108 (full 4):
 PSYoungGen      total 196608K, used 179680K [0x000000076d100000, 0x000000077f700000, 0x00000007c0000000)
  eden space 91648K, 100% used [0x000000076d100000,0x0000000772a80000,0x0000000772a80000)
  from space 104960K, 83% used [0x0000000772a80000,0x0000000778078000,0x0000000779100000)
  to   space 103936K, 0% used [0x0000000779180000,0x0000000779180000,0x000000077f700000)
 ParOldGen       total 1107456K, used 604300K [0x00000006c7200000, 0x000000070ab80000, 0x000000076d100000)
  object space 1107456K, 54% used [0x00000006c7200000,0x00000006ec0233b0,0x000000070ab80000)
 Metaspace       used 43825K, capacity 44260K, committed 44800K, reserved 1087488K
  class space    used 6185K, capacity 6326K, committed 6400K, reserved 1048576K
Event: 12302.522 GC heap after
Heap after GC invocations=108 (full 4):
 PSYoungGen      total 195072K, used 87872K [0x000000076d100000, 0x000000077f500000, 0x00000007c0000000)
  eden space 93184K, 0% used [0x000000076d100000,0x000000076d100000,0x0000000772c00000)
  from space 101888K, 86% used [0x0000000779180000,0x000000077e750000,0x000000077f500000)
  to   space 102912K, 0% used [0x0000000772c00000,0x0000000772c00000,0x0000000779080000)
 ParOldGen       total 1107456K, used 608935K [0x00000006c7200000, 0x000000070ab80000, 0x000000076d100000)
  object space 1107456K, 54% used [0x00000006c7200000,0x00000006ec4a9c00,0x000000070ab80000)
 Metaspace       used 43825K, capacity 44260K, committed 44800K, reserved 1087488K
  class space    used 6185K, capacity 6326K, committed 6400K, reserved 1048576K
}
Event: 12387.850 GC heap before
{Heap before GC invocations=109 (full 4):
 PSYoungGen      total 195072K, used 181056K [0x000000076d100000, 0x000000077f500000, 0x00000007c0000000)
  eden space 93184K, 100% used [0x000000076d100000,0x0000000772c00000,0x0000000772c00000)
  from space 101888K, 86% used [0x0000000779180000,0x000000077e750000,0x000000077f500000)
  to   space 102912K, 0% used [0x0000000772c00000,0x0000000772c00000,0x0000000779080000)
 ParOldGen       total 1107456K, used 608935K [0x00000006c7200000, 0x000000070ab80000, 0x000000076d100000)
  object space 1107456K, 54% used [0x00000006c7200000,0x00000006ec4a9c00,0x000000070ab80000)
 Metaspace       used 43825K, capacity 44260K, committed 44800K, reserved 1087488K
  class space    used 6185K, capacity 6326K, committed 6400K, reserved 1048576K
Event: 12387.991 GC heap after
Heap after GC invocations=109 (full 4):
 PSYoungGen      total 196096K, used 84640K [0x000000076d100000, 0x000000077f580000, 0x00000007c0000000)
  eden space 93184K, 0% used [0x000000076d100000,0x000000076d100000,0x0000000772c00000)
  from space 102912K, 82% used [0x0000000772c00000,0x0000000777ea8000,0x0000000779080000)
  to   space 102400K, 0% used [0x0000000779180000,0x0000000779180000,0x000000077f580000)
 ParOldGen       total 1107456K, used 616226K [0x00000006c7200000, 0x000000070ab80000, 0x000000076d100000)
  object space 1107456K, 55% used [0x00000006c7200000,0x00000006ecbc8920,0x000000070ab80000)
 Metaspace       used 43825K, capacity 44260K, committed 44800K, reserved 1087488K
  class space    used 6185K, capacity 6326K, committed 6400K, reserved 1048576K
}
Event: 12559.925 GC heap before
{Heap before GC invocations=110 (full 4):
 PSYoungGen      total 196096K, used 177824K [0x000000076d100000, 0x000000077f580000, 0x00000007c0000000)
  eden space 93184K, 100% used [0x000000076d100000,0x0000000772c00000,0x0000000772c00000)
  from space 102912K, 82% used [0x0000000772c00000,0x0000000777ea8000,0x0000000779080000)
  to   space 102400K, 0% used [0x0000000779180000,0x0000000779180000,0x000000077f580000)
 ParOldGen       total 1107456K, used 616226K [0x00000006c7200000, 0x000000070ab80000, 0x000000076d100000)
  object space 1107456K, 55% used [0x00000006c7200000,0x00000006ecbc8920,0x000000070ab80000)
 Metaspace       used 43825K, capacity 44260K, committed 44800K, reserved 1087488K
  class space    used 6185K, capacity 6326K, committed 6400K, reserved 1048576K
Event: 12560.065 GC heap after
Heap after GC invocations=110 (full 4):
 PSYoungGen      total 195072K, used 88576K [0x000000076d100000, 0x000000077f380000, 0x00000007c0000000)
  eden space 94720K, 0% used [0x000000076d100000,0x000000076d100000,0x0000000772d80000)
  from space 100352K, 88% used [0x0000000779180000,0x000000077e800000,0x000000077f380000)
  to   space 101376K, 0% used [0x0000000772d80000,0x0000000772d80000,0x0000000779080000)
 ParOldGen       total 1107456K, used 621836K [0x00000006c7200000, 0x000000070ab80000, 0x000000076d100000)
  object space 1107456K, 56% used [0x00000006c7200000,0x00000006ed143330,0x000000070ab80000)
 Metaspace       used 43825K, capacity 44260K, committed 44800K, reserved 1087488K
  class space    used 6185K, capacity 6326K, committed 6400K, reserved 1048576K
}
Event: 12672.402 GC heap before
{Heap before GC invocations=111 (full 4):
 PSYoungGen      total 195072K, used 183296K [0x000000076d100000, 0x000000077f380000, 0x00000007c0000000)
  eden space 94720K, 100% used [0x000000076d100000,0x0000000772d80000,0x0000000772d80000)
  from space 100352K, 88% used [0x0000000779180000,0x000000077e800000,0x000000077f380000)
  to   space 101376K, 0% used [0x0000000772d80000,0x0000000772d80000,0x0000000779080000)
 ParOldGen       total 1107456K, used 621836K [0x00000006c7200000, 0x000000070ab80000, 0x000000076d100000)
  object space 1107456K, 56% used [0x00000006c7200000,0x00000006ed143330,0x000000070ab80000)
 Metaspace       used 43825K, capacity 44260K, committed 44800K, reserved 1087488K
  class space    used 6185K, capacity 6326K, committed 6400K, reserved 1048576K
Event: 12672.534 GC heap after
Heap after GC invocations=111 (full 4):
 PSYoungGen      total 196096K, used 87904K [0x000000076d100000, 0x000000077f300000, 0x00000007c0000000)
  eden space 94720K, 0% used [0x000000076d100000,0x000000076d100000,0x0000000772d80000)
  from space 101376K, 86% used [0x0000000772d80000,0x0000000778358000,0x0000000779080000)
  to   space 100352K, 0% used [0x0000000779100000,0x0000000779100000,0x000000077f300000)
 ParOldGen       total 1107456K, used 627679K [0x00000006c7200000, 0x000000070ab80000, 0x000000076d100000)
  object space 1107456K, 56% used [0x00000006c7200000,0x00000006ed6f7db0,0x000000070ab80000)
 Metaspace       used 43825K, capacity 44260K, committed 44800K, reserved 1087488K
  class space    used 6185K, capacity 6326K, committed 6400K, reserved 1048576K
}
Event: 12757.415 GC heap before
{Heap before GC invocations=112 (full 4):
 PSYoungGen      total 196096K, used 182624K [0x000000076d100000, 0x000000077f300000, 0x00000007c0000000)
  eden space 94720K, 100% used [0x000000076d100000,0x0000000772d80000,0x0000000772d80000)
  from space 101376K, 86% used [0x0000000772d80000,0x0000000778358000,0x0000000779080000)
  to   space 100352K, 0% used [0x0000000779100000,0x0000000779100000,0x000000077f300000)
 ParOldGen       total 1107456K, used 627679K [0x00000006c7200000, 0x000000070ab80000, 0x000000076d100000)
  object space 1107456K, 56% used [0x00000006c7200000,0x00000006ed6f7db0,0x000000070ab80000)
 Metaspace       used 43825K, capacity 44260K, committed 44800K, reserved 1087488K
  class space    used 6185K, capacity 6326K, committed 6400K, reserved 1048576K
Event: 12757.530 GC heap after
Heap after GC invocations=112 (full 4):
 PSYoungGen      total 195584K, used 87040K [0x000000076d100000, 0x000000077f200000, 0x00000007c0000000)
  eden space 96256K, 0% used [0x000000076d100000,0x000000076d100000,0x0000000772f00000)
  from space 99328K, 87% used [0x0000000779100000,0x000000077e600000,0x000000077f200000)
  to   space 99840K, 0% used [0x0000000772f00000,0x0000000772f00000,0x0000000779080000)
 ParOldGen       total 1107456K, used 632417K [0x00000006c7200000, 0x000000070ab80000, 0x000000076d100000)
  object space 1107456K, 57% used [0x00000006c7200000,0x00000006edb98630,0x000000070ab80000)
 Metaspace       used 43825K, capacity 44260K, committed 44800K, reserved 1087488K
  class space    used 6185K, capacity 6326K, committed 6400K, reserved 1048576K
}
Event: 12918.718 GC heap before
{Heap before GC invocations=113 (full 4):
 PSYoungGen      total 195584K, used 183296K [0x000000076d100000, 0x000000077f200000, 0x00000007c0000000)
  eden space 96256K, 100% used [0x000000076d100000,0x0000000772f00000,0x0000000772f00000)
  from space 99328K, 87% used [0x0000000779100000,0x000000077e600000,0x000000077f200000)
  to   space 99840K, 0% used [0x0000000772f00000,0x0000000772f00000,0x0000000779080000)
 ParOldGen       total 1107456K, used 632417K [0x00000006c7200000, 0x000000070ab80000, 0x000000076d100000)
  object space 1107456K, 57% used [0x00000006c7200000,0x00000006edb98630,0x000000070ab80000)
 Metaspace       used 43825K, capacity 44260K, committed 44800K, reserved 1087488K
  class space    used 6185K, capacity 6326K, committed 6400K, reserved 1048576K
Event: 12918.844 GC heap after
Heap after GC invocations=113 (full 4):
 PSYoungGen      total 196096K, used 88320K [0x000000076d100000, 0x000000077f180000, 0x00000007c0000000)
  eden space 96256K, 0% used [0x000000076d100000,0x000000076d100000,0x0000000772f00000)
  from space 99840K, 88% used [0x0000000772f00000,0x0000000778540000,0x0000000779080000)
  to   space 98816K, 0% used [0x0000000779100000,0x0000000779100000,0x000000077f180000)
 ParOldGen       total 1107456K, used 639956K [0x00000006c7200000, 0x000000070ab80000, 0x000000076d100000)
  object space 1107456K, 57% used [0x00000006c7200000,0x00000006ee2f53c0,0x000000070ab80000)
 Metaspace       used 43825K, capacity 44260K, committed 44800K, reserved 1087488K
  class space    used 6185K, capacity 6326K, committed 6400K, reserved 1048576K
}
Event: 13042.402 GC heap before
{Heap before GC invocations=114 (full 4):
 PSYoungGen      total 196096K, used 184576K [0x000000076d100000, 0x000000077f180000, 0x00000007c0000000)
  eden space 96256K, 100% used [0x000000076d100000,0x0000000772f00000,0x0000000772f00000)
  from space 99840K, 88% used [0x0000000772f00000,0x0000000778540000,0x0000000779080000)
  to   space 98816K, 0% used [0x0000000779100000,0x0000000779100000,0x000000077f180000)
 ParOldGen       total 1107456K, used 639956K [0x00000006c7200000, 0x000000070ab80000, 0x000000076d100000)
  object space 1107456K, 57% used [0x00000006c7200000,0x00000006ee2f53c0,0x000000070ab80000)
 Metaspace       used 43826K, capacity 44260K, committed 44800K, reserved 1087488K
  class space    used 6185K, capacity 6326K, committed 6400K, reserved 1048576K
Event: 13042.539 GC heap after
Heap after GC invocations=114 (full 4):
 PSYoungGen      total 195584K, used 85344K [0x000000076d100000, 0x000000077f080000, 0x00000007c0000000)
  eden space 97792K, 0% used [0x000000076d100000,0x000000076d100000,0x0000000773080000)
  from space 97792K, 87% used [0x0000000779100000,0x000000077e458000,0x000000077f080000)
  to   space 98304K, 0% used [0x0000000773080000,0x0000000773080000,0x0000000779080000)
 ParOldGen       total 1107456K, used 648657K [0x00000006c7200000, 0x000000070ab80000, 0x000000076d100000)
  object space 1107456K, 58% used [0x00000006c7200000,0x00000006eeb74440,0x000000070ab80000)
 Metaspace       used 43826K, capacity 44260K, committed 44800K, reserved 1087488K
  class space    used 6185K, capacity 6326K, committed 6400K, reserved 1048576K
}
Event: 13141.809 GC heap before
{Heap before GC invocations=115 (full 4):
 PSYoungGen      total 195584K, used 183136K [0x000000076d100000, 0x000000077f080000, 0x00000007c0000000)
  eden space 97792K, 100% used [0x000000076d100000,0x0000000773080000,0x0000000773080000)
  from space 97792K, 87% used [0x0000000779100000,0x000000077e458000,0x000000077f080000)
  to   space 98304K, 0% used [0x0000000773080000,0x0000000773080000,0x0000000779080000)
 ParOldGen       total 1107456K, used 648657K [0x00000006c7200000, 0x000000070ab80000, 0x000000076d100000)
  object space 1107456K, 58% used [0x00000006c7200000,0x00000006eeb74440,0x000000070ab80000)
 Metaspace       used 43826K, capacity 44260K, committed 44800K, reserved 1087488K
  class space    used 6185K, capacity 6326K, committed 6400K, reserved 1048576K
Event: 13141.946 GC heap after
Heap after GC invocations=115 (full 4):
 PSYoungGen      total 196096K, used 82016K [0x000000076d100000, 0x000000077f200000, 0x00000007c0000000)
  eden space 97792K, 0% used [0x000000076d100000,0x000000076d100000,0x0000000773080000)
  from space 98304K, 83% used [0x0000000773080000,0x0000000778098000,0x0000000779080000)
  to   space 98304K, 0% used [0x0000000779200000,0x0000000779200000,0x000000077f200000)
 ParOldGen       total 1107456K, used 656356K [0x00000006c7200000, 0x000000070ab80000, 0x000000076d100000)
  object space 1107456K, 59% used [0x00000006c7200000,0x00000006ef2f9180,0x000000070ab80000)
 Metaspace       used 43826K, capacity 44260K, committed 44800K, reserved 1087488K
  class space    used 6185K, capacity 6326K, committed 6400K, reserved 1048576K
}
Event: 13232.413 GC heap before
{Heap before GC invocations=116 (full 4):
 PSYoungGen      total 196096K, used 179808K [0x000000076d100000, 0x000000077f200000, 0x00000007c0000000)
  eden space 97792K, 100% used [0x000000076d100000,0x0000000773080000,0x0000000773080000)
  from space 98304K, 83% used [0x0000000773080000,0x0000000778098000,0x0000000779080000)
  to   space 98304K, 0% used [0x0000000779200000,0x0000000779200000,0x000000077f200000)
 ParOldGen       total 1107456K, used 656356K [0x00000006c7200000, 0x000000070ab80000, 0x000000076d100000)
  object space 1107456K, 59% used [0x00000006c7200000,0x00000006ef2f9180,0x000000070ab80000)
 Metaspace       used 43826K, capacity 44260K, committed 44800K, reserved 1087488K
  class space    used 6185K, capacity 6326K, committed 6400K, reserved 1048576K
Event: 13232.537 GC heap after
Heap after GC invocations=116 (full 4):
 PSYoungGen      total 197120K, used 79776K [0x000000076d100000, 0x000000077f300000, 0x00000007c0000000)
  eden space 98816K, 0% used [0x000000076d100000,0x000000076d100000,0x0000000773180000)
  from space 98304K, 81% used [0x0000000779200000,0x000000077dfe8000,0x000000077f200000)
  to   space 98816K, 0% used [0x0000000773180000,0x0000000773180000,0x0000000779200000)
 ParOldGen       total 1107456K, used 663279K [0x00000006c7200000, 0x000000070ab80000, 0x000000076d100000)
  object space 1107456K, 59% used [0x00000006c7200000,0x00000006ef9bbd70,0x000000070ab80000)
 Metaspace       used 43826K, capacity 44260K, committed 44800K, reserved 1087488K
  class space    used 6185K, capacity 6326K, committed 6400K, reserved 1048576K
}
Event: 13326.390 GC heap before
{Heap before GC invocations=117 (full 4):
 PSYoungGen      total 197120K, used 178592K [0x000000076d100000, 0x000000077f300000, 0x00000007c0000000)
  eden space 98816K, 100% used [0x000000076d100000,0x0000000773180000,0x0000000773180000)
  from space 98304K, 81% used [0x0000000779200000,0x000000077dfe8000,0x000000077f200000)
  to   space 98816K, 0% used [0x0000000773180000,0x0000000773180000,0x0000000779200000)
 ParOldGen       total 1107456K, used 663279K [0x00000006c7200000, 0x000000070ab80000, 0x000000076d100000)
  object space 1107456K, 59% used [0x00000006c7200000,0x00000006ef9bbd70,0x000000070ab80000)
 Metaspace       used 43837K, capacity 44260K, committed 44800K, reserved 1087488K
  class space    used 6185K, capacity 6326K, committed 6400K, reserved 1048576K
Event: 13326.501 GC heap after
Heap after GC invocations=117 (full 4):
 PSYoungGen      total 197632K, used 80704K [0x000000076d100000, 0x000000077f400000, 0x00000007c0000000)
  eden space 98816K, 0% used [0x000000076d100000,0x000000076d100000,0x0000000773180000)
  from space 98816K, 81% used [0x0000000773180000,0x0000000778050000,0x0000000779200000)
  to   space 98816K, 0% used [0x0000000779380000,0x0000000779380000,0x000000077f400000)
 ParOldGen       total 1107456K, used 667401K [0x00000006c7200000, 0x000000070ab80000, 0x000000076d100000)
  object space 1107456K, 60% used [0x00000006c7200000,0x00000006efdc2480,0x000000070ab80000)
 Metaspace       used 43837K, capacity 44260K, committed 44800K, reserved 1087488K
  class space    used 6185K, capacity 6326K, committed 6400K, reserved 1048576K
}
Event: 13416.430 GC heap before
{Heap before GC invocations=118 (full 4):
 PSYoungGen      total 197632K, used 179520K [0x000000076d100000, 0x000000077f400000, 0x00000007c0000000)
  eden space 98816K, 100% used [0x000000076d100000,0x0000000773180000,0x0000000773180000)
  from space 98816K, 81% used [0x0000000773180000,0x0000000778050000,0x0000000779200000)
  to   space 98816K, 0% used [0x0000000779380000,0x0000000779380000,0x000000077f400000)
 ParOldGen       total 1107456K, used 667401K [0x00000006c7200000, 0x000000070ab80000, 0x000000076d100000)
  object space 1107456K, 60% used [0x00000006c7200000,0x00000006efdc2480,0x000000070ab80000)
 Metaspace       used 43837K, capacity 44260K, committed 44800K, reserved 1087488K
  class space    used 6185K, capacity 6326K, committed 6400K, reserved 1048576K
Event: 13416.542 GC heap after
Heap after GC invocations=118 (full 4):
 PSYoungGen      total 198144K, used 80704K [0x000000076d100000, 0x000000077f300000, 0x00000007c0000000)
  eden space 100352K, 0% used [0x000000076d100000,0x000000076d100000,0x0000000773300000)
  from space 97792K, 82% used [0x0000000779380000,0x000000077e250000,0x000000077f300000)
  to   space 98304K, 0% used [0x0000000773300000,0x0000000773300000,0x0000000779300000)
 ParOldGen       total 1107456K, used 671474K [0x00000006c7200000, 0x000000070ab80000, 0x000000076d100000)
  object space 1107456K, 60% used [0x00000006c7200000,0x00000006f01bcb80,0x000000070ab80000)
 Metaspace       used 43837K, capacity 44260K, committed 44800K, reserved 1087488K
  class space    used 6185K, capacity 6326K, committed 6400K, reserved 1048576K
}
Event: 13513.582 GC heap before
{Heap before GC invocations=119 (full 4):
 PSYoungGen      total 198144K, used 181056K [0x000000076d100000, 0x000000077f300000, 0x00000007c0000000)
  eden space 100352K, 100% used [0x000000076d100000,0x0000000773300000,0x0000000773300000)
  from space 97792K, 82% used [0x0000000779380000,0x000000077e250000,0x000000077f300000)
  to   space 98304K, 0% used [0x0000000773300000,0x0000000773300000,0x0000000779300000)
 ParOldGen       total 1107456K, used 671474K [0x00000006c7200000, 0x000000070ab80000, 0x000000076d100000)
  object space 1107456K, 60% used [0x00000006c7200000,0x00000006f01bcb80,0x000000070ab80000)
 Metaspace       used 43837K, capacity 44260K, committed 44800K, reserved 1087488K
  class space    used 6185K, capacity 6326K, committed 6400K, reserved 1048576K
Event: 13513.726 GC heap after
Heap after GC invocations=119 (full 4):
 PSYoungGen      total 198656K, used 81760K [0x000000076d100000, 0x000000077f380000, 0x00000007c0000000)
  eden space 100352K, 0% used [0x000000076d100000,0x000000076d100000,0x0000000773300000)
  from space 98304K, 83% used [0x0000000773300000,0x00000007782d8000,0x0000000779300000)
  to   space 97792K, 0% used [0x0000000779400000,0x0000000779400000,0x000000077f380000)
 ParOldGen       total 1107456K, used 675788K [0x00000006c7200000, 0x000000070ab80000, 0x000000076d100000)
  object space 1107456K, 61% used [0x00000006c7200000,0x00000006f05f32f0,0x000000070ab80000)
 Metaspace       used 43837K, capacity 44260K, committed 44800K, reserved 1087488K
  class space    used 6185K, capacity 6326K, committed 6400K, reserved 1048576K
}
Event: 13597.433 GC heap before
{Heap before GC invocations=120 (full 4):
 PSYoungGen      total 198656K, used 182112K [0x000000076d100000, 0x000000077f380000, 0x00000007c0000000)
  eden space 100352K, 100% used [0x000000076d100000,0x0000000773300000,0x0000000773300000)
  from space 98304K, 83% used [0x0000000773300000,0x00000007782d8000,0x0000000779300000)
  to   space 97792K, 0% used [0x0000000779400000,0x0000000779400000,0x000000077f380000)
 ParOldGen       total 1107456K, used 675788K [0x00000006c7200000, 0x000000070ab80000, 0x000000076d100000)
  object space 1107456K, 61% used [0x00000006c7200000,0x00000006f05f32f0,0x000000070ab80000)
 Metaspace       used 43838K, capacity 44260K, committed 44800K, reserved 1087488K
  class space    used 6185K, capacity 6326K, committed 6400K, reserved 1048576K
Event: 13597.572 GC heap after
Heap after GC invocations=120 (full 4):
 PSYoungGen      total 198656K, used 81664K [0x000000076d100000, 0x000000077f280000, 0x00000007c0000000)
  eden space 101888K, 0% used [0x000000076d100000,0x000000076d100000,0x0000000773480000)
  from space 96768K, 84% used [0x0000000779400000,0x000000077e3c0000,0x000000077f280000)
  to   space 97280K, 0% used [0x0000000773480000,0x0000000773480000,0x0000000779380000)
 ParOldGen       total 1107456K, used 679862K [0x00000006c7200000, 0x000000070ab80000, 0x000000076d100000)
  object space 1107456K, 61% used [0x00000006c7200000,0x00000006f09ed9f0,0x000000070ab80000)
 Metaspace       used 43838K, capacity 44260K, committed 44800K, reserved 1087488K
  class space    used 6185K, capacity 6326K, committed 6400K, reserved 1048576K
}
Event: 13688.067 GC heap before
{Heap before GC invocations=121 (full 4):
 PSYoungGen      total 198656K, used 183552K [0x000000076d100000, 0x000000077f280000, 0x00000007c0000000)
  eden space 101888K, 100% used [0x000000076d100000,0x0000000773480000,0x0000000773480000)
  from space 96768K, 84% used [0x0000000779400000,0x000000077e3c0000,0x000000077f280000)
  to   space 97280K, 0% used [0x0000000773480000,0x0000000773480000,0x0000000779380000)
 ParOldGen       total 1107456K, used 679862K [0x00000006c7200000, 0x000000070ab80000, 0x000000076d100000)
  object space 1107456K, 61% used [0x00000006c7200000,0x00000006f09ed9f0,0x000000070ab80000)
 Metaspace       used 43838K, capacity 44260K, committed 44800K, reserved 1087488K
  class space    used 6185K, capacity 6326K, committed 6400K, reserved 1048576K
Event: 13688.183 GC heap after
Heap after GC invocations=121 (full 4):
 PSYoungGen      total 199168K, used 81792K [0x000000076d100000, 0x000000077f300000, 0x00000007c0000000)
  eden space 101888K, 0% used [0x000000076d100000,0x000000076d100000,0x0000000773480000)
  from space 97280K, 84% used [0x0000000773480000,0x0000000778460000,0x0000000779380000)
  to   space 96768K, 0% used [0x0000000779480000,0x0000000779480000,0x000000077f300000)
 ParOldGen       total 1107456K, used 684192K [0x00000006c7200000, 0x000000070ab80000, 0x000000076d100000)
  object space 1107456K, 61% used [0x00000006c7200000,0x00000006f0e28160,0x000000070ab80000)
 Metaspace       used 43838K, capacity 44260K, committed 44800K, reserved 1087488K
  class space    used 6185K, capacity 6326K, committed 6400K, reserved 1048576K
}
Event: 13792.469 GC heap before
{Heap before GC invocations=122 (full 4):
 PSYoungGen      total 199168K, used 183680K [0x000000076d100000, 0x000000077f300000, 0x00000007c0000000)
  eden space 101888K, 100% used [0x000000076d100000,0x0000000773480000,0x0000000773480000)
  from space 97280K, 84% used [0x0000000773480000,0x0000000778460000,0x0000000779380000)
  to   space 96768K, 0% used [0x0000000779480000,0x0000000779480000,0x000000077f300000)
 ParOldGen       total 1107456K, used 684192K [0x00000006c7200000, 0x000000070ab80000, 0x000000076d100000)
  object space 1107456K, 61% used [0x00000006c7200000,0x00000006f0e28160,0x000000070ab80000)
 Metaspace       used 43838K, capacity 44260K, committed 44800K, reserved 1087488K
  class space    used 6186K, capacity 6326K, committed 6400K, reserved 1048576K
Event: 13792.581 GC heap after
Heap after GC invocations=122 (full 4):
 PSYoungGen      total 198144K, used 83392K [0x000000076d100000, 0x000000077f100000, 0x00000007c0000000)
  eden space 103424K, 0% used [0x000000076d100000,0x000000076d100000,0x0000000773600000)
  from space 94720K, 88% used [0x0000000779480000,0x000000077e5f0000,0x000000077f100000)
  to   space 95744K, 0% used [0x0000000773600000,0x0000000773600000,0x0000000779380000)
 ParOldGen       total 1107456K, used 688514K [0x00000006c7200000, 0x000000070ab80000, 0x000000076d100000)
  object space 1107456K, 62% used [0x00000006c7200000,0x00000006f12608d0,0x000000070ab80000)
 Metaspace       used 43838K, capacity 44260K, committed 44800K, reserved 1087488K
  class space    used 6186K, capacity 6326K, committed 6400K, reserved 1048576K
}
Event: 13892.440 GC heap before
{Heap before GC invocations=123 (full 4):
 PSYoungGen      total 198144K, used 186816K [0x000000076d100000, 0x000000077f100000, 0x00000007c0000000)
  eden space 103424K, 100% used [0x000000076d100000,0x0000000773600000,0x0000000773600000)
  from space 94720K, 88% used [0x0000000779480000,0x000000077e5f0000,0x000000077f100000)
  to   space 95744K, 0% used [0x0000000773600000,0x0000000773600000,0x0000000779380000)
 ParOldGen       total 1107456K, used 688514K [0x00000006c7200000, 0x000000070ab80000, 0x000000076d100000)
  object space 1107456K, 62% used [0x00000006c7200000,0x00000006f12608d0,0x000000070ab80000)
 Metaspace       used 43838K, capacity 44260K, committed 44800K, reserved 1087488K
  class space    used 6186K, capacity 6326K, committed 6400K, reserved 1048576K
Event: 13892.575 GC heap after
Heap after GC invocations=123 (full 4):
 PSYoungGen      total 199168K, used 84064K [0x000000076d100000, 0x000000077f080000, 0x00000007c0000000)
  eden space 103424K, 0% used [0x000000076d100000,0x000000076d100000,0x0000000773600000)
  from space 95744K, 87% used [0x0000000773600000,0x0000000778818000,0x0000000779380000)
  to   space 94720K, 0% used [0x0000000779400000,0x0000000779400000,0x000000077f080000)
 ParOldGen       total 1107456K, used 692724K [0x00000006c7200000, 0x000000070ab80000, 0x000000076d100000)
  object space 1107456K, 62% used [0x00000006c7200000,0x00000006f167d010,0x000000070ab80000)
 Metaspace       used 43838K, capacity 44260K, committed 44800K, reserved 1087488K
  class space    used 6186K, capacity 6326K, committed 6400K, reserved 1048576K
}
Event: 14037.471 GC heap before
{Heap before GC invocations=124 (full 4):
 PSYoungGen      total 199168K, used 187488K [0x000000076d100000, 0x000000077f080000, 0x00000007c0000000)
  eden space 103424K, 100% used [0x000000076d100000,0x0000000773600000,0x0000000773600000)
  from space 95744K, 87% used [0x0000000773600000,0x0000000778818000,0x0000000779380000)
  to   space 94720K, 0% used [0x0000000779400000,0x0000000779400000,0x000000077f080000)
 ParOldGen       total 1107456K, used 692724K [0x00000006c7200000, 0x000000070ab80000, 0x000000076d100000)
  object space 1107456K, 62% used [0x00000006c7200000,0x00000006f167d010,0x000000070ab80000)
 Metaspace       used 43838K, capacity 44260K, committed 44800K, reserved 1087488K
  class space    used 6186K, capacity 6326K, committed 6400K, reserved 1048576K
Event: 14037.604 GC heap after
Heap after GC invocations=124 (full 4):
 PSYoungGen      total 199680K, used 87328K [0x000000076d100000, 0x000000077f080000, 0x00000007c0000000)
  eden space 104960K, 0% used [0x000000076d100000,0x000000076d100000,0x0000000773780000)
  from space 94720K, 92% used [0x0000000779400000,0x000000077e948000,0x000000077f080000)
  to   space 94720K, 0% used [0x0000000773780000,0x0000000773780000,0x0000000779400000)
 ParOldGen       total 1107456K, used 697165K [0x00000006c7200000, 0x000000070ab80000, 0x000000076d100000)
  object space 1107456K, 62% used [0x00000006c7200000,0x00000006f1ad37b0,0x000000070ab80000)
 Metaspace       used 43838K, capacity 44260K, committed 44800K, reserved 1087488K
  class space    used 6186K, capacity 6326K, committed 6400K, reserved 1048576K
}
Event: 14197.453 GC heap before
{Heap before GC invocations=125 (full 4):
 PSYoungGen      total 199680K, used 192288K [0x000000076d100000, 0x000000077f080000, 0x00000007c0000000)
  eden space 104960K, 100% used [0x000000076d100000,0x0000000773780000,0x0000000773780000)
  from space 94720K, 92% used [0x0000000779400000,0x000000077e948000,0x000000077f080000)
  to   space 94720K, 0% used [0x0000000773780000,0x0000000773780000,0x0000000779400000)
 ParOldGen       total 1107456K, used 697165K [0x00000006c7200000, 0x000000070ab80000, 0x000000076d100000)
  object space 1107456K, 62% used [0x00000006c7200000,0x00000006f1ad37b0,0x000000070ab80000)
 Metaspace       used 43838K, capacity 44260K, committed 44800K, reserved 1087488K
  class space    used 6186K, capacity 6326K, committed 6400K, reserved 1048576K
Event: 14197.603 GC heap after
Heap after GC invocations=125 (full 4):
 PSYoungGen      total 199680K, used 86880K [0x000000076d100000, 0x000000077f200000, 0x00000007c0000000)
  eden space 104960K, 0% used [0x000000076d100000,0x000000076d100000,0x0000000773780000)
  from space 94720K, 91% used [0x0000000773780000,0x0000000778c58000,0x0000000779400000)
  to   space 94720K, 0% used [0x0000000779580000,0x0000000779580000,0x000000077f200000)
 ParOldGen       total 1107456K, used 705809K [0x00000006c7200000, 0x000000070ab80000, 0x000000076d100000)
  object space 1107456K, 63% used [0x00000006c7200000,0x00000006f2344690,0x000000070ab80000)
 Metaspace       used 43838K, capacity 44260K, committed 44800K, reserved 1087488K
  class space    used 6186K, capacity 6326K, committed 6400K, reserved 1048576K
}
Event: 14279.182 GC heap before
{Heap before GC invocations=126 (full 4):
 PSYoungGen      total 199680K, used 191840K [0x000000076d100000, 0x000000077f200000, 0x00000007c0000000)
  eden space 104960K, 100% used [0x000000076d100000,0x0000000773780000,0x0000000773780000)
  from space 94720K, 91% used [0x0000000773780000,0x0000000778c58000,0x0000000779400000)
  to   space 94720K, 0% used [0x0000000779580000,0x0000000779580000,0x000000077f200000)
 ParOldGen       total 1107456K, used 705809K [0x00000006c7200000, 0x000000070ab80000, 0x000000076d100000)
  object space 1107456K, 63% used [0x00000006c7200000,0x00000006f2344690,0x000000070ab80000)
 Metaspace       used 43899K, capacity 44324K, committed 44800K, reserved 1087488K
  class space    used 6191K, capacity 6326K, committed 6400K, reserved 1048576K
Event: 14279.311 GC heap after
Heap after GC invocations=126 (full 4):
 PSYoungGen      total 194048K, used 94699K [0x000000076d100000, 0x0000000780000000, 0x00000007c0000000)
  eden space 99328K, 0% used [0x000000076d100000,0x000000076d100000,0x0000000773200000)
  from space 94720K, 99% used [0x0000000779580000,0x000000077f1fad38,0x000000077f200000)
  to   space 101888K, 0% used [0x0000000773200000,0x0000000773200000,0x0000000779580000)
 ParOldGen       total 1107456K, used 717968K [0x00000006c7200000, 0x000000070ab80000, 0x000000076d100000)
  object space 1107456K, 64% used [0x00000006c7200000,0x00000006f2f24000,0x000000070ab80000)
 Metaspace       used 43899K, capacity 44324K, committed 44800K, reserved 1087488K
  class space    used 6191K, capacity 6326K, committed 6400K, reserved 1048576K
}
Event: 14279.591 GC heap before
{Heap before GC invocations=127 (full 4):
 PSYoungGen      total 194048K, used 194027K [0x000000076d100000, 0x0000000780000000, 0x00000007c0000000)
  eden space 99328K, 100% used [0x000000076d100000,0x0000000773200000,0x0000000773200000)
  from space 94720K, 99% used [0x0000000779580000,0x000000077f1fad38,0x000000077f200000)
  to   space 101888K, 0% used [0x0000000773200000,0x0000000773200000,0x0000000779580000)
 ParOldGen       total 1107456K, used 717968K [0x00000006c7200000, 0x000000070ab80000, 0x000000076d100000)
  object space 1107456K, 64% used [0x00000006c7200000,0x00000006f2f24000,0x000000070ab80000)
 Metaspace       used 43899K, capacity 44324K, committed 44800K, reserved 1087488K
  class space    used 6191K, capacity 6326K, committed 6400K, reserved 1048576K
Event: 14279.711 GC heap after
Heap after GC invocations=127 (full 4):
 PSYoungGen      total 201216K, used 82315K [0x000000076d100000, 0x0000000780700000, 0x00000007c0000000)
  eden space 99328K, 0% used [0x000000076d100000,0x000000076d100000,0x0000000773200000)
  from space 101888K, 80% used [0x0000000773200000,0x0000000778262d38,0x0000000779580000)
  to   space 100864K, 0% used [0x000000077a480000,0x000000077a480000,0x0000000780700000)
 ParOldGen       total 1107456K, used 730365K [0x00000006c7200000, 0x000000070ab80000, 0x000000076d100000)
  object space 1107456K, 65% used [0x00000006c7200000,0x00000006f3b3f560,0x000000070ab80000)
 Metaspace       used 43899K, capacity 44324K, committed 44800K, reserved 1087488K
  class space    used 6191K, capacity 6326K, committed 6400K, reserved 1048576K
}
Event: 14279.992 GC heap before
{Heap before GC invocations=128 (full 4):
 PSYoungGen      total 201216K, used 181643K [0x000000076d100000, 0x0000000780700000, 0x00000007c0000000)
  eden space 99328K, 100% used [0x000000076d100000,0x0000000773200000,0x0000000773200000)
  from space 101888K, 80% used [0x0000000773200000,0x0000000778262d38,0x0000000779580000)
  to   space 100864K, 0% used [0x000000077a480000,0x000000077a480000,0x0000000780700000)
 ParOldGen       total 1107456K, used 730365K [0x00000006c7200000, 0x000000070ab80000, 0x000000076d100000)
  object space 1107456K, 65% used [0x00000006c7200000,0x00000006f3b3f560,0x000000070ab80000)
 Metaspace       used 43901K, capacity 44324K, committed 44800K, reserved 1087488K
  class space    used 6191K, capacity 6326K, committed 6400K, reserved 1048576K
Event: 14280.107 GC heap after
Heap after GC invocations=128 (full 4):
 PSYoungGen      total 215040K, used 71531K [0x000000076d100000, 0x0000000780b80000, 0x00000007c0000000)
  eden space 114176K, 0% used [0x000000076d100000,0x000000076d100000,0x0000000774080000)
  from space 100864K, 70% used [0x000000077a480000,0x000000077ea5ad38,0x0000000780700000)
  to   space 102400K, 0% used [0x0000000774080000,0x0000000774080000,0x000000077a480000)
 ParOldGen       total 1107456K, used 740945K [0x00000006c7200000, 0x000000070ab80000, 0x000000076d100000)
  object space 1107456K, 66% used [0x00000006c7200000,0x00000006f4594750,0x000000070ab80000)
 Metaspace       used 43901K, capacity 44324K, committed 44800K, reserved 1087488K
  class space    used 6191K, capacity 6326K, committed 6400K, reserved 1048576K
}
Event: 14292.721 GC heap before
{Heap before GC invocations=129 (full 4):
 PSYoungGen      total 215040K, used 185707K [0x000000076d100000, 0x0000000780b80000, 0x00000007c0000000)
  eden space 114176K, 100% used [0x000000076d100000,0x0000000774080000,0x0000000774080000)
  from space 100864K, 70% used [0x000000077a480000,0x000000077ea5ad38,0x0000000780700000)
  to   space 102400K, 0% used [0x0000000774080000,0x0000000774080000,0x000000077a480000)
 ParOldGen       total 1107456K, used 740945K [0x00000006c7200000, 0x000000070ab80000, 0x000000076d100000)
  object space 1107456K, 66% used [0x00000006c7200000,0x00000006f4594750,0x000000070ab80000)
 Metaspace       used 43937K, capacity 44330K, committed 44800K, reserved 1087488K
  class space    used 6192K, capacity 6327K, committed 6400K, reserved 1048576K
Event: 14292.883 GC heap after
Heap after GC invocations=129 (full 4):
 PSYoungGen      total 216576K, used 63407K [0x000000076d100000, 0x0000000782000000, 0x00000007c0000000)
  eden space 114176K, 0% used [0x000000076d100000,0x000000076d100000,0x0000000774080000)
  from space 102400K, 61% used [0x0000000774080000,0x0000000777e6bf20,0x000000077a480000)
  to   space 104448K, 0% used [0x000000077ba00000,0x000000077ba00000,0x0000000782000000)
 ParOldGen       total 1107456K, used 747044K [0x00000006c7200000, 0x000000070ab80000, 0x000000076d100000)
  object space 1107456K, 67% used [0x00000006c7200000,0x00000006f4b89060,0x000000070ab80000)
 Metaspace       used 43937K, capacity 44330K, committed 44800K, reserved 1087488K
  class space    used 6192K, capacity 6327K, committed 6400K, reserved 1048576K
}
Event: 14462.470 GC heap before
{Heap before GC invocations=130 (full 4):
 PSYoungGen      total 216576K, used 177583K [0x000000076d100000, 0x0000000782000000, 0x00000007c0000000)
  eden space 114176K, 100% used [0x000000076d100000,0x0000000774080000,0x0000000774080000)
  from space 102400K, 61% used [0x0000000774080000,0x0000000777e6bf20,0x000000077a480000)
  to   space 104448K, 0% used [0x000000077ba00000,0x000000077ba00000,0x0000000782000000)
 ParOldGen       total 1107456K, used 747044K [0x00000006c7200000, 0x000000070ab80000, 0x000000076d100000)
  object space 1107456K, 67% used [0x00000006c7200000,0x00000006f4b89060,0x000000070ab80000)
 Metaspace       used 43943K, capacity 44394K, committed 44800K, reserved 1087488K
  class space    used 6192K, capacity 6327K, committed 6400K, reserved 1048576K
Event: 14462.635 GC heap after
Heap after GC invocations=130 (full 4):
 PSYoungGen      total 237568K, used 64431K [0x000000076d100000, 0x0000000782100000, 0x00000007c0000000)
  eden space 133120K, 0% used [0x000000076d100000,0x000000076d100000,0x0000000775300000)
  from space 104448K, 61% used [0x000000077ba00000,0x000000077f8ebf20,0x0000000782000000)
  to   space 105472K, 0% used [0x0000000775300000,0x0000000775300000,0x000000077ba00000)
 ParOldGen       total 1107456K, used 756664K [0x00000006c7200000, 0x000000070ab80000, 0x000000076d100000)
  object space 1107456K, 68% used [0x00000006c7200000,0x00000006f54ee0f0,0x000000070ab80000)
 Metaspace       used 43943K, capacity 44394K, committed 44800K, reserved 1087488K
  class space    used 6192K, capacity 6327K, committed 6400K, reserved 1048576K
}
Event: 14711.392 GC heap before
{Heap before GC invocations=131 (full 4):
 PSYoungGen      total 237568K, used 197551K [0x000000076d100000, 0x0000000782100000, 0x00000007c0000000)
  eden space 133120K, 100% used [0x000000076d100000,0x0000000775300000,0x0000000775300000)
  from space 104448K, 61% used [0x000000077ba00000,0x000000077f8ebf20,0x0000000782000000)
  to   space 105472K, 0% used [0x0000000775300000,0x0000000775300000,0x000000077ba00000)
 ParOldGen       total 1107456K, used 756664K [0x00000006c7200000, 0x000000070ab80000, 0x000000076d100000)
  object space 1107456K, 68% used [0x00000006c7200000,0x00000006f54ee0f0,0x000000070ab80000)
 Metaspace       used 43945K, capacity 44394K, committed 44800K, reserved 1087488K
  class space    used 6192K, capacity 6327K, committed 6400K, reserved 1048576K
Event: 14711.538 GC heap after
Heap after GC invocations=131 (full 4):
 PSYoungGen      total 238592K, used 70351K [0x000000076d100000, 0x0000000783400000, 0x00000007c0000000)
  eden space 133120K, 0% used [0x000000076d100000,0x000000076d100000,0x0000000775300000)
  from space 105472K, 66% used [0x0000000775300000,0x00000007797b3f20,0x000000077ba00000)
  to   space 104960K, 0% used [0x000000077cd80000,0x000000077cd80000,0x0000000783400000)
 ParOldGen       total 1107456K, used 764155K [0x00000006c7200000, 0x000000070ab80000, 0x000000076d100000)
  object space 1107456K, 69% used [0x00000006c7200000,0x00000006f5c3ed20,0x000000070ab80000)
 Metaspace       used 43945K, capacity 44394K, committed 44800K, reserved 1087488K
  class space    used 6192K, capacity 6327K, committed 6400K, reserved 1048576K
}
Event: 15012.484 GC heap before
{Heap before GC invocations=132 (full 4):
 PSYoungGen      total 238592K, used 203471K [0x000000076d100000, 0x0000000783400000, 0x00000007c0000000)
  eden space 133120K, 100% used [0x000000076d100000,0x0000000775300000,0x0000000775300000)
  from space 105472K, 66% used [0x0000000775300000,0x00000007797b3f20,0x000000077ba00000)
  to   space 104960K, 0% used [0x000000077cd80000,0x000000077cd80000,0x0000000783400000)
 ParOldGen       total 1107456K, used 764155K [0x00000006c7200000, 0x000000070ab80000, 0x000000076d100000)
  object space 1107456K, 69% used [0x00000006c7200000,0x00000006f5c3ed20,0x000000070ab80000)
 Metaspace       used 43947K, capacity 44394K, committed 44800K, reserved 1087488K
  class space    used 6192K, capacity 6327K, committed 6400K, reserved 1048576K
Event: 15012.608 GC heap after
Heap after GC invocations=132 (full 4):
 PSYoungGen      total 252416K, used 76687K [0x000000076d100000, 0x0000000782f00000, 0x00000007c0000000)
  eden space 152576K, 0% used [0x000000076d100000,0x000000076d100000,0x0000000776600000)
  from space 99840K, 76% used [0x000000077cd80000,0x0000000781863f20,0x0000000782f00000)
  to   space 102912K, 0% used [0x0000000776600000,0x0000000776600000,0x000000077ca80000)
 ParOldGen       total 1107456K, used 774255K [0x00000006c7200000, 0x000000070ab80000, 0x000000076d100000)
  object space 1107456K, 69% used [0x00000006c7200000,0x00000006f661be80,0x000000070ab80000)
 Metaspace       used 43947K, capacity 44394K, committed 44800K, reserved 1087488K
  class space    used 6192K, capacity 6327K, committed 6400K, reserved 1048576K
}
Event: 15363.891 GC heap before
{Heap before GC invocations=133 (full 4):
 PSYoungGen      total 252416K, used 229263K [0x000000076d100000, 0x0000000782f00000, 0x00000007c0000000)
  eden space 152576K, 100% used [0x000000076d100000,0x0000000776600000,0x0000000776600000)
  from space 99840K, 76% used [0x000000077cd80000,0x0000000781863f20,0x0000000782f00000)
  to   space 102912K, 0% used [0x0000000776600000,0x0000000776600000,0x000000077ca80000)
 ParOldGen       total 1107456K, used 774255K [0x00000006c7200000, 0x000000070ab80000, 0x000000076d100000)
  object space 1107456K, 69% used [0x00000006c7200000,0x00000006f661be80,0x000000070ab80000)
 Metaspace       used 43950K, capacity 44394K, committed 44800K, reserved 1087488K
  class space    used 6192K, capacity 6327K, committed 6400K, reserved 1048576K
Event: 15364.013 GC heap after
Heap after GC invocations=133 (full 4):
 PSYoungGen      total 255488K, used 79471K [0x000000076d100000, 0x0000000783e80000, 0x00000007c0000000)
  eden space 152576K, 0% used [0x000000076d100000,0x000000076d100000,0x0000000776600000)
  from space 102912K, 77% used [0x0000000776600000,0x000000077b39bf20,0x000000077ca80000)
  to   space 100864K, 0% used [0x000000077dc00000,0x000000077dc00000,0x0000000783e80000)
 ParOldGen       total 1107456K, used 789646K [0x00000006c7200000, 0x000000070ab80000, 0x000000076d100000)
  object space 1107456K, 71% used [0x00000006c7200000,0x00000006f7523910,0x000000070ab80000)
 Metaspace       used 43950K, capacity 44394K, committed 44800K, reserved 1087488K
  class space    used 6192K, capacity 6327K, committed 6400K, reserved 1048576K
}
Event: 15622.507 GC heap before
{Heap before GC invocations=134 (full 4):
 PSYoungGen      total 255488K, used 232047K [0x000000076d100000, 0x0000000783e80000, 0x00000007c0000000)
  eden space 152576K, 100% used [0x000000076d100000,0x0000000776600000,0x0000000776600000)
  from space 102912K, 77% used [0x0000000776600000,0x000000077b39bf20,0x000000077ca80000)
  to   space 100864K, 0% used [0x000000077dc00000,0x000000077dc00000,0x0000000783e80000)
 ParOldGen       total 1107456K, used 789646K [0x00000006c7200000, 0x000000070ab80000, 0x000000076d100000)
  object space 1107456K, 71% used [0x00000006c7200000,0x00000006f7523910,0x000000070ab80000)
 Metaspace       used 43954K, capacity 44394K, committed 44800K, reserved 1087488K
  class space    used 6192K, capacity 6327K, committed 6400K, reserved 1048576K
Event: 15622.664 GC heap after
Heap after GC invocations=134 (full 4):
 PSYoungGen      total 268288K, used 73623K [0x000000076d100000, 0x0000000783b00000, 0x00000007c0000000)
  eden space 171008K, 0% used [0x000000076d100000,0x000000076d100000,0x0000000777800000)
  from space 97280K, 75% used [0x000000077dc00000,0x00000007823e5f90,0x0000000783b00000)
  to   space 99840K, 0% used [0x0000000777800000,0x0000000777800000,0x000000077d980000)
 ParOldGen       total 1107456K, used 808004K [0x00000006c7200000, 0x000000070ab80000, 0x000000076d100000)
  object space 1107456K, 72% used [0x00000006c7200000,0x00000006f8711210,0x000000070ab80000)
 Metaspace       used 43954K, capacity 44394K, committed 44800K, reserved 1087488K
  class space    used 6192K, capacity 6327K, committed 6400K, reserved 1048576K
}
Event: 16037.516 GC heap before
{Heap before GC invocations=135 (full 4):
 PSYoungGen      total 268288K, used 244631K [0x000000076d100000, 0x0000000783b00000, 0x00000007c0000000)
  eden space 171008K, 100% used [0x000000076d100000,0x0000000777800000,0x0000000777800000)
  from space 97280K, 75% used [0x000000077dc00000,0x00000007823e5f90,0x0000000783b00000)
  to   space 99840K, 0% used [0x0000000777800000,0x0000000777800000,0x000000077d980000)
 ParOldGen       total 1107456K, used 808004K [0x00000006c7200000, 0x000000070ab80000, 0x000000076d100000)
  object space 1107456K, 72% used [0x00000006c7200000,0x00000006f8711210,0x000000070ab80000)
 Metaspace       used 43954K, capacity 44394K, committed 44800K, reserved 1087488K
  class space    used 6192K, capacity 6327K, committed 6400K, reserved 1048576K
Event: 16037.666 GC heap after
Heap after GC invocations=135 (full 4):
 PSYoungGen      total 270848K, used 96288K [0x000000076d100000, 0x0000000785480000, 0x00000007c0000000)
  eden space 171008K, 0% used [0x000000076d100000,0x000000076d100000,0x0000000777800000)
  from space 99840K, 96% used [0x0000000777800000,0x000000077d608000,0x000000077d980000)
  to   space 103936K, 0% used [0x000000077ef00000,0x000000077ef00000,0x0000000785480000)
 ParOldGen       total 1107456K, used 808876K [0x00000006c7200000, 0x000000070ab80000, 0x000000076d100000)
  object space 1107456K, 73% used [0x00000006c7200000,0x00000006f87eb2f0,0x000000070ab80000)
 Metaspace       used 43954K, capacity 44394K, committed 44800K, reserved 1087488K
  class space    used 6192K, capacity 6327K, committed 6400K, reserved 1048576K
}
Event: 16402.539 GC heap before
{Heap before GC invocations=136 (full 4):
 PSYoungGen      total 270848K, used 267296K [0x000000076d100000, 0x0000000785480000, 0x00000007c0000000)
  eden space 171008K, 100% used [0x000000076d100000,0x0000000777800000,0x0000000777800000)
  from space 99840K, 96% used [0x0000000777800000,0x000000077d608000,0x000000077d980000)
  to   space 103936K, 0% used [0x000000077ef00000,0x000000077ef00000,0x0000000785480000)
 ParOldGen       total 1107456K, used 808876K [0x00000006c7200000, 0x000000070ab80000, 0x000000076d100000)
  object space 1107456K, 73% used [0x00000006c7200000,0x00000006f87eb2f0,0x000000070ab80000)
 Metaspace       used 43954K, capacity 44394K, committed 44800K, reserved 1087488K
  class space    used 6192K, capacity 6327K, committed 6400K, reserved 1048576K
Event: 16402.671 GC heap after
Heap after GC invocations=136 (full 4):
 PSYoungGen      total 283136K, used 103936K [0x000000076d100000, 0x0000000786500000, 0x00000007c0000000)
  eden space 179200K, 0% used [0x000000076d100000,0x000000076d100000,0x0000000778000000)
  from space 103936K, 100% used [0x000000077ef00000,0x0000000785480000,0x0000000785480000)
  to   space 113664K, 0% used [0x0000000778000000,0x0000000778000000,0x000000077ef00000)
 ParOldGen       total 1107456K, used 818281K [0x00000006c7200000, 0x000000070ab80000, 0x000000076d100000)
  object space 1107456K, 73% used [0x00000006c7200000,0x00000006f911a590,0x000000070ab80000)
 Metaspace       used 43954K, capacity 44394K, committed 44800K, reserved 1087488K
  class space    used 6192K, capacity 6327K, committed 6400K, reserved 1048576K
}
Event: 16660.871 GC heap before
{Heap before GC invocations=137 (full 4):
 PSYoungGen      total 283136K, used 283136K [0x000000076d100000, 0x0000000786500000, 0x00000007c0000000)
  eden space 179200K, 100% used [0x000000076d100000,0x0000000778000000,0x0000000778000000)
  from space 103936K, 100% used [0x000000077ef00000,0x0000000785480000,0x0000000785480000)
  to   space 113664K, 0% used [0x0000000778000000,0x0000000778000000,0x000000077ef00000)
 ParOldGen       total 1107456K, used 818281K [0x00000006c7200000, 0x000000070ab80000, 0x000000076d100000)
  object space 1107456K, 73% used [0x00000006c7200000,0x00000006f911a590,0x000000070ab80000)
 Metaspace       used 43955K, capacity 44394K, committed 44800K, reserved 1087488K
  class space    used 6192K, capacity 6327K, committed 6400K, reserved 1048576K
Event: 16661.055 GC heap after
Heap after GC invocations=137 (full 4):
 PSYoungGen      total 292864K, used 88352K [0x000000076d100000, 0x0000000786880000, 0x00000007c0000000)
  eden space 179200K, 0% used [0x000000076d100000,0x000000076d100000,0x0000000778000000)
  from space 113664K, 77% used [0x0000000778000000,0x000000077d648000,0x000000077ef00000)
  to   space 112128K, 0% used [0x000000077fb00000,0x000000077fb00000,0x0000000786880000)
 ParOldGen       total 1107456K, used 846221K [0x00000006c7200000, 0x000000070ab80000, 0x000000076d100000)
  object space 1107456K, 76% used [0x00000006c7200000,0x00000006fac635d0,0x000000070ab80000)
 Metaspace       used 43955K, capacity 44394K, committed 44800K, reserved 1087488K
  class space    used 6192K, capacity 6327K, committed 6400K, reserved 1048576K
}
Event: 16790.765 GC heap before
{Heap before GC invocations=138 (full 4):
 PSYoungGen      total 292864K, used 267552K [0x000000076d100000, 0x0000000786880000, 0x00000007c0000000)
  eden space 179200K, 100% used [0x000000076d100000,0x0000000778000000,0x0000000778000000)
  from space 113664K, 77% used [0x0000000778000000,0x000000077d648000,0x000000077ef00000)
  to   space 112128K, 0% used [0x000000077fb00000,0x000000077fb00000,0x0000000786880000)
 ParOldGen       total 1107456K, used 846221K [0x00000006c7200000, 0x000000070ab80000, 0x000000076d100000)
  object space 1107456K, 76% used [0x00000006c7200000,0x00000006fac635d0,0x000000070ab80000)
 Metaspace       used 43991K, capacity 44394K, committed 44800K, reserved 1087488K
  class space    used 6192K, capacity 6327K, committed 6400K, reserved 1048576K
Event: 16790.923 GC heap after
Heap after GC invocations=138 (full 4):
 PSYoungGen      total 303104K, used 96896K [0x000000076d100000, 0x0000000786a80000, 0x00000007c0000000)
  eden space 190976K, 0% used [0x000000076d100000,0x000000076d100000,0x0000000778b80000)
  from space 112128K, 86% used [0x000000077fb00000,0x00000007859a0000,0x0000000786880000)
  to   space 114176K, 0% used [0x0000000778b80000,0x0000000778b80000,0x000000077fb00000)
 ParOldGen       total 1107456K, used 846229K [0x00000006c7200000, 0x000000070ab80000, 0x000000076d100000)
  object space 1107456K, 76% used [0x00000006c7200000,0x00000006fac655d0,0x000000070ab80000)
 Metaspace       used 43991K, capacity 44394K, committed 44800K, reserved 1087488K
  class space    used 6192K, capacity 6327K, committed 6400K, reserved 1048576K
}
Event: 17067.576 GC heap before
{Heap before GC invocations=139 (full 4):
 PSYoungGen      total 303104K, used 287872K [0x000000076d100000, 0x0000000786a80000, 0x00000007c0000000)
  eden space 190976K, 100% used [0x000000076d100000,0x0000000778b80000,0x0000000778b80000)
  from space 112128K, 86% used [0x000000077fb00000,0x00000007859a0000,0x0000000786880000)
  to   space 114176K, 0% used [0x0000000778b80000,0x0000000778b80000,0x000000077fb00000)
 ParOldGen       total 1107456K, used 846229K [0x00000006c7200000, 0x000000070ab80000, 0x000000076d100000)
  object space 1107456K, 76% used [0x00000006c7200000,0x00000006fac655d0,0x000000070ab80000)
 Metaspace       used 44008K, capacity 44394K, committed 44800K, reserved 1087488K
  class space    used 6192K, capacity 6327K, committed 6400K, reserved 1048576K
Event: 17067.721 GC heap after
Heap after GC invocations=139 (full 4):
 PSYoungGen      total 305152K, used 111200K [0x000000076d100000, 0x0000000788180000, 0x00000007c0000000)
  eden space 190976K, 0% used [0x000000076d100000,0x000000076d100000,0x0000000778b80000)
  from space 114176K, 97% used [0x0000000778b80000,0x000000077f818000,0x000000077fb00000)
  to   space 120832K, 0% used [0x0000000780b80000,0x0000000780b80000,0x0000000788180000)
 ParOldGen       total 1107456K, used 846237K [0x00000006c7200000, 0x000000070ab80000, 0x000000076d100000)
  object space 1107456K, 76% used [0x00000006c7200000,0x00000006fac675d0,0x000000070ab80000)
 Metaspace       used 44008K, capacity 44394K, committed 44800K, reserved 1087488K
  class space    used 6192K, capacity 6327K, committed 6400K, reserved 1048576K
}
Event: 17367.571 GC heap before
{Heap before GC invocations=140 (full 4):
 PSYoungGen      total 305152K, used 302176K [0x000000076d100000, 0x0000000788180000, 0x00000007c0000000)
  eden space 190976K, 100% used [0x000000076d100000,0x0000000778b80000,0x0000000778b80000)
  from space 114176K, 97% used [0x0000000778b80000,0x000000077f818000,0x000000077fb00000)
  to   space 120832K, 0% used [0x0000000780b80000,0x0000000780b80000,0x0000000788180000)
 ParOldGen       total 1107456K, used 846237K [0x00000006c7200000, 0x000000070ab80000, 0x000000076d100000)
  object space 1107456K, 76% used [0x00000006c7200000,0x00000006fac675d0,0x000000070ab80000)
 Metaspace       used 44010K, capacity 44394K, committed 44800K, reserved 1087488K
  class space    used 6192K, capacity 6327K, committed 6400K, reserved 1048576K
Event: 17367.842 GC heap after
Heap after GC invocations=140 (full 4):
 PSYoungGen      total 311296K, used 120832K [0x000000076d100000, 0x0000000789500000, 0x00000007c0000000)
  eden space 190464K, 0% used [0x000000076d100000,0x000000076d100000,0x0000000778b00000)
  from space 120832K, 100% used [0x0000000780b80000,0x0000000788180000,0x0000000788180000)
  to   space 131584K, 0% used [0x0000000778b00000,0x0000000778b00000,0x0000000780b80000)
 ParOldGen       total 1107456K, used 852018K [0x00000006c7200000, 0x000000070ab80000, 0x000000076d100000)
  object space 1107456K, 76% used [0x00000006c7200000,0x00000006fb20c910,0x000000070ab80000)
 Metaspace       used 44010K, capacity 44394K, committed 44800K, reserved 1087488K
  class space    used 6192K, capacity 6327K, committed 6400K, reserved 1048576K
}
Event: 17756.737 GC heap before
{Heap before GC invocations=141 (full 4):
 PSYoungGen      total 311296K, used 311296K [0x000000076d100000, 0x0000000789500000, 0x00000007c0000000)
  eden space 190464K, 100% used [0x000000076d100000,0x0000000778b00000,0x0000000778b00000)
  from space 120832K, 100% used [0x0000000780b80000,0x0000000788180000,0x0000000788180000)
  to   space 131584K, 0% used [0x0000000778b00000,0x0000000778b00000,0x0000000780b80000)
 ParOldGen       total 1107456K, used 852018K [0x00000006c7200000, 0x000000070ab80000, 0x000000076d100000)
  object space 1107456K, 76% used [0x00000006c7200000,0x00000006fb20c910,0x000000070ab80000)
 Metaspace       used 44015K, capacity 44394K, committed 44800K, reserved 1087488K
  class space    used 6192K, capacity 6327K, committed 6400K, reserved 1048576K
Event: 17756.933 GC heap after
Heap after GC invocations=141 (full 4):
 PSYoungGen      total 322048K, used 114496K [0x000000076d100000, 0x0000000789c00000, 0x00000007c0000000)
  eden space 190464K, 0% used [0x000000076d100000,0x000000076d100000,0x0000000778b00000)
  from space 131584K, 87% used [0x0000000778b00000,0x000000077fad0000,0x0000000780b80000)
  to   space 136192K, 0% used [0x0000000781700000,0x0000000781700000,0x0000000789c00000)
 ParOldGen       total 1107456K, used 882815K [0x00000006c7200000, 0x000000070ab80000, 0x000000076d100000)
  object space 1107456K, 79% used [0x00000006c7200000,0x00000006fd01fe30,0x000000070ab80000)
 Metaspace       used 44015K, capacity 44394K, committed 44800K, reserved 1087488K
  class space    used 6192K, capacity 6327K, committed 6400K, reserved 1048576K
}
Event: 18132.603 GC heap before
{Heap before GC invocations=142 (full 4):
 PSYoungGen      total 322048K, used 304960K [0x000000076d100000, 0x0000000789c00000, 0x00000007c0000000)
  eden space 190464K, 100% used [0x000000076d100000,0x0000000778b00000,0x0000000778b00000)
  from space 131584K, 87% used [0x0000000778b00000,0x000000077fad0000,0x0000000780b80000)
  to   space 136192K, 0% used [0x0000000781700000,0x0000000781700000,0x0000000789c00000)
 ParOldGen       total 1107456K, used 882815K [0x00000006c7200000, 0x000000070ab80000, 0x000000076d100000)
  object space 1107456K, 79% used [0x00000006c7200000,0x00000006fd01fe30,0x000000070ab80000)
 Metaspace       used 44020K, capacity 44458K, committed 45056K, reserved 1087488K
  class space    used 6192K, capacity 6327K, committed 6400K, reserved 1048576K
Event: 18132.781 GC heap after
Heap after GC invocations=142 (full 4):
 PSYoungGen      total 323584K, used 133088K [0x000000076d100000, 0x000000078af00000, 0x00000007c0000000)
  eden space 187392K, 0% used [0x000000076d100000,0x000000076d100000,0x0000000778800000)
  from space 136192K, 97% used [0x0000000781700000,0x00000007898f8000,0x0000000789c00000)
  to   space 146432K, 0% used [0x0000000778800000,0x0000000778800000,0x0000000781700000)
 ParOldGen       total 1107456K, used 882815K [0x00000006c7200000, 0x000000070ab80000, 0x000000076d100000)
  object space 1107456K, 79% used [0x00000006c7200000,0x00000006fd01fe30,0x000000070ab80000)
 Metaspace       used 44020K, capacity 44458K, committed 45056K, reserved 1087488K
  class space    used 6192K, capacity 6327K, committed 6400K, reserved 1048576K
}
Event: 18617.613 GC heap before
{Heap before GC invocations=143 (full 4):
 PSYoungGen      total 323584K, used 320480K [0x000000076d100000, 0x000000078af00000, 0x00000007c0000000)
  eden space 187392K, 100% used [0x000000076d100000,0x0000000778800000,0x0000000778800000)
  from space 136192K, 97% used [0x0000000781700000,0x00000007898f8000,0x0000000789c00000)
  to   space 146432K, 0% used [0x0000000778800000,0x0000000778800000,0x0000000781700000)
 ParOldGen       total 1107456K, used 882815K [0x00000006c7200000, 0x000000070ab80000, 0x000000076d100000)
  object space 1107456K, 79% used [0x00000006c7200000,0x00000006fd01fe30,0x000000070ab80000)
 Metaspace       used 44020K, capacity 44458K, committed 45056K, reserved 1087488K
  class space    used 6192K, capacity 6327K, committed 6400K, reserved 1048576K
Event: 18617.762 GC heap after
Heap after GC invocations=143 (full 4):
 PSYoungGen      total 333824K, used 146432K [0x000000076d100000, 0x000000078cb80000, 0x00000007c0000000)
  eden space 187392K, 0% used [0x000000076d100000,0x000000076d100000,0x0000000778800000)
  from space 146432K, 100% used [0x0000000778800000,0x0000000781700000,0x0000000781700000)
  to   space 163328K, 0% used [0x0000000782c00000,0x0000000782c00000,0x000000078cb80000)
 ParOldGen       total 1107456K, used 894224K [0x00000006c7200000, 0x000000070ab80000, 0x000000076d100000)
  object space 1107456K, 80% used [0x00000006c7200000,0x00000006fdb44210,0x000000070ab80000)
 Metaspace       used 44020K, capacity 44458K, committed 45056K, reserved 1087488K
  class space    used 6192K, capacity 6327K, committed 6400K, reserved 1048576K
}
Event: 19097.629 GC heap before
{Heap before GC invocations=144 (full 4):
 PSYoungGen      total 333824K, used 333824K [0x000000076d100000, 0x000000078cb80000, 0x00000007c0000000)
  eden space 187392K, 100% used [0x000000076d100000,0x0000000778800000,0x0000000778800000)
  from space 146432K, 100% used [0x0000000778800000,0x0000000781700000,0x0000000781700000)
  to   space 163328K, 0% used [0x0000000782c00000,0x0000000782c00000,0x000000078cb80000)
 ParOldGen       total 1107456K, used 894224K [0x00000006c7200000, 0x000000070ab80000, 0x000000076d100000)
  object space 1107456K, 80% used [0x00000006c7200000,0x00000006fdb44210,0x000000070ab80000)
 Metaspace       used 44020K, capacity 44458K, committed 45056K, reserved 1087488K
  class space    used 6192K, capacity 6327K, committed 6400K, reserved 1048576K
Event: 19097.779 GC heap after
Heap after GC invocations=144 (full 4):
 PSYoungGen      total 349184K, used 136256K [0x000000076d100000, 0x000000078d700000, 0x00000007c0000000)
  eden space 185856K, 0% used [0x000000076d100000,0x000000076d100000,0x0000000778680000)
  from space 163328K, 83% used [0x0000000782c00000,0x000000078b110000,0x000000078cb80000)
  to   space 169472K, 0% used [0x0000000778680000,0x0000000778680000,0x0000000782c00000)
 ParOldGen       total 1107456K, used 933713K [0x00000006c7200000, 0x000000070ab80000, 0x000000076d100000)
  object space 1107456K, 84% used [0x00000006c7200000,0x00000007001d4660,0x000000070ab80000)
 Metaspace       used 44020K, capacity 44458K, committed 45056K, reserved 1087488K
  class space    used 6192K, capacity 6327K, committed 6400K, reserved 1048576K
}
Event: 19527.641 GC heap before
{Heap before GC invocations=145 (full 4):
 PSYoungGen      total 349184K, used 322112K [0x000000076d100000, 0x000000078d700000, 0x00000007c0000000)
  eden space 185856K, 100% used [0x000000076d100000,0x0000000778680000,0x0000000778680000)
  from space 163328K, 83% used [0x0000000782c00000,0x000000078b110000,0x000000078cb80000)
  to   space 169472K, 0% used [0x0000000778680000,0x0000000778680000,0x0000000782c00000)
 ParOldGen       total 1107456K, used 933713K [0x00000006c7200000, 0x000000070ab80000, 0x000000076d100000)
  object space 1107456K, 84% used [0x00000006c7200000,0x00000007001d4660,0x000000070ab80000)
 Metaspace       used 44020K, capacity 44458K, committed 45056K, reserved 1087488K
  class space    used 6192K, capacity 6327K, committed 6400K, reserved 1048576K
Event: 19527.805 GC heap after
Heap after GC invocations=145 (full 4):
 PSYoungGen      total 355328K, used 162688K [0x000000076d100000, 0x000000078f080000, 0x00000007c0000000)
  eden space 185856K, 0% used [0x000000076d100000,0x000000076d100000,0x0000000778680000)
  from space 169472K, 95% used [0x0000000778680000,0x0000000782560000,0x0000000782c00000)
  to   space 183808K, 0% used [0x0000000783d00000,0x0000000783d00000,0x000000078f080000)
 ParOldGen       total 1107456K, used 933713K [0x00000006c7200000, 0x000000070ab80000, 0x000000076d100000)
  object space 1107456K, 84% used [0x00000006c7200000,0x00000007001d4660,0x000000070ab80000)
 Metaspace       used 44020K, capacity 44458K, committed 45056K, reserved 1087488K
  class space    used 6192K, capacity 6327K, committed 6400K, reserved 1048576K
}
Event: 19935.108 GC heap before
{Heap before GC invocations=146 (full 4):
 PSYoungGen      total 355328K, used 348544K [0x000000076d100000, 0x000000078f080000, 0x00000007c0000000)
  eden space 185856K, 100% used [0x000000076d100000,0x0000000778680000,0x0000000778680000)
  from space 169472K, 95% used [0x0000000778680000,0x0000000782560000,0x0000000782c00000)
  to   space 183808K, 0% used [0x0000000783d00000,0x0000000783d00000,0x000000078f080000)
 ParOldGen       total 1107456K, used 933713K [0x00000006c7200000, 0x000000070ab80000, 0x000000076d100000)
  object space 1107456K, 84% used [0x00000006c7200000,0x00000007001d4660,0x000000070ab80000)
 Metaspace       used 44020K, capacity 44458K, committed 45056K, reserved 1087488K
  class space    used 6192K, capacity 6327K, committed 6400K, reserved 1048576K
Event: 19935.337 GC heap after
Heap after GC invocations=146 (full 4):
 PSYoungGen      total 355328K, used 178688K [0x000000076d100000, 0x0000000791200000, 0x00000007c0000000)
  eden space 171520K, 0% used [0x000000076d100000,0x000000076d100000,0x0000000777880000)
  from space 183808K, 97% used [0x0000000783d00000,0x000000078eb80000,0x000000078f080000)
  to   space 201216K, 0% used [0x0000000777880000,0x0000000777880000,0x0000000783d00000)
 ParOldGen       total 1107456K, used 933713K [0x00000006c7200000, 0x000000070ab80000, 0x000000076d100000)
  object space 1107456K, 84% used [0x00000006c7200000,0x00000007001d4660,0x000000070ab80000)
 Metaspace       used 44020K, capacity 44458K, committed 45056K, reserved 1087488K
  class space    used 6192K, capacity 6327K, committed 6400K, reserved 1048576K
}
Event: 20269.092 GC heap before
{Heap before GC invocations=147 (full 4):
 PSYoungGen      total 355328K, used 350208K [0x000000076d100000, 0x0000000791200000, 0x00000007c0000000)
  eden space 171520K, 100% used [0x000000076d100000,0x0000000777880000,0x0000000777880000)
  from space 183808K, 97% used [0x0000000783d00000,0x000000078eb80000,0x000000078f080000)
  to   space 201216K, 0% used [0x0000000777880000,0x0000000777880000,0x0000000783d00000)
 ParOldGen       total 1107456K, used 933713K [0x00000006c7200000, 0x000000070ab80000, 0x000000076d100000)
  object space 1107456K, 84% used [0x00000006c7200000,0x00000007001d4660,0x000000070ab80000)
 Metaspace       used 44021K, capacity 44458K, committed 45056K, reserved 1087488K
  class space    used 6192K, capacity 6327K, committed 6400K, reserved 1048576K
Event: 20269.285 GC heap after
Heap after GC invocations=147 (full 4):
 PSYoungGen      total 372736K, used 197568K [0x000000076d100000, 0x0000000792b80000, 0x00000007c0000000)
  eden space 171520K, 0% used [0x000000076d100000,0x000000076d100000,0x0000000777880000)
  from space 201216K, 98% used [0x0000000777880000,0x0000000783970000,0x0000000783d00000)
  to   space 221696K, 0% used [0x0000000785300000,0x0000000785300000,0x0000000792b80000)
 ParOldGen       total 1107456K, used 933713K [0x00000006c7200000, 0x000000070ab80000, 0x000000076d100000)
  object space 1107456K, 84% used [0x00000006c7200000,0x00000007001d4660,0x000000070ab80000)
 Metaspace       used 44021K, capacity 44458K, committed 45056K, reserved 1087488K
  class space    used 6192K, capacity 6327K, committed 6400K, reserved 1048576K
}
Event: 20652.700 GC heap before
{Heap before GC invocations=148 (full 4):
 PSYoungGen      total 372736K, used 369088K [0x000000076d100000, 0x0000000792b80000, 0x00000007c0000000)
  eden space 171520K, 100% used [0x000000076d100000,0x0000000777880000,0x0000000777880000)
  from space 201216K, 98% used [0x0000000777880000,0x0000000783970000,0x0000000783d00000)
  to   space 221696K, 0% used [0x0000000785300000,0x0000000785300000,0x0000000792b80000)
 ParOldGen       total 1107456K, used 933713K [0x00000006c7200000, 0x000000070ab80000, 0x000000076d100000)
  object space 1107456K, 84% used [0x00000006c7200000,0x00000007001d4660,0x000000070ab80000)
 Metaspace       used 44021K, capacity 44458K, committed 45056K, reserved 1087488K
  class space    used 6192K, capacity 6327K, committed 6400K, reserved 1048576K
Event: 20652.919 GC heap after
Heap after GC invocations=148 (full 4):
 PSYoungGen      total 371712K, used 215968K [0x000000076d100000, 0x0000000795980000, 0x00000007c0000000)
  eden space 150016K, 0% used [0x000000076d100000,0x000000076d100000,0x0000000776380000)
  from space 221696K, 97% used [0x0000000785300000,0x00000007925e8000,0x0000000792b80000)
  to   space 245248K, 0% used [0x0000000776380000,0x0000000776380000,0x0000000785300000)
 ParOldGen       total 1107456K, used 933713K [0x00000006c7200000, 0x000000070ab80000, 0x000000076d100000)
  object space 1107456K, 84% used [0x00000006c7200000,0x00000007001d4660,0x000000070ab80000)
 Metaspace       used 44021K, capacity 44458K, committed 45056K, reserved 1087488K
  class space    used 6192K, capacity 6327K, committed 6400K, reserved 1048576K
}
Event: 21042.088 GC heap before
{Heap before GC invocations=149 (full 4):
 PSYoungGen      total 371712K, used 365984K [0x000000076d100000, 0x0000000795980000, 0x00000007c0000000)
  eden space 150016K, 100% used [0x000000076d100000,0x0000000776380000,0x0000000776380000)
  from space 221696K, 97% used [0x0000000785300000,0x00000007925e8000,0x0000000792b80000)
  to   space 245248K, 0% used [0x0000000776380000,0x0000000776380000,0x0000000785300000)
 ParOldGen       total 1107456K, used 933713K [0x00000006c7200000, 0x000000070ab80000, 0x000000076d100000)
  object space 1107456K, 84% used [0x00000006c7200000,0x00000007001d4660,0x000000070ab80000)
 Metaspace       used 44021K, capacity 44458K, committed 45056K, reserved 1087488K
  class space    used 6192K, capacity 6327K, committed 6400K, reserved 1048576K
Event: 21042.289 GC heap after
Heap after GC invocations=149 (full 4):
 PSYoungGen      total 395264K, used 235744K [0x000000076d100000, 0x0000000797700000, 0x00000007c0000000)
  eden space 150016K, 0% used [0x000000076d100000,0x000000076d100000,0x0000000776380000)
  from space 245248K, 96% used [0x0000000776380000,0x00000007849b8000,0x0000000785300000)
  to   space 271360K, 0% used [0x0000000786e00000,0x0000000786e00000,0x0000000797700000)
 ParOldGen       total 1107456K, used 933713K [0x00000006c7200000, 0x000000070ab80000, 0x000000076d100000)
  object space 1107456K, 84% used [0x00000006c7200000,0x00000007001d4660,0x000000070ab80000)
 Metaspace       used 44021K, capacity 44458K, committed 45056K, reserved 1087488K
  class space    used 6192K, capacity 6327K, committed 6400K, reserved 1048576K
}
Event: 21353.245 GC heap before
{Heap before GC invocations=150 (full 4):
 PSYoungGen      total 395264K, used 385760K [0x000000076d100000, 0x0000000797700000, 0x00000007c0000000)
  eden space 150016K, 100% used [0x000000076d100000,0x0000000776380000,0x0000000776380000)
  from space 245248K, 96% used [0x0000000776380000,0x00000007849b8000,0x0000000785300000)
  to   space 271360K, 0% used [0x0000000786e00000,0x0000000786e00000,0x0000000797700000)
 ParOldGen       total 1107456K, used 933713K [0x00000006c7200000, 0x000000070ab80000, 0x000000076d100000)
  object space 1107456K, 84% used [0x00000006c7200000,0x00000007001d4660,0x000000070ab80000)
 Metaspace       used 44021K, capacity 44458K, committed 45056K, reserved 1087488K
  class space    used 6192K, capacity 6327K, committed 6400K, reserved 1048576K
Event: 21355.772 GC heap after
Heap after GC invocations=150 (full 4):
 PSYoungGen      total 393728K, used 259616K [0x000000076d100000, 0x000000079b280000, 0x00000007c0000000)
  eden space 122368K, 0% used [0x000000076d100000,0x000000076d100000,0x0000000774880000)
  from space 271360K, 95% used [0x0000000786e00000,0x0000000796b88000,0x0000000797700000)
  to   space 300544K, 0% used [0x0000000774880000,0x0000000774880000,0x0000000786e00000)
 ParOldGen       total 1107456K, used 933713K [0x00000006c7200000, 0x000000070ab80000, 0x000000076d100000)
  object space 1107456K, 84% used [0x00000006c7200000,0x00000007001d4660,0x000000070ab80000)
 Metaspace       used 44021K, capacity 44458K, committed 45056K, reserved 1087488K
  class space    used 6192K, capacity 6327K, committed 6400K, reserved 1048576K
}
Event: 21642.739 GC heap before
{Heap before GC invocations=151 (full 4):
 PSYoungGen      total 393728K, used 381984K [0x000000076d100000, 0x000000079b280000, 0x00000007c0000000)
  eden space 122368K, 100% used [0x000000076d100000,0x0000000774880000,0x0000000774880000)
  from space 271360K, 95% used [0x0000000786e00000,0x0000000796b88000,0x0000000797700000)
  to   space 300544K, 0% used [0x0000000774880000,0x0000000774880000,0x0000000786e00000)
 ParOldGen       total 1107456K, used 933713K [0x00000006c7200000, 0x000000070ab80000, 0x000000076d100000)
  object space 1107456K, 84% used [0x00000006c7200000,0x00000007001d4660,0x000000070ab80000)
 Metaspace       used 44021K, capacity 44458K, committed 45056K, reserved 1087488K
  class space    used 6192K, capacity 6327K, committed 6400K, reserved 1048576K
Event: 21642.932 GC heap after
Heap after GC invocations=151 (full 4):
 PSYoungGen      total 422912K, used 266016K [0x000000076d100000, 0x000000079c980000, 0x00000007c0000000)
  eden space 122368K, 0% used [0x000000076d100000,0x000000076d100000,0x0000000774880000)
  from space 300544K, 88% used [0x0000000774880000,0x0000000784c48000,0x0000000786e00000)
  to   space 326656K, 0% used [0x0000000788a80000,0x0000000788a80000,0x000000079c980000)
 ParOldGen       total 1107456K, used 933713K [0x00000006c7200000, 0x000000070ab80000, 0x000000076d100000)
  object space 1107456K, 84% used [0x00000006c7200000,0x00000007001d4660,0x000000070ab80000)
 Metaspace       used 44021K, capacity 44458K, committed 45056K, reserved 1087488K
  class space    used 6192K, capacity 6327K, committed 6400K, reserved 1048576K
}
Event: 21862.713 GC heap before
{Heap before GC invocations=152 (full 4):
 PSYoungGen      total 422912K, used 388384K [0x000000076d100000, 0x000000079c980000, 0x00000007c0000000)
  eden space 122368K, 100% used [0x000000076d100000,0x0000000774880000,0x0000000774880000)
  from space 300544K, 88% used [0x0000000774880000,0x0000000784c48000,0x0000000786e00000)
  to   space 326656K, 0% used [0x0000000788a80000,0x0000000788a80000,0x000000079c980000)
 ParOldGen       total 1107456K, used 933713K [0x00000006c7200000, 0x000000070ab80000, 0x000000076d100000)
  object space 1107456K, 84% used [0x00000006c7200000,0x00000007001d4660,0x000000070ab80000)
 Metaspace       used 44021K, capacity 44458K, committed 45056K, reserved 1087488K
  class space    used 6192K, capacity 6327K, committed 6400K, reserved 1048576K
Event: 21862.930 GC heap after
Heap after GC invocations=152 (full 4):
 PSYoungGen      total 432640K, used 263840K [0x000000076d100000, 0x000000079ef00000, 0x00000007c0000000)
  eden space 105984K, 0% used [0x000000076d100000,0x000000076d100000,0x0000000773880000)
  from space 326656K, 80% used [0x0000000788a80000,0x0000000798c28000,0x000000079c980000)
  to   space 346112K, 0% used [0x0000000773880000,0x0000000773880000,0x0000000788a80000)
 ParOldGen       total 1107456K, used 946831K [0x00000006c7200000, 0x000000070ab80000, 0x000000076d100000)
  object space 1107456K, 85% used [0x00000006c7200000,0x0000000700ea3d00,0x000000070ab80000)
 Metaspace       used 44021K, capacity 44458K, committed 45056K, reserved 1087488K
  class space    used 6192K, capacity 6327K, committed 6400K, reserved 1048576K
}
Event: 22057.719 GC heap before
{Heap before GC invocations=153 (full 4):
 PSYoungGen      total 432640K, used 369824K [0x000000076d100000, 0x000000079ef00000, 0x00000007c0000000)
  eden space 105984K, 100% used [0x000000076d100000,0x0000000773880000,0x0000000773880000)
  from space 326656K, 80% used [0x0000000788a80000,0x0000000798c28000,0x000000079c980000)
  to   space 346112K, 0% used [0x0000000773880000,0x0000000773880000,0x0000000788a80000)
 ParOldGen       total 1107456K, used 946831K [0x00000006c7200000, 0x000000070ab80000, 0x000000076d100000)
  object space 1107456K, 85% used [0x00000006c7200000,0x0000000700ea3d00,0x000000070ab80000)
 Metaspace       used 44021K, capacity 44458K, committed 45056K, reserved 1087488K
  class space    used 6192K, capacity 6327K, committed 6400K, reserved 1048576K
Event: 22057.927 GC heap after
Heap after GC invocations=153 (full 4):
 PSYoungGen      total 452096K, used 269792K [0x000000076d100000, 0x00000007a0080000, 0x00000007c0000000)
  eden space 105984K, 0% used [0x000000076d100000,0x000000076d100000,0x0000000773880000)
  from space 346112K, 77% used [0x0000000773880000,0x0000000783ff8000,0x0000000788a80000)
  to   space 363520K, 0% used [0x0000000789d80000,0x0000000789d80000,0x00000007a0080000)
 ParOldGen       total 1107456K, used 950960K [0x00000006c7200000, 0x000000070ab80000, 0x000000076d100000)
  object space 1107456K, 85% used [0x00000006c7200000,0x00000007012ac260,0x000000070ab80000)
 Metaspace       used 44021K, capacity 44458K, committed 45056K, reserved 1087488K
  class space    used 6192K, capacity 6327K, committed 6400K, reserved 1048576K
}
Event: 22287.728 GC heap before
{Heap before GC invocations=154 (full 4):
 PSYoungGen      total 452096K, used 375776K [0x000000076d100000, 0x00000007a0080000, 0x00000007c0000000)
  eden space 105984K, 100% used [0x000000076d100000,0x0000000773880000,0x0000000773880000)
  from space 346112K, 77% used [0x0000000773880000,0x0000000783ff8000,0x0000000788a80000)
  to   space 363520K, 0% used [0x0000000789d80000,0x0000000789d80000,0x00000007a0080000)
 ParOldGen       total 1107456K, used 950960K [0x00000006c7200000, 0x000000070ab80000, 0x000000076d100000)
  object space 1107456K, 85% used [0x00000006c7200000,0x00000007012ac260,0x000000070ab80000)
 Metaspace       used 44021K, capacity 44458K, committed 45056K, reserved 1087488K
  class space    used 6192K, capacity 6327K, committed 6400K, reserved 1048576K
Event: 22287.955 GC heap after
Heap after GC invocations=154 (full 4):
 PSYoungGen      total 459776K, used 267200K [0x000000076d100000, 0x00000007a1780000, 0x00000007c0000000)
  eden space 96256K, 0% used [0x000000076d100000,0x000000076d100000,0x0000000772f00000)
  from space 363520K, 73% used [0x0000000789d80000,0x000000079a270000,0x00000007a0080000)
  to   space 375296K, 0% used [0x0000000772f00000,0x0000000772f00000,0x0000000789d80000)
 ParOldGen       total 1107456K, used 965134K [0x00000006c7200000, 0x000000070ab80000, 0x000000076d100000)
  object space 1107456K, 87% used [0x00000006c7200000,0x0000000702083ae0,0x000000070ab80000)
 Metaspace       used 44021K, capacity 44458K, committed 45056K, reserved 1087488K
  class space    used 6192K, capacity 6327K, committed 6400K, reserved 1048576K
}
Event: 22502.737 GC heap before
{Heap before GC invocations=155 (full 4):
 PSYoungGen      total 459776K, used 363456K [0x000000076d100000, 0x00000007a1780000, 0x00000007c0000000)
  eden space 96256K, 100% used [0x000000076d100000,0x0000000772f00000,0x0000000772f00000)
  from space 363520K, 73% used [0x0000000789d80000,0x000000079a270000,0x00000007a0080000)
  to   space 375296K, 0% used [0x0000000772f00000,0x0000000772f00000,0x0000000789d80000)
 ParOldGen       total 1107456K, used 965134K [0x00000006c7200000, 0x000000070ab80000, 0x000000076d100000)
  object space 1107456K, 87% used [0x00000006c7200000,0x0000000702083ae0,0x000000070ab80000)
 Metaspace       used 44021K, capacity 44458K, committed 45056K, reserved 1087488K
  class space    used 6192K, capacity 6327K, committed 6400K, reserved 1048576K
Event: 22502.961 GC heap after
Heap after GC invocations=155 (full 4):
 PSYoungGen      total 471552K, used 262304K [0x000000076d100000, 0x00000007a1a80000, 0x00000007c0000000)
  eden space 96256K, 0% used [0x000000076d100000,0x000000076d100000,0x0000000772f00000)
  from space 375296K, 69% used [0x0000000772f00000,0x0000000782f28000,0x0000000789d80000)
  to   space 381952K, 0% used [0x000000078a580000,0x000000078a580000,0x00000007a1a80000)
 ParOldGen       total 1107456K, used 980229K [0x00000006c7200000, 0x000000070ab80000, 0x000000076d100000)
  object space 1107456K, 88% used [0x00000006c7200000,0x0000000702f414e0,0x000000070ab80000)
 Metaspace       used 44021K, capacity 44458K, committed 45056K, reserved 1087488K
  class space    used 6192K, capacity 6327K, committed 6400K, reserved 1048576K
}
Event: 22722.742 GC heap before
{Heap before GC invocations=156 (full 4):
 PSYoungGen      total 471552K, used 358560K [0x000000076d100000, 0x00000007a1a80000, 0x00000007c0000000)
  eden space 96256K, 100% used [0x000000076d100000,0x0000000772f00000,0x0000000772f00000)
  from space 375296K, 69% used [0x0000000772f00000,0x0000000782f28000,0x0000000789d80000)
  to   space 381952K, 0% used [0x000000078a580000,0x000000078a580000,0x00000007a1a80000)
 ParOldGen       total 1107456K, used 980229K [0x00000006c7200000, 0x000000070ab80000, 0x000000076d100000)
  object space 1107456K, 88% used [0x00000006c7200000,0x0000000702f414e0,0x000000070ab80000)
 Metaspace       used 44022K, capacity 44458K, committed 45056K, reserved 1087488K
  class space    used 6193K, capacity 6327K, committed 6400K, reserved 1048576K
Event: 22722.997 GC heap after
Heap after GC invocations=156 (full 4):
 PSYoungGen      total 478208K, used 253536K [0x000000076d100000, 0x00000007a1d80000, 0x00000007c0000000)
  eden space 96256K, 0% used [0x000000076d100000,0x000000076d100000,0x0000000772f00000)
  from space 381952K, 66% used [0x000000078a580000,0x0000000799d18000,0x00000007a1a80000)
  to   space 383488K, 0% used [0x0000000772f00000,0x0000000772f00000,0x000000078a580000)
 ParOldGen       total 1107456K, used 999741K [0x00000006c7200000, 0x000000070ab80000, 0x000000076d100000)
  object space 1107456K, 90% used [0x00000006c7200000,0x000000070424f660,0x000000070ab80000)
 Metaspace       used 44022K, capacity 44458K, committed 45056K, reserved 1087488K
  class space    used 6193K, capacity 6327K, committed 6400K, reserved 1048576K
}
Event: 22952.756 GC heap before
{Heap before GC invocations=157 (full 4):
 PSYoungGen      total 478208K, used 349792K [0x000000076d100000, 0x00000007a1d80000, 0x00000007c0000000)
  eden space 96256K, 100% used [0x000000076d100000,0x0000000772f00000,0x0000000772f00000)
  from space 381952K, 66% used [0x000000078a580000,0x0000000799d18000,0x00000007a1a80000)
  to   space 383488K, 0% used [0x0000000772f00000,0x0000000772f00000,0x000000078a580000)
 ParOldGen       total 1107456K, used 999741K [0x00000006c7200000, 0x000000070ab80000, 0x000000076d100000)
  object space 1107456K, 90% used [0x00000006c7200000,0x000000070424f660,0x000000070ab80000)
 Metaspace       used 44022K, capacity 44458K, committed 45056K, reserved 1087488K
  class space    used 6193K, capacity 6327K, committed 6400K, reserved 1048576K
Event: 22952.965 GC heap after
Heap after GC invocations=157 (full 4):
 PSYoungGen      total 479744K, used 252992K [0x000000076d100000, 0x00000007a1c80000, 0x00000007c0000000)
  eden space 96256K, 0% used [0x000000076d100000,0x000000076d100000,0x0000000772f00000)
  from space 383488K, 65% used [0x0000000772f00000,0x0000000782610000,0x000000078a580000)
  to   space 382976K, 0% used [0x000000078a680000,0x000000078a680000,0x00000007a1c80000)
 ParOldGen       total 1107456K, used 1012298K [0x00000006c7200000, 0x000000070ab80000, 0x000000076d100000)
  object space 1107456K, 91% used [0x00000006c7200000,0x0000000704e92910,0x000000070ab80000)
 Metaspace       used 44022K, capacity 44458K, committed 45056K, reserved 1087488K
  class space    used 6193K, capacity 6327K, committed 6400K, reserved 1048576K
}
Event: 23192.756 GC heap before
{Heap before GC invocations=158 (full 4):
 PSYoungGen      total 479744K, used 349248K [0x000000076d100000, 0x00000007a1c80000, 0x00000007c0000000)
  eden space 96256K, 100% used [0x000000076d100000,0x0000000772f00000,0x0000000772f00000)
  from space 383488K, 65% used [0x0000000772f00000,0x0000000782610000,0x000000078a580000)
  to   space 382976K, 0% used [0x000000078a680000,0x000000078a680000,0x00000007a1c80000)
 ParOldGen       total 1107456K, used 1012298K [0x00000006c7200000, 0x000000070ab80000, 0x000000076d100000)
  object space 1107456K, 91% used [0x00000006c7200000,0x0000000704e92910,0x000000070ab80000)
 Metaspace       used 44022K, capacity 44458K, committed 45056K, reserved 1087488K
  class space    used 6193K, capacity 6327K, committed 6400K, reserved 1048576K
Event: 23192.975 GC heap after
Heap after GC invocations=158 (full 4):
 PSYoungGen      total 467456K, used 239872K [0x000000076d100000, 0x00000007a0f80000, 0x00000007c0000000)
  eden space 97792K, 0% used [0x000000076d100000,0x000000076d100000,0x0000000773080000)
  from space 369664K, 64% used [0x000000078a680000,0x00000007990c0000,0x00000007a0f80000)
  to   space 376320K, 0% used [0x0000000773080000,0x0000000773080000,0x000000078a000000)
 ParOldGen       total 1107456K, used 1036876K [0x00000006c7200000, 0x000000070ab80000, 0x000000076d100000)
  object space 1107456K, 93% used [0x00000006c7200000,0x0000000706693380,0x000000070ab80000)
 Metaspace       used 44022K, capacity 44458K, committed 45056K, reserved 1087488K
  class space    used 6193K, capacity 6327K, committed 6400K, reserved 1048576K
}
Event: 23412.403 GC heap before
{Heap before GC invocations=159 (full 4):
 PSYoungGen      total 467456K, used 337664K [0x000000076d100000, 0x00000007a0f80000, 0x00000007c0000000)
  eden space 97792K, 100% used [0x000000076d100000,0x0000000773080000,0x0000000773080000)
  from space 369664K, 64% used [0x000000078a680000,0x00000007990c0000,0x00000007a0f80000)
  to   space 376320K, 0% used [0x0000000773080000,0x0000000773080000,0x000000078a000000)
 ParOldGen       total 1107456K, used 1036876K [0x00000006c7200000, 0x000000070ab80000, 0x000000076d100000)
  object space 1107456K, 93% used [0x00000006c7200000,0x0000000706693380,0x000000070ab80000)
 Metaspace       used 44022K, capacity 44458K, committed 45056K, reserved 1087488K
  class space    used 6193K, capacity 6327K, committed 6400K, reserved 1048576K
Event: 23412.627 GC heap after
Heap after GC invocations=159 (full 4):
 PSYoungGen      total 324608K, used 226336K [0x000000076d100000, 0x000000079fa00000, 0x00000007c0000000)
  eden space 97792K, 0% used [0x000000076d100000,0x000000076d100000,0x0000000773080000)
  from space 226816K, 99% used [0x0000000773080000,0x0000000780d88000,0x0000000780e00000)
  to   space 364544K, 0% used [0x0000000789600000,0x0000000789600000,0x000000079fa00000)
 ParOldGen       total 1107456K, used 1061335K [0x00000006c7200000, 0x000000070ab80000, 0x000000076d100000)
  object space 1107456K, 95% used [0x00000006c7200000,0x0000000707e75db0,0x000000070ab80000)
 Metaspace       used 44022K, capacity 44458K, committed 45056K, reserved 1087488K
  class space    used 6193K, capacity 6327K, committed 6400K, reserved 1048576K
}
Event: 23552.767 GC heap before
{Heap before GC invocations=160 (full 4):
 PSYoungGen      total 324608K, used 324128K [0x000000076d100000, 0x000000079fa00000, 0x00000007c0000000)
  eden space 97792K, 100% used [0x000000076d100000,0x0000000773080000,0x0000000773080000)
  from space 226816K, 99% used [0x0000000773080000,0x0000000780d88000,0x0000000780e00000)
  to   space 364544K, 0% used [0x0000000789600000,0x0000000789600000,0x000000079fa00000)
 ParOldGen       total 1107456K, used 1061335K [0x00000006c7200000, 0x000000070ab80000, 0x000000076d100000)
  object space 1107456K, 95% used [0x00000006c7200000,0x0000000707e75db0,0x000000070ab80000)
 Metaspace       used 44022K, capacity 44458K, committed 45056K, reserved 1087488K
  class space    used 6193K, capacity 6327K, committed 6400K, reserved 1048576K
Event: 23552.978 GC heap after
Heap after GC invocations=160 (full 4):
 PSYoungGen      total 435200K, used 210368K [0x000000076d100000, 0x000000079de00000, 0x00000007c0000000)
  eden space 99328K, 0% used [0x000000076d100000,0x000000076d100000,0x0000000773200000)
  from space 335872K, 62% used [0x0000000789600000,0x0000000796370000,0x000000079de00000)
  to   space 350208K, 0% used [0x0000000773200000,0x0000000773200000,0x0000000788800000)
 ParOldGen       total 1107456K, used 1083032K [0x00000006c7200000, 0x000000070ab80000, 0x000000076d100000)
  object space 1107456K, 97% used [0x00000006c7200000,0x00000007093a6310,0x000000070ab80000)
 Metaspace       used 44022K, capacity 44458K, committed 45056K, reserved 1087488K
  class space    used 6193K, capacity 6327K, committed 6400K, reserved 1048576K
}
Event: 23552.978 GC heap before
{Heap before GC invocations=161 (full 5):
 PSYoungGen      total 435200K, used 210368K [0x000000076d100000, 0x000000079de00000, 0x00000007c0000000)
  eden space 99328K, 0% used [0x000000076d100000,0x000000076d100000,0x0000000773200000)
  from space 335872K, 62% used [0x0000000789600000,0x0000000796370000,0x000000079de00000)
  to   space 350208K, 0% used [0x0000000773200000,0x0000000773200000,0x0000000788800000)
 ParOldGen       total 1107456K, used 1083032K [0x00000006c7200000, 0x000000070ab80000, 0x000000076d100000)
  object space 1107456K, 97% used [0x00000006c7200000,0x00000007093a6310,0x000000070ab80000)
 Metaspace       used 44022K, capacity 44458K, committed 45056K, reserved 1087488K
  class space    used 6193K, capacity 6327K, committed 6400K, reserved 1048576K

