# JRE version: OpenJDK Runtime Environment (8.0_191-b12) (build 1.8.0_191-b12)
# Java VM: OpenJDK 64-Bit Server VM (25.191-b12 mixed mode linux-amd64 compressed oops)
Heap:
 PSYoungGen      total 527872K, used 249308K [0x000000076d100000, 0x0000000792080000, 0x00000007c0000000)
  eden space 492544K, 43% used [0x000000076d100000,0x000000077a1f9d60,0x000000078b200000)
  from space 35328K, 99% used [0x000000078fe00000,0x000000079207d558,0x0000000792080000)
  to   space 54784K, 0% used [0x000000078b580000,0x000000078b580000,0x000000078eb00000)
 ParOldGen       total 267776K, used 148930K [0x00000006c7200000, 0x00000006d7780000, 0x000000076d100000)
  object space 267776K, 55% used [0x00000006c7200000,0x00000006d0370900,0x00000006d7780000)
 Metaspace       used 48751K, capacity 49198K, committed 49832K, reserved 1091584K
  class space    used 6641K, capacity 6771K, committed 6832K, reserved 1048576K
GC Heap History (42 events):
Event: 5.264 GC heap before
{Heap before GC invocations=1 (full 0):
 PSYoungGen      total 74752K, used 36387K [0x000000076d100000, 0x0000000772400000, 0x00000007c0000000)
  eden space 64512K, 56% used [0x000000076d100000,0x000000076f488f08,0x0000000771000000)
  from space 10240K, 0% used [0x0000000771a00000,0x0000000771a00000,0x0000000772400000)
  to   space 10240K, 0% used [0x0000000771000000,0x0000000771000000,0x0000000771a00000)
 ParOldGen       total 171008K, used 0K [0x00000006c7200000, 0x00000006d1900000, 0x000000076d100000)
  object space 171008K, 0% used [0x00000006c7200000,0x00000006c7200000,0x00000006d1900000)
 Metaspace       used 20667K, capacity 20928K, committed 21296K, reserved 1069056K
  class space    used 2481K, capacity 2592K, committed 2608K, reserved 1048576K
Event: 5.281 GC heap after
Heap after GC invocations=1 (full 0):
 PSYoungGen      total 74752K, used 6524K [0x000000076d100000, 0x0000000772400000, 0x00000007c0000000)
  eden space 64512K, 0% used [0x000000076d100000,0x000000076d100000,0x0000000771000000)
  from space 10240K, 63% used [0x0000000771000000,0x000000077165f038,0x0000000771a00000)
  to   space 10240K, 0% used [0x0000000771a00000,0x0000000771a00000,0x0000000772400000)
 ParOldGen       total 171008K, used 16K [0x00000006c7200000, 0x00000006d1900000, 0x000000076d100000)
  object space 171008K, 0% used [0x00000006c7200000,0x00000006c7204000,0x00000006d1900000)
 Metaspace       used 20667K, capacity 20928K, committed 21296K, reserved 1069056K
  class space    used 2481K, capacity 2592K, committed 2608K, reserved 1048576K
}
Event: 5.281 GC heap before
{Heap before GC invocations=2 (full 1):
 PSYoungGen      total 74752K, used 6524K [0x000000076d100000, 0x0000000772400000, 0x00000007c0000000)
  eden space 64512K, 0% used [0x000000076d100000,0x000000076d100000,0x0000000771000000)
  from space 10240K, 63% used [0x0000000771000000,0x000000077165f038,0x0000000771a00000)
  to   space 10240K, 0% used [0x0000000771a00000,0x0000000771a00000,0x0000000772400000)
 ParOldGen       total 171008K, used 16K [0x00000006c7200000, 0x00000006d1900000, 0x000000076d100000)
  object space 171008K, 0% used [0x00000006c7200000,0x00000006c7204000,0x00000006d1900000)
 Metaspace       used 20667K, capacity 20928K, committed 21296K, reserved 1069056K
  class space    used 2481K, capacity 2592K, committed 2608K, reserved 1048576K
Event: 5.319 GC heap after
Heap after GC invocations=2 (full 1):
 PSYoungGen      total 74752K, used 0K [0x000000076d100000, 0x0000000772400000, 0x00000007c0000000)
  eden space 64512K, 0% used [0x000000076d100000,0x000000076d100000,0x0000000771000000)
  from space 10240K, 0% used [0x0000000771000000,0x0000000771000000,0x0000000771a00000)
  to   space 10240K, 0% used [0x0000000771a00000,0x0000000771a00000,0x0000000772400000)
 ParOldGen       total 116736K, used 6332K [0x00000006c7200000, 0x00000006ce400000, 0x000000076d100000)
  object space 116736K, 5% used [0x00000006c7200000,0x00000006c782f0f0,0x00000006ce400000)
 Metaspace       used 20667K, capacity 20928K, committed 21296K, reserved 1069056K
  class space    used 2481K, capacity 2592K, committed 2608K, reserved 1048576K
}
Event: 12.872 GC heap before
{Heap before GC invocations=3 (full 1):
 PSYoungGen      total 74752K, used 48241K [0x000000076d100000, 0x0000000772400000, 0x00000007c0000000)
  eden space 64512K, 74% used [0x000000076d100000,0x000000077001c588,0x0000000771000000)
  from space 10240K, 0% used [0x0000000771000000,0x0000000771000000,0x0000000771a00000)
  to   space 10240K, 0% used [0x0000000771a00000,0x0000000771a00000,0x0000000772400000)
 ParOldGen       total 116736K, used 6332K [0x00000006c7200000, 0x00000006ce400000, 0x000000076d100000)
  object space 116736K, 5% used [0x00000006c7200000,0x00000006c782f0f0,0x00000006ce400000)
 Metaspace       used 34796K, capacity 35098K, committed 35496K, reserved 1079296K
  class space    used 5157K, capacity 5257K, committed 5296K, reserved 1048576K
Event: 12.884 GC heap after
Heap after GC invocations=3 (full 1):
 PSYoungGen      total 74752K, used 5446K [0x000000076d100000, 0x0000000772400000, 0x00000007c0000000)
  eden space 64512K, 0% used [0x000000076d100000,0x000000076d100000,0x0000000771000000)
  from space 10240K, 53% used [0x0000000771a00000,0x0000000771f518b8,0x0000000772400000)
  to   space 10240K, 0% used [0x0000000771000000,0x0000000771000000,0x0000000771a00000)
 ParOldGen       total 116736K, used 6340K [0x00000006c7200000, 0x00000006ce400000, 0x000000076d100000)
  object space 116736K, 5% used [0x00000006c7200000,0x00000006c78310f0,0x00000006ce400000)
 Metaspace       used 34796K, capacity 35098K, committed 35496K, reserved 1079296K
  class space    used 5157K, capacity 5257K, committed 5296K, reserved 1048576K
}
Event: 12.884 GC heap before
{Heap before GC invocations=4 (full 2):
 PSYoungGen      total 74752K, used 5446K [0x000000076d100000, 0x0000000772400000, 0x00000007c0000000)
  eden space 64512K, 0% used [0x000000076d100000,0x000000076d100000,0x0000000771000000)
  from space 10240K, 53% used [0x0000000771a00000,0x0000000771f518b8,0x0000000772400000)
  to   space 10240K, 0% used [0x0000000771000000,0x0000000771000000,0x0000000771a00000)
 ParOldGen       total 116736K, used 6340K [0x00000006c7200000, 0x00000006ce400000, 0x000000076d100000)
  object space 116736K, 5% used [0x00000006c7200000,0x00000006c78310f0,0x00000006ce400000)
 Metaspace       used 34796K, capacity 35098K, committed 35496K, reserved 1079296K
  class space    used 5157K, capacity 5257K, committed 5296K, reserved 1048576K
Event: 12.922 GC heap after
Heap after GC invocations=4 (full 2):
 PSYoungGen      total 74752K, used 0K [0x000000076d100000, 0x0000000772400000, 0x00000007c0000000)
  eden space 64512K, 0% used [0x000000076d100000,0x000000076d100000,0x0000000771000000)
  from space 10240K, 0% used [0x0000000771a00000,0x0000000771a00000,0x0000000772400000)
  to   space 10240K, 0% used [0x0000000771000000,0x0000000771000000,0x0000000771a00000)
 ParOldGen       total 120320K, used 10037K [0x00000006c7200000, 0x00000006ce780000, 0x000000076d100000)
  object space 120320K, 8% used [0x00000006c7200000,0x00000006c7bcd6d0,0x00000006ce780000)
 Metaspace       used 34796K, capacity 35098K, committed 35496K, reserved 1079296K
  class space    used 5157K, capacity 5257K, committed 5296K, reserved 1048576K
}
Event: 523.190 GC heap before
{Heap before GC invocations=5 (full 2):
 PSYoungGen      total 74752K, used 64512K [0x000000076d100000, 0x0000000772400000, 0x00000007c0000000)
  eden space 64512K, 100% used [0x000000076d100000,0x0000000771000000,0x0000000771000000)
  from space 10240K, 0% used [0x0000000771a00000,0x0000000771a00000,0x0000000772400000)
  to   space 10240K, 0% used [0x0000000771000000,0x0000000771000000,0x0000000771a00000)
 ParOldGen       total 120320K, used 10037K [0x00000006c7200000, 0x00000006ce780000, 0x000000076d100000)
  object space 120320K, 8% used [0x00000006c7200000,0x00000006c7bcd6d0,0x00000006ce780000)
 Metaspace       used 37693K, capacity 38046K, committed 38696K, reserved 1083392K
  class space    used 5505K, capacity 5615K, committed 5680K, reserved 1048576K
Event: 523.217 GC heap after
Heap after GC invocations=5 (full 2):
 PSYoungGen      total 74752K, used 4947K [0x000000076d100000, 0x0000000772400000, 0x00000007c0000000)
  eden space 64512K, 0% used [0x000000076d100000,0x000000076d100000,0x0000000771000000)
  from space 10240K, 48% used [0x0000000771000000,0x00000007714d4f50,0x0000000771a00000)
  to   space 10240K, 0% used [0x0000000771a00000,0x0000000771a00000,0x0000000772400000)
 ParOldGen       total 120320K, used 42445K [0x00000006c7200000, 0x00000006ce780000, 0x000000076d100000)
  object space 120320K, 35% used [0x00000006c7200000,0x00000006c9b73710,0x00000006ce780000)
 Metaspace       used 37693K, capacity 38046K, committed 38696K, reserved 1083392K
  class space    used 5505K, capacity 5615K, committed 5680K, reserved 1048576K
}
Event: 1388.183 GC heap before
{Heap before GC invocations=6 (full 2):
 PSYoungGen      total 74752K, used 69459K [0x000000076d100000, 0x0000000772400000, 0x00000007c0000000)
  eden space 64512K, 100% used [0x000000076d100000,0x0000000771000000,0x0000000771000000)
  from space 10240K, 48% used [0x0000000771000000,0x00000007714d4f50,0x0000000771a00000)
  to   space 10240K, 0% used [0x0000000771a00000,0x0000000771a00000,0x0000000772400000)
 ParOldGen       total 120320K, used 42445K [0x00000006c7200000, 0x00000006ce780000, 0x000000076d100000)
  object space 120320K, 35% used [0x00000006c7200000,0x00000006c9b73710,0x00000006ce780000)
 Metaspace       used 41175K, capacity 41568K, committed 42152K, reserved 1085440K
  class space    used 5867K, capacity 5980K, committed 6064K, reserved 1048576K
Event: 1388.194 GC heap after
Heap after GC invocations=6 (full 2):
 PSYoungGen      total 74752K, used 8256K [0x000000076d100000, 0x0000000772400000, 0x00000007c0000000)
  eden space 64512K, 0% used [0x000000076d100000,0x000000076d100000,0x0000000771000000)
  from space 10240K, 80% used [0x0000000771a00000,0x0000000772210128,0x0000000772400000)
  to   space 10240K, 0% used [0x0000000771000000,0x0000000771000000,0x0000000771a00000)
 ParOldGen       total 120320K, used 42517K [0x00000006c7200000, 0x00000006ce780000, 0x000000076d100000)
  object space 120320K, 35% used [0x00000006c7200000,0x00000006c9b85720,0x00000006ce780000)
 Metaspace       used 41175K, capacity 41568K, committed 42152K, reserved 1085440K
  class space    used 5867K, capacity 5980K, committed 6064K, reserved 1048576K
}
Event: 1388.295 GC heap before
{Heap before GC invocations=7 (full 2):
 PSYoungGen      total 74752K, used 72768K [0x000000076d100000, 0x0000000772400000, 0x00000007c0000000)
  eden space 64512K, 100% used [0x000000076d100000,0x0000000771000000,0x0000000771000000)
  from space 10240K, 80% used [0x0000000771a00000,0x0000000772210128,0x0000000772400000)
  to   space 10240K, 0% used [0x0000000771000000,0x0000000771000000,0x0000000771a00000)
 ParOldGen       total 120320K, used 42517K [0x00000006c7200000, 0x00000006ce780000, 0x000000076d100000)
  object space 120320K, 35% used [0x00000006c7200000,0x00000006c9b85720,0x00000006ce780000)
 Metaspace       used 41327K, capacity 41696K, committed 42408K, reserved 1085440K
  class space    used 5877K, capacity 5980K, committed 6064K, reserved 1048576K
Event: 1388.309 GC heap after
Heap after GC invocations=7 (full 2):
 PSYoungGen      total 74752K, used 10224K [0x000000076d100000, 0x0000000776900000, 0x00000007c0000000)
  eden space 64512K, 0% used [0x000000076d100000,0x000000076d100000,0x0000000771000000)
  from space 10240K, 99% used [0x0000000771000000,0x00000007719fc030,0x0000000771a00000)
  to   space 18432K, 0% used [0x0000000775700000,0x0000000775700000,0x0000000776900000)
 ParOldGen       total 120320K, used 53281K [0x00000006c7200000, 0x00000006ce780000, 0x000000076d100000)
  object space 120320K, 44% used [0x00000006c7200000,0x00000006ca608540,0x00000006ce780000)
 Metaspace       used 41327K, capacity 41696K, committed 42408K, reserved 1085440K
  class space    used 5877K, capacity 5980K, committed 6064K, reserved 1048576K
}
Event: 1388.357 GC heap before
{Heap before GC invocations=8 (full 2):
 PSYoungGen      total 74752K, used 74736K [0x000000076d100000, 0x0000000776900000, 0x00000007c0000000)
  eden space 64512K, 100% used [0x000000076d100000,0x0000000771000000,0x0000000771000000)
  from space 10240K, 99% used [0x0000000771000000,0x00000007719fc030,0x0000000771a00000)
  to   space 18432K, 0% used [0x0000000775700000,0x0000000775700000,0x0000000776900000)
 ParOldGen       total 120320K, used 53281K [0x00000006c7200000, 0x00000006ce780000, 0x000000076d100000)
  object space 120320K, 44% used [0x00000006c7200000,0x00000006ca608540,0x00000006ce780000)
 Metaspace       used 41327K, capacity 41696K, committed 42408K, reserved 1085440K
  class space    used 5877K, capacity 5980K, committed 6064K, reserved 1048576K
Event: 1388.361 GC heap after
Heap after GC invocations=8 (full 2):
 PSYoungGen      total 138240K, used 10304K [0x000000076d100000, 0x0000000776980000, 0x00000007c0000000)
  eden space 119808K, 0% used [0x000000076d100000,0x000000076d100000,0x0000000774600000)
  from space 18432K, 55% used [0x0000000775700000,0x0000000776110040,0x0000000776900000)
  to   space 17408K, 0% used [0x0000000774600000,0x0000000774600000,0x0000000775700000)
 ParOldGen       total 120320K, used 53289K [0x00000006c7200000, 0x00000006ce780000, 0x000000076d100000)
  object space 120320K, 44% used [0x00000006c7200000,0x00000006ca60a540,0x00000006ce780000)
 Metaspace       used 41327K, capacity 41696K, committed 42408K, reserved 1085440K
  class space    used 5877K, capacity 5980K, committed 6064K, reserved 1048576K
}
Event: 1388.611 GC heap before
{Heap before GC invocations=9 (full 2):
 PSYoungGen      total 138240K, used 130112K [0x000000076d100000, 0x0000000776980000, 0x00000007c0000000)
  eden space 119808K, 100% used [0x000000076d100000,0x0000000774600000,0x0000000774600000)
  from space 18432K, 55% used [0x0000000775700000,0x0000000776110040,0x0000000776900000)
  to   space 17408K, 0% used [0x0000000774600000,0x0000000774600000,0x0000000775700000)
 ParOldGen       total 120320K, used 53289K [0x00000006c7200000, 0x00000006ce780000, 0x000000076d100000)
  object space 120320K, 44% used [0x00000006c7200000,0x00000006ca60a540,0x00000006ce780000)
 Metaspace       used 41383K, capacity 41792K, committed 42408K, reserved 1085440K
  class space    used 5885K, capacity 6012K, committed 6064K, reserved 1048576K
Event: 1388.622 GC heap after
Heap after GC invocations=9 (full 2):
 PSYoungGen      total 137216K, used 17376K [0x000000076d100000, 0x000000077d580000, 0x00000007c0000000)
  eden space 119808K, 0% used [0x000000076d100000,0x000000076d100000,0x0000000774600000)
  from space 17408K, 99% used [0x0000000774600000,0x00000007756f8040,0x0000000775700000)
  to   space 20992K, 0% used [0x000000077c100000,0x000000077c100000,0x000000077d580000)
 ParOldGen       total 120320K, used 53760K [0x00000006c7200000, 0x00000006ce780000, 0x000000076d100000)
  object space 120320K, 44% used [0x00000006c7200000,0x00000006ca680008,0x00000006ce780000)
 Metaspace       used 41383K, capacity 41792K, committed 42408K, reserved 1085440K
  class space    used 5885K, capacity 6012K, committed 6064K, reserved 1048576K
}
Event: 2423.051 GC heap before
{Heap before GC invocations=10 (full 2):
 PSYoungGen      total 137216K, used 137184K [0x000000076d100000, 0x000000077d580000, 0x00000007c0000000)
  eden space 119808K, 100% used [0x000000076d100000,0x0000000774600000,0x0000000774600000)
  from space 17408K, 99% used [0x0000000774600000,0x00000007756f8040,0x0000000775700000)
  to   space 20992K, 0% used [0x000000077c100000,0x000000077c100000,0x000000077d580000)
 ParOldGen       total 120320K, used 53760K [0x00000006c7200000, 0x00000006ce780000, 0x000000076d100000)
  object space 120320K, 44% used [0x00000006c7200000,0x00000006ca680008,0x00000006ce780000)
 Metaspace       used 42300K, capacity 42758K, committed 43304K, reserved 1087488K
  class space    used 6003K, capacity 6151K, committed 6192K, reserved 1048576K
Event: 2423.072 GC heap after
Heap after GC invocations=10 (full 2):
 PSYoungGen      total 237568K, used 20976K [0x000000076d100000, 0x000000077e180000, 0x00000007c0000000)
  eden space 216576K, 0% used [0x000000076d100000,0x000000076d100000,0x000000077a480000)
  from space 20992K, 99% used [0x000000077c100000,0x000000077d57c010,0x000000077d580000)
  to   space 29184K, 0% used [0x000000077a480000,0x000000077a480000,0x000000077c100000)
 ParOldGen       total 120320K, used 65390K [0x00000006c7200000, 0x00000006ce780000, 0x000000076d100000)
  object space 120320K, 54% used [0x00000006c7200000,0x00000006cb1db960,0x00000006ce780000)
 Metaspace       used 42300K, capacity 42758K, committed 43304K, reserved 1087488K
  class space    used 6003K, capacity 6151K, committed 6192K, reserved 1048576K
}
Event: 2426.898 GC heap before
{Heap before GC invocations=11 (full 2):
 PSYoungGen      total 237568K, used 237552K [0x000000076d100000, 0x000000077e180000, 0x00000007c0000000)
  eden space 216576K, 100% used [0x000000076d100000,0x000000077a480000,0x000000077a480000)
  from space 20992K, 99% used [0x000000077c100000,0x000000077d57c010,0x000000077d580000)
  to   space 29184K, 0% used [0x000000077a480000,0x000000077a480000,0x000000077c100000)
 ParOldGen       total 120320K, used 65390K [0x00000006c7200000, 0x00000006ce780000, 0x000000076d100000)
  object space 120320K, 54% used [0x00000006c7200000,0x00000006cb1db960,0x00000006ce780000)
 Metaspace       used 42352K, capacity 42770K, committed 43304K, reserved 1087488K
  class space    used 6004K, capacity 6153K, committed 6192K, reserved 1048576K
Event: 2426.910 GC heap after
Heap after GC invocations=11 (full 2):
 PSYoungGen      total 245760K, used 21376K [0x000000076d100000, 0x0000000784680000, 0x00000007c0000000)
  eden space 216576K, 0% used [0x000000076d100000,0x000000076d100000,0x000000077a480000)
  from space 29184K, 73% used [0x000000077a480000,0x000000077b960000,0x000000077c100000)
  to   space 30720K, 0% used [0x0000000782880000,0x0000000782880000,0x0000000784680000)
 ParOldGen       total 120320K, used 65430K [0x00000006c7200000, 0x00000006ce780000, 0x000000076d100000)
  object space 120320K, 54% used [0x00000006c7200000,0x00000006cb1e5960,0x00000006ce780000)
 Metaspace       used 42352K, capacity 42770K, committed 43304K, reserved 1087488K
  class space    used 6004K, capacity 6153K, committed 6192K, reserved 1048576K
}
Event: 2528.473 GC heap before
{Heap before GC invocations=12 (full 2):
 PSYoungGen      total 245760K, used 237952K [0x000000076d100000, 0x0000000784680000, 0x00000007c0000000)
  eden space 216576K, 100% used [0x000000076d100000,0x000000077a480000,0x000000077a480000)
  from space 29184K, 73% used [0x000000077a480000,0x000000077b960000,0x000000077c100000)
  to   space 30720K, 0% used [0x0000000782880000,0x0000000782880000,0x0000000784680000)
 ParOldGen       total 120320K, used 65430K [0x00000006c7200000, 0x00000006ce780000, 0x000000076d100000)
  object space 120320K, 54% used [0x00000006c7200000,0x00000006cb1e5960,0x00000006ce780000)
 Metaspace       used 42483K, capacity 42962K, committed 43560K, reserved 1087488K
  class space    used 6005K, capacity 6153K, committed 6192K, reserved 1048576K
Event: 2528.489 GC heap after
Heap after GC invocations=12 (full 2):
 PSYoungGen      total 343552K, used 25856K [0x000000076d100000, 0x0000000784500000, 0x00000007c0000000)
  eden space 314368K, 0% used [0x000000076d100000,0x000000076d100000,0x0000000780400000)
  from space 29184K, 88% used [0x0000000782880000,0x00000007841c0000,0x0000000784500000)
  to   space 33280K, 0% used [0x0000000780400000,0x0000000780400000,0x0000000782480000)
 ParOldGen       total 120320K, used 77948K [0x00000006c7200000, 0x00000006ce780000, 0x000000076d100000)
  object space 120320K, 64% used [0x00000006c7200000,0x00000006cbe1f2e8,0x00000006ce780000)
 Metaspace       used 42483K, capacity 42962K, committed 43560K, reserved 1087488K
  class space    used 6005K, capacity 6153K, committed 6192K, reserved 1048576K
}
Event: 2959.718 GC heap before
{Heap before GC invocations=13 (full 2):
 PSYoungGen      total 343552K, used 340224K [0x000000076d100000, 0x0000000784500000, 0x00000007c0000000)
  eden space 314368K, 100% used [0x000000076d100000,0x0000000780400000,0x0000000780400000)
  from space 29184K, 88% used [0x0000000782880000,0x00000007841c0000,0x0000000784500000)
  to   space 33280K, 0% used [0x0000000780400000,0x0000000780400000,0x0000000782480000)
 ParOldGen       total 120320K, used 77948K [0x00000006c7200000, 0x00000006ce780000, 0x000000076d100000)
  object space 120320K, 64% used [0x00000006c7200000,0x00000006cbe1f2e8,0x00000006ce780000)
 Metaspace       used 42812K, capacity 43288K, committed 43816K, reserved 1087488K
  class space    used 6006K, capacity 6154K, committed 6192K, reserved 1048576K
Event: 2959.750 GC heap after
Heap after GC invocations=13 (full 2):
 PSYoungGen      total 347648K, used 17152K [0x000000076d100000, 0x000000078c380000, 0x00000007c0000000)
  eden space 314368K, 0% used [0x000000076d100000,0x000000076d100000,0x0000000780400000)
  from space 33280K, 51% used [0x0000000780400000,0x00000007814c0000,0x0000000782480000)
  to   space 32256K, 0% used [0x000000078a400000,0x000000078a400000,0x000000078c380000)
 ParOldGen       total 120320K, used 85308K [0x00000006c7200000, 0x00000006ce780000, 0x000000076d100000)
  object space 120320K, 70% used [0x00000006c7200000,0x00000006cc54f160,0x00000006ce780000)
 Metaspace       used 42812K, capacity 43288K, committed 43816K, reserved 1087488K
  class space    used 6006K, capacity 6154K, committed 6192K, reserved 1048576K
}
Event: 3144.186 GC heap before
{Heap before GC invocations=14 (full 2):
 PSYoungGen      total 347648K, used 331520K [0x000000076d100000, 0x000000078c380000, 0x00000007c0000000)
  eden space 314368K, 100% used [0x000000076d100000,0x0000000780400000,0x0000000780400000)
  from space 33280K, 51% used [0x0000000780400000,0x00000007814c0000,0x0000000782480000)
  to   space 32256K, 0% used [0x000000078a400000,0x000000078a400000,0x000000078c380000)
 ParOldGen       total 120320K, used 85308K [0x00000006c7200000, 0x00000006ce780000, 0x000000076d100000)
  object space 120320K, 70% used [0x00000006c7200000,0x00000006cc54f160,0x00000006ce780000)
 Metaspace       used 44754K, capacity 45226K, committed 45864K, reserved 1089536K
  class space    used 6195K, capacity 6349K, committed 6448K, reserved 1048576K
Event: 3144.234 GC heap after
Heap after GC invocations=14 (full 2):
 PSYoungGen      total 459776K, used 32256K [0x000000076d100000, 0x000000078dc00000, 0x00000007c0000000)
  eden space 427520K, 0% used [0x000000076d100000,0x000000076d100000,0x0000000787280000)
  from space 32256K, 100% used [0x000000078a400000,0x000000078c380000,0x000000078c380000)
  to   space 50688K, 0% used [0x0000000787280000,0x0000000787280000,0x000000078a400000)
 ParOldGen       total 122368K, used 122282K [0x00000006c7200000, 0x00000006ce980000, 0x000000076d100000)
  object space 122368K, 99% used [0x00000006c7200000,0x00000006ce96a858,0x00000006ce980000)
 Metaspace       used 44754K, capacity 45226K, committed 45864K, reserved 1089536K
  class space    used 6195K, capacity 6349K, committed 6448K, reserved 1048576K
}
Event: 3144.234 GC heap before
{Heap before GC invocations=15 (full 3):
 PSYoungGen      total 459776K, used 32256K [0x000000076d100000, 0x000000078dc00000, 0x00000007c0000000)
  eden space 427520K, 0% used [0x000000076d100000,0x000000076d100000,0x0000000787280000)
  from space 32256K, 100% used [0x000000078a400000,0x000000078c380000,0x000000078c380000)
  to   space 50688K, 0% used [0x0000000787280000,0x0000000787280000,0x000000078a400000)
 ParOldGen       total 122368K, used 122282K [0x00000006c7200000, 0x00000006ce980000, 0x000000076d100000)
  object space 122368K, 99% used [0x00000006c7200000,0x00000006ce96a858,0x00000006ce980000)
 Metaspace       used 44754K, capacity 45226K, committed 45864K, reserved 1089536K
  class space    used 6195K, capacity 6349K, committed 6448K, reserved 1048576K
Event: 3144.508 GC heap after
Heap after GC invocations=15 (full 3):
 PSYoungGen      total 459776K, used 0K [0x000000076d100000, 0x000000078dc00000, 0x00000007c0000000)
  eden space 427520K, 0% used [0x000000076d100000,0x000000076d100000,0x0000000787280000)
  from space 32256K, 0% used [0x000000078a400000,0x000000078a400000,0x000000078c380000)
  to   space 50688K, 0% used [0x0000000787280000,0x0000000787280000,0x000000078a400000)
 ParOldGen       total 267776K, used 105320K [0x00000006c7200000, 0x00000006d7780000, 0x000000076d100000)
  object space 267776K, 39% used [0x00000006c7200000,0x00000006cd8da2b8,0x00000006d7780000)
 Metaspace       used 44754K, capacity 45226K, committed 45864K, reserved 1089536K
  class space    used 6195K, capacity 6349K, committed 6448K, reserved 1048576K
}
Event: 3233.088 GC heap before
{Heap before GC invocations=16 (full 3):
 PSYoungGen      total 459776K, used 427520K [0x000000076d100000, 0x000000078dc00000, 0x00000007c0000000)
  eden space 427520K, 100% used [0x000000076d100000,0x0000000787280000,0x0000000787280000)
  from space 32256K, 0% used [0x000000078a400000,0x000000078a400000,0x000000078c380000)
  to   space 50688K, 0% used [0x0000000787280000,0x0000000787280000,0x000000078a400000)
 ParOldGen       total 267776K, used 105320K [0x00000006c7200000, 0x00000006d7780000, 0x000000076d100000)
  object space 267776K, 39% used [0x00000006c7200000,0x00000006cd8da2b8,0x00000006d7780000)
 Metaspace       used 44938K, capacity 45418K, committed 46120K, reserved 1089536K
  class space    used 6200K, capacity 6349K, committed 6448K, reserved 1048576K
Event: 3233.118 GC heap after
Heap after GC invocations=16 (full 3):
 PSYoungGen      total 478208K, used 15360K [0x000000076d100000, 0x0000000797680000, 0x00000007c0000000)
  eden space 427520K, 0% used [0x000000076d100000,0x000000076d100000,0x0000000787280000)
  from space 50688K, 30% used [0x0000000787280000,0x0000000788180000,0x000000078a400000)
  to   space 48640K, 0% used [0x0000000794700000,0x0000000794700000,0x0000000797680000)
 ParOldGen       total 267776K, used 105328K [0x00000006c7200000, 0x00000006d7780000, 0x000000076d100000)
  object space 267776K, 39% used [0x00000006c7200000,0x00000006cd8dc2b8,0x00000006d7780000)
 Metaspace       used 44938K, capacity 45418K, committed 46120K, reserved 1089536K
  class space    used 6200K, capacity 6349K, committed 6448K, reserved 1048576K
}
Event: 3729.260 GC heap before
{Heap before GC invocations=17 (full 3):
 PSYoungGen      total 478208K, used 442880K [0x000000076d100000, 0x0000000797680000, 0x00000007c0000000)
  eden space 427520K, 100% used [0x000000076d100000,0x0000000787280000,0x0000000787280000)
  from space 50688K, 30% used [0x0000000787280000,0x0000000788180000,0x000000078a400000)
  to   space 48640K, 0% used [0x0000000794700000,0x0000000794700000,0x0000000797680000)
 ParOldGen       total 267776K, used 105328K [0x00000006c7200000, 0x00000006d7780000, 0x000000076d100000)
  object space 267776K, 39% used [0x00000006c7200000,0x00000006cd8dc2b8,0x00000006d7780000)
 Metaspace       used 45094K, capacity 45546K, committed 46376K, reserved 1089536K
  class space    used 6200K, capacity 6349K, committed 6448K, reserved 1048576K
Event: 3729.276 GC heap after
Heap after GC invocations=17 (full 3):
 PSYoungGen      total 607232K, used 14848K [0x000000076d100000, 0x0000000796200000, 0x00000007c0000000)
  eden space 579584K, 0% used [0x000000076d100000,0x000000076d100000,0x0000000790700000)
  from space 27648K, 53% used [0x0000000794700000,0x0000000795580000,0x0000000796200000)
  to   space 46592K, 0% used [0x0000000790700000,0x0000000790700000,0x0000000793480000)
 ParOldGen       total 267776K, used 117558K [0x00000006c7200000, 0x00000006d7780000, 0x000000076d100000)
  object space 267776K, 43% used [0x00000006c7200000,0x00000006ce4cd978,0x00000006d7780000)
 Metaspace       used 45094K, capacity 45546K, committed 46376K, reserved 1089536K
  class space    used 6200K, capacity 6349K, committed 6448K, reserved 1048576K
}
Event: 5560.391 GC heap before
{Heap before GC invocations=18 (full 3):
 PSYoungGen      total 607232K, used 594432K [0x000000076d100000, 0x0000000796200000, 0x00000007c0000000)
  eden space 579584K, 100% used [0x000000076d100000,0x0000000790700000,0x0000000790700000)
  from space 27648K, 53% used [0x0000000794700000,0x0000000795580000,0x0000000796200000)
  to   space 46592K, 0% used [0x0000000790700000,0x0000000790700000,0x0000000793480000)
 ParOldGen       total 267776K, used 117558K [0x00000006c7200000, 0x00000006d7780000, 0x000000076d100000)
  object space 267776K, 43% used [0x00000006c7200000,0x00000006ce4cd978,0x00000006d7780000)
 Metaspace       used 45272K, capacity 45744K, committed 46376K, reserved 1089536K
  class space    used 6201K, capacity 6350K, committed 6448K, reserved 1048576K
Event: 5560.412 GC heap after
Heap after GC invocations=18 (full 3):
 PSYoungGen      total 571904K, used 15840K [0x000000076d100000, 0x0000000794780000, 0x00000007c0000000)
  eden space 556032K, 0% used [0x000000076d100000,0x000000076d100000,0x000000078f000000)
  from space 15872K, 99% used [0x0000000790700000,0x0000000791678000,0x0000000791680000)
  to   space 44544K, 0% used [0x0000000791c00000,0x0000000791c00000,0x0000000794780000)
 ParOldGen       total 267776K, used 127654K [0x00000006c7200000, 0x00000006d7780000, 0x000000076d100000)
  object space 267776K, 47% used [0x00000006c7200000,0x00000006ceea9958,0x00000006d7780000)
 Metaspace       used 45272K, capacity 45744K, committed 46376K, reserved 1089536K
  class space    used 6201K, capacity 6350K, committed 6448K, reserved 1048576K
}
Event: 6505.345 GC heap before
{Heap before GC invocations=19 (full 3):
 PSYoungGen      total 571904K, used 571872K [0x000000076d100000, 0x0000000794780000, 0x00000007c0000000)
  eden space 556032K, 100% used [0x000000076d100000,0x000000078f000000,0x000000078f000000)
  from space 15872K, 99% used [0x0000000790700000,0x0000000791678000,0x0000000791680000)
  to   space 44544K, 0% used [0x0000000791c00000,0x0000000791c00000,0x0000000794780000)
 ParOldGen       total 267776K, used 127654K [0x00000006c7200000, 0x00000006d7780000, 0x000000076d100000)
  object space 267776K, 47% used [0x00000006c7200000,0x00000006ceea9958,0x00000006d7780000)
 Metaspace       used 45742K, capacity 46160K, committed 46888K, reserved 1089536K
  class space    used 6241K, capacity 6382K, committed 6448K, reserved 1048576K
Event: 6505.366 GC heap after
Heap after GC invocations=19 (full 3):
 PSYoungGen      total 550912K, used 16794K [0x000000076d100000, 0x0000000792d00000, 0x00000007c0000000)
  eden space 533504K, 0% used [0x000000076d100000,0x000000076d100000,0x000000078da00000)
  from space 17408K, 96% used [0x0000000791c00000,0x0000000792c66aa8,0x0000000792d00000)
  to   space 42496K, 0% used [0x000000078da00000,0x000000078da00000,0x0000000790380000)
 ParOldGen       total 267776K, used 135319K [0x00000006c7200000, 0x00000006d7780000, 0x000000076d100000)
  object space 267776K, 50% used [0x00000006c7200000,0x00000006cf625fa0,0x00000006d7780000)
 Metaspace       used 45742K, capacity 46160K, committed 46888K, reserved 1089536K
  class space    used 6241K, capacity 6382K, committed 6448K, reserved 1048576K
}
Event: 7808.860 GC heap before
{Heap before GC invocations=20 (full 3):
 PSYoungGen      total 550912K, used 550298K [0x000000076d100000, 0x0000000792d00000, 0x00000007c0000000)
  eden space 533504K, 100% used [0x000000076d100000,0x000000078da00000,0x000000078da00000)
  from space 17408K, 96% used [0x0000000791c00000,0x0000000792c66aa8,0x0000000792d00000)
  to   space 42496K, 0% used [0x000000078da00000,0x000000078da00000,0x0000000790380000)
 ParOldGen       total 267776K, used 135319K [0x00000006c7200000, 0x00000006d7780000, 0x000000076d100000)
  object space 267776K, 50% used [0x00000006c7200000,0x00000006cf625fa0,0x00000006d7780000)
 Metaspace       used 46924K, capacity 47426K, committed 48040K, reserved 1091584K
  class space    used 6386K, capacity 6545K, committed 6576K, reserved 1048576K
Event: 7808.883 GC heap after
Heap after GC invocations=20 (full 3):
 PSYoungGen      total 549376K, used 36499K [0x000000076d100000, 0x0000000792080000, 0x00000007c0000000)
  eden space 512512K, 0% used [0x000000076d100000,0x000000076d100000,0x000000078c580000)
  from space 36864K, 99% used [0x000000078da00000,0x000000078fda4f50,0x000000078fe00000)
  to   space 35328K, 0% used [0x000000078fe00000,0x000000078fe00000,0x0000000792080000)
 ParOldGen       total 267776K, used 135327K [0x00000006c7200000, 0x00000006d7780000, 0x000000076d100000)
  object space 267776K, 50% used [0x00000006c7200000,0x00000006cf627fa0,0x00000006d7780000)
 Metaspace       used 46924K, capacity 47426K, committed 48040K, reserved 1091584K
  class space    used 6386K, capacity 6545K, committed 6576K, reserved 1048576K
}
Event: 8323.239 GC heap before
{Heap before GC invocations=21 (full 3):
 PSYoungGen      total 549376K, used 549006K [0x000000076d100000, 0x0000000792080000, 0x00000007c0000000)
  eden space 512512K, 99% used [0x000000076d100000,0x000000078c57e9e8,0x000000078c580000)
  from space 36864K, 99% used [0x000000078da00000,0x000000078fda4f50,0x000000078fe00000)
  to   space 35328K, 0% used [0x000000078fe00000,0x000000078fe00000,0x0000000792080000)
 ParOldGen       total 267776K, used 135327K [0x00000006c7200000, 0x00000006d7780000, 0x000000076d100000)
  object space 267776K, 50% used [0x00000006c7200000,0x00000006cf627fa0,0x00000006d7780000)
 Metaspace       used 47873K, capacity 48290K, committed 48936K, reserved 1091584K
  class space    used 6516K, capacity 6641K, committed 6704K, reserved 1048576K
Event: 8323.297 GC heap after
Heap after GC invocations=21 (full 3):
 PSYoungGen      total 527872K, used 35317K [0x000000076d100000, 0x0000000792080000, 0x00000007c0000000)
  eden space 492544K, 0% used [0x000000076d100000,0x000000076d100000,0x000000078b200000)
  from space 35328K, 99% used [0x000000078fe00000,0x000000079207d558,0x0000000792080000)
  to   space 54784K, 0% used [0x000000078b580000,0x000000078b580000,0x000000078eb00000)
 ParOldGen       total 267776K, used 148930K [0x00000006c7200000, 0x00000006d7780000, 0x000000076d100000)
  object space 267776K, 55% used [0x00000006c7200000,0x00000006d0370900,0x00000006d7780000)
 Metaspace       used 47873K, capacity 48290K, committed 48936K, reserved 1091584K
  class space    used 6516K, capacity 6641K, committed 6704K, reserved 1048576K
}

