# JRE version: OpenJDK Runtime Environment (8.0_191-b12) (build 1.8.0_191-b12)
# Java VM: OpenJDK 64-Bit Server VM (25.191-b12 mixed mode linux-amd64 compressed oops)
Heap:
 PSYoungGen      total 272896K, used 20459K [0x000000076d100000, 0x000000077f500000, 0x00000007c0000000)
  eden space 252416K, 0% used [0x000000076d100000,0x000000076d100000,0x000000077c780000)
  from space 20480K, 99% used [0x000000077c780000,0x000000077db7ae88,0x000000077db80000)
  to   space 14848K, 0% used [0x000000077db80000,0x000000077db80000,0x000000077ea00000)
 ParOldGen       total 171008K, used 21912K [0x00000006c7200000, 0x00000006d1900000, 0x000000076d100000)
  object space 171008K, 12% used [0x00000006c7200000,0x00000006c87662a0,0x00000006d1900000)
 Metaspace       used 11845K, capacity 12232K, committed 12288K, reserved 1060864K
  class space    used 1172K, capacity 1278K, committed 1280K, reserved 1048576K
GC Heap History (13 events):
Event: 3.464 GC heap before
{Heap before GC invocations=1 (full 0):
 PSYoungGen      total 74752K, used 64512K [0x000000076d100000, 0x0000000772400000, 0x00000007c0000000)
  eden space 64512K, 100% used [0x000000076d100000,0x0000000771000000,0x0000000771000000)
  from space 10240K, 0% used [0x0000000771a00000,0x0000000771a00000,0x0000000772400000)
  to   space 10240K, 0% used [0x0000000771000000,0x0000000771000000,0x0000000771a00000)
 ParOldGen       total 171008K, used 0K [0x00000006c7200000, 0x00000006d1900000, 0x000000076d100000)
  object space 171008K, 0% used [0x00000006c7200000,0x00000006c7200000,0x00000006d1900000)
 Metaspace       used 11472K, capacity 11764K, committed 12032K, reserved 1060864K
  class space    used 1146K, capacity 1258K, committed 1280K, reserved 1048576K
Event: 3.478 GC heap after
Heap after GC invocations=1 (full 0):
 PSYoungGen      total 74752K, used 7251K [0x000000076d100000, 0x0000000772400000, 0x00000007c0000000)
  eden space 64512K, 0% used [0x000000076d100000,0x000000076d100000,0x0000000771000000)
  from space 10240K, 70% used [0x0000000771000000,0x0000000771714c18,0x0000000771a00000)
  to   space 10240K, 0% used [0x0000000771a00000,0x0000000771a00000,0x0000000772400000)
 ParOldGen       total 171008K, used 88K [0x00000006c7200000, 0x00000006d1900000, 0x000000076d100000)
  object space 171008K, 0% used [0x00000006c7200000,0x00000006c7216010,0x00000006d1900000)
 Metaspace       used 11472K, capacity 11764K, committed 12032K, reserved 1060864K
  class space    used 1146K, capacity 1258K, committed 1280K, reserved 1048576K
}
Event: 3.908 GC heap before
{Heap before GC invocations=2 (full 0):
 PSYoungGen      total 74752K, used 71763K [0x000000076d100000, 0x0000000772400000, 0x00000007c0000000)
  eden space 64512K, 100% used [0x000000076d100000,0x0000000771000000,0x0000000771000000)
  from space 10240K, 70% used [0x0000000771000000,0x0000000771714c18,0x0000000771a00000)
  to   space 10240K, 0% used [0x0000000771a00000,0x0000000771a00000,0x0000000772400000)
 ParOldGen       total 171008K, used 88K [0x00000006c7200000, 0x00000006d1900000, 0x000000076d100000)
  object space 171008K, 0% used [0x00000006c7200000,0x00000006c7216010,0x00000006d1900000)
 Metaspace       used 11531K, capacity 11840K, committed 12032K, reserved 1060864K
  class space    used 1147K, capacity 1258K, committed 1280K, reserved 1048576K
Event: 3.917 GC heap after
Heap after GC invocations=2 (full 0):
 PSYoungGen      total 74752K, used 8595K [0x000000076d100000, 0x0000000776300000, 0x00000007c0000000)
  eden space 64512K, 0% used [0x000000076d100000,0x000000076d100000,0x0000000771000000)
  from space 10240K, 83% used [0x0000000771a00000,0x0000000772264d78,0x0000000772400000)
  to   space 10240K, 0% used [0x0000000771000000,0x0000000771000000,0x0000000771a00000)
 ParOldGen       total 171008K, used 96K [0x00000006c7200000, 0x00000006d1900000, 0x000000076d100000)
  object space 171008K, 0% used [0x00000006c7200000,0x00000006c7218010,0x00000006d1900000)
 Metaspace       used 11531K, capacity 11840K, committed 12032K, reserved 1060864K
  class space    used 1147K, capacity 1258K, committed 1280K, reserved 1048576K
}
Event: 4.285 GC heap before
{Heap before GC invocations=3 (full 0):
 PSYoungGen      total 74752K, used 73107K [0x000000076d100000, 0x0000000776300000, 0x00000007c0000000)
  eden space 64512K, 100% used [0x000000076d100000,0x0000000771000000,0x0000000771000000)
  from space 10240K, 83% used [0x0000000771a00000,0x0000000772264d78,0x0000000772400000)
  to   space 10240K, 0% used [0x0000000771000000,0x0000000771000000,0x0000000771a00000)
 ParOldGen       total 171008K, used 96K [0x00000006c7200000, 0x00000006d1900000, 0x000000076d100000)
  object space 171008K, 0% used [0x00000006c7200000,0x00000006c7218010,0x00000006d1900000)
 Metaspace       used 11712K, capacity 12008K, committed 12032K, reserved 1060864K
  class space    used 1165K, capacity 1272K, committed 1280K, reserved 1048576K
Event: 4.291 GC heap after
Heap after GC invocations=3 (full 0):
 PSYoungGen      total 74752K, used 9288K [0x000000076d100000, 0x0000000776300000, 0x00000007c0000000)
  eden space 64512K, 0% used [0x000000076d100000,0x000000076d100000,0x0000000771000000)
  from space 10240K, 90% used [0x0000000771000000,0x0000000771912030,0x0000000771a00000)
  to   space 10240K, 0% used [0x0000000775900000,0x0000000775900000,0x0000000776300000)
 ParOldGen       total 171008K, used 104K [0x00000006c7200000, 0x00000006d1900000, 0x000000076d100000)
  object space 171008K, 0% used [0x00000006c7200000,0x00000006c721a010,0x00000006d1900000)
 Metaspace       used 11712K, capacity 12008K, committed 12032K, reserved 1060864K
  class space    used 1165K, capacity 1272K, committed 1280K, reserved 1048576K
}
Event: 4.762 GC heap before
{Heap before GC invocations=4 (full 0):
 PSYoungGen      total 74752K, used 73800K [0x000000076d100000, 0x0000000776300000, 0x00000007c0000000)
  eden space 64512K, 100% used [0x000000076d100000,0x0000000771000000,0x0000000771000000)
  from space 10240K, 90% used [0x0000000771000000,0x0000000771912030,0x0000000771a00000)
  to   space 10240K, 0% used [0x0000000775900000,0x0000000775900000,0x0000000776300000)
 ParOldGen       total 171008K, used 104K [0x00000006c7200000, 0x00000006d1900000, 0x000000076d100000)
  object space 171008K, 0% used [0x00000006c7200000,0x00000006c721a010,0x00000006d1900000)
 Metaspace       used 11725K, capacity 12082K, committed 12288K, reserved 1060864K
  class space    used 1165K, capacity 1273K, committed 1280K, reserved 1048576K
Event: 4.773 GC heap after
Heap after GC invocations=4 (full 0):
 PSYoungGen      total 139264K, used 10232K [0x000000076d100000, 0x0000000776300000, 0x00000007c0000000)
  eden space 129024K, 0% used [0x000000076d100000,0x000000076d100000,0x0000000774f00000)
  from space 10240K, 99% used [0x0000000775900000,0x00000007762fe050,0x0000000776300000)
  to   space 10240K, 0% used [0x0000000774f00000,0x0000000774f00000,0x0000000775900000)
 ParOldGen       total 171008K, used 1064K [0x00000006c7200000, 0x00000006d1900000, 0x000000076d100000)
  object space 171008K, 0% used [0x00000006c7200000,0x00000006c730a020,0x00000006d1900000)
 Metaspace       used 11725K, capacity 12082K, committed 12288K, reserved 1060864K
  class space    used 1165K, capacity 1273K, committed 1280K, reserved 1048576K
}
Event: 5.621 GC heap before
{Heap before GC invocations=5 (full 0):
 PSYoungGen      total 139264K, used 139256K [0x000000076d100000, 0x0000000776300000, 0x00000007c0000000)
  eden space 129024K, 100% used [0x000000076d100000,0x0000000774f00000,0x0000000774f00000)
  from space 10240K, 99% used [0x0000000775900000,0x00000007762fe050,0x0000000776300000)
  to   space 10240K, 0% used [0x0000000774f00000,0x0000000774f00000,0x0000000775900000)
 ParOldGen       total 171008K, used 1064K [0x00000006c7200000, 0x00000006d1900000, 0x000000076d100000)
  object space 171008K, 0% used [0x00000006c7200000,0x00000006c730a020,0x00000006d1900000)
 Metaspace       used 11730K, capacity 12082K, committed 12288K, reserved 1060864K
  class space    used 1165K, capacity 1273K, committed 1280K, reserved 1048576K
Event: 5.648 GC heap after
Heap after GC invocations=5 (full 0):
 PSYoungGen      total 139264K, used 10216K [0x000000076d100000, 0x000000077ea00000, 0x00000007c0000000)
  eden space 129024K, 0% used [0x000000076d100000,0x000000076d100000,0x0000000774f00000)
  from space 10240K, 99% used [0x0000000774f00000,0x00000007758fa070,0x0000000775900000)
  to   space 14848K, 0% used [0x000000077db80000,0x000000077db80000,0x000000077ea00000)
 ParOldGen       total 171008K, used 4784K [0x00000006c7200000, 0x00000006d1900000, 0x000000076d100000)
  object space 171008K, 2% used [0x00000006c7200000,0x00000006c76ac050,0x00000006d1900000)
 Metaspace       used 11730K, capacity 12082K, committed 12288K, reserved 1060864K
  class space    used 1165K, capacity 1273K, committed 1280K, reserved 1048576K
}
Event: 6.581 GC heap before
{Heap before GC invocations=6 (full 0):
 PSYoungGen      total 139264K, used 139240K [0x000000076d100000, 0x000000077ea00000, 0x00000007c0000000)
  eden space 129024K, 100% used [0x000000076d100000,0x0000000774f00000,0x0000000774f00000)
  from space 10240K, 99% used [0x0000000774f00000,0x00000007758fa070,0x0000000775900000)
  to   space 14848K, 0% used [0x000000077db80000,0x000000077db80000,0x000000077ea00000)
 ParOldGen       total 171008K, used 4784K [0x00000006c7200000, 0x00000006d1900000, 0x000000076d100000)
  object space 171008K, 2% used [0x00000006c7200000,0x00000006c76ac050,0x00000006d1900000)
 Metaspace       used 11824K, capacity 12232K, committed 12288K, reserved 1060864K
  class space    used 1172K, capacity 1278K, committed 1280K, reserved 1048576K
Event: 6.620 GC heap after
Heap after GC invocations=6 (full 0):
 PSYoungGen      total 267264K, used 14840K [0x000000076d100000, 0x000000077f500000, 0x00000007c0000000)
  eden space 252416K, 0% used [0x000000076d100000,0x000000076d100000,0x000000077c780000)
  from space 14848K, 99% used [0x000000077db80000,0x000000077e9fe060,0x000000077ea00000)
  to   space 20480K, 0% used [0x000000077c780000,0x000000077c780000,0x000000077db80000)
 ParOldGen       total 171008K, used 11408K [0x00000006c7200000, 0x00000006d1900000, 0x000000076d100000)
  object space 171008K, 6% used [0x00000006c7200000,0x00000006c7d240b0,0x00000006d1900000)
 Metaspace       used 11824K, capacity 12232K, committed 12288K, reserved 1060864K
  class space    used 1172K, capacity 1278K, committed 1280K, reserved 1048576K
}
Event: 7.145 GC heap before
{Heap before GC invocations=7 (full 0):
 PSYoungGen      total 267264K, used 267256K [0x000000076d100000, 0x000000077f500000, 0x00000007c0000000)
  eden space 252416K, 100% used [0x000000076d100000,0x000000077c780000,0x000000077c780000)
  from space 14848K, 99% used [0x000000077db80000,0x000000077e9fe060,0x000000077ea00000)
  to   space 20480K, 0% used [0x000000077c780000,0x000000077c780000,0x000000077db80000)
 ParOldGen       total 171008K, used 11408K [0x00000006c7200000, 0x00000006d1900000, 0x000000076d100000)
  object space 171008K, 6% used [0x00000006c7200000,0x00000006c7d240b0,0x00000006d1900000)
 Metaspace       used 11845K, capacity 12232K, committed 12288K, reserved 1060864K
  class space    used 1172K, capacity 1278K, committed 1280K, reserved 1048576K

