# JRE version: OpenJDK Runtime Environment (8.0_191-b12) (build 1.8.0_191-b12)
# Java VM: OpenJDK 64-Bit Server VM (25.191-b12 mixed mode linux-amd64 compressed oops)
Heap:
 PSYoungGen      total 527872K, used 47612K [0x000000076d100000, 0x0000000790900000, 0x00000007c0000000)
  eden space 480256K, 0% used [0x000000076d100000,0x000000076d100000,0x000000078a600000)
  from space 47616K, 99% used [0x000000078a600000,0x000000078d47f050,0x000000078d480000)
  to   space 41472K, 0% used [0x000000078d480000,0x000000078d480000,0x000000078fd00000)
 ParOldGen       total 171008K, used 49657K [0x00000006c7200000, 0x00000006d1900000, 0x000000076d100000)
  object space 171008K, 29% used [0x00000006c7200000,0x00000006ca27e618,0x00000006d1900000)
 Metaspace       used 12115K, capacity 12456K, committed 12672K, reserved 1060864K
  class space    used 1178K, capacity 1282K, committed 1408K, reserved 1048576K
GC Heap History (17 events):
Event: 3.507 GC heap before
{Heap before GC invocations=1 (full 0):
 PSYoungGen      total 74752K, used 64512K [0x000000076d100000, 0x0000000772400000, 0x00000007c0000000)
  eden space 64512K, 100% used [0x000000076d100000,0x0000000771000000,0x0000000771000000)
  from space 10240K, 0% used [0x0000000771a00000,0x0000000771a00000,0x0000000772400000)
  to   space 10240K, 0% used [0x0000000771000000,0x0000000771000000,0x0000000771a00000)
 ParOldGen       total 171008K, used 0K [0x00000006c7200000, 0x00000006d1900000, 0x000000076d100000)
  object space 171008K, 0% used [0x00000006c7200000,0x00000006c7200000,0x00000006d1900000)
 Metaspace       used 11486K, capacity 11776K, committed 12032K, reserved 1060864K
  class space    used 1146K, capacity 1258K, committed 1280K, reserved 1048576K
Event: 3.524 GC heap after
Heap after GC invocations=1 (full 0):
 PSYoungGen      total 74752K, used 7203K [0x000000076d100000, 0x0000000772400000, 0x00000007c0000000)
  eden space 64512K, 0% used [0x000000076d100000,0x000000076d100000,0x0000000771000000)
  from space 10240K, 70% used [0x0000000771000000,0x0000000771708e20,0x0000000771a00000)
  to   space 10240K, 0% used [0x0000000771a00000,0x0000000771a00000,0x0000000772400000)
 ParOldGen       total 171008K, used 80K [0x00000006c7200000, 0x00000006d1900000, 0x000000076d100000)
  object space 171008K, 0% used [0x00000006c7200000,0x00000006c7214010,0x00000006d1900000)
 Metaspace       used 11486K, capacity 11776K, committed 12032K, reserved 1060864K
  class space    used 1146K, capacity 1258K, committed 1280K, reserved 1048576K
}
Event: 3.644 GC heap before
{Heap before GC invocations=2 (full 0):
 PSYoungGen      total 74752K, used 71715K [0x000000076d100000, 0x0000000772400000, 0x00000007c0000000)
  eden space 64512K, 100% used [0x000000076d100000,0x0000000771000000,0x0000000771000000)
  from space 10240K, 70% used [0x0000000771000000,0x0000000771708e20,0x0000000771a00000)
  to   space 10240K, 0% used [0x0000000771a00000,0x0000000771a00000,0x0000000772400000)
 ParOldGen       total 171008K, used 80K [0x00000006c7200000, 0x00000006d1900000, 0x000000076d100000)
  object space 171008K, 0% used [0x00000006c7200000,0x00000006c7214010,0x00000006d1900000)
 Metaspace       used 11545K, capacity 11852K, committed 12032K, reserved 1060864K
  class space    used 1147K, capacity 1258K, committed 1280K, reserved 1048576K
Event: 3.650 GC heap after
Heap after GC invocations=2 (full 0):
 PSYoungGen      total 74752K, used 8067K [0x000000076d100000, 0x0000000776300000, 0x00000007c0000000)
  eden space 64512K, 0% used [0x000000076d100000,0x000000076d100000,0x0000000771000000)
  from space 10240K, 78% used [0x0000000771a00000,0x00000007721e0f10,0x0000000772400000)
  to   space 10240K, 0% used [0x0000000771000000,0x0000000771000000,0x0000000771a00000)
 ParOldGen       total 171008K, used 88K [0x00000006c7200000, 0x00000006d1900000, 0x000000076d100000)
  object space 171008K, 0% used [0x00000006c7200000,0x00000006c7216010,0x00000006d1900000)
 Metaspace       used 11545K, capacity 11852K, committed 12032K, reserved 1060864K
  class space    used 1147K, capacity 1258K, committed 1280K, reserved 1048576K
}
Event: 4.118 GC heap before
{Heap before GC invocations=3 (full 0):
 PSYoungGen      total 74752K, used 72579K [0x000000076d100000, 0x0000000776300000, 0x00000007c0000000)
  eden space 64512K, 100% used [0x000000076d100000,0x0000000771000000,0x0000000771000000)
  from space 10240K, 78% used [0x0000000771a00000,0x00000007721e0f10,0x0000000772400000)
  to   space 10240K, 0% used [0x0000000771000000,0x0000000771000000,0x0000000771a00000)
 ParOldGen       total 171008K, used 88K [0x00000006c7200000, 0x00000006d1900000, 0x000000076d100000)
  object space 171008K, 0% used [0x00000006c7200000,0x00000006c7216010,0x00000006d1900000)
 Metaspace       used 11720K, capacity 12020K, committed 12032K, reserved 1060864K
  class space    used 1164K, capacity 1272K, committed 1280K, reserved 1048576K
Event: 4.126 GC heap after
Heap after GC invocations=3 (full 0):
 PSYoungGen      total 74752K, used 9096K [0x000000076d100000, 0x0000000776300000, 0x00000007c0000000)
  eden space 64512K, 0% used [0x000000076d100000,0x000000076d100000,0x0000000771000000)
  from space 10240K, 88% used [0x0000000771000000,0x00000007718e2050,0x0000000771a00000)
  to   space 10240K, 0% used [0x0000000775900000,0x0000000775900000,0x0000000776300000)
 ParOldGen       total 171008K, used 96K [0x00000006c7200000, 0x00000006d1900000, 0x000000076d100000)
  object space 171008K, 0% used [0x00000006c7200000,0x00000006c7218010,0x00000006d1900000)
 Metaspace       used 11720K, capacity 12020K, committed 12032K, reserved 1060864K
  class space    used 1164K, capacity 1272K, committed 1280K, reserved 1048576K
}
Event: 4.379 GC heap before
{Heap before GC invocations=4 (full 0):
 PSYoungGen      total 74752K, used 73608K [0x000000076d100000, 0x0000000776300000, 0x00000007c0000000)
  eden space 64512K, 100% used [0x000000076d100000,0x0000000771000000,0x0000000771000000)
  from space 10240K, 88% used [0x0000000771000000,0x00000007718e2050,0x0000000771a00000)
  to   space 10240K, 0% used [0x0000000775900000,0x0000000775900000,0x0000000776300000)
 ParOldGen       total 171008K, used 96K [0x00000006c7200000, 0x00000006d1900000, 0x000000076d100000)
  object space 171008K, 0% used [0x00000006c7200000,0x00000006c7218010,0x00000006d1900000)
 Metaspace       used 11734K, capacity 12094K, committed 12288K, reserved 1060864K
  class space    used 1165K, capacity 1273K, committed 1280K, reserved 1048576K
Event: 4.390 GC heap after
Heap after GC invocations=4 (full 0):
 PSYoungGen      total 139264K, used 10216K [0x000000076d100000, 0x0000000776300000, 0x00000007c0000000)
  eden space 129024K, 0% used [0x000000076d100000,0x000000076d100000,0x0000000774f00000)
  from space 10240K, 99% used [0x0000000775900000,0x00000007762fa040,0x0000000776300000)
  to   space 10240K, 0% used [0x0000000774f00000,0x0000000774f00000,0x0000000775900000)
 ParOldGen       total 171008K, used 640K [0x00000006c7200000, 0x00000006d1900000, 0x000000076d100000)
  object space 171008K, 0% used [0x00000006c7200000,0x00000006c72a0020,0x00000006d1900000)
 Metaspace       used 11734K, capacity 12094K, committed 12288K, reserved 1060864K
  class space    used 1165K, capacity 1273K, committed 1280K, reserved 1048576K
}
Event: 5.175 GC heap before
{Heap before GC invocations=5 (full 0):
 PSYoungGen      total 139264K, used 139240K [0x000000076d100000, 0x0000000776300000, 0x00000007c0000000)
  eden space 129024K, 100% used [0x000000076d100000,0x0000000774f00000,0x0000000774f00000)
  from space 10240K, 99% used [0x0000000775900000,0x00000007762fa040,0x0000000776300000)
  to   space 10240K, 0% used [0x0000000774f00000,0x0000000774f00000,0x0000000775900000)
 ParOldGen       total 171008K, used 640K [0x00000006c7200000, 0x00000006d1900000, 0x000000076d100000)
  object space 171008K, 0% used [0x00000006c7200000,0x00000006c72a0020,0x00000006d1900000)
 Metaspace       used 11742K, capacity 12094K, committed 12288K, reserved 1060864K
  class space    used 1165K, capacity 1273K, committed 1280K, reserved 1048576K
Event: 5.193 GC heap after
Heap after GC invocations=5 (full 0):
 PSYoungGen      total 139264K, used 10220K [0x000000076d100000, 0x000000077ec00000, 0x00000007c0000000)
  eden space 129024K, 0% used [0x000000076d100000,0x000000076d100000,0x0000000774f00000)
  from space 10240K, 99% used [0x0000000774f00000,0x00000007758fb060,0x0000000775900000)
  to   space 15872K, 0% used [0x000000077dc80000,0x000000077dc80000,0x000000077ec00000)
 ParOldGen       total 171008K, used 6488K [0x00000006c7200000, 0x00000006d1900000, 0x000000076d100000)
  object space 171008K, 3% used [0x00000006c7200000,0x00000006c7856060,0x00000006d1900000)
 Metaspace       used 11742K, capacity 12094K, committed 12288K, reserved 1060864K
  class space    used 1165K, capacity 1273K, committed 1280K, reserved 1048576K
}
Event: 6.310 GC heap before
{Heap before GC invocations=6 (full 0):
 PSYoungGen      total 139264K, used 139244K [0x000000076d100000, 0x000000077ec00000, 0x00000007c0000000)
  eden space 129024K, 100% used [0x000000076d100000,0x0000000774f00000,0x0000000774f00000)
  from space 10240K, 99% used [0x0000000774f00000,0x00000007758fb060,0x0000000775900000)
  to   space 15872K, 0% used [0x000000077dc80000,0x000000077dc80000,0x000000077ec00000)
 ParOldGen       total 171008K, used 6488K [0x00000006c7200000, 0x00000006d1900000, 0x000000076d100000)
  object space 171008K, 3% used [0x00000006c7200000,0x00000006c7856060,0x00000006d1900000)
 Metaspace       used 11835K, capacity 12246K, committed 12288K, reserved 1060864K
  class space    used 1172K, capacity 1279K, committed 1280K, reserved 1048576K
Event: 6.349 GC heap after
Heap after GC invocations=6 (full 0):
 PSYoungGen      total 259072K, used 15848K [0x000000076d100000, 0x0000000780900000, 0x00000007c0000000)
  eden space 243200K, 0% used [0x000000076d100000,0x000000076d100000,0x000000077be80000)
  from space 15872K, 99% used [0x000000077dc80000,0x000000077ebfa050,0x000000077ec00000)
  to   space 30720K, 0% used [0x000000077be80000,0x000000077be80000,0x000000077dc80000)
 ParOldGen       total 171008K, used 28540K [0x00000006c7200000, 0x00000006d1900000, 0x000000076d100000)
  object space 171008K, 16% used [0x00000006c7200000,0x00000006c8ddf130,0x00000006d1900000)
 Metaspace       used 11835K, capacity 12246K, committed 12288K, reserved 1060864K
  class space    used 1172K, capacity 1279K, committed 1280K, reserved 1048576K
}
Event: 6.815 GC heap before
{Heap before GC invocations=7 (full 0):
 PSYoungGen      total 259072K, used 259048K [0x000000076d100000, 0x0000000780900000, 0x00000007c0000000)
  eden space 243200K, 100% used [0x000000076d100000,0x000000077be80000,0x000000077be80000)
  from space 15872K, 99% used [0x000000077dc80000,0x000000077ebfa050,0x000000077ec00000)
  to   space 30720K, 0% used [0x000000077be80000,0x000000077be80000,0x000000077dc80000)
 ParOldGen       total 171008K, used 28540K [0x00000006c7200000, 0x00000006d1900000, 0x000000076d100000)
  object space 171008K, 16% used [0x00000006c7200000,0x00000006c8ddf130,0x00000006d1900000)
 Metaspace       used 11868K, capacity 12246K, committed 12288K, reserved 1060864K
  class space    used 1173K, capacity 1279K, committed 1280K, reserved 1048576K
Event: 6.845 GC heap after
Heap after GC invocations=7 (full 0):
 PSYoungGen      total 273920K, used 30699K [0x000000076d100000, 0x000000078fd00000, 0x00000007c0000000)
  eden space 243200K, 0% used [0x000000076d100000,0x000000076d100000,0x000000077be80000)
  from space 30720K, 99% used [0x000000077be80000,0x000000077dc7aff0,0x000000077dc80000)
  to   space 41472K, 0% used [0x000000078d480000,0x000000078d480000,0x000000078fd00000)
 ParOldGen       total 171008K, used 38221K [0x00000006c7200000, 0x00000006d1900000, 0x000000076d100000)
  object space 171008K, 22% used [0x00000006c7200000,0x00000006c9753588,0x00000006d1900000)
 Metaspace       used 11868K, capacity 12246K, committed 12288K, reserved 1060864K
  class space    used 1173K, capacity 1279K, committed 1280K, reserved 1048576K
}
Event: 19.639 GC heap before
{Heap before GC invocations=8 (full 0):
 PSYoungGen      total 273920K, used 273899K [0x000000076d100000, 0x000000078fd00000, 0x00000007c0000000)
  eden space 243200K, 100% used [0x000000076d100000,0x000000077be80000,0x000000077be80000)
  from space 30720K, 99% used [0x000000077be80000,0x000000077dc7aff0,0x000000077dc80000)
  to   space 41472K, 0% used [0x000000078d480000,0x000000078d480000,0x000000078fd00000)
 ParOldGen       total 171008K, used 38221K [0x00000006c7200000, 0x00000006d1900000, 0x000000076d100000)
  object space 171008K, 22% used [0x00000006c7200000,0x00000006c9753588,0x00000006d1900000)
 Metaspace       used 12062K, capacity 12452K, committed 12672K, reserved 1060864K
  class space    used 1178K, capacity 1282K, committed 1408K, reserved 1048576K
Event: 19.668 GC heap after
Heap after GC invocations=8 (full 0):
 PSYoungGen      total 521728K, used 38244K [0x000000076d100000, 0x0000000790900000, 0x00000007c0000000)
  eden space 480256K, 0% used [0x000000076d100000,0x000000076d100000,0x000000078a600000)
  from space 41472K, 92% used [0x000000078d480000,0x000000078f9d9030,0x000000078fd00000)
  to   space 47616K, 0% used [0x000000078a600000,0x000000078a600000,0x000000078d480000)
 ParOldGen       total 171008K, used 40413K [0x00000006c7200000, 0x00000006d1900000, 0x000000076d100000)
  object space 171008K, 23% used [0x00000006c7200000,0x00000006c9977588,0x00000006d1900000)
 Metaspace       used 12062K, capacity 12452K, committed 12672K, reserved 1060864K
  class space    used 1178K, capacity 1282K, committed 1408K, reserved 1048576K
}
Event: 69.285 GC heap before
{Heap before GC invocations=9 (full 0):
 PSYoungGen      total 521728K, used 518500K [0x000000076d100000, 0x0000000790900000, 0x00000007c0000000)
  eden space 480256K, 100% used [0x000000076d100000,0x000000078a600000,0x000000078a600000)
  from space 41472K, 92% used [0x000000078d480000,0x000000078f9d9030,0x000000078fd00000)
  to   space 47616K, 0% used [0x000000078a600000,0x000000078a600000,0x000000078d480000)
 ParOldGen       total 171008K, used 40413K [0x00000006c7200000, 0x00000006d1900000, 0x000000076d100000)
  object space 171008K, 23% used [0x00000006c7200000,0x00000006c9977588,0x00000006d1900000)
 Metaspace       used 12115K, capacity 12456K, committed 12672K, reserved 1060864K
  class space    used 1178K, capacity 1282K, committed 1408K, reserved 1048576K

