# JRE version: OpenJDK Runtime Environment (8.0_191-b12) (build 1.8.0_191-b12)
# Java VM: OpenJDK 64-Bit Server VM (25.191-b12 mixed mode linux-amd64 compressed oops)
Heap:
 PSYoungGen      total 532992K, used 28652K [0x000000076d100000, 0x000000078f700000, 0x00000007c0000000)
  eden space 504320K, 0% used [0x000000076d100000,0x000000076d100000,0x000000078bd80000)
  from space 28672K, 99% used [0x000000078bd80000,0x000000078d97b128,0x000000078d980000)
  to   space 27136K, 0% used [0x000000078d980000,0x000000078d980000,0x000000078f400000)
 ParOldGen       total 171008K, used 35797K [0x00000006c7200000, 0x00000006d1900000, 0x000000076d100000)
  object space 171008K, 20% used [0x00000006c7200000,0x00000006c94f56a8,0x00000006d1900000)
 Metaspace       used 12061K, capacity 12390K, committed 12672K, reserved 1060864K
  class space    used 1178K, capacity 1281K, committed 1408K, reserved 1048576K
GC Heap History (17 events):
Event: 3.840 GC heap before
{Heap before GC invocations=1 (full 0):
 PSYoungGen      total 74752K, used 64512K [0x000000076d100000, 0x0000000772400000, 0x00000007c0000000)
  eden space 64512K, 100% used [0x000000076d100000,0x0000000771000000,0x0000000771000000)
  from space 10240K, 0% used [0x0000000771a00000,0x0000000771a00000,0x0000000772400000)
  to   space 10240K, 0% used [0x0000000771000000,0x0000000771000000,0x0000000771a00000)
 ParOldGen       total 171008K, used 0K [0x00000006c7200000, 0x00000006d1900000, 0x000000076d100000)
  object space 171008K, 0% used [0x00000006c7200000,0x00000006c7200000,0x00000006d1900000)
 Metaspace       used 11449K, capacity 11768K, committed 12032K, reserved 1060864K
  class space    used 1146K, capacity 1258K, committed 1280K, reserved 1048576K
Event: 3.846 GC heap after
Heap after GC invocations=1 (full 0):
 PSYoungGen      total 74752K, used 7235K [0x000000076d100000, 0x0000000772400000, 0x00000007c0000000)
  eden space 64512K, 0% used [0x000000076d100000,0x000000076d100000,0x0000000771000000)
  from space 10240K, 70% used [0x0000000771000000,0x0000000771710c08,0x0000000771a00000)
  to   space 10240K, 0% used [0x0000000771a00000,0x0000000771a00000,0x0000000772400000)
 ParOldGen       total 171008K, used 72K [0x00000006c7200000, 0x00000006d1900000, 0x000000076d100000)
  object space 171008K, 0% used [0x00000006c7200000,0x00000006c7212010,0x00000006d1900000)
 Metaspace       used 11449K, capacity 11768K, committed 12032K, reserved 1060864K
  class space    used 1146K, capacity 1258K, committed 1280K, reserved 1048576K
}
Event: 4.436 GC heap before
{Heap before GC invocations=2 (full 0):
 PSYoungGen      total 74752K, used 71747K [0x000000076d100000, 0x0000000772400000, 0x00000007c0000000)
  eden space 64512K, 100% used [0x000000076d100000,0x0000000771000000,0x0000000771000000)
  from space 10240K, 70% used [0x0000000771000000,0x0000000771710c08,0x0000000771a00000)
  to   space 10240K, 0% used [0x0000000771a00000,0x0000000771a00000,0x0000000772400000)
 ParOldGen       total 171008K, used 72K [0x00000006c7200000, 0x00000006d1900000, 0x000000076d100000)
  object space 171008K, 0% used [0x00000006c7200000,0x00000006c7212010,0x00000006d1900000)
 Metaspace       used 11506K, capacity 11844K, committed 12032K, reserved 1060864K
  class space    used 1147K, capacity 1258K, committed 1280K, reserved 1048576K
Event: 4.454 GC heap after
Heap after GC invocations=2 (full 0):
 PSYoungGen      total 74752K, used 8147K [0x000000076d100000, 0x0000000776300000, 0x00000007c0000000)
  eden space 64512K, 0% used [0x000000076d100000,0x000000076d100000,0x0000000771000000)
  from space 10240K, 79% used [0x0000000771a00000,0x00000007721f4d68,0x0000000772400000)
  to   space 10240K, 0% used [0x0000000771000000,0x0000000771000000,0x0000000771a00000)
 ParOldGen       total 171008K, used 72K [0x00000006c7200000, 0x00000006d1900000, 0x000000076d100000)
  object space 171008K, 0% used [0x00000006c7200000,0x00000006c7212010,0x00000006d1900000)
 Metaspace       used 11506K, capacity 11844K, committed 12032K, reserved 1060864K
  class space    used 1147K, capacity 1258K, committed 1280K, reserved 1048576K
}
Event: 4.649 GC heap before
{Heap before GC invocations=3 (full 0):
 PSYoungGen      total 74752K, used 72659K [0x000000076d100000, 0x0000000776300000, 0x00000007c0000000)
  eden space 64512K, 100% used [0x000000076d100000,0x0000000771000000,0x0000000771000000)
  from space 10240K, 79% used [0x0000000771a00000,0x00000007721f4d68,0x0000000772400000)
  to   space 10240K, 0% used [0x0000000771000000,0x0000000771000000,0x0000000771a00000)
 ParOldGen       total 171008K, used 72K [0x00000006c7200000, 0x00000006d1900000, 0x000000076d100000)
  object space 171008K, 0% used [0x00000006c7200000,0x00000006c7212010,0x00000006d1900000)
 Metaspace       used 11670K, capacity 12012K, committed 12032K, reserved 1060864K
  class space    used 1165K, capacity 1272K, committed 1280K, reserved 1048576K
Event: 4.667 GC heap after
Heap after GC invocations=3 (full 0):
 PSYoungGen      total 74752K, used 9160K [0x000000076d100000, 0x0000000776300000, 0x00000007c0000000)
  eden space 64512K, 0% used [0x000000076d100000,0x000000076d100000,0x0000000771000000)
  from space 10240K, 89% used [0x0000000771000000,0x00000007718f2050,0x0000000771a00000)
  to   space 10240K, 0% used [0x0000000775900000,0x0000000775900000,0x0000000776300000)
 ParOldGen       total 171008K, used 80K [0x00000006c7200000, 0x00000006d1900000, 0x000000076d100000)
  object space 171008K, 0% used [0x00000006c7200000,0x00000006c7214010,0x00000006d1900000)
 Metaspace       used 11670K, capacity 12012K, committed 12032K, reserved 1060864K
  class space    used 1165K, capacity 1272K, committed 1280K, reserved 1048576K
}
Event: 4.815 GC heap before
{Heap before GC invocations=4 (full 0):
 PSYoungGen      total 74752K, used 73672K [0x000000076d100000, 0x0000000776300000, 0x00000007c0000000)
  eden space 64512K, 100% used [0x000000076d100000,0x0000000771000000,0x0000000771000000)
  from space 10240K, 89% used [0x0000000771000000,0x00000007718f2050,0x0000000771a00000)
  to   space 10240K, 0% used [0x0000000775900000,0x0000000775900000,0x0000000776300000)
 ParOldGen       total 171008K, used 80K [0x00000006c7200000, 0x00000006d1900000, 0x000000076d100000)
  object space 171008K, 0% used [0x00000006c7200000,0x00000006c7214010,0x00000006d1900000)
 Metaspace       used 11685K, capacity 12030K, committed 12288K, reserved 1060864K
  class space    used 1165K, capacity 1273K, committed 1280K, reserved 1048576K
Event: 4.826 GC heap after
Heap after GC invocations=4 (full 0):
 PSYoungGen      total 139264K, used 9656K [0x000000076d100000, 0x0000000776300000, 0x00000007c0000000)
  eden space 129024K, 0% used [0x000000076d100000,0x000000076d100000,0x0000000774f00000)
  from space 10240K, 94% used [0x0000000775900000,0x000000077626e040,0x0000000776300000)
  to   space 10240K, 0% used [0x0000000774f00000,0x0000000774f00000,0x0000000775900000)
 ParOldGen       total 171008K, used 96K [0x00000006c7200000, 0x00000006d1900000, 0x000000076d100000)
  object space 171008K, 0% used [0x00000006c7200000,0x00000006c7218010,0x00000006d1900000)
 Metaspace       used 11685K, capacity 12030K, committed 12288K, reserved 1060864K
  class space    used 1165K, capacity 1273K, committed 1280K, reserved 1048576K
}
Event: 5.270 GC heap before
{Heap before GC invocations=5 (full 0):
 PSYoungGen      total 139264K, used 138680K [0x000000076d100000, 0x0000000776300000, 0x00000007c0000000)
  eden space 129024K, 100% used [0x000000076d100000,0x0000000774f00000,0x0000000774f00000)
  from space 10240K, 94% used [0x0000000775900000,0x000000077626e040,0x0000000776300000)
  to   space 10240K, 0% used [0x0000000774f00000,0x0000000774f00000,0x0000000775900000)
 ParOldGen       total 171008K, used 96K [0x00000006c7200000, 0x00000006d1900000, 0x000000076d100000)
  object space 171008K, 0% used [0x00000006c7200000,0x00000006c7218010,0x00000006d1900000)
 Metaspace       used 11696K, capacity 12030K, committed 12288K, reserved 1060864K
  class space    used 1165K, capacity 1273K, committed 1280K, reserved 1048576K
Event: 5.291 GC heap after
Heap after GC invocations=5 (full 0):
 PSYoungGen      total 139264K, used 10232K [0x000000076d100000, 0x000000077e900000, 0x00000007c0000000)
  eden space 129024K, 0% used [0x000000076d100000,0x000000076d100000,0x0000000774f00000)
  from space 10240K, 99% used [0x0000000774f00000,0x00000007758fe040,0x0000000775900000)
  to   space 14336K, 0% used [0x000000077db00000,0x000000077db00000,0x000000077e900000)
 ParOldGen       total 171008K, used 4420K [0x00000006c7200000, 0x00000006d1900000, 0x000000076d100000)
  object space 171008K, 2% used [0x00000006c7200000,0x00000006c7651050,0x00000006d1900000)
 Metaspace       used 11696K, capacity 12030K, committed 12288K, reserved 1060864K
  class space    used 1165K, capacity 1273K, committed 1280K, reserved 1048576K
}
Event: 5.958 GC heap before
{Heap before GC invocations=6 (full 0):
 PSYoungGen      total 139264K, used 139256K [0x000000076d100000, 0x000000077e900000, 0x00000007c0000000)
  eden space 129024K, 100% used [0x000000076d100000,0x0000000774f00000,0x0000000774f00000)
  from space 10240K, 99% used [0x0000000774f00000,0x00000007758fe040,0x0000000775900000)
  to   space 14336K, 0% used [0x000000077db00000,0x000000077db00000,0x000000077e900000)
 ParOldGen       total 171008K, used 4420K [0x00000006c7200000, 0x00000006d1900000, 0x000000076d100000)
  object space 171008K, 2% used [0x00000006c7200000,0x00000006c7651050,0x00000006d1900000)
 Metaspace       used 11796K, capacity 12180K, committed 12288K, reserved 1060864K
  class space    used 1172K, capacity 1278K, committed 1280K, reserved 1048576K
Event: 5.986 GC heap after
Heap after GC invocations=6 (full 0):
 PSYoungGen      total 267264K, used 14328K [0x000000076d100000, 0x000000077f300000, 0x00000007c0000000)
  eden space 252928K, 0% used [0x000000076d100000,0x000000076d100000,0x000000077c800000)
  from space 14336K, 99% used [0x000000077db00000,0x000000077e8fe060,0x000000077e900000)
  to   space 19456K, 0% used [0x000000077c800000,0x000000077c800000,0x000000077db00000)
 ParOldGen       total 171008K, used 10200K [0x00000006c7200000, 0x00000006d1900000, 0x000000076d100000)
  object space 171008K, 5% used [0x00000006c7200000,0x00000006c7bf60b0,0x00000006d1900000)
 Metaspace       used 11796K, capacity 12180K, committed 12288K, reserved 1060864K
  class space    used 1172K, capacity 1278K, committed 1280K, reserved 1048576K
}
Event: 6.498 GC heap before
{Heap before GC invocations=7 (full 0):
 PSYoungGen      total 267264K, used 267256K [0x000000076d100000, 0x000000077f300000, 0x00000007c0000000)
  eden space 252928K, 100% used [0x000000076d100000,0x000000077c800000,0x000000077c800000)
  from space 14336K, 99% used [0x000000077db00000,0x000000077e8fe060,0x000000077e900000)
  to   space 19456K, 0% used [0x000000077c800000,0x000000077c800000,0x000000077db00000)
 ParOldGen       total 171008K, used 10200K [0x00000006c7200000, 0x00000006d1900000, 0x000000076d100000)
  object space 171008K, 5% used [0x00000006c7200000,0x00000006c7bf60b0,0x00000006d1900000)
 Metaspace       used 11818K, capacity 12180K, committed 12288K, reserved 1060864K
  class space    used 1172K, capacity 1278K, committed 1280K, reserved 1048576K
Event: 6.524 GC heap after
Heap after GC invocations=7 (full 0):
 PSYoungGen      total 272384K, used 19435K [0x000000076d100000, 0x000000078f400000, 0x00000007c0000000)
  eden space 252928K, 0% used [0x000000076d100000,0x000000076d100000,0x000000077c800000)
  from space 19456K, 99% used [0x000000077c800000,0x000000077dafae38,0x000000077db00000)
  to   space 27136K, 0% used [0x000000078d980000,0x000000078d980000,0x000000078f400000)
 ParOldGen       total 171008K, used 19977K [0x00000006c7200000, 0x00000006d1900000, 0x000000076d100000)
  object space 171008K, 11% used [0x00000006c7200000,0x00000006c8582538,0x00000006d1900000)
 Metaspace       used 11818K, capacity 12180K, committed 12288K, reserved 1060864K
  class space    used 1172K, capacity 1278K, committed 1280K, reserved 1048576K
}
Event: 37.187 GC heap before
{Heap before GC invocations=8 (full 0):
 PSYoungGen      total 272384K, used 272363K [0x000000076d100000, 0x000000078f400000, 0x00000007c0000000)
  eden space 252928K, 100% used [0x000000076d100000,0x000000077c800000,0x000000077c800000)
  from space 19456K, 99% used [0x000000077c800000,0x000000077dafae38,0x000000077db00000)
  to   space 27136K, 0% used [0x000000078d980000,0x000000078d980000,0x000000078f400000)
 ParOldGen       total 171008K, used 19977K [0x00000006c7200000, 0x00000006d1900000, 0x000000076d100000)
  object space 171008K, 11% used [0x00000006c7200000,0x00000006c8582538,0x00000006d1900000)
 Metaspace       used 12003K, capacity 12386K, committed 12672K, reserved 1060864K
  class space    used 1178K, capacity 1281K, committed 1408K, reserved 1048576K
Event: 37.219 GC heap after
Heap after GC invocations=8 (full 0):
 PSYoungGen      total 531456K, used 20835K [0x000000076d100000, 0x000000078f700000, 0x00000007c0000000)
  eden space 504320K, 0% used [0x000000076d100000,0x000000076d100000,0x000000078bd80000)
  from space 27136K, 76% used [0x000000078d980000,0x000000078edd8e58,0x000000078f400000)
  to   space 28672K, 0% used [0x000000078bd80000,0x000000078bd80000,0x000000078d980000)
 ParOldGen       total 171008K, used 20025K [0x00000006c7200000, 0x00000006d1900000, 0x000000076d100000)
  object space 171008K, 11% used [0x00000006c7200000,0x00000006c858e538,0x00000006d1900000)
 Metaspace       used 12003K, capacity 12386K, committed 12672K, reserved 1060864K
  class space    used 1178K, capacity 1281K, committed 1408K, reserved 1048576K
}
Event: 63.454 GC heap before
{Heap before GC invocations=9 (full 0):
 PSYoungGen      total 531456K, used 525155K [0x000000076d100000, 0x000000078f700000, 0x00000007c0000000)
  eden space 504320K, 100% used [0x000000076d100000,0x000000078bd80000,0x000000078bd80000)
  from space 27136K, 76% used [0x000000078d980000,0x000000078edd8e58,0x000000078f400000)
  to   space 28672K, 0% used [0x000000078bd80000,0x000000078bd80000,0x000000078d980000)
 ParOldGen       total 171008K, used 20025K [0x00000006c7200000, 0x00000006d1900000, 0x000000076d100000)
  object space 171008K, 11% used [0x00000006c7200000,0x00000006c858e538,0x00000006d1900000)
 Metaspace       used 12061K, capacity 12390K, committed 12672K, reserved 1060864K
  class space    used 1178K, capacity 1281K, committed 1408K, reserved 1048576K

