# JRE version: OpenJDK Runtime Environment (8.0_191-b12) (build 1.8.0_191-b12)
# Java VM: OpenJDK 64-Bit Server VM (25.191-b12 mixed mode linux-amd64 compressed oops)
Heap:
 PSYoungGen      total 376832K, used 55371K [0x000000076d100000, 0x0000000788180000, 0x00000007c0000000)
  eden space 324096K, 9% used [0x000000076d100000,0x000000076f01d4b0,0x0000000780d80000)
  from space 52736K, 44% used [0x0000000784e00000,0x00000007864f5b30,0x0000000788180000)
  to   space 59392K, 0% used [0x0000000780d80000,0x0000000780d80000,0x0000000784780000)
 ParOldGen       total 475648K, used 238841K [0x00000006c7200000, 0x00000006e4280000, 0x000000076d100000)
  object space 475648K, 50% used [0x00000006c7200000,0x00000006d5b3e6f8,0x00000006e4280000)
 Metaspace       used 59716K, capacity 60464K, committed 60952K, reserved 1101824K
  class space    used 7976K, capacity 8150K, committed 8240K, reserved 1048576K
GC Heap History (154 events):
Event: 1.085 GC heap before
{Heap before GC invocations=1 (full 0):
 PSYoungGen      total 74752K, used 37791K [0x000000076d100000, 0x0000000772400000, 0x00000007c0000000)
  eden space 64512K, 58% used [0x000000076d100000,0x000000076f5e7c88,0x0000000771000000)
  from space 10240K, 0% used [0x0000000771a00000,0x0000000771a00000,0x0000000772400000)
  to   space 10240K, 0% used [0x0000000771000000,0x0000000771000000,0x0000000771a00000)
 ParOldGen       total 171008K, used 0K [0x00000006c7200000, 0x00000006d1900000, 0x000000076d100000)
  object space 171008K, 0% used [0x00000006c7200000,0x00000006c7200000,0x00000006d1900000)
 Metaspace       used 20644K, capacity 20920K, committed 21296K, reserved 1069056K
  class space    used 2474K, capacity 2592K, committed 2608K, reserved 1048576K
Event: 1.092 GC heap after
Heap after GC invocations=1 (full 0):
 PSYoungGen      total 74752K, used 6968K [0x000000076d100000, 0x0000000772400000, 0x00000007c0000000)
  eden space 64512K, 0% used [0x000000076d100000,0x000000076d100000,0x0000000771000000)
  from space 10240K, 68% used [0x0000000771000000,0x00000007716ce300,0x0000000771a00000)
  to   space 10240K, 0% used [0x0000000771a00000,0x0000000771a00000,0x0000000772400000)
 ParOldGen       total 171008K, used 16K [0x00000006c7200000, 0x00000006d1900000, 0x000000076d100000)
  object space 171008K, 0% used [0x00000006c7200000,0x00000006c7204000,0x00000006d1900000)
 Metaspace       used 20644K, capacity 20920K, committed 21296K, reserved 1069056K
  class space    used 2474K, capacity 2592K, committed 2608K, reserved 1048576K
}
Event: 1.092 GC heap before
{Heap before GC invocations=2 (full 1):
 PSYoungGen      total 74752K, used 6968K [0x000000076d100000, 0x0000000772400000, 0x00000007c0000000)
  eden space 64512K, 0% used [0x000000076d100000,0x000000076d100000,0x0000000771000000)
  from space 10240K, 68% used [0x0000000771000000,0x00000007716ce300,0x0000000771a00000)
  to   space 10240K, 0% used [0x0000000771a00000,0x0000000771a00000,0x0000000772400000)
 ParOldGen       total 171008K, used 16K [0x00000006c7200000, 0x00000006d1900000, 0x000000076d100000)
  object space 171008K, 0% used [0x00000006c7200000,0x00000006c7204000,0x00000006d1900000)
 Metaspace       used 20644K, capacity 20920K, committed 21296K, reserved 1069056K
  class space    used 2474K, capacity 2592K, committed 2608K, reserved 1048576K
Event: 1.144 GC heap after
Heap after GC invocations=2 (full 1):
 PSYoungGen      total 74752K, used 0K [0x000000076d100000, 0x0000000772400000, 0x00000007c0000000)
  eden space 64512K, 0% used [0x000000076d100000,0x000000076d100000,0x0000000771000000)
  from space 10240K, 0% used [0x0000000771000000,0x0000000771000000,0x0000000771a00000)
  to   space 10240K, 0% used [0x0000000771a00000,0x0000000771a00000,0x0000000772400000)
 ParOldGen       total 128512K, used 6717K [0x00000006c7200000, 0x00000006cef80000, 0x000000076d100000)
  object space 128512K, 5% used [0x00000006c7200000,0x00000006c788f430,0x00000006cef80000)
 Metaspace       used 20644K, capacity 20920K, committed 21296K, reserved 1069056K
  class space    used 2474K, capacity 2592K, committed 2608K, reserved 1048576K
}
Event: 5.318 GC heap before
{Heap before GC invocations=3 (full 1):
 PSYoungGen      total 74752K, used 47674K [0x000000076d100000, 0x0000000772400000, 0x00000007c0000000)
  eden space 64512K, 73% used [0x000000076d100000,0x000000076ff8eaf8,0x0000000771000000)
  from space 10240K, 0% used [0x0000000771000000,0x0000000771000000,0x0000000771a00000)
  to   space 10240K, 0% used [0x0000000771a00000,0x0000000771a00000,0x0000000772400000)
 ParOldGen       total 128512K, used 6717K [0x00000006c7200000, 0x00000006cef80000, 0x000000076d100000)
  object space 128512K, 5% used [0x00000006c7200000,0x00000006c788f430,0x00000006cef80000)
 Metaspace       used 34697K, capacity 35058K, committed 35496K, reserved 1079296K
  class space    used 5108K, capacity 5225K, committed 5296K, reserved 1048576K
Event: 5.322 GC heap after
Heap after GC invocations=3 (full 1):
 PSYoungGen      total 74752K, used 5444K [0x000000076d100000, 0x0000000772900000, 0x00000007c0000000)
  eden space 64512K, 0% used [0x000000076d100000,0x000000076d100000,0x0000000771000000)
  from space 10240K, 53% used [0x0000000771a00000,0x0000000771f51078,0x0000000772400000)
  to   space 10240K, 0% used [0x0000000771000000,0x0000000771000000,0x0000000771a00000)
 ParOldGen       total 128512K, used 6725K [0x00000006c7200000, 0x00000006cef80000, 0x000000076d100000)
  object space 128512K, 5% used [0x00000006c7200000,0x00000006c7891430,0x00000006cef80000)
 Metaspace       used 34697K, capacity 35058K, committed 35496K, reserved 1079296K
  class space    used 5108K, capacity 5225K, committed 5296K, reserved 1048576K
}
Event: 5.322 GC heap before
{Heap before GC invocations=4 (full 2):
 PSYoungGen      total 74752K, used 5444K [0x000000076d100000, 0x0000000772900000, 0x00000007c0000000)
  eden space 64512K, 0% used [0x000000076d100000,0x000000076d100000,0x0000000771000000)
  from space 10240K, 53% used [0x0000000771a00000,0x0000000771f51078,0x0000000772400000)
  to   space 10240K, 0% used [0x0000000771000000,0x0000000771000000,0x0000000771a00000)
 ParOldGen       total 128512K, used 6725K [0x00000006c7200000, 0x00000006cef80000, 0x000000076d100000)
  object space 128512K, 5% used [0x00000006c7200000,0x00000006c7891430,0x00000006cef80000)
 Metaspace       used 34697K, capacity 35058K, committed 35496K, reserved 1079296K
  class space    used 5108K, capacity 5225K, committed 5296K, reserved 1048576K
Event: 5.353 GC heap after
Heap after GC invocations=4 (full 2):
 PSYoungGen      total 74752K, used 0K [0x000000076d100000, 0x0000000772900000, 0x00000007c0000000)
  eden space 64512K, 0% used [0x000000076d100000,0x000000076d100000,0x0000000771000000)
  from space 10240K, 0% used [0x0000000771a00000,0x0000000771a00000,0x0000000772400000)
  to   space 10240K, 0% used [0x0000000771000000,0x0000000771000000,0x0000000771a00000)
 ParOldGen       total 239616K, used 10402K [0x00000006c7200000, 0x00000006d5c00000, 0x000000076d100000)
  object space 239616K, 4% used [0x00000006c7200000,0x00000006c7c28bc8,0x00000006d5c00000)
 Metaspace       used 34697K, capacity 35058K, committed 35496K, reserved 1079296K
  class space    used 5108K, capacity 5225K, committed 5296K, reserved 1048576K
}
Event: 6.425 GC heap before
{Heap before GC invocations=5 (full 2):
 PSYoungGen      total 74752K, used 64512K [0x000000076d100000, 0x0000000772900000, 0x00000007c0000000)
  eden space 64512K, 100% used [0x000000076d100000,0x0000000771000000,0x0000000771000000)
  from space 10240K, 0% used [0x0000000771a00000,0x0000000771a00000,0x0000000772400000)
  to   space 10240K, 0% used [0x0000000771000000,0x0000000771000000,0x0000000771a00000)
 ParOldGen       total 239616K, used 10402K [0x00000006c7200000, 0x00000006d5c00000, 0x000000076d100000)
  object space 239616K, 4% used [0x00000006c7200000,0x00000006c7c28bc8,0x00000006d5c00000)
 Metaspace       used 37997K, capacity 38340K, committed 38952K, reserved 1083392K
  class space    used 5750K, capacity 5868K, committed 5936K, reserved 1048576K
Event: 6.432 GC heap after
Heap after GC invocations=5 (full 2):
 PSYoungGen      total 74752K, used 10212K [0x000000076d100000, 0x0000000772d80000, 0x00000007c0000000)
  eden space 64512K, 0% used [0x000000076d100000,0x000000076d100000,0x0000000771000000)
  from space 10240K, 99% used [0x0000000771000000,0x00000007719f9040,0x0000000771a00000)
  to   space 10240K, 0% used [0x0000000772380000,0x0000000772380000,0x0000000772d80000)
 ParOldGen       total 239616K, used 15780K [0x00000006c7200000, 0x00000006d5c00000, 0x000000076d100000)
  object space 239616K, 6% used [0x00000006c7200000,0x00000006c8169118,0x00000006d5c00000)
 Metaspace       used 37997K, capacity 38340K, committed 38952K, reserved 1083392K
  class space    used 5750K, capacity 5868K, committed 5936K, reserved 1048576K
}
Event: 38.012 GC heap before
{Heap before GC invocations=6 (full 2):
 PSYoungGen      total 74752K, used 74724K [0x000000076d100000, 0x0000000772d80000, 0x00000007c0000000)
  eden space 64512K, 100% used [0x000000076d100000,0x0000000771000000,0x0000000771000000)
  from space 10240K, 99% used [0x0000000771000000,0x00000007719f9040,0x0000000771a00000)
  to   space 10240K, 0% used [0x0000000772380000,0x0000000772380000,0x0000000772d80000)
 ParOldGen       total 239616K, used 15780K [0x00000006c7200000, 0x00000006d5c00000, 0x000000076d100000)
  object space 239616K, 6% used [0x00000006c7200000,0x00000006c8169118,0x00000006d5c00000)
 Metaspace       used 43732K, capacity 44192K, committed 44712K, reserved 1087488K
  class space    used 6352K, capacity 6496K, committed 6576K, reserved 1048576K
Event: 38.026 GC heap after
Heap after GC invocations=6 (full 2):
 PSYoungGen      total 80384K, used 8015K [0x000000076d100000, 0x0000000772b80000, 0x00000007c0000000)
  eden space 72192K, 0% used [0x000000076d100000,0x000000076d100000,0x0000000771780000)
  from space 8192K, 97% used [0x0000000772380000,0x0000000772b53c10,0x0000000772b80000)
  to   space 10240K, 0% used [0x0000000771780000,0x0000000771780000,0x0000000772180000)
 ParOldGen       total 239616K, used 48188K [0x00000006c7200000, 0x00000006d5c00000, 0x000000076d100000)
  object space 239616K, 20% used [0x00000006c7200000,0x00000006ca10f158,0x00000006d5c00000)
 Metaspace       used 43732K, capacity 44192K, committed 44712K, reserved 1087488K
  class space    used 6352K, capacity 6496K, committed 6576K, reserved 1048576K
}
Event: 48.486 GC heap before
{Heap before GC invocations=7 (full 2):
 PSYoungGen      total 80384K, used 80207K [0x000000076d100000, 0x0000000772b80000, 0x00000007c0000000)
  eden space 72192K, 100% used [0x000000076d100000,0x0000000771780000,0x0000000771780000)
  from space 8192K, 97% used [0x0000000772380000,0x0000000772b53c10,0x0000000772b80000)
  to   space 10240K, 0% used [0x0000000771780000,0x0000000771780000,0x0000000772180000)
 ParOldGen       total 239616K, used 48188K [0x00000006c7200000, 0x00000006d5c00000, 0x000000076d100000)
  object space 239616K, 20% used [0x00000006c7200000,0x00000006ca10f158,0x00000006d5c00000)
 Metaspace       used 49416K, capacity 50036K, committed 50472K, reserved 1093632K
  class space    used 6973K, capacity 7127K, committed 7216K, reserved 1048576K
Event: 48.492 GC heap after
Heap after GC invocations=7 (full 2):
 PSYoungGen      total 82432K, used 10235K [0x000000076d100000, 0x0000000773c80000, 0x00000007c0000000)
  eden space 72192K, 0% used [0x000000076d100000,0x000000076d100000,0x0000000771780000)
  from space 10240K, 99% used [0x0000000771780000,0x000000077217ede8,0x0000000772180000)
  to   space 15360K, 0% used [0x0000000772d80000,0x0000000772d80000,0x0000000773c80000)
 ParOldGen       total 239616K, used 49230K [0x00000006c7200000, 0x00000006d5c00000, 0x000000076d100000)
  object space 239616K, 20% used [0x00000006c7200000,0x00000006ca2138b0,0x00000006d5c00000)
 Metaspace       used 49416K, capacity 50036K, committed 50472K, reserved 1093632K
  class space    used 6973K, capacity 7127K, committed 7216K, reserved 1048576K
}
Event: 52.676 GC heap before
{Heap before GC invocations=8 (full 2):
 PSYoungGen      total 82432K, used 82427K [0x000000076d100000, 0x0000000773c80000, 0x00000007c0000000)
  eden space 72192K, 100% used [0x000000076d100000,0x0000000771780000,0x0000000771780000)
  from space 10240K, 99% used [0x0000000771780000,0x000000077217ede8,0x0000000772180000)
  to   space 15360K, 0% used [0x0000000772d80000,0x0000000772d80000,0x0000000773c80000)
 ParOldGen       total 239616K, used 49230K [0x00000006c7200000, 0x00000006d5c00000, 0x000000076d100000)
  object space 239616K, 20% used [0x00000006c7200000,0x00000006ca2138b0,0x00000006d5c00000)
 Metaspace       used 50381K, capacity 51010K, committed 51368K, reserved 1093632K
  class space    used 7133K, capacity 7294K, committed 7344K, reserved 1048576K
Event: 52.695 GC heap after
Heap after GC invocations=8 (full 2):
 PSYoungGen      total 93696K, used 12491K [0x000000076d100000, 0x0000000773f80000, 0x00000007c0000000)
  eden space 78336K, 0% used [0x000000076d100000,0x000000076d100000,0x0000000771d80000)
  from space 15360K, 81% used [0x0000000772d80000,0x00000007739b2e18,0x0000000773c80000)
  to   space 16384K, 0% used [0x0000000771d80000,0x0000000771d80000,0x0000000772d80000)
 ParOldGen       total 239616K, used 49238K [0x00000006c7200000, 0x00000006d5c00000, 0x000000076d100000)
  object space 239616K, 20% used [0x00000006c7200000,0x00000006ca2158b0,0x00000006d5c00000)
 Metaspace       used 50381K, capacity 51010K, committed 51368K, reserved 1093632K
  class space    used 7133K, capacity 7294K, committed 7344K, reserved 1048576K
}
Event: 122.565 GC heap before
{Heap before GC invocations=9 (full 2):
 PSYoungGen      total 93696K, used 90827K [0x000000076d100000, 0x0000000773f80000, 0x00000007c0000000)
  eden space 78336K, 100% used [0x000000076d100000,0x0000000771d80000,0x0000000771d80000)
  from space 15360K, 81% used [0x0000000772d80000,0x00000007739b2e18,0x0000000773c80000)
  to   space 16384K, 0% used [0x0000000771d80000,0x0000000771d80000,0x0000000772d80000)
 ParOldGen       total 239616K, used 49238K [0x00000006c7200000, 0x00000006d5c00000, 0x000000076d100000)
  object space 239616K, 20% used [0x00000006c7200000,0x00000006ca2158b0,0x00000006d5c00000)
 Metaspace       used 51059K, capacity 51742K, committed 52136K, reserved 1093632K
  class space    used 7155K, capacity 7336K, committed 7344K, reserved 1048576K
Event: 122.601 GC heap after
Heap after GC invocations=9 (full 2):
 PSYoungGen      total 94208K, used 15134K [0x000000076d100000, 0x0000000774000000, 0x00000007c0000000)
  eden space 77824K, 0% used [0x000000076d100000,0x000000076d100000,0x0000000771d00000)
  from space 16384K, 92% used [0x0000000771d80000,0x0000000772c47898,0x0000000772d80000)
  to   space 17920K, 0% used [0x0000000772e80000,0x0000000772e80000,0x0000000774000000)
 ParOldGen       total 239616K, used 49246K [0x00000006c7200000, 0x00000006d5c00000, 0x000000076d100000)
  object space 239616K, 20% used [0x00000006c7200000,0x00000006ca2178b0,0x00000006d5c00000)
 Metaspace       used 51059K, capacity 51742K, committed 52136K, reserved 1093632K
  class space    used 7155K, capacity 7336K, committed 7344K, reserved 1048576K
}
Event: 145.023 GC heap before
{Heap before GC invocations=10 (full 2):
 PSYoungGen      total 94208K, used 92958K [0x000000076d100000, 0x0000000774000000, 0x00000007c0000000)
  eden space 77824K, 100% used [0x000000076d100000,0x0000000771d00000,0x0000000771d00000)
  from space 16384K, 92% used [0x0000000771d80000,0x0000000772c47898,0x0000000772d80000)
  to   space 17920K, 0% used [0x0000000772e80000,0x0000000772e80000,0x0000000774000000)
 ParOldGen       total 239616K, used 49246K [0x00000006c7200000, 0x00000006d5c00000, 0x000000076d100000)
  object space 239616K, 20% used [0x00000006c7200000,0x00000006ca2178b0,0x00000006d5c00000)
 Metaspace       used 51413K, capacity 52116K, committed 52520K, reserved 1093632K
  class space    used 7160K, capacity 7345K, committed 7472K, reserved 1048576K
Event: 145.038 GC heap after
Heap after GC invocations=10 (full 2):
 PSYoungGen      total 94720K, used 14475K [0x000000076d100000, 0x0000000774180000, 0x00000007c0000000)
  eden space 76800K, 0% used [0x000000076d100000,0x000000076d100000,0x0000000771c00000)
  from space 17920K, 80% used [0x0000000772e80000,0x0000000773ca2e18,0x0000000774000000)
  to   space 18944K, 0% used [0x0000000771c00000,0x0000000771c00000,0x0000000772e80000)
 ParOldGen       total 239616K, used 49254K [0x00000006c7200000, 0x00000006d5c00000, 0x000000076d100000)
  object space 239616K, 20% used [0x00000006c7200000,0x00000006ca2198b0,0x00000006d5c00000)
 Metaspace       used 51413K, capacity 52116K, committed 52520K, reserved 1093632K
  class space    used 7160K, capacity 7345K, committed 7472K, reserved 1048576K
}
Event: 191.225 GC heap before
{Heap before GC invocations=11 (full 2):
 PSYoungGen      total 94720K, used 91275K [0x000000076d100000, 0x0000000774180000, 0x00000007c0000000)
  eden space 76800K, 100% used [0x000000076d100000,0x0000000771c00000,0x0000000771c00000)
  from space 17920K, 80% used [0x0000000772e80000,0x0000000773ca2e18,0x0000000774000000)
  to   space 18944K, 0% used [0x0000000771c00000,0x0000000771c00000,0x0000000772e80000)
 ParOldGen       total 239616K, used 49254K [0x00000006c7200000, 0x00000006d5c00000, 0x000000076d100000)
  object space 239616K, 20% used [0x00000006c7200000,0x00000006ca2198b0,0x00000006d5c00000)
 Metaspace       used 51633K, capacity 52320K, committed 52776K, reserved 1095680K
  class space    used 7162K, capacity 7347K, committed 7472K, reserved 1048576K
Event: 191.238 GC heap after
Heap after GC invocations=11 (full 2):
 PSYoungGen      total 95232K, used 15518K [0x000000076d100000, 0x0000000774280000, 0x00000007c0000000)
  eden space 76288K, 0% used [0x000000076d100000,0x000000076d100000,0x0000000771b80000)
  from space 18944K, 81% used [0x0000000771c00000,0x0000000772b27898,0x0000000772e80000)
  to   space 19968K, 0% used [0x0000000772f00000,0x0000000772f00000,0x0000000774280000)
 ParOldGen       total 239616K, used 49262K [0x00000006c7200000, 0x00000006d5c00000, 0x000000076d100000)
  object space 239616K, 20% used [0x00000006c7200000,0x00000006ca21b8b0,0x00000006d5c00000)
 Metaspace       used 51633K, capacity 52320K, committed 52776K, reserved 1095680K
  class space    used 7162K, capacity 7347K, committed 7472K, reserved 1048576K
}
Event: 485.064 GC heap before
{Heap before GC invocations=12 (full 2):
 PSYoungGen      total 95232K, used 91806K [0x000000076d100000, 0x0000000774280000, 0x00000007c0000000)
  eden space 76288K, 100% used [0x000000076d100000,0x0000000771b80000,0x0000000771b80000)
  from space 18944K, 81% used [0x0000000771c00000,0x0000000772b27898,0x0000000772e80000)
  to   space 19968K, 0% used [0x0000000772f00000,0x0000000772f00000,0x0000000774280000)
 ParOldGen       total 239616K, used 49262K [0x00000006c7200000, 0x00000006d5c00000, 0x000000076d100000)
  object space 239616K, 20% used [0x00000006c7200000,0x00000006ca21b8b0,0x00000006d5c00000)
 Metaspace       used 51917K, capacity 52640K, committed 53032K, reserved 1095680K
  class space    used 7163K, capacity 7347K, committed 7472K, reserved 1048576K
Event: 485.104 GC heap after
Heap after GC invocations=12 (full 2):
 PSYoungGen      total 93696K, used 19966K [0x000000076d100000, 0x0000000774700000, 0x00000007c0000000)
  eden space 73728K, 0% used [0x000000076d100000,0x000000076d100000,0x0000000771900000)
  from space 19968K, 99% used [0x0000000772f00000,0x000000077427f898,0x0000000774280000)
  to   space 22528K, 0% used [0x0000000771900000,0x0000000771900000,0x0000000772f00000)
 ParOldGen       total 239616K, used 50231K [0x00000006c7200000, 0x00000006d5c00000, 0x000000076d100000)
  object space 239616K, 20% used [0x00000006c7200000,0x00000006ca30dd10,0x00000006d5c00000)
 Metaspace       used 51917K, capacity 52640K, committed 53032K, reserved 1095680K
  class space    used 7163K, capacity 7347K, committed 7472K, reserved 1048576K
}
Event: 630.075 GC heap before
{Heap before GC invocations=13 (full 2):
 PSYoungGen      total 93696K, used 93694K [0x000000076d100000, 0x0000000774700000, 0x00000007c0000000)
  eden space 73728K, 100% used [0x000000076d100000,0x0000000771900000,0x0000000771900000)
  from space 19968K, 99% used [0x0000000772f00000,0x000000077427f898,0x0000000774280000)
  to   space 22528K, 0% used [0x0000000771900000,0x0000000771900000,0x0000000772f00000)
 ParOldGen       total 239616K, used 50231K [0x00000006c7200000, 0x00000006d5c00000, 0x000000076d100000)
  object space 239616K, 20% used [0x00000006c7200000,0x00000006ca30dd10,0x00000006d5c00000)
 Metaspace       used 52066K, capacity 52768K, committed 53288K, reserved 1095680K
  class space    used 7170K, capacity 7347K, committed 7472K, reserved 1048576K
Event: 630.112 GC heap after
Heap after GC invocations=13 (full 2):
 PSYoungGen      total 95744K, used 21483K [0x000000076d100000, 0x0000000774980000, 0x00000007c0000000)
  eden space 73216K, 0% used [0x000000076d100000,0x000000076d100000,0x0000000771880000)
  from space 22528K, 95% used [0x0000000771900000,0x0000000772dfae18,0x0000000772f00000)
  to   space 25088K, 0% used [0x0000000773100000,0x0000000773100000,0x0000000774980000)
 ParOldGen       total 239616K, used 50239K [0x00000006c7200000, 0x00000006d5c00000, 0x000000076d100000)
  object space 239616K, 20% used [0x00000006c7200000,0x00000006ca30fd10,0x00000006d5c00000)
 Metaspace       used 52066K, capacity 52768K, committed 53288K, reserved 1095680K
  class space    used 7170K, capacity 7347K, committed 7472K, reserved 1048576K
}
Event: 970.088 GC heap before
{Heap before GC invocations=14 (full 2):
 PSYoungGen      total 95744K, used 94699K [0x000000076d100000, 0x0000000774980000, 0x00000007c0000000)
  eden space 73216K, 100% used [0x000000076d100000,0x0000000771880000,0x0000000771880000)
  from space 22528K, 95% used [0x0000000771900000,0x0000000772dfae18,0x0000000772f00000)
  to   space 25088K, 0% used [0x0000000773100000,0x0000000773100000,0x0000000774980000)
 ParOldGen       total 239616K, used 50239K [0x00000006c7200000, 0x00000006d5c00000, 0x000000076d100000)
  object space 239616K, 20% used [0x00000006c7200000,0x00000006ca30fd10,0x00000006d5c00000)
 Metaspace       used 52242K, capacity 52960K, committed 53544K, reserved 1095680K
  class space    used 7170K, capacity 7347K, committed 7472K, reserved 1048576K
Event: 970.110 GC heap after
Heap after GC invocations=14 (full 2):
 PSYoungGen      total 94720K, used 25086K [0x000000076d100000, 0x0000000775000000, 0x00000007c0000000)
  eden space 69632K, 0% used [0x000000076d100000,0x000000076d100000,0x0000000771500000)
  from space 25088K, 99% used [0x0000000773100000,0x000000077497f898,0x0000000774980000)
  to   space 28672K, 0% used [0x0000000771500000,0x0000000771500000,0x0000000773100000)
 ParOldGen       total 239616K, used 51504K [0x00000006c7200000, 0x00000006d5c00000, 0x000000076d100000)
  object space 239616K, 21% used [0x00000006c7200000,0x00000006ca44c2e0,0x00000006d5c00000)
 Metaspace       used 52242K, capacity 52960K, committed 53544K, reserved 1095680K
  class space    used 7170K, capacity 7347K, committed 7472K, reserved 1048576K
}
Event: 1210.096 GC heap before
{Heap before GC invocations=15 (full 2):
 PSYoungGen      total 94720K, used 94718K [0x000000076d100000, 0x0000000775000000, 0x00000007c0000000)
  eden space 69632K, 100% used [0x000000076d100000,0x0000000771500000,0x0000000771500000)
  from space 25088K, 99% used [0x0000000773100000,0x000000077497f898,0x0000000774980000)
  to   space 28672K, 0% used [0x0000000771500000,0x0000000771500000,0x0000000773100000)
 ParOldGen       total 239616K, used 51504K [0x00000006c7200000, 0x00000006d5c00000, 0x000000076d100000)
  object space 239616K, 21% used [0x00000006c7200000,0x00000006ca44c2e0,0x00000006d5c00000)
 Metaspace       used 52307K, capacity 53024K, committed 53544K, reserved 1095680K
  class space    used 7170K, capacity 7347K, committed 7472K, reserved 1048576K
Event: 1210.148 GC heap after
Heap after GC invocations=15 (full 2):
 PSYoungGen      total 97792K, used 23166K [0x000000076d100000, 0x0000000774f80000, 0x00000007c0000000)
  eden space 69120K, 0% used [0x000000076d100000,0x000000076d100000,0x0000000771480000)
  from space 28672K, 80% used [0x0000000771500000,0x0000000772b9f868,0x0000000773100000)
  to   space 30208K, 0% used [0x0000000773200000,0x0000000773200000,0x0000000774f80000)
 ParOldGen       total 239616K, used 56224K [0x00000006c7200000, 0x00000006d5c00000, 0x000000076d100000)
  object space 239616K, 23% used [0x00000006c7200000,0x00000006ca8e82b8,0x00000006d5c00000)
 Metaspace       used 52307K, capacity 53024K, committed 53544K, reserved 1095680K
  class space    used 7170K, capacity 7347K, committed 7472K, reserved 1048576K
}
Event: 1445.118 GC heap before
{Heap before GC invocations=16 (full 2):
 PSYoungGen      total 97792K, used 92286K [0x000000076d100000, 0x0000000774f80000, 0x00000007c0000000)
  eden space 69120K, 100% used [0x000000076d100000,0x0000000771480000,0x0000000771480000)
  from space 28672K, 80% used [0x0000000771500000,0x0000000772b9f868,0x0000000773100000)
  to   space 30208K, 0% used [0x0000000773200000,0x0000000773200000,0x0000000774f80000)
 ParOldGen       total 239616K, used 56224K [0x00000006c7200000, 0x00000006d5c00000, 0x000000076d100000)
  object space 239616K, 23% used [0x00000006c7200000,0x00000006ca8e82b8,0x00000006d5c00000)
 Metaspace       used 52345K, capacity 53024K, committed 53544K, reserved 1095680K
  class space    used 7171K, capacity 7347K, committed 7472K, reserved 1048576K
Event: 1445.159 GC heap after
Heap after GC invocations=16 (full 2):
 PSYoungGen      total 97280K, used 25278K [0x000000076d100000, 0x0000000775300000, 0x00000007c0000000)
  eden space 67072K, 0% used [0x000000076d100000,0x000000076d100000,0x0000000771280000)
  from space 30208K, 83% used [0x0000000773200000,0x0000000774aaf868,0x0000000774f80000)
  to   space 32256K, 0% used [0x0000000771280000,0x0000000771280000,0x0000000773200000)
 ParOldGen       total 239616K, used 56232K [0x00000006c7200000, 0x00000006d5c00000, 0x000000076d100000)
  object space 239616K, 23% used [0x00000006c7200000,0x00000006ca8ea2b8,0x00000006d5c00000)
 Metaspace       used 52345K, capacity 53024K, committed 53544K, reserved 1095680K
  class space    used 7171K, capacity 7347K, committed 7472K, reserved 1048576K
}
Event: 1680.095 GC heap before
{Heap before GC invocations=17 (full 2):
 PSYoungGen      total 97280K, used 92350K [0x000000076d100000, 0x0000000775300000, 0x00000007c0000000)
  eden space 67072K, 100% used [0x000000076d100000,0x0000000771280000,0x0000000771280000)
  from space 30208K, 83% used [0x0000000773200000,0x0000000774aaf868,0x0000000774f80000)
  to   space 32256K, 0% used [0x0000000771280000,0x0000000771280000,0x0000000773200000)
 ParOldGen       total 239616K, used 56232K [0x00000006c7200000, 0x00000006d5c00000, 0x000000076d100000)
  object space 239616K, 23% used [0x00000006c7200000,0x00000006ca8ea2b8,0x00000006d5c00000)
 Metaspace       used 52424K, capacity 53088K, committed 53544K, reserved 1095680K
  class space    used 7171K, capacity 7347K, committed 7472K, reserved 1048576K
Event: 1680.119 GC heap after
Heap after GC invocations=17 (full 2):
 PSYoungGen      total 98816K, used 27486K [0x000000076d100000, 0x0000000775600000, 0x00000007c0000000)
  eden space 66560K, 0% used [0x000000076d100000,0x000000076d100000,0x0000000771200000)
  from space 32256K, 85% used [0x0000000771280000,0x0000000772d57868,0x0000000773200000)
  to   space 34816K, 0% used [0x0000000773400000,0x0000000773400000,0x0000000775600000)
 ParOldGen       total 239616K, used 56240K [0x00000006c7200000, 0x00000006d5c00000, 0x000000076d100000)
  object space 239616K, 23% used [0x00000006c7200000,0x00000006ca8ec2b8,0x00000006d5c00000)
 Metaspace       used 52424K, capacity 53088K, committed 53544K, reserved 1095680K
  class space    used 7171K, capacity 7347K, committed 7472K, reserved 1048576K
}
Event: 1907.897 GC heap before
{Heap before GC invocations=18 (full 2):
 PSYoungGen      total 98816K, used 94046K [0x000000076d100000, 0x0000000775600000, 0x00000007c0000000)
  eden space 66560K, 100% used [0x000000076d100000,0x0000000771200000,0x0000000771200000)
  from space 32256K, 85% used [0x0000000771280000,0x0000000772d57868,0x0000000773200000)
  to   space 34816K, 0% used [0x0000000773400000,0x0000000773400000,0x0000000775600000)
 ParOldGen       total 239616K, used 56240K [0x00000006c7200000, 0x00000006d5c00000, 0x000000076d100000)
  object space 239616K, 23% used [0x00000006c7200000,0x00000006ca8ec2b8,0x00000006d5c00000)
 Metaspace       used 52437K, capacity 53152K, committed 53544K, reserved 1095680K
  class space    used 7171K, capacity 7347K, committed 7472K, reserved 1048576K
Event: 1907.926 GC heap after
Heap after GC invocations=18 (full 2):
 PSYoungGen      total 98304K, used 29822K [0x000000076d100000, 0x0000000775b80000, 0x00000007c0000000)
  eden space 63488K, 0% used [0x000000076d100000,0x000000076d100000,0x0000000770f00000)
  from space 34816K, 85% used [0x0000000773400000,0x000000077511f868,0x0000000775600000)
  to   space 37888K, 0% used [0x0000000770f00000,0x0000000770f00000,0x0000000773400000)
 ParOldGen       total 239616K, used 56248K [0x00000006c7200000, 0x00000006d5c00000, 0x000000076d100000)
  object space 239616K, 23% used [0x00000006c7200000,0x00000006ca8ee2b8,0x00000006d5c00000)
 Metaspace       used 52437K, capacity 53152K, committed 53544K, reserved 1095680K
  class space    used 7171K, capacity 7347K, committed 7472K, reserved 1048576K
}
Event: 2125.534 GC heap before
{Heap before GC invocations=19 (full 2):
 PSYoungGen      total 98304K, used 93310K [0x000000076d100000, 0x0000000775b80000, 0x00000007c0000000)
  eden space 63488K, 100% used [0x000000076d100000,0x0000000770f00000,0x0000000770f00000)
  from space 34816K, 85% used [0x0000000773400000,0x000000077511f868,0x0000000775600000)
  to   space 37888K, 0% used [0x0000000770f00000,0x0000000770f00000,0x0000000773400000)
 ParOldGen       total 239616K, used 56248K [0x00000006c7200000, 0x00000006d5c00000, 0x000000076d100000)
  object space 239616K, 23% used [0x00000006c7200000,0x00000006ca8ee2b8,0x00000006d5c00000)
 Metaspace       used 52503K, capacity 53152K, committed 53544K, reserved 1095680K
  class space    used 7171K, capacity 7347K, committed 7472K, reserved 1048576K
Event: 2125.562 GC heap after
Heap after GC invocations=19 (full 2):
 PSYoungGen      total 100864K, used 31819K [0x000000076d100000, 0x0000000775d80000, 0x00000007c0000000)
  eden space 62976K, 0% used [0x000000076d100000,0x000000076d100000,0x0000000770e80000)
  from space 37888K, 83% used [0x0000000770f00000,0x0000000772e12de8,0x0000000773400000)
  to   space 40448K, 0% used [0x0000000773600000,0x0000000773600000,0x0000000775d80000)
 ParOldGen       total 239616K, used 56256K [0x00000006c7200000, 0x00000006d5c00000, 0x000000076d100000)
  object space 239616K, 23% used [0x00000006c7200000,0x00000006ca8f02b8,0x00000006d5c00000)
 Metaspace       used 52503K, capacity 53152K, committed 53544K, reserved 1095680K
  class space    used 7171K, capacity 7347K, committed 7472K, reserved 1048576K
}
Event: 2345.158 GC heap before
{Heap before GC invocations=20 (full 2):
 PSYoungGen      total 100864K, used 94790K [0x000000076d100000, 0x0000000775d80000, 0x00000007c0000000)
  eden space 62976K, 99% used [0x000000076d100000,0x0000000770e7ec60,0x0000000770e80000)
  from space 37888K, 83% used [0x0000000770f00000,0x0000000772e12de8,0x0000000773400000)
  to   space 40448K, 0% used [0x0000000773600000,0x0000000773600000,0x0000000775d80000)
 ParOldGen       total 239616K, used 56256K [0x00000006c7200000, 0x00000006d5c00000, 0x000000076d100000)
  object space 239616K, 23% used [0x00000006c7200000,0x00000006ca8f02b8,0x00000006d5c00000)
 Metaspace       used 52503K, capacity 53152K, committed 53544K, reserved 1095680K
  class space    used 7171K, capacity 7347K, committed 7472K, reserved 1048576K
Event: 2345.209 GC heap after
Heap after GC invocations=20 (full 2):
 PSYoungGen      total 100352K, used 33822K [0x000000076d100000, 0x0000000776300000, 0x00000007c0000000)
  eden space 59904K, 0% used [0x000000076d100000,0x000000076d100000,0x0000000770b80000)
  from space 40448K, 83% used [0x0000000773600000,0x0000000775707868,0x0000000775d80000)
  to   space 43520K, 0% used [0x0000000770b80000,0x0000000770b80000,0x0000000773600000)
 ParOldGen       total 239616K, used 56264K [0x00000006c7200000, 0x00000006d5c00000, 0x000000076d100000)
  object space 239616K, 23% used [0x00000006c7200000,0x00000006ca8f22b8,0x00000006d5c00000)
 Metaspace       used 52503K, capacity 53152K, committed 53544K, reserved 1095680K
  class space    used 7171K, capacity 7347K, committed 7472K, reserved 1048576K
}
Event: 2516.680 GC heap before
{Heap before GC invocations=21 (full 2):
 PSYoungGen      total 100352K, used 93726K [0x000000076d100000, 0x0000000776300000, 0x00000007c0000000)
  eden space 59904K, 100% used [0x000000076d100000,0x0000000770b80000,0x0000000770b80000)
  from space 40448K, 83% used [0x0000000773600000,0x0000000775707868,0x0000000775d80000)
  to   space 43520K, 0% used [0x0000000770b80000,0x0000000770b80000,0x0000000773600000)
 ParOldGen       total 239616K, used 56264K [0x00000006c7200000, 0x00000006d5c00000, 0x000000076d100000)
  object space 239616K, 23% used [0x00000006c7200000,0x00000006ca8f22b8,0x00000006d5c00000)
 Metaspace       used 52643K, capacity 53344K, committed 53800K, reserved 1095680K
  class space    used 7181K, capacity 7347K, committed 7472K, reserved 1048576K
Event: 2516.732 GC heap after
Heap after GC invocations=21 (full 2):
 PSYoungGen      total 102912K, used 36067K [0x000000076d100000, 0x0000000776700000, 0x00000007c0000000)
  eden space 59392K, 0% used [0x000000076d100000,0x000000076d100000,0x0000000770b00000)
  from space 43520K, 82% used [0x0000000770b80000,0x0000000772eb8df8,0x0000000773600000)
  to   space 47104K, 0% used [0x0000000773900000,0x0000000773900000,0x0000000776700000)
 ParOldGen       total 239616K, used 56272K [0x00000006c7200000, 0x00000006d5c00000, 0x000000076d100000)
  object space 239616K, 23% used [0x00000006c7200000,0x00000006ca8f42b8,0x00000006d5c00000)
 Metaspace       used 52643K, capacity 53344K, committed 53800K, reserved 1095680K
  class space    used 7181K, capacity 7347K, committed 7472K, reserved 1048576K
}
Event: 2670.167 GC heap before
{Heap before GC invocations=22 (full 2):
 PSYoungGen      total 102912K, used 95459K [0x000000076d100000, 0x0000000776700000, 0x00000007c0000000)
  eden space 59392K, 100% used [0x000000076d100000,0x0000000770b00000,0x0000000770b00000)
  from space 43520K, 82% used [0x0000000770b80000,0x0000000772eb8df8,0x0000000773600000)
  to   space 47104K, 0% used [0x0000000773900000,0x0000000773900000,0x0000000776700000)
 ParOldGen       total 239616K, used 56272K [0x00000006c7200000, 0x00000006d5c00000, 0x000000076d100000)
  object space 239616K, 23% used [0x00000006c7200000,0x00000006ca8f42b8,0x00000006d5c00000)
 Metaspace       used 52745K, capacity 53420K, committed 53800K, reserved 1095680K
  class space    used 7182K, capacity 7349K, committed 7472K, reserved 1048576K
Event: 2670.199 GC heap after
Heap after GC invocations=22 (full 2):
 PSYoungGen      total 104448K, used 35352K [0x000000076d100000, 0x0000000776a80000, 0x00000007c0000000)
  eden space 57344K, 0% used [0x000000076d100000,0x000000076d100000,0x0000000770900000)
  from space 47104K, 75% used [0x0000000773900000,0x0000000775b86010,0x0000000776700000)
  to   space 49152K, 0% used [0x0000000770900000,0x0000000770900000,0x0000000773900000)
 ParOldGen       total 239616K, used 58836K [0x00000006c7200000, 0x00000006d5c00000, 0x000000076d100000)
  object space 239616K, 24% used [0x00000006c7200000,0x00000006cab75160,0x00000006d5c00000)
 Metaspace       used 52745K, capacity 53420K, committed 53800K, reserved 1095680K
  class space    used 7182K, capacity 7349K, committed 7472K, reserved 1048576K
}
Event: 2695.797 GC heap before
{Heap before GC invocations=23 (full 2):
 PSYoungGen      total 104448K, used 92696K [0x000000076d100000, 0x0000000776a80000, 0x00000007c0000000)
  eden space 57344K, 100% used [0x000000076d100000,0x0000000770900000,0x0000000770900000)
  from space 47104K, 75% used [0x0000000773900000,0x0000000775b86010,0x0000000776700000)
  to   space 49152K, 0% used [0x0000000770900000,0x0000000770900000,0x0000000773900000)
 ParOldGen       total 239616K, used 58836K [0x00000006c7200000, 0x00000006d5c00000, 0x000000076d100000)
  object space 239616K, 24% used [0x00000006c7200000,0x00000006cab75160,0x00000006d5c00000)
 Metaspace       used 54401K, capacity 55296K, committed 55720K, reserved 1097728K
  class space    used 7353K, capacity 7542K, committed 7600K, reserved 1048576K
Event: 2695.835 GC heap after
Heap after GC invocations=23 (full 2):
 PSYoungGen      total 105984K, used 33747K [0x000000076d100000, 0x0000000776a80000, 0x00000007c0000000)
  eden space 56832K, 0% used [0x000000076d100000,0x000000076d100000,0x0000000770880000)
  from space 49152K, 68% used [0x0000000770900000,0x00000007729f4d10,0x0000000773900000)
  to   space 50176K, 0% used [0x0000000773980000,0x0000000773980000,0x0000000776a80000)
 ParOldGen       total 239616K, used 63548K [0x00000006c7200000, 0x00000006d5c00000, 0x000000076d100000)
  object space 239616K, 26% used [0x00000006c7200000,0x00000006cb00f288,0x00000006d5c00000)
 Metaspace       used 54401K, capacity 55296K, committed 55720K, reserved 1097728K
  class space    used 7353K, capacity 7542K, committed 7600K, reserved 1048576K
}
Event: 2696.235 GC heap before
{Heap before GC invocations=24 (full 2):
 PSYoungGen      total 105984K, used 90579K [0x000000076d100000, 0x0000000776a80000, 0x00000007c0000000)
  eden space 56832K, 100% used [0x000000076d100000,0x0000000770880000,0x0000000770880000)
  from space 49152K, 68% used [0x0000000770900000,0x00000007729f4d10,0x0000000773900000)
  to   space 50176K, 0% used [0x0000000773980000,0x0000000773980000,0x0000000776a80000)
 ParOldGen       total 239616K, used 63548K [0x00000006c7200000, 0x00000006d5c00000, 0x000000076d100000)
  object space 239616K, 26% used [0x00000006c7200000,0x00000006cb00f288,0x00000006d5c00000)
 Metaspace       used 55042K, capacity 55974K, committed 56360K, reserved 1097728K
  class space    used 7422K, capacity 7640K, committed 7728K, reserved 1048576K
Event: 2696.272 GC heap after
Heap after GC invocations=24 (full 2):
 PSYoungGen      total 107520K, used 30946K [0x000000076d100000, 0x0000000777400000, 0x00000007c0000000)
  eden space 57344K, 0% used [0x000000076d100000,0x000000076d100000,0x0000000770900000)
  from space 50176K, 61% used [0x0000000773980000,0x00000007757b8a48,0x0000000776a80000)
  to   space 49664K, 0% used [0x0000000770900000,0x0000000770900000,0x0000000773980000)
 ParOldGen       total 239616K, used 65261K [0x00000006c7200000, 0x00000006d5c00000, 0x000000076d100000)
  object space 239616K, 27% used [0x00000006c7200000,0x00000006cb1bb470,0x00000006d5c00000)
 Metaspace       used 55042K, capacity 55974K, committed 56360K, reserved 1097728K
  class space    used 7422K, capacity 7640K, committed 7728K, reserved 1048576K
}
Event: 2696.532 GC heap before
{Heap before GC invocations=25 (full 2):
 PSYoungGen      total 107520K, used 88290K [0x000000076d100000, 0x0000000777400000, 0x00000007c0000000)
  eden space 57344K, 100% used [0x000000076d100000,0x0000000770900000,0x0000000770900000)
  from space 50176K, 61% used [0x0000000773980000,0x00000007757b8a48,0x0000000776a80000)
  to   space 49664K, 0% used [0x0000000770900000,0x0000000770900000,0x0000000773980000)
 ParOldGen       total 239616K, used 65261K [0x00000006c7200000, 0x00000006d5c00000, 0x000000076d100000)
  object space 239616K, 27% used [0x00000006c7200000,0x00000006cb1bb470,0x00000006d5c00000)
 Metaspace       used 55045K, capacity 55974K, committed 56360K, reserved 1097728K
  class space    used 7422K, capacity 7640K, committed 7728K, reserved 1048576K
Event: 2696.564 GC heap after
Heap after GC invocations=25 (full 2):
 PSYoungGen      total 107008K, used 29154K [0x000000076d100000, 0x0000000777600000, 0x00000007c0000000)
  eden space 57344K, 0% used [0x000000076d100000,0x000000076d100000,0x0000000770900000)
  from space 49664K, 58% used [0x0000000770900000,0x0000000772578950,0x0000000773980000)
  to   space 48640K, 0% used [0x0000000774680000,0x0000000774680000,0x0000000777600000)
 ParOldGen       total 239616K, used 65693K [0x00000006c7200000, 0x00000006d5c00000, 0x000000076d100000)
  object space 239616K, 27% used [0x00000006c7200000,0x00000006cb2274b0,0x00000006d5c00000)
 Metaspace       used 55045K, capacity 55974K, committed 56360K, reserved 1097728K
  class space    used 7422K, capacity 7640K, committed 7728K, reserved 1048576K
}
Event: 2714.918 GC heap before
{Heap before GC invocations=26 (full 2):
 PSYoungGen      total 107008K, used 86498K [0x000000076d100000, 0x0000000777600000, 0x00000007c0000000)
  eden space 57344K, 100% used [0x000000076d100000,0x0000000770900000,0x0000000770900000)
  from space 49664K, 58% used [0x0000000770900000,0x0000000772578950,0x0000000773980000)
  to   space 48640K, 0% used [0x0000000774680000,0x0000000774680000,0x0000000777600000)
 ParOldGen       total 239616K, used 65693K [0x00000006c7200000, 0x00000006d5c00000, 0x000000076d100000)
  object space 239616K, 27% used [0x00000006c7200000,0x00000006cb2274b0,0x00000006d5c00000)
 Metaspace       used 55046K, capacity 55974K, committed 56360K, reserved 1097728K
  class space    used 7422K, capacity 7640K, committed 7728K, reserved 1048576K
Event: 2714.954 GC heap after
Heap after GC invocations=26 (full 2):
 PSYoungGen      total 113152K, used 25762K [0x000000076d100000, 0x0000000777080000, 0x00000007c0000000)
  eden space 70144K, 0% used [0x000000076d100000,0x000000076d100000,0x0000000771580000)
  from space 43008K, 59% used [0x0000000774680000,0x0000000775fa8950,0x0000000777080000)
  to   space 46592K, 0% used [0x0000000771580000,0x0000000771580000,0x0000000774300000)
 ParOldGen       total 239616K, used 69278K [0x00000006c7200000, 0x00000006d5c00000, 0x000000076d100000)
  object space 239616K, 28% used [0x00000006c7200000,0x00000006cb5a7940,0x00000006d5c00000)
 Metaspace       used 55046K, capacity 55974K, committed 56360K, reserved 1097728K
  class space    used 7422K, capacity 7640K, committed 7728K, reserved 1048576K
}
Event: 2725.702 GC heap before
{Heap before GC invocations=27 (full 2):
 PSYoungGen      total 113152K, used 95906K [0x000000076d100000, 0x0000000777080000, 0x00000007c0000000)
  eden space 70144K, 100% used [0x000000076d100000,0x0000000771580000,0x0000000771580000)
  from space 43008K, 59% used [0x0000000774680000,0x0000000775fa8950,0x0000000777080000)
  to   space 46592K, 0% used [0x0000000771580000,0x0000000771580000,0x0000000774300000)
 ParOldGen       total 239616K, used 69278K [0x00000006c7200000, 0x00000006d5c00000, 0x000000076d100000)
  object space 239616K, 28% used [0x00000006c7200000,0x00000006cb5a7940,0x00000006d5c00000)
 Metaspace       used 55048K, capacity 55974K, committed 56360K, reserved 1097728K
  class space    used 7422K, capacity 7640K, committed 7728K, reserved 1048576K
Event: 2725.724 GC heap after
Heap after GC invocations=27 (full 2):
 PSYoungGen      total 116736K, used 20898K [0x000000076d100000, 0x0000000777900000, 0x00000007c0000000)
  eden space 70144K, 0% used [0x000000076d100000,0x000000076d100000,0x0000000771580000)
  from space 46592K, 44% used [0x0000000771580000,0x00000007729e8950,0x0000000774300000)
  to   space 45568K, 0% used [0x0000000774c80000,0x0000000774c80000,0x0000000777900000)
 ParOldGen       total 239616K, used 74199K [0x00000006c7200000, 0x00000006d5c00000, 0x000000076d100000)
  object space 239616K, 30% used [0x00000006c7200000,0x00000006cba75f50,0x00000006d5c00000)
 Metaspace       used 55048K, capacity 55974K, committed 56360K, reserved 1097728K
  class space    used 7422K, capacity 7640K, committed 7728K, reserved 1048576K
}
Event: 2795.680 GC heap before
{Heap before GC invocations=28 (full 2):
 PSYoungGen      total 116736K, used 91042K [0x000000076d100000, 0x0000000777900000, 0x00000007c0000000)
  eden space 70144K, 100% used [0x000000076d100000,0x0000000771580000,0x0000000771580000)
  from space 46592K, 44% used [0x0000000771580000,0x00000007729e8950,0x0000000774300000)
  to   space 45568K, 0% used [0x0000000774c80000,0x0000000774c80000,0x0000000777900000)
 ParOldGen       total 239616K, used 74199K [0x00000006c7200000, 0x00000006d5c00000, 0x000000076d100000)
  object space 239616K, 30% used [0x00000006c7200000,0x00000006cba75f50,0x00000006d5c00000)
 Metaspace       used 55052K, capacity 55974K, committed 56360K, reserved 1097728K
  class space    used 7422K, capacity 7640K, committed 7728K, reserved 1048576K
Event: 2795.701 GC heap after
Heap after GC invocations=28 (full 2):
 PSYoungGen      total 121344K, used 20011K [0x000000076d100000, 0x0000000777580000, 0x00000007c0000000)
  eden space 79360K, 0% used [0x000000076d100000,0x000000076d100000,0x0000000771e80000)
  from space 41984K, 47% used [0x0000000774c80000,0x000000077600aeb0,0x0000000777580000)
  to   space 44544K, 0% used [0x0000000771e80000,0x0000000771e80000,0x0000000774a00000)
 ParOldGen       total 239616K, used 76512K [0x00000006c7200000, 0x00000006d5c00000, 0x000000076d100000)
  object space 239616K, 31% used [0x00000006c7200000,0x00000006cbcb8250,0x00000006d5c00000)
 Metaspace       used 55052K, capacity 55974K, committed 56360K, reserved 1097728K
  class space    used 7422K, capacity 7640K, committed 7728K, reserved 1048576K
}
Event: 2816.386 GC heap before
{Heap before GC invocations=29 (full 2):
 PSYoungGen      total 121344K, used 99371K [0x000000076d100000, 0x0000000777580000, 0x00000007c0000000)
  eden space 79360K, 100% used [0x000000076d100000,0x0000000771e80000,0x0000000771e80000)
  from space 41984K, 47% used [0x0000000774c80000,0x000000077600aeb0,0x0000000777580000)
  to   space 44544K, 0% used [0x0000000771e80000,0x0000000771e80000,0x0000000774a00000)
 ParOldGen       total 239616K, used 76512K [0x00000006c7200000, 0x00000006d5c00000, 0x000000076d100000)
  object space 239616K, 31% used [0x00000006c7200000,0x00000006cbcb8250,0x00000006d5c00000)
 Metaspace       used 55071K, capacity 55974K, committed 56360K, reserved 1097728K
  class space    used 7422K, capacity 7640K, committed 7728K, reserved 1048576K
Event: 2816.405 GC heap after
Heap after GC invocations=29 (full 2):
 PSYoungGen      total 123904K, used 19574K [0x000000076d100000, 0x0000000777c00000, 0x00000007c0000000)
  eden space 79360K, 0% used [0x000000076d100000,0x000000076d100000,0x0000000771e80000)
  from space 44544K, 43% used [0x0000000771e80000,0x000000077319d960,0x0000000774a00000)
  to   space 43520K, 0% used [0x0000000775180000,0x0000000775180000,0x0000000777c00000)
 ParOldGen       total 239616K, used 76512K [0x00000006c7200000, 0x00000006d5c00000, 0x000000076d100000)
  object space 239616K, 31% used [0x00000006c7200000,0x00000006cbcb8250,0x00000006d5c00000)
 Metaspace       used 55071K, capacity 55974K, committed 56360K, reserved 1097728K
  class space    used 7422K, capacity 7640K, committed 7728K, reserved 1048576K
}
Event: 2821.569 GC heap before
{Heap before GC invocations=30 (full 2):
 PSYoungGen      total 123904K, used 98934K [0x000000076d100000, 0x0000000777c00000, 0x00000007c0000000)
  eden space 79360K, 100% used [0x000000076d100000,0x0000000771e80000,0x0000000771e80000)
  from space 44544K, 43% used [0x0000000771e80000,0x000000077319d960,0x0000000774a00000)
  to   space 43520K, 0% used [0x0000000775180000,0x0000000775180000,0x0000000777c00000)
 ParOldGen       total 239616K, used 76512K [0x00000006c7200000, 0x00000006d5c00000, 0x000000076d100000)
  object space 239616K, 31% used [0x00000006c7200000,0x00000006cbcb8250,0x00000006d5c00000)
 Metaspace       used 55071K, capacity 55974K, committed 56360K, reserved 1097728K
  class space    used 7422K, capacity 7640K, committed 7728K, reserved 1048576K
Event: 2821.594 GC heap after
Heap after GC invocations=30 (full 2):
 PSYoungGen      total 127488K, used 19550K [0x000000076d100000, 0x0000000777900000, 0x00000007c0000000)
  eden space 87040K, 0% used [0x000000076d100000,0x000000076d100000,0x0000000772600000)
  from space 40448K, 48% used [0x0000000775180000,0x0000000776497950,0x0000000777900000)
  to   space 42496K, 0% used [0x0000000772600000,0x0000000772600000,0x0000000774f80000)
 ParOldGen       total 239616K, used 76512K [0x00000006c7200000, 0x00000006d5c00000, 0x000000076d100000)
  object space 239616K, 31% used [0x00000006c7200000,0x00000006cbcb8250,0x00000006d5c00000)
 Metaspace       used 55071K, capacity 55974K, committed 56360K, reserved 1097728K
  class space    used 7422K, capacity 7640K, committed 7728K, reserved 1048576K
}
Event: 2865.973 GC heap before
{Heap before GC invocations=31 (full 2):
 PSYoungGen      total 127488K, used 106590K [0x000000076d100000, 0x0000000777900000, 0x00000007c0000000)
  eden space 87040K, 100% used [0x000000076d100000,0x0000000772600000,0x0000000772600000)
  from space 40448K, 48% used [0x0000000775180000,0x0000000776497950,0x0000000777900000)
  to   space 42496K, 0% used [0x0000000772600000,0x0000000772600000,0x0000000774f80000)
 ParOldGen       total 239616K, used 76512K [0x00000006c7200000, 0x00000006d5c00000, 0x000000076d100000)
  object space 239616K, 31% used [0x00000006c7200000,0x00000006cbcb8250,0x00000006d5c00000)
 Metaspace       used 55072K, capacity 55974K, committed 56360K, reserved 1097728K
  class space    used 7422K, capacity 7640K, committed 7728K, reserved 1048576K
Event: 2866.001 GC heap after
Heap after GC invocations=31 (full 2):
 PSYoungGen      total 104448K, used 18114K [0x000000076d100000, 0x0000000777600000, 0x00000007c0000000)
  eden space 86016K, 0% used [0x000000076d100000,0x000000076d100000,0x0000000772500000)
  from space 18432K, 98% used [0x0000000772600000,0x00000007737b0950,0x0000000773800000)
  to   space 41472K, 0% used [0x0000000774d80000,0x0000000774d80000,0x0000000777600000)
 ParOldGen       total 239616K, used 78793K [0x00000006c7200000, 0x00000006d5c00000, 0x000000076d100000)
  object space 239616K, 32% used [0x00000006c7200000,0x00000006cbef2540,0x00000006d5c00000)
 Metaspace       used 55072K, capacity 55974K, committed 56360K, reserved 1097728K
  class space    used 7422K, capacity 7640K, committed 7728K, reserved 1048576K
}
Event: 2901.651 GC heap before
{Heap before GC invocations=32 (full 2):
 PSYoungGen      total 104448K, used 104130K [0x000000076d100000, 0x0000000777600000, 0x00000007c0000000)
  eden space 86016K, 100% used [0x000000076d100000,0x0000000772500000,0x0000000772500000)
  from space 18432K, 98% used [0x0000000772600000,0x00000007737b0950,0x0000000773800000)
  to   space 41472K, 0% used [0x0000000774d80000,0x0000000774d80000,0x0000000777600000)
 ParOldGen       total 239616K, used 78793K [0x00000006c7200000, 0x00000006d5c00000, 0x000000076d100000)
  object space 239616K, 32% used [0x00000006c7200000,0x00000006cbef2540,0x00000006d5c00000)
 Metaspace       used 55079K, capacity 55974K, committed 56360K, reserved 1097728K
  class space    used 7422K, capacity 7640K, committed 7728K, reserved 1048576K
Event: 2901.671 GC heap after
Heap after GC invocations=32 (full 2):
 PSYoungGen      total 124416K, used 16054K [0x000000076d100000, 0x0000000777400000, 0x00000007c0000000)
  eden space 84992K, 0% used [0x000000076d100000,0x000000076d100000,0x0000000772400000)
  from space 39424K, 40% used [0x0000000774d80000,0x0000000775d2d960,0x0000000777400000)
  to   space 40960K, 0% used [0x0000000772400000,0x0000000772400000,0x0000000774c00000)
 ParOldGen       total 239616K, used 81074K [0x00000006c7200000, 0x00000006d5c00000, 0x000000076d100000)
  object space 239616K, 33% used [0x00000006c7200000,0x00000006cc12c830,0x00000006d5c00000)
 Metaspace       used 55079K, capacity 55974K, committed 56360K, reserved 1097728K
  class space    used 7422K, capacity 7640K, committed 7728K, reserved 1048576K
}
Event: 2908.761 GC heap before
{Heap before GC invocations=33 (full 2):
 PSYoungGen      total 124416K, used 101046K [0x000000076d100000, 0x0000000777400000, 0x00000007c0000000)
  eden space 84992K, 100% used [0x000000076d100000,0x0000000772400000,0x0000000772400000)
  from space 39424K, 40% used [0x0000000774d80000,0x0000000775d2d960,0x0000000777400000)
  to   space 40960K, 0% used [0x0000000772400000,0x0000000772400000,0x0000000774c00000)
 ParOldGen       total 239616K, used 81074K [0x00000006c7200000, 0x00000006d5c00000, 0x000000076d100000)
  object space 239616K, 33% used [0x00000006c7200000,0x00000006cc12c830,0x00000006d5c00000)
 Metaspace       used 55086K, capacity 56038K, committed 56360K, reserved 1097728K
  class space    used 7422K, capacity 7640K, committed 7728K, reserved 1048576K
Event: 2908.779 GC heap after
Heap after GC invocations=33 (full 2):
 PSYoungGen      total 97792K, used 13482K [0x000000076d100000, 0x0000000777300000, 0x00000007c0000000)
  eden space 83968K, 0% used [0x000000076d100000,0x000000076d100000,0x0000000772300000)
  from space 13824K, 97% used [0x0000000772400000,0x000000077312a940,0x0000000773180000)
  to   space 40960K, 0% used [0x0000000774b00000,0x0000000774b00000,0x0000000777300000)
 ParOldGen       total 239616K, used 83290K [0x00000006c7200000, 0x00000006d5c00000, 0x000000076d100000)
  object space 239616K, 34% used [0x00000006c7200000,0x00000006cc356b10,0x00000006d5c00000)
 Metaspace       used 55086K, capacity 56038K, committed 56360K, reserved 1097728K
  class space    used 7422K, capacity 7640K, committed 7728K, reserved 1048576K
}
Event: 2915.078 GC heap before
{Heap before GC invocations=34 (full 2):
 PSYoungGen      total 97792K, used 97450K [0x000000076d100000, 0x0000000777300000, 0x00000007c0000000)
  eden space 83968K, 100% used [0x000000076d100000,0x0000000772300000,0x0000000772300000)
  from space 13824K, 97% used [0x0000000772400000,0x000000077312a940,0x0000000773180000)
  to   space 40960K, 0% used [0x0000000774b00000,0x0000000774b00000,0x0000000777300000)
 ParOldGen       total 239616K, used 83290K [0x00000006c7200000, 0x00000006d5c00000, 0x000000076d100000)
  object space 239616K, 34% used [0x00000006c7200000,0x00000006cc356b10,0x00000006d5c00000)
 Metaspace       used 55305K, capacity 56260K, committed 56616K, reserved 1097728K
  class space    used 7425K, capacity 7646K, committed 7728K, reserved 1048576K
Event: 2915.099 GC heap after
Heap after GC invocations=34 (full 2):
 PSYoungGen      total 120832K, used 13795K [0x000000076d100000, 0x0000000777000000, 0x00000007c0000000)
  eden space 82944K, 0% used [0x000000076d100000,0x000000076d100000,0x0000000772200000)
  from space 37888K, 36% used [0x0000000774b00000,0x0000000775878cf8,0x0000000777000000)
  to   space 39936K, 0% used [0x0000000772200000,0x0000000772200000,0x0000000774900000)
 ParOldGen       total 239616K, used 85419K [0x00000006c7200000, 0x00000006d5c00000, 0x000000076d100000)
  object space 239616K, 35% used [0x00000006c7200000,0x00000006cc56add0,0x00000006d5c00000)
 Metaspace       used 55305K, capacity 56260K, committed 56616K, reserved 1097728K
  class space    used 7425K, capacity 7646K, committed 7728K, reserved 1048576K
}
Event: 2915.436 GC heap before
{Heap before GC invocations=35 (full 2):
 PSYoungGen      total 120832K, used 96739K [0x000000076d100000, 0x0000000777000000, 0x00000007c0000000)
  eden space 82944K, 100% used [0x000000076d100000,0x0000000772200000,0x0000000772200000)
  from space 37888K, 36% used [0x0000000774b00000,0x0000000775878cf8,0x0000000777000000)
  to   space 39936K, 0% used [0x0000000772200000,0x0000000772200000,0x0000000774900000)
 ParOldGen       total 239616K, used 85419K [0x00000006c7200000, 0x00000006d5c00000, 0x000000076d100000)
  object space 239616K, 35% used [0x00000006c7200000,0x00000006cc56add0,0x00000006d5c00000)
 Metaspace       used 55306K, capacity 56260K, committed 56616K, reserved 1097728K
  class space    used 7425K, capacity 7646K, committed 7728K, reserved 1048576K
Event: 2915.456 GC heap after
Heap after GC invocations=35 (full 2):
 PSYoungGen      total 122880K, used 9983K [0x000000076d100000, 0x0000000777880000, 0x00000007c0000000)
  eden space 82944K, 0% used [0x000000076d100000,0x000000076d100000,0x0000000772200000)
  from space 39936K, 24% used [0x0000000772200000,0x0000000772bbfde0,0x0000000774900000)
  to   space 39936K, 0% used [0x0000000775180000,0x0000000775180000,0x0000000777880000)
 ParOldGen       total 239616K, used 87516K [0x00000006c7200000, 0x00000006d5c00000, 0x000000076d100000)
  object space 239616K, 36% used [0x00000006c7200000,0x00000006cc777080,0x00000006d5c00000)
 Metaspace       used 55306K, capacity 56260K, committed 56616K, reserved 1097728K
  class space    used 7425K, capacity 7646K, committed 7728K, reserved 1048576K
}
Event: 2930.980 GC heap before
{Heap before GC invocations=36 (full 2):
 PSYoungGen      total 122880K, used 92927K [0x000000076d100000, 0x0000000777880000, 0x00000007c0000000)
  eden space 82944K, 100% used [0x000000076d100000,0x0000000772200000,0x0000000772200000)
  from space 39936K, 24% used [0x0000000772200000,0x0000000772bbfde0,0x0000000774900000)
  to   space 39936K, 0% used [0x0000000775180000,0x0000000775180000,0x0000000777880000)
 ParOldGen       total 239616K, used 87516K [0x00000006c7200000, 0x00000006d5c00000, 0x000000076d100000)
  object space 239616K, 36% used [0x00000006c7200000,0x00000006cc777080,0x00000006d5c00000)
 Metaspace       used 55311K, capacity 56260K, committed 56616K, reserved 1097728K
  class space    used 7425K, capacity 7646K, committed 7728K, reserved 1048576K
Event: 2931.001 GC heap after
Heap after GC invocations=36 (full 2):
 PSYoungGen      total 129536K, used 8052K [0x000000076d100000, 0x0000000777780000, 0x00000007c0000000)
  eden space 90624K, 0% used [0x000000076d100000,0x000000076d100000,0x0000000772980000)
  from space 38912K, 20% used [0x0000000775180000,0x000000077595d280,0x0000000777780000)
  to   space 39936K, 0% used [0x0000000772980000,0x0000000772980000,0x0000000775080000)
 ParOldGen       total 239616K, used 89740K [0x00000006c7200000, 0x00000006d5c00000, 0x000000076d100000)
  object space 239616K, 37% used [0x00000006c7200000,0x00000006cc9a32c0,0x00000006d5c00000)
 Metaspace       used 55311K, capacity 56260K, committed 56616K, reserved 1097728K
  class space    used 7425K, capacity 7646K, committed 7728K, reserved 1048576K
}
Event: 2956.367 GC heap before
{Heap before GC invocations=37 (full 2):
 PSYoungGen      total 129536K, used 98676K [0x000000076d100000, 0x0000000777780000, 0x00000007c0000000)
  eden space 90624K, 100% used [0x000000076d100000,0x0000000772980000,0x0000000772980000)
  from space 38912K, 20% used [0x0000000775180000,0x000000077595d280,0x0000000777780000)
  to   space 39936K, 0% used [0x0000000772980000,0x0000000772980000,0x0000000775080000)
 ParOldGen       total 239616K, used 89740K [0x00000006c7200000, 0x00000006d5c00000, 0x000000076d100000)
  object space 239616K, 37% used [0x00000006c7200000,0x00000006cc9a32c0,0x00000006d5c00000)
 Metaspace       used 55313K, capacity 56260K, committed 56616K, reserved 1097728K
  class space    used 7425K, capacity 7646K, committed 7728K, reserved 1048576K
Event: 2956.386 GC heap after
Heap after GC invocations=37 (full 2):
 PSYoungGen      total 130560K, used 6078K [0x000000076d100000, 0x0000000777e00000, 0x00000007c0000000)
  eden space 90624K, 0% used [0x000000076d100000,0x000000076d100000,0x0000000772980000)
  from space 39936K, 15% used [0x0000000772980000,0x0000000772f6f950,0x0000000775080000)
  to   space 39936K, 0% used [0x0000000775700000,0x0000000775700000,0x0000000777e00000)
 ParOldGen       total 239616K, used 91925K [0x00000006c7200000, 0x00000006d5c00000, 0x000000076d100000)
  object space 239616K, 38% used [0x00000006c7200000,0x00000006ccbc54a0,0x00000006d5c00000)
 Metaspace       used 55313K, capacity 56260K, committed 56616K, reserved 1097728K
  class space    used 7425K, capacity 7646K, committed 7728K, reserved 1048576K
}
Event: 2963.023 GC heap before
{Heap before GC invocations=38 (full 2):
 PSYoungGen      total 130560K, used 96702K [0x000000076d100000, 0x0000000777e00000, 0x00000007c0000000)
  eden space 90624K, 100% used [0x000000076d100000,0x0000000772980000,0x0000000772980000)
  from space 39936K, 15% used [0x0000000772980000,0x0000000772f6f950,0x0000000775080000)
  to   space 39936K, 0% used [0x0000000775700000,0x0000000775700000,0x0000000777e00000)
 ParOldGen       total 239616K, used 91925K [0x00000006c7200000, 0x00000006d5c00000, 0x000000076d100000)
  object space 239616K, 38% used [0x00000006c7200000,0x00000006ccbc54a0,0x00000006d5c00000)
 Metaspace       used 56205K, capacity 57124K, committed 57512K, reserved 1099776K
  class space    used 7552K, capacity 7742K, committed 7856K, reserved 1048576K
Event: 2963.045 GC heap after
Heap after GC invocations=38 (full 2):
 PSYoungGen      total 118784K, used 15530K [0x000000076d100000, 0x0000000777380000, 0x00000007c0000000)
  eden space 89600K, 0% used [0x000000076d100000,0x000000076d100000,0x0000000772880000)
  from space 29184K, 53% used [0x0000000775700000,0x000000077662a940,0x0000000777380000)
  to   space 38400K, 0% used [0x0000000772880000,0x0000000772880000,0x0000000774e00000)
 ParOldGen       total 239616K, used 94068K [0x00000006c7200000, 0x00000006d5c00000, 0x000000076d100000)
  object space 239616K, 39% used [0x00000006c7200000,0x00000006ccddd188,0x00000006d5c00000)
 Metaspace       used 56205K, capacity 57124K, committed 57512K, reserved 1099776K
  class space    used 7552K, capacity 7742K, committed 7856K, reserved 1048576K
}
Event: 2968.471 GC heap before
{Heap before GC invocations=39 (full 2):
 PSYoungGen      total 118784K, used 105130K [0x000000076d100000, 0x0000000777380000, 0x00000007c0000000)
  eden space 89600K, 100% used [0x000000076d100000,0x0000000772880000,0x0000000772880000)
  from space 29184K, 53% used [0x0000000775700000,0x000000077662a940,0x0000000777380000)
  to   space 38400K, 0% used [0x0000000772880000,0x0000000772880000,0x0000000774e00000)
 ParOldGen       total 239616K, used 94068K [0x00000006c7200000, 0x00000006d5c00000, 0x000000076d100000)
  object space 239616K, 39% used [0x00000006c7200000,0x00000006ccddd188,0x00000006d5c00000)
 Metaspace       used 56569K, capacity 57482K, committed 57768K, reserved 1099776K
  class space    used 7579K, capacity 7775K, committed 7856K, reserved 1048576K
Event: 2968.503 GC heap after
Heap after GC invocations=39 (full 2):
 PSYoungGen      total 126976K, used 32644K [0x000000076d100000, 0x0000000777980000, 0x00000007c0000000)
  eden space 88576K, 0% used [0x000000076d100000,0x000000076d100000,0x0000000772780000)
  from space 38400K, 85% used [0x0000000772880000,0x0000000774861178,0x0000000774e00000)
  to   space 41984K, 0% used [0x0000000775080000,0x0000000775080000,0x0000000777980000)
 ParOldGen       total 239616K, used 94402K [0x00000006c7200000, 0x00000006d5c00000, 0x000000076d100000)
  object space 239616K, 39% used [0x00000006c7200000,0x00000006cce30ad8,0x00000006d5c00000)
 Metaspace       used 56569K, capacity 57482K, committed 57768K, reserved 1099776K
  class space    used 7579K, capacity 7775K, committed 7856K, reserved 1048576K
}
Event: 2972.270 GC heap before
{Heap before GC invocations=40 (full 2):
 PSYoungGen      total 126976K, used 121220K [0x000000076d100000, 0x0000000777980000, 0x00000007c0000000)
  eden space 88576K, 100% used [0x000000076d100000,0x0000000772780000,0x0000000772780000)
  from space 38400K, 85% used [0x0000000772880000,0x0000000774861178,0x0000000774e00000)
  to   space 41984K, 0% used [0x0000000775080000,0x0000000775080000,0x0000000777980000)
 ParOldGen       total 239616K, used 94402K [0x00000006c7200000, 0x00000006d5c00000, 0x000000076d100000)
  object space 239616K, 39% used [0x00000006c7200000,0x00000006cce30ad8,0x00000006d5c00000)
 Metaspace       used 56585K, capacity 57482K, committed 57768K, reserved 1099776K
  class space    used 7580K, capacity 7775K, committed 7856K, reserved 1048576K
Event: 2972.301 GC heap after
Heap after GC invocations=40 (full 2):
 PSYoungGen      total 127488K, used 33579K [0x000000076d100000, 0x0000000777e80000, 0x00000007c0000000)
  eden space 85504K, 0% used [0x000000076d100000,0x000000076d100000,0x0000000772480000)
  from space 41984K, 79% used [0x0000000775080000,0x000000077714afd0,0x0000000777980000)
  to   space 45056K, 0% used [0x0000000772480000,0x0000000772480000,0x0000000775080000)
 ParOldGen       total 239616K, used 94458K [0x00000006c7200000, 0x00000006d5c00000, 0x000000076d100000)
  object space 239616K, 39% used [0x00000006c7200000,0x00000006cce3eae8,0x00000006d5c00000)
 Metaspace       used 56585K, capacity 57482K, committed 57768K, reserved 1099776K
  class space    used 7580K, capacity 7775K, committed 7856K, reserved 1048576K
}
Event: 2995.890 GC heap before
{Heap before GC invocations=41 (full 2):
 PSYoungGen      total 127488K, used 119083K [0x000000076d100000, 0x0000000777e80000, 0x00000007c0000000)
  eden space 85504K, 100% used [0x000000076d100000,0x0000000772480000,0x0000000772480000)
  from space 41984K, 79% used [0x0000000775080000,0x000000077714afd0,0x0000000777980000)
  to   space 45056K, 0% used [0x0000000772480000,0x0000000772480000,0x0000000775080000)
 ParOldGen       total 239616K, used 94458K [0x00000006c7200000, 0x00000006d5c00000, 0x000000076d100000)
  object space 239616K, 39% used [0x00000006c7200000,0x00000006cce3eae8,0x00000006d5c00000)
 Metaspace       used 56776K, capacity 57674K, committed 58024K, reserved 1099776K
  class space    used 7585K, capacity 7775K, committed 7856K, reserved 1048576K
Event: 2995.954 GC heap after
Heap after GC invocations=41 (full 2):
 PSYoungGen      total 129536K, used 36256K [0x000000076d100000, 0x0000000778280000, 0x00000007c0000000)
  eden space 84480K, 0% used [0x000000076d100000,0x000000076d100000,0x0000000772380000)
  from space 45056K, 80% used [0x0000000772480000,0x00000007747e8000,0x0000000775080000)
  to   space 48640K, 0% used [0x0000000775300000,0x0000000775300000,0x0000000778280000)
 ParOldGen       total 239616K, used 94634K [0x00000006c7200000, 0x00000006d5c00000, 0x000000076d100000)
  object space 239616K, 39% used [0x00000006c7200000,0x00000006cce6ab18,0x00000006d5c00000)
 Metaspace       used 56776K, capacity 57674K, committed 58024K, reserved 1099776K
  class space    used 7585K, capacity 7775K, committed 7856K, reserved 1048576K
}
Event: 3185.189 GC heap before
{Heap before GC invocations=42 (full 2):
 PSYoungGen      total 129536K, used 120736K [0x000000076d100000, 0x0000000778280000, 0x00000007c0000000)
  eden space 84480K, 100% used [0x000000076d100000,0x0000000772380000,0x0000000772380000)
  from space 45056K, 80% used [0x0000000772480000,0x00000007747e8000,0x0000000775080000)
  to   space 48640K, 0% used [0x0000000775300000,0x0000000775300000,0x0000000778280000)
 ParOldGen       total 239616K, used 94634K [0x00000006c7200000, 0x00000006d5c00000, 0x000000076d100000)
  object space 239616K, 39% used [0x00000006c7200000,0x00000006cce6ab18,0x00000006d5c00000)
 Metaspace       used 56854K, capacity 57738K, committed 58024K, reserved 1099776K
  class space    used 7585K, capacity 7775K, committed 7856K, reserved 1048576K
Event: 3185.225 GC heap after
Heap after GC invocations=42 (full 2):
 PSYoungGen      total 129536K, used 38336K [0x000000076d100000, 0x0000000778880000, 0x00000007c0000000)
  eden space 80896K, 0% used [0x000000076d100000,0x000000076d100000,0x0000000772000000)
  from space 48640K, 78% used [0x0000000775300000,0x0000000777870000,0x0000000778280000)
  to   space 52224K, 0% used [0x0000000772000000,0x0000000772000000,0x0000000775300000)
 ParOldGen       total 239616K, used 94786K [0x00000006c7200000, 0x00000006d5c00000, 0x000000076d100000)
  object space 239616K, 39% used [0x00000006c7200000,0x00000006cce90b48,0x00000006d5c00000)
 Metaspace       used 56854K, capacity 57738K, committed 58024K, reserved 1099776K
  class space    used 7585K, capacity 7775K, committed 7856K, reserved 1048576K
}
Event: 4000.227 GC heap before
{Heap before GC invocations=43 (full 2):
 PSYoungGen      total 129536K, used 119232K [0x000000076d100000, 0x0000000778880000, 0x00000007c0000000)
  eden space 80896K, 100% used [0x000000076d100000,0x0000000772000000,0x0000000772000000)
  from space 48640K, 78% used [0x0000000775300000,0x0000000777870000,0x0000000778280000)
  to   space 52224K, 0% used [0x0000000772000000,0x0000000772000000,0x0000000775300000)
 ParOldGen       total 239616K, used 94786K [0x00000006c7200000, 0x00000006d5c00000, 0x000000076d100000)
  object space 239616K, 39% used [0x00000006c7200000,0x00000006cce90b48,0x00000006d5c00000)
 Metaspace       used 56876K, capacity 57738K, committed 58024K, reserved 1099776K
  class space    used 7585K, capacity 7775K, committed 7856K, reserved 1048576K
Event: 4000.269 GC heap after
Heap after GC invocations=43 (full 2):
 PSYoungGen      total 132096K, used 51733K [0x000000076d100000, 0x0000000779300000, 0x00000007c0000000)
  eden space 79872K, 0% used [0x000000076d100000,0x000000076d100000,0x0000000771f00000)
  from space 52224K, 99% used [0x0000000772000000,0x00000007752854a0,0x0000000775300000)
  to   space 59392K, 0% used [0x0000000775900000,0x0000000775900000,0x0000000779300000)
 ParOldGen       total 239616K, used 95515K [0x00000006c7200000, 0x00000006d5c00000, 0x000000076d100000)
  object space 239616K, 39% used [0x00000006c7200000,0x00000006ccf46c28,0x00000006d5c00000)
 Metaspace       used 56876K, capacity 57738K, committed 58024K, reserved 1099776K
  class space    used 7585K, capacity 7775K, committed 7856K, reserved 1048576K
}
Event: 4353.675 GC heap before
{Heap before GC invocations=44 (full 2):
 PSYoungGen      total 132096K, used 131605K [0x000000076d100000, 0x0000000779300000, 0x00000007c0000000)
  eden space 79872K, 100% used [0x000000076d100000,0x0000000771f00000,0x0000000771f00000)
  from space 52224K, 99% used [0x0000000772000000,0x00000007752854a0,0x0000000775300000)
  to   space 59392K, 0% used [0x0000000775900000,0x0000000775900000,0x0000000779300000)
 ParOldGen       total 239616K, used 95515K [0x00000006c7200000, 0x00000006d5c00000, 0x000000076d100000)
  object space 239616K, 39% used [0x00000006c7200000,0x00000006ccf46c28,0x00000006d5c00000)
 Metaspace       used 56892K, capacity 57802K, committed 58024K, reserved 1099776K
  class space    used 7585K, capacity 7775K, committed 7856K, reserved 1048576K
Event: 4353.717 GC heap after
Heap after GC invocations=44 (full 2):
 PSYoungGen      total 133632K, used 49578K [0x000000076d100000, 0x0000000779d00000, 0x00000007c0000000)
  eden space 74240K, 0% used [0x000000076d100000,0x000000076d100000,0x0000000771980000)
  from space 59392K, 83% used [0x0000000775900000,0x000000077896a9f0,0x0000000779300000)
  to   space 65024K, 0% used [0x0000000771980000,0x0000000771980000,0x0000000775900000)
 ParOldGen       total 239616K, used 95739K [0x00000006c7200000, 0x00000006d5c00000, 0x000000076d100000)
  object space 239616K, 39% used [0x00000006c7200000,0x00000006ccf7ec68,0x00000006d5c00000)
 Metaspace       used 56892K, capacity 57802K, committed 58024K, reserved 1099776K
  class space    used 7585K, capacity 7775K, committed 7856K, reserved 1048576K
}
Event: 4408.358 GC heap before
{Heap before GC invocations=45 (full 2):
 PSYoungGen      total 133632K, used 123818K [0x000000076d100000, 0x0000000779d00000, 0x00000007c0000000)
  eden space 74240K, 100% used [0x000000076d100000,0x0000000771980000,0x0000000771980000)
  from space 59392K, 83% used [0x0000000775900000,0x000000077896a9f0,0x0000000779300000)
  to   space 65024K, 0% used [0x0000000771980000,0x0000000771980000,0x0000000775900000)
 ParOldGen       total 239616K, used 95739K [0x00000006c7200000, 0x00000006d5c00000, 0x000000076d100000)
  object space 239616K, 39% used [0x00000006c7200000,0x00000006ccf7ec68,0x00000006d5c00000)
 Metaspace       used 57046K, capacity 57962K, committed 58280K, reserved 1099776K
  class space    used 7613K, capacity 7807K, committed 7856K, reserved 1048576K
Event: 4408.407 GC heap after
Heap after GC invocations=45 (full 2):
 PSYoungGen      total 138752K, used 48130K [0x000000076d100000, 0x0000000779f00000, 0x00000007c0000000)
  eden space 73728K, 0% used [0x000000076d100000,0x000000076d100000,0x0000000771900000)
  from space 65024K, 74% used [0x0000000771980000,0x0000000774880b00,0x0000000775900000)
  to   space 68608K, 0% used [0x0000000775c00000,0x0000000775c00000,0x0000000779f00000)
 ParOldGen       total 239616K, used 95803K [0x00000006c7200000, 0x00000006d5c00000, 0x000000076d100000)
  object space 239616K, 39% used [0x00000006c7200000,0x00000006ccf8ec78,0x00000006d5c00000)
 Metaspace       used 57046K, capacity 57962K, committed 58280K, reserved 1099776K
  class space    used 7613K, capacity 7807K, committed 7856K, reserved 1048576K
}
Event: 4411.017 GC heap before
{Heap before GC invocations=46 (full 2):
 PSYoungGen      total 138752K, used 121858K [0x000000076d100000, 0x0000000779f00000, 0x00000007c0000000)
  eden space 73728K, 100% used [0x000000076d100000,0x0000000771900000,0x0000000771900000)
  from space 65024K, 74% used [0x0000000771980000,0x0000000774880b00,0x0000000775900000)
  to   space 68608K, 0% used [0x0000000775c00000,0x0000000775c00000,0x0000000779f00000)
 ParOldGen       total 239616K, used 95803K [0x00000006c7200000, 0x00000006d5c00000, 0x000000076d100000)
  object space 239616K, 39% used [0x00000006c7200000,0x00000006ccf8ec78,0x00000006d5c00000)
 Metaspace       used 57081K, capacity 58026K, committed 58280K, reserved 1099776K
  class space    used 7614K, capacity 7807K, committed 7856K, reserved 1048576K
Event: 4411.072 GC heap after
Heap after GC invocations=46 (full 2):
 PSYoungGen      total 122368K, used 68597K [0x000000076d100000, 0x000000077c580000, 0x00000007c0000000)
  eden space 53760K, 0% used [0x000000076d100000,0x000000076d100000,0x0000000770580000)
  from space 68608K, 99% used [0x0000000775c00000,0x0000000779efd540,0x0000000779f00000)
  to   space 88576K, 0% used [0x0000000770580000,0x0000000770580000,0x0000000775c00000)
 ParOldGen       total 239616K, used 122835K [0x00000006c7200000, 0x00000006d5c00000, 0x000000076d100000)
  object space 239616K, 51% used [0x00000006c7200000,0x00000006ce9f4ee8,0x00000006d5c00000)
 Metaspace       used 57081K, capacity 58026K, committed 58280K, reserved 1099776K
  class space    used 7614K, capacity 7807K, committed 7856K, reserved 1048576K
}
Event: 4411.209 GC heap before
{Heap before GC invocations=47 (full 2):
 PSYoungGen      total 122368K, used 122357K [0x000000076d100000, 0x000000077c580000, 0x00000007c0000000)
  eden space 53760K, 100% used [0x000000076d100000,0x0000000770580000,0x0000000770580000)
  from space 68608K, 99% used [0x0000000775c00000,0x0000000779efd540,0x0000000779f00000)
  to   space 88576K, 0% used [0x0000000770580000,0x0000000770580000,0x0000000775c00000)
 ParOldGen       total 239616K, used 122835K [0x00000006c7200000, 0x00000006d5c00000, 0x000000076d100000)
  object space 239616K, 51% used [0x00000006c7200000,0x00000006ce9f4ee8,0x00000006d5c00000)
 Metaspace       used 57081K, capacity 58026K, committed 58280K, reserved 1099776K
  class space    used 7614K, capacity 7807K, committed 7856K, reserved 1048576K
Event: 4411.263 GC heap after
Heap after GC invocations=47 (full 2):
 PSYoungGen      total 142336K, used 66998K [0x000000076d100000, 0x000000077c780000, 0x00000007c0000000)
  eden space 53760K, 0% used [0x000000076d100000,0x000000076d100000,0x0000000770580000)
  from space 88576K, 75% used [0x0000000770580000,0x00000007746ed960,0x0000000775c00000)
  to   space 94720K, 0% used [0x0000000776b00000,0x0000000776b00000,0x000000077c780000)
 ParOldGen       total 239616K, used 122891K [0x00000006c7200000, 0x00000006d5c00000, 0x000000076d100000)
  object space 239616K, 51% used [0x00000006c7200000,0x00000006cea02ee8,0x00000006d5c00000)
 Metaspace       used 57081K, capacity 58026K, committed 58280K, reserved 1099776K
  class space    used 7614K, capacity 7807K, committed 7856K, reserved 1048576K
}
Event: 4411.390 GC heap before
{Heap before GC invocations=48 (full 2):
 PSYoungGen      total 142336K, used 120758K [0x000000076d100000, 0x000000077c780000, 0x00000007c0000000)
  eden space 53760K, 100% used [0x000000076d100000,0x0000000770580000,0x0000000770580000)
  from space 88576K, 75% used [0x0000000770580000,0x00000007746ed960,0x0000000775c00000)
  to   space 94720K, 0% used [0x0000000776b00000,0x0000000776b00000,0x000000077c780000)
 ParOldGen       total 239616K, used 122891K [0x00000006c7200000, 0x00000006d5c00000, 0x000000076d100000)
  object space 239616K, 51% used [0x00000006c7200000,0x00000006cea02ee8,0x00000006d5c00000)
 Metaspace       used 57081K, capacity 58026K, committed 58280K, reserved 1099776K
  class space    used 7614K, capacity 7807K, committed 7856K, reserved 1048576K
Event: 4411.450 GC heap after
Heap after GC invocations=48 (full 2):
 PSYoungGen      total 152576K, used 68921K [0x000000076d100000, 0x000000077d300000, 0x00000007c0000000)
  eden space 57856K, 0% used [0x000000076d100000,0x000000076d100000,0x0000000770980000)
  from space 94720K, 72% used [0x0000000776b00000,0x000000077ae4e680,0x000000077c780000)
  to   space 99840K, 0% used [0x0000000770980000,0x0000000770980000,0x0000000776b00000)
 ParOldGen       total 239616K, used 123476K [0x00000006c7200000, 0x00000006d5c00000, 0x000000076d100000)
  object space 239616K, 51% used [0x00000006c7200000,0x00000006cea95148,0x00000006d5c00000)
 Metaspace       used 57081K, capacity 58026K, committed 58280K, reserved 1099776K
  class space    used 7614K, capacity 7807K, committed 7856K, reserved 1048576K
}
Event: 4411.591 GC heap before
{Heap before GC invocations=49 (full 2):
 PSYoungGen      total 152576K, used 126777K [0x000000076d100000, 0x000000077d300000, 0x00000007c0000000)
  eden space 57856K, 100% used [0x000000076d100000,0x0000000770980000,0x0000000770980000)
  from space 94720K, 72% used [0x0000000776b00000,0x000000077ae4e680,0x000000077c780000)
  to   space 99840K, 0% used [0x0000000770980000,0x0000000770980000,0x0000000776b00000)
 ParOldGen       total 239616K, used 123476K [0x00000006c7200000, 0x00000006d5c00000, 0x000000076d100000)
  object space 239616K, 51% used [0x00000006c7200000,0x00000006cea95148,0x00000006d5c00000)
 Metaspace       used 57081K, capacity 58026K, committed 58280K, reserved 1099776K
  class space    used 7614K, capacity 7807K, committed 7856K, reserved 1048576K
Event: 4411.632 GC heap after
Heap after GC invocations=49 (full 2):
 PSYoungGen      total 157696K, used 68898K [0x000000076d100000, 0x000000077df80000, 0x00000007c0000000)
  eden space 57856K, 0% used [0x000000076d100000,0x000000076d100000,0x0000000770980000)
  from space 99840K, 69% used [0x0000000770980000,0x0000000774cc8b50,0x0000000776b00000)
  to   space 103936K, 0% used [0x0000000777a00000,0x0000000777a00000,0x000000077df80000)
 ParOldGen       total 239616K, used 123532K [0x00000006c7200000, 0x00000006d5c00000, 0x000000076d100000)
  object space 239616K, 51% used [0x00000006c7200000,0x00000006ceaa3148,0x00000006d5c00000)
 Metaspace       used 57081K, capacity 58026K, committed 58280K, reserved 1099776K
  class space    used 7614K, capacity 7807K, committed 7856K, reserved 1048576K
}
Event: 4411.734 GC heap before
{Heap before GC invocations=50 (full 2):
 PSYoungGen      total 157696K, used 126754K [0x000000076d100000, 0x000000077df80000, 0x00000007c0000000)
  eden space 57856K, 100% used [0x000000076d100000,0x0000000770980000,0x0000000770980000)
  from space 99840K, 69% used [0x0000000770980000,0x0000000774cc8b50,0x0000000776b00000)
  to   space 103936K, 0% used [0x0000000777a00000,0x0000000777a00000,0x000000077df80000)
 ParOldGen       total 239616K, used 123532K [0x00000006c7200000, 0x00000006d5c00000, 0x000000076d100000)
  object space 239616K, 51% used [0x00000006c7200000,0x00000006ceaa3148,0x00000006d5c00000)
 Metaspace       used 57081K, capacity 58026K, committed 58280K, reserved 1099776K
  class space    used 7614K, capacity 7807K, committed 7856K, reserved 1048576K
Event: 4411.780 GC heap after
Heap after GC invocations=50 (full 2):
 PSYoungGen      total 163840K, used 47052K [0x000000076d100000, 0x000000077d600000, 0x00000007c0000000)
  eden space 69632K, 0% used [0x000000076d100000,0x000000076d100000,0x0000000771500000)
  from space 94208K, 49% used [0x0000000777a00000,0x000000077a7f3020,0x000000077d600000)
  to   space 98816K, 0% used [0x0000000771500000,0x0000000771500000,0x0000000777580000)
 ParOldGen       total 239616K, used 145547K [0x00000006c7200000, 0x00000006d5c00000, 0x000000076d100000)
  object space 239616K, 60% used [0x00000006c7200000,0x00000006d0022cc8,0x00000006d5c00000)
 Metaspace       used 57081K, capacity 58026K, committed 58280K, reserved 1099776K
  class space    used 7614K, capacity 7807K, committed 7856K, reserved 1048576K
}
Event: 4411.923 GC heap before
{Heap before GC invocations=51 (full 2):
 PSYoungGen      total 163840K, used 116684K [0x000000076d100000, 0x000000077d600000, 0x00000007c0000000)
  eden space 69632K, 100% used [0x000000076d100000,0x0000000771500000,0x0000000771500000)
  from space 94208K, 49% used [0x0000000777a00000,0x000000077a7f3020,0x000000077d600000)
  to   space 98816K, 0% used [0x0000000771500000,0x0000000771500000,0x0000000777580000)
 ParOldGen       total 239616K, used 145547K [0x00000006c7200000, 0x00000006d5c00000, 0x000000076d100000)
  object space 239616K, 60% used [0x00000006c7200000,0x00000006d0022cc8,0x00000006d5c00000)
 Metaspace       used 57081K, capacity 58026K, committed 58280K, reserved 1099776K
  class space    used 7614K, capacity 7807K, committed 7856K, reserved 1048576K
Event: 4411.951 GC heap after
Heap after GC invocations=51 (full 2):
 PSYoungGen      total 168448K, used 42678K [0x000000076d100000, 0x000000077d900000, 0x00000007c0000000)
  eden space 69632K, 0% used [0x000000076d100000,0x000000076d100000,0x0000000771500000)
  from space 98816K, 43% used [0x0000000771500000,0x0000000773ead810,0x0000000777580000)
  to   space 93696K, 0% used [0x0000000777d80000,0x0000000777d80000,0x000000077d900000)
 ParOldGen       total 239616K, used 146842K [0x00000006c7200000, 0x00000006d5c00000, 0x000000076d100000)
  object space 239616K, 61% used [0x00000006c7200000,0x00000006d0166808,0x00000006d5c00000)
 Metaspace       used 57081K, capacity 58026K, committed 58280K, reserved 1099776K
  class space    used 7614K, capacity 7807K, committed 7856K, reserved 1048576K
}
Event: 4412.117 GC heap before
{Heap before GC invocations=52 (full 2):
 PSYoungGen      total 168448K, used 112310K [0x000000076d100000, 0x000000077d900000, 0x00000007c0000000)
  eden space 69632K, 100% used [0x000000076d100000,0x0000000771500000,0x0000000771500000)
  from space 98816K, 43% used [0x0000000771500000,0x0000000773ead810,0x0000000777580000)
  to   space 93696K, 0% used [0x0000000777d80000,0x0000000777d80000,0x000000077d900000)
 ParOldGen       total 239616K, used 146842K [0x00000006c7200000, 0x00000006d5c00000, 0x000000076d100000)
  object space 239616K, 61% used [0x00000006c7200000,0x00000006d0166808,0x00000006d5c00000)
 Metaspace       used 57081K, capacity 58026K, committed 58280K, reserved 1099776K
  class space    used 7614K, capacity 7807K, committed 7856K, reserved 1048576K
Event: 4412.145 GC heap after
Heap after GC invocations=52 (full 2):
 PSYoungGen      total 171520K, used 32470K [0x000000076d100000, 0x000000077d400000, 0x00000007c0000000)
  eden space 82944K, 0% used [0x000000076d100000,0x000000076d100000,0x0000000772200000)
  from space 88576K, 36% used [0x0000000777d80000,0x0000000779d35810,0x000000077d400000)
  to   space 91136K, 0% used [0x0000000772200000,0x0000000772200000,0x0000000777b00000)
 ParOldGen       total 239616K, used 156565K [0x00000006c7200000, 0x00000006d5c00000, 0x000000076d100000)
  object space 239616K, 65% used [0x00000006c7200000,0x00000006d0ae5488,0x00000006d5c00000)
 Metaspace       used 57081K, capacity 58026K, committed 58280K, reserved 1099776K
  class space    used 7614K, capacity 7807K, committed 7856K, reserved 1048576K
}
Event: 4412.326 GC heap before
{Heap before GC invocations=53 (full 2):
 PSYoungGen      total 171520K, used 115414K [0x000000076d100000, 0x000000077d400000, 0x00000007c0000000)
  eden space 82944K, 100% used [0x000000076d100000,0x0000000772200000,0x0000000772200000)
  from space 88576K, 36% used [0x0000000777d80000,0x0000000779d35810,0x000000077d400000)
  to   space 91136K, 0% used [0x0000000772200000,0x0000000772200000,0x0000000777b00000)
 ParOldGen       total 239616K, used 156565K [0x00000006c7200000, 0x00000006d5c00000, 0x000000076d100000)
  object space 239616K, 65% used [0x00000006c7200000,0x00000006d0ae5488,0x00000006d5c00000)
 Metaspace       used 57081K, capacity 58026K, committed 58280K, reserved 1099776K
  class space    used 7614K, capacity 7807K, committed 7856K, reserved 1048576K
Event: 4412.353 GC heap after
Heap after GC invocations=53 (full 2):
 PSYoungGen      total 174080K, used 27350K [0x000000076d100000, 0x000000077e080000, 0x00000007c0000000)
  eden space 82944K, 0% used [0x000000076d100000,0x000000076d100000,0x0000000772200000)
  from space 91136K, 30% used [0x0000000772200000,0x0000000773cb5810,0x0000000777b00000)
  to   space 89600K, 0% used [0x0000000778900000,0x0000000778900000,0x000000077e080000)
 ParOldGen       total 239616K, used 161510K [0x00000006c7200000, 0x00000006d5c00000, 0x000000076d100000)
  object space 239616K, 67% used [0x00000006c7200000,0x00000006d0fb99a8,0x00000006d5c00000)
 Metaspace       used 57081K, capacity 58026K, committed 58280K, reserved 1099776K
  class space    used 7614K, capacity 7807K, committed 7856K, reserved 1048576K
}
Event: 4412.512 GC heap before
{Heap before GC invocations=54 (full 2):
 PSYoungGen      total 174080K, used 110294K [0x000000076d100000, 0x000000077e080000, 0x00000007c0000000)
  eden space 82944K, 100% used [0x000000076d100000,0x0000000772200000,0x0000000772200000)
  from space 91136K, 30% used [0x0000000772200000,0x0000000773cb5810,0x0000000777b00000)
  to   space 89600K, 0% used [0x0000000778900000,0x0000000778900000,0x000000077e080000)
 ParOldGen       total 239616K, used 161510K [0x00000006c7200000, 0x00000006d5c00000, 0x000000076d100000)
  object space 239616K, 67% used [0x00000006c7200000,0x00000006d0fb99a8,0x00000006d5c00000)
 Metaspace       used 57081K, capacity 58026K, committed 58280K, reserved 1099776K
  class space    used 7614K, capacity 7807K, committed 7856K, reserved 1048576K
Event: 4412.543 GC heap after
Heap after GC invocations=54 (full 2):
 PSYoungGen      total 186368K, used 2624K [0x000000076d100000, 0x000000077e480000, 0x00000007c0000000)
  eden space 96768K, 0% used [0x000000076d100000,0x000000076d100000,0x0000000772f80000)
  from space 89600K, 2% used [0x0000000778900000,0x0000000778b90000,0x000000077e080000)
  to   space 91648K, 0% used [0x0000000772f80000,0x0000000772f80000,0x0000000778900000)
 ParOldGen       total 239616K, used 186316K [0x00000006c7200000, 0x00000006d5c00000, 0x000000076d100000)
  object space 239616K, 77% used [0x00000006c7200000,0x00000006d27f31c8,0x00000006d5c00000)
 Metaspace       used 57081K, capacity 58026K, committed 58280K, reserved 1099776K
  class space    used 7614K, capacity 7807K, committed 7856K, reserved 1048576K
}
Event: 4412.751 GC heap before
{Heap before GC invocations=55 (full 2):
 PSYoungGen      total 186368K, used 99392K [0x000000076d100000, 0x000000077e480000, 0x00000007c0000000)
  eden space 96768K, 100% used [0x000000076d100000,0x0000000772f80000,0x0000000772f80000)
  from space 89600K, 2% used [0x0000000778900000,0x0000000778b90000,0x000000077e080000)
  to   space 91648K, 0% used [0x0000000772f80000,0x0000000772f80000,0x0000000778900000)
 ParOldGen       total 239616K, used 186316K [0x00000006c7200000, 0x00000006d5c00000, 0x000000076d100000)
  object space 239616K, 77% used [0x00000006c7200000,0x00000006d27f31c8,0x00000006d5c00000)
 Metaspace       used 57081K, capacity 58026K, committed 58280K, reserved 1099776K
  class space    used 7614K, capacity 7807K, committed 7856K, reserved 1048576K
Event: 4412.779 GC heap after
Heap after GC invocations=55 (full 2):
 PSYoungGen      total 188416K, used 128K [0x000000076d100000, 0x000000077f600000, 0x00000007c0000000)
  eden space 96768K, 0% used [0x000000076d100000,0x000000076d100000,0x0000000772f80000)
  from space 91648K, 0% used [0x0000000772f80000,0x0000000772fa0000,0x0000000778900000)
  to   space 92672K, 0% used [0x0000000779b80000,0x0000000779b80000,0x000000077f600000)
 ParOldGen       total 239616K, used 188900K [0x00000006c7200000, 0x00000006d5c00000, 0x000000076d100000)
  object space 239616K, 78% used [0x00000006c7200000,0x00000006d2a791c8,0x00000006d5c00000)
 Metaspace       used 57081K, capacity 58026K, committed 58280K, reserved 1099776K
  class space    used 7614K, capacity 7807K, committed 7856K, reserved 1048576K
}
Event: 4412.990 GC heap before
{Heap before GC invocations=56 (full 2):
 PSYoungGen      total 188416K, used 96896K [0x000000076d100000, 0x000000077f600000, 0x00000007c0000000)
  eden space 96768K, 100% used [0x000000076d100000,0x0000000772f80000,0x0000000772f80000)
  from space 91648K, 0% used [0x0000000772f80000,0x0000000772fa0000,0x0000000778900000)
  to   space 92672K, 0% used [0x0000000779b80000,0x0000000779b80000,0x000000077f600000)
 ParOldGen       total 239616K, used 188900K [0x00000006c7200000, 0x00000006d5c00000, 0x000000076d100000)
  object space 239616K, 78% used [0x00000006c7200000,0x00000006d2a791c8,0x00000006d5c00000)
 Metaspace       used 57081K, capacity 58026K, committed 58280K, reserved 1099776K
  class space    used 7614K, capacity 7807K, committed 7856K, reserved 1048576K
Event: 4413.015 GC heap after
Heap after GC invocations=56 (full 2):
 PSYoungGen      total 206336K, used 64K [0x000000076d100000, 0x000000077f580000, 0x00000007c0000000)
  eden space 114176K, 0% used [0x000000076d100000,0x000000076d100000,0x0000000774080000)
  from space 92160K, 0% used [0x0000000779b80000,0x0000000779b90000,0x000000077f580000)
  to   space 92672K, 0% used [0x0000000774080000,0x0000000774080000,0x0000000779b00000)
 ParOldGen       total 239616K, used 188916K [0x00000006c7200000, 0x00000006d5c00000, 0x000000076d100000)
  object space 239616K, 78% used [0x00000006c7200000,0x00000006d2a7d1c8,0x00000006d5c00000)
 Metaspace       used 57081K, capacity 58026K, committed 58280K, reserved 1099776K
  class space    used 7614K, capacity 7807K, committed 7856K, reserved 1048576K
}
Event: 4413.232 GC heap before
{Heap before GC invocations=57 (full 2):
 PSYoungGen      total 206336K, used 114240K [0x000000076d100000, 0x000000077f580000, 0x00000007c0000000)
  eden space 114176K, 100% used [0x000000076d100000,0x0000000774080000,0x0000000774080000)
  from space 92160K, 0% used [0x0000000779b80000,0x0000000779b90000,0x000000077f580000)
  to   space 92672K, 0% used [0x0000000774080000,0x0000000774080000,0x0000000779b00000)
 ParOldGen       total 239616K, used 188916K [0x00000006c7200000, 0x00000006d5c00000, 0x000000076d100000)
  object space 239616K, 78% used [0x00000006c7200000,0x00000006d2a7d1c8,0x00000006d5c00000)
 Metaspace       used 57081K, capacity 58026K, committed 58280K, reserved 1099776K
  class space    used 7614K, capacity 7807K, committed 7856K, reserved 1048576K
Event: 4413.257 GC heap after
Heap after GC invocations=57 (full 2):
 PSYoungGen      total 206848K, used 64K [0x000000076d100000, 0x0000000780880000, 0x00000007c0000000)
  eden space 114176K, 0% used [0x000000076d100000,0x000000076d100000,0x0000000774080000)
  from space 92672K, 0% used [0x0000000774080000,0x0000000774090000,0x0000000779b00000)
  to   space 92160K, 0% used [0x000000077ae80000,0x000000077ae80000,0x0000000780880000)
 ParOldGen       total 239616K, used 188924K [0x00000006c7200000, 0x00000006d5c00000, 0x000000076d100000)
  object space 239616K, 78% used [0x00000006c7200000,0x00000006d2a7f1c8,0x00000006d5c00000)
 Metaspace       used 57081K, capacity 58026K, committed 58280K, reserved 1099776K
  class space    used 7614K, capacity 7807K, committed 7856K, reserved 1048576K
}
Event: 4413.505 GC heap before
{Heap before GC invocations=58 (full 2):
 PSYoungGen      total 206848K, used 114240K [0x000000076d100000, 0x0000000780880000, 0x00000007c0000000)
  eden space 114176K, 100% used [0x000000076d100000,0x0000000774080000,0x0000000774080000)
  from space 92672K, 0% used [0x0000000774080000,0x0000000774090000,0x0000000779b00000)
  to   space 92160K, 0% used [0x000000077ae80000,0x000000077ae80000,0x0000000780880000)
 ParOldGen       total 239616K, used 188924K [0x00000006c7200000, 0x00000006d5c00000, 0x000000076d100000)
  object space 239616K, 78% used [0x00000006c7200000,0x00000006d2a7f1c8,0x00000006d5c00000)
 Metaspace       used 57081K, capacity 58026K, committed 58280K, reserved 1099776K
  class space    used 7614K, capacity 7807K, committed 7856K, reserved 1048576K
Event: 4413.529 GC heap after
Heap after GC invocations=58 (full 2):
 PSYoungGen      total 222720K, used 64K [0x000000076d100000, 0x0000000780500000, 0x00000007c0000000)
  eden space 134144K, 0% used [0x000000076d100000,0x000000076d100000,0x0000000775400000)
  from space 88576K, 0% used [0x000000077ae80000,0x000000077ae90000,0x0000000780500000)
  to   space 90624K, 0% used [0x0000000775400000,0x0000000775400000,0x000000077ac80000)
 ParOldGen       total 239616K, used 188932K [0x00000006c7200000, 0x00000006d5c00000, 0x000000076d100000)
  object space 239616K, 78% used [0x00000006c7200000,0x00000006d2a811c8,0x00000006d5c00000)
 Metaspace       used 57081K, capacity 58026K, committed 58280K, reserved 1099776K
  class space    used 7614K, capacity 7807K, committed 7856K, reserved 1048576K
}
Event: 4413.806 GC heap before
{Heap before GC invocations=59 (full 2):
 PSYoungGen      total 222720K, used 134208K [0x000000076d100000, 0x0000000780500000, 0x00000007c0000000)
  eden space 134144K, 100% used [0x000000076d100000,0x0000000775400000,0x0000000775400000)
  from space 88576K, 0% used [0x000000077ae80000,0x000000077ae90000,0x0000000780500000)
  to   space 90624K, 0% used [0x0000000775400000,0x0000000775400000,0x000000077ac80000)
 ParOldGen       total 239616K, used 188932K [0x00000006c7200000, 0x00000006d5c00000, 0x000000076d100000)
  object space 239616K, 78% used [0x00000006c7200000,0x00000006d2a811c8,0x00000006d5c00000)
 Metaspace       used 57081K, capacity 58026K, committed 58280K, reserved 1099776K
  class space    used 7614K, capacity 7807K, committed 7856K, reserved 1048576K
Event: 4413.830 GC heap after
Heap after GC invocations=59 (full 2):
 PSYoungGen      total 224768K, used 64K [0x000000076d100000, 0x0000000781580000, 0x00000007c0000000)
  eden space 134144K, 0% used [0x000000076d100000,0x000000076d100000,0x0000000775400000)
  from space 90624K, 0% used [0x0000000775400000,0x0000000775410000,0x000000077ac80000)
  to   space 88064K, 0% used [0x000000077bf80000,0x000000077bf80000,0x0000000781580000)
 ParOldGen       total 239616K, used 188940K [0x00000006c7200000, 0x00000006d5c00000, 0x000000076d100000)
  object space 239616K, 78% used [0x00000006c7200000,0x00000006d2a831c8,0x00000006d5c00000)
 Metaspace       used 57081K, capacity 58026K, committed 58280K, reserved 1099776K
  class space    used 7614K, capacity 7807K, committed 7856K, reserved 1048576K
}
Event: 5040.277 GC heap before
{Heap before GC invocations=60 (full 2):
 PSYoungGen      total 224768K, used 134208K [0x000000076d100000, 0x0000000781580000, 0x00000007c0000000)
  eden space 134144K, 100% used [0x000000076d100000,0x0000000775400000,0x0000000775400000)
  from space 90624K, 0% used [0x0000000775400000,0x0000000775410000,0x000000077ac80000)
  to   space 88064K, 0% used [0x000000077bf80000,0x000000077bf80000,0x0000000781580000)
 ParOldGen       total 239616K, used 188940K [0x00000006c7200000, 0x00000006d5c00000, 0x000000076d100000)
  object space 239616K, 78% used [0x00000006c7200000,0x00000006d2a831c8,0x00000006d5c00000)
 Metaspace       used 57116K, capacity 58026K, committed 58280K, reserved 1099776K
  class space    used 7614K, capacity 7807K, committed 7856K, reserved 1048576K
Event: 5040.340 GC heap after
Heap after GC invocations=60 (full 2):
 PSYoungGen      total 231936K, used 13910K [0x000000076d100000, 0x0000000780a80000, 0x00000007c0000000)
  eden space 155136K, 0% used [0x000000076d100000,0x000000076d100000,0x0000000776880000)
  from space 76800K, 18% used [0x000000077bf80000,0x000000077cd15810,0x0000000780a80000)
  to   space 82944K, 0% used [0x0000000776880000,0x0000000776880000,0x000000077b980000)
 ParOldGen       total 239616K, used 188956K [0x00000006c7200000, 0x00000006d5c00000, 0x000000076d100000)
  object space 239616K, 78% used [0x00000006c7200000,0x00000006d2a871c8,0x00000006d5c00000)
 Metaspace       used 57116K, capacity 58026K, committed 58280K, reserved 1099776K
  class space    used 7614K, capacity 7807K, committed 7856K, reserved 1048576K
}
Event: 6426.231 GC heap before
{Heap before GC invocations=61 (full 2):
 PSYoungGen      total 231936K, used 169046K [0x000000076d100000, 0x0000000780a80000, 0x00000007c0000000)
  eden space 155136K, 100% used [0x000000076d100000,0x0000000776880000,0x0000000776880000)
  from space 76800K, 18% used [0x000000077bf80000,0x000000077cd15810,0x0000000780a80000)
  to   space 82944K, 0% used [0x0000000776880000,0x0000000776880000,0x000000077b980000)
 ParOldGen       total 239616K, used 188956K [0x00000006c7200000, 0x00000006d5c00000, 0x000000076d100000)
  object space 239616K, 78% used [0x00000006c7200000,0x00000006d2a871c8,0x00000006d5c00000)
 Metaspace       used 57127K, capacity 58026K, committed 58280K, reserved 1099776K
  class space    used 7614K, capacity 7807K, committed 7856K, reserved 1048576K
Event: 6426.301 GC heap after
Heap after GC invocations=61 (full 2):
 PSYoungGen      total 238080K, used 29728K [0x000000076d100000, 0x0000000781a00000, 0x00000007c0000000)
  eden space 155136K, 0% used [0x000000076d100000,0x000000076d100000,0x0000000776880000)
  from space 82944K, 35% used [0x0000000776880000,0x0000000778588000,0x000000077b980000)
  to   space 79872K, 0% used [0x000000077cc00000,0x000000077cc00000,0x0000000781a00000)
 ParOldGen       total 239616K, used 195220K [0x00000006c7200000, 0x00000006d5c00000, 0x000000076d100000)
  object space 239616K, 81% used [0x00000006c7200000,0x00000006d30a51b8,0x00000006d5c00000)
 Metaspace       used 57127K, capacity 58026K, committed 58280K, reserved 1099776K
  class space    used 7614K, capacity 7807K, committed 7856K, reserved 1048576K
}
Event: 6481.706 GC heap before
{Heap before GC invocations=62 (full 2):
 PSYoungGen      total 238080K, used 184864K [0x000000076d100000, 0x0000000781a00000, 0x00000007c0000000)
  eden space 155136K, 100% used [0x000000076d100000,0x0000000776880000,0x0000000776880000)
  from space 82944K, 35% used [0x0000000776880000,0x0000000778588000,0x000000077b980000)
  to   space 79872K, 0% used [0x000000077cc00000,0x000000077cc00000,0x0000000781a00000)
 ParOldGen       total 239616K, used 195220K [0x00000006c7200000, 0x00000006d5c00000, 0x000000076d100000)
  object space 239616K, 81% used [0x00000006c7200000,0x00000006d30a51b8,0x00000006d5c00000)
 Metaspace       used 57147K, capacity 58026K, committed 58280K, reserved 1099776K
  class space    used 7614K, capacity 7807K, committed 7856K, reserved 1048576K
Event: 6481.755 GC heap after
Heap after GC invocations=62 (full 2):
 PSYoungGen      total 248832K, used 1248K [0x000000076d100000, 0x0000000781400000, 0x00000007c0000000)
  eden space 175104K, 0% used [0x000000076d100000,0x000000076d100000,0x0000000777c00000)
  from space 73728K, 1% used [0x000000077cc00000,0x000000077cd38000,0x0000000781400000)
  to   space 77824K, 0% used [0x0000000777c00000,0x0000000777c00000,0x000000077c800000)
 ParOldGen       total 239616K, used 208616K [0x00000006c7200000, 0x00000006d5c00000, 0x000000076d100000)
  object space 239616K, 87% used [0x00000006c7200000,0x00000006d3dba338,0x00000006d5c00000)
 Metaspace       used 57147K, capacity 58026K, committed 58280K, reserved 1099776K
  class space    used 7614K, capacity 7807K, committed 7856K, reserved 1048576K
}
Event: 6509.452 GC heap before
{Heap before GC invocations=63 (full 2):
 PSYoungGen      total 248832K, used 176352K [0x000000076d100000, 0x0000000781400000, 0x00000007c0000000)
  eden space 175104K, 100% used [0x000000076d100000,0x0000000777c00000,0x0000000777c00000)
  from space 73728K, 1% used [0x000000077cc00000,0x000000077cd38000,0x0000000781400000)
  to   space 77824K, 0% used [0x0000000777c00000,0x0000000777c00000,0x000000077c800000)
 ParOldGen       total 239616K, used 208616K [0x00000006c7200000, 0x00000006d5c00000, 0x000000076d100000)
  object space 239616K, 87% used [0x00000006c7200000,0x00000006d3dba338,0x00000006d5c00000)
 Metaspace       used 57150K, capacity 58026K, committed 58280K, reserved 1099776K
  class space    used 7614K, capacity 7807K, committed 7856K, reserved 1048576K
Event: 6509.481 GC heap after
Heap after GC invocations=63 (full 2):
 PSYoungGen      total 252928K, used 693K [0x000000076d100000, 0x0000000782400000, 0x00000007c0000000)
  eden space 175104K, 0% used [0x000000076d100000,0x000000076d100000,0x0000000777c00000)
  from space 77824K, 0% used [0x0000000777c00000,0x0000000777cad550,0x000000077c800000)
  to   space 75776K, 0% used [0x000000077da00000,0x000000077da00000,0x0000000782400000)
 ParOldGen       total 239616K, used 209176K [0x00000006c7200000, 0x00000006d5c00000, 0x000000076d100000)
  object space 239616K, 87% used [0x00000006c7200000,0x00000006d3e463e8,0x00000006d5c00000)
 Metaspace       used 57150K, capacity 58026K, committed 58280K, reserved 1099776K
  class space    used 7614K, capacity 7807K, committed 7856K, reserved 1048576K
}
Event: 6729.035 GC heap before
{Heap before GC invocations=64 (full 2):
 PSYoungGen      total 252928K, used 175797K [0x000000076d100000, 0x0000000782400000, 0x00000007c0000000)
  eden space 175104K, 100% used [0x000000076d100000,0x0000000777c00000,0x0000000777c00000)
  from space 77824K, 0% used [0x0000000777c00000,0x0000000777cad550,0x000000077c800000)
  to   space 75776K, 0% used [0x000000077da00000,0x000000077da00000,0x0000000782400000)
 ParOldGen       total 239616K, used 209176K [0x00000006c7200000, 0x00000006d5c00000, 0x000000076d100000)
  object space 239616K, 87% used [0x00000006c7200000,0x00000006d3e463e8,0x00000006d5c00000)
 Metaspace       used 57164K, capacity 58090K, committed 58280K, reserved 1099776K
  class space    used 7614K, capacity 7807K, committed 7856K, reserved 1048576K
Event: 6729.069 GC heap after
Heap after GC invocations=64 (full 2):
 PSYoungGen      total 259072K, used 5056K [0x000000076d100000, 0x0000000781a80000, 0x00000007c0000000)
  eden space 193024K, 0% used [0x000000076d100000,0x000000076d100000,0x0000000778d80000)
  from space 66048K, 7% used [0x000000077da00000,0x000000077def0000,0x0000000781a80000)
  to   space 72192K, 0% used [0x0000000778d80000,0x0000000778d80000,0x000000077d400000)
 ParOldGen       total 239616K, used 209449K [0x00000006c7200000, 0x00000006d5c00000, 0x000000076d100000)
  object space 239616K, 87% used [0x00000006c7200000,0x00000006d3e8a438,0x00000006d5c00000)
 Metaspace       used 57164K, capacity 58090K, committed 58280K, reserved 1099776K
  class space    used 7614K, capacity 7807K, committed 7856K, reserved 1048576K
}
Event: 6734.479 GC heap before
{Heap before GC invocations=65 (full 2):
 PSYoungGen      total 259072K, used 26013K [0x000000076d100000, 0x0000000781a80000, 0x00000007c0000000)
  eden space 193024K, 10% used [0x000000076d100000,0x000000076e5774c0,0x0000000778d80000)
  from space 66048K, 7% used [0x000000077da00000,0x000000077def0000,0x0000000781a80000)
  to   space 72192K, 0% used [0x0000000778d80000,0x0000000778d80000,0x000000077d400000)
 ParOldGen       total 239616K, used 209449K [0x00000006c7200000, 0x00000006d5c00000, 0x000000076d100000)
  object space 239616K, 87% used [0x00000006c7200000,0x00000006d3e8a438,0x00000006d5c00000)
 Metaspace       used 58077K, capacity 58954K, committed 59160K, reserved 1099776K
  class space    used 7766K, capacity 7967K, committed 7984K, reserved 1048576K
Event: 6734.574 GC heap after
Heap after GC invocations=65 (full 2):
 PSYoungGen      total 265216K, used 5049K [0x000000076d100000, 0x0000000782600000, 0x00000007c0000000)
  eden space 193024K, 0% used [0x000000076d100000,0x000000076d100000,0x0000000778d80000)
  from space 72192K, 6% used [0x0000000778d80000,0x000000077926e460,0x000000077d400000)
  to   space 68608K, 0% used [0x000000077e300000,0x000000077e300000,0x0000000782600000)
 ParOldGen       total 239616K, used 211609K [0x00000006c7200000, 0x00000006d5c00000, 0x000000076d100000)
  object space 239616K, 88% used [0x00000006c7200000,0x00000006d40a66f8,0x00000006d5c00000)
 Metaspace       used 58077K, capacity 58954K, committed 59160K, reserved 1099776K
  class space    used 7766K, capacity 7967K, committed 7984K, reserved 1048576K
}
Event: 6734.574 GC heap before
{Heap before GC invocations=66 (full 3):
 PSYoungGen      total 265216K, used 5049K [0x000000076d100000, 0x0000000782600000, 0x00000007c0000000)
  eden space 193024K, 0% used [0x000000076d100000,0x000000076d100000,0x0000000778d80000)
  from space 72192K, 6% used [0x0000000778d80000,0x000000077926e460,0x000000077d400000)
  to   space 68608K, 0% used [0x000000077e300000,0x000000077e300000,0x0000000782600000)
 ParOldGen       total 239616K, used 211609K [0x00000006c7200000, 0x00000006d5c00000, 0x000000076d100000)
  object space 239616K, 88% used [0x00000006c7200000,0x00000006d40a66f8,0x00000006d5c00000)
 Metaspace       used 58077K, capacity 58954K, committed 59160K, reserved 1099776K
  class space    used 7766K, capacity 7967K, committed 7984K, reserved 1048576K
Event: 6735.517 GC heap after
Heap after GC invocations=66 (full 3):
 PSYoungGen      total 265216K, used 0K [0x000000076d100000, 0x0000000782600000, 0x00000007c0000000)
  eden space 193024K, 0% used [0x000000076d100000,0x000000076d100000,0x0000000778d80000)
  from space 72192K, 0% used [0x0000000778d80000,0x0000000778d80000,0x000000077d400000)
  to   space 68608K, 0% used [0x000000077e300000,0x000000077e300000,0x0000000782600000)
 ParOldGen       total 475648K, used 170473K [0x00000006c7200000, 0x00000006e4280000, 0x000000076d100000)
  object space 475648K, 35% used [0x00000006c7200000,0x00000006d187a5b0,0x00000006e4280000)
 Metaspace       used 57944K, capacity 58712K, committed 59160K, reserved 1099776K
  class space    used 7760K, capacity 7954K, committed 7984K, reserved 1048576K
}
Event: 6738.882 GC heap before
{Heap before GC invocations=67 (full 3):
 PSYoungGen      total 265216K, used 193024K [0x000000076d100000, 0x0000000782600000, 0x00000007c0000000)
  eden space 193024K, 100% used [0x000000076d100000,0x0000000778d80000,0x0000000778d80000)
  from space 72192K, 0% used [0x0000000778d80000,0x0000000778d80000,0x000000077d400000)
  to   space 68608K, 0% used [0x000000077e300000,0x000000077e300000,0x0000000782600000)
 ParOldGen       total 475648K, used 170473K [0x00000006c7200000, 0x00000006e4280000, 0x000000076d100000)
  object space 475648K, 35% used [0x00000006c7200000,0x00000006d187a5b0,0x00000006e4280000)
 Metaspace       used 58431K, capacity 59160K, committed 59544K, reserved 1101824K
  class space    used 7849K, capacity 8018K, committed 8112K, reserved 1048576K
Event: 6738.919 GC heap after
Heap after GC invocations=67 (full 3):
 PSYoungGen      total 275456K, used 12393K [0x000000076d100000, 0x0000000781f00000, 0x00000007c0000000)
  eden space 214016K, 0% used [0x000000076d100000,0x000000076d100000,0x000000077a200000)
  from space 61440K, 20% used [0x000000077e300000,0x000000077ef1a708,0x0000000781f00000)
  to   space 64000K, 0% used [0x000000077a200000,0x000000077a200000,0x000000077e080000)
 ParOldGen       total 475648K, used 170481K [0x00000006c7200000, 0x00000006e4280000, 0x000000076d100000)
  object space 475648K, 35% used [0x00000006c7200000,0x00000006d187c5b0,0x00000006e4280000)
 Metaspace       used 58431K, capacity 59160K, committed 59544K, reserved 1101824K
  class space    used 7849K, capacity 8018K, committed 8112K, reserved 1048576K
}
Event: 7142.698 GC heap before
{Heap before GC invocations=68 (full 3):
 PSYoungGen      total 275456K, used 226409K [0x000000076d100000, 0x0000000781f00000, 0x00000007c0000000)
  eden space 214016K, 100% used [0x000000076d100000,0x000000077a200000,0x000000077a200000)
  from space 61440K, 20% used [0x000000077e300000,0x000000077ef1a708,0x0000000781f00000)
  to   space 64000K, 0% used [0x000000077a200000,0x000000077a200000,0x000000077e080000)
 ParOldGen       total 475648K, used 170481K [0x00000006c7200000, 0x00000006e4280000, 0x000000076d100000)
  object space 475648K, 35% used [0x00000006c7200000,0x00000006d187c5b0,0x00000006e4280000)
 Metaspace       used 58586K, capacity 59416K, committed 59800K, reserved 1101824K
  class space    used 7858K, capacity 8018K, committed 8112K, reserved 1048576K
Event: 7142.742 GC heap after
Heap after GC invocations=68 (full 3):
 PSYoungGen      total 278016K, used 11393K [0x000000076d100000, 0x0000000782a80000, 0x00000007c0000000)
  eden space 214016K, 0% used [0x000000076d100000,0x000000076d100000,0x000000077a200000)
  from space 64000K, 17% used [0x000000077a200000,0x000000077ad20488,0x000000077e080000)
  to   space 59904K, 0% used [0x000000077f000000,0x000000077f000000,0x0000000782a80000)
 ParOldGen       total 475648K, used 182475K [0x00000006c7200000, 0x00000006e4280000, 0x000000076d100000)
  object space 475648K, 38% used [0x00000006c7200000,0x00000006d2432cc8,0x00000006e4280000)
 Metaspace       used 58586K, capacity 59416K, committed 59800K, reserved 1101824K
  class space    used 7858K, capacity 8018K, committed 8112K, reserved 1048576K
}
Event: 7654.185 GC heap before
{Heap before GC invocations=69 (full 3):
 PSYoungGen      total 278016K, used 225409K [0x000000076d100000, 0x0000000782a80000, 0x00000007c0000000)
  eden space 214016K, 100% used [0x000000076d100000,0x000000077a200000,0x000000077a200000)
  from space 64000K, 17% used [0x000000077a200000,0x000000077ad20488,0x000000077e080000)
  to   space 59904K, 0% used [0x000000077f000000,0x000000077f000000,0x0000000782a80000)
 ParOldGen       total 475648K, used 182475K [0x00000006c7200000, 0x00000006e4280000, 0x000000076d100000)
  object space 475648K, 38% used [0x00000006c7200000,0x00000006d2432cc8,0x00000006e4280000)
 Metaspace       used 58608K, capacity 59416K, committed 59800K, reserved 1101824K
  class space    used 7858K, capacity 8018K, committed 8112K, reserved 1048576K
Event: 7654.315 GC heap after
Heap after GC invocations=69 (full 3):
 PSYoungGen      total 280576K, used 16289K [0x000000076d100000, 0x0000000782000000, 0x00000007c0000000)
  eden space 231424K, 0% used [0x000000076d100000,0x000000076d100000,0x000000077b300000)
  from space 49152K, 33% used [0x000000077f000000,0x000000077ffe8488,0x0000000782000000)
  to   space 55808K, 0% used [0x000000077b300000,0x000000077b300000,0x000000077e980000)
 ParOldGen       total 475648K, used 182483K [0x00000006c7200000, 0x00000006e4280000, 0x000000076d100000)
  object space 475648K, 38% used [0x00000006c7200000,0x00000006d2434cc8,0x00000006e4280000)
 Metaspace       used 58608K, capacity 59416K, committed 59800K, reserved 1101824K
  class space    used 7858K, capacity 8018K, committed 8112K, reserved 1048576K
}
Event: 8030.821 GC heap before
{Heap before GC invocations=70 (full 3):
 PSYoungGen      total 280576K, used 247713K [0x000000076d100000, 0x0000000782000000, 0x00000007c0000000)
  eden space 231424K, 100% used [0x000000076d100000,0x000000077b300000,0x000000077b300000)
  from space 49152K, 33% used [0x000000077f000000,0x000000077ffe8488,0x0000000782000000)
  to   space 55808K, 0% used [0x000000077b300000,0x000000077b300000,0x000000077e980000)
 ParOldGen       total 475648K, used 182483K [0x00000006c7200000, 0x00000006e4280000, 0x000000076d100000)
  object space 475648K, 38% used [0x00000006c7200000,0x00000006d2434cc8,0x00000006e4280000)
 Metaspace       used 58739K, capacity 59512K, committed 59800K, reserved 1101824K
  class space    used 7871K, capacity 8050K, committed 8112K, reserved 1048576K
Event: 8030.865 GC heap after
Heap after GC invocations=70 (full 3):
 PSYoungGen      total 287232K, used 20737K [0x000000076d100000, 0x0000000782b00000, 0x00000007c0000000)
  eden space 231424K, 0% used [0x000000076d100000,0x000000076d100000,0x000000077b300000)
  from space 55808K, 37% used [0x000000077b300000,0x000000077c740488,0x000000077e980000)
  to   space 53760K, 0% used [0x000000077f680000,0x000000077f680000,0x0000000782b00000)
 ParOldGen       total 475648K, used 182483K [0x00000006c7200000, 0x00000006e4280000, 0x000000076d100000)
  object space 475648K, 38% used [0x00000006c7200000,0x00000006d2434cc8,0x00000006e4280000)
 Metaspace       used 58739K, capacity 59512K, committed 59800K, reserved 1101824K
  class space    used 7871K, capacity 8050K, committed 8112K, reserved 1048576K
}
Event: 8152.799 GC heap before
{Heap before GC invocations=71 (full 3):
 PSYoungGen      total 287232K, used 252161K [0x000000076d100000, 0x0000000782b00000, 0x00000007c0000000)
  eden space 231424K, 100% used [0x000000076d100000,0x000000077b300000,0x000000077b300000)
  from space 55808K, 37% used [0x000000077b300000,0x000000077c740488,0x000000077e980000)
  to   space 53760K, 0% used [0x000000077f680000,0x000000077f680000,0x0000000782b00000)
 ParOldGen       total 475648K, used 182483K [0x00000006c7200000, 0x00000006e4280000, 0x000000076d100000)
  object space 475648K, 38% used [0x00000006c7200000,0x00000006d2434cc8,0x00000006e4280000)
 Metaspace       used 58834K, capacity 59652K, committed 60056K, reserved 1101824K
  class space    used 7872K, capacity 8052K, committed 8112K, reserved 1048576K
Event: 8152.860 GC heap after
Heap after GC invocations=71 (full 3):
 PSYoungGen      total 290304K, used 18415K [0x000000076d100000, 0x0000000782380000, 0x00000007c0000000)
  eden space 244224K, 0% used [0x000000076d100000,0x000000076d100000,0x000000077bf80000)
  from space 46080K, 39% used [0x000000077f680000,0x000000078087bf30,0x0000000782380000)
  to   space 51200K, 0% used [0x000000077bf80000,0x000000077bf80000,0x000000077f180000)
 ParOldGen       total 475648K, used 182491K [0x00000006c7200000, 0x00000006e4280000, 0x000000076d100000)
  object space 475648K, 38% used [0x00000006c7200000,0x00000006d2436cc8,0x00000006e4280000)
 Metaspace       used 58834K, capacity 59652K, committed 60056K, reserved 1101824K
  class space    used 7872K, capacity 8052K, committed 8112K, reserved 1048576K
}
Event: 8158.125 GC heap before
{Heap before GC invocations=72 (full 3):
 PSYoungGen      total 290304K, used 262639K [0x000000076d100000, 0x0000000782380000, 0x00000007c0000000)
  eden space 244224K, 100% used [0x000000076d100000,0x000000077bf80000,0x000000077bf80000)
  from space 46080K, 39% used [0x000000077f680000,0x000000078087bf30,0x0000000782380000)
  to   space 51200K, 0% used [0x000000077bf80000,0x000000077bf80000,0x000000077f180000)
 ParOldGen       total 475648K, used 182491K [0x00000006c7200000, 0x00000006e4280000, 0x000000076d100000)
  object space 475648K, 38% used [0x00000006c7200000,0x00000006d2436cc8,0x00000006e4280000)
 Metaspace       used 58849K, capacity 59652K, committed 60056K, reserved 1101824K
  class space    used 7873K, capacity 8052K, committed 8112K, reserved 1048576K
Event: 8158.166 GC heap after
Heap after GC invocations=72 (full 3):
 PSYoungGen      total 295424K, used 51191K [0x000000076d100000, 0x0000000784600000, 0x00000007c0000000)
  eden space 244224K, 0% used [0x000000076d100000,0x000000076d100000,0x000000077bf80000)
  from space 51200K, 99% used [0x000000077bf80000,0x000000077f17de28,0x000000077f180000)
  to   space 61952K, 0% used [0x0000000780980000,0x0000000780980000,0x0000000784600000)
 ParOldGen       total 475648K, used 185507K [0x00000006c7200000, 0x00000006e4280000, 0x000000076d100000)
  object space 475648K, 39% used [0x00000006c7200000,0x00000006d2728d28,0x00000006e4280000)
 Metaspace       used 58849K, capacity 59652K, committed 60056K, reserved 1101824K
  class space    used 7873K, capacity 8052K, committed 8112K, reserved 1048576K
}
Event: 8158.667 GC heap before
{Heap before GC invocations=73 (full 3):
 PSYoungGen      total 295424K, used 295415K [0x000000076d100000, 0x0000000784600000, 0x00000007c0000000)
  eden space 244224K, 100% used [0x000000076d100000,0x000000077bf80000,0x000000077bf80000)
  from space 51200K, 99% used [0x000000077bf80000,0x000000077f17de28,0x000000077f180000)
  to   space 61952K, 0% used [0x0000000780980000,0x0000000780980000,0x0000000784600000)
 ParOldGen       total 475648K, used 185507K [0x00000006c7200000, 0x00000006e4280000, 0x000000076d100000)
  object space 475648K, 39% used [0x00000006c7200000,0x00000006d2728d28,0x00000006e4280000)
 Metaspace       used 58849K, capacity 59652K, committed 60056K, reserved 1101824K
  class space    used 7873K, capacity 8052K, committed 8112K, reserved 1048576K
Event: 8158.706 GC heap after
Heap after GC invocations=73 (full 3):
 PSYoungGen      total 317440K, used 38560K [0x000000076d100000, 0x0000000785900000, 0x00000007c0000000)
  eden space 255488K, 0% used [0x000000076d100000,0x000000076d100000,0x000000077ca80000)
  from space 61952K, 62% used [0x0000000780980000,0x0000000782f28170,0x0000000784600000)
  to   space 64512K, 0% used [0x000000077ca80000,0x000000077ca80000,0x0000000780980000)
 ParOldGen       total 475648K, used 194879K [0x00000006c7200000, 0x00000006e4280000, 0x000000076d100000)
  object space 475648K, 40% used [0x00000006c7200000,0x00000006d304feb8,0x00000006e4280000)
 Metaspace       used 58849K, capacity 59652K, committed 60056K, reserved 1101824K
  class space    used 7873K, capacity 8052K, committed 8112K, reserved 1048576K
}
Event: 8159.233 GC heap before
{Heap before GC invocations=74 (full 3):
 PSYoungGen      total 317440K, used 294048K [0x000000076d100000, 0x0000000785900000, 0x00000007c0000000)
  eden space 255488K, 100% used [0x000000076d100000,0x000000077ca80000,0x000000077ca80000)
  from space 61952K, 62% used [0x0000000780980000,0x0000000782f28170,0x0000000784600000)
  to   space 64512K, 0% used [0x000000077ca80000,0x000000077ca80000,0x0000000780980000)
 ParOldGen       total 475648K, used 194879K [0x00000006c7200000, 0x00000006e4280000, 0x000000076d100000)
  object space 475648K, 40% used [0x00000006c7200000,0x00000006d304feb8,0x00000006e4280000)
 Metaspace       used 58852K, capacity 59652K, committed 60056K, reserved 1101824K
  class space    used 7873K, capacity 8052K, committed 8112K, reserved 1048576K
Event: 8159.276 GC heap after
Heap after GC invocations=74 (full 3):
 PSYoungGen      total 320000K, used 32694K [0x000000076d100000, 0x0000000786a00000, 0x00000007c0000000)
  eden space 255488K, 0% used [0x000000076d100000,0x000000076d100000,0x000000077ca80000)
  from space 64512K, 50% used [0x000000077ca80000,0x000000077ea6d830,0x0000000780980000)
  to   space 64512K, 0% used [0x0000000782b00000,0x0000000782b00000,0x0000000786a00000)
 ParOldGen       total 475648K, used 200545K [0x00000006c7200000, 0x00000006e4280000, 0x000000076d100000)
  object space 475648K, 42% used [0x00000006c7200000,0x00000006d35d8748,0x00000006e4280000)
 Metaspace       used 58852K, capacity 59652K, committed 60056K, reserved 1101824K
  class space    used 7873K, capacity 8052K, committed 8112K, reserved 1048576K
}
Event: 8159.835 GC heap before
{Heap before GC invocations=75 (full 3):
 PSYoungGen      total 320000K, used 288182K [0x000000076d100000, 0x0000000786a00000, 0x00000007c0000000)
  eden space 255488K, 100% used [0x000000076d100000,0x000000077ca80000,0x000000077ca80000)
  from space 64512K, 50% used [0x000000077ca80000,0x000000077ea6d830,0x0000000780980000)
  to   space 64512K, 0% used [0x0000000782b00000,0x0000000782b00000,0x0000000786a00000)
 ParOldGen       total 475648K, used 200545K [0x00000006c7200000, 0x00000006e4280000, 0x000000076d100000)
  object space 475648K, 42% used [0x00000006c7200000,0x00000006d35d8748,0x00000006e4280000)
 Metaspace       used 58852K, capacity 59652K, committed 60056K, reserved 1101824K
  class space    used 7873K, capacity 8052K, committed 8112K, reserved 1048576K
Event: 8159.873 GC heap after
Heap after GC invocations=75 (full 3):
 PSYoungGen      total 354816K, used 128K [0x000000076d100000, 0x0000000786b00000, 0x00000007c0000000)
  eden space 290304K, 0% used [0x000000076d100000,0x000000076d100000,0x000000077ec80000)
  from space 64512K, 0% used [0x0000000782b00000,0x0000000782b20000,0x0000000786a00000)
  to   space 64000K, 0% used [0x000000077ec80000,0x000000077ec80000,0x0000000782b00000)
 ParOldGen       total 475648K, used 233284K [0x00000006c7200000, 0x00000006e4280000, 0x000000076d100000)
  object space 475648K, 49% used [0x00000006c7200000,0x00000006d55d1198,0x00000006e4280000)
 Metaspace       used 58852K, capacity 59652K, committed 60056K, reserved 1101824K
  class space    used 7873K, capacity 8052K, committed 8112K, reserved 1048576K
}
Event: 8318.291 GC heap before
{Heap before GC invocations=76 (full 3):
 PSYoungGen      total 354816K, used 290432K [0x000000076d100000, 0x0000000786b00000, 0x00000007c0000000)
  eden space 290304K, 100% used [0x000000076d100000,0x000000077ec80000,0x000000077ec80000)
  from space 64512K, 0% used [0x0000000782b00000,0x0000000782b20000,0x0000000786a00000)
  to   space 64000K, 0% used [0x000000077ec80000,0x000000077ec80000,0x0000000782b00000)
 ParOldGen       total 475648K, used 233284K [0x00000006c7200000, 0x00000006e4280000, 0x000000076d100000)
  object space 475648K, 49% used [0x00000006c7200000,0x00000006d55d1198,0x00000006e4280000)
 Metaspace       used 58857K, capacity 59658K, committed 60056K, reserved 1101824K
  class space    used 7873K, capacity 8053K, committed 8112K, reserved 1048576K
Event: 8318.342 GC heap after
Heap after GC invocations=76 (full 3):
 PSYoungGen      total 354304K, used 7756K [0x000000076d100000, 0x0000000788a80000, 0x00000007c0000000)
  eden space 290304K, 0% used [0x000000076d100000,0x000000076d100000,0x000000077ec80000)
  from space 64000K, 12% used [0x000000077ec80000,0x000000077f413360,0x0000000782b00000)
  to   space 61952K, 0% used [0x0000000784e00000,0x0000000784e00000,0x0000000788a80000)
 ParOldGen       total 475648K, used 233300K [0x00000006c7200000, 0x00000006e4280000, 0x000000076d100000)
  object space 475648K, 49% used [0x00000006c7200000,0x00000006d55d5198,0x00000006e4280000)
 Metaspace       used 58857K, capacity 59658K, committed 60056K, reserved 1101824K
  class space    used 7873K, capacity 8053K, committed 8112K, reserved 1048576K
}
Event: 8501.015 GC heap before
{Heap before GC invocations=77 (full 3):
 PSYoungGen      total 354304K, used 298060K [0x000000076d100000, 0x0000000788a80000, 0x00000007c0000000)
  eden space 290304K, 100% used [0x000000076d100000,0x000000077ec80000,0x000000077ec80000)
  from space 64000K, 12% used [0x000000077ec80000,0x000000077f413360,0x0000000782b00000)
  to   space 61952K, 0% used [0x0000000784e00000,0x0000000784e00000,0x0000000788a80000)
 ParOldGen       total 475648K, used 233300K [0x00000006c7200000, 0x00000006e4280000, 0x000000076d100000)
  object space 475648K, 49% used [0x00000006c7200000,0x00000006d55d5198,0x00000006e4280000)
 Metaspace       used 59707K, capacity 60464K, committed 60952K, reserved 1101824K
  class space    used 7976K, capacity 8150K, committed 8240K, reserved 1048576K
Event: 8501.071 GC heap after
Heap after GC invocations=77 (full 3):
 PSYoungGen      total 376832K, used 23510K [0x000000076d100000, 0x0000000788180000, 0x00000007c0000000)
  eden space 324096K, 0% used [0x000000076d100000,0x000000076d100000,0x0000000780d80000)
  from space 52736K, 44% used [0x0000000784e00000,0x00000007864f5b30,0x0000000788180000)
  to   space 59392K, 0% used [0x0000000780d80000,0x0000000780d80000,0x0000000784780000)
 ParOldGen       total 475648K, used 238841K [0x00000006c7200000, 0x00000006e4280000, 0x000000076d100000)
  object space 475648K, 50% used [0x00000006c7200000,0x00000006d5b3e6f8,0x00000006e4280000)
 Metaspace       used 59707K, capacity 60464K, committed 60952K, reserved 1101824K
  class space    used 7976K, capacity 8150K, committed 8240K, reserved 1048576K
}

