# JRE version: OpenJDK Runtime Environment (8.0_191-b12) (build 1.8.0_191-b12)
# Java VM: OpenJDK 64-Bit Server VM (25.191-b12 mixed mode linux-amd64 compressed oops)
Heap:
 PSYoungGen      total 1052160K, used 17961K [0x000000076d100000, 0x00000007c0000000, 0x00000007c0000000)
  eden space 929792K, 0% used [0x000000076d100000,0x000000076d100000,0x00000007a5d00000)
  from space 122368K, 14% used [0x00000007a5d00000,0x00000007a6e8a660,0x00000007ad480000)
  to   space 221184K, 0% used [0x00000007b2800000,0x00000007b2800000,0x00000007c0000000)
 ParOldGen       total 581120K, used 581041K [0x00000006c7200000, 0x00000006ea980000, 0x000000076d100000)
  object space 581120K, 99% used [0x00000006c7200000,0x00000006ea96c428,0x00000006ea980000)
 Metaspace       used 56824K, capacity 57388K, committed 58112K, reserved 1099776K
  class space    used 7667K, capacity 7840K, committed 7936K, reserved 1048576K
GC Heap History (81 events):
Event: 1.185 GC heap before
{Heap before GC invocations=1 (full 0):
 PSYoungGen      total 74752K, used 40103K [0x000000076d100000, 0x0000000772400000, 0x00000007c0000000)
  eden space 64512K, 62% used [0x000000076d100000,0x000000076f829ca8,0x0000000771000000)
  from space 10240K, 0% used [0x0000000771a00000,0x0000000771a00000,0x0000000772400000)
  to   space 10240K, 0% used [0x0000000771000000,0x0000000771000000,0x0000000771a00000)
 ParOldGen       total 171008K, used 0K [0x00000006c7200000, 0x00000006d1900000, 0x000000076d100000)
  object space 171008K, 0% used [0x00000006c7200000,0x00000006c7200000,0x00000006d1900000)
 Metaspace       used 20753K, capacity 21056K, committed 21296K, reserved 1069056K
  class space    used 2466K, capacity 2592K, committed 2688K, reserved 1048576K
Event: 1.196 GC heap after
Heap after GC invocations=1 (full 0):
 PSYoungGen      total 74752K, used 7006K [0x000000076d100000, 0x0000000772400000, 0x00000007c0000000)
  eden space 64512K, 0% used [0x000000076d100000,0x000000076d100000,0x0000000771000000)
  from space 10240K, 68% used [0x0000000771000000,0x00000007716d78c0,0x0000000771a00000)
  to   space 10240K, 0% used [0x0000000771a00000,0x0000000771a00000,0x0000000772400000)
 ParOldGen       total 171008K, used 16K [0x00000006c7200000, 0x00000006d1900000, 0x000000076d100000)
  object space 171008K, 0% used [0x00000006c7200000,0x00000006c7204000,0x00000006d1900000)
 Metaspace       used 20753K, capacity 21056K, committed 21296K, reserved 1069056K
  class space    used 2466K, capacity 2592K, committed 2688K, reserved 1048576K
}
Event: 1.196 GC heap before
{Heap before GC invocations=2 (full 1):
 PSYoungGen      total 74752K, used 7006K [0x000000076d100000, 0x0000000772400000, 0x00000007c0000000)
  eden space 64512K, 0% used [0x000000076d100000,0x000000076d100000,0x0000000771000000)
  from space 10240K, 68% used [0x0000000771000000,0x00000007716d78c0,0x0000000771a00000)
  to   space 10240K, 0% used [0x0000000771a00000,0x0000000771a00000,0x0000000772400000)
 ParOldGen       total 171008K, used 16K [0x00000006c7200000, 0x00000006d1900000, 0x000000076d100000)
  object space 171008K, 0% used [0x00000006c7200000,0x00000006c7204000,0x00000006d1900000)
 Metaspace       used 20753K, capacity 21056K, committed 21296K, reserved 1069056K
  class space    used 2466K, capacity 2592K, committed 2688K, reserved 1048576K
Event: 1.250 GC heap after
Heap after GC invocations=2 (full 1):
 PSYoungGen      total 74752K, used 0K [0x000000076d100000, 0x0000000772400000, 0x00000007c0000000)
  eden space 64512K, 0% used [0x000000076d100000,0x000000076d100000,0x0000000771000000)
  from space 10240K, 0% used [0x0000000771000000,0x0000000771000000,0x0000000771a00000)
  to   space 10240K, 0% used [0x0000000771a00000,0x0000000771a00000,0x0000000772400000)
 ParOldGen       total 124928K, used 6792K [0x00000006c7200000, 0x00000006cec00000, 0x000000076d100000)
  object space 124928K, 5% used [0x00000006c7200000,0x00000006c78a2180,0x00000006cec00000)
 Metaspace       used 20753K, capacity 21056K, committed 21296K, reserved 1069056K
  class space    used 2466K, capacity 2592K, committed 2688K, reserved 1048576K
}
Event: 2.503 GC heap before
{Heap before GC invocations=3 (full 1):
 PSYoungGen      total 74752K, used 50682K [0x000000076d100000, 0x0000000772400000, 0x00000007c0000000)
  eden space 64512K, 78% used [0x000000076d100000,0x000000077027eaa8,0x0000000771000000)
  from space 10240K, 0% used [0x0000000771000000,0x0000000771000000,0x0000000771a00000)
  to   space 10240K, 0% used [0x0000000771a00000,0x0000000771a00000,0x0000000772400000)
 ParOldGen       total 124928K, used 6792K [0x00000006c7200000, 0x00000006cec00000, 0x000000076d100000)
  object space 124928K, 5% used [0x00000006c7200000,0x00000006c78a2180,0x00000006cec00000)
 Metaspace       used 34853K, capacity 35162K, committed 35496K, reserved 1079296K
  class space    used 5195K, capacity 5321K, committed 5376K, reserved 1048576K
Event: 2.507 GC heap after
Heap after GC invocations=3 (full 1):
 PSYoungGen      total 74752K, used 5122K [0x000000076d100000, 0x0000000772c80000, 0x00000007c0000000)
  eden space 64512K, 0% used [0x000000076d100000,0x000000076d100000,0x0000000771000000)
  from space 10240K, 50% used [0x0000000771a00000,0x0000000771f00868,0x0000000772400000)
  to   space 10240K, 0% used [0x0000000771000000,0x0000000771000000,0x0000000771a00000)
 ParOldGen       total 124928K, used 6800K [0x00000006c7200000, 0x00000006cec00000, 0x000000076d100000)
  object space 124928K, 5% used [0x00000006c7200000,0x00000006c78a4180,0x00000006cec00000)
 Metaspace       used 34853K, capacity 35162K, committed 35496K, reserved 1079296K
  class space    used 5195K, capacity 5321K, committed 5376K, reserved 1048576K
}
Event: 2.507 GC heap before
{Heap before GC invocations=4 (full 2):
 PSYoungGen      total 74752K, used 5122K [0x000000076d100000, 0x0000000772c80000, 0x00000007c0000000)
  eden space 64512K, 0% used [0x000000076d100000,0x000000076d100000,0x0000000771000000)
  from space 10240K, 50% used [0x0000000771a00000,0x0000000771f00868,0x0000000772400000)
  to   space 10240K, 0% used [0x0000000771000000,0x0000000771000000,0x0000000771a00000)
 ParOldGen       total 124928K, used 6800K [0x00000006c7200000, 0x00000006cec00000, 0x000000076d100000)
  object space 124928K, 5% used [0x00000006c7200000,0x00000006c78a4180,0x00000006cec00000)
 Metaspace       used 34853K, capacity 35162K, committed 35496K, reserved 1079296K
  class space    used 5195K, capacity 5321K, committed 5376K, reserved 1048576K
Event: 2.528 GC heap after
Heap after GC invocations=4 (full 2):
 PSYoungGen      total 74752K, used 0K [0x000000076d100000, 0x0000000772c80000, 0x00000007c0000000)
  eden space 64512K, 0% used [0x000000076d100000,0x000000076d100000,0x0000000771000000)
  from space 10240K, 0% used [0x0000000771a00000,0x0000000771a00000,0x0000000772400000)
  to   space 10240K, 0% used [0x0000000771000000,0x0000000771000000,0x0000000771a00000)
 ParOldGen       total 225280K, used 10328K [0x00000006c7200000, 0x00000006d4e00000, 0x000000076d100000)
  object space 225280K, 4% used [0x00000006c7200000,0x00000006c7c163e0,0x00000006d4e00000)
 Metaspace       used 34853K, capacity 35162K, committed 35496K, reserved 1079296K
  class space    used 5195K, capacity 5321K, committed 5376K, reserved 1048576K
}
Event: 3.944 GC heap before
{Heap before GC invocations=5 (full 2):
 PSYoungGen      total 74752K, used 64512K [0x000000076d100000, 0x0000000772c80000, 0x00000007c0000000)
  eden space 64512K, 100% used [0x000000076d100000,0x0000000771000000,0x0000000771000000)
  from space 10240K, 0% used [0x0000000771a00000,0x0000000771a00000,0x0000000772400000)
  to   space 10240K, 0% used [0x0000000771000000,0x0000000771000000,0x0000000771a00000)
 ParOldGen       total 225280K, used 10328K [0x00000006c7200000, 0x00000006d4e00000, 0x000000076d100000)
  object space 225280K, 4% used [0x00000006c7200000,0x00000006c7c163e0,0x00000006d4e00000)
 Metaspace       used 37923K, capacity 38266K, committed 38784K, reserved 1081344K
  class space    used 5815K, capacity 5929K, committed 6016K, reserved 1048576K
Event: 3.960 GC heap after
Heap after GC invocations=5 (full 2):
 PSYoungGen      total 74752K, used 10229K [0x000000076d100000, 0x0000000773180000, 0x00000007c0000000)
  eden space 64512K, 0% used [0x000000076d100000,0x000000076d100000,0x0000000771000000)
  from space 10240K, 99% used [0x0000000771000000,0x00000007719fd6b8,0x0000000771a00000)
  to   space 10240K, 0% used [0x0000000772780000,0x0000000772780000,0x0000000773180000)
 ParOldGen       total 225280K, used 15445K [0x00000006c7200000, 0x00000006d4e00000, 0x000000076d100000)
  object space 225280K, 6% used [0x00000006c7200000,0x00000006c8115660,0x00000006d4e00000)
 Metaspace       used 37923K, capacity 38266K, committed 38784K, reserved 1081344K
  class space    used 5815K, capacity 5929K, committed 6016K, reserved 1048576K
}
Event: 4.468 GC heap before
{Heap before GC invocations=6 (full 2):
 PSYoungGen      total 74752K, used 74741K [0x000000076d100000, 0x0000000773180000, 0x00000007c0000000)
  eden space 64512K, 100% used [0x000000076d100000,0x0000000771000000,0x0000000771000000)
  from space 10240K, 99% used [0x0000000771000000,0x00000007719fd6b8,0x0000000771a00000)
  to   space 10240K, 0% used [0x0000000772780000,0x0000000772780000,0x0000000773180000)
 ParOldGen       total 225280K, used 15445K [0x00000006c7200000, 0x00000006d4e00000, 0x000000076d100000)
  object space 225280K, 6% used [0x00000006c7200000,0x00000006c8115660,0x00000006d4e00000)
 Metaspace       used 38042K, capacity 38330K, committed 38784K, reserved 1081344K
  class space    used 5818K, capacity 5929K, committed 6016K, reserved 1048576K
Event: 4.474 GC heap after
Heap after GC invocations=6 (full 2):
 PSYoungGen      total 88576K, used 9600K [0x000000076d100000, 0x0000000773280000, 0x00000007c0000000)
  eden space 78336K, 0% used [0x000000076d100000,0x000000076d100000,0x0000000771d80000)
  from space 10240K, 93% used [0x0000000772780000,0x00000007730e0020,0x0000000773180000)
  to   space 10240K, 0% used [0x0000000771d80000,0x0000000771d80000,0x0000000772780000)
 ParOldGen       total 225280K, used 15453K [0x00000006c7200000, 0x00000006d4e00000, 0x000000076d100000)
  object space 225280K, 6% used [0x00000006c7200000,0x00000006c8117660,0x00000006d4e00000)
 Metaspace       used 38042K, capacity 38330K, committed 38784K, reserved 1081344K
  class space    used 5818K, capacity 5929K, committed 6016K, reserved 1048576K
}
Event: 10.265 GC heap before
{Heap before GC invocations=7 (full 2):
 PSYoungGen      total 88576K, used 87936K [0x000000076d100000, 0x0000000773280000, 0x00000007c0000000)
  eden space 78336K, 100% used [0x000000076d100000,0x0000000771d80000,0x0000000771d80000)
  from space 10240K, 93% used [0x0000000772780000,0x00000007730e0020,0x0000000773180000)
  to   space 10240K, 0% used [0x0000000771d80000,0x0000000771d80000,0x0000000772780000)
 ParOldGen       total 225280K, used 15453K [0x00000006c7200000, 0x00000006d4e00000, 0x000000076d100000)
  object space 225280K, 6% used [0x00000006c7200000,0x00000006c8117660,0x00000006d4e00000)
 Metaspace       used 40074K, capacity 40430K, committed 40832K, reserved 1083392K
  class space    used 6049K, capacity 6167K, committed 6272K, reserved 1048576K
Event: 10.290 GC heap after
Heap after GC invocations=7 (full 2):
 PSYoungGen      total 88576K, used 10208K [0x000000076d100000, 0x0000000778480000, 0x00000007c0000000)
  eden space 78336K, 0% used [0x000000076d100000,0x000000076d100000,0x0000000771d80000)
  from space 10240K, 99% used [0x0000000771d80000,0x0000000772778030,0x0000000772780000)
  to   space 44544K, 0% used [0x0000000775900000,0x0000000775900000,0x0000000778480000)
 ParOldGen       total 225280K, used 59659K [0x00000006c7200000, 0x00000006d4e00000, 0x000000076d100000)
  object space 225280K, 26% used [0x00000006c7200000,0x00000006cac42fd0,0x00000006d4e00000)
 Metaspace       used 40074K, capacity 40430K, committed 40832K, reserved 1083392K
  class space    used 6049K, capacity 6167K, committed 6272K, reserved 1048576K
}
Event: 14.393 GC heap before
{Heap before GC invocations=8 (full 2):
 PSYoungGen      total 88576K, used 88544K [0x000000076d100000, 0x0000000778480000, 0x00000007c0000000)
  eden space 78336K, 100% used [0x000000076d100000,0x0000000771d80000,0x0000000771d80000)
  from space 10240K, 99% used [0x0000000771d80000,0x0000000772778030,0x0000000772780000)
  to   space 44544K, 0% used [0x0000000775900000,0x0000000775900000,0x0000000778480000)
 ParOldGen       total 225280K, used 59659K [0x00000006c7200000, 0x00000006d4e00000, 0x000000076d100000)
  object space 225280K, 26% used [0x00000006c7200000,0x00000006cac42fd0,0x00000006d4e00000)
 Metaspace       used 41183K, capacity 41598K, committed 41984K, reserved 1085440K
  class space    used 6151K, capacity 6297K, committed 6400K, reserved 1048576K
Event: 14.421 GC heap after
Heap after GC invocations=8 (full 2):
 PSYoungGen      total 132608K, used 37056K [0x000000076d100000, 0x0000000779100000, 0x00000007c0000000)
  eden space 88064K, 0% used [0x000000076d100000,0x000000076d100000,0x0000000772700000)
  from space 44544K, 83% used [0x0000000775900000,0x0000000777d300c0,0x0000000778480000)
  to   space 51200K, 0% used [0x0000000772700000,0x0000000772700000,0x0000000775900000)
 ParOldGen       total 225280K, used 59667K [0x00000006c7200000, 0x00000006d4e00000, 0x000000076d100000)
  object space 225280K, 26% used [0x00000006c7200000,0x00000006cac44fd0,0x00000006d4e00000)
 Metaspace       used 41183K, capacity 41598K, committed 41984K, reserved 1085440K
  class space    used 6151K, capacity 6297K, committed 6400K, reserved 1048576K
}
Event: 14.933 GC heap before
{Heap before GC invocations=9 (full 2):
 PSYoungGen      total 132608K, used 125120K [0x000000076d100000, 0x0000000779100000, 0x00000007c0000000)
  eden space 88064K, 100% used [0x000000076d100000,0x0000000772700000,0x0000000772700000)
  from space 44544K, 83% used [0x0000000775900000,0x0000000777d300c0,0x0000000778480000)
  to   space 51200K, 0% used [0x0000000772700000,0x0000000772700000,0x0000000775900000)
 ParOldGen       total 225280K, used 59667K [0x00000006c7200000, 0x00000006d4e00000, 0x000000076d100000)
  object space 225280K, 26% used [0x00000006c7200000,0x00000006cac44fd0,0x00000006d4e00000)
 Metaspace       used 41239K, capacity 41598K, committed 41984K, reserved 1085440K
  class space    used 6154K, capacity 6297K, committed 6400K, reserved 1048576K
Event: 14.963 GC heap after
Heap after GC invocations=9 (full 2):
 PSYoungGen      total 139264K, used 38296K [0x000000076d100000, 0x000000077b500000, 0x00000007c0000000)
  eden space 88064K, 0% used [0x000000076d100000,0x000000076d100000,0x0000000772700000)
  from space 51200K, 74% used [0x0000000772700000,0x0000000774c66048,0x0000000775900000)
  to   space 55296K, 0% used [0x0000000777f00000,0x0000000777f00000,0x000000077b500000)
 ParOldGen       total 225280K, used 59675K [0x00000006c7200000, 0x00000006d4e00000, 0x000000076d100000)
  object space 225280K, 26% used [0x00000006c7200000,0x00000006cac46fd0,0x00000006d4e00000)
 Metaspace       used 41239K, capacity 41598K, committed 41984K, reserved 1085440K
  class space    used 6154K, capacity 6297K, committed 6400K, reserved 1048576K
}
Event: 15.243 GC heap before
{Heap before GC invocations=10 (full 2):
 PSYoungGen      total 139264K, used 126360K [0x000000076d100000, 0x000000077b500000, 0x00000007c0000000)
  eden space 88064K, 100% used [0x000000076d100000,0x0000000772700000,0x0000000772700000)
  from space 51200K, 74% used [0x0000000772700000,0x0000000774c66048,0x0000000775900000)
  to   space 55296K, 0% used [0x0000000777f00000,0x0000000777f00000,0x000000077b500000)
 ParOldGen       total 225280K, used 59675K [0x00000006c7200000, 0x00000006d4e00000, 0x000000076d100000)
  object space 225280K, 26% used [0x00000006c7200000,0x00000006cac46fd0,0x00000006d4e00000)
 Metaspace       used 41258K, capacity 41662K, committed 42240K, reserved 1085440K
  class space    used 6155K, capacity 6297K, committed 6400K, reserved 1048576K
Event: 15.278 GC heap after
Heap after GC invocations=10 (full 2):
 PSYoungGen      total 175616K, used 38280K [0x000000076d100000, 0x000000077cb00000, 0x00000007c0000000)
  eden space 120320K, 0% used [0x000000076d100000,0x000000076d100000,0x0000000774680000)
  from space 55296K, 69% used [0x0000000777f00000,0x000000077a462058,0x000000077b500000)
  to   space 57856K, 0% used [0x0000000774680000,0x0000000774680000,0x0000000777f00000)
 ParOldGen       total 225280K, used 59675K [0x00000006c7200000, 0x00000006d4e00000, 0x000000076d100000)
  object space 225280K, 26% used [0x00000006c7200000,0x00000006cac46fd0,0x00000006d4e00000)
 Metaspace       used 41258K, capacity 41662K, committed 42240K, reserved 1085440K
  class space    used 6155K, capacity 6297K, committed 6400K, reserved 1048576K
}
Event: 15.656 GC heap before
{Heap before GC invocations=11 (full 2):
 PSYoungGen      total 175616K, used 158600K [0x000000076d100000, 0x000000077cb00000, 0x00000007c0000000)
  eden space 120320K, 100% used [0x000000076d100000,0x0000000774680000,0x0000000774680000)
  from space 55296K, 69% used [0x0000000777f00000,0x000000077a462058,0x000000077b500000)
  to   space 57856K, 0% used [0x0000000774680000,0x0000000774680000,0x0000000777f00000)
 ParOldGen       total 225280K, used 59675K [0x00000006c7200000, 0x00000006d4e00000, 0x000000076d100000)
  object space 225280K, 26% used [0x00000006c7200000,0x00000006cac46fd0,0x00000006d4e00000)
 Metaspace       used 41301K, capacity 41662K, committed 42240K, reserved 1085440K
  class space    used 6155K, capacity 6297K, committed 6400K, reserved 1048576K
Event: 15.680 GC heap after
Heap after GC invocations=11 (full 2):
 PSYoungGen      total 178176K, used 38264K [0x000000076d100000, 0x000000077e700000, 0x00000007c0000000)
  eden space 120320K, 0% used [0x000000076d100000,0x000000076d100000,0x0000000774680000)
  from space 57856K, 66% used [0x0000000774680000,0x0000000776bde048,0x0000000777f00000)
  to   space 59904K, 0% used [0x000000077ac80000,0x000000077ac80000,0x000000077e700000)
 ParOldGen       total 225280K, used 59683K [0x00000006c7200000, 0x00000006d4e00000, 0x000000076d100000)
  object space 225280K, 26% used [0x00000006c7200000,0x00000006cac48fd0,0x00000006d4e00000)
 Metaspace       used 41301K, capacity 41662K, committed 42240K, reserved 1085440K
  class space    used 6155K, capacity 6297K, committed 6400K, reserved 1048576K
}
Event: 114.621 GC heap before
{Heap before GC invocations=12 (full 2):
 PSYoungGen      total 178176K, used 158584K [0x000000076d100000, 0x000000077e700000, 0x00000007c0000000)
  eden space 120320K, 100% used [0x000000076d100000,0x0000000774680000,0x0000000774680000)
  from space 57856K, 66% used [0x0000000774680000,0x0000000776bde048,0x0000000777f00000)
  to   space 59904K, 0% used [0x000000077ac80000,0x000000077ac80000,0x000000077e700000)
 ParOldGen       total 225280K, used 59683K [0x00000006c7200000, 0x00000006d4e00000, 0x000000076d100000)
  object space 225280K, 26% used [0x00000006c7200000,0x00000006cac48fd0,0x00000006d4e00000)
 Metaspace       used 41770K, capacity 42174K, committed 42752K, reserved 1085440K
  class space    used 6157K, capacity 6297K, committed 6400K, reserved 1048576K
Event: 114.671 GC heap after
Heap after GC invocations=12 (full 2):
 PSYoungGen      total 218112K, used 53731K [0x000000076d100000, 0x000000077ef00000, 0x00000007c0000000)
  eden space 158208K, 0% used [0x000000076d100000,0x000000076d100000,0x0000000776b80000)
  from space 59904K, 89% used [0x000000077ac80000,0x000000077e0f8e80,0x000000077e700000)
  to   space 66560K, 0% used [0x0000000776b80000,0x0000000776b80000,0x000000077ac80000)
 ParOldGen       total 225280K, used 63707K [0x00000006c7200000, 0x00000006d4e00000, 0x000000076d100000)
  object space 225280K, 28% used [0x00000006c7200000,0x00000006cb036fe0,0x00000006d4e00000)
 Metaspace       used 41770K, capacity 42174K, committed 42752K, reserved 1085440K
  class space    used 6157K, capacity 6297K, committed 6400K, reserved 1048576K
}
Event: 115.126 GC heap before
{Heap before GC invocations=13 (full 2):
 PSYoungGen      total 218112K, used 211939K [0x000000076d100000, 0x000000077ef00000, 0x00000007c0000000)
  eden space 158208K, 100% used [0x000000076d100000,0x0000000776b80000,0x0000000776b80000)
  from space 59904K, 89% used [0x000000077ac80000,0x000000077e0f8e80,0x000000077e700000)
  to   space 66560K, 0% used [0x0000000776b80000,0x0000000776b80000,0x000000077ac80000)
 ParOldGen       total 225280K, used 63707K [0x00000006c7200000, 0x00000006d4e00000, 0x000000076d100000)
  object space 225280K, 28% used [0x00000006c7200000,0x00000006cb036fe0,0x00000006d4e00000)
 Metaspace       used 41794K, capacity 42174K, committed 42752K, reserved 1085440K
  class space    used 6157K, capacity 6297K, committed 6400K, reserved 1048576K
Event: 115.160 GC heap after
Heap after GC invocations=13 (full 2):
 PSYoungGen      total 224768K, used 27715K [0x000000076d100000, 0x0000000781e00000, 0x00000007c0000000)
  eden space 158208K, 0% used [0x000000076d100000,0x000000076d100000,0x0000000776b80000)
  from space 66560K, 41% used [0x0000000776b80000,0x0000000778690e60,0x000000077ac80000)
  to   space 62976K, 0% used [0x000000077e080000,0x000000077e080000,0x0000000781e00000)
 ParOldGen       total 225280K, used 88836K [0x00000006c7200000, 0x00000006d4e00000, 0x000000076d100000)
  object space 225280K, 39% used [0x00000006c7200000,0x00000006cc8c1080,0x00000006d4e00000)
 Metaspace       used 41794K, capacity 42174K, committed 42752K, reserved 1085440K
  class space    used 6157K, capacity 6297K, committed 6400K, reserved 1048576K
}
Event: 119.667 GC heap before
{Heap before GC invocations=14 (full 2):
 PSYoungGen      total 224768K, used 185923K [0x000000076d100000, 0x0000000781e00000, 0x00000007c0000000)
  eden space 158208K, 100% used [0x000000076d100000,0x0000000776b80000,0x0000000776b80000)
  from space 66560K, 41% used [0x0000000776b80000,0x0000000778690e60,0x000000077ac80000)
  to   space 62976K, 0% used [0x000000077e080000,0x000000077e080000,0x0000000781e00000)
 ParOldGen       total 225280K, used 88836K [0x00000006c7200000, 0x00000006d4e00000, 0x000000076d100000)
  object space 225280K, 39% used [0x00000006c7200000,0x00000006cc8c1080,0x00000006d4e00000)
 Metaspace       used 41959K, capacity 42366K, committed 42752K, reserved 1085440K
  class space    used 6175K, capacity 6297K, committed 6400K, reserved 1048576K
Event: 119.685 GC heap after
Heap after GC invocations=14 (full 2):
 PSYoungGen      total 264704K, used 16016K [0x000000076d100000, 0x0000000781680000, 0x00000007c0000000)
  eden space 209408K, 0% used [0x000000076d100000,0x000000076d100000,0x0000000779d80000)
  from space 55296K, 28% used [0x000000077e080000,0x000000077f024030,0x0000000781680000)
  to   space 61952K, 0% used [0x0000000779d80000,0x0000000779d80000,0x000000077da00000)
 ParOldGen       total 225280K, used 98148K [0x00000006c7200000, 0x00000006d4e00000, 0x000000076d100000)
  object space 225280K, 43% used [0x00000006c7200000,0x00000006cd1d9098,0x00000006d4e00000)
 Metaspace       used 41959K, capacity 42366K, committed 42752K, reserved 1085440K
  class space    used 6175K, capacity 6297K, committed 6400K, reserved 1048576K
}
Event: 262.074 GC heap before
{Heap before GC invocations=15 (full 2):
 PSYoungGen      total 264704K, used 225424K [0x000000076d100000, 0x0000000781680000, 0x00000007c0000000)
  eden space 209408K, 100% used [0x000000076d100000,0x0000000779d80000,0x0000000779d80000)
  from space 55296K, 28% used [0x000000077e080000,0x000000077f024030,0x0000000781680000)
  to   space 61952K, 0% used [0x0000000779d80000,0x0000000779d80000,0x000000077da00000)
 ParOldGen       total 225280K, used 98148K [0x00000006c7200000, 0x00000006d4e00000, 0x000000076d100000)
  object space 225280K, 43% used [0x00000006c7200000,0x00000006cd1d9098,0x00000006d4e00000)
 Metaspace       used 42721K, capacity 43114K, committed 43520K, reserved 1087488K
  class space    used 6209K, capacity 6331K, committed 6400K, reserved 1048576K
Event: 262.100 GC heap after
Heap after GC invocations=15 (full 2):
 PSYoungGen      total 271360K, used 21104K [0x000000076d100000, 0x0000000784b80000, 0x00000007c0000000)
  eden space 209408K, 0% used [0x000000076d100000,0x000000076d100000,0x0000000779d80000)
  from space 61952K, 34% used [0x0000000779d80000,0x000000077b21c030,0x000000077da00000)
  to   space 59904K, 0% used [0x0000000781100000,0x0000000781100000,0x0000000784b80000)
 ParOldGen       total 225280K, used 113084K [0x00000006c7200000, 0x00000006d4e00000, 0x000000076d100000)
  object space 225280K, 50% used [0x00000006c7200000,0x00000006ce06f330,0x00000006d4e00000)
 Metaspace       used 42721K, capacity 43114K, committed 43520K, reserved 1087488K
  class space    used 6209K, capacity 6331K, committed 6400K, reserved 1048576K
}
Event: 262.741 GC heap before
{Heap before GC invocations=16 (full 2):
 PSYoungGen      total 271360K, used 230512K [0x000000076d100000, 0x0000000784b80000, 0x00000007c0000000)
  eden space 209408K, 100% used [0x000000076d100000,0x0000000779d80000,0x0000000779d80000)
  from space 61952K, 34% used [0x0000000779d80000,0x000000077b21c030,0x000000077da00000)
  to   space 59904K, 0% used [0x0000000781100000,0x0000000781100000,0x0000000784b80000)
 ParOldGen       total 225280K, used 113084K [0x00000006c7200000, 0x00000006d4e00000, 0x000000076d100000)
  object space 225280K, 50% used [0x00000006c7200000,0x00000006ce06f330,0x00000006d4e00000)
 Metaspace       used 42748K, capacity 43178K, committed 43520K, reserved 1087488K
  class space    used 6209K, capacity 6331K, committed 6400K, reserved 1048576K
Event: 262.752 GC heap after
Heap after GC invocations=16 (full 2):
 PSYoungGen      total 319488K, used 17968K [0x000000076d100000, 0x0000000784600000, 0x00000007c0000000)
  eden space 265216K, 0% used [0x000000076d100000,0x000000076d100000,0x000000077d400000)
  from space 54272K, 33% used [0x0000000781100000,0x000000078228c030,0x0000000784600000)
  to   space 58368K, 0% used [0x000000077d400000,0x000000077d400000,0x0000000780d00000)
 ParOldGen       total 225280K, used 113092K [0x00000006c7200000, 0x00000006d4e00000, 0x000000076d100000)
  object space 225280K, 50% used [0x00000006c7200000,0x00000006ce071330,0x00000006d4e00000)
 Metaspace       used 42748K, capacity 43178K, committed 43520K, reserved 1087488K
  class space    used 6209K, capacity 6331K, committed 6400K, reserved 1048576K
}
Event: 1444.757 GC heap before
{Heap before GC invocations=17 (full 2):
 PSYoungGen      total 319488K, used 283184K [0x000000076d100000, 0x0000000784600000, 0x00000007c0000000)
  eden space 265216K, 100% used [0x000000076d100000,0x000000077d400000,0x000000077d400000)
  from space 54272K, 33% used [0x0000000781100000,0x000000078228c030,0x0000000784600000)
  to   space 58368K, 0% used [0x000000077d400000,0x000000077d400000,0x0000000780d00000)
 ParOldGen       total 225280K, used 113092K [0x00000006c7200000, 0x00000006d4e00000, 0x000000076d100000)
  object space 225280K, 50% used [0x00000006c7200000,0x00000006ce071330,0x00000006d4e00000)
 Metaspace       used 43276K, capacity 43698K, committed 44288K, reserved 1087488K
  class space    used 6212K, capacity 6333K, committed 6400K, reserved 1048576K
Event: 1444.808 GC heap after
Heap after GC invocations=17 (full 2):
 PSYoungGen      total 323584K, used 51216K [0x000000076d100000, 0x0000000788b00000, 0x00000007c0000000)
  eden space 265216K, 0% used [0x000000076d100000,0x000000076d100000,0x000000077d400000)
  from space 58368K, 87% used [0x000000077d400000,0x0000000780604030,0x0000000780d00000)
  to   space 64000K, 0% used [0x0000000784c80000,0x0000000784c80000,0x0000000788b00000)
 ParOldGen       total 225280K, used 113100K [0x00000006c7200000, 0x00000006d4e00000, 0x000000076d100000)
  object space 225280K, 50% used [0x00000006c7200000,0x00000006ce073330,0x00000006d4e00000)
 Metaspace       used 43276K, capacity 43698K, committed 44288K, reserved 1087488K
  class space    used 6212K, capacity 6333K, committed 6400K, reserved 1048576K
}
Event: 1446.365 GC heap before
{Heap before GC invocations=18 (full 2):
 PSYoungGen      total 323584K, used 316432K [0x000000076d100000, 0x0000000788b00000, 0x00000007c0000000)
  eden space 265216K, 100% used [0x000000076d100000,0x000000077d400000,0x000000077d400000)
  from space 58368K, 87% used [0x000000077d400000,0x0000000780604030,0x0000000780d00000)
  to   space 64000K, 0% used [0x0000000784c80000,0x0000000784c80000,0x0000000788b00000)
 ParOldGen       total 225280K, used 113100K [0x00000006c7200000, 0x00000006d4e00000, 0x000000076d100000)
  object space 225280K, 50% used [0x00000006c7200000,0x00000006ce073330,0x00000006d4e00000)
 Metaspace       used 43311K, capacity 43698K, committed 44288K, reserved 1087488K
  class space    used 6213K, capacity 6333K, committed 6400K, reserved 1048576K
Event: 1446.417 GC heap after
Heap after GC invocations=18 (full 2):
 PSYoungGen      total 383488K, used 51944K [0x000000076d100000, 0x0000000789c00000, 0x00000007c0000000)
  eden space 319488K, 0% used [0x000000076d100000,0x000000076d100000,0x0000000780900000)
  from space 64000K, 81% used [0x0000000784c80000,0x0000000787f3a048,0x0000000788b00000)
  to   space 69120K, 0% used [0x0000000780900000,0x0000000780900000,0x0000000784c80000)
 ParOldGen       total 225280K, used 113100K [0x00000006c7200000, 0x00000006d4e00000, 0x000000076d100000)
  object space 225280K, 50% used [0x00000006c7200000,0x00000006ce073330,0x00000006d4e00000)
 Metaspace       used 43311K, capacity 43698K, committed 44288K, reserved 1087488K
  class space    used 6213K, capacity 6333K, committed 6400K, reserved 1048576K
}
Event: 1739.583 GC heap before
{Heap before GC invocations=19 (full 2):
 PSYoungGen      total 383488K, used 371432K [0x000000076d100000, 0x0000000789c00000, 0x00000007c0000000)
  eden space 319488K, 100% used [0x000000076d100000,0x0000000780900000,0x0000000780900000)
  from space 64000K, 81% used [0x0000000784c80000,0x0000000787f3a048,0x0000000788b00000)
  to   space 69120K, 0% used [0x0000000780900000,0x0000000780900000,0x0000000784c80000)
 ParOldGen       total 225280K, used 113100K [0x00000006c7200000, 0x00000006d4e00000, 0x000000076d100000)
  object space 225280K, 50% used [0x00000006c7200000,0x00000006ce073330,0x00000006d4e00000)
 Metaspace       used 43431K, capacity 43836K, committed 44288K, reserved 1087488K
  class space    used 6214K, capacity 6334K, committed 6400K, reserved 1048576K
Event: 1739.650 GC heap after
Heap after GC invocations=19 (full 2):
 PSYoungGen      total 388608K, used 69104K [0x000000076d100000, 0x000000078d500000, 0x00000007c0000000)
  eden space 319488K, 0% used [0x000000076d100000,0x000000076d100000,0x0000000780900000)
  from space 69120K, 99% used [0x0000000780900000,0x0000000784c7c090,0x0000000784c80000)
  to   space 81920K, 0% used [0x0000000788500000,0x0000000788500000,0x000000078d500000)
 ParOldGen       total 225280K, used 120427K [0x00000006c7200000, 0x00000006d4e00000, 0x000000076d100000)
  object space 225280K, 53% used [0x00000006c7200000,0x00000006ce79ac90,0x00000006d4e00000)
 Metaspace       used 43431K, capacity 43836K, committed 44288K, reserved 1087488K
  class space    used 6214K, capacity 6334K, committed 6400K, reserved 1048576K
}
Event: 1755.826 GC heap before
{Heap before GC invocations=20 (full 2):
 PSYoungGen      total 388608K, used 388592K [0x000000076d100000, 0x000000078d500000, 0x00000007c0000000)
  eden space 319488K, 100% used [0x000000076d100000,0x0000000780900000,0x0000000780900000)
  from space 69120K, 99% used [0x0000000780900000,0x0000000784c7c090,0x0000000784c80000)
  to   space 81920K, 0% used [0x0000000788500000,0x0000000788500000,0x000000078d500000)
 ParOldGen       total 225280K, used 120427K [0x00000006c7200000, 0x00000006d4e00000, 0x000000076d100000)
  object space 225280K, 53% used [0x00000006c7200000,0x00000006ce79ac90,0x00000006d4e00000)
 Metaspace       used 43576K, capacity 44028K, committed 44544K, reserved 1087488K
  class space    used 6215K, capacity 6334K, committed 6400K, reserved 1048576K
Event: 1755.894 GC heap after
Heap after GC invocations=20 (full 2):
 PSYoungGen      total 438272K, used 69264K [0x000000076d100000, 0x000000078df80000, 0x00000007c0000000)
  eden space 356352K, 0% used [0x000000076d100000,0x000000076d100000,0x0000000782d00000)
  from space 81920K, 84% used [0x0000000788500000,0x000000078c8a4090,0x000000078d500000)
  to   space 90112K, 0% used [0x0000000782d00000,0x0000000782d00000,0x0000000788500000)
 ParOldGen       total 225280K, used 121267K [0x00000006c7200000, 0x00000006d4e00000, 0x000000076d100000)
  object space 225280K, 53% used [0x00000006c7200000,0x00000006ce86ccb0,0x00000006d4e00000)
 Metaspace       used 43576K, capacity 44028K, committed 44544K, reserved 1087488K
  class space    used 6215K, capacity 6334K, committed 6400K, reserved 1048576K
}
Event: 1791.610 GC heap before
{Heap before GC invocations=21 (full 2):
 PSYoungGen      total 438272K, used 425616K [0x000000076d100000, 0x000000078df80000, 0x00000007c0000000)
  eden space 356352K, 100% used [0x000000076d100000,0x0000000782d00000,0x0000000782d00000)
  from space 81920K, 84% used [0x0000000788500000,0x000000078c8a4090,0x000000078d500000)
  to   space 90112K, 0% used [0x0000000782d00000,0x0000000782d00000,0x0000000788500000)
 ParOldGen       total 225280K, used 121267K [0x00000006c7200000, 0x00000006d4e00000, 0x000000076d100000)
  object space 225280K, 53% used [0x00000006c7200000,0x00000006ce86ccb0,0x00000006d4e00000)
 Metaspace       used 43887K, capacity 44316K, committed 44800K, reserved 1087488K
  class space    used 6241K, capacity 6366K, committed 6400K, reserved 1048576K
Event: 1791.724 GC heap after
Heap after GC invocations=21 (full 2):
 PSYoungGen      total 446464K, used 90108K [0x000000076d100000, 0x0000000796200000, 0x00000007c0000000)
  eden space 356352K, 0% used [0x000000076d100000,0x000000076d100000,0x0000000782d00000)
  from space 90112K, 99% used [0x0000000782d00000,0x00000007884ff030,0x0000000788500000)
  to   space 139264K, 0% used [0x000000078da00000,0x000000078da00000,0x0000000796200000)
 ParOldGen       total 225280K, used 216476K [0x00000006c7200000, 0x00000006d4e00000, 0x000000076d100000)
  object space 225280K, 96% used [0x00000006c7200000,0x00000006d45672c0,0x00000006d4e00000)
 Metaspace       used 43887K, capacity 44316K, committed 44800K, reserved 1087488K
  class space    used 6241K, capacity 6366K, committed 6400K, reserved 1048576K
}
Event: 1791.724 GC heap before
{Heap before GC invocations=22 (full 3):
 PSYoungGen      total 446464K, used 90108K [0x000000076d100000, 0x0000000796200000, 0x00000007c0000000)
  eden space 356352K, 0% used [0x000000076d100000,0x000000076d100000,0x0000000782d00000)
  from space 90112K, 99% used [0x0000000782d00000,0x00000007884ff030,0x0000000788500000)
  to   space 139264K, 0% used [0x000000078da00000,0x000000078da00000,0x0000000796200000)
 ParOldGen       total 225280K, used 216476K [0x00000006c7200000, 0x00000006d4e00000, 0x000000076d100000)
  object space 225280K, 96% used [0x00000006c7200000,0x00000006d45672c0,0x00000006d4e00000)
 Metaspace       used 43887K, capacity 44316K, committed 44800K, reserved 1087488K
  class space    used 6241K, capacity 6366K, committed 6400K, reserved 1048576K
Event: 1792.522 GC heap after
Heap after GC invocations=22 (full 3):
 PSYoungGen      total 446464K, used 47685K [0x000000076d100000, 0x0000000796200000, 0x00000007c0000000)
  eden space 356352K, 0% used [0x000000076d100000,0x000000076d100000,0x0000000782d00000)
  from space 90112K, 52% used [0x0000000782d00000,0x0000000785b91638,0x0000000788500000)
  to   space 139264K, 0% used [0x000000078da00000,0x000000078da00000,0x0000000796200000)
 ParOldGen       total 581120K, used 225099K [0x00000006c7200000, 0x00000006ea980000, 0x000000076d100000)
  object space 581120K, 38% used [0x00000006c7200000,0x00000006d4dd2ea8,0x00000006ea980000)
 Metaspace       used 43887K, capacity 44316K, committed 44800K, reserved 1087488K
  class space    used 6241K, capacity 6366K, committed 6400K, reserved 1048576K
}
Event: 1793.096 GC heap before
{Heap before GC invocations=23 (full 3):
 PSYoungGen      total 446464K, used 404037K [0x000000076d100000, 0x0000000796200000, 0x00000007c0000000)
  eden space 356352K, 100% used [0x000000076d100000,0x0000000782d00000,0x0000000782d00000)
  from space 90112K, 52% used [0x0000000782d00000,0x0000000785b91638,0x0000000788500000)
  to   space 139264K, 0% used [0x000000078da00000,0x000000078da00000,0x0000000796200000)
 ParOldGen       total 581120K, used 225099K [0x00000006c7200000, 0x00000006ea980000, 0x000000076d100000)
  object space 581120K, 38% used [0x00000006c7200000,0x00000006d4dd2ea8,0x00000006ea980000)
 Metaspace       used 43888K, capacity 44316K, committed 44800K, reserved 1087488K
  class space    used 6241K, capacity 6366K, committed 6400K, reserved 1048576K
Event: 1793.165 GC heap after
Heap after GC invocations=23 (full 3):
 PSYoungGen      total 540672K, used 44232K [0x000000076d100000, 0x0000000797500000, 0x00000007c0000000)
  eden space 401408K, 0% used [0x000000076d100000,0x000000076d100000,0x0000000785900000)
  from space 139264K, 31% used [0x000000078da00000,0x0000000790532040,0x0000000796200000)
  to   space 132096K, 0% used [0x0000000785900000,0x0000000785900000,0x000000078da00000)
 ParOldGen       total 581120K, used 229109K [0x00000006c7200000, 0x00000006ea980000, 0x000000076d100000)
  object space 581120K, 39% used [0x00000006c7200000,0x00000006d51bd428,0x00000006ea980000)
 Metaspace       used 43888K, capacity 44316K, committed 44800K, reserved 1087488K
  class space    used 6241K, capacity 6366K, committed 6400K, reserved 1048576K
}
Event: 1793.747 GC heap before
{Heap before GC invocations=24 (full 3):
 PSYoungGen      total 540672K, used 445640K [0x000000076d100000, 0x0000000797500000, 0x00000007c0000000)
  eden space 401408K, 100% used [0x000000076d100000,0x0000000785900000,0x0000000785900000)
  from space 139264K, 31% used [0x000000078da00000,0x0000000790532040,0x0000000796200000)
  to   space 132096K, 0% used [0x0000000785900000,0x0000000785900000,0x000000078da00000)
 ParOldGen       total 581120K, used 229109K [0x00000006c7200000, 0x00000006ea980000, 0x000000076d100000)
  object space 581120K, 39% used [0x00000006c7200000,0x00000006d51bd428,0x00000006ea980000)
 Metaspace       used 43888K, capacity 44316K, committed 44800K, reserved 1087488K
  class space    used 6241K, capacity 6366K, committed 6400K, reserved 1048576K
Event: 1793.772 GC heap after
Heap after GC invocations=24 (full 3):
 PSYoungGen      total 533504K, used 32264K [0x000000076d100000, 0x000000079aa80000, 0x00000007c0000000)
  eden space 401408K, 0% used [0x000000076d100000,0x000000076d100000,0x0000000785900000)
  from space 132096K, 24% used [0x0000000785900000,0x0000000787882040,0x000000078da00000)
  to   space 127488K, 0% used [0x0000000792e00000,0x0000000792e00000,0x000000079aa80000)
 ParOldGen       total 581120K, used 240721K [0x00000006c7200000, 0x00000006ea980000, 0x000000076d100000)
  object space 581120K, 41% used [0x00000006c7200000,0x00000006d5d146b8,0x00000006ea980000)
 Metaspace       used 43888K, capacity 44316K, committed 44800K, reserved 1087488K
  class space    used 6241K, capacity 6366K, committed 6400K, reserved 1048576K
}
Event: 1794.395 GC heap before
{Heap before GC invocations=25 (full 3):
 PSYoungGen      total 533504K, used 433672K [0x000000076d100000, 0x000000079aa80000, 0x00000007c0000000)
  eden space 401408K, 100% used [0x000000076d100000,0x0000000785900000,0x0000000785900000)
  from space 132096K, 24% used [0x0000000785900000,0x0000000787882040,0x000000078da00000)
  to   space 127488K, 0% used [0x0000000792e00000,0x0000000792e00000,0x000000079aa80000)
 ParOldGen       total 581120K, used 240721K [0x00000006c7200000, 0x00000006ea980000, 0x000000076d100000)
  object space 581120K, 41% used [0x00000006c7200000,0x00000006d5d146b8,0x00000006ea980000)
 Metaspace       used 43888K, capacity 44316K, committed 44800K, reserved 1087488K
  class space    used 6241K, capacity 6366K, committed 6400K, reserved 1048576K
Event: 1794.423 GC heap after
Heap after GC invocations=25 (full 3):
 PSYoungGen      total 622080K, used 22384K [0x000000076d100000, 0x000000079ab80000, 0x00000007c0000000)
  eden space 494592K, 0% used [0x000000076d100000,0x000000076d100000,0x000000078b400000)
  from space 127488K, 17% used [0x0000000792e00000,0x00000007943dc028,0x000000079aa80000)
  to   space 124928K, 0% used [0x000000078b400000,0x000000078b400000,0x0000000792e00000)
 ParOldGen       total 581120K, used 250625K [0x00000006c7200000, 0x00000006ea980000, 0x000000076d100000)
  object space 581120K, 43% used [0x00000006c7200000,0x00000006d66c07e0,0x00000006ea980000)
 Metaspace       used 43888K, capacity 44316K, committed 44800K, reserved 1087488K
  class space    used 6241K, capacity 6366K, committed 6400K, reserved 1048576K
}
Event: 1795.186 GC heap before
{Heap before GC invocations=26 (full 3):
 PSYoungGen      total 622080K, used 516976K [0x000000076d100000, 0x000000079ab80000, 0x00000007c0000000)
  eden space 494592K, 100% used [0x000000076d100000,0x000000078b400000,0x000000078b400000)
  from space 127488K, 17% used [0x0000000792e00000,0x00000007943dc028,0x000000079aa80000)
  to   space 124928K, 0% used [0x000000078b400000,0x000000078b400000,0x0000000792e00000)
 ParOldGen       total 581120K, used 250625K [0x00000006c7200000, 0x00000006ea980000, 0x000000076d100000)
  object space 581120K, 43% used [0x00000006c7200000,0x00000006d66c07e0,0x00000006ea980000)
 Metaspace       used 43895K, capacity 44316K, committed 44800K, reserved 1087488K
  class space    used 6241K, capacity 6366K, committed 6400K, reserved 1048576K
Event: 1795.214 GC heap after
Heap after GC invocations=26 (full 3):
 PSYoungGen      total 619520K, used 224K [0x000000076d100000, 0x00000007a1f80000, 0x00000007c0000000)
  eden space 494592K, 0% used [0x000000076d100000,0x000000076d100000,0x000000078b400000)
  from space 124928K, 0% used [0x000000078b400000,0x000000078b438000,0x0000000792e00000)
  to   space 125440K, 0% used [0x000000079a500000,0x000000079a500000,0x00000007a1f80000)
 ParOldGen       total 581120K, used 272938K [0x00000006c7200000, 0x00000006ea980000, 0x000000076d100000)
  object space 581120K, 46% used [0x00000006c7200000,0x00000006d7c8a8c8,0x00000006ea980000)
 Metaspace       used 43895K, capacity 44316K, committed 44800K, reserved 1087488K
  class space    used 6241K, capacity 6366K, committed 6400K, reserved 1048576K
}
Event: 1796.010 GC heap before
{Heap before GC invocations=27 (full 3):
 PSYoungGen      total 619520K, used 494816K [0x000000076d100000, 0x00000007a1f80000, 0x00000007c0000000)
  eden space 494592K, 100% used [0x000000076d100000,0x000000078b400000,0x000000078b400000)
  from space 124928K, 0% used [0x000000078b400000,0x000000078b438000,0x0000000792e00000)
  to   space 125440K, 0% used [0x000000079a500000,0x000000079a500000,0x00000007a1f80000)
 ParOldGen       total 581120K, used 272938K [0x00000006c7200000, 0x00000006ea980000, 0x000000076d100000)
  object space 581120K, 46% used [0x00000006c7200000,0x00000006d7c8a8c8,0x00000006ea980000)
 Metaspace       used 43896K, capacity 44316K, committed 44800K, reserved 1087488K
  class space    used 6241K, capacity 6366K, committed 6400K, reserved 1048576K
Event: 1796.024 GC heap after
Heap after GC invocations=27 (full 3):
 PSYoungGen      total 728064K, used 96K [0x000000076d100000, 0x00000007a1800000, 0x00000007c0000000)
  eden space 610304K, 0% used [0x000000076d100000,0x000000076d100000,0x0000000792500000)
  from space 117760K, 0% used [0x000000079a500000,0x000000079a518000,0x00000007a1800000)
  to   space 124416K, 0% used [0x0000000792500000,0x0000000792500000,0x0000000799e80000)
 ParOldGen       total 581120K, used 273050K [0x00000006c7200000, 0x00000006ea980000, 0x000000076d100000)
  object space 581120K, 46% used [0x00000006c7200000,0x00000006d7ca68e8,0x00000006ea980000)
 Metaspace       used 43896K, capacity 44316K, committed 44800K, reserved 1087488K
  class space    used 6241K, capacity 6366K, committed 6400K, reserved 1048576K
}
Event: 1797.065 GC heap before
{Heap before GC invocations=28 (full 3):
 PSYoungGen      total 728064K, used 610400K [0x000000076d100000, 0x00000007a1800000, 0x00000007c0000000)
  eden space 610304K, 100% used [0x000000076d100000,0x0000000792500000,0x0000000792500000)
  from space 117760K, 0% used [0x000000079a500000,0x000000079a518000,0x00000007a1800000)
  to   space 124416K, 0% used [0x0000000792500000,0x0000000792500000,0x0000000799e80000)
 ParOldGen       total 581120K, used 273050K [0x00000006c7200000, 0x00000006ea980000, 0x000000076d100000)
  object space 581120K, 46% used [0x00000006c7200000,0x00000006d7ca68e8,0x00000006ea980000)
 Metaspace       used 43897K, capacity 44316K, committed 44800K, reserved 1087488K
  class space    used 6241K, capacity 6366K, committed 6400K, reserved 1048576K
Event: 1797.078 GC heap after
Heap after GC invocations=28 (full 3):
 PSYoungGen      total 734720K, used 128K [0x000000076d100000, 0x00000007a7600000, 0x00000007c0000000)
  eden space 610304K, 0% used [0x000000076d100000,0x000000076d100000,0x0000000792500000)
  from space 124416K, 0% used [0x0000000792500000,0x0000000792520000,0x0000000799e80000)
  to   space 122368K, 0% used [0x000000079fe80000,0x000000079fe80000,0x00000007a7600000)
 ParOldGen       total 581120K, used 273082K [0x00000006c7200000, 0x00000006ea980000, 0x000000076d100000)
  object space 581120K, 46% used [0x00000006c7200000,0x00000006d7cae8e8,0x00000006ea980000)
 Metaspace       used 43897K, capacity 44316K, committed 44800K, reserved 1087488K
  class space    used 6241K, capacity 6366K, committed 6400K, reserved 1048576K
}
Event: 1798.073 GC heap before
{Heap before GC invocations=29 (full 3):
 PSYoungGen      total 734720K, used 610432K [0x000000076d100000, 0x00000007a7600000, 0x00000007c0000000)
  eden space 610304K, 100% used [0x000000076d100000,0x0000000792500000,0x0000000792500000)
  from space 124416K, 0% used [0x0000000792500000,0x0000000792520000,0x0000000799e80000)
  to   space 122368K, 0% used [0x000000079fe80000,0x000000079fe80000,0x00000007a7600000)
 ParOldGen       total 581120K, used 273082K [0x00000006c7200000, 0x00000006ea980000, 0x000000076d100000)
  object space 581120K, 46% used [0x00000006c7200000,0x00000006d7cae8e8,0x00000006ea980000)
 Metaspace       used 43897K, capacity 44316K, committed 44800K, reserved 1087488K
  class space    used 6241K, capacity 6366K, committed 6400K, reserved 1048576K
Event: 1798.104 GC heap after
Heap after GC invocations=29 (full 3):
 PSYoungGen      total 833024K, used 224K [0x000000076d100000, 0x00000007a7380000, 0x00000007c0000000)
  eden space 713216K, 0% used [0x000000076d100000,0x000000076d100000,0x0000000798980000)
  from space 119808K, 0% used [0x000000079fe80000,0x000000079feb8000,0x00000007a7380000)
  to   space 119808K, 0% used [0x0000000798980000,0x0000000798980000,0x000000079fe80000)
 ParOldGen       total 581120K, used 273106K [0x00000006c7200000, 0x00000006ea980000, 0x000000076d100000)
  object space 581120K, 46% used [0x00000006c7200000,0x00000006d7cb48e8,0x00000006ea980000)
 Metaspace       used 43897K, capacity 44316K, committed 44800K, reserved 1087488K
  class space    used 6241K, capacity 6366K, committed 6400K, reserved 1048576K
}
Event: 1856.166 GC heap before
{Heap before GC invocations=30 (full 3):
 PSYoungGen      total 833024K, used 713440K [0x000000076d100000, 0x00000007a7380000, 0x00000007c0000000)
  eden space 713216K, 100% used [0x000000076d100000,0x0000000798980000,0x0000000798980000)
  from space 119808K, 0% used [0x000000079fe80000,0x000000079feb8000,0x00000007a7380000)
  to   space 119808K, 0% used [0x0000000798980000,0x0000000798980000,0x000000079fe80000)
 ParOldGen       total 581120K, used 273106K [0x00000006c7200000, 0x00000006ea980000, 0x000000076d100000)
  object space 581120K, 46% used [0x00000006c7200000,0x00000006d7cb48e8,0x00000006ea980000)
 Metaspace       used 44022K, capacity 44380K, committed 44800K, reserved 1087488K
  class space    used 6254K, capacity 6366K, committed 6400K, reserved 1048576K
Event: 1856.240 GC heap after
Heap after GC invocations=30 (full 3):
 PSYoungGen      total 833024K, used 111275K [0x000000076d100000, 0x00000007b0280000, 0x00000007c0000000)
  eden space 713216K, 0% used [0x000000076d100000,0x000000076d100000,0x0000000798980000)
  from space 119808K, 92% used [0x0000000798980000,0x000000079f62afa0,0x000000079fe80000)
  to   space 140288K, 0% used [0x00000007a7980000,0x00000007a7980000,0x00000007b0280000)
 ParOldGen       total 581120K, used 273202K [0x00000006c7200000, 0x00000006ea980000, 0x000000076d100000)
  object space 581120K, 47% used [0x00000006c7200000,0x00000006d7ccc908,0x00000006ea980000)
 Metaspace       used 44022K, capacity 44380K, committed 44800K, reserved 1087488K
  class space    used 6254K, capacity 6366K, committed 6400K, reserved 1048576K
}
Event: 1857.327 GC heap before
{Heap before GC invocations=31 (full 3):
 PSYoungGen      total 833024K, used 824491K [0x000000076d100000, 0x00000007b0280000, 0x00000007c0000000)
  eden space 713216K, 100% used [0x000000076d100000,0x0000000798980000,0x0000000798980000)
  from space 119808K, 92% used [0x0000000798980000,0x000000079f62afa0,0x000000079fe80000)
  to   space 140288K, 0% used [0x00000007a7980000,0x00000007a7980000,0x00000007b0280000)
 ParOldGen       total 581120K, used 273202K [0x00000006c7200000, 0x00000006ea980000, 0x000000076d100000)
  object space 581120K, 47% used [0x00000006c7200000,0x00000006d7ccc908,0x00000006ea980000)
 Metaspace       used 44024K, capacity 44380K, committed 44800K, reserved 1087488K
  class space    used 6254K, capacity 6366K, committed 6400K, reserved 1048576K
Event: 1857.433 GC heap after
Heap after GC invocations=31 (full 3):
 PSYoungGen      total 963072K, used 5920K [0x000000076d100000, 0x00000007b1b00000, 0x00000007c0000000)
  eden space 822784K, 0% used [0x000000076d100000,0x000000076d100000,0x000000079f480000)
  from space 140288K, 4% used [0x00000007a7980000,0x00000007a7f48000,0x00000007b0280000)
  to   space 136192K, 0% used [0x000000079f480000,0x000000079f480000,0x00000007a7980000)
 ParOldGen       total 581120K, used 383606K [0x00000006c7200000, 0x00000006ea980000, 0x000000076d100000)
  object space 581120K, 66% used [0x00000006c7200000,0x00000006de89da08,0x00000006ea980000)
 Metaspace       used 44024K, capacity 44380K, committed 44800K, reserved 1087488K
  class space    used 6254K, capacity 6366K, committed 6400K, reserved 1048576K
}
Event: 1858.740 GC heap before
{Heap before GC invocations=32 (full 3):
 PSYoungGen      total 963072K, used 828704K [0x000000076d100000, 0x00000007b1b00000, 0x00000007c0000000)
  eden space 822784K, 100% used [0x000000076d100000,0x000000079f480000,0x000000079f480000)
  from space 140288K, 4% used [0x00000007a7980000,0x00000007a7f48000,0x00000007b0280000)
  to   space 136192K, 0% used [0x000000079f480000,0x000000079f480000,0x00000007a7980000)
 ParOldGen       total 581120K, used 383606K [0x00000006c7200000, 0x00000006ea980000, 0x000000076d100000)
  object space 581120K, 66% used [0x00000006c7200000,0x00000006de89da08,0x00000006ea980000)
 Metaspace       used 44025K, capacity 44380K, committed 44800K, reserved 1087488K
  class space    used 6254K, capacity 6366K, committed 6400K, reserved 1048576K
Event: 1858.753 GC heap after
Heap after GC invocations=32 (full 3):
 PSYoungGen      total 958976K, used 224K [0x000000076d100000, 0x00000007b8800000, 0x00000007c0000000)
  eden space 822784K, 0% used [0x000000076d100000,0x000000076d100000,0x000000079f480000)
  from space 136192K, 0% used [0x000000079f480000,0x000000079f4b8000,0x00000007a7980000)
  to   space 132096K, 0% used [0x00000007b0700000,0x00000007b0700000,0x00000007b8800000)
 ParOldGen       total 581120K, used 389510K [0x00000006c7200000, 0x00000006ea980000, 0x000000076d100000)
  object space 581120K, 67% used [0x00000006c7200000,0x00000006dee61a08,0x00000006ea980000)
 Metaspace       used 44025K, capacity 44380K, committed 44800K, reserved 1087488K
  class space    used 6254K, capacity 6366K, committed 6400K, reserved 1048576K
}
Event: 1860.128 GC heap before
{Heap before GC invocations=33 (full 3):
 PSYoungGen      total 958976K, used 823008K [0x000000076d100000, 0x00000007b8800000, 0x00000007c0000000)
  eden space 822784K, 100% used [0x000000076d100000,0x000000079f480000,0x000000079f480000)
  from space 136192K, 0% used [0x000000079f480000,0x000000079f4b8000,0x00000007a7980000)
  to   space 132096K, 0% used [0x00000007b0700000,0x00000007b0700000,0x00000007b8800000)
 ParOldGen       total 581120K, used 389510K [0x00000006c7200000, 0x00000006ea980000, 0x000000076d100000)
  object space 581120K, 67% used [0x00000006c7200000,0x00000006dee61a08,0x00000006ea980000)
 Metaspace       used 44029K, capacity 44380K, committed 44800K, reserved 1087488K
  class space    used 6254K, capacity 6366K, committed 6400K, reserved 1048576K
Event: 1860.154 GC heap after
Heap after GC invocations=33 (full 3):
 PSYoungGen      total 1082368K, used 128K [0x000000076d100000, 0x00000007b7900000, 0x00000007c0000000)
  eden space 965632K, 0% used [0x000000076d100000,0x000000076d100000,0x00000007a8000000)
  from space 116736K, 0% used [0x00000007b0700000,0x00000007b0720000,0x00000007b7900000)
  to   space 127488K, 0% used [0x00000007a8000000,0x00000007a8000000,0x00000007afc80000)
 ParOldGen       total 581120K, used 389622K [0x00000006c7200000, 0x00000006ea980000, 0x000000076d100000)
  object space 581120K, 67% used [0x00000006c7200000,0x00000006dee7da28,0x00000006ea980000)
 Metaspace       used 44029K, capacity 44380K, committed 44800K, reserved 1087488K
  class space    used 6254K, capacity 6366K, committed 6400K, reserved 1048576K
}
Event: 1861.788 GC heap before
{Heap before GC invocations=34 (full 3):
 PSYoungGen      total 1082368K, used 965760K [0x000000076d100000, 0x00000007b7900000, 0x00000007c0000000)
  eden space 965632K, 100% used [0x000000076d100000,0x00000007a8000000,0x00000007a8000000)
  from space 116736K, 0% used [0x00000007b0700000,0x00000007b0720000,0x00000007b7900000)
  to   space 127488K, 0% used [0x00000007a8000000,0x00000007a8000000,0x00000007afc80000)
 ParOldGen       total 581120K, used 389622K [0x00000006c7200000, 0x00000006ea980000, 0x000000076d100000)
  object space 581120K, 67% used [0x00000006c7200000,0x00000006dee7da28,0x00000006ea980000)
 Metaspace       used 44033K, capacity 44444K, committed 44800K, reserved 1087488K
  class space    used 6254K, capacity 6366K, committed 6400K, reserved 1048576K
Event: 1861.803 GC heap after
Heap after GC invocations=34 (full 3):
 PSYoungGen      total 1093120K, used 96K [0x000000076d100000, 0x00000007c0000000, 0x00000007c0000000)
  eden space 965632K, 0% used [0x000000076d100000,0x000000076d100000,0x00000007a8000000)
  from space 127488K, 0% used [0x00000007a8000000,0x00000007a8018000,0x00000007afc80000)
  to   space 122880K, 0% used [0x00000007b8800000,0x00000007b8800000,0x00000007c0000000)
 ParOldGen       total 581120K, used 389638K [0x00000006c7200000, 0x00000006ea980000, 0x000000076d100000)
  object space 581120K, 67% used [0x00000006c7200000,0x00000006dee81a28,0x00000006ea980000)
 Metaspace       used 44033K, capacity 44444K, committed 44800K, reserved 1087488K
  class space    used 6254K, capacity 6366K, committed 6400K, reserved 1048576K
}
Event: 2037.575 GC heap before
{Heap before GC invocations=35 (full 3):
 PSYoungGen      total 1093120K, used 965728K [0x000000076d100000, 0x00000007c0000000, 0x00000007c0000000)
  eden space 965632K, 100% used [0x000000076d100000,0x00000007a8000000,0x00000007a8000000)
  from space 127488K, 0% used [0x00000007a8000000,0x00000007a8018000,0x00000007afc80000)
  to   space 122880K, 0% used [0x00000007b8800000,0x00000007b8800000,0x00000007c0000000)
 ParOldGen       total 581120K, used 389638K [0x00000006c7200000, 0x00000006ea980000, 0x000000076d100000)
  object space 581120K, 67% used [0x00000006c7200000,0x00000006dee81a28,0x00000006ea980000)
 Metaspace       used 44278K, capacity 44700K, committed 45056K, reserved 1087488K
  class space    used 6257K, capacity 6366K, committed 6400K, reserved 1048576K
Event: 2037.595 GC heap after
Heap after GC invocations=35 (full 3):
 PSYoungGen      total 1193984K, used 7541K [0x000000076d100000, 0x00000007be500000, 0x00000007c0000000)
  eden space 1098752K, 0% used [0x000000076d100000,0x000000076d100000,0x00000007b0200000)
  from space 95232K, 7% used [0x00000007b8800000,0x00000007b8f5d7d0,0x00000007be500000)
  to   space 116224K, 0% used [0x00000007b0200000,0x00000007b0200000,0x00000007b7380000)
 ParOldGen       total 581120K, used 389646K [0x00000006c7200000, 0x00000006ea980000, 0x000000076d100000)
  object space 581120K, 67% used [0x00000006c7200000,0x00000006dee83a28,0x00000006ea980000)
 Metaspace       used 44278K, capacity 44700K, committed 45056K, reserved 1087488K
  class space    used 6257K, capacity 6366K, committed 6400K, reserved 1048576K
}
Event: 2159.648 GC heap before
{Heap before GC invocations=36 (full 3):
 PSYoungGen      total 1193984K, used 1106293K [0x000000076d100000, 0x00000007be500000, 0x00000007c0000000)
  eden space 1098752K, 100% used [0x000000076d100000,0x00000007b0200000,0x00000007b0200000)
  from space 95232K, 7% used [0x00000007b8800000,0x00000007b8f5d7d0,0x00000007be500000)
  to   space 116224K, 0% used [0x00000007b0200000,0x00000007b0200000,0x00000007b7380000)
 ParOldGen       total 581120K, used 389646K [0x00000006c7200000, 0x00000006ea980000, 0x000000076d100000)
  object space 581120K, 67% used [0x00000006c7200000,0x00000006dee83a28,0x00000006ea980000)
 Metaspace       used 56505K, capacity 57224K, committed 57600K, reserved 1099776K
  class space    used 7693K, capacity 7875K, committed 7936K, reserved 1048576K
Event: 2159.708 GC heap after
Heap after GC invocations=36 (full 3):
 PSYoungGen      total 1214976K, used 65115K [0x000000076d100000, 0x00000007c0000000, 0x00000007c0000000)
  eden space 1098752K, 0% used [0x000000076d100000,0x000000076d100000,0x00000007b0200000)
  from space 116224K, 56% used [0x00000007b0200000,0x00000007b4196e28,0x00000007b7380000)
  to   space 122368K, 0% used [0x00000007b8880000,0x00000007b8880000,0x00000007c0000000)
 ParOldGen       total 581120K, used 389654K [0x00000006c7200000, 0x00000006ea980000, 0x000000076d100000)
  object space 581120K, 67% used [0x00000006c7200000,0x00000006dee85a28,0x00000006ea980000)
 Metaspace       used 56505K, capacity 57224K, committed 57600K, reserved 1099776K
  class space    used 7693K, capacity 7875K, committed 7936K, reserved 1048576K
}
Event: 2687.531 GC heap before
{Heap before GC invocations=37 (full 3):
 PSYoungGen      total 1214976K, used 1163867K [0x000000076d100000, 0x00000007c0000000, 0x00000007c0000000)
  eden space 1098752K, 100% used [0x000000076d100000,0x00000007b0200000,0x00000007b0200000)
  from space 116224K, 56% used [0x00000007b0200000,0x00000007b4196e28,0x00000007b7380000)
  to   space 122368K, 0% used [0x00000007b8880000,0x00000007b8880000,0x00000007c0000000)
 ParOldGen       total 581120K, used 389654K [0x00000006c7200000, 0x00000006ea980000, 0x000000076d100000)
  object space 581120K, 67% used [0x00000006c7200000,0x00000006dee85a28,0x00000006ea980000)
 Metaspace       used 56957K, capacity 57682K, committed 57856K, reserved 1099776K
  class space    used 7700K, capacity 7876K, committed 7936K, reserved 1048576K
Event: 2687.608 GC heap after
Heap after GC invocations=37 (full 3):
 PSYoungGen      total 1220096K, used 75654K [0x000000076d100000, 0x00000007c0000000, 0x00000007c0000000)
  eden space 1097728K, 0% used [0x000000076d100000,0x000000076d100000,0x00000007b0100000)
  from space 122368K, 61% used [0x00000007b8880000,0x00000007bd2619b0,0x00000007c0000000)
  to   space 130560K, 0% used [0x00000007b0100000,0x00000007b0100000,0x00000007b8080000)
 ParOldGen       total 581120K, used 389662K [0x00000006c7200000, 0x00000006ea980000, 0x000000076d100000)
  object space 581120K, 67% used [0x00000006c7200000,0x00000006dee87a28,0x00000006ea980000)
 Metaspace       used 56957K, capacity 57682K, committed 57856K, reserved 1099776K
  class space    used 7700K, capacity 7876K, committed 7936K, reserved 1048576K
}
Event: 5744.495 GC heap before
{Heap before GC invocations=38 (full 3):
 PSYoungGen      total 1220096K, used 1173382K [0x000000076d100000, 0x00000007c0000000, 0x00000007c0000000)
  eden space 1097728K, 100% used [0x000000076d100000,0x00000007b0100000,0x00000007b0100000)
  from space 122368K, 61% used [0x00000007b8880000,0x00000007bd2619b0,0x00000007c0000000)
  to   space 130560K, 0% used [0x00000007b0100000,0x00000007b0100000,0x00000007b8080000)
 ParOldGen       total 581120K, used 389662K [0x00000006c7200000, 0x00000006ea980000, 0x000000076d100000)
  object space 581120K, 67% used [0x00000006c7200000,0x00000006dee87a28,0x00000006ea980000)
 Metaspace       used 57021K, capacity 57746K, committed 58112K, reserved 1099776K
  class space    used 7700K, capacity 7876K, committed 7936K, reserved 1048576K
Event: 5744.678 GC heap after
Heap after GC invocations=38 (full 3):
 PSYoungGen      total 1228288K, used 130538K [0x000000076d100000, 0x00000007c0000000, 0x00000007c0000000)
  eden space 1097728K, 0% used [0x000000076d100000,0x000000076d100000,0x00000007b0100000)
  from space 130560K, 99% used [0x00000007b0100000,0x00000007b807a9b0,0x00000007b8080000)
  to   space 130560K, 0% used [0x00000007b8080000,0x00000007b8080000,0x00000007c0000000)
 ParOldGen       total 581120K, used 409605K [0x00000006c7200000, 0x00000006ea980000, 0x000000076d100000)
  object space 581120K, 70% used [0x00000006c7200000,0x00000006e02014b8,0x00000006ea980000)
 Metaspace       used 57021K, capacity 57746K, committed 58112K, reserved 1099776K
  class space    used 7700K, capacity 7876K, committed 7936K, reserved 1048576K
}
Event: 9283.222 GC heap before
{Heap before GC invocations=39 (full 3):
 PSYoungGen      total 1228288K, used 1228266K [0x000000076d100000, 0x00000007c0000000, 0x00000007c0000000)
  eden space 1097728K, 100% used [0x000000076d100000,0x00000007b0100000,0x00000007b0100000)
  from space 130560K, 99% used [0x00000007b0100000,0x00000007b807a9b0,0x00000007b8080000)
  to   space 130560K, 0% used [0x00000007b8080000,0x00000007b8080000,0x00000007c0000000)
 ParOldGen       total 581120K, used 409605K [0x00000006c7200000, 0x00000006ea980000, 0x000000076d100000)
  object space 581120K, 70% used [0x00000006c7200000,0x00000006e02014b8,0x00000006ea980000)
 Metaspace       used 57030K, capacity 57778K, committed 58112K, reserved 1099776K
  class space    used 7701K, capacity 7908K, committed 7936K, reserved 1048576K
Event: 9283.387 GC heap after
Heap after GC invocations=39 (full 3):
 PSYoungGen      total 1060352K, used 130544K [0x000000076d100000, 0x00000007c0000000, 0x00000007c0000000)
  eden space 929792K, 0% used [0x000000076d100000,0x000000076d100000,0x00000007a5d00000)
  from space 130560K, 99% used [0x00000007b8080000,0x00000007bfffc240,0x00000007c0000000)
  to   space 214528K, 0% used [0x00000007a5d00000,0x00000007a5d00000,0x00000007b2e80000)
 ParOldGen       total 581120K, used 491961K [0x00000006c7200000, 0x00000006ea980000, 0x000000076d100000)
  object space 581120K, 84% used [0x00000006c7200000,0x00000006e526e430,0x00000006ea980000)
 Metaspace       used 57030K, capacity 57778K, committed 58112K, reserved 1099776K
  class space    used 7701K, capacity 7908K, committed 7936K, reserved 1048576K
}
Event: 10850.643 GC heap before
{Heap before GC invocations=40 (full 3):
 PSYoungGen      total 1060352K, used 1060336K [0x000000076d100000, 0x00000007c0000000, 0x00000007c0000000)
  eden space 929792K, 100% used [0x000000076d100000,0x00000007a5d00000,0x00000007a5d00000)
  from space 130560K, 99% used [0x00000007b8080000,0x00000007bfffc240,0x00000007c0000000)
  to   space 214528K, 0% used [0x00000007a5d00000,0x00000007a5d00000,0x00000007b2e80000)
 ParOldGen       total 581120K, used 491961K [0x00000006c7200000, 0x00000006ea980000, 0x000000076d100000)
  object space 581120K, 84% used [0x00000006c7200000,0x00000006e526e430,0x00000006ea980000)
 Metaspace       used 57096K, capacity 57842K, committed 58112K, reserved 1099776K
  class space    used 7702K, capacity 7908K, committed 7936K, reserved 1048576K
Event: 10850.810 GC heap after
Heap after GC invocations=40 (full 3):
 PSYoungGen      total 1052160K, used 122096K [0x000000076d100000, 0x00000007c0000000, 0x00000007c0000000)
  eden space 929792K, 0% used [0x000000076d100000,0x000000076d100000,0x00000007a5d00000)
  from space 122368K, 99% used [0x00000007a5d00000,0x00000007ad43c030,0x00000007ad480000)
  to   space 221184K, 0% used [0x00000007b2800000,0x00000007b2800000,0x00000007c0000000)
 ParOldGen       total 581120K, used 554256K [0x00000006c7200000, 0x00000006ea980000, 0x000000076d100000)
  object space 581120K, 95% used [0x00000006c7200000,0x00000006e8f44020,0x00000006ea980000)
 Metaspace       used 57096K, capacity 57842K, committed 58112K, reserved 1099776K
  class space    used 7702K, capacity 7908K, committed 7936K, reserved 1048576K
}
Event: 10850.810 GC heap before
{Heap before GC invocations=41 (full 4):
 PSYoungGen      total 1052160K, used 122096K [0x000000076d100000, 0x00000007c0000000, 0x00000007c0000000)
  eden space 929792K, 0% used [0x000000076d100000,0x000000076d100000,0x00000007a5d00000)
  from space 122368K, 99% used [0x00000007a5d00000,0x00000007ad43c030,0x00000007ad480000)
  to   space 221184K, 0% used [0x00000007b2800000,0x00000007b2800000,0x00000007c0000000)
 ParOldGen       total 581120K, used 554256K [0x00000006c7200000, 0x00000006ea980000, 0x000000076d100000)
  object space 581120K, 95% used [0x00000006c7200000,0x00000006e8f44020,0x00000006ea980000)
 Metaspace       used 57096K, capacity 57842K, committed 58112K, reserved 1099776K
  class space    used 7702K, capacity 7908K, committed 7936K, reserved 1048576K

