# JRE version: OpenJDK Runtime Environment (8.0_191-b12) (build 1.8.0_191-b12)
# Java VM: OpenJDK 64-Bit Server VM (25.191-b12 mixed mode linux-amd64 compressed oops)
Heap:
 PSYoungGen      total 534016K, used 32748K [0x000000076d100000, 0x000000078fc00000, 0x00000007c0000000)
  eden space 501248K, 0% used [0x000000076d100000,0x000000076d100000,0x000000078ba80000)
  from space 32768K, 99% used [0x000000078ba80000,0x000000078da7b188,0x000000078da80000)
  to   space 31232K, 0% used [0x000000078da80000,0x000000078da80000,0x000000078f900000)
 ParOldGen       total 171008K, used 38481K [0x00000006c7200000, 0x00000006d1900000, 0x000000076d100000)
  object space 171008K, 22% used [0x00000006c7200000,0x00000006c9794688,0x00000006d1900000)
 Metaspace       used 12074K, capacity 12450K, committed 12672K, reserved 1060864K
  class space    used 1178K, capacity 1281K, committed 1408K, reserved 1048576K
GC Heap History (17 events):
Event: 3.096 GC heap before
{Heap before GC invocations=1 (full 0):
 PSYoungGen      total 74752K, used 64512K [0x000000076d100000, 0x0000000772400000, 0x00000007c0000000)
  eden space 64512K, 100% used [0x000000076d100000,0x0000000771000000,0x0000000771000000)
  from space 10240K, 0% used [0x0000000771a00000,0x0000000771a00000,0x0000000772400000)
  to   space 10240K, 0% used [0x0000000771000000,0x0000000771000000,0x0000000771a00000)
 ParOldGen       total 171008K, used 0K [0x00000006c7200000, 0x00000006d1900000, 0x000000076d100000)
  object space 171008K, 0% used [0x00000006c7200000,0x00000006c7200000,0x00000006d1900000)
 Metaspace       used 11466K, capacity 11772K, committed 12032K, reserved 1060864K
  class space    used 1146K, capacity 1258K, committed 1280K, reserved 1048576K
Event: 3.104 GC heap after
Heap after GC invocations=1 (full 0):
 PSYoungGen      total 74752K, used 7267K [0x000000076d100000, 0x0000000772400000, 0x00000007c0000000)
  eden space 64512K, 0% used [0x000000076d100000,0x000000076d100000,0x0000000771000000)
  from space 10240K, 70% used [0x0000000771000000,0x0000000771718c08,0x0000000771a00000)
  to   space 10240K, 0% used [0x0000000771a00000,0x0000000771a00000,0x0000000772400000)
 ParOldGen       total 171008K, used 88K [0x00000006c7200000, 0x00000006d1900000, 0x000000076d100000)
  object space 171008K, 0% used [0x00000006c7200000,0x00000006c7216010,0x00000006d1900000)
 Metaspace       used 11466K, capacity 11772K, committed 12032K, reserved 1060864K
  class space    used 1146K, capacity 1258K, committed 1280K, reserved 1048576K
}
Event: 3.457 GC heap before
{Heap before GC invocations=2 (full 0):
 PSYoungGen      total 74752K, used 71779K [0x000000076d100000, 0x0000000772400000, 0x00000007c0000000)
  eden space 64512K, 100% used [0x000000076d100000,0x0000000771000000,0x0000000771000000)
  from space 10240K, 70% used [0x0000000771000000,0x0000000771718c08,0x0000000771a00000)
  to   space 10240K, 0% used [0x0000000771a00000,0x0000000771a00000,0x0000000772400000)
 ParOldGen       total 171008K, used 88K [0x00000006c7200000, 0x00000006d1900000, 0x000000076d100000)
  object space 171008K, 0% used [0x00000006c7200000,0x00000006c7216010,0x00000006d1900000)
 Metaspace       used 11524K, capacity 11848K, committed 12032K, reserved 1060864K
  class space    used 1147K, capacity 1258K, committed 1280K, reserved 1048576K
Event: 3.465 GC heap after
Heap after GC invocations=2 (full 0):
 PSYoungGen      total 74752K, used 8307K [0x000000076d100000, 0x0000000776300000, 0x00000007c0000000)
  eden space 64512K, 0% used [0x000000076d100000,0x000000076d100000,0x0000000771000000)
  from space 10240K, 81% used [0x0000000771a00000,0x000000077221cd98,0x0000000772400000)
  to   space 10240K, 0% used [0x0000000771000000,0x0000000771000000,0x0000000771a00000)
 ParOldGen       total 171008K, used 88K [0x00000006c7200000, 0x00000006d1900000, 0x000000076d100000)
  object space 171008K, 0% used [0x00000006c7200000,0x00000006c7216010,0x00000006d1900000)
 Metaspace       used 11524K, capacity 11848K, committed 12032K, reserved 1060864K
  class space    used 1147K, capacity 1258K, committed 1280K, reserved 1048576K
}
Event: 3.818 GC heap before
{Heap before GC invocations=3 (full 0):
 PSYoungGen      total 74752K, used 72819K [0x000000076d100000, 0x0000000776300000, 0x00000007c0000000)
  eden space 64512K, 100% used [0x000000076d100000,0x0000000771000000,0x0000000771000000)
  from space 10240K, 81% used [0x0000000771a00000,0x000000077221cd98,0x0000000772400000)
  to   space 10240K, 0% used [0x0000000771000000,0x0000000771000000,0x0000000771a00000)
 ParOldGen       total 171008K, used 88K [0x00000006c7200000, 0x00000006d1900000, 0x000000076d100000)
  object space 171008K, 0% used [0x00000006c7200000,0x00000006c7216010,0x00000006d1900000)
 Metaspace       used 11700K, capacity 12016K, committed 12032K, reserved 1060864K
  class space    used 1165K, capacity 1272K, committed 1280K, reserved 1048576K
Event: 3.837 GC heap after
Heap after GC invocations=3 (full 0):
 PSYoungGen      total 74752K, used 9256K [0x000000076d100000, 0x0000000776300000, 0x00000007c0000000)
  eden space 64512K, 0% used [0x000000076d100000,0x000000076d100000,0x0000000771000000)
  from space 10240K, 90% used [0x0000000771000000,0x000000077190a050,0x0000000771a00000)
  to   space 10240K, 0% used [0x0000000775900000,0x0000000775900000,0x0000000776300000)
 ParOldGen       total 171008K, used 88K [0x00000006c7200000, 0x00000006d1900000, 0x000000076d100000)
  object space 171008K, 0% used [0x00000006c7200000,0x00000006c7216010,0x00000006d1900000)
 Metaspace       used 11700K, capacity 12016K, committed 12032K, reserved 1060864K
  class space    used 1165K, capacity 1272K, committed 1280K, reserved 1048576K
}
Event: 4.240 GC heap before
{Heap before GC invocations=4 (full 0):
 PSYoungGen      total 74752K, used 73768K [0x000000076d100000, 0x0000000776300000, 0x00000007c0000000)
  eden space 64512K, 100% used [0x000000076d100000,0x0000000771000000,0x0000000771000000)
  from space 10240K, 90% used [0x0000000771000000,0x000000077190a050,0x0000000771a00000)
  to   space 10240K, 0% used [0x0000000775900000,0x0000000775900000,0x0000000776300000)
 ParOldGen       total 171008K, used 88K [0x00000006c7200000, 0x00000006d1900000, 0x000000076d100000)
  object space 171008K, 0% used [0x00000006c7200000,0x00000006c7216010,0x00000006d1900000)
 Metaspace       used 11714K, capacity 12026K, committed 12288K, reserved 1060864K
  class space    used 1165K, capacity 1273K, committed 1280K, reserved 1048576K
Event: 4.254 GC heap after
Heap after GC invocations=4 (full 0):
 PSYoungGen      total 139264K, used 10216K [0x000000076d100000, 0x0000000776300000, 0x00000007c0000000)
  eden space 129024K, 0% used [0x000000076d100000,0x000000076d100000,0x0000000774f00000)
  from space 10240K, 99% used [0x0000000775900000,0x00000007762fa040,0x0000000776300000)
  to   space 10240K, 0% used [0x0000000774f00000,0x0000000774f00000,0x0000000775900000)
 ParOldGen       total 171008K, used 1112K [0x00000006c7200000, 0x00000006d1900000, 0x000000076d100000)
  object space 171008K, 0% used [0x00000006c7200000,0x00000006c7316020,0x00000006d1900000)
 Metaspace       used 11714K, capacity 12026K, committed 12288K, reserved 1060864K
  class space    used 1165K, capacity 1273K, committed 1280K, reserved 1048576K
}
Event: 4.586 GC heap before
{Heap before GC invocations=5 (full 0):
 PSYoungGen      total 139264K, used 139240K [0x000000076d100000, 0x0000000776300000, 0x00000007c0000000)
  eden space 129024K, 100% used [0x000000076d100000,0x0000000774f00000,0x0000000774f00000)
  from space 10240K, 99% used [0x0000000775900000,0x00000007762fa040,0x0000000776300000)
  to   space 10240K, 0% used [0x0000000774f00000,0x0000000774f00000,0x0000000775900000)
 ParOldGen       total 171008K, used 1112K [0x00000006c7200000, 0x00000006d1900000, 0x000000076d100000)
  object space 171008K, 0% used [0x00000006c7200000,0x00000006c7316020,0x00000006d1900000)
 Metaspace       used 11720K, capacity 12026K, committed 12288K, reserved 1060864K
  class space    used 1165K, capacity 1273K, committed 1280K, reserved 1048576K
Event: 4.601 GC heap after
Heap after GC invocations=5 (full 0):
 PSYoungGen      total 139264K, used 10216K [0x000000076d100000, 0x000000077ec00000, 0x00000007c0000000)
  eden space 129024K, 0% used [0x000000076d100000,0x000000076d100000,0x0000000774f00000)
  from space 10240K, 99% used [0x0000000774f00000,0x00000007758fa060,0x0000000775900000)
  to   space 15872K, 0% used [0x000000077dc80000,0x000000077dc80000,0x000000077ec00000)
 ParOldGen       total 171008K, used 6484K [0x00000006c7200000, 0x00000006d1900000, 0x000000076d100000)
  object space 171008K, 3% used [0x00000006c7200000,0x00000006c7855070,0x00000006d1900000)
 Metaspace       used 11720K, capacity 12026K, committed 12288K, reserved 1060864K
  class space    used 1165K, capacity 1273K, committed 1280K, reserved 1048576K
}
Event: 5.047 GC heap before
{Heap before GC invocations=6 (full 0):
 PSYoungGen      total 139264K, used 139240K [0x000000076d100000, 0x000000077ec00000, 0x00000007c0000000)
  eden space 129024K, 100% used [0x000000076d100000,0x0000000774f00000,0x0000000774f00000)
  from space 10240K, 99% used [0x0000000774f00000,0x00000007758fa060,0x0000000775900000)
  to   space 15872K, 0% used [0x000000077dc80000,0x000000077dc80000,0x000000077ec00000)
 ParOldGen       total 171008K, used 6484K [0x00000006c7200000, 0x00000006d1900000, 0x000000076d100000)
  object space 171008K, 3% used [0x00000006c7200000,0x00000006c7855070,0x00000006d1900000)
 Metaspace       used 11814K, capacity 12176K, committed 12288K, reserved 1060864K
  class space    used 1172K, capacity 1278K, committed 1280K, reserved 1048576K
Event: 5.079 GC heap after
Heap after GC invocations=6 (full 0):
 PSYoungGen      total 267264K, used 15864K [0x000000076d100000, 0x000000077f900000, 0x00000007c0000000)
  eden space 251392K, 0% used [0x000000076d100000,0x000000076d100000,0x000000077c680000)
  from space 15872K, 99% used [0x000000077dc80000,0x000000077ebfe060,0x000000077ec00000)
  to   space 22528K, 0% used [0x000000077c680000,0x000000077c680000,0x000000077dc80000)
 ParOldGen       total 171008K, used 13748K [0x00000006c7200000, 0x00000006d1900000, 0x000000076d100000)
  object space 171008K, 8% used [0x00000006c7200000,0x00000006c7f6d0d0,0x00000006d1900000)
 Metaspace       used 11814K, capacity 12176K, committed 12288K, reserved 1060864K
  class space    used 1172K, capacity 1278K, committed 1280K, reserved 1048576K
}
Event: 5.588 GC heap before
{Heap before GC invocations=7 (full 0):
 PSYoungGen      total 267264K, used 267256K [0x000000076d100000, 0x000000077f900000, 0x00000007c0000000)
  eden space 251392K, 100% used [0x000000076d100000,0x000000077c680000,0x000000077c680000)
  from space 15872K, 99% used [0x000000077dc80000,0x000000077ebfe060,0x000000077ec00000)
  to   space 22528K, 0% used [0x000000077c680000,0x000000077c680000,0x000000077dc80000)
 ParOldGen       total 171008K, used 13748K [0x00000006c7200000, 0x00000006d1900000, 0x000000076d100000)
  object space 171008K, 8% used [0x00000006c7200000,0x00000006c7f6d0d0,0x00000006d1900000)
 Metaspace       used 11837K, capacity 12240K, committed 12288K, reserved 1060864K
  class space    used 1172K, capacity 1278K, committed 1280K, reserved 1048576K
Event: 5.616 GC heap after
Heap after GC invocations=7 (full 0):
 PSYoungGen      total 273920K, used 22507K [0x000000076d100000, 0x000000078f900000, 0x00000007c0000000)
  eden space 251392K, 0% used [0x000000076d100000,0x000000076d100000,0x000000077c680000)
  from space 22528K, 99% used [0x000000077c680000,0x000000077dc7ae88,0x000000077dc80000)
  to   space 31232K, 0% used [0x000000078da80000,0x000000078da80000,0x000000078f900000)
 ParOldGen       total 171008K, used 23865K [0x00000006c7200000, 0x00000006d1900000, 0x000000076d100000)
  object space 171008K, 13% used [0x00000006c7200000,0x00000006c894e548,0x00000006d1900000)
 Metaspace       used 11837K, capacity 12240K, committed 12288K, reserved 1060864K
  class space    used 1172K, capacity 1278K, committed 1280K, reserved 1048576K
}
Event: 32.586 GC heap before
{Heap before GC invocations=8 (full 0):
 PSYoungGen      total 273920K, used 273899K [0x000000076d100000, 0x000000078f900000, 0x00000007c0000000)
  eden space 251392K, 100% used [0x000000076d100000,0x000000077c680000,0x000000077c680000)
  from space 22528K, 99% used [0x000000077c680000,0x000000077dc7ae88,0x000000077dc80000)
  to   space 31232K, 0% used [0x000000078da80000,0x000000078da80000,0x000000078f900000)
 ParOldGen       total 171008K, used 23865K [0x00000006c7200000, 0x00000006d1900000, 0x000000076d100000)
  object space 171008K, 13% used [0x00000006c7200000,0x00000006c894e548,0x00000006d1900000)
 Metaspace       used 12017K, capacity 12382K, committed 12672K, reserved 1060864K
  class space    used 1178K, capacity 1281K, committed 1408K, reserved 1048576K
Event: 32.603 GC heap after
Heap after GC invocations=8 (full 0):
 PSYoungGen      total 532480K, used 22787K [0x000000076d100000, 0x000000078fc00000, 0x00000007c0000000)
  eden space 501248K, 0% used [0x000000076d100000,0x000000076d100000,0x000000078ba80000)
  from space 31232K, 72% used [0x000000078da80000,0x000000078f0c0ea8,0x000000078f900000)
  to   space 32768K, 0% used [0x000000078ba80000,0x000000078ba80000,0x000000078da80000)
 ParOldGen       total 171008K, used 24913K [0x00000006c7200000, 0x00000006d1900000, 0x000000076d100000)
  object space 171008K, 14% used [0x00000006c7200000,0x00000006c8a54548,0x00000006d1900000)
 Metaspace       used 12017K, capacity 12382K, committed 12672K, reserved 1060864K
  class space    used 1178K, capacity 1281K, committed 1408K, reserved 1048576K
}
Event: 38.326 GC heap before
{Heap before GC invocations=9 (full 0):
 PSYoungGen      total 532480K, used 524035K [0x000000076d100000, 0x000000078fc00000, 0x00000007c0000000)
  eden space 501248K, 100% used [0x000000076d100000,0x000000078ba80000,0x000000078ba80000)
  from space 31232K, 72% used [0x000000078da80000,0x000000078f0c0ea8,0x000000078f900000)
  to   space 32768K, 0% used [0x000000078ba80000,0x000000078ba80000,0x000000078da80000)
 ParOldGen       total 171008K, used 24913K [0x00000006c7200000, 0x00000006d1900000, 0x000000076d100000)
  object space 171008K, 14% used [0x00000006c7200000,0x00000006c8a54548,0x00000006d1900000)
 Metaspace       used 12074K, capacity 12450K, committed 12672K, reserved 1060864K
  class space    used 1178K, capacity 1281K, committed 1408K, reserved 1048576K

