# JRE version: OpenJDK Runtime Environment (8.0_191-b12) (build 1.8.0_191-b12)
# Java VM: OpenJDK 64-Bit Server VM (25.191-b12 mixed mode linux-amd64 compressed oops)
Heap:
 PSYoungGen      total 525824K, used 46587K [0x000000076d100000, 0x0000000790600000, 0x00000007c0000000)
  eden space 479232K, 0% used [0x000000076d100000,0x000000076d100000,0x000000078a500000)
  from space 46592K, 99% used [0x000000078a500000,0x000000078d27edf0,0x000000078d280000)
  to   space 40448K, 0% used [0x000000078d280000,0x000000078d280000,0x000000078fa00000)
 ParOldGen       total 171008K, used 49068K [0x00000006c7200000, 0x00000006d1900000, 0x000000076d100000)
  object space 171008K, 28% used [0x00000006c7200000,0x00000006ca1eb3b0,0x00000006d1900000)
 Metaspace       used 12069K, capacity 12452K, committed 12672K, reserved 1060864K
  class space    used 1178K, capacity 1282K, committed 1408K, reserved 1048576K
GC Heap History (17 events):
Event: 2.294 GC heap before
{Heap before GC invocations=1 (full 0):
 PSYoungGen      total 74752K, used 64512K [0x000000076d100000, 0x0000000772400000, 0x00000007c0000000)
  eden space 64512K, 100% used [0x000000076d100000,0x0000000771000000,0x0000000771000000)
  from space 10240K, 0% used [0x0000000771a00000,0x0000000771a00000,0x0000000772400000)
  to   space 10240K, 0% used [0x0000000771000000,0x0000000771000000,0x0000000771a00000)
 ParOldGen       total 171008K, used 0K [0x00000006c7200000, 0x00000006d1900000, 0x000000076d100000)
  object space 171008K, 0% used [0x00000006c7200000,0x00000006c7200000,0x00000006d1900000)
 Metaspace       used 11433K, capacity 11764K, committed 12032K, reserved 1060864K
  class space    used 1146K, capacity 1258K, committed 1280K, reserved 1048576K
Event: 2.301 GC heap after
Heap after GC invocations=1 (full 0):
 PSYoungGen      total 74752K, used 7299K [0x000000076d100000, 0x0000000772400000, 0x00000007c0000000)
  eden space 64512K, 0% used [0x000000076d100000,0x000000076d100000,0x0000000771000000)
  from space 10240K, 71% used [0x0000000771000000,0x0000000771720c08,0x0000000771a00000)
  to   space 10240K, 0% used [0x0000000771a00000,0x0000000771a00000,0x0000000772400000)
 ParOldGen       total 171008K, used 80K [0x00000006c7200000, 0x00000006d1900000, 0x000000076d100000)
  object space 171008K, 0% used [0x00000006c7200000,0x00000006c7214010,0x00000006d1900000)
 Metaspace       used 11433K, capacity 11764K, committed 12032K, reserved 1060864K
  class space    used 1146K, capacity 1258K, committed 1280K, reserved 1048576K
}
Event: 2.430 GC heap before
{Heap before GC invocations=2 (full 0):
 PSYoungGen      total 74752K, used 71811K [0x000000076d100000, 0x0000000772400000, 0x00000007c0000000)
  eden space 64512K, 100% used [0x000000076d100000,0x0000000771000000,0x0000000771000000)
  from space 10240K, 71% used [0x0000000771000000,0x0000000771720c08,0x0000000771a00000)
  to   space 10240K, 0% used [0x0000000771a00000,0x0000000771a00000,0x0000000772400000)
 ParOldGen       total 171008K, used 80K [0x00000006c7200000, 0x00000006d1900000, 0x000000076d100000)
  object space 171008K, 0% used [0x00000006c7200000,0x00000006c7214010,0x00000006d1900000)
 Metaspace       used 11487K, capacity 11840K, committed 12032K, reserved 1060864K
  class space    used 1147K, capacity 1258K, committed 1280K, reserved 1048576K
Event: 2.436 GC heap after
Heap after GC invocations=2 (full 0):
 PSYoungGen      total 74752K, used 8195K [0x000000076d100000, 0x0000000776300000, 0x00000007c0000000)
  eden space 64512K, 0% used [0x000000076d100000,0x000000076d100000,0x0000000771000000)
  from space 10240K, 80% used [0x0000000771a00000,0x0000000772200c90,0x0000000772400000)
  to   space 10240K, 0% used [0x0000000771000000,0x0000000771000000,0x0000000771a00000)
 ParOldGen       total 171008K, used 88K [0x00000006c7200000, 0x00000006d1900000, 0x000000076d100000)
  object space 171008K, 0% used [0x00000006c7200000,0x00000006c7216010,0x00000006d1900000)
 Metaspace       used 11487K, capacity 11840K, committed 12032K, reserved 1060864K
  class space    used 1147K, capacity 1258K, committed 1280K, reserved 1048576K
}
Event: 2.806 GC heap before
{Heap before GC invocations=3 (full 0):
 PSYoungGen      total 74752K, used 72707K [0x000000076d100000, 0x0000000776300000, 0x00000007c0000000)
  eden space 64512K, 100% used [0x000000076d100000,0x0000000771000000,0x0000000771000000)
  from space 10240K, 80% used [0x0000000771a00000,0x0000000772200c90,0x0000000772400000)
  to   space 10240K, 0% used [0x0000000771000000,0x0000000771000000,0x0000000771a00000)
 ParOldGen       total 171008K, used 88K [0x00000006c7200000, 0x00000006d1900000, 0x000000076d100000)
  object space 171008K, 0% used [0x00000006c7200000,0x00000006c7216010,0x00000006d1900000)
 Metaspace       used 11665K, capacity 12008K, committed 12032K, reserved 1060864K
  class space    used 1164K, capacity 1272K, committed 1280K, reserved 1048576K
Event: 2.817 GC heap after
Heap after GC invocations=3 (full 0):
 PSYoungGen      total 74752K, used 9240K [0x000000076d100000, 0x0000000776300000, 0x00000007c0000000)
  eden space 64512K, 0% used [0x000000076d100000,0x000000076d100000,0x0000000771000000)
  from space 10240K, 90% used [0x0000000771000000,0x0000000771906080,0x0000000771a00000)
  to   space 10240K, 0% used [0x0000000775900000,0x0000000775900000,0x0000000776300000)
 ParOldGen       total 171008K, used 96K [0x00000006c7200000, 0x00000006d1900000, 0x000000076d100000)
  object space 171008K, 0% used [0x00000006c7200000,0x00000006c7218010,0x00000006d1900000)
 Metaspace       used 11665K, capacity 12008K, committed 12032K, reserved 1060864K
  class space    used 1164K, capacity 1272K, committed 1280K, reserved 1048576K
}
Event: 3.157 GC heap before
{Heap before GC invocations=4 (full 0):
 PSYoungGen      total 74752K, used 73752K [0x000000076d100000, 0x0000000776300000, 0x00000007c0000000)
  eden space 64512K, 100% used [0x000000076d100000,0x0000000771000000,0x0000000771000000)
  from space 10240K, 90% used [0x0000000771000000,0x0000000771906080,0x0000000771a00000)
  to   space 10240K, 0% used [0x0000000775900000,0x0000000775900000,0x0000000776300000)
 ParOldGen       total 171008K, used 96K [0x00000006c7200000, 0x00000006d1900000, 0x000000076d100000)
  object space 171008K, 0% used [0x00000006c7200000,0x00000006c7218010,0x00000006d1900000)
 Metaspace       used 11681K, capacity 12026K, committed 12288K, reserved 1060864K
  class space    used 1165K, capacity 1273K, committed 1280K, reserved 1048576K
Event: 3.171 GC heap after
Heap after GC invocations=4 (full 0):
 PSYoungGen      total 139264K, used 10232K [0x000000076d100000, 0x0000000776300000, 0x00000007c0000000)
  eden space 129024K, 0% used [0x000000076d100000,0x000000076d100000,0x0000000774f00000)
  from space 10240K, 99% used [0x0000000775900000,0x00000007762fe050,0x0000000776300000)
  to   space 10240K, 0% used [0x0000000774f00000,0x0000000774f00000,0x0000000775900000)
 ParOldGen       total 171008K, used 1056K [0x00000006c7200000, 0x00000006d1900000, 0x000000076d100000)
  object space 171008K, 0% used [0x00000006c7200000,0x00000006c7308020,0x00000006d1900000)
 Metaspace       used 11681K, capacity 12026K, committed 12288K, reserved 1060864K
  class space    used 1165K, capacity 1273K, committed 1280K, reserved 1048576K
}
Event: 4.041 GC heap before
{Heap before GC invocations=5 (full 0):
 PSYoungGen      total 139264K, used 139256K [0x000000076d100000, 0x0000000776300000, 0x00000007c0000000)
  eden space 129024K, 100% used [0x000000076d100000,0x0000000774f00000,0x0000000774f00000)
  from space 10240K, 99% used [0x0000000775900000,0x00000007762fe050,0x0000000776300000)
  to   space 10240K, 0% used [0x0000000774f00000,0x0000000774f00000,0x0000000775900000)
 ParOldGen       total 171008K, used 1056K [0x00000006c7200000, 0x00000006d1900000, 0x000000076d100000)
  object space 171008K, 0% used [0x00000006c7200000,0x00000006c7308020,0x00000006d1900000)
 Metaspace       used 11687K, capacity 12026K, committed 12288K, reserved 1060864K
  class space    used 1165K, capacity 1273K, committed 1280K, reserved 1048576K
Event: 4.059 GC heap after
Heap after GC invocations=5 (full 0):
 PSYoungGen      total 139264K, used 10216K [0x000000076d100000, 0x000000077ea00000, 0x00000007c0000000)
  eden space 129024K, 0% used [0x000000076d100000,0x000000076d100000,0x0000000774f00000)
  from space 10240K, 99% used [0x0000000774f00000,0x00000007758fa060,0x0000000775900000)
  to   space 14848K, 0% used [0x000000077db80000,0x000000077db80000,0x000000077ea00000)
 ParOldGen       total 171008K, used 4792K [0x00000006c7200000, 0x00000006d1900000, 0x000000076d100000)
  object space 171008K, 2% used [0x00000006c7200000,0x00000006c76ae070,0x00000006d1900000)
 Metaspace       used 11687K, capacity 12026K, committed 12288K, reserved 1060864K
  class space    used 1165K, capacity 1273K, committed 1280K, reserved 1048576K
}
Event: 4.978 GC heap before
{Heap before GC invocations=6 (full 0):
 PSYoungGen      total 139264K, used 139240K [0x000000076d100000, 0x000000077ea00000, 0x00000007c0000000)
  eden space 129024K, 100% used [0x000000076d100000,0x0000000774f00000,0x0000000774f00000)
  from space 10240K, 99% used [0x0000000774f00000,0x00000007758fa060,0x0000000775900000)
  to   space 14848K, 0% used [0x000000077db80000,0x000000077db80000,0x000000077ea00000)
 ParOldGen       total 171008K, used 4792K [0x00000006c7200000, 0x00000006d1900000, 0x000000076d100000)
  object space 171008K, 2% used [0x00000006c7200000,0x00000006c76ae070,0x00000006d1900000)
 Metaspace       used 11784K, capacity 12178K, committed 12288K, reserved 1060864K
  class space    used 1172K, capacity 1279K, committed 1280K, reserved 1048576K
Event: 5.021 GC heap after
Heap after GC invocations=6 (full 0):
 PSYoungGen      total 257536K, used 14840K [0x000000076d100000, 0x0000000780800000, 0x00000007c0000000)
  eden space 242688K, 0% used [0x000000076d100000,0x000000076d100000,0x000000077be00000)
  from space 14848K, 99% used [0x000000077db80000,0x000000077e9fe080,0x000000077ea00000)
  to   space 30208K, 0% used [0x000000077be00000,0x000000077be00000,0x000000077db80000)
 ParOldGen       total 171008K, used 28612K [0x00000006c7200000, 0x00000006d1900000, 0x000000076d100000)
  object space 171008K, 16% used [0x00000006c7200000,0x00000006c8df1140,0x00000006d1900000)
 Metaspace       used 11784K, capacity 12178K, committed 12288K, reserved 1060864K
  class space    used 1172K, capacity 1279K, committed 1280K, reserved 1048576K
}
Event: 5.533 GC heap before
{Heap before GC invocations=7 (full 0):
 PSYoungGen      total 257536K, used 257528K [0x000000076d100000, 0x0000000780800000, 0x00000007c0000000)
  eden space 242688K, 100% used [0x000000076d100000,0x000000077be00000,0x000000077be00000)
  from space 14848K, 99% used [0x000000077db80000,0x000000077e9fe080,0x000000077ea00000)
  to   space 30208K, 0% used [0x000000077be00000,0x000000077be00000,0x000000077db80000)
 ParOldGen       total 171008K, used 28612K [0x00000006c7200000, 0x00000006d1900000, 0x000000076d100000)
  object space 171008K, 16% used [0x00000006c7200000,0x00000006c8df1140,0x00000006d1900000)
 Metaspace       used 11826K, capacity 12242K, committed 12288K, reserved 1060864K
  class space    used 1173K, capacity 1279K, committed 1280K, reserved 1048576K
Event: 5.568 GC heap after
Heap after GC invocations=7 (full 0):
 PSYoungGen      total 272896K, used 30187K [0x000000076d100000, 0x000000078fa00000, 0x00000007c0000000)
  eden space 242688K, 0% used [0x000000076d100000,0x000000076d100000,0x000000077be00000)
  from space 30208K, 99% used [0x000000077be00000,0x000000077db7ad90,0x000000077db80000)
  to   space 40448K, 0% used [0x000000078d280000,0x000000078d280000,0x000000078fa00000)
 ParOldGen       total 171008K, used 37192K [0x00000006c7200000, 0x00000006d1900000, 0x000000076d100000)
  object space 171008K, 21% used [0x00000006c7200000,0x00000006c9652310,0x00000006d1900000)
 Metaspace       used 11826K, capacity 12242K, committed 12288K, reserved 1060864K
  class space    used 1173K, capacity 1279K, committed 1280K, reserved 1048576K
}
Event: 19.868 GC heap before
{Heap before GC invocations=8 (full 0):
 PSYoungGen      total 272896K, used 272875K [0x000000076d100000, 0x000000078fa00000, 0x00000007c0000000)
  eden space 242688K, 100% used [0x000000076d100000,0x000000077be00000,0x000000077be00000)
  from space 30208K, 99% used [0x000000077be00000,0x000000077db7ad90,0x000000077db80000)
  to   space 40448K, 0% used [0x000000078d280000,0x000000078d280000,0x000000078fa00000)
 ParOldGen       total 171008K, used 37192K [0x00000006c7200000, 0x00000006d1900000, 0x000000076d100000)
  object space 171008K, 21% used [0x00000006c7200000,0x00000006c9652310,0x00000006d1900000)
 Metaspace       used 12017K, capacity 12384K, committed 12672K, reserved 1060864K
  class space    used 1178K, capacity 1282K, committed 1408K, reserved 1048576K
Event: 19.903 GC heap after
Heap after GC invocations=8 (full 0):
 PSYoungGen      total 519680K, used 38467K [0x000000076d100000, 0x0000000790600000, 0x00000007c0000000)
  eden space 479232K, 0% used [0x000000076d100000,0x000000076d100000,0x000000078a500000)
  from space 40448K, 95% used [0x000000078d280000,0x000000078f810dd0,0x000000078fa00000)
  to   space 46592K, 0% used [0x000000078a500000,0x000000078a500000,0x000000078d280000)
 ParOldGen       total 171008K, used 38296K [0x00000006c7200000, 0x00000006d1900000, 0x000000076d100000)
  object space 171008K, 22% used [0x00000006c7200000,0x00000006c9766310,0x00000006d1900000)
 Metaspace       used 12017K, capacity 12384K, committed 12672K, reserved 1060864K
  class space    used 1178K, capacity 1282K, committed 1408K, reserved 1048576K
}
Event: 62.234 GC heap before
{Heap before GC invocations=9 (full 0):
 PSYoungGen      total 519680K, used 517699K [0x000000076d100000, 0x0000000790600000, 0x00000007c0000000)
  eden space 479232K, 100% used [0x000000076d100000,0x000000078a500000,0x000000078a500000)
  from space 40448K, 95% used [0x000000078d280000,0x000000078f810dd0,0x000000078fa00000)
  to   space 46592K, 0% used [0x000000078a500000,0x000000078a500000,0x000000078d280000)
 ParOldGen       total 171008K, used 38296K [0x00000006c7200000, 0x00000006d1900000, 0x000000076d100000)
  object space 171008K, 22% used [0x00000006c7200000,0x00000006c9766310,0x00000006d1900000)
 Metaspace       used 12069K, capacity 12452K, committed 12672K, reserved 1060864K
  class space    used 1178K, capacity 1282K, committed 1408K, reserved 1048576K

