# JRE version: OpenJDK Runtime Environment (8.0_191-b12) (build 1.8.0_191-b12)
# Java VM: OpenJDK 64-Bit Server VM (25.191-b12 mixed mode linux-amd64 compressed oops)
Heap:
 PSYoungGen      total 526848K, used 45035K [0x000000076d100000, 0x0000000790500000, 0x00000007c0000000)
  eden space 481792K, 0% used [0x000000076d100000,0x000000076d100000,0x000000078a780000)
  from space 45056K, 99% used [0x000000078a780000,0x000000078d37ade0,0x000000078d380000)
  to   space 39424K, 0% used [0x000000078d380000,0x000000078d380000,0x000000078fa00000)
 ParOldGen       total 171008K, used 48129K [0x00000006c7200000, 0x00000006d1900000, 0x000000076d100000)
  object space 171008K, 28% used [0x00000006c7200000,0x00000006ca100578,0x00000006d1900000)
 Metaspace       used 12079K, capacity 12448K, committed 12672K, reserved 1060864K
  class space    used 1179K, capacity 1282K, committed 1408K, reserved 1048576K
GC Heap History (17 events):
Event: 4.222 GC heap before
{Heap before GC invocations=1 (full 0):
 PSYoungGen      total 74752K, used 64512K [0x000000076d100000, 0x0000000772400000, 0x00000007c0000000)
  eden space 64512K, 100% used [0x000000076d100000,0x0000000771000000,0x0000000771000000)
  from space 10240K, 0% used [0x0000000771a00000,0x0000000771a00000,0x0000000772400000)
  to   space 10240K, 0% used [0x0000000771000000,0x0000000771000000,0x0000000771a00000)
 ParOldGen       total 171008K, used 0K [0x00000006c7200000, 0x00000006d1900000, 0x000000076d100000)
  object space 171008K, 0% used [0x00000006c7200000,0x00000006c7200000,0x00000006d1900000)
 Metaspace       used 11448K, capacity 11760K, committed 12032K, reserved 1060864K
  class space    used 1146K, capacity 1258K, committed 1280K, reserved 1048576K
Event: 4.230 GC heap after
Heap after GC invocations=1 (full 0):
 PSYoungGen      total 74752K, used 7235K [0x000000076d100000, 0x0000000772400000, 0x00000007c0000000)
  eden space 64512K, 0% used [0x000000076d100000,0x000000076d100000,0x0000000771000000)
  from space 10240K, 70% used [0x0000000771000000,0x0000000771710c08,0x0000000771a00000)
  to   space 10240K, 0% used [0x0000000771a00000,0x0000000771a00000,0x0000000772400000)
 ParOldGen       total 171008K, used 80K [0x00000006c7200000, 0x00000006d1900000, 0x000000076d100000)
  object space 171008K, 0% used [0x00000006c7200000,0x00000006c7214010,0x00000006d1900000)
 Metaspace       used 11448K, capacity 11760K, committed 12032K, reserved 1060864K
  class space    used 1146K, capacity 1258K, committed 1280K, reserved 1048576K
}
Event: 4.372 GC heap before
{Heap before GC invocations=2 (full 0):
 PSYoungGen      total 74752K, used 71747K [0x000000076d100000, 0x0000000772400000, 0x00000007c0000000)
  eden space 64512K, 100% used [0x000000076d100000,0x0000000771000000,0x0000000771000000)
  from space 10240K, 70% used [0x0000000771000000,0x0000000771710c08,0x0000000771a00000)
  to   space 10240K, 0% used [0x0000000771a00000,0x0000000771a00000,0x0000000772400000)
 ParOldGen       total 171008K, used 80K [0x00000006c7200000, 0x00000006d1900000, 0x000000076d100000)
  object space 171008K, 0% used [0x00000006c7200000,0x00000006c7214010,0x00000006d1900000)
 Metaspace       used 11503K, capacity 11836K, committed 12032K, reserved 1060864K
  class space    used 1147K, capacity 1258K, committed 1280K, reserved 1048576K
Event: 4.378 GC heap after
Heap after GC invocations=2 (full 0):
 PSYoungGen      total 74752K, used 8323K [0x000000076d100000, 0x0000000776300000, 0x00000007c0000000)
  eden space 64512K, 0% used [0x000000076d100000,0x000000076d100000,0x0000000771000000)
  from space 10240K, 81% used [0x0000000771a00000,0x0000000772220c90,0x0000000772400000)
  to   space 10240K, 0% used [0x0000000771000000,0x0000000771000000,0x0000000771a00000)
 ParOldGen       total 171008K, used 88K [0x00000006c7200000, 0x00000006d1900000, 0x000000076d100000)
  object space 171008K, 0% used [0x00000006c7200000,0x00000006c7216010,0x00000006d1900000)
 Metaspace       used 11503K, capacity 11836K, committed 12032K, reserved 1060864K
  class space    used 1147K, capacity 1258K, committed 1280K, reserved 1048576K
}
Event: 5.102 GC heap before
{Heap before GC invocations=3 (full 0):
 PSYoungGen      total 74752K, used 72835K [0x000000076d100000, 0x0000000776300000, 0x00000007c0000000)
  eden space 64512K, 100% used [0x000000076d100000,0x0000000771000000,0x0000000771000000)
  from space 10240K, 81% used [0x0000000771a00000,0x0000000772220c90,0x0000000772400000)
  to   space 10240K, 0% used [0x0000000771000000,0x0000000771000000,0x0000000771a00000)
 ParOldGen       total 171008K, used 88K [0x00000006c7200000, 0x00000006d1900000, 0x000000076d100000)
  object space 171008K, 0% used [0x00000006c7200000,0x00000006c7216010,0x00000006d1900000)
 Metaspace       used 11674K, capacity 12004K, committed 12032K, reserved 1060864K
  class space    used 1165K, capacity 1272K, committed 1280K, reserved 1048576K
Event: 5.108 GC heap after
Heap after GC invocations=3 (full 0):
 PSYoungGen      total 74752K, used 9304K [0x000000076d100000, 0x0000000776300000, 0x00000007c0000000)
  eden space 64512K, 0% used [0x000000076d100000,0x000000076d100000,0x0000000771000000)
  from space 10240K, 90% used [0x0000000771000000,0x0000000771916060,0x0000000771a00000)
  to   space 10240K, 0% used [0x0000000775900000,0x0000000775900000,0x0000000776300000)
 ParOldGen       total 171008K, used 96K [0x00000006c7200000, 0x00000006d1900000, 0x000000076d100000)
  object space 171008K, 0% used [0x00000006c7200000,0x00000006c7218010,0x00000006d1900000)
 Metaspace       used 11674K, capacity 12004K, committed 12032K, reserved 1060864K
  class space    used 1165K, capacity 1272K, committed 1280K, reserved 1048576K
}
Event: 5.492 GC heap before
{Heap before GC invocations=4 (full 0):
 PSYoungGen      total 74752K, used 73816K [0x000000076d100000, 0x0000000776300000, 0x00000007c0000000)
  eden space 64512K, 100% used [0x000000076d100000,0x0000000771000000,0x0000000771000000)
  from space 10240K, 90% used [0x0000000771000000,0x0000000771916060,0x0000000771a00000)
  to   space 10240K, 0% used [0x0000000775900000,0x0000000775900000,0x0000000776300000)
 ParOldGen       total 171008K, used 96K [0x00000006c7200000, 0x00000006d1900000, 0x000000076d100000)
  object space 171008K, 0% used [0x00000006c7200000,0x00000006c7218010,0x00000006d1900000)
 Metaspace       used 11690K, capacity 12022K, committed 12032K, reserved 1060864K
  class space    used 1165K, capacity 1273K, committed 1280K, reserved 1048576K
Event: 5.501 GC heap after
Heap after GC invocations=4 (full 0):
 PSYoungGen      total 139264K, used 10216K [0x000000076d100000, 0x0000000776300000, 0x00000007c0000000)
  eden space 129024K, 0% used [0x000000076d100000,0x000000076d100000,0x0000000774f00000)
  from space 10240K, 99% used [0x0000000775900000,0x00000007762fa040,0x0000000776300000)
  to   space 10240K, 0% used [0x0000000774f00000,0x0000000774f00000,0x0000000775900000)
 ParOldGen       total 171008K, used 1120K [0x00000006c7200000, 0x00000006d1900000, 0x000000076d100000)
  object space 171008K, 0% used [0x00000006c7200000,0x00000006c7318020,0x00000006d1900000)
 Metaspace       used 11690K, capacity 12022K, committed 12032K, reserved 1060864K
  class space    used 1165K, capacity 1273K, committed 1280K, reserved 1048576K
}
Event: 7.113 GC heap before
{Heap before GC invocations=5 (full 0):
 PSYoungGen      total 139264K, used 139240K [0x000000076d100000, 0x0000000776300000, 0x00000007c0000000)
  eden space 129024K, 100% used [0x000000076d100000,0x0000000774f00000,0x0000000774f00000)
  from space 10240K, 99% used [0x0000000775900000,0x00000007762fa040,0x0000000776300000)
  to   space 10240K, 0% used [0x0000000774f00000,0x0000000774f00000,0x0000000775900000)
 ParOldGen       total 171008K, used 1120K [0x00000006c7200000, 0x00000006d1900000, 0x000000076d100000)
  object space 171008K, 0% used [0x00000006c7200000,0x00000006c7318020,0x00000006d1900000)
 Metaspace       used 11701K, capacity 12022K, committed 12032K, reserved 1060864K
  class space    used 1165K, capacity 1273K, committed 1280K, reserved 1048576K
Event: 7.128 GC heap after
Heap after GC invocations=5 (full 0):
 PSYoungGen      total 139264K, used 10216K [0x000000076d100000, 0x000000077ea00000, 0x00000007c0000000)
  eden space 129024K, 0% used [0x000000076d100000,0x000000076d100000,0x0000000774f00000)
  from space 10240K, 99% used [0x0000000774f00000,0x00000007758fa050,0x0000000775900000)
  to   space 14848K, 0% used [0x000000077db80000,0x000000077db80000,0x000000077ea00000)
 ParOldGen       total 171008K, used 4776K [0x00000006c7200000, 0x00000006d1900000, 0x000000076d100000)
  object space 171008K, 2% used [0x00000006c7200000,0x00000006c76aa050,0x00000006d1900000)
 Metaspace       used 11701K, capacity 12022K, committed 12032K, reserved 1060864K
  class space    used 1165K, capacity 1273K, committed 1280K, reserved 1048576K
}
Event: 8.216 GC heap before
{Heap before GC invocations=6 (full 0):
 PSYoungGen      total 139264K, used 139240K [0x000000076d100000, 0x000000077ea00000, 0x00000007c0000000)
  eden space 129024K, 100% used [0x000000076d100000,0x0000000774f00000,0x0000000774f00000)
  from space 10240K, 99% used [0x0000000774f00000,0x00000007758fa050,0x0000000775900000)
  to   space 14848K, 0% used [0x000000077db80000,0x000000077db80000,0x000000077ea00000)
 ParOldGen       total 171008K, used 4776K [0x00000006c7200000, 0x00000006d1900000, 0x000000076d100000)
  object space 171008K, 2% used [0x00000006c7200000,0x00000006c76aa050,0x00000006d1900000)
 Metaspace       used 11798K, capacity 12174K, committed 12288K, reserved 1060864K
  class space    used 1173K, capacity 1279K, committed 1280K, reserved 1048576K
Event: 8.257 GC heap after
Heap after GC invocations=6 (full 0):
 PSYoungGen      total 258560K, used 14824K [0x000000076d100000, 0x0000000780600000, 0x00000007c0000000)
  eden space 243712K, 0% used [0x000000076d100000,0x000000076d100000,0x000000077bf00000)
  from space 14848K, 99% used [0x000000077db80000,0x000000077e9fa050,0x000000077ea00000)
  to   space 29184K, 0% used [0x000000077bf00000,0x000000077bf00000,0x000000077db80000)
 ParOldGen       total 171008K, used 27020K [0x00000006c7200000, 0x00000006d1900000, 0x000000076d100000)
  object space 171008K, 15% used [0x00000006c7200000,0x00000006c8c63100,0x00000006d1900000)
 Metaspace       used 11798K, capacity 12174K, committed 12288K, reserved 1060864K
  class space    used 1173K, capacity 1279K, committed 1280K, reserved 1048576K
}
Event: 8.815 GC heap before
{Heap before GC invocations=7 (full 0):
 PSYoungGen      total 258560K, used 258536K [0x000000076d100000, 0x0000000780600000, 0x00000007c0000000)
  eden space 243712K, 100% used [0x000000076d100000,0x000000077bf00000,0x000000077bf00000)
  from space 14848K, 99% used [0x000000077db80000,0x000000077e9fa050,0x000000077ea00000)
  to   space 29184K, 0% used [0x000000077bf00000,0x000000077bf00000,0x000000077db80000)
 ParOldGen       total 171008K, used 27020K [0x00000006c7200000, 0x00000006d1900000, 0x000000076d100000)
  object space 171008K, 15% used [0x00000006c7200000,0x00000006c8c63100,0x00000006d1900000)
 Metaspace       used 11836K, capacity 12238K, committed 12288K, reserved 1060864K
  class space    used 1174K, capacity 1279K, committed 1280K, reserved 1048576K
Event: 8.872 GC heap after
Heap after GC invocations=7 (full 0):
 PSYoungGen      total 272896K, used 29163K [0x000000076d100000, 0x000000078fa00000, 0x00000007c0000000)
  eden space 243712K, 0% used [0x000000076d100000,0x000000076d100000,0x000000077bf00000)
  from space 29184K, 99% used [0x000000077bf00000,0x000000077db7ad90,0x000000077db80000)
  to   space 39424K, 0% used [0x000000078d380000,0x000000078d380000,0x000000078fa00000)
 ParOldGen       total 171008K, used 36245K [0x00000006c7200000, 0x00000006d1900000, 0x000000076d100000)
  object space 171008K, 21% used [0x00000006c7200000,0x00000006c95654e8,0x00000006d1900000)
 Metaspace       used 11836K, capacity 12238K, committed 12288K, reserved 1060864K
  class space    used 1174K, capacity 1279K, committed 1280K, reserved 1048576K
}
Event: 25.138 GC heap before
{Heap before GC invocations=8 (full 0):
 PSYoungGen      total 272896K, used 272875K [0x000000076d100000, 0x000000078fa00000, 0x00000007c0000000)
  eden space 243712K, 100% used [0x000000076d100000,0x000000077bf00000,0x000000077bf00000)
  from space 29184K, 99% used [0x000000077bf00000,0x000000077db7ad90,0x000000077db80000)
  to   space 39424K, 0% used [0x000000078d380000,0x000000078d380000,0x000000078fa00000)
 ParOldGen       total 171008K, used 36245K [0x00000006c7200000, 0x00000006d1900000, 0x000000076d100000)
  object space 171008K, 21% used [0x00000006c7200000,0x00000006c95654e8,0x00000006d1900000)
 Metaspace       used 12027K, capacity 12444K, committed 12672K, reserved 1060864K
  class space    used 1179K, capacity 1282K, committed 1408K, reserved 1048576K
Event: 25.173 GC heap after
Heap after GC invocations=8 (full 0):
 PSYoungGen      total 521216K, used 37027K [0x000000076d100000, 0x0000000790500000, 0x00000007c0000000)
  eden space 481792K, 0% used [0x000000076d100000,0x000000076d100000,0x000000078a780000)
  from space 39424K, 93% used [0x000000078d380000,0x000000078f7a8dd0,0x000000078fa00000)
  to   space 45056K, 0% used [0x000000078a780000,0x000000078a780000,0x000000078d380000)
 ParOldGen       total 171008K, used 37293K [0x00000006c7200000, 0x00000006d1900000, 0x000000076d100000)
  object space 171008K, 21% used [0x00000006c7200000,0x00000006c966b4e8,0x00000006d1900000)
 Metaspace       used 12027K, capacity 12444K, committed 12672K, reserved 1060864K
  class space    used 1179K, capacity 1282K, committed 1408K, reserved 1048576K
}
Event: 42.297 GC heap before
{Heap before GC invocations=9 (full 0):
 PSYoungGen      total 521216K, used 518819K [0x000000076d100000, 0x0000000790500000, 0x00000007c0000000)
  eden space 481792K, 100% used [0x000000076d100000,0x000000078a780000,0x000000078a780000)
  from space 39424K, 93% used [0x000000078d380000,0x000000078f7a8dd0,0x000000078fa00000)
  to   space 45056K, 0% used [0x000000078a780000,0x000000078a780000,0x000000078d380000)
 ParOldGen       total 171008K, used 37293K [0x00000006c7200000, 0x00000006d1900000, 0x000000076d100000)
  object space 171008K, 21% used [0x00000006c7200000,0x00000006c966b4e8,0x00000006d1900000)
 Metaspace       used 12079K, capacity 12448K, committed 12672K, reserved 1060864K
  class space    used 1179K, capacity 1282K, committed 1408K, reserved 1048576K

