# JRE version: OpenJDK Runtime Environment (8.0_191-b12) (build 1.8.0_191-b12)
# Java VM: OpenJDK 64-Bit Server VM (25.191-b12 mixed mode linux-amd64 compressed oops)
Heap:
 PSYoungGen      total 724992K, used 280064K [0x000000076d100000, 0x00000007b5580000, 0x00000007c0000000)
  eden space 280064K, 100% used [0x000000076d100000,0x000000077e280000,0x000000077e280000)
  from space 444928K, 0% used [0x000000079a300000,0x000000079a300000,0x00000007b5580000)
  to   space 452096K, 0% used [0x000000077e280000,0x000000077e280000,0x0000000799c00000)
 ParOldGen       total 2718720K, used 2718691K [0x00000006c7200000, 0x000000076d100000, 0x000000076d100000)
  object space 2718720K, 99% used [0x00000006c7200000,0x000000076d0f8c10,0x000000076d100000)
 Metaspace       used 59209K, capacity 59798K, committed 60584K, reserved 1101824K
  class space    used 7827K, capacity 8002K, committed 8112K, reserved 1048576K
GC Heap History (250 events):
Event: 32374.467 GC heap after
Heap after GC invocations=2004 (full 1916):
 PSYoungGen      total 724992K, used 280063K [0x000000076d100000, 0x00000007b5580000, 0x00000007c0000000)
  eden space 280064K, 99% used [0x000000076d100000,0x000000077e27ffd8,0x000000077e280000)
  from space 444928K, 0% used [0x000000079a300000,0x000000079a300000,0x00000007b5580000)
  to   space 452096K, 0% used [0x000000077e280000,0x000000077e280000,0x0000000799c00000)
 ParOldGen       total 2718720K, used 2718680K [0x00000006c7200000, 0x000000076d100000, 0x000000076d100000)
  object space 2718720K, 99% used [0x00000006c7200000,0x000000076d0f60b8,0x000000076d100000)
 Metaspace       used 59202K, capacity 59766K, committed 60584K, reserved 1101824K
  class space    used 7826K, capacity 7970K, committed 8112K, reserved 1048576K
}
Event: 32374.468 GC heap before
{Heap before GC invocations=2005 (full 1917):
 PSYoungGen      total 724992K, used 280064K [0x000000076d100000, 0x00000007b5580000, 0x00000007c0000000)
  eden space 280064K, 100% used [0x000000076d100000,0x000000077e280000,0x000000077e280000)
  from space 444928K, 0% used [0x000000079a300000,0x000000079a300000,0x00000007b5580000)
  to   space 452096K, 0% used [0x000000077e280000,0x000000077e280000,0x0000000799c00000)
 ParOldGen       total 2718720K, used 2718685K [0x00000006c7200000, 0x000000076d100000, 0x000000076d100000)
  object space 2718720K, 99% used [0x00000006c7200000,0x000000076d0f74f8,0x000000076d100000)
 Metaspace       used 59202K, capacity 59766K, committed 60584K, reserved 1101824K
  class space    used 7826K, capacity 7970K, committed 8112K, reserved 1048576K
Event: 32377.962 GC heap after
Heap after GC invocations=2005 (full 1917):
 PSYoungGen      total 724992K, used 280063K [0x000000076d100000, 0x00000007b5580000, 0x00000007c0000000)
  eden space 280064K, 99% used [0x000000076d100000,0x000000077e27ff10,0x000000077e280000)
  from space 444928K, 0% used [0x000000079a300000,0x000000079a300000,0x00000007b5580000)
  to   space 452096K, 0% used [0x000000077e280000,0x000000077e280000,0x0000000799c00000)
 ParOldGen       total 2718720K, used 2718679K [0x00000006c7200000, 0x000000076d100000, 0x000000076d100000)
  object space 2718720K, 99% used [0x00000006c7200000,0x000000076d0f5f68,0x000000076d100000)
 Metaspace       used 59202K, capacity 59766K, committed 60584K, reserved 1101824K
  class space    used 7826K, capacity 7970K, committed 8112K, reserved 1048576K
}
Event: 32377.963 GC heap before
{Heap before GC invocations=2006 (full 1918):
 PSYoungGen      total 724992K, used 280064K [0x000000076d100000, 0x00000007b5580000, 0x00000007c0000000)
  eden space 280064K, 100% used [0x000000076d100000,0x000000077e280000,0x000000077e280000)
  from space 444928K, 0% used [0x000000079a300000,0x000000079a300000,0x00000007b5580000)
  to   space 452096K, 0% used [0x000000077e280000,0x000000077e280000,0x0000000799c00000)
 ParOldGen       total 2718720K, used 2718679K [0x00000006c7200000, 0x000000076d100000, 0x000000076d100000)
  object space 2718720K, 99% used [0x00000006c7200000,0x000000076d0f5f68,0x000000076d100000)
 Metaspace       used 59202K, capacity 59766K, committed 60584K, reserved 1101824K
  class space    used 7826K, capacity 7970K, committed 8112K, reserved 1048576K
Event: 32381.415 GC heap after
Heap after GC invocations=2006 (full 1918):
 PSYoungGen      total 724992K, used 280063K [0x000000076d100000, 0x00000007b5580000, 0x00000007c0000000)
  eden space 280064K, 99% used [0x000000076d100000,0x000000077e27ff10,0x000000077e280000)
  from space 444928K, 0% used [0x000000079a300000,0x000000079a300000,0x00000007b5580000)
  to   space 452096K, 0% used [0x000000077e280000,0x000000077e280000,0x0000000799c00000)
 ParOldGen       total 2718720K, used 2718679K [0x00000006c7200000, 0x000000076d100000, 0x000000076d100000)
  object space 2718720K, 99% used [0x00000006c7200000,0x000000076d0f5f00,0x000000076d100000)
 Metaspace       used 59202K, capacity 59766K, committed 60584K, reserved 1101824K
  class space    used 7826K, capacity 7970K, committed 8112K, reserved 1048576K
}
Event: 32381.415 GC heap before
{Heap before GC invocations=2007 (full 1919):
 PSYoungGen      total 724992K, used 280064K [0x000000076d100000, 0x00000007b5580000, 0x00000007c0000000)
  eden space 280064K, 100% used [0x000000076d100000,0x000000077e280000,0x000000077e280000)
  from space 444928K, 0% used [0x000000079a300000,0x000000079a300000,0x00000007b5580000)
  to   space 452096K, 0% used [0x000000077e280000,0x000000077e280000,0x0000000799c00000)
 ParOldGen       total 2718720K, used 2718679K [0x00000006c7200000, 0x000000076d100000, 0x000000076d100000)
  object space 2718720K, 99% used [0x00000006c7200000,0x000000076d0f5f00,0x000000076d100000)
 Metaspace       used 59202K, capacity 59766K, committed 60584K, reserved 1101824K
  class space    used 7826K, capacity 7970K, committed 8112K, reserved 1048576K
Event: 32384.638 GC heap after
Heap after GC invocations=2007 (full 1919):
 PSYoungGen      total 724992K, used 280063K [0x000000076d100000, 0x00000007b5580000, 0x00000007c0000000)
  eden space 280064K, 99% used [0x000000076d100000,0x000000077e27ffa0,0x000000077e280000)
  from space 444928K, 0% used [0x000000079a300000,0x000000079a300000,0x00000007b5580000)
  to   space 452096K, 0% used [0x000000077e280000,0x000000077e280000,0x0000000799c00000)
 ParOldGen       total 2718720K, used 2718679K [0x00000006c7200000, 0x000000076d100000, 0x000000076d100000)
  object space 2718720K, 99% used [0x00000006c7200000,0x000000076d0f5f00,0x000000076d100000)
 Metaspace       used 59202K, capacity 59766K, committed 60584K, reserved 1101824K
  class space    used 7826K, capacity 7970K, committed 8112K, reserved 1048576K
}
Event: 32384.638 GC heap before
{Heap before GC invocations=2008 (full 1920):
 PSYoungGen      total 724992K, used 280064K [0x000000076d100000, 0x00000007b5580000, 0x00000007c0000000)
  eden space 280064K, 100% used [0x000000076d100000,0x000000077e280000,0x000000077e280000)
  from space 444928K, 0% used [0x000000079a300000,0x000000079a300000,0x00000007b5580000)
  to   space 452096K, 0% used [0x000000077e280000,0x000000077e280000,0x0000000799c00000)
 ParOldGen       total 2718720K, used 2718684K [0x00000006c7200000, 0x000000076d100000, 0x000000076d100000)
  object space 2718720K, 99% used [0x00000006c7200000,0x000000076d0f72e8,0x000000076d100000)
 Metaspace       used 59202K, capacity 59766K, committed 60584K, reserved 1101824K
  class space    used 7826K, capacity 7970K, committed 8112K, reserved 1048576K
Event: 32388.847 GC heap after
Heap after GC invocations=2008 (full 1920):
 PSYoungGen      total 724992K, used 280063K [0x000000076d100000, 0x00000007b5580000, 0x00000007c0000000)
  eden space 280064K, 99% used [0x000000076d100000,0x000000077e27ff28,0x000000077e280000)
  from space 444928K, 0% used [0x000000079a300000,0x000000079a300000,0x00000007b5580000)
  to   space 452096K, 0% used [0x000000077e280000,0x000000077e280000,0x0000000799c00000)
 ParOldGen       total 2718720K, used 2718679K [0x00000006c7200000, 0x000000076d100000, 0x000000076d100000)
  object space 2718720K, 99% used [0x00000006c7200000,0x000000076d0f5f98,0x000000076d100000)
 Metaspace       used 59202K, capacity 59766K, committed 60584K, reserved 1101824K
  class space    used 7826K, capacity 7970K, committed 8112K, reserved 1048576K
}
Event: 32388.847 GC heap before
{Heap before GC invocations=2009 (full 1921):
 PSYoungGen      total 724992K, used 280064K [0x000000076d100000, 0x00000007b5580000, 0x00000007c0000000)
  eden space 280064K, 100% used [0x000000076d100000,0x000000077e280000,0x000000077e280000)
  from space 444928K, 0% used [0x000000079a300000,0x000000079a300000,0x00000007b5580000)
  to   space 452096K, 0% used [0x000000077e280000,0x000000077e280000,0x0000000799c00000)
 ParOldGen       total 2718720K, used 2718679K [0x00000006c7200000, 0x000000076d100000, 0x000000076d100000)
  object space 2718720K, 99% used [0x00000006c7200000,0x000000076d0f5f98,0x000000076d100000)
 Metaspace       used 59202K, capacity 59766K, committed 60584K, reserved 1101824K
  class space    used 7826K, capacity 7970K, committed 8112K, reserved 1048576K
Event: 32393.026 GC heap after
Heap after GC invocations=2009 (full 1921):
 PSYoungGen      total 724992K, used 280063K [0x000000076d100000, 0x00000007b5580000, 0x00000007c0000000)
  eden space 280064K, 99% used [0x000000076d100000,0x000000077e27ff98,0x000000077e280000)
  from space 444928K, 0% used [0x000000079a300000,0x000000079a300000,0x00000007b5580000)
  to   space 452096K, 0% used [0x000000077e280000,0x000000077e280000,0x0000000799c00000)
 ParOldGen       total 2718720K, used 2718679K [0x00000006c7200000, 0x000000076d100000, 0x000000076d100000)
  object space 2718720K, 99% used [0x00000006c7200000,0x000000076d0f5f18,0x000000076d100000)
 Metaspace       used 59202K, capacity 59766K, committed 60584K, reserved 1101824K
  class space    used 7826K, capacity 7970K, committed 8112K, reserved 1048576K
}
Event: 32393.026 GC heap before
{Heap before GC invocations=2010 (full 1922):
 PSYoungGen      total 724992K, used 280064K [0x000000076d100000, 0x00000007b5580000, 0x00000007c0000000)
  eden space 280064K, 100% used [0x000000076d100000,0x000000077e280000,0x000000077e280000)
  from space 444928K, 0% used [0x000000079a300000,0x000000079a300000,0x00000007b5580000)
  to   space 452096K, 0% used [0x000000077e280000,0x000000077e280000,0x0000000799c00000)
 ParOldGen       total 2718720K, used 2718679K [0x00000006c7200000, 0x000000076d100000, 0x000000076d100000)
  object space 2718720K, 99% used [0x00000006c7200000,0x000000076d0f5f18,0x000000076d100000)
 Metaspace       used 59202K, capacity 59766K, committed 60584K, reserved 1101824K
  class space    used 7826K, capacity 7970K, committed 8112K, reserved 1048576K
Event: 32397.815 GC heap after
Heap after GC invocations=2010 (full 1922):
 PSYoungGen      total 724992K, used 280063K [0x000000076d100000, 0x00000007b5580000, 0x00000007c0000000)
  eden space 280064K, 99% used [0x000000076d100000,0x000000077e27ffe8,0x000000077e280000)
  from space 444928K, 0% used [0x000000079a300000,0x000000079a300000,0x00000007b5580000)
  to   space 452096K, 0% used [0x000000077e280000,0x000000077e280000,0x0000000799c00000)
 ParOldGen       total 2718720K, used 2718679K [0x00000006c7200000, 0x000000076d100000, 0x000000076d100000)
  object space 2718720K, 99% used [0x00000006c7200000,0x000000076d0f5ef8,0x000000076d100000)
 Metaspace       used 59202K, capacity 59766K, committed 60584K, reserved 1101824K
  class space    used 7826K, capacity 7970K, committed 8112K, reserved 1048576K
}
Event: 32397.815 GC heap before
{Heap before GC invocations=2011 (full 1923):
 PSYoungGen      total 724992K, used 280064K [0x000000076d100000, 0x00000007b5580000, 0x00000007c0000000)
  eden space 280064K, 100% used [0x000000076d100000,0x000000077e280000,0x000000077e280000)
  from space 444928K, 0% used [0x000000079a300000,0x000000079a300000,0x00000007b5580000)
  to   space 452096K, 0% used [0x000000077e280000,0x000000077e280000,0x0000000799c00000)
 ParOldGen       total 2718720K, used 2718679K [0x00000006c7200000, 0x000000076d100000, 0x000000076d100000)
  object space 2718720K, 99% used [0x00000006c7200000,0x000000076d0f5ef8,0x000000076d100000)
 Metaspace       used 59202K, capacity 59766K, committed 60584K, reserved 1101824K
  class space    used 7826K, capacity 7970K, committed 8112K, reserved 1048576K
Event: 32402.223 GC heap after
Heap after GC invocations=2011 (full 1923):
 PSYoungGen      total 724992K, used 280064K [0x000000076d100000, 0x00000007b5580000, 0x00000007c0000000)
  eden space 280064K, 100% used [0x000000076d100000,0x000000077e280000,0x000000077e280000)
  from space 444928K, 0% used [0x000000079a300000,0x000000079a300000,0x00000007b5580000)
  to   space 452096K, 0% used [0x000000077e280000,0x000000077e280000,0x0000000799c00000)
 ParOldGen       total 2718720K, used 2718679K [0x00000006c7200000, 0x000000076d100000, 0x000000076d100000)
  object space 2718720K, 99% used [0x00000006c7200000,0x000000076d0f5ef8,0x000000076d100000)
 Metaspace       used 59202K, capacity 59766K, committed 60584K, reserved 1101824K
  class space    used 7826K, capacity 7970K, committed 8112K, reserved 1048576K
}
Event: 32402.223 GC heap before
{Heap before GC invocations=2012 (full 1924):
 PSYoungGen      total 724992K, used 280064K [0x000000076d100000, 0x00000007b5580000, 0x00000007c0000000)
  eden space 280064K, 100% used [0x000000076d100000,0x000000077e280000,0x000000077e280000)
  from space 444928K, 0% used [0x000000079a300000,0x000000079a300000,0x00000007b5580000)
  to   space 452096K, 0% used [0x000000077e280000,0x000000077e280000,0x0000000799c00000)
 ParOldGen       total 2718720K, used 2718685K [0x00000006c7200000, 0x000000076d100000, 0x000000076d100000)
  object space 2718720K, 99% used [0x00000006c7200000,0x000000076d0f75d0,0x000000076d100000)
 Metaspace       used 59202K, capacity 59766K, committed 60584K, reserved 1101824K
  class space    used 7826K, capacity 7970K, committed 8112K, reserved 1048576K
Event: 32405.335 GC heap after
Heap after GC invocations=2012 (full 1924):
 PSYoungGen      total 724992K, used 280063K [0x000000076d100000, 0x00000007b5580000, 0x00000007c0000000)
  eden space 280064K, 99% used [0x000000076d100000,0x000000077e27fee8,0x000000077e280000)
  from space 444928K, 0% used [0x000000079a300000,0x000000079a300000,0x00000007b5580000)
  to   space 452096K, 0% used [0x000000077e280000,0x000000077e280000,0x0000000799c00000)
 ParOldGen       total 2718720K, used 2718679K [0x00000006c7200000, 0x000000076d100000, 0x000000076d100000)
  object space 2718720K, 99% used [0x00000006c7200000,0x000000076d0f5f78,0x000000076d100000)
 Metaspace       used 59202K, capacity 59766K, committed 60584K, reserved 1101824K
  class space    used 7826K, capacity 7970K, committed 8112K, reserved 1048576K
}
Event: 32405.335 GC heap before
{Heap before GC invocations=2013 (full 1925):
 PSYoungGen      total 724992K, used 280064K [0x000000076d100000, 0x00000007b5580000, 0x00000007c0000000)
  eden space 280064K, 100% used [0x000000076d100000,0x000000077e280000,0x000000077e280000)
  from space 444928K, 0% used [0x000000079a300000,0x000000079a300000,0x00000007b5580000)
  to   space 452096K, 0% used [0x000000077e280000,0x000000077e280000,0x0000000799c00000)
 ParOldGen       total 2718720K, used 2718679K [0x00000006c7200000, 0x000000076d100000, 0x000000076d100000)
  object space 2718720K, 99% used [0x00000006c7200000,0x000000076d0f5f78,0x000000076d100000)
 Metaspace       used 59202K, capacity 59766K, committed 60584K, reserved 1101824K
  class space    used 7826K, capacity 7970K, committed 8112K, reserved 1048576K
Event: 32408.471 GC heap after
Heap after GC invocations=2013 (full 1925):
 PSYoungGen      total 724992K, used 280062K [0x000000076d100000, 0x00000007b5580000, 0x00000007c0000000)
  eden space 280064K, 99% used [0x000000076d100000,0x000000077e27fb20,0x000000077e280000)
  from space 444928K, 0% used [0x000000079a300000,0x000000079a300000,0x00000007b5580000)
  to   space 452096K, 0% used [0x000000077e280000,0x000000077e280000,0x0000000799c00000)
 ParOldGen       total 2718720K, used 2718678K [0x00000006c7200000, 0x000000076d100000, 0x000000076d100000)
  object space 2718720K, 99% used [0x00000006c7200000,0x000000076d0f58d8,0x000000076d100000)
 Metaspace       used 59202K, capacity 59766K, committed 60584K, reserved 1101824K
  class space    used 7826K, capacity 7970K, committed 8112K, reserved 1048576K
}
Event: 32408.471 GC heap before
{Heap before GC invocations=2014 (full 1926):
 PSYoungGen      total 724992K, used 280064K [0x000000076d100000, 0x00000007b5580000, 0x00000007c0000000)
  eden space 280064K, 100% used [0x000000076d100000,0x000000077e280000,0x000000077e280000)
  from space 444928K, 0% used [0x000000079a300000,0x000000079a300000,0x00000007b5580000)
  to   space 452096K, 0% used [0x000000077e280000,0x000000077e280000,0x0000000799c00000)
 ParOldGen       total 2718720K, used 2718678K [0x00000006c7200000, 0x000000076d100000, 0x000000076d100000)
  object space 2718720K, 99% used [0x00000006c7200000,0x000000076d0f58d8,0x000000076d100000)
 Metaspace       used 59202K, capacity 59766K, committed 60584K, reserved 1101824K
  class space    used 7826K, capacity 7970K, committed 8112K, reserved 1048576K
Event: 32411.721 GC heap after
Heap after GC invocations=2014 (full 1926):
 PSYoungGen      total 724992K, used 280062K [0x000000076d100000, 0x00000007b5580000, 0x00000007c0000000)
  eden space 280064K, 99% used [0x000000076d100000,0x000000077e27fb40,0x000000077e280000)
  from space 444928K, 0% used [0x000000079a300000,0x000000079a300000,0x00000007b5580000)
  to   space 452096K, 0% used [0x000000077e280000,0x000000077e280000,0x0000000799c00000)
 ParOldGen       total 2718720K, used 2718678K [0x00000006c7200000, 0x000000076d100000, 0x000000076d100000)
  object space 2718720K, 99% used [0x00000006c7200000,0x000000076d0f5860,0x000000076d100000)
 Metaspace       used 59202K, capacity 59766K, committed 60584K, reserved 1101824K
  class space    used 7826K, capacity 7970K, committed 8112K, reserved 1048576K
}
Event: 32411.721 GC heap before
{Heap before GC invocations=2015 (full 1927):
 PSYoungGen      total 724992K, used 280064K [0x000000076d100000, 0x00000007b5580000, 0x00000007c0000000)
  eden space 280064K, 100% used [0x000000076d100000,0x000000077e280000,0x000000077e280000)
  from space 444928K, 0% used [0x000000079a300000,0x000000079a300000,0x00000007b5580000)
  to   space 452096K, 0% used [0x000000077e280000,0x000000077e280000,0x0000000799c00000)
 ParOldGen       total 2718720K, used 2718678K [0x00000006c7200000, 0x000000076d100000, 0x000000076d100000)
  object space 2718720K, 99% used [0x00000006c7200000,0x000000076d0f5860,0x000000076d100000)
 Metaspace       used 59202K, capacity 59766K, committed 60584K, reserved 1101824K
  class space    used 7826K, capacity 7970K, committed 8112K, reserved 1048576K
Event: 32414.850 GC heap after
Heap after GC invocations=2015 (full 1927):
 PSYoungGen      total 724992K, used 280062K [0x000000076d100000, 0x00000007b5580000, 0x00000007c0000000)
  eden space 280064K, 99% used [0x000000076d100000,0x000000077e27fad8,0x000000077e280000)
  from space 444928K, 0% used [0x000000079a300000,0x000000079a300000,0x00000007b5580000)
  to   space 452096K, 0% used [0x000000077e280000,0x000000077e280000,0x0000000799c00000)
 ParOldGen       total 2718720K, used 2718678K [0x00000006c7200000, 0x000000076d100000, 0x000000076d100000)
  object space 2718720K, 99% used [0x00000006c7200000,0x000000076d0f5840,0x000000076d100000)
 Metaspace       used 59202K, capacity 59766K, committed 60584K, reserved 1101824K
  class space    used 7826K, capacity 7970K, committed 8112K, reserved 1048576K
}
Event: 32414.850 GC heap before
{Heap before GC invocations=2016 (full 1928):
 PSYoungGen      total 724992K, used 280064K [0x000000076d100000, 0x00000007b5580000, 0x00000007c0000000)
  eden space 280064K, 100% used [0x000000076d100000,0x000000077e280000,0x000000077e280000)
  from space 444928K, 0% used [0x000000079a300000,0x000000079a300000,0x00000007b5580000)
  to   space 452096K, 0% used [0x000000077e280000,0x000000077e280000,0x0000000799c00000)
 ParOldGen       total 2718720K, used 2718678K [0x00000006c7200000, 0x000000076d100000, 0x000000076d100000)
  object space 2718720K, 99% used [0x00000006c7200000,0x000000076d0f5840,0x000000076d100000)
 Metaspace       used 59202K, capacity 59766K, committed 60584K, reserved 1101824K
  class space    used 7826K, capacity 7970K, committed 8112K, reserved 1048576K
Event: 32417.916 GC heap after
Heap after GC invocations=2016 (full 1928):
 PSYoungGen      total 724992K, used 280062K [0x000000076d100000, 0x00000007b5580000, 0x00000007c0000000)
  eden space 280064K, 99% used [0x000000076d100000,0x000000077e27fb38,0x000000077e280000)
  from space 444928K, 0% used [0x000000079a300000,0x000000079a300000,0x00000007b5580000)
  to   space 452096K, 0% used [0x000000077e280000,0x000000077e280000,0x0000000799c00000)
 ParOldGen       total 2718720K, used 2718677K [0x00000006c7200000, 0x000000076d100000, 0x000000076d100000)
  object space 2718720K, 99% used [0x00000006c7200000,0x000000076d0f57e0,0x000000076d100000)
 Metaspace       used 59202K, capacity 59766K, committed 60584K, reserved 1101824K
  class space    used 7826K, capacity 7970K, committed 8112K, reserved 1048576K
}
Event: 32417.917 GC heap before
{Heap before GC invocations=2017 (full 1929):
 PSYoungGen      total 724992K, used 280064K [0x000000076d100000, 0x00000007b5580000, 0x00000007c0000000)
  eden space 280064K, 100% used [0x000000076d100000,0x000000077e280000,0x000000077e280000)
  from space 444928K, 0% used [0x000000079a300000,0x000000079a300000,0x00000007b5580000)
  to   space 452096K, 0% used [0x000000077e280000,0x000000077e280000,0x0000000799c00000)
 ParOldGen       total 2718720K, used 2718677K [0x00000006c7200000, 0x000000076d100000, 0x000000076d100000)
  object space 2718720K, 99% used [0x00000006c7200000,0x000000076d0f57e0,0x000000076d100000)
 Metaspace       used 59202K, capacity 59766K, committed 60584K, reserved 1101824K
  class space    used 7826K, capacity 7970K, committed 8112K, reserved 1048576K
Event: 32420.949 GC heap after
Heap after GC invocations=2017 (full 1929):
 PSYoungGen      total 724992K, used 280062K [0x000000076d100000, 0x00000007b5580000, 0x00000007c0000000)
  eden space 280064K, 99% used [0x000000076d100000,0x000000077e27fb70,0x000000077e280000)
  from space 444928K, 0% used [0x000000079a300000,0x000000079a300000,0x00000007b5580000)
  to   space 452096K, 0% used [0x000000077e280000,0x000000077e280000,0x0000000799c00000)
 ParOldGen       total 2718720K, used 2718677K [0x00000006c7200000, 0x000000076d100000, 0x000000076d100000)
  object space 2718720K, 99% used [0x00000006c7200000,0x000000076d0f57c0,0x000000076d100000)
 Metaspace       used 59202K, capacity 59766K, committed 60584K, reserved 1101824K
  class space    used 7826K, capacity 7970K, committed 8112K, reserved 1048576K
}
Event: 32420.950 GC heap before
{Heap before GC invocations=2018 (full 1930):
 PSYoungGen      total 724992K, used 280064K [0x000000076d100000, 0x00000007b5580000, 0x00000007c0000000)
  eden space 280064K, 100% used [0x000000076d100000,0x000000077e280000,0x000000077e280000)
  from space 444928K, 0% used [0x000000079a300000,0x000000079a300000,0x00000007b5580000)
  to   space 452096K, 0% used [0x000000077e280000,0x000000077e280000,0x0000000799c00000)
 ParOldGen       total 2718720K, used 2718677K [0x00000006c7200000, 0x000000076d100000, 0x000000076d100000)
  object space 2718720K, 99% used [0x00000006c7200000,0x000000076d0f57c0,0x000000076d100000)
 Metaspace       used 59202K, capacity 59766K, committed 60584K, reserved 1101824K
  class space    used 7826K, capacity 7970K, committed 8112K, reserved 1048576K
Event: 32424.074 GC heap after
Heap after GC invocations=2018 (full 1930):
 PSYoungGen      total 724992K, used 280062K [0x000000076d100000, 0x00000007b5580000, 0x00000007c0000000)
  eden space 280064K, 99% used [0x000000076d100000,0x000000077e27fb88,0x000000077e280000)
  from space 444928K, 0% used [0x000000079a300000,0x000000079a300000,0x00000007b5580000)
  to   space 452096K, 0% used [0x000000077e280000,0x000000077e280000,0x0000000799c00000)
 ParOldGen       total 2718720K, used 2718677K [0x00000006c7200000, 0x000000076d100000, 0x000000076d100000)
  object space 2718720K, 99% used [0x00000006c7200000,0x000000076d0f57c0,0x000000076d100000)
 Metaspace       used 59202K, capacity 59766K, committed 60584K, reserved 1101824K
  class space    used 7826K, capacity 7970K, committed 8112K, reserved 1048576K
}
Event: 32424.074 GC heap before
{Heap before GC invocations=2019 (full 1931):
 PSYoungGen      total 724992K, used 280064K [0x000000076d100000, 0x00000007b5580000, 0x00000007c0000000)
  eden space 280064K, 100% used [0x000000076d100000,0x000000077e280000,0x000000077e280000)
  from space 444928K, 0% used [0x000000079a300000,0x000000079a300000,0x00000007b5580000)
  to   space 452096K, 0% used [0x000000077e280000,0x000000077e280000,0x0000000799c00000)
 ParOldGen       total 2718720K, used 2718677K [0x00000006c7200000, 0x000000076d100000, 0x000000076d100000)
  object space 2718720K, 99% used [0x00000006c7200000,0x000000076d0f57c0,0x000000076d100000)
 Metaspace       used 59202K, capacity 59766K, committed 60584K, reserved 1101824K
  class space    used 7826K, capacity 7970K, committed 8112K, reserved 1048576K
Event: 32427.004 GC heap after
Heap after GC invocations=2019 (full 1931):
 PSYoungGen      total 724992K, used 280062K [0x000000076d100000, 0x00000007b5580000, 0x00000007c0000000)
  eden space 280064K, 99% used [0x000000076d100000,0x000000077e27fbd8,0x000000077e280000)
  from space 444928K, 0% used [0x000000079a300000,0x000000079a300000,0x00000007b5580000)
  to   space 452096K, 0% used [0x000000077e280000,0x000000077e280000,0x0000000799c00000)
 ParOldGen       total 2718720K, used 2718677K [0x00000006c7200000, 0x000000076d100000, 0x000000076d100000)
  object space 2718720K, 99% used [0x00000006c7200000,0x000000076d0f57c0,0x000000076d100000)
 Metaspace       used 59202K, capacity 59766K, committed 60584K, reserved 1101824K
  class space    used 7826K, capacity 7970K, committed 8112K, reserved 1048576K
}
Event: 32427.004 GC heap before
{Heap before GC invocations=2020 (full 1932):
 PSYoungGen      total 724992K, used 280064K [0x000000076d100000, 0x00000007b5580000, 0x00000007c0000000)
  eden space 280064K, 100% used [0x000000076d100000,0x000000077e280000,0x000000077e280000)
  from space 444928K, 0% used [0x000000079a300000,0x000000079a300000,0x00000007b5580000)
  to   space 452096K, 0% used [0x000000077e280000,0x000000077e280000,0x0000000799c00000)
 ParOldGen       total 2718720K, used 2718677K [0x00000006c7200000, 0x000000076d100000, 0x000000076d100000)
  object space 2718720K, 99% used [0x00000006c7200000,0x000000076d0f57c0,0x000000076d100000)
 Metaspace       used 59202K, capacity 59766K, committed 60584K, reserved 1101824K
  class space    used 7826K, capacity 7970K, committed 8112K, reserved 1048576K
Event: 32430.170 GC heap after
Heap after GC invocations=2020 (full 1932):
 PSYoungGen      total 724992K, used 280062K [0x000000076d100000, 0x00000007b5580000, 0x00000007c0000000)
  eden space 280064K, 99% used [0x000000076d100000,0x000000077e27fbe8,0x000000077e280000)
  from space 444928K, 0% used [0x000000079a300000,0x000000079a300000,0x00000007b5580000)
  to   space 452096K, 0% used [0x000000077e280000,0x000000077e280000,0x0000000799c00000)
 ParOldGen       total 2718720K, used 2718677K [0x00000006c7200000, 0x000000076d100000, 0x000000076d100000)
  object space 2718720K, 99% used [0x00000006c7200000,0x000000076d0f57c0,0x000000076d100000)
 Metaspace       used 59202K, capacity 59766K, committed 60584K, reserved 1101824K
  class space    used 7826K, capacity 7970K, committed 8112K, reserved 1048576K
}
Event: 32430.170 GC heap before
{Heap before GC invocations=2021 (full 1933):
 PSYoungGen      total 724992K, used 280064K [0x000000076d100000, 0x00000007b5580000, 0x00000007c0000000)
  eden space 280064K, 100% used [0x000000076d100000,0x000000077e280000,0x000000077e280000)
  from space 444928K, 0% used [0x000000079a300000,0x000000079a300000,0x00000007b5580000)
  to   space 452096K, 0% used [0x000000077e280000,0x000000077e280000,0x0000000799c00000)
 ParOldGen       total 2718720K, used 2718677K [0x00000006c7200000, 0x000000076d100000, 0x000000076d100000)
  object space 2718720K, 99% used [0x00000006c7200000,0x000000076d0f57c0,0x000000076d100000)
 Metaspace       used 59202K, capacity 59766K, committed 60584K, reserved 1101824K
  class space    used 7826K, capacity 7970K, committed 8112K, reserved 1048576K
Event: 32433.445 GC heap after
Heap after GC invocations=2021 (full 1933):
 PSYoungGen      total 724992K, used 280063K [0x000000076d100000, 0x00000007b5580000, 0x00000007c0000000)
  eden space 280064K, 99% used [0x000000076d100000,0x000000077e27fc08,0x000000077e280000)
  from space 444928K, 0% used [0x000000079a300000,0x000000079a300000,0x00000007b5580000)
  to   space 452096K, 0% used [0x000000077e280000,0x000000077e280000,0x0000000799c00000)
 ParOldGen       total 2718720K, used 2718677K [0x00000006c7200000, 0x000000076d100000, 0x000000076d100000)
  object space 2718720K, 99% used [0x00000006c7200000,0x000000076d0f57c0,0x000000076d100000)
 Metaspace       used 59202K, capacity 59766K, committed 60584K, reserved 1101824K
  class space    used 7826K, capacity 7970K, committed 8112K, reserved 1048576K
}
Event: 32433.445 GC heap before
{Heap before GC invocations=2022 (full 1934):
 PSYoungGen      total 724992K, used 280064K [0x000000076d100000, 0x00000007b5580000, 0x00000007c0000000)
  eden space 280064K, 100% used [0x000000076d100000,0x000000077e280000,0x000000077e280000)
  from space 444928K, 0% used [0x000000079a300000,0x000000079a300000,0x00000007b5580000)
  to   space 452096K, 0% used [0x000000077e280000,0x000000077e280000,0x0000000799c00000)
 ParOldGen       total 2718720K, used 2718677K [0x00000006c7200000, 0x000000076d100000, 0x000000076d100000)
  object space 2718720K, 99% used [0x00000006c7200000,0x000000076d0f57c0,0x000000076d100000)
 Metaspace       used 59202K, capacity 59766K, committed 60584K, reserved 1101824K
  class space    used 7826K, capacity 7970K, committed 8112K, reserved 1048576K
Event: 32436.704 GC heap after
Heap after GC invocations=2022 (full 1934):
 PSYoungGen      total 724992K, used 280063K [0x000000076d100000, 0x00000007b5580000, 0x00000007c0000000)
  eden space 280064K, 99% used [0x000000076d100000,0x000000077e27fc88,0x000000077e280000)
  from space 444928K, 0% used [0x000000079a300000,0x000000079a300000,0x00000007b5580000)
  to   space 452096K, 0% used [0x000000077e280000,0x000000077e280000,0x0000000799c00000)
 ParOldGen       total 2718720K, used 2718677K [0x00000006c7200000, 0x000000076d100000, 0x000000076d100000)
  object space 2718720K, 99% used [0x00000006c7200000,0x000000076d0f57c0,0x000000076d100000)
 Metaspace       used 59202K, capacity 59766K, committed 60584K, reserved 1101824K
  class space    used 7826K, capacity 7970K, committed 8112K, reserved 1048576K
}
Event: 32436.705 GC heap before
{Heap before GC invocations=2023 (full 1935):
 PSYoungGen      total 724992K, used 280064K [0x000000076d100000, 0x00000007b5580000, 0x00000007c0000000)
  eden space 280064K, 100% used [0x000000076d100000,0x000000077e280000,0x000000077e280000)
  from space 444928K, 0% used [0x000000079a300000,0x000000079a300000,0x00000007b5580000)
  to   space 452096K, 0% used [0x000000077e280000,0x000000077e280000,0x0000000799c00000)
 ParOldGen       total 2718720K, used 2718677K [0x00000006c7200000, 0x000000076d100000, 0x000000076d100000)
  object space 2718720K, 99% used [0x00000006c7200000,0x000000076d0f57c0,0x000000076d100000)
 Metaspace       used 59202K, capacity 59766K, committed 60584K, reserved 1101824K
  class space    used 7826K, capacity 7970K, committed 8112K, reserved 1048576K
Event: 32439.776 GC heap after
Heap after GC invocations=2023 (full 1935):
 PSYoungGen      total 724992K, used 280063K [0x000000076d100000, 0x00000007b5580000, 0x00000007c0000000)
  eden space 280064K, 99% used [0x000000076d100000,0x000000077e27fd70,0x000000077e280000)
  from space 444928K, 0% used [0x000000079a300000,0x000000079a300000,0x00000007b5580000)
  to   space 452096K, 0% used [0x000000077e280000,0x000000077e280000,0x0000000799c00000)
 ParOldGen       total 2718720K, used 2718677K [0x00000006c7200000, 0x000000076d100000, 0x000000076d100000)
  object space 2718720K, 99% used [0x00000006c7200000,0x000000076d0f57c0,0x000000076d100000)
 Metaspace       used 59202K, capacity 59766K, committed 60584K, reserved 1101824K
  class space    used 7826K, capacity 7970K, committed 8112K, reserved 1048576K
}
Event: 32439.777 GC heap before
{Heap before GC invocations=2024 (full 1936):
 PSYoungGen      total 724992K, used 280064K [0x000000076d100000, 0x00000007b5580000, 0x00000007c0000000)
  eden space 280064K, 100% used [0x000000076d100000,0x000000077e280000,0x000000077e280000)
  from space 444928K, 0% used [0x000000079a300000,0x000000079a300000,0x00000007b5580000)
  to   space 452096K, 0% used [0x000000077e280000,0x000000077e280000,0x0000000799c00000)
 ParOldGen       total 2718720K, used 2718677K [0x00000006c7200000, 0x000000076d100000, 0x000000076d100000)
  object space 2718720K, 99% used [0x00000006c7200000,0x000000076d0f57c0,0x000000076d100000)
 Metaspace       used 59202K, capacity 59766K, committed 60584K, reserved 1101824K
  class space    used 7826K, capacity 7970K, committed 8112K, reserved 1048576K
Event: 32442.910 GC heap after
Heap after GC invocations=2024 (full 1936):
 PSYoungGen      total 724992K, used 280063K [0x000000076d100000, 0x00000007b5580000, 0x00000007c0000000)
  eden space 280064K, 99% used [0x000000076d100000,0x000000077e27fd48,0x000000077e280000)
  from space 444928K, 0% used [0x000000079a300000,0x000000079a300000,0x00000007b5580000)
  to   space 452096K, 0% used [0x000000077e280000,0x000000077e280000,0x0000000799c00000)
 ParOldGen       total 2718720K, used 2718677K [0x00000006c7200000, 0x000000076d100000, 0x000000076d100000)
  object space 2718720K, 99% used [0x00000006c7200000,0x000000076d0f57c0,0x000000076d100000)
 Metaspace       used 59202K, capacity 59766K, committed 60584K, reserved 1101824K
  class space    used 7826K, capacity 7970K, committed 8112K, reserved 1048576K
}
Event: 32442.911 GC heap before
{Heap before GC invocations=2025 (full 1937):
 PSYoungGen      total 724992K, used 280064K [0x000000076d100000, 0x00000007b5580000, 0x00000007c0000000)
  eden space 280064K, 100% used [0x000000076d100000,0x000000077e280000,0x000000077e280000)
  from space 444928K, 0% used [0x000000079a300000,0x000000079a300000,0x00000007b5580000)
  to   space 452096K, 0% used [0x000000077e280000,0x000000077e280000,0x0000000799c00000)
 ParOldGen       total 2718720K, used 2718677K [0x00000006c7200000, 0x000000076d100000, 0x000000076d100000)
  object space 2718720K, 99% used [0x00000006c7200000,0x000000076d0f57c0,0x000000076d100000)
 Metaspace       used 59202K, capacity 59766K, committed 60584K, reserved 1101824K
  class space    used 7826K, capacity 7970K, committed 8112K, reserved 1048576K
Event: 32446.118 GC heap after
Heap after GC invocations=2025 (full 1937):
 PSYoungGen      total 724992K, used 280063K [0x000000076d100000, 0x00000007b5580000, 0x00000007c0000000)
  eden space 280064K, 99% used [0x000000076d100000,0x000000077e27fe98,0x000000077e280000)
  from space 444928K, 0% used [0x000000079a300000,0x000000079a300000,0x00000007b5580000)
  to   space 452096K, 0% used [0x000000077e280000,0x000000077e280000,0x0000000799c00000)
 ParOldGen       total 2718720K, used 2718677K [0x00000006c7200000, 0x000000076d100000, 0x000000076d100000)
  object space 2718720K, 99% used [0x00000006c7200000,0x000000076d0f57c0,0x000000076d100000)
 Metaspace       used 59202K, capacity 59766K, committed 60584K, reserved 1101824K
  class space    used 7826K, capacity 7970K, committed 8112K, reserved 1048576K
}
Event: 32446.118 GC heap before
{Heap before GC invocations=2026 (full 1938):
 PSYoungGen      total 724992K, used 280064K [0x000000076d100000, 0x00000007b5580000, 0x00000007c0000000)
  eden space 280064K, 100% used [0x000000076d100000,0x000000077e280000,0x000000077e280000)
  from space 444928K, 0% used [0x000000079a300000,0x000000079a300000,0x00000007b5580000)
  to   space 452096K, 0% used [0x000000077e280000,0x000000077e280000,0x0000000799c00000)
 ParOldGen       total 2718720K, used 2718677K [0x00000006c7200000, 0x000000076d100000, 0x000000076d100000)
  object space 2718720K, 99% used [0x00000006c7200000,0x000000076d0f57c0,0x000000076d100000)
 Metaspace       used 59202K, capacity 59766K, committed 60584K, reserved 1101824K
  class space    used 7826K, capacity 7970K, committed 8112K, reserved 1048576K
Event: 32449.091 GC heap after
Heap after GC invocations=2026 (full 1938):
 PSYoungGen      total 724992K, used 280063K [0x000000076d100000, 0x00000007b5580000, 0x00000007c0000000)
  eden space 280064K, 99% used [0x000000076d100000,0x000000077e27feb0,0x000000077e280000)
  from space 444928K, 0% used [0x000000079a300000,0x000000079a300000,0x00000007b5580000)
  to   space 452096K, 0% used [0x000000077e280000,0x000000077e280000,0x0000000799c00000)
 ParOldGen       total 2718720K, used 2718677K [0x00000006c7200000, 0x000000076d100000, 0x000000076d100000)
  object space 2718720K, 99% used [0x00000006c7200000,0x000000076d0f57c0,0x000000076d100000)
 Metaspace       used 59202K, capacity 59766K, committed 60584K, reserved 1101824K
  class space    used 7826K, capacity 7970K, committed 8112K, reserved 1048576K
}
Event: 32449.091 GC heap before
{Heap before GC invocations=2027 (full 1939):
 PSYoungGen      total 724992K, used 280064K [0x000000076d100000, 0x00000007b5580000, 0x00000007c0000000)
  eden space 280064K, 100% used [0x000000076d100000,0x000000077e280000,0x000000077e280000)
  from space 444928K, 0% used [0x000000079a300000,0x000000079a300000,0x00000007b5580000)
  to   space 452096K, 0% used [0x000000077e280000,0x000000077e280000,0x0000000799c00000)
 ParOldGen       total 2718720K, used 2718677K [0x00000006c7200000, 0x000000076d100000, 0x000000076d100000)
  object space 2718720K, 99% used [0x00000006c7200000,0x000000076d0f57c0,0x000000076d100000)
 Metaspace       used 59202K, capacity 59766K, committed 60584K, reserved 1101824K
  class space    used 7826K, capacity 7970K, committed 8112K, reserved 1048576K
Event: 32452.052 GC heap after
Heap after GC invocations=2027 (full 1939):
 PSYoungGen      total 724992K, used 280063K [0x000000076d100000, 0x00000007b5580000, 0x00000007c0000000)
  eden space 280064K, 99% used [0x000000076d100000,0x000000077e27fe98,0x000000077e280000)
  from space 444928K, 0% used [0x000000079a300000,0x000000079a300000,0x00000007b5580000)
  to   space 452096K, 0% used [0x000000077e280000,0x000000077e280000,0x0000000799c00000)
 ParOldGen       total 2718720K, used 2718677K [0x00000006c7200000, 0x000000076d100000, 0x000000076d100000)
  object space 2718720K, 99% used [0x00000006c7200000,0x000000076d0f57c0,0x000000076d100000)
 Metaspace       used 59202K, capacity 59766K, committed 60584K, reserved 1101824K
  class space    used 7826K, capacity 7970K, committed 8112K, reserved 1048576K
}
Event: 32452.052 GC heap before
{Heap before GC invocations=2028 (full 1940):
 PSYoungGen      total 724992K, used 280064K [0x000000076d100000, 0x00000007b5580000, 0x00000007c0000000)
  eden space 280064K, 100% used [0x000000076d100000,0x000000077e280000,0x000000077e280000)
  from space 444928K, 0% used [0x000000079a300000,0x000000079a300000,0x00000007b5580000)
  to   space 452096K, 0% used [0x000000077e280000,0x000000077e280000,0x0000000799c00000)
 ParOldGen       total 2718720K, used 2718677K [0x00000006c7200000, 0x000000076d100000, 0x000000076d100000)
  object space 2718720K, 99% used [0x00000006c7200000,0x000000076d0f57c0,0x000000076d100000)
 Metaspace       used 59202K, capacity 59766K, committed 60584K, reserved 1101824K
  class space    used 7826K, capacity 7970K, committed 8112K, reserved 1048576K
Event: 32455.071 GC heap after
Heap after GC invocations=2028 (full 1940):
 PSYoungGen      total 724992K, used 280063K [0x000000076d100000, 0x00000007b5580000, 0x00000007c0000000)
  eden space 280064K, 99% used [0x000000076d100000,0x000000077e27feb0,0x000000077e280000)
  from space 444928K, 0% used [0x000000079a300000,0x000000079a300000,0x00000007b5580000)
  to   space 452096K, 0% used [0x000000077e280000,0x000000077e280000,0x0000000799c00000)
 ParOldGen       total 2718720K, used 2718677K [0x00000006c7200000, 0x000000076d100000, 0x000000076d100000)
  object space 2718720K, 99% used [0x00000006c7200000,0x000000076d0f57c0,0x000000076d100000)
 Metaspace       used 59202K, capacity 59766K, committed 60584K, reserved 1101824K
  class space    used 7826K, capacity 7970K, committed 8112K, reserved 1048576K
}
Event: 32455.071 GC heap before
{Heap before GC invocations=2029 (full 1941):
 PSYoungGen      total 724992K, used 280064K [0x000000076d100000, 0x00000007b5580000, 0x00000007c0000000)
  eden space 280064K, 100% used [0x000000076d100000,0x000000077e280000,0x000000077e280000)
  from space 444928K, 0% used [0x000000079a300000,0x000000079a300000,0x00000007b5580000)
  to   space 452096K, 0% used [0x000000077e280000,0x000000077e280000,0x0000000799c00000)
 ParOldGen       total 2718720K, used 2718677K [0x00000006c7200000, 0x000000076d100000, 0x000000076d100000)
  object space 2718720K, 99% used [0x00000006c7200000,0x000000076d0f57c0,0x000000076d100000)
 Metaspace       used 59202K, capacity 59766K, committed 60584K, reserved 1101824K
  class space    used 7826K, capacity 7970K, committed 8112K, reserved 1048576K
Event: 32458.154 GC heap after
Heap after GC invocations=2029 (full 1941):
 PSYoungGen      total 724992K, used 280063K [0x000000076d100000, 0x00000007b5580000, 0x00000007c0000000)
  eden space 280064K, 99% used [0x000000076d100000,0x000000077e27fe30,0x000000077e280000)
  from space 444928K, 0% used [0x000000079a300000,0x000000079a300000,0x00000007b5580000)
  to   space 452096K, 0% used [0x000000077e280000,0x000000077e280000,0x0000000799c00000)
 ParOldGen       total 2718720K, used 2718677K [0x00000006c7200000, 0x000000076d100000, 0x000000076d100000)
  object space 2718720K, 99% used [0x00000006c7200000,0x000000076d0f57c0,0x000000076d100000)
 Metaspace       used 59202K, capacity 59766K, committed 60584K, reserved 1101824K
  class space    used 7826K, capacity 7970K, committed 8112K, reserved 1048576K
}
Event: 32458.154 GC heap before
{Heap before GC invocations=2030 (full 1942):
 PSYoungGen      total 724992K, used 280064K [0x000000076d100000, 0x00000007b5580000, 0x00000007c0000000)
  eden space 280064K, 100% used [0x000000076d100000,0x000000077e280000,0x000000077e280000)
  from space 444928K, 0% used [0x000000079a300000,0x000000079a300000,0x00000007b5580000)
  to   space 452096K, 0% used [0x000000077e280000,0x000000077e280000,0x0000000799c00000)
 ParOldGen       total 2718720K, used 2718677K [0x00000006c7200000, 0x000000076d100000, 0x000000076d100000)
  object space 2718720K, 99% used [0x00000006c7200000,0x000000076d0f57c0,0x000000076d100000)
 Metaspace       used 59202K, capacity 59766K, committed 60584K, reserved 1101824K
  class space    used 7826K, capacity 7970K, committed 8112K, reserved 1048576K
Event: 32461.145 GC heap after
Heap after GC invocations=2030 (full 1942):
 PSYoungGen      total 724992K, used 280063K [0x000000076d100000, 0x00000007b5580000, 0x00000007c0000000)
  eden space 280064K, 99% used [0x000000076d100000,0x000000077e27fe70,0x000000077e280000)
  from space 444928K, 0% used [0x000000079a300000,0x000000079a300000,0x00000007b5580000)
  to   space 452096K, 0% used [0x000000077e280000,0x000000077e280000,0x0000000799c00000)
 ParOldGen       total 2718720K, used 2718677K [0x00000006c7200000, 0x000000076d100000, 0x000000076d100000)
  object space 2718720K, 99% used [0x00000006c7200000,0x000000076d0f57c0,0x000000076d100000)
 Metaspace       used 59202K, capacity 59766K, committed 60584K, reserved 1101824K
  class space    used 7826K, capacity 7970K, committed 8112K, reserved 1048576K
}
Event: 32461.145 GC heap before
{Heap before GC invocations=2031 (full 1943):
 PSYoungGen      total 724992K, used 280064K [0x000000076d100000, 0x00000007b5580000, 0x00000007c0000000)
  eden space 280064K, 100% used [0x000000076d100000,0x000000077e280000,0x000000077e280000)
  from space 444928K, 0% used [0x000000079a300000,0x000000079a300000,0x00000007b5580000)
  to   space 452096K, 0% used [0x000000077e280000,0x000000077e280000,0x0000000799c00000)
 ParOldGen       total 2718720K, used 2718677K [0x00000006c7200000, 0x000000076d100000, 0x000000076d100000)
  object space 2718720K, 99% used [0x00000006c7200000,0x000000076d0f57c0,0x000000076d100000)
 Metaspace       used 59202K, capacity 59766K, committed 60584K, reserved 1101824K
  class space    used 7826K, capacity 7970K, committed 8112K, reserved 1048576K
Event: 32464.193 GC heap after
Heap after GC invocations=2031 (full 1943):
 PSYoungGen      total 724992K, used 280063K [0x000000076d100000, 0x00000007b5580000, 0x00000007c0000000)
  eden space 280064K, 99% used [0x000000076d100000,0x000000077e27fea0,0x000000077e280000)
  from space 444928K, 0% used [0x000000079a300000,0x000000079a300000,0x00000007b5580000)
  to   space 452096K, 0% used [0x000000077e280000,0x000000077e280000,0x0000000799c00000)
 ParOldGen       total 2718720K, used 2718677K [0x00000006c7200000, 0x000000076d100000, 0x000000076d100000)
  object space 2718720K, 99% used [0x00000006c7200000,0x000000076d0f57c0,0x000000076d100000)
 Metaspace       used 59202K, capacity 59766K, committed 60584K, reserved 1101824K
  class space    used 7826K, capacity 7970K, committed 8112K, reserved 1048576K
}
Event: 32464.194 GC heap before
{Heap before GC invocations=2032 (full 1944):
 PSYoungGen      total 724992K, used 280064K [0x000000076d100000, 0x00000007b5580000, 0x00000007c0000000)
  eden space 280064K, 100% used [0x000000076d100000,0x000000077e280000,0x000000077e280000)
  from space 444928K, 0% used [0x000000079a300000,0x000000079a300000,0x00000007b5580000)
  to   space 452096K, 0% used [0x000000077e280000,0x000000077e280000,0x0000000799c00000)
 ParOldGen       total 2718720K, used 2718677K [0x00000006c7200000, 0x000000076d100000, 0x000000076d100000)
  object space 2718720K, 99% used [0x00000006c7200000,0x000000076d0f57c0,0x000000076d100000)
 Metaspace       used 59202K, capacity 59766K, committed 60584K, reserved 1101824K
  class space    used 7826K, capacity 7970K, committed 8112K, reserved 1048576K
Event: 32467.209 GC heap after
Heap after GC invocations=2032 (full 1944):
 PSYoungGen      total 724992K, used 280063K [0x000000076d100000, 0x00000007b5580000, 0x00000007c0000000)
  eden space 280064K, 99% used [0x000000076d100000,0x000000077e27fe20,0x000000077e280000)
  from space 444928K, 0% used [0x000000079a300000,0x000000079a300000,0x00000007b5580000)
  to   space 452096K, 0% used [0x000000077e280000,0x000000077e280000,0x0000000799c00000)
 ParOldGen       total 2718720K, used 2718677K [0x00000006c7200000, 0x000000076d100000, 0x000000076d100000)
  object space 2718720K, 99% used [0x00000006c7200000,0x000000076d0f57c0,0x000000076d100000)
 Metaspace       used 59202K, capacity 59766K, committed 60584K, reserved 1101824K
  class space    used 7826K, capacity 7970K, committed 8112K, reserved 1048576K
}
Event: 32467.209 GC heap before
{Heap before GC invocations=2033 (full 1945):
 PSYoungGen      total 724992K, used 280064K [0x000000076d100000, 0x00000007b5580000, 0x00000007c0000000)
  eden space 280064K, 100% used [0x000000076d100000,0x000000077e280000,0x000000077e280000)
  from space 444928K, 0% used [0x000000079a300000,0x000000079a300000,0x00000007b5580000)
  to   space 452096K, 0% used [0x000000077e280000,0x000000077e280000,0x0000000799c00000)
 ParOldGen       total 2718720K, used 2718677K [0x00000006c7200000, 0x000000076d100000, 0x000000076d100000)
  object space 2718720K, 99% used [0x00000006c7200000,0x000000076d0f57c0,0x000000076d100000)
 Metaspace       used 59202K, capacity 59766K, committed 60584K, reserved 1101824K
  class space    used 7826K, capacity 7970K, committed 8112K, reserved 1048576K
Event: 32470.195 GC heap after
Heap after GC invocations=2033 (full 1945):
 PSYoungGen      total 724992K, used 280063K [0x000000076d100000, 0x00000007b5580000, 0x00000007c0000000)
  eden space 280064K, 99% used [0x000000076d100000,0x000000077e27ffd8,0x000000077e280000)
  from space 444928K, 0% used [0x000000079a300000,0x000000079a300000,0x00000007b5580000)
  to   space 452096K, 0% used [0x000000077e280000,0x000000077e280000,0x0000000799c00000)
 ParOldGen       total 2718720K, used 2718677K [0x00000006c7200000, 0x000000076d100000, 0x000000076d100000)
  object space 2718720K, 99% used [0x00000006c7200000,0x000000076d0f57c0,0x000000076d100000)
 Metaspace       used 59202K, capacity 59766K, committed 60584K, reserved 1101824K
  class space    used 7826K, capacity 7970K, committed 8112K, reserved 1048576K
}
Event: 32470.195 GC heap before
{Heap before GC invocations=2034 (full 1946):
 PSYoungGen      total 724992K, used 280064K [0x000000076d100000, 0x00000007b5580000, 0x00000007c0000000)
  eden space 280064K, 100% used [0x000000076d100000,0x000000077e280000,0x000000077e280000)
  from space 444928K, 0% used [0x000000079a300000,0x000000079a300000,0x00000007b5580000)
  to   space 452096K, 0% used [0x000000077e280000,0x000000077e280000,0x0000000799c00000)
 ParOldGen       total 2718720K, used 2718677K [0x00000006c7200000, 0x000000076d100000, 0x000000076d100000)
  object space 2718720K, 99% used [0x00000006c7200000,0x000000076d0f57c0,0x000000076d100000)
 Metaspace       used 59202K, capacity 59766K, committed 60584K, reserved 1101824K
  class space    used 7826K, capacity 7970K, committed 8112K, reserved 1048576K
Event: 32473.306 GC heap after
Heap after GC invocations=2034 (full 1946):
 PSYoungGen      total 724992K, used 280064K [0x000000076d100000, 0x00000007b5580000, 0x00000007c0000000)
  eden space 280064K, 100% used [0x000000076d100000,0x000000077e280000,0x000000077e280000)
  from space 444928K, 0% used [0x000000079a300000,0x000000079a300000,0x00000007b5580000)
  to   space 452096K, 0% used [0x000000077e280000,0x000000077e280000,0x0000000799c00000)
 ParOldGen       total 2718720K, used 2718677K [0x00000006c7200000, 0x000000076d100000, 0x000000076d100000)
  object space 2718720K, 99% used [0x00000006c7200000,0x000000076d0f57c0,0x000000076d100000)
 Metaspace       used 59202K, capacity 59766K, committed 60584K, reserved 1101824K
  class space    used 7826K, capacity 7970K, committed 8112K, reserved 1048576K
}
Event: 32473.306 GC heap before
{Heap before GC invocations=2035 (full 1947):
 PSYoungGen      total 724992K, used 280064K [0x000000076d100000, 0x00000007b5580000, 0x00000007c0000000)
  eden space 280064K, 100% used [0x000000076d100000,0x000000077e280000,0x000000077e280000)
  from space 444928K, 0% used [0x000000079a300000,0x000000079a300000,0x00000007b5580000)
  to   space 452096K, 0% used [0x000000077e280000,0x000000077e280000,0x0000000799c00000)
 ParOldGen       total 2718720K, used 2718681K [0x00000006c7200000, 0x000000076d100000, 0x000000076d100000)
  object space 2718720K, 99% used [0x00000006c7200000,0x000000076d0f66b8,0x000000076d100000)
 Metaspace       used 59202K, capacity 59766K, committed 60584K, reserved 1101824K
  class space    used 7826K, capacity 7970K, committed 8112K, reserved 1048576K
Event: 32476.245 GC heap after
Heap after GC invocations=2035 (full 1947):
 PSYoungGen      total 724992K, used 280063K [0x000000076d100000, 0x00000007b5580000, 0x00000007c0000000)
  eden space 280064K, 99% used [0x000000076d100000,0x000000077e27fc40,0x000000077e280000)
  from space 444928K, 0% used [0x000000079a300000,0x000000079a300000,0x00000007b5580000)
  to   space 452096K, 0% used [0x000000077e280000,0x000000077e280000,0x0000000799c00000)
 ParOldGen       total 2718720K, used 2718678K [0x00000006c7200000, 0x000000076d100000, 0x000000076d100000)
  object space 2718720K, 99% used [0x00000006c7200000,0x000000076d0f5b50,0x000000076d100000)
 Metaspace       used 59202K, capacity 59766K, committed 60584K, reserved 1101824K
  class space    used 7826K, capacity 7970K, committed 8112K, reserved 1048576K
}
Event: 32476.246 GC heap before
{Heap before GC invocations=2036 (full 1948):
 PSYoungGen      total 724992K, used 280064K [0x000000076d100000, 0x00000007b5580000, 0x00000007c0000000)
  eden space 280064K, 100% used [0x000000076d100000,0x000000077e280000,0x000000077e280000)
  from space 444928K, 0% used [0x000000079a300000,0x000000079a300000,0x00000007b5580000)
  to   space 452096K, 0% used [0x000000077e280000,0x000000077e280000,0x0000000799c00000)
 ParOldGen       total 2718720K, used 2718678K [0x00000006c7200000, 0x000000076d100000, 0x000000076d100000)
  object space 2718720K, 99% used [0x00000006c7200000,0x000000076d0f5b50,0x000000076d100000)
 Metaspace       used 59202K, capacity 59766K, committed 60584K, reserved 1101824K
  class space    used 7826K, capacity 7970K, committed 8112K, reserved 1048576K
Event: 32479.434 GC heap after
Heap after GC invocations=2036 (full 1948):
 PSYoungGen      total 724992K, used 280063K [0x000000076d100000, 0x00000007b5580000, 0x00000007c0000000)
  eden space 280064K, 99% used [0x000000076d100000,0x000000077e27fda0,0x000000077e280000)
  from space 444928K, 0% used [0x000000079a300000,0x000000079a300000,0x00000007b5580000)
  to   space 452096K, 0% used [0x000000077e280000,0x000000077e280000,0x0000000799c00000)
 ParOldGen       total 2718720K, used 2718678K [0x00000006c7200000, 0x000000076d100000, 0x000000076d100000)
  object space 2718720K, 99% used [0x00000006c7200000,0x000000076d0f5b50,0x000000076d100000)
 Metaspace       used 59202K, capacity 59766K, committed 60584K, reserved 1101824K
  class space    used 7826K, capacity 7970K, committed 8112K, reserved 1048576K
}
Event: 32479.434 GC heap before
{Heap before GC invocations=2037 (full 1949):
 PSYoungGen      total 724992K, used 280064K [0x000000076d100000, 0x00000007b5580000, 0x00000007c0000000)
  eden space 280064K, 100% used [0x000000076d100000,0x000000077e280000,0x000000077e280000)
  from space 444928K, 0% used [0x000000079a300000,0x000000079a300000,0x00000007b5580000)
  to   space 452096K, 0% used [0x000000077e280000,0x000000077e280000,0x0000000799c00000)
 ParOldGen       total 2718720K, used 2718678K [0x00000006c7200000, 0x000000076d100000, 0x000000076d100000)
  object space 2718720K, 99% used [0x00000006c7200000,0x000000076d0f5b50,0x000000076d100000)
 Metaspace       used 59202K, capacity 59766K, committed 60584K, reserved 1101824K
  class space    used 7826K, capacity 7970K, committed 8112K, reserved 1048576K
Event: 32482.368 GC heap after
Heap after GC invocations=2037 (full 1949):
 PSYoungGen      total 724992K, used 280063K [0x000000076d100000, 0x00000007b5580000, 0x00000007c0000000)
  eden space 280064K, 99% used [0x000000076d100000,0x000000077e27fd20,0x000000077e280000)
  from space 444928K, 0% used [0x000000079a300000,0x000000079a300000,0x00000007b5580000)
  to   space 452096K, 0% used [0x000000077e280000,0x000000077e280000,0x0000000799c00000)
 ParOldGen       total 2718720K, used 2718677K [0x00000006c7200000, 0x000000076d100000, 0x000000076d100000)
  object space 2718720K, 99% used [0x00000006c7200000,0x000000076d0f5620,0x000000076d100000)
 Metaspace       used 59202K, capacity 59766K, committed 60584K, reserved 1101824K
  class space    used 7826K, capacity 7970K, committed 8112K, reserved 1048576K
}
Event: 32482.368 GC heap before
{Heap before GC invocations=2038 (full 1950):
 PSYoungGen      total 724992K, used 280064K [0x000000076d100000, 0x00000007b5580000, 0x00000007c0000000)
  eden space 280064K, 100% used [0x000000076d100000,0x000000077e280000,0x000000077e280000)
  from space 444928K, 0% used [0x000000079a300000,0x000000079a300000,0x00000007b5580000)
  to   space 452096K, 0% used [0x000000077e280000,0x000000077e280000,0x0000000799c00000)
 ParOldGen       total 2718720K, used 2718677K [0x00000006c7200000, 0x000000076d100000, 0x000000076d100000)
  object space 2718720K, 99% used [0x00000006c7200000,0x000000076d0f5620,0x000000076d100000)
 Metaspace       used 59202K, capacity 59766K, committed 60584K, reserved 1101824K
  class space    used 7826K, capacity 7970K, committed 8112K, reserved 1048576K
Event: 32485.330 GC heap after
Heap after GC invocations=2038 (full 1950):
 PSYoungGen      total 724992K, used 280063K [0x000000076d100000, 0x00000007b5580000, 0x00000007c0000000)
  eden space 280064K, 99% used [0x000000076d100000,0x000000077e27fc80,0x000000077e280000)
  from space 444928K, 0% used [0x000000079a300000,0x000000079a300000,0x00000007b5580000)
  to   space 452096K, 0% used [0x000000077e280000,0x000000077e280000,0x0000000799c00000)
 ParOldGen       total 2718720K, used 2718677K [0x00000006c7200000, 0x000000076d100000, 0x000000076d100000)
  object space 2718720K, 99% used [0x00000006c7200000,0x000000076d0f5620,0x000000076d100000)
 Metaspace       used 59202K, capacity 59766K, committed 60584K, reserved 1101824K
  class space    used 7826K, capacity 7970K, committed 8112K, reserved 1048576K
}
Event: 32485.330 GC heap before
{Heap before GC invocations=2039 (full 1951):
 PSYoungGen      total 724992K, used 280064K [0x000000076d100000, 0x00000007b5580000, 0x00000007c0000000)
  eden space 280064K, 100% used [0x000000076d100000,0x000000077e280000,0x000000077e280000)
  from space 444928K, 0% used [0x000000079a300000,0x000000079a300000,0x00000007b5580000)
  to   space 452096K, 0% used [0x000000077e280000,0x000000077e280000,0x0000000799c00000)
 ParOldGen       total 2718720K, used 2718677K [0x00000006c7200000, 0x000000076d100000, 0x000000076d100000)
  object space 2718720K, 99% used [0x00000006c7200000,0x000000076d0f5620,0x000000076d100000)
 Metaspace       used 59202K, capacity 59766K, committed 60584K, reserved 1101824K
  class space    used 7826K, capacity 7970K, committed 8112K, reserved 1048576K
Event: 32488.524 GC heap after
Heap after GC invocations=2039 (full 1951):
 PSYoungGen      total 724992K, used 280063K [0x000000076d100000, 0x00000007b5580000, 0x00000007c0000000)
  eden space 280064K, 99% used [0x000000076d100000,0x000000077e27fcf0,0x000000077e280000)
  from space 444928K, 0% used [0x000000079a300000,0x000000079a300000,0x00000007b5580000)
  to   space 452096K, 0% used [0x000000077e280000,0x000000077e280000,0x0000000799c00000)
 ParOldGen       total 2718720K, used 2718676K [0x00000006c7200000, 0x000000076d100000, 0x000000076d100000)
  object space 2718720K, 99% used [0x00000006c7200000,0x000000076d0f50a0,0x000000076d100000)
 Metaspace       used 59202K, capacity 59766K, committed 60584K, reserved 1101824K
  class space    used 7826K, capacity 7970K, committed 8112K, reserved 1048576K
}
Event: 32488.524 GC heap before
{Heap before GC invocations=2040 (full 1952):
 PSYoungGen      total 724992K, used 280064K [0x000000076d100000, 0x00000007b5580000, 0x00000007c0000000)
  eden space 280064K, 100% used [0x000000076d100000,0x000000077e280000,0x000000077e280000)
  from space 444928K, 0% used [0x000000079a300000,0x000000079a300000,0x00000007b5580000)
  to   space 452096K, 0% used [0x000000077e280000,0x000000077e280000,0x0000000799c00000)
 ParOldGen       total 2718720K, used 2718676K [0x00000006c7200000, 0x000000076d100000, 0x000000076d100000)
  object space 2718720K, 99% used [0x00000006c7200000,0x000000076d0f50a0,0x000000076d100000)
 Metaspace       used 59202K, capacity 59766K, committed 60584K, reserved 1101824K
  class space    used 7826K, capacity 7970K, committed 8112K, reserved 1048576K
Event: 32491.578 GC heap after
Heap after GC invocations=2040 (full 1952):
 PSYoungGen      total 724992K, used 280063K [0x000000076d100000, 0x00000007b5580000, 0x00000007c0000000)
  eden space 280064K, 99% used [0x000000076d100000,0x000000077e27fd70,0x000000077e280000)
  from space 444928K, 0% used [0x000000079a300000,0x000000079a300000,0x00000007b5580000)
  to   space 452096K, 0% used [0x000000077e280000,0x000000077e280000,0x0000000799c00000)
 ParOldGen       total 2718720K, used 2718676K [0x00000006c7200000, 0x000000076d100000, 0x000000076d100000)
  object space 2718720K, 99% used [0x00000006c7200000,0x000000076d0f5000,0x000000076d100000)
 Metaspace       used 59202K, capacity 59766K, committed 60584K, reserved 1101824K
  class space    used 7826K, capacity 7970K, committed 8112K, reserved 1048576K
}
Event: 32491.578 GC heap before
{Heap before GC invocations=2041 (full 1953):
 PSYoungGen      total 724992K, used 280064K [0x000000076d100000, 0x00000007b5580000, 0x00000007c0000000)
  eden space 280064K, 100% used [0x000000076d100000,0x000000077e280000,0x000000077e280000)
  from space 444928K, 0% used [0x000000079a300000,0x000000079a300000,0x00000007b5580000)
  to   space 452096K, 0% used [0x000000077e280000,0x000000077e280000,0x0000000799c00000)
 ParOldGen       total 2718720K, used 2718676K [0x00000006c7200000, 0x000000076d100000, 0x000000076d100000)
  object space 2718720K, 99% used [0x00000006c7200000,0x000000076d0f5000,0x000000076d100000)
 Metaspace       used 59202K, capacity 59766K, committed 60584K, reserved 1101824K
  class space    used 7826K, capacity 7970K, committed 8112K, reserved 1048576K
Event: 32494.631 GC heap after
Heap after GC invocations=2041 (full 1953):
 PSYoungGen      total 724992K, used 280063K [0x000000076d100000, 0x00000007b5580000, 0x00000007c0000000)
  eden space 280064K, 99% used [0x000000076d100000,0x000000077e27fd98,0x000000077e280000)
  from space 444928K, 0% used [0x000000079a300000,0x000000079a300000,0x00000007b5580000)
  to   space 452096K, 0% used [0x000000077e280000,0x000000077e280000,0x0000000799c00000)
 ParOldGen       total 2718720K, used 2718675K [0x00000006c7200000, 0x000000076d100000, 0x000000076d100000)
  object space 2718720K, 99% used [0x00000006c7200000,0x000000076d0f4f70,0x000000076d100000)
 Metaspace       used 59202K, capacity 59766K, committed 60584K, reserved 1101824K
  class space    used 7826K, capacity 7970K, committed 8112K, reserved 1048576K
}
Event: 32494.631 GC heap before
{Heap before GC invocations=2042 (full 1954):
 PSYoungGen      total 724992K, used 280064K [0x000000076d100000, 0x00000007b5580000, 0x00000007c0000000)
  eden space 280064K, 100% used [0x000000076d100000,0x000000077e280000,0x000000077e280000)
  from space 444928K, 0% used [0x000000079a300000,0x000000079a300000,0x00000007b5580000)
  to   space 452096K, 0% used [0x000000077e280000,0x000000077e280000,0x0000000799c00000)
 ParOldGen       total 2718720K, used 2718675K [0x00000006c7200000, 0x000000076d100000, 0x000000076d100000)
  object space 2718720K, 99% used [0x00000006c7200000,0x000000076d0f4f70,0x000000076d100000)
 Metaspace       used 59202K, capacity 59766K, committed 60584K, reserved 1101824K
  class space    used 7826K, capacity 7970K, committed 8112K, reserved 1048576K
Event: 32497.621 GC heap after
Heap after GC invocations=2042 (full 1954):
 PSYoungGen      total 724992K, used 280063K [0x000000076d100000, 0x00000007b5580000, 0x00000007c0000000)
  eden space 280064K, 99% used [0x000000076d100000,0x000000077e27fe40,0x000000077e280000)
  from space 444928K, 0% used [0x000000079a300000,0x000000079a300000,0x00000007b5580000)
  to   space 452096K, 0% used [0x000000077e280000,0x000000077e280000,0x0000000799c00000)
 ParOldGen       total 2718720K, used 2718675K [0x00000006c7200000, 0x000000076d100000, 0x000000076d100000)
  object space 2718720K, 99% used [0x00000006c7200000,0x000000076d0f4f70,0x000000076d100000)
 Metaspace       used 59202K, capacity 59766K, committed 60584K, reserved 1101824K
  class space    used 7826K, capacity 7970K, committed 8112K, reserved 1048576K
}
Event: 32497.621 GC heap before
{Heap before GC invocations=2043 (full 1955):
 PSYoungGen      total 724992K, used 280064K [0x000000076d100000, 0x00000007b5580000, 0x00000007c0000000)
  eden space 280064K, 100% used [0x000000076d100000,0x000000077e280000,0x000000077e280000)
  from space 444928K, 0% used [0x000000079a300000,0x000000079a300000,0x00000007b5580000)
  to   space 452096K, 0% used [0x000000077e280000,0x000000077e280000,0x0000000799c00000)
 ParOldGen       total 2718720K, used 2718675K [0x00000006c7200000, 0x000000076d100000, 0x000000076d100000)
  object space 2718720K, 99% used [0x00000006c7200000,0x000000076d0f4f70,0x000000076d100000)
 Metaspace       used 59202K, capacity 59766K, committed 60584K, reserved 1101824K
  class space    used 7826K, capacity 7970K, committed 8112K, reserved 1048576K
Event: 32500.696 GC heap after
Heap after GC invocations=2043 (full 1955):
 PSYoungGen      total 724992K, used 280063K [0x000000076d100000, 0x00000007b5580000, 0x00000007c0000000)
  eden space 280064K, 99% used [0x000000076d100000,0x000000077e27fef8,0x000000077e280000)
  from space 444928K, 0% used [0x000000079a300000,0x000000079a300000,0x00000007b5580000)
  to   space 452096K, 0% used [0x000000077e280000,0x000000077e280000,0x0000000799c00000)
 ParOldGen       total 2718720K, used 2718675K [0x00000006c7200000, 0x000000076d100000, 0x000000076d100000)
  object space 2718720K, 99% used [0x00000006c7200000,0x000000076d0f4f70,0x000000076d100000)
 Metaspace       used 59202K, capacity 59766K, committed 60584K, reserved 1101824K
  class space    used 7826K, capacity 7970K, committed 8112K, reserved 1048576K
}
Event: 32500.696 GC heap before
{Heap before GC invocations=2044 (full 1956):
 PSYoungGen      total 724992K, used 280064K [0x000000076d100000, 0x00000007b5580000, 0x00000007c0000000)
  eden space 280064K, 100% used [0x000000076d100000,0x000000077e280000,0x000000077e280000)
  from space 444928K, 0% used [0x000000079a300000,0x000000079a300000,0x00000007b5580000)
  to   space 452096K, 0% used [0x000000077e280000,0x000000077e280000,0x0000000799c00000)
 ParOldGen       total 2718720K, used 2718675K [0x00000006c7200000, 0x000000076d100000, 0x000000076d100000)
  object space 2718720K, 99% used [0x00000006c7200000,0x000000076d0f4f70,0x000000076d100000)
 Metaspace       used 59202K, capacity 59766K, committed 60584K, reserved 1101824K
  class space    used 7826K, capacity 7970K, committed 8112K, reserved 1048576K
Event: 32503.690 GC heap after
Heap after GC invocations=2044 (full 1956):
 PSYoungGen      total 724992K, used 280063K [0x000000076d100000, 0x00000007b5580000, 0x00000007c0000000)
  eden space 280064K, 99% used [0x000000076d100000,0x000000077e27fe58,0x000000077e280000)
  from space 444928K, 0% used [0x000000079a300000,0x000000079a300000,0x00000007b5580000)
  to   space 452096K, 0% used [0x000000077e280000,0x000000077e280000,0x0000000799c00000)
 ParOldGen       total 2718720K, used 2718675K [0x00000006c7200000, 0x000000076d100000, 0x000000076d100000)
  object space 2718720K, 99% used [0x00000006c7200000,0x000000076d0f4f70,0x000000076d100000)
 Metaspace       used 59202K, capacity 59766K, committed 60584K, reserved 1101824K
  class space    used 7826K, capacity 7970K, committed 8112K, reserved 1048576K
}
Event: 32503.690 GC heap before
{Heap before GC invocations=2045 (full 1957):
 PSYoungGen      total 724992K, used 280064K [0x000000076d100000, 0x00000007b5580000, 0x00000007c0000000)
  eden space 280064K, 100% used [0x000000076d100000,0x000000077e280000,0x000000077e280000)
  from space 444928K, 0% used [0x000000079a300000,0x000000079a300000,0x00000007b5580000)
  to   space 452096K, 0% used [0x000000077e280000,0x000000077e280000,0x0000000799c00000)
 ParOldGen       total 2718720K, used 2718675K [0x00000006c7200000, 0x000000076d100000, 0x000000076d100000)
  object space 2718720K, 99% used [0x00000006c7200000,0x000000076d0f4f70,0x000000076d100000)
 Metaspace       used 59202K, capacity 59766K, committed 60584K, reserved 1101824K
  class space    used 7826K, capacity 7970K, committed 8112K, reserved 1048576K
Event: 32506.634 GC heap after
Heap after GC invocations=2045 (full 1957):
 PSYoungGen      total 724992K, used 280063K [0x000000076d100000, 0x00000007b5580000, 0x00000007c0000000)
  eden space 280064K, 99% used [0x000000076d100000,0x000000077e27fe78,0x000000077e280000)
  from space 444928K, 0% used [0x000000079a300000,0x000000079a300000,0x00000007b5580000)
  to   space 452096K, 0% used [0x000000077e280000,0x000000077e280000,0x0000000799c00000)
 ParOldGen       total 2718720K, used 2718675K [0x00000006c7200000, 0x000000076d100000, 0x000000076d100000)
  object space 2718720K, 99% used [0x00000006c7200000,0x000000076d0f4f70,0x000000076d100000)
 Metaspace       used 59202K, capacity 59766K, committed 60584K, reserved 1101824K
  class space    used 7826K, capacity 7970K, committed 8112K, reserved 1048576K
}
Event: 32506.634 GC heap before
{Heap before GC invocations=2046 (full 1958):
 PSYoungGen      total 724992K, used 280064K [0x000000076d100000, 0x00000007b5580000, 0x00000007c0000000)
  eden space 280064K, 100% used [0x000000076d100000,0x000000077e280000,0x000000077e280000)
  from space 444928K, 0% used [0x000000079a300000,0x000000079a300000,0x00000007b5580000)
  to   space 452096K, 0% used [0x000000077e280000,0x000000077e280000,0x0000000799c00000)
 ParOldGen       total 2718720K, used 2718675K [0x00000006c7200000, 0x000000076d100000, 0x000000076d100000)
  object space 2718720K, 99% used [0x00000006c7200000,0x000000076d0f4f70,0x000000076d100000)
 Metaspace       used 59202K, capacity 59766K, committed 60584K, reserved 1101824K
  class space    used 7826K, capacity 7970K, committed 8112K, reserved 1048576K
Event: 32509.676 GC heap after
Heap after GC invocations=2046 (full 1958):
 PSYoungGen      total 724992K, used 280063K [0x000000076d100000, 0x00000007b5580000, 0x00000007c0000000)
  eden space 280064K, 99% used [0x000000076d100000,0x000000077e27fe00,0x000000077e280000)
  from space 444928K, 0% used [0x000000079a300000,0x000000079a300000,0x00000007b5580000)
  to   space 452096K, 0% used [0x000000077e280000,0x000000077e280000,0x0000000799c00000)
 ParOldGen       total 2718720K, used 2718675K [0x00000006c7200000, 0x000000076d100000, 0x000000076d100000)
  object space 2718720K, 99% used [0x00000006c7200000,0x000000076d0f4f70,0x000000076d100000)
 Metaspace       used 59202K, capacity 59766K, committed 60584K, reserved 1101824K
  class space    used 7826K, capacity 7970K, committed 8112K, reserved 1048576K
}
Event: 32509.676 GC heap before
{Heap before GC invocations=2047 (full 1959):
 PSYoungGen      total 724992K, used 280064K [0x000000076d100000, 0x00000007b5580000, 0x00000007c0000000)
  eden space 280064K, 100% used [0x000000076d100000,0x000000077e280000,0x000000077e280000)
  from space 444928K, 0% used [0x000000079a300000,0x000000079a300000,0x00000007b5580000)
  to   space 452096K, 0% used [0x000000077e280000,0x000000077e280000,0x0000000799c00000)
 ParOldGen       total 2718720K, used 2718675K [0x00000006c7200000, 0x000000076d100000, 0x000000076d100000)
  object space 2718720K, 99% used [0x00000006c7200000,0x000000076d0f4f70,0x000000076d100000)
 Metaspace       used 59202K, capacity 59766K, committed 60584K, reserved 1101824K
  class space    used 7826K, capacity 7970K, committed 8112K, reserved 1048576K
Event: 32512.668 GC heap after
Heap after GC invocations=2047 (full 1959):
 PSYoungGen      total 724992K, used 280063K [0x000000076d100000, 0x00000007b5580000, 0x00000007c0000000)
  eden space 280064K, 99% used [0x000000076d100000,0x000000077e27fea0,0x000000077e280000)
  from space 444928K, 0% used [0x000000079a300000,0x000000079a300000,0x00000007b5580000)
  to   space 452096K, 0% used [0x000000077e280000,0x000000077e280000,0x0000000799c00000)
 ParOldGen       total 2718720K, used 2718675K [0x00000006c7200000, 0x000000076d100000, 0x000000076d100000)
  object space 2718720K, 99% used [0x00000006c7200000,0x000000076d0f4f70,0x000000076d100000)
 Metaspace       used 59202K, capacity 59766K, committed 60584K, reserved 1101824K
  class space    used 7826K, capacity 7970K, committed 8112K, reserved 1048576K
}
Event: 32512.669 GC heap before
{Heap before GC invocations=2048 (full 1960):
 PSYoungGen      total 724992K, used 280064K [0x000000076d100000, 0x00000007b5580000, 0x00000007c0000000)
  eden space 280064K, 100% used [0x000000076d100000,0x000000077e280000,0x000000077e280000)
  from space 444928K, 0% used [0x000000079a300000,0x000000079a300000,0x00000007b5580000)
  to   space 452096K, 0% used [0x000000077e280000,0x000000077e280000,0x0000000799c00000)
 ParOldGen       total 2718720K, used 2718675K [0x00000006c7200000, 0x000000076d100000, 0x000000076d100000)
  object space 2718720K, 99% used [0x00000006c7200000,0x000000076d0f4f70,0x000000076d100000)
 Metaspace       used 59202K, capacity 59766K, committed 60584K, reserved 1101824K
  class space    used 7826K, capacity 7970K, committed 8112K, reserved 1048576K
Event: 32515.775 GC heap after
Heap after GC invocations=2048 (full 1960):
 PSYoungGen      total 724992K, used 280063K [0x000000076d100000, 0x00000007b5580000, 0x00000007c0000000)
  eden space 280064K, 99% used [0x000000076d100000,0x000000077e27ff40,0x000000077e280000)
  from space 444928K, 0% used [0x000000079a300000,0x000000079a300000,0x00000007b5580000)
  to   space 452096K, 0% used [0x000000077e280000,0x000000077e280000,0x0000000799c00000)
 ParOldGen       total 2718720K, used 2718675K [0x00000006c7200000, 0x000000076d100000, 0x000000076d100000)
  object space 2718720K, 99% used [0x00000006c7200000,0x000000076d0f4f70,0x000000076d100000)
 Metaspace       used 59202K, capacity 59766K, committed 60584K, reserved 1101824K
  class space    used 7826K, capacity 7970K, committed 8112K, reserved 1048576K
}
Event: 32515.776 GC heap before
{Heap before GC invocations=2049 (full 1961):
 PSYoungGen      total 724992K, used 280064K [0x000000076d100000, 0x00000007b5580000, 0x00000007c0000000)
  eden space 280064K, 100% used [0x000000076d100000,0x000000077e280000,0x000000077e280000)
  from space 444928K, 0% used [0x000000079a300000,0x000000079a300000,0x00000007b5580000)
  to   space 452096K, 0% used [0x000000077e280000,0x000000077e280000,0x0000000799c00000)
 ParOldGen       total 2718720K, used 2718675K [0x00000006c7200000, 0x000000076d100000, 0x000000076d100000)
  object space 2718720K, 99% used [0x00000006c7200000,0x000000076d0f4f70,0x000000076d100000)
 Metaspace       used 59202K, capacity 59766K, committed 60584K, reserved 1101824K
  class space    used 7826K, capacity 7970K, committed 8112K, reserved 1048576K
Event: 32518.789 GC heap after
Heap after GC invocations=2049 (full 1961):
 PSYoungGen      total 724992K, used 280063K [0x000000076d100000, 0x00000007b5580000, 0x00000007c0000000)
  eden space 280064K, 99% used [0x000000076d100000,0x000000077e27ffc0,0x000000077e280000)
  from space 444928K, 0% used [0x000000079a300000,0x000000079a300000,0x00000007b5580000)
  to   space 452096K, 0% used [0x000000077e280000,0x000000077e280000,0x0000000799c00000)
 ParOldGen       total 2718720K, used 2718675K [0x00000006c7200000, 0x000000076d100000, 0x000000076d100000)
  object space 2718720K, 99% used [0x00000006c7200000,0x000000076d0f4f70,0x000000076d100000)
 Metaspace       used 59202K, capacity 59766K, committed 60584K, reserved 1101824K
  class space    used 7826K, capacity 7970K, committed 8112K, reserved 1048576K
}
Event: 32518.789 GC heap before
{Heap before GC invocations=2050 (full 1962):
 PSYoungGen      total 724992K, used 280064K [0x000000076d100000, 0x00000007b5580000, 0x00000007c0000000)
  eden space 280064K, 100% used [0x000000076d100000,0x000000077e280000,0x000000077e280000)
  from space 444928K, 0% used [0x000000079a300000,0x000000079a300000,0x00000007b5580000)
  to   space 452096K, 0% used [0x000000077e280000,0x000000077e280000,0x0000000799c00000)
 ParOldGen       total 2718720K, used 2718679K [0x00000006c7200000, 0x000000076d100000, 0x000000076d100000)
  object space 2718720K, 99% used [0x00000006c7200000,0x000000076d0f5c40,0x000000076d100000)
 Metaspace       used 59202K, capacity 59766K, committed 60584K, reserved 1101824K
  class space    used 7826K, capacity 7970K, committed 8112K, reserved 1048576K
Event: 32521.891 GC heap after
Heap after GC invocations=2050 (full 1962):
 PSYoungGen      total 724992K, used 280063K [0x000000076d100000, 0x00000007b5580000, 0x00000007c0000000)
  eden space 280064K, 99% used [0x000000076d100000,0x000000077e27fe40,0x000000077e280000)
  from space 444928K, 0% used [0x000000079a300000,0x000000079a300000,0x00000007b5580000)
  to   space 452096K, 0% used [0x000000077e280000,0x000000077e280000,0x0000000799c00000)
 ParOldGen       total 2718720K, used 2718676K [0x00000006c7200000, 0x000000076d100000, 0x000000076d100000)
  object space 2718720K, 99% used [0x00000006c7200000,0x000000076d0f5078,0x000000076d100000)
 Metaspace       used 59202K, capacity 59766K, committed 60584K, reserved 1101824K
  class space    used 7826K, capacity 7970K, committed 8112K, reserved 1048576K
}
Event: 32521.892 GC heap before
{Heap before GC invocations=2051 (full 1963):
 PSYoungGen      total 724992K, used 280064K [0x000000076d100000, 0x00000007b5580000, 0x00000007c0000000)
  eden space 280064K, 100% used [0x000000076d100000,0x000000077e280000,0x000000077e280000)
  from space 444928K, 0% used [0x000000079a300000,0x000000079a300000,0x00000007b5580000)
  to   space 452096K, 0% used [0x000000077e280000,0x000000077e280000,0x0000000799c00000)
 ParOldGen       total 2718720K, used 2718676K [0x00000006c7200000, 0x000000076d100000, 0x000000076d100000)
  object space 2718720K, 99% used [0x00000006c7200000,0x000000076d0f5078,0x000000076d100000)
 Metaspace       used 59202K, capacity 59766K, committed 60584K, reserved 1101824K
  class space    used 7826K, capacity 7970K, committed 8112K, reserved 1048576K
Event: 32525.027 GC heap after
Heap after GC invocations=2051 (full 1963):
 PSYoungGen      total 724992K, used 280063K [0x000000076d100000, 0x00000007b5580000, 0x00000007c0000000)
  eden space 280064K, 99% used [0x000000076d100000,0x000000077e27fee0,0x000000077e280000)
  from space 444928K, 0% used [0x000000079a300000,0x000000079a300000,0x00000007b5580000)
  to   space 452096K, 0% used [0x000000077e280000,0x000000077e280000,0x0000000799c00000)
 ParOldGen       total 2718720K, used 2718675K [0x00000006c7200000, 0x000000076d100000, 0x000000076d100000)
  object space 2718720K, 99% used [0x00000006c7200000,0x000000076d0f4ff8,0x000000076d100000)
 Metaspace       used 59202K, capacity 59766K, committed 60584K, reserved 1101824K
  class space    used 7826K, capacity 7970K, committed 8112K, reserved 1048576K
}
Event: 32525.027 GC heap before
{Heap before GC invocations=2052 (full 1964):
 PSYoungGen      total 724992K, used 280064K [0x000000076d100000, 0x00000007b5580000, 0x00000007c0000000)
  eden space 280064K, 100% used [0x000000076d100000,0x000000077e280000,0x000000077e280000)
  from space 444928K, 0% used [0x000000079a300000,0x000000079a300000,0x00000007b5580000)
  to   space 452096K, 0% used [0x000000077e280000,0x000000077e280000,0x0000000799c00000)
 ParOldGen       total 2718720K, used 2718675K [0x00000006c7200000, 0x000000076d100000, 0x000000076d100000)
  object space 2718720K, 99% used [0x00000006c7200000,0x000000076d0f4ff8,0x000000076d100000)
 Metaspace       used 59202K, capacity 59766K, committed 60584K, reserved 1101824K
  class space    used 7826K, capacity 7970K, committed 8112K, reserved 1048576K
Event: 32528.099 GC heap after
Heap after GC invocations=2052 (full 1964):
 PSYoungGen      total 724992K, used 280063K [0x000000076d100000, 0x00000007b5580000, 0x00000007c0000000)
  eden space 280064K, 99% used [0x000000076d100000,0x000000077e27ff18,0x000000077e280000)
  from space 444928K, 0% used [0x000000079a300000,0x000000079a300000,0x00000007b5580000)
  to   space 452096K, 0% used [0x000000077e280000,0x000000077e280000,0x0000000799c00000)
 ParOldGen       total 2718720K, used 2718675K [0x00000006c7200000, 0x000000076d100000, 0x000000076d100000)
  object space 2718720K, 99% used [0x00000006c7200000,0x000000076d0f4ff8,0x000000076d100000)
 Metaspace       used 59202K, capacity 59766K, committed 60584K, reserved 1101824K
  class space    used 7826K, capacity 7970K, committed 8112K, reserved 1048576K
}
Event: 32528.100 GC heap before
{Heap before GC invocations=2053 (full 1965):
 PSYoungGen      total 724992K, used 280063K [0x000000076d100000, 0x00000007b5580000, 0x00000007c0000000)
  eden space 280064K, 99% used [0x000000076d100000,0x000000077e27fff8,0x000000077e280000)
  from space 444928K, 0% used [0x000000079a300000,0x000000079a300000,0x00000007b5580000)
  to   space 452096K, 0% used [0x000000077e280000,0x000000077e280000,0x0000000799c00000)
 ParOldGen       total 2718720K, used 2718675K [0x00000006c7200000, 0x000000076d100000, 0x000000076d100000)
  object space 2718720K, 99% used [0x00000006c7200000,0x000000076d0f4ff8,0x000000076d100000)
 Metaspace       used 59202K, capacity 59766K, committed 60584K, reserved 1101824K
  class space    used 7826K, capacity 7970K, committed 8112K, reserved 1048576K
Event: 32531.438 GC heap after
Heap after GC invocations=2053 (full 1965):
 PSYoungGen      total 724992K, used 280063K [0x000000076d100000, 0x00000007b5580000, 0x00000007c0000000)
  eden space 280064K, 99% used [0x000000076d100000,0x000000077e27fff8,0x000000077e280000)
  from space 444928K, 0% used [0x000000079a300000,0x000000079a300000,0x00000007b5580000)
  to   space 452096K, 0% used [0x000000077e280000,0x000000077e280000,0x0000000799c00000)
 ParOldGen       total 2718720K, used 2718675K [0x00000006c7200000, 0x000000076d100000, 0x000000076d100000)
  object space 2718720K, 99% used [0x00000006c7200000,0x000000076d0f4f90,0x000000076d100000)
 Metaspace       used 59202K, capacity 59766K, committed 60584K, reserved 1101824K
  class space    used 7826K, capacity 7970K, committed 8112K, reserved 1048576K
}
Event: 32531.438 GC heap before
{Heap before GC invocations=2054 (full 1966):
 PSYoungGen      total 724992K, used 280063K [0x000000076d100000, 0x00000007b5580000, 0x00000007c0000000)
  eden space 280064K, 99% used [0x000000076d100000,0x000000077e27fff8,0x000000077e280000)
  from space 444928K, 0% used [0x000000079a300000,0x000000079a300000,0x00000007b5580000)
  to   space 452096K, 0% used [0x000000077e280000,0x000000077e280000,0x0000000799c00000)
 ParOldGen       total 2718720K, used 2718679K [0x00000006c7200000, 0x000000076d100000, 0x000000076d100000)
  object space 2718720K, 99% used [0x00000006c7200000,0x000000076d0f5ff8,0x000000076d100000)
 Metaspace       used 59202K, capacity 59766K, committed 60584K, reserved 1101824K
  class space    used 7826K, capacity 7970K, committed 8112K, reserved 1048576K
Event: 32534.955 GC heap after
Heap after GC invocations=2054 (full 1966):
 PSYoungGen      total 724992K, used 280063K [0x000000076d100000, 0x00000007b5580000, 0x00000007c0000000)
  eden space 280064K, 99% used [0x000000076d100000,0x000000077e27fec0,0x000000077e280000)
  from space 444928K, 0% used [0x000000079a300000,0x000000079a300000,0x00000007b5580000)
  to   space 452096K, 0% used [0x000000077e280000,0x000000077e280000,0x0000000799c00000)
 ParOldGen       total 2718720K, used 2718676K [0x00000006c7200000, 0x000000076d100000, 0x000000076d100000)
  object space 2718720K, 99% used [0x00000006c7200000,0x000000076d0f51a8,0x000000076d100000)
 Metaspace       used 59202K, capacity 59766K, committed 60584K, reserved 1101824K
  class space    used 7826K, capacity 7970K, committed 8112K, reserved 1048576K
}
Event: 32534.956 GC heap before
{Heap before GC invocations=2055 (full 1967):
 PSYoungGen      total 724992K, used 280063K [0x000000076d100000, 0x00000007b5580000, 0x00000007c0000000)
  eden space 280064K, 99% used [0x000000076d100000,0x000000077e27ffe8,0x000000077e280000)
  from space 444928K, 0% used [0x000000079a300000,0x000000079a300000,0x00000007b5580000)
  to   space 452096K, 0% used [0x000000077e280000,0x000000077e280000,0x0000000799c00000)
 ParOldGen       total 2718720K, used 2718676K [0x00000006c7200000, 0x000000076d100000, 0x000000076d100000)
  object space 2718720K, 99% used [0x00000006c7200000,0x000000076d0f51a8,0x000000076d100000)
 Metaspace       used 59202K, capacity 59766K, committed 60584K, reserved 1101824K
  class space    used 7826K, capacity 7970K, committed 8112K, reserved 1048576K
Event: 32538.079 GC heap after
Heap after GC invocations=2055 (full 1967):
 PSYoungGen      total 724992K, used 280063K [0x000000076d100000, 0x00000007b5580000, 0x00000007c0000000)
  eden space 280064K, 99% used [0x000000076d100000,0x000000077e27ffe8,0x000000077e280000)
  from space 444928K, 0% used [0x000000079a300000,0x000000079a300000,0x00000007b5580000)
  to   space 452096K, 0% used [0x000000077e280000,0x000000077e280000,0x0000000799c00000)
 ParOldGen       total 2718720K, used 2718676K [0x00000006c7200000, 0x000000076d100000, 0x000000076d100000)
  object space 2718720K, 99% used [0x00000006c7200000,0x000000076d0f51a8,0x000000076d100000)
 Metaspace       used 59202K, capacity 59766K, committed 60584K, reserved 1101824K
  class space    used 7826K, capacity 7970K, committed 8112K, reserved 1048576K
}
Event: 32538.079 GC heap before
{Heap before GC invocations=2056 (full 1968):
 PSYoungGen      total 724992K, used 280064K [0x000000076d100000, 0x00000007b5580000, 0x00000007c0000000)
  eden space 280064K, 100% used [0x000000076d100000,0x000000077e280000,0x000000077e280000)
  from space 444928K, 0% used [0x000000079a300000,0x000000079a300000,0x00000007b5580000)
  to   space 452096K, 0% used [0x000000077e280000,0x000000077e280000,0x0000000799c00000)
 ParOldGen       total 2718720K, used 2718683K [0x00000006c7200000, 0x000000076d100000, 0x000000076d100000)
  object space 2718720K, 99% used [0x00000006c7200000,0x000000076d0f6e48,0x000000076d100000)
 Metaspace       used 59202K, capacity 59766K, committed 60584K, reserved 1101824K
  class space    used 7826K, capacity 7970K, committed 8112K, reserved 1048576K
Event: 32541.127 GC heap after
Heap after GC invocations=2056 (full 1968):
 PSYoungGen      total 724992K, used 280063K [0x000000076d100000, 0x00000007b5580000, 0x00000007c0000000)
  eden space 280064K, 99% used [0x000000076d100000,0x000000077e27fef0,0x000000077e280000)
  from space 444928K, 0% used [0x000000079a300000,0x000000079a300000,0x00000007b5580000)
  to   space 452096K, 0% used [0x000000077e280000,0x000000077e280000,0x0000000799c00000)
 ParOldGen       total 2718720K, used 2718676K [0x00000006c7200000, 0x000000076d100000, 0x000000076d100000)
  object space 2718720K, 99% used [0x00000006c7200000,0x000000076d0f5118,0x000000076d100000)
 Metaspace       used 59202K, capacity 59766K, committed 60584K, reserved 1101824K
  class space    used 7826K, capacity 7970K, committed 8112K, reserved 1048576K
}
Event: 32541.128 GC heap before
{Heap before GC invocations=2057 (full 1969):
 PSYoungGen      total 724992K, used 280064K [0x000000076d100000, 0x00000007b5580000, 0x00000007c0000000)
  eden space 280064K, 100% used [0x000000076d100000,0x000000077e280000,0x000000077e280000)
  from space 444928K, 0% used [0x000000079a300000,0x000000079a300000,0x00000007b5580000)
  to   space 452096K, 0% used [0x000000077e280000,0x000000077e280000,0x0000000799c00000)
 ParOldGen       total 2718720K, used 2718676K [0x00000006c7200000, 0x000000076d100000, 0x000000076d100000)
  object space 2718720K, 99% used [0x00000006c7200000,0x000000076d0f5118,0x000000076d100000)
 Metaspace       used 59202K, capacity 59766K, committed 60584K, reserved 1101824K
  class space    used 7826K, capacity 7970K, committed 8112K, reserved 1048576K
Event: 32544.351 GC heap after
Heap after GC invocations=2057 (full 1969):
 PSYoungGen      total 724992K, used 280063K [0x000000076d100000, 0x00000007b5580000, 0x00000007c0000000)
  eden space 280064K, 99% used [0x000000076d100000,0x000000077e27ff38,0x000000077e280000)
  from space 444928K, 0% used [0x000000079a300000,0x000000079a300000,0x00000007b5580000)
  to   space 452096K, 0% used [0x000000077e280000,0x000000077e280000,0x0000000799c00000)
 ParOldGen       total 2718720K, used 2718676K [0x00000006c7200000, 0x000000076d100000, 0x000000076d100000)
  object space 2718720K, 99% used [0x00000006c7200000,0x000000076d0f50a0,0x000000076d100000)
 Metaspace       used 59202K, capacity 59766K, committed 60584K, reserved 1101824K
  class space    used 7826K, capacity 7970K, committed 8112K, reserved 1048576K
}
Event: 32544.351 GC heap before
{Heap before GC invocations=2058 (full 1970):
 PSYoungGen      total 724992K, used 280064K [0x000000076d100000, 0x00000007b5580000, 0x00000007c0000000)
  eden space 280064K, 100% used [0x000000076d100000,0x000000077e280000,0x000000077e280000)
  from space 444928K, 0% used [0x000000079a300000,0x000000079a300000,0x00000007b5580000)
  to   space 452096K, 0% used [0x000000077e280000,0x000000077e280000,0x0000000799c00000)
 ParOldGen       total 2718720K, used 2718676K [0x00000006c7200000, 0x000000076d100000, 0x000000076d100000)
  object space 2718720K, 99% used [0x00000006c7200000,0x000000076d0f50a0,0x000000076d100000)
 Metaspace       used 59202K, capacity 59766K, committed 60584K, reserved 1101824K
  class space    used 7826K, capacity 7970K, committed 8112K, reserved 1048576K
Event: 32547.310 GC heap after
Heap after GC invocations=2058 (full 1970):
 PSYoungGen      total 724992K, used 280063K [0x000000076d100000, 0x00000007b5580000, 0x00000007c0000000)
  eden space 280064K, 99% used [0x000000076d100000,0x000000077e27ff70,0x000000077e280000)
  from space 444928K, 0% used [0x000000079a300000,0x000000079a300000,0x00000007b5580000)
  to   space 452096K, 0% used [0x000000077e280000,0x000000077e280000,0x0000000799c00000)
 ParOldGen       total 2718720K, used 2718676K [0x00000006c7200000, 0x000000076d100000, 0x000000076d100000)
  object space 2718720K, 99% used [0x00000006c7200000,0x000000076d0f50a0,0x000000076d100000)
 Metaspace       used 59202K, capacity 59766K, committed 60584K, reserved 1101824K
  class space    used 7826K, capacity 7970K, committed 8112K, reserved 1048576K
}
Event: 32547.310 GC heap before
{Heap before GC invocations=2059 (full 1971):
 PSYoungGen      total 724992K, used 280064K [0x000000076d100000, 0x00000007b5580000, 0x00000007c0000000)
  eden space 280064K, 100% used [0x000000076d100000,0x000000077e280000,0x000000077e280000)
  from space 444928K, 0% used [0x000000079a300000,0x000000079a300000,0x00000007b5580000)
  to   space 452096K, 0% used [0x000000077e280000,0x000000077e280000,0x0000000799c00000)
 ParOldGen       total 2718720K, used 2718676K [0x00000006c7200000, 0x000000076d100000, 0x000000076d100000)
  object space 2718720K, 99% used [0x00000006c7200000,0x000000076d0f50a0,0x000000076d100000)
 Metaspace       used 59202K, capacity 59766K, committed 60584K, reserved 1101824K
  class space    used 7826K, capacity 7970K, committed 8112K, reserved 1048576K
Event: 32550.351 GC heap after
Heap after GC invocations=2059 (full 1971):
 PSYoungGen      total 724992K, used 280063K [0x000000076d100000, 0x00000007b5580000, 0x00000007c0000000)
  eden space 280064K, 99% used [0x000000076d100000,0x000000077e27ffe8,0x000000077e280000)
  from space 444928K, 0% used [0x000000079a300000,0x000000079a300000,0x00000007b5580000)
  to   space 452096K, 0% used [0x000000077e280000,0x000000077e280000,0x0000000799c00000)
 ParOldGen       total 2718720K, used 2718676K [0x00000006c7200000, 0x000000076d100000, 0x000000076d100000)
  object space 2718720K, 99% used [0x00000006c7200000,0x000000076d0f50a0,0x000000076d100000)
 Metaspace       used 59202K, capacity 59766K, committed 60584K, reserved 1101824K
  class space    used 7826K, capacity 7970K, committed 8112K, reserved 1048576K
}
Event: 32550.351 GC heap before
{Heap before GC invocations=2060 (full 1972):
 PSYoungGen      total 724992K, used 280064K [0x000000076d100000, 0x00000007b5580000, 0x00000007c0000000)
  eden space 280064K, 100% used [0x000000076d100000,0x000000077e280000,0x000000077e280000)
  from space 444928K, 0% used [0x000000079a300000,0x000000079a300000,0x00000007b5580000)
  to   space 452096K, 0% used [0x000000077e280000,0x000000077e280000,0x0000000799c00000)
 ParOldGen       total 2718720K, used 2718682K [0x00000006c7200000, 0x000000076d100000, 0x000000076d100000)
  object space 2718720K, 99% used [0x00000006c7200000,0x000000076d0f69c8,0x000000076d100000)
 Metaspace       used 59202K, capacity 59766K, committed 60584K, reserved 1101824K
  class space    used 7826K, capacity 7970K, committed 8112K, reserved 1048576K
Event: 32553.495 GC heap after
Heap after GC invocations=2060 (full 1972):
 PSYoungGen      total 724992K, used 280063K [0x000000076d100000, 0x00000007b5580000, 0x00000007c0000000)
  eden space 280064K, 99% used [0x000000076d100000,0x000000077e27ff70,0x000000077e280000)
  from space 444928K, 0% used [0x000000079a300000,0x000000079a300000,0x00000007b5580000)
  to   space 452096K, 0% used [0x000000077e280000,0x000000077e280000,0x0000000799c00000)
 ParOldGen       total 2718720K, used 2718677K [0x00000006c7200000, 0x000000076d100000, 0x000000076d100000)
  object space 2718720K, 99% used [0x00000006c7200000,0x000000076d0f54c8,0x000000076d100000)
 Metaspace       used 59202K, capacity 59766K, committed 60584K, reserved 1101824K
  class space    used 7826K, capacity 7970K, committed 8112K, reserved 1048576K
}
Event: 32553.495 GC heap before
{Heap before GC invocations=2061 (full 1973):
 PSYoungGen      total 724992K, used 280064K [0x000000076d100000, 0x00000007b5580000, 0x00000007c0000000)
  eden space 280064K, 100% used [0x000000076d100000,0x000000077e280000,0x000000077e280000)
  from space 444928K, 0% used [0x000000079a300000,0x000000079a300000,0x00000007b5580000)
  to   space 452096K, 0% used [0x000000077e280000,0x000000077e280000,0x0000000799c00000)
 ParOldGen       total 2718720K, used 2718682K [0x00000006c7200000, 0x000000076d100000, 0x000000076d100000)
  object space 2718720K, 99% used [0x00000006c7200000,0x000000076d0f6a60,0x000000076d100000)
 Metaspace       used 59202K, capacity 59766K, committed 60584K, reserved 1101824K
  class space    used 7826K, capacity 7970K, committed 8112K, reserved 1048576K
Event: 32556.550 GC heap after
Heap after GC invocations=2061 (full 1973):
 PSYoungGen      total 724992K, used 280063K [0x000000076d100000, 0x00000007b5580000, 0x00000007c0000000)
  eden space 280064K, 99% used [0x000000076d100000,0x000000077e27fef8,0x000000077e280000)
  from space 444928K, 0% used [0x000000079a300000,0x000000079a300000,0x00000007b5580000)
  to   space 452096K, 0% used [0x000000077e280000,0x000000077e280000,0x0000000799c00000)
 ParOldGen       total 2718720K, used 2718677K [0x00000006c7200000, 0x000000076d100000, 0x000000076d100000)
  object space 2718720K, 99% used [0x00000006c7200000,0x000000076d0f5620,0x000000076d100000)
 Metaspace       used 59202K, capacity 59766K, committed 60584K, reserved 1101824K
  class space    used 7826K, capacity 7970K, committed 8112K, reserved 1048576K
}
Event: 32556.551 GC heap before
{Heap before GC invocations=2062 (full 1974):
 PSYoungGen      total 724992K, used 280064K [0x000000076d100000, 0x00000007b5580000, 0x00000007c0000000)
  eden space 280064K, 100% used [0x000000076d100000,0x000000077e280000,0x000000077e280000)
  from space 444928K, 0% used [0x000000079a300000,0x000000079a300000,0x00000007b5580000)
  to   space 452096K, 0% used [0x000000077e280000,0x000000077e280000,0x0000000799c00000)
 ParOldGen       total 2718720K, used 2718677K [0x00000006c7200000, 0x000000076d100000, 0x000000076d100000)
  object space 2718720K, 99% used [0x00000006c7200000,0x000000076d0f5620,0x000000076d100000)
 Metaspace       used 59202K, capacity 59766K, committed 60584K, reserved 1101824K
  class space    used 7826K, capacity 7970K, committed 8112K, reserved 1048576K
Event: 32559.645 GC heap after
Heap after GC invocations=2062 (full 1974):
 PSYoungGen      total 724992K, used 280063K [0x000000076d100000, 0x00000007b5580000, 0x00000007c0000000)
  eden space 280064K, 99% used [0x000000076d100000,0x000000077e27fef8,0x000000077e280000)
  from space 444928K, 0% used [0x000000079a300000,0x000000079a300000,0x00000007b5580000)
  to   space 452096K, 0% used [0x000000077e280000,0x000000077e280000,0x0000000799c00000)
 ParOldGen       total 2718720K, used 2718677K [0x00000006c7200000, 0x000000076d100000, 0x000000076d100000)
  object space 2718720K, 99% used [0x00000006c7200000,0x000000076d0f55a8,0x000000076d100000)
 Metaspace       used 59202K, capacity 59766K, committed 60584K, reserved 1101824K
  class space    used 7826K, capacity 7970K, committed 8112K, reserved 1048576K
}
Event: 32559.645 GC heap before
{Heap before GC invocations=2063 (full 1975):
 PSYoungGen      total 724992K, used 280064K [0x000000076d100000, 0x00000007b5580000, 0x00000007c0000000)
  eden space 280064K, 100% used [0x000000076d100000,0x000000077e280000,0x000000077e280000)
  from space 444928K, 0% used [0x000000079a300000,0x000000079a300000,0x00000007b5580000)
  to   space 452096K, 0% used [0x000000077e280000,0x000000077e280000,0x0000000799c00000)
 ParOldGen       total 2718720K, used 2718677K [0x00000006c7200000, 0x000000076d100000, 0x000000076d100000)
  object space 2718720K, 99% used [0x00000006c7200000,0x000000076d0f55a8,0x000000076d100000)
 Metaspace       used 59202K, capacity 59766K, committed 60584K, reserved 1101824K
  class space    used 7826K, capacity 7970K, committed 8112K, reserved 1048576K
Event: 32562.797 GC heap after
Heap after GC invocations=2063 (full 1975):
 PSYoungGen      total 724992K, used 280063K [0x000000076d100000, 0x00000007b5580000, 0x00000007c0000000)
  eden space 280064K, 99% used [0x000000076d100000,0x000000077e27ff90,0x000000077e280000)
  from space 444928K, 0% used [0x000000079a300000,0x000000079a300000,0x00000007b5580000)
  to   space 452096K, 0% used [0x000000077e280000,0x000000077e280000,0x0000000799c00000)
 ParOldGen       total 2718720K, used 2718677K [0x00000006c7200000, 0x000000076d100000, 0x000000076d100000)
  object space 2718720K, 99% used [0x00000006c7200000,0x000000076d0f5568,0x000000076d100000)
 Metaspace       used 59202K, capacity 59766K, committed 60584K, reserved 1101824K
  class space    used 7826K, capacity 7970K, committed 8112K, reserved 1048576K
}
Event: 32562.797 GC heap before
{Heap before GC invocations=2064 (full 1976):
 PSYoungGen      total 724992K, used 280064K [0x000000076d100000, 0x00000007b5580000, 0x00000007c0000000)
  eden space 280064K, 100% used [0x000000076d100000,0x000000077e280000,0x000000077e280000)
  from space 444928K, 0% used [0x000000079a300000,0x000000079a300000,0x00000007b5580000)
  to   space 452096K, 0% used [0x000000077e280000,0x000000077e280000,0x0000000799c00000)
 ParOldGen       total 2718720K, used 2718677K [0x00000006c7200000, 0x000000076d100000, 0x000000076d100000)
  object space 2718720K, 99% used [0x00000006c7200000,0x000000076d0f5568,0x000000076d100000)
 Metaspace       used 59202K, capacity 59766K, committed 60584K, reserved 1101824K
  class space    used 7826K, capacity 7970K, committed 8112K, reserved 1048576K
Event: 32565.861 GC heap after
Heap after GC invocations=2064 (full 1976):
 PSYoungGen      total 724992K, used 280063K [0x000000076d100000, 0x00000007b5580000, 0x00000007c0000000)
  eden space 280064K, 99% used [0x000000076d100000,0x000000077e27ffd8,0x000000077e280000)
  from space 444928K, 0% used [0x000000079a300000,0x000000079a300000,0x00000007b5580000)
  to   space 452096K, 0% used [0x000000077e280000,0x000000077e280000,0x0000000799c00000)
 ParOldGen       total 2718720K, used 2718677K [0x00000006c7200000, 0x000000076d100000, 0x000000076d100000)
  object space 2718720K, 99% used [0x00000006c7200000,0x000000076d0f5568,0x000000076d100000)
 Metaspace       used 59202K, capacity 59766K, committed 60584K, reserved 1101824K
  class space    used 7826K, capacity 7970K, committed 8112K, reserved 1048576K
}
Event: 32565.862 GC heap before
{Heap before GC invocations=2065 (full 1977):
 PSYoungGen      total 724992K, used 280063K [0x000000076d100000, 0x00000007b5580000, 0x00000007c0000000)
  eden space 280064K, 99% used [0x000000076d100000,0x000000077e27fff8,0x000000077e280000)
  from space 444928K, 0% used [0x000000079a300000,0x000000079a300000,0x00000007b5580000)
  to   space 452096K, 0% used [0x000000077e280000,0x000000077e280000,0x0000000799c00000)
 ParOldGen       total 2718720K, used 2718677K [0x00000006c7200000, 0x000000076d100000, 0x000000076d100000)
  object space 2718720K, 99% used [0x00000006c7200000,0x000000076d0f5568,0x000000076d100000)
 Metaspace       used 59202K, capacity 59766K, committed 60584K, reserved 1101824K
  class space    used 7826K, capacity 7970K, committed 8112K, reserved 1048576K
Event: 32568.966 GC heap after
Heap after GC invocations=2065 (full 1977):
 PSYoungGen      total 724992K, used 280063K [0x000000076d100000, 0x00000007b5580000, 0x00000007c0000000)
  eden space 280064K, 99% used [0x000000076d100000,0x000000077e27fff8,0x000000077e280000)
  from space 444928K, 0% used [0x000000079a300000,0x000000079a300000,0x00000007b5580000)
  to   space 452096K, 0% used [0x000000077e280000,0x000000077e280000,0x0000000799c00000)
 ParOldGen       total 2718720K, used 2718677K [0x00000006c7200000, 0x000000076d100000, 0x000000076d100000)
  object space 2718720K, 99% used [0x00000006c7200000,0x000000076d0f5568,0x000000076d100000)
 Metaspace       used 59202K, capacity 59766K, committed 60584K, reserved 1101824K
  class space    used 7826K, capacity 7970K, committed 8112K, reserved 1048576K
}
Event: 32568.966 GC heap before
{Heap before GC invocations=2066 (full 1978):
 PSYoungGen      total 724992K, used 280063K [0x000000076d100000, 0x00000007b5580000, 0x00000007c0000000)
  eden space 280064K, 99% used [0x000000076d100000,0x000000077e27fff8,0x000000077e280000)
  from space 444928K, 0% used [0x000000079a300000,0x000000079a300000,0x00000007b5580000)
  to   space 452096K, 0% used [0x000000077e280000,0x000000077e280000,0x0000000799c00000)
 ParOldGen       total 2718720K, used 2718682K [0x00000006c7200000, 0x000000076d100000, 0x000000076d100000)
  object space 2718720K, 99% used [0x00000006c7200000,0x000000076d0f6a48,0x000000076d100000)
 Metaspace       used 59202K, capacity 59766K, committed 60584K, reserved 1101824K
  class space    used 7826K, capacity 7970K, committed 8112K, reserved 1048576K
Event: 32572.021 GC heap after
Heap after GC invocations=2066 (full 1978):
 PSYoungGen      total 724992K, used 280063K [0x000000076d100000, 0x00000007b5580000, 0x00000007c0000000)
  eden space 280064K, 99% used [0x000000076d100000,0x000000077e27feb8,0x000000077e280000)
  from space 444928K, 0% used [0x000000079a300000,0x000000079a300000,0x00000007b5580000)
  to   space 452096K, 0% used [0x000000077e280000,0x000000077e280000,0x0000000799c00000)
 ParOldGen       total 2718720K, used 2718677K [0x00000006c7200000, 0x000000076d100000, 0x000000076d100000)
  object space 2718720K, 99% used [0x00000006c7200000,0x000000076d0f5718,0x000000076d100000)
 Metaspace       used 59202K, capacity 59766K, committed 60584K, reserved 1101824K
  class space    used 7826K, capacity 7970K, committed 8112K, reserved 1048576K
}
Event: 32572.021 GC heap before
{Heap before GC invocations=2067 (full 1979):
 PSYoungGen      total 724992K, used 280064K [0x000000076d100000, 0x00000007b5580000, 0x00000007c0000000)
  eden space 280064K, 100% used [0x000000076d100000,0x000000077e280000,0x000000077e280000)
  from space 444928K, 0% used [0x000000079a300000,0x000000079a300000,0x00000007b5580000)
  to   space 452096K, 0% used [0x000000077e280000,0x000000077e280000,0x0000000799c00000)
 ParOldGen       total 2718720K, used 2718677K [0x00000006c7200000, 0x000000076d100000, 0x000000076d100000)
  object space 2718720K, 99% used [0x00000006c7200000,0x000000076d0f5718,0x000000076d100000)
 Metaspace       used 59202K, capacity 59766K, committed 60584K, reserved 1101824K
  class space    used 7826K, capacity 7970K, committed 8112K, reserved 1048576K
Event: 32575.076 GC heap after
Heap after GC invocations=2067 (full 1979):
 PSYoungGen      total 724992K, used 280063K [0x000000076d100000, 0x00000007b5580000, 0x00000007c0000000)
  eden space 280064K, 99% used [0x000000076d100000,0x000000077e27ff90,0x000000077e280000)
  from space 444928K, 0% used [0x000000079a300000,0x000000079a300000,0x00000007b5580000)
  to   space 452096K, 0% used [0x000000077e280000,0x000000077e280000,0x0000000799c00000)
 ParOldGen       total 2718720K, used 2718677K [0x00000006c7200000, 0x000000076d100000, 0x000000076d100000)
  object space 2718720K, 99% used [0x00000006c7200000,0x000000076d0f56f8,0x000000076d100000)
 Metaspace       used 59202K, capacity 59766K, committed 60584K, reserved 1101824K
  class space    used 7826K, capacity 7970K, committed 8112K, reserved 1048576K
}
Event: 32575.076 GC heap before
{Heap before GC invocations=2068 (full 1980):
 PSYoungGen      total 724992K, used 280064K [0x000000076d100000, 0x00000007b5580000, 0x00000007c0000000)
  eden space 280064K, 100% used [0x000000076d100000,0x000000077e280000,0x000000077e280000)
  from space 444928K, 0% used [0x000000079a300000,0x000000079a300000,0x00000007b5580000)
  to   space 452096K, 0% used [0x000000077e280000,0x000000077e280000,0x0000000799c00000)
 ParOldGen       total 2718720K, used 2718677K [0x00000006c7200000, 0x000000076d100000, 0x000000076d100000)
  object space 2718720K, 99% used [0x00000006c7200000,0x000000076d0f56f8,0x000000076d100000)
 Metaspace       used 59202K, capacity 59766K, committed 60584K, reserved 1101824K
  class space    used 7826K, capacity 7970K, committed 8112K, reserved 1048576K
Event: 32578.112 GC heap after
Heap after GC invocations=2068 (full 1980):
 PSYoungGen      total 724992K, used 280063K [0x000000076d100000, 0x00000007b5580000, 0x00000007c0000000)
  eden space 280064K, 99% used [0x000000076d100000,0x000000077e27ff98,0x000000077e280000)
  from space 444928K, 0% used [0x000000079a300000,0x000000079a300000,0x00000007b5580000)
  to   space 452096K, 0% used [0x000000077e280000,0x000000077e280000,0x0000000799c00000)
 ParOldGen       total 2718720K, used 2718677K [0x00000006c7200000, 0x000000076d100000, 0x000000076d100000)
  object space 2718720K, 99% used [0x00000006c7200000,0x000000076d0f56d8,0x000000076d100000)
 Metaspace       used 59202K, capacity 59766K, committed 60584K, reserved 1101824K
  class space    used 7826K, capacity 7970K, committed 8112K, reserved 1048576K
}
Event: 32578.112 GC heap before
{Heap before GC invocations=2069 (full 1981):
 PSYoungGen      total 724992K, used 280064K [0x000000076d100000, 0x00000007b5580000, 0x00000007c0000000)
  eden space 280064K, 100% used [0x000000076d100000,0x000000077e280000,0x000000077e280000)
  from space 444928K, 0% used [0x000000079a300000,0x000000079a300000,0x00000007b5580000)
  to   space 452096K, 0% used [0x000000077e280000,0x000000077e280000,0x0000000799c00000)
 ParOldGen       total 2718720K, used 2718677K [0x00000006c7200000, 0x000000076d100000, 0x000000076d100000)
  object space 2718720K, 99% used [0x00000006c7200000,0x000000076d0f56d8,0x000000076d100000)
 Metaspace       used 59202K, capacity 59766K, committed 60584K, reserved 1101824K
  class space    used 7826K, capacity 7970K, committed 8112K, reserved 1048576K
Event: 32581.228 GC heap after
Heap after GC invocations=2069 (full 1981):
 PSYoungGen      total 724992K, used 280063K [0x000000076d100000, 0x00000007b5580000, 0x00000007c0000000)
  eden space 280064K, 99% used [0x000000076d100000,0x000000077e27ffd0,0x000000077e280000)
  from space 444928K, 0% used [0x000000079a300000,0x000000079a300000,0x00000007b5580000)
  to   space 452096K, 0% used [0x000000077e280000,0x000000077e280000,0x0000000799c00000)
 ParOldGen       total 2718720K, used 2718677K [0x00000006c7200000, 0x000000076d100000, 0x000000076d100000)
  object space 2718720K, 99% used [0x00000006c7200000,0x000000076d0f56b8,0x000000076d100000)
 Metaspace       used 59202K, capacity 59766K, committed 60584K, reserved 1101824K
  class space    used 7826K, capacity 7970K, committed 8112K, reserved 1048576K
}
Event: 32581.228 GC heap before
{Heap before GC invocations=2070 (full 1982):
 PSYoungGen      total 724992K, used 280063K [0x000000076d100000, 0x00000007b5580000, 0x00000007c0000000)
  eden space 280064K, 99% used [0x000000076d100000,0x000000077e27fff0,0x000000077e280000)
  from space 444928K, 0% used [0x000000079a300000,0x000000079a300000,0x00000007b5580000)
  to   space 452096K, 0% used [0x000000077e280000,0x000000077e280000,0x0000000799c00000)
 ParOldGen       total 2718720K, used 2718677K [0x00000006c7200000, 0x000000076d100000, 0x000000076d100000)
  object space 2718720K, 99% used [0x00000006c7200000,0x000000076d0f56b8,0x000000076d100000)
 Metaspace       used 59202K, capacity 59766K, committed 60584K, reserved 1101824K
  class space    used 7826K, capacity 7970K, committed 8112K, reserved 1048576K
Event: 32584.732 GC heap after
Heap after GC invocations=2070 (full 1982):
 PSYoungGen      total 724992K, used 280063K [0x000000076d100000, 0x00000007b5580000, 0x00000007c0000000)
  eden space 280064K, 99% used [0x000000076d100000,0x000000077e27ffb8,0x000000077e280000)
  from space 444928K, 0% used [0x000000079a300000,0x000000079a300000,0x00000007b5580000)
  to   space 452096K, 0% used [0x000000077e280000,0x000000077e280000,0x0000000799c00000)
 ParOldGen       total 2718720K, used 2718677K [0x00000006c7200000, 0x000000076d100000, 0x000000076d100000)
  object space 2718720K, 99% used [0x00000006c7200000,0x000000076d0f56b8,0x000000076d100000)
 Metaspace       used 59202K, capacity 59766K, committed 60584K, reserved 1101824K
  class space    used 7826K, capacity 7970K, committed 8112K, reserved 1048576K
}
Event: 32584.733 GC heap before
{Heap before GC invocations=2071 (full 1983):
 PSYoungGen      total 724992K, used 280063K [0x000000076d100000, 0x00000007b5580000, 0x00000007c0000000)
  eden space 280064K, 99% used [0x000000076d100000,0x000000077e27fff8,0x000000077e280000)
  from space 444928K, 0% used [0x000000079a300000,0x000000079a300000,0x00000007b5580000)
  to   space 452096K, 0% used [0x000000077e280000,0x000000077e280000,0x0000000799c00000)
 ParOldGen       total 2718720K, used 2718677K [0x00000006c7200000, 0x000000076d100000, 0x000000076d100000)
  object space 2718720K, 99% used [0x00000006c7200000,0x000000076d0f56b8,0x000000076d100000)
 Metaspace       used 59202K, capacity 59766K, committed 60584K, reserved 1101824K
  class space    used 7826K, capacity 7970K, committed 8112K, reserved 1048576K
Event: 32587.752 GC heap after
Heap after GC invocations=2071 (full 1983):
 PSYoungGen      total 724992K, used 280063K [0x000000076d100000, 0x00000007b5580000, 0x00000007c0000000)
  eden space 280064K, 99% used [0x000000076d100000,0x000000077e27ff18,0x000000077e280000)
  from space 444928K, 0% used [0x000000079a300000,0x000000079a300000,0x00000007b5580000)
  to   space 452096K, 0% used [0x000000077e280000,0x000000077e280000,0x0000000799c00000)
 ParOldGen       total 2718720K, used 2718677K [0x00000006c7200000, 0x000000076d100000, 0x000000076d100000)
  object space 2718720K, 99% used [0x00000006c7200000,0x000000076d0f56b8,0x000000076d100000)
 Metaspace       used 59202K, capacity 59766K, committed 60584K, reserved 1101824K
  class space    used 7826K, capacity 7970K, committed 8112K, reserved 1048576K
}
Event: 32587.752 GC heap before
{Heap before GC invocations=2072 (full 1984):
 PSYoungGen      total 724992K, used 280064K [0x000000076d100000, 0x00000007b5580000, 0x00000007c0000000)
  eden space 280064K, 100% used [0x000000076d100000,0x000000077e280000,0x000000077e280000)
  from space 444928K, 0% used [0x000000079a300000,0x000000079a300000,0x00000007b5580000)
  to   space 452096K, 0% used [0x000000077e280000,0x000000077e280000,0x0000000799c00000)
 ParOldGen       total 2718720K, used 2718677K [0x00000006c7200000, 0x000000076d100000, 0x000000076d100000)
  object space 2718720K, 99% used [0x00000006c7200000,0x000000076d0f56b8,0x000000076d100000)
 Metaspace       used 59202K, capacity 59766K, committed 60584K, reserved 1101824K
  class space    used 7826K, capacity 7970K, committed 8112K, reserved 1048576K
Event: 32590.721 GC heap after
Heap after GC invocations=2072 (full 1984):
 PSYoungGen      total 724992K, used 280063K [0x000000076d100000, 0x00000007b5580000, 0x00000007c0000000)
  eden space 280064K, 99% used [0x000000076d100000,0x000000077e27ff30,0x000000077e280000)
  from space 444928K, 0% used [0x000000079a300000,0x000000079a300000,0x00000007b5580000)
  to   space 452096K, 0% used [0x000000077e280000,0x000000077e280000,0x0000000799c00000)
 ParOldGen       total 2718720K, used 2718677K [0x00000006c7200000, 0x000000076d100000, 0x000000076d100000)
  object space 2718720K, 99% used [0x00000006c7200000,0x000000076d0f56b8,0x000000076d100000)
 Metaspace       used 59202K, capacity 59766K, committed 60584K, reserved 1101824K
  class space    used 7826K, capacity 7970K, committed 8112K, reserved 1048576K
}
Event: 32590.721 GC heap before
{Heap before GC invocations=2073 (full 1985):
 PSYoungGen      total 724992K, used 280064K [0x000000076d100000, 0x00000007b5580000, 0x00000007c0000000)
  eden space 280064K, 100% used [0x000000076d100000,0x000000077e280000,0x000000077e280000)
  from space 444928K, 0% used [0x000000079a300000,0x000000079a300000,0x00000007b5580000)
  to   space 452096K, 0% used [0x000000077e280000,0x000000077e280000,0x0000000799c00000)
 ParOldGen       total 2718720K, used 2718677K [0x00000006c7200000, 0x000000076d100000, 0x000000076d100000)
  object space 2718720K, 99% used [0x00000006c7200000,0x000000076d0f56b8,0x000000076d100000)
 Metaspace       used 59202K, capacity 59766K, committed 60584K, reserved 1101824K
  class space    used 7826K, capacity 7970K, committed 8112K, reserved 1048576K
Event: 32593.829 GC heap after
Heap after GC invocations=2073 (full 1985):
 PSYoungGen      total 724992K, used 280063K [0x000000076d100000, 0x00000007b5580000, 0x00000007c0000000)
  eden space 280064K, 99% used [0x000000076d100000,0x000000077e27ff30,0x000000077e280000)
  from space 444928K, 0% used [0x000000079a300000,0x000000079a300000,0x00000007b5580000)
  to   space 452096K, 0% used [0x000000077e280000,0x000000077e280000,0x0000000799c00000)
 ParOldGen       total 2718720K, used 2718677K [0x00000006c7200000, 0x000000076d100000, 0x000000076d100000)
  object space 2718720K, 99% used [0x00000006c7200000,0x000000076d0f56b8,0x000000076d100000)
 Metaspace       used 59202K, capacity 59766K, committed 60584K, reserved 1101824K
  class space    used 7826K, capacity 7970K, committed 8112K, reserved 1048576K
}
Event: 32593.829 GC heap before
{Heap before GC invocations=2074 (full 1986):
 PSYoungGen      total 724992K, used 280064K [0x000000076d100000, 0x00000007b5580000, 0x00000007c0000000)
  eden space 280064K, 100% used [0x000000076d100000,0x000000077e280000,0x000000077e280000)
  from space 444928K, 0% used [0x000000079a300000,0x000000079a300000,0x00000007b5580000)
  to   space 452096K, 0% used [0x000000077e280000,0x000000077e280000,0x0000000799c00000)
 ParOldGen       total 2718720K, used 2718677K [0x00000006c7200000, 0x000000076d100000, 0x000000076d100000)
  object space 2718720K, 99% used [0x00000006c7200000,0x000000076d0f56b8,0x000000076d100000)
 Metaspace       used 59202K, capacity 59766K, committed 60584K, reserved 1101824K
  class space    used 7826K, capacity 7970K, committed 8112K, reserved 1048576K
Event: 32596.861 GC heap after
Heap after GC invocations=2074 (full 1986):
 PSYoungGen      total 724992K, used 280063K [0x000000076d100000, 0x00000007b5580000, 0x00000007c0000000)
  eden space 280064K, 99% used [0x000000076d100000,0x000000077e27ff20,0x000000077e280000)
  from space 444928K, 0% used [0x000000079a300000,0x000000079a300000,0x00000007b5580000)
  to   space 452096K, 0% used [0x000000077e280000,0x000000077e280000,0x0000000799c00000)
 ParOldGen       total 2718720K, used 2718677K [0x00000006c7200000, 0x000000076d100000, 0x000000076d100000)
  object space 2718720K, 99% used [0x00000006c7200000,0x000000076d0f5638,0x000000076d100000)
 Metaspace       used 59202K, capacity 59766K, committed 60584K, reserved 1101824K
  class space    used 7826K, capacity 7970K, committed 8112K, reserved 1048576K
}
Event: 32596.861 GC heap before
{Heap before GC invocations=2075 (full 1987):
 PSYoungGen      total 724992K, used 280064K [0x000000076d100000, 0x00000007b5580000, 0x00000007c0000000)
  eden space 280064K, 100% used [0x000000076d100000,0x000000077e280000,0x000000077e280000)
  from space 444928K, 0% used [0x000000079a300000,0x000000079a300000,0x00000007b5580000)
  to   space 452096K, 0% used [0x000000077e280000,0x000000077e280000,0x0000000799c00000)
 ParOldGen       total 2718720K, used 2718677K [0x00000006c7200000, 0x000000076d100000, 0x000000076d100000)
  object space 2718720K, 99% used [0x00000006c7200000,0x000000076d0f5638,0x000000076d100000)
 Metaspace       used 59202K, capacity 59766K, committed 60584K, reserved 1101824K
  class space    used 7826K, capacity 7970K, committed 8112K, reserved 1048576K
Event: 32599.841 GC heap after
Heap after GC invocations=2075 (full 1987):
 PSYoungGen      total 724992K, used 280063K [0x000000076d100000, 0x00000007b5580000, 0x00000007c0000000)
  eden space 280064K, 99% used [0x000000076d100000,0x000000077e27ffe8,0x000000077e280000)
  from space 444928K, 0% used [0x000000079a300000,0x000000079a300000,0x00000007b5580000)
  to   space 452096K, 0% used [0x000000077e280000,0x000000077e280000,0x0000000799c00000)
 ParOldGen       total 2718720K, used 2718677K [0x00000006c7200000, 0x000000076d100000, 0x000000076d100000)
  object space 2718720K, 99% used [0x00000006c7200000,0x000000076d0f55a8,0x000000076d100000)
 Metaspace       used 59202K, capacity 59766K, committed 60584K, reserved 1101824K
  class space    used 7826K, capacity 7970K, committed 8112K, reserved 1048576K
}
Event: 32599.842 GC heap before
{Heap before GC invocations=2076 (full 1988):
 PSYoungGen      total 724992K, used 280064K [0x000000076d100000, 0x00000007b5580000, 0x00000007c0000000)
  eden space 280064K, 100% used [0x000000076d100000,0x000000077e280000,0x000000077e280000)
  from space 444928K, 0% used [0x000000079a300000,0x000000079a300000,0x00000007b5580000)
  to   space 452096K, 0% used [0x000000077e280000,0x000000077e280000,0x0000000799c00000)
 ParOldGen       total 2718720K, used 2718680K [0x00000006c7200000, 0x000000076d100000, 0x000000076d100000)
  object space 2718720K, 99% used [0x00000006c7200000,0x000000076d0f6248,0x000000076d100000)
 Metaspace       used 59202K, capacity 59766K, committed 60584K, reserved 1101824K
  class space    used 7826K, capacity 7970K, committed 8112K, reserved 1048576K
Event: 32602.799 GC heap after
Heap after GC invocations=2076 (full 1988):
 PSYoungGen      total 724992K, used 280063K [0x000000076d100000, 0x00000007b5580000, 0x00000007c0000000)
  eden space 280064K, 99% used [0x000000076d100000,0x000000077e27ff30,0x000000077e280000)
  from space 444928K, 0% used [0x000000079a300000,0x000000079a300000,0x00000007b5580000)
  to   space 452096K, 0% used [0x000000077e280000,0x000000077e280000,0x0000000799c00000)
 ParOldGen       total 2718720K, used 2718677K [0x00000006c7200000, 0x000000076d100000, 0x000000076d100000)
  object space 2718720K, 99% used [0x00000006c7200000,0x000000076d0f57b0,0x000000076d100000)
 Metaspace       used 59202K, capacity 59766K, committed 60584K, reserved 1101824K
  class space    used 7826K, capacity 7970K, committed 8112K, reserved 1048576K
}
Event: 32602.799 GC heap before
{Heap before GC invocations=2077 (full 1989):
 PSYoungGen      total 724992K, used 280064K [0x000000076d100000, 0x00000007b5580000, 0x00000007c0000000)
  eden space 280064K, 100% used [0x000000076d100000,0x000000077e280000,0x000000077e280000)
  from space 444928K, 0% used [0x000000079a300000,0x000000079a300000,0x00000007b5580000)
  to   space 452096K, 0% used [0x000000077e280000,0x000000077e280000,0x0000000799c00000)
 ParOldGen       total 2718720K, used 2718677K [0x00000006c7200000, 0x000000076d100000, 0x000000076d100000)
  object space 2718720K, 99% used [0x00000006c7200000,0x000000076d0f57b0,0x000000076d100000)
 Metaspace       used 59202K, capacity 59766K, committed 60584K, reserved 1101824K
  class space    used 7826K, capacity 7970K, committed 8112K, reserved 1048576K
Event: 32605.836 GC heap after
Heap after GC invocations=2077 (full 1989):
 PSYoungGen      total 724992K, used 280063K [0x000000076d100000, 0x00000007b5580000, 0x00000007c0000000)
  eden space 280064K, 99% used [0x000000076d100000,0x000000077e27ff30,0x000000077e280000)
  from space 444928K, 0% used [0x000000079a300000,0x000000079a300000,0x00000007b5580000)
  to   space 452096K, 0% used [0x000000077e280000,0x000000077e280000,0x0000000799c00000)
 ParOldGen       total 2718720K, used 2718677K [0x00000006c7200000, 0x000000076d100000, 0x000000076d100000)
  object space 2718720K, 99% used [0x00000006c7200000,0x000000076d0f56f0,0x000000076d100000)
 Metaspace       used 59202K, capacity 59766K, committed 60584K, reserved 1101824K
  class space    used 7826K, capacity 7970K, committed 8112K, reserved 1048576K
}
Event: 32605.836 GC heap before
{Heap before GC invocations=2078 (full 1990):
 PSYoungGen      total 724992K, used 280064K [0x000000076d100000, 0x00000007b5580000, 0x00000007c0000000)
  eden space 280064K, 100% used [0x000000076d100000,0x000000077e280000,0x000000077e280000)
  from space 444928K, 0% used [0x000000079a300000,0x000000079a300000,0x00000007b5580000)
  to   space 452096K, 0% used [0x000000077e280000,0x000000077e280000,0x0000000799c00000)
 ParOldGen       total 2718720K, used 2718677K [0x00000006c7200000, 0x000000076d100000, 0x000000076d100000)
  object space 2718720K, 99% used [0x00000006c7200000,0x000000076d0f56f0,0x000000076d100000)
 Metaspace       used 59202K, capacity 59766K, committed 60584K, reserved 1101824K
  class space    used 7826K, capacity 7970K, committed 8112K, reserved 1048576K
Event: 32608.825 GC heap after
Heap after GC invocations=2078 (full 1990):
 PSYoungGen      total 724992K, used 280063K [0x000000076d100000, 0x00000007b5580000, 0x00000007c0000000)
  eden space 280064K, 99% used [0x000000076d100000,0x000000077e27ffd0,0x000000077e280000)
  from space 444928K, 0% used [0x000000079a300000,0x000000079a300000,0x00000007b5580000)
  to   space 452096K, 0% used [0x000000077e280000,0x000000077e280000,0x0000000799c00000)
 ParOldGen       total 2718720K, used 2718677K [0x00000006c7200000, 0x000000076d100000, 0x000000076d100000)
  object space 2718720K, 99% used [0x00000006c7200000,0x000000076d0f56f0,0x000000076d100000)
 Metaspace       used 59202K, capacity 59766K, committed 60584K, reserved 1101824K
  class space    used 7826K, capacity 7970K, committed 8112K, reserved 1048576K
}
Event: 32608.825 GC heap before
{Heap before GC invocations=2079 (full 1991):
 PSYoungGen      total 724992K, used 280063K [0x000000076d100000, 0x00000007b5580000, 0x00000007c0000000)
  eden space 280064K, 99% used [0x000000076d100000,0x000000077e27fff8,0x000000077e280000)
  from space 444928K, 0% used [0x000000079a300000,0x000000079a300000,0x00000007b5580000)
  to   space 452096K, 0% used [0x000000077e280000,0x000000077e280000,0x0000000799c00000)
 ParOldGen       total 2718720K, used 2718677K [0x00000006c7200000, 0x000000076d100000, 0x000000076d100000)
  object space 2718720K, 99% used [0x00000006c7200000,0x000000076d0f56f0,0x000000076d100000)
 Metaspace       used 59202K, capacity 59766K, committed 60584K, reserved 1101824K
  class space    used 7826K, capacity 7970K, committed 8112K, reserved 1048576K
Event: 32611.811 GC heap after
Heap after GC invocations=2079 (full 1991):
 PSYoungGen      total 724992K, used 280063K [0x000000076d100000, 0x00000007b5580000, 0x00000007c0000000)
  eden space 280064K, 99% used [0x000000076d100000,0x000000077e27fff8,0x000000077e280000)
  from space 444928K, 0% used [0x000000079a300000,0x000000079a300000,0x00000007b5580000)
  to   space 452096K, 0% used [0x000000077e280000,0x000000077e280000,0x0000000799c00000)
 ParOldGen       total 2718720K, used 2718677K [0x00000006c7200000, 0x000000076d100000, 0x000000076d100000)
  object space 2718720K, 99% used [0x00000006c7200000,0x000000076d0f56f0,0x000000076d100000)
 Metaspace       used 59202K, capacity 59766K, committed 60584K, reserved 1101824K
  class space    used 7826K, capacity 7970K, committed 8112K, reserved 1048576K
}
Event: 32611.828 GC heap before
{Heap before GC invocations=2080 (full 1992):
 PSYoungGen      total 724992K, used 280063K [0x000000076d100000, 0x00000007b5580000, 0x00000007c0000000)
  eden space 280064K, 99% used [0x000000076d100000,0x000000077e27fff8,0x000000077e280000)
  from space 444928K, 0% used [0x000000079a300000,0x000000079a300000,0x00000007b5580000)
  to   space 452096K, 0% used [0x000000077e280000,0x000000077e280000,0x0000000799c00000)
 ParOldGen       total 2718720K, used 2718681K [0x00000006c7200000, 0x000000076d100000, 0x000000076d100000)
  object space 2718720K, 99% used [0x00000006c7200000,0x000000076d0f65b8,0x000000076d100000)
 Metaspace       used 59202K, capacity 59766K, committed 60584K, reserved 1101824K
  class space    used 7826K, capacity 7970K, committed 8112K, reserved 1048576K
Event: 32614.897 GC heap after
Heap after GC invocations=2080 (full 1992):
 PSYoungGen      total 724992K, used 280063K [0x000000076d100000, 0x00000007b5580000, 0x00000007c0000000)
  eden space 280064K, 99% used [0x000000076d100000,0x000000077e27ff18,0x000000077e280000)
  from space 444928K, 0% used [0x000000079a300000,0x000000079a300000,0x00000007b5580000)
  to   space 452096K, 0% used [0x000000077e280000,0x000000077e280000,0x0000000799c00000)
 ParOldGen       total 2718720K, used 2718678K [0x00000006c7200000, 0x000000076d100000, 0x000000076d100000)
  object space 2718720K, 99% used [0x00000006c7200000,0x000000076d0f5b70,0x000000076d100000)
 Metaspace       used 59202K, capacity 59766K, committed 60584K, reserved 1101824K
  class space    used 7826K, capacity 7970K, committed 8112K, reserved 1048576K
}
Event: 32614.897 GC heap before
{Heap before GC invocations=2081 (full 1993):
 PSYoungGen      total 724992K, used 280064K [0x000000076d100000, 0x00000007b5580000, 0x00000007c0000000)
  eden space 280064K, 100% used [0x000000076d100000,0x000000077e280000,0x000000077e280000)
  from space 444928K, 0% used [0x000000079a300000,0x000000079a300000,0x00000007b5580000)
  to   space 452096K, 0% used [0x000000077e280000,0x000000077e280000,0x0000000799c00000)
 ParOldGen       total 2718720K, used 2718678K [0x00000006c7200000, 0x000000076d100000, 0x000000076d100000)
  object space 2718720K, 99% used [0x00000006c7200000,0x000000076d0f5b70,0x000000076d100000)
 Metaspace       used 59202K, capacity 59766K, committed 60584K, reserved 1101824K
  class space    used 7826K, capacity 7970K, committed 8112K, reserved 1048576K
Event: 32619.359 GC heap after
Heap after GC invocations=2081 (full 1993):
 PSYoungGen      total 724992K, used 280063K [0x000000076d100000, 0x00000007b5580000, 0x00000007c0000000)
  eden space 280064K, 99% used [0x000000076d100000,0x000000077e27ff90,0x000000077e280000)
  from space 444928K, 0% used [0x000000079a300000,0x000000079a300000,0x00000007b5580000)
  to   space 452096K, 0% used [0x000000077e280000,0x000000077e280000,0x0000000799c00000)
 ParOldGen       total 2718720K, used 2718678K [0x00000006c7200000, 0x000000076d100000, 0x000000076d100000)
  object space 2718720K, 99% used [0x00000006c7200000,0x000000076d0f5ae0,0x000000076d100000)
 Metaspace       used 59202K, capacity 59766K, committed 60584K, reserved 1101824K
  class space    used 7826K, capacity 7970K, committed 8112K, reserved 1048576K
}
Event: 32619.359 GC heap before
{Heap before GC invocations=2082 (full 1994):
 PSYoungGen      total 724992K, used 280064K [0x000000076d100000, 0x00000007b5580000, 0x00000007c0000000)
  eden space 280064K, 100% used [0x000000076d100000,0x000000077e280000,0x000000077e280000)
  from space 444928K, 0% used [0x000000079a300000,0x000000079a300000,0x00000007b5580000)
  to   space 452096K, 0% used [0x000000077e280000,0x000000077e280000,0x0000000799c00000)
 ParOldGen       total 2718720K, used 2718678K [0x00000006c7200000, 0x000000076d100000, 0x000000076d100000)
  object space 2718720K, 99% used [0x00000006c7200000,0x000000076d0f5ae0,0x000000076d100000)
 Metaspace       used 59202K, capacity 59766K, committed 60584K, reserved 1101824K
  class space    used 7826K, capacity 7970K, committed 8112K, reserved 1048576K
Event: 32622.346 GC heap after
Heap after GC invocations=2082 (full 1994):
 PSYoungGen      total 724992K, used 280063K [0x000000076d100000, 0x00000007b5580000, 0x00000007c0000000)
  eden space 280064K, 99% used [0x000000076d100000,0x000000077e27ffb8,0x000000077e280000)
  from space 444928K, 0% used [0x000000079a300000,0x000000079a300000,0x00000007b5580000)
  to   space 452096K, 0% used [0x000000077e280000,0x000000077e280000,0x0000000799c00000)
 ParOldGen       total 2718720K, used 2718678K [0x00000006c7200000, 0x000000076d100000, 0x000000076d100000)
  object space 2718720K, 99% used [0x00000006c7200000,0x000000076d0f5ae0,0x000000076d100000)
 Metaspace       used 59202K, capacity 59766K, committed 60584K, reserved 1101824K
  class space    used 7826K, capacity 7970K, committed 8112K, reserved 1048576K
}
Event: 32622.346 GC heap before
{Heap before GC invocations=2083 (full 1995):
 PSYoungGen      total 724992K, used 280064K [0x000000076d100000, 0x00000007b5580000, 0x00000007c0000000)
  eden space 280064K, 100% used [0x000000076d100000,0x000000077e280000,0x000000077e280000)
  from space 444928K, 0% used [0x000000079a300000,0x000000079a300000,0x00000007b5580000)
  to   space 452096K, 0% used [0x000000077e280000,0x000000077e280000,0x0000000799c00000)
 ParOldGen       total 2718720K, used 2718678K [0x00000006c7200000, 0x000000076d100000, 0x000000076d100000)
  object space 2718720K, 99% used [0x00000006c7200000,0x000000076d0f5ae0,0x000000076d100000)
 Metaspace       used 59202K, capacity 59766K, committed 60584K, reserved 1101824K
  class space    used 7826K, capacity 7970K, committed 8112K, reserved 1048576K
Event: 32625.473 GC heap after
Heap after GC invocations=2083 (full 1995):
 PSYoungGen      total 724992K, used 280063K [0x000000076d100000, 0x00000007b5580000, 0x00000007c0000000)
  eden space 280064K, 99% used [0x000000076d100000,0x000000077e27ffd8,0x000000077e280000)
  from space 444928K, 0% used [0x000000079a300000,0x000000079a300000,0x00000007b5580000)
  to   space 452096K, 0% used [0x000000077e280000,0x000000077e280000,0x0000000799c00000)
 ParOldGen       total 2718720K, used 2718677K [0x00000006c7200000, 0x000000076d100000, 0x000000076d100000)
  object space 2718720K, 99% used [0x00000006c7200000,0x000000076d0f5508,0x000000076d100000)
 Metaspace       used 59202K, capacity 59766K, committed 60584K, reserved 1101824K
  class space    used 7826K, capacity 7970K, committed 8112K, reserved 1048576K
}
Event: 32625.473 GC heap before
{Heap before GC invocations=2084 (full 1996):
 PSYoungGen      total 724992K, used 280063K [0x000000076d100000, 0x00000007b5580000, 0x00000007c0000000)
  eden space 280064K, 99% used [0x000000076d100000,0x000000077e27fff8,0x000000077e280000)
  from space 444928K, 0% used [0x000000079a300000,0x000000079a300000,0x00000007b5580000)
  to   space 452096K, 0% used [0x000000077e280000,0x000000077e280000,0x0000000799c00000)
 ParOldGen       total 2718720K, used 2718681K [0x00000006c7200000, 0x000000076d100000, 0x000000076d100000)
  object space 2718720K, 99% used [0x00000006c7200000,0x000000076d0f67b0,0x000000076d100000)
 Metaspace       used 59202K, capacity 59766K, committed 60584K, reserved 1101824K
  class space    used 7826K, capacity 7970K, committed 8112K, reserved 1048576K
Event: 32628.425 GC heap after
Heap after GC invocations=2084 (full 1996):
 PSYoungGen      total 724992K, used 280063K [0x000000076d100000, 0x00000007b5580000, 0x00000007c0000000)
  eden space 280064K, 99% used [0x000000076d100000,0x000000077e27fea8,0x000000077e280000)
  from space 444928K, 0% used [0x000000079a300000,0x000000079a300000,0x00000007b5580000)
  to   space 452096K, 0% used [0x000000077e280000,0x000000077e280000,0x0000000799c00000)
 ParOldGen       total 2718720K, used 2718678K [0x00000006c7200000, 0x000000076d100000, 0x000000076d100000)
  object space 2718720K, 99% used [0x00000006c7200000,0x000000076d0f5928,0x000000076d100000)
 Metaspace       used 59202K, capacity 59766K, committed 60584K, reserved 1101824K
  class space    used 7826K, capacity 7970K, committed 8112K, reserved 1048576K
}
Event: 32628.425 GC heap before
{Heap before GC invocations=2085 (full 1997):
 PSYoungGen      total 724992K, used 280064K [0x000000076d100000, 0x00000007b5580000, 0x00000007c0000000)
  eden space 280064K, 100% used [0x000000076d100000,0x000000077e280000,0x000000077e280000)
  from space 444928K, 0% used [0x000000079a300000,0x000000079a300000,0x00000007b5580000)
  to   space 452096K, 0% used [0x000000077e280000,0x000000077e280000,0x0000000799c00000)
 ParOldGen       total 2718720K, used 2718678K [0x00000006c7200000, 0x000000076d100000, 0x000000076d100000)
  object space 2718720K, 99% used [0x00000006c7200000,0x000000076d0f5928,0x000000076d100000)
 Metaspace       used 59202K, capacity 59766K, committed 60584K, reserved 1101824K
  class space    used 7826K, capacity 7970K, committed 8112K, reserved 1048576K
Event: 32631.489 GC heap after
Heap after GC invocations=2085 (full 1997):
 PSYoungGen      total 724992K, used 280063K [0x000000076d100000, 0x00000007b5580000, 0x00000007c0000000)
  eden space 280064K, 99% used [0x000000076d100000,0x000000077e27ff98,0x000000077e280000)
  from space 444928K, 0% used [0x000000079a300000,0x000000079a300000,0x00000007b5580000)
  to   space 452096K, 0% used [0x000000077e280000,0x000000077e280000,0x0000000799c00000)
 ParOldGen       total 2718720K, used 2718678K [0x00000006c7200000, 0x000000076d100000, 0x000000076d100000)
  object space 2718720K, 99% used [0x00000006c7200000,0x000000076d0f5878,0x000000076d100000)
 Metaspace       used 59202K, capacity 59766K, committed 60584K, reserved 1101824K
  class space    used 7826K, capacity 7970K, committed 8112K, reserved 1048576K
}
Event: 32631.489 GC heap before
{Heap before GC invocations=2086 (full 1998):
 PSYoungGen      total 724992K, used 280064K [0x000000076d100000, 0x00000007b5580000, 0x00000007c0000000)
  eden space 280064K, 100% used [0x000000076d100000,0x000000077e280000,0x000000077e280000)
  from space 444928K, 0% used [0x000000079a300000,0x000000079a300000,0x00000007b5580000)
  to   space 452096K, 0% used [0x000000077e280000,0x000000077e280000,0x0000000799c00000)
 ParOldGen       total 2718720K, used 2718681K [0x00000006c7200000, 0x000000076d100000, 0x000000076d100000)
  object space 2718720K, 99% used [0x00000006c7200000,0x000000076d0f6770,0x000000076d100000)
 Metaspace       used 59202K, capacity 59766K, committed 60584K, reserved 1101824K
  class space    used 7826K, capacity 7970K, committed 8112K, reserved 1048576K
Event: 32636.402 GC heap after
Heap after GC invocations=2086 (full 1998):
 PSYoungGen      total 724992K, used 280063K [0x000000076d100000, 0x00000007b5580000, 0x00000007c0000000)
  eden space 280064K, 99% used [0x000000076d100000,0x000000077e27fec8,0x000000077e280000)
  from space 444928K, 0% used [0x000000079a300000,0x000000079a300000,0x00000007b5580000)
  to   space 452096K, 0% used [0x000000077e280000,0x000000077e280000,0x0000000799c00000)
 ParOldGen       total 2718720K, used 2718677K [0x00000006c7200000, 0x000000076d100000, 0x000000076d100000)
  object space 2718720K, 99% used [0x00000006c7200000,0x000000076d0f5758,0x000000076d100000)
 Metaspace       used 59202K, capacity 59766K, committed 60584K, reserved 1101824K
  class space    used 7826K, capacity 7970K, committed 8112K, reserved 1048576K
}
Event: 32636.402 GC heap before
{Heap before GC invocations=2087 (full 1999):
 PSYoungGen      total 724992K, used 280064K [0x000000076d100000, 0x00000007b5580000, 0x00000007c0000000)
  eden space 280064K, 100% used [0x000000076d100000,0x000000077e280000,0x000000077e280000)
  from space 444928K, 0% used [0x000000079a300000,0x000000079a300000,0x00000007b5580000)
  to   space 452096K, 0% used [0x000000077e280000,0x000000077e280000,0x0000000799c00000)
 ParOldGen       total 2718720K, used 2718677K [0x00000006c7200000, 0x000000076d100000, 0x000000076d100000)
  object space 2718720K, 99% used [0x00000006c7200000,0x000000076d0f5758,0x000000076d100000)
 Metaspace       used 59202K, capacity 59766K, committed 60584K, reserved 1101824K
  class space    used 7826K, capacity 7970K, committed 8112K, reserved 1048576K
Event: 32639.411 GC heap after
Heap after GC invocations=2087 (full 1999):
 PSYoungGen      total 724992K, used 280063K [0x000000076d100000, 0x00000007b5580000, 0x00000007c0000000)
  eden space 280064K, 99% used [0x000000076d100000,0x000000077e27ff98,0x000000077e280000)
  from space 444928K, 0% used [0x000000079a300000,0x000000079a300000,0x00000007b5580000)
  to   space 452096K, 0% used [0x000000077e280000,0x000000077e280000,0x0000000799c00000)
 ParOldGen       total 2718720K, used 2718677K [0x00000006c7200000, 0x000000076d100000, 0x000000076d100000)
  object space 2718720K, 99% used [0x00000006c7200000,0x000000076d0f56d8,0x000000076d100000)
 Metaspace       used 59202K, capacity 59766K, committed 60584K, reserved 1101824K
  class space    used 7826K, capacity 7970K, committed 8112K, reserved 1048576K
}
Event: 32639.412 GC heap before
{Heap before GC invocations=2088 (full 2000):
 PSYoungGen      total 724992K, used 280064K [0x000000076d100000, 0x00000007b5580000, 0x00000007c0000000)
  eden space 280064K, 100% used [0x000000076d100000,0x000000077e280000,0x000000077e280000)
  from space 444928K, 0% used [0x000000079a300000,0x000000079a300000,0x00000007b5580000)
  to   space 452096K, 0% used [0x000000077e280000,0x000000077e280000,0x0000000799c00000)
 ParOldGen       total 2718720K, used 2718683K [0x00000006c7200000, 0x000000076d100000, 0x000000076d100000)
  object space 2718720K, 99% used [0x00000006c7200000,0x000000076d0f6c50,0x000000076d100000)
 Metaspace       used 59202K, capacity 59766K, committed 60584K, reserved 1101824K
  class space    used 7826K, capacity 7970K, committed 8112K, reserved 1048576K
Event: 32642.406 GC heap after
Heap after GC invocations=2088 (full 2000):
 PSYoungGen      total 724992K, used 280063K [0x000000076d100000, 0x00000007b5580000, 0x00000007c0000000)
  eden space 280064K, 99% used [0x000000076d100000,0x000000077e27fee8,0x000000077e280000)
  from space 444928K, 0% used [0x000000079a300000,0x000000079a300000,0x00000007b5580000)
  to   space 452096K, 0% used [0x000000077e280000,0x000000077e280000,0x0000000799c00000)
 ParOldGen       total 2718720K, used 2718677K [0x00000006c7200000, 0x000000076d100000, 0x000000076d100000)
  object space 2718720K, 99% used [0x00000006c7200000,0x000000076d0f57b0,0x000000076d100000)
 Metaspace       used 59202K, capacity 59766K, committed 60584K, reserved 1101824K
  class space    used 7826K, capacity 7970K, committed 8112K, reserved 1048576K
}
Event: 32642.406 GC heap before
{Heap before GC invocations=2089 (full 2001):
 PSYoungGen      total 724992K, used 280064K [0x000000076d100000, 0x00000007b5580000, 0x00000007c0000000)
  eden space 280064K, 100% used [0x000000076d100000,0x000000077e280000,0x000000077e280000)
  from space 444928K, 0% used [0x000000079a300000,0x000000079a300000,0x00000007b5580000)
  to   space 452096K, 0% used [0x000000077e280000,0x000000077e280000,0x0000000799c00000)
 ParOldGen       total 2718720K, used 2718677K [0x00000006c7200000, 0x000000076d100000, 0x000000076d100000)
  object space 2718720K, 99% used [0x00000006c7200000,0x000000076d0f57b0,0x000000076d100000)
 Metaspace       used 59202K, capacity 59766K, committed 60584K, reserved 1101824K
  class space    used 7826K, capacity 7970K, committed 8112K, reserved 1048576K
Event: 32645.423 GC heap after
Heap after GC invocations=2089 (full 2001):
 PSYoungGen      total 724992K, used 280063K [0x000000076d100000, 0x00000007b5580000, 0x00000007c0000000)
  eden space 280064K, 99% used [0x000000076d100000,0x000000077e27ff58,0x000000077e280000)
  from space 444928K, 0% used [0x000000079a300000,0x000000079a300000,0x00000007b5580000)
  to   space 452096K, 0% used [0x000000077e280000,0x000000077e280000,0x0000000799c00000)
 ParOldGen       total 2718720K, used 2718677K [0x00000006c7200000, 0x000000076d100000, 0x000000076d100000)
  object space 2718720K, 99% used [0x00000006c7200000,0x000000076d0f5738,0x000000076d100000)
 Metaspace       used 59202K, capacity 59766K, committed 60584K, reserved 1101824K
  class space    used 7826K, capacity 7970K, committed 8112K, reserved 1048576K
}
Event: 32645.423 GC heap before
{Heap before GC invocations=2090 (full 2002):
 PSYoungGen      total 724992K, used 280063K [0x000000076d100000, 0x00000007b5580000, 0x00000007c0000000)
  eden space 280064K, 99% used [0x000000076d100000,0x000000077e27fff8,0x000000077e280000)
  from space 444928K, 0% used [0x000000079a300000,0x000000079a300000,0x00000007b5580000)
  to   space 452096K, 0% used [0x000000077e280000,0x000000077e280000,0x0000000799c00000)
 ParOldGen       total 2718720K, used 2718677K [0x00000006c7200000, 0x000000076d100000, 0x000000076d100000)
  object space 2718720K, 99% used [0x00000006c7200000,0x000000076d0f5738,0x000000076d100000)
 Metaspace       used 59202K, capacity 59766K, committed 60584K, reserved 1101824K
  class space    used 7826K, capacity 7970K, committed 8112K, reserved 1048576K
Event: 32648.442 GC heap after
Heap after GC invocations=2090 (full 2002):
 PSYoungGen      total 724992K, used 280063K [0x000000076d100000, 0x00000007b5580000, 0x00000007c0000000)
  eden space 280064K, 99% used [0x000000076d100000,0x000000077e27ff88,0x000000077e280000)
  from space 444928K, 0% used [0x000000079a300000,0x000000079a300000,0x00000007b5580000)
  to   space 452096K, 0% used [0x000000077e280000,0x000000077e280000,0x0000000799c00000)
 ParOldGen       total 2718720K, used 2718677K [0x00000006c7200000, 0x000000076d100000, 0x000000076d100000)
  object space 2718720K, 99% used [0x00000006c7200000,0x000000076d0f5738,0x000000076d100000)
 Metaspace       used 59202K, capacity 59766K, committed 60584K, reserved 1101824K
  class space    used 7826K, capacity 7970K, committed 8112K, reserved 1048576K
}
Event: 32648.442 GC heap before
{Heap before GC invocations=2091 (full 2003):
 PSYoungGen      total 724992K, used 280064K [0x000000076d100000, 0x00000007b5580000, 0x00000007c0000000)
  eden space 280064K, 100% used [0x000000076d100000,0x000000077e280000,0x000000077e280000)
  from space 444928K, 0% used [0x000000079a300000,0x000000079a300000,0x00000007b5580000)
  to   space 452096K, 0% used [0x000000077e280000,0x000000077e280000,0x0000000799c00000)
 ParOldGen       total 2718720K, used 2718677K [0x00000006c7200000, 0x000000076d100000, 0x000000076d100000)
  object space 2718720K, 99% used [0x00000006c7200000,0x000000076d0f5738,0x000000076d100000)
 Metaspace       used 59202K, capacity 59766K, committed 60584K, reserved 1101824K
  class space    used 7826K, capacity 7970K, committed 8112K, reserved 1048576K
Event: 32651.751 GC heap after
Heap after GC invocations=2091 (full 2003):
 PSYoungGen      total 724992K, used 280063K [0x000000076d100000, 0x00000007b5580000, 0x00000007c0000000)
  eden space 280064K, 99% used [0x000000076d100000,0x000000077e27ffd0,0x000000077e280000)
  from space 444928K, 0% used [0x000000079a300000,0x000000079a300000,0x00000007b5580000)
  to   space 452096K, 0% used [0x000000077e280000,0x000000077e280000,0x0000000799c00000)
 ParOldGen       total 2718720K, used 2718677K [0x00000006c7200000, 0x000000076d100000, 0x000000076d100000)
  object space 2718720K, 99% used [0x00000006c7200000,0x000000076d0f5738,0x000000076d100000)
 Metaspace       used 59202K, capacity 59766K, committed 60584K, reserved 1101824K
  class space    used 7826K, capacity 7970K, committed 8112K, reserved 1048576K
}
Event: 32651.751 GC heap before
{Heap before GC invocations=2092 (full 2004):
 PSYoungGen      total 724992K, used 280064K [0x000000076d100000, 0x00000007b5580000, 0x00000007c0000000)
  eden space 280064K, 100% used [0x000000076d100000,0x000000077e280000,0x000000077e280000)
  from space 444928K, 0% used [0x000000079a300000,0x000000079a300000,0x00000007b5580000)
  to   space 452096K, 0% used [0x000000077e280000,0x000000077e280000,0x0000000799c00000)
 ParOldGen       total 2718720K, used 2718682K [0x00000006c7200000, 0x000000076d100000, 0x000000076d100000)
  object space 2718720K, 99% used [0x00000006c7200000,0x000000076d0f6be8,0x000000076d100000)
 Metaspace       used 59202K, capacity 59766K, committed 60584K, reserved 1101824K
  class space    used 7826K, capacity 7970K, committed 8112K, reserved 1048576K
Event: 32657.668 GC heap after
Heap after GC invocations=2092 (full 2004):
 PSYoungGen      total 724992K, used 280063K [0x000000076d100000, 0x00000007b5580000, 0x00000007c0000000)
  eden space 280064K, 99% used [0x000000076d100000,0x000000077e27ff18,0x000000077e280000)
  from space 444928K, 0% used [0x000000079a300000,0x000000079a300000,0x00000007b5580000)
  to   space 452096K, 0% used [0x000000077e280000,0x000000077e280000,0x0000000799c00000)
 ParOldGen       total 2718720K, used 2718677K [0x00000006c7200000, 0x000000076d100000, 0x000000076d100000)
  object space 2718720K, 99% used [0x00000006c7200000,0x000000076d0f5790,0x000000076d100000)
 Metaspace       used 59202K, capacity 59766K, committed 60584K, reserved 1101824K
  class space    used 7826K, capacity 7970K, committed 8112K, reserved 1048576K
}
Event: 32657.668 GC heap before
{Heap before GC invocations=2093 (full 2005):
 PSYoungGen      total 724992K, used 280063K [0x000000076d100000, 0x00000007b5580000, 0x00000007c0000000)
  eden space 280064K, 99% used [0x000000076d100000,0x000000077e27fff8,0x000000077e280000)
  from space 444928K, 0% used [0x000000079a300000,0x000000079a300000,0x00000007b5580000)
  to   space 452096K, 0% used [0x000000077e280000,0x000000077e280000,0x0000000799c00000)
 ParOldGen       total 2718720K, used 2718677K [0x00000006c7200000, 0x000000076d100000, 0x000000076d100000)
  object space 2718720K, 99% used [0x00000006c7200000,0x000000076d0f5790,0x000000076d100000)
 Metaspace       used 59202K, capacity 59766K, committed 60584K, reserved 1101824K
  class space    used 7826K, capacity 7970K, committed 8112K, reserved 1048576K
Event: 32660.845 GC heap after
Heap after GC invocations=2093 (full 2005):
 PSYoungGen      total 724992K, used 280063K [0x000000076d100000, 0x00000007b5580000, 0x00000007c0000000)
  eden space 280064K, 99% used [0x000000076d100000,0x000000077e27fff8,0x000000077e280000)
  from space 444928K, 0% used [0x000000079a300000,0x000000079a300000,0x00000007b5580000)
  to   space 452096K, 0% used [0x000000077e280000,0x000000077e280000,0x0000000799c00000)
 ParOldGen       total 2718720K, used 2718677K [0x00000006c7200000, 0x000000076d100000, 0x000000076d100000)
  object space 2718720K, 99% used [0x00000006c7200000,0x000000076d0f5720,0x000000076d100000)
 Metaspace       used 59202K, capacity 59766K, committed 60584K, reserved 1101824K
  class space    used 7826K, capacity 7970K, committed 8112K, reserved 1048576K
}
Event: 32660.846 GC heap before
{Heap before GC invocations=2094 (full 2006):
 PSYoungGen      total 724992K, used 280063K [0x000000076d100000, 0x00000007b5580000, 0x00000007c0000000)
  eden space 280064K, 99% used [0x000000076d100000,0x000000077e27fff8,0x000000077e280000)
  from space 444928K, 0% used [0x000000079a300000,0x000000079a300000,0x00000007b5580000)
  to   space 452096K, 0% used [0x000000077e280000,0x000000077e280000,0x0000000799c00000)
 ParOldGen       total 2718720K, used 2718679K [0x00000006c7200000, 0x000000076d100000, 0x000000076d100000)
  object space 2718720K, 99% used [0x00000006c7200000,0x000000076d0f5fc8,0x000000076d100000)
 Metaspace       used 59202K, capacity 59766K, committed 60584K, reserved 1101824K
  class space    used 7826K, capacity 7970K, committed 8112K, reserved 1048576K
Event: 32665.521 GC heap after
Heap after GC invocations=2094 (full 2006):
 PSYoungGen      total 724992K, used 280063K [0x000000076d100000, 0x00000007b5580000, 0x00000007c0000000)
  eden space 280064K, 99% used [0x000000076d100000,0x000000077e27ffd8,0x000000077e280000)
  from space 444928K, 0% used [0x000000079a300000,0x000000079a300000,0x00000007b5580000)
  to   space 452096K, 0% used [0x000000077e280000,0x000000077e280000,0x0000000799c00000)
 ParOldGen       total 2718720K, used 2718678K [0x00000006c7200000, 0x000000076d100000, 0x000000076d100000)
  object space 2718720K, 99% used [0x00000006c7200000,0x000000076d0f5970,0x000000076d100000)
 Metaspace       used 59202K, capacity 59766K, committed 60584K, reserved 1101824K
  class space    used 7826K, capacity 7970K, committed 8112K, reserved 1048576K
}
Event: 32665.521 GC heap before
{Heap before GC invocations=2095 (full 2007):
 PSYoungGen      total 724992K, used 280064K [0x000000076d100000, 0x00000007b5580000, 0x00000007c0000000)
  eden space 280064K, 100% used [0x000000076d100000,0x000000077e280000,0x000000077e280000)
  from space 444928K, 0% used [0x000000079a300000,0x000000079a300000,0x00000007b5580000)
  to   space 452096K, 0% used [0x000000077e280000,0x000000077e280000,0x0000000799c00000)
 ParOldGen       total 2718720K, used 2718678K [0x00000006c7200000, 0x000000076d100000, 0x000000076d100000)
  object space 2718720K, 99% used [0x00000006c7200000,0x000000076d0f5970,0x000000076d100000)
 Metaspace       used 59202K, capacity 59766K, committed 60584K, reserved 1101824K
  class space    used 7826K, capacity 7970K, committed 8112K, reserved 1048576K
Event: 32668.591 GC heap after
Heap after GC invocations=2095 (full 2007):
 PSYoungGen      total 724992K, used 280064K [0x000000076d100000, 0x00000007b5580000, 0x00000007c0000000)
  eden space 280064K, 100% used [0x000000076d100000,0x000000077e280000,0x000000077e280000)
  from space 444928K, 0% used [0x000000079a300000,0x000000079a300000,0x00000007b5580000)
  to   space 452096K, 0% used [0x000000077e280000,0x000000077e280000,0x0000000799c00000)
 ParOldGen       total 2718720K, used 2718678K [0x00000006c7200000, 0x000000076d100000, 0x000000076d100000)
  object space 2718720K, 99% used [0x00000006c7200000,0x000000076d0f5950,0x000000076d100000)
 Metaspace       used 59202K, capacity 59766K, committed 60584K, reserved 1101824K
  class space    used 7826K, capacity 7970K, committed 8112K, reserved 1048576K
}
Event: 32668.591 GC heap before
{Heap before GC invocations=2096 (full 2008):
 PSYoungGen      total 724992K, used 280064K [0x000000076d100000, 0x00000007b5580000, 0x00000007c0000000)
  eden space 280064K, 100% used [0x000000076d100000,0x000000077e280000,0x000000077e280000)
  from space 444928K, 0% used [0x000000079a300000,0x000000079a300000,0x00000007b5580000)
  to   space 452096K, 0% used [0x000000077e280000,0x000000077e280000,0x0000000799c00000)
 ParOldGen       total 2718720K, used 2718683K [0x00000006c7200000, 0x000000076d100000, 0x000000076d100000)
  object space 2718720K, 99% used [0x00000006c7200000,0x000000076d0f6e80,0x000000076d100000)
 Metaspace       used 59202K, capacity 59766K, committed 60584K, reserved 1101824K
  class space    used 7826K, capacity 7970K, committed 8112K, reserved 1048576K
Event: 32671.788 GC heap after
Heap after GC invocations=2096 (full 2008):
 PSYoungGen      total 724992K, used 280063K [0x000000076d100000, 0x00000007b5580000, 0x00000007c0000000)
  eden space 280064K, 99% used [0x000000076d100000,0x000000077e27ff60,0x000000077e280000)
  from space 444928K, 0% used [0x000000079a300000,0x000000079a300000,0x00000007b5580000)
  to   space 452096K, 0% used [0x000000077e280000,0x000000077e280000,0x0000000799c00000)
 ParOldGen       total 2718720K, used 2718678K [0x00000006c7200000, 0x000000076d100000, 0x000000076d100000)
  object space 2718720K, 99% used [0x00000006c7200000,0x000000076d0f59c0,0x000000076d100000)
 Metaspace       used 59202K, capacity 59766K, committed 60584K, reserved 1101824K
  class space    used 7826K, capacity 7970K, committed 8112K, reserved 1048576K
}
Event: 32671.788 GC heap before
{Heap before GC invocations=2097 (full 2009):
 PSYoungGen      total 724992K, used 280064K [0x000000076d100000, 0x00000007b5580000, 0x00000007c0000000)
  eden space 280064K, 100% used [0x000000076d100000,0x000000077e280000,0x000000077e280000)
  from space 444928K, 0% used [0x000000079a300000,0x000000079a300000,0x00000007b5580000)
  to   space 452096K, 0% used [0x000000077e280000,0x000000077e280000,0x0000000799c00000)
 ParOldGen       total 2718720K, used 2718678K [0x00000006c7200000, 0x000000076d100000, 0x000000076d100000)
  object space 2718720K, 99% used [0x00000006c7200000,0x000000076d0f59c0,0x000000076d100000)
 Metaspace       used 59202K, capacity 59766K, committed 60584K, reserved 1101824K
  class space    used 7826K, capacity 7970K, committed 8112K, reserved 1048576K
Event: 32674.967 GC heap after
Heap after GC invocations=2097 (full 2009):
 PSYoungGen      total 724992K, used 280063K [0x000000076d100000, 0x00000007b5580000, 0x00000007c0000000)
  eden space 280064K, 99% used [0x000000076d100000,0x000000077e27ffc8,0x000000077e280000)
  from space 444928K, 0% used [0x000000079a300000,0x000000079a300000,0x00000007b5580000)
  to   space 452096K, 0% used [0x000000077e280000,0x000000077e280000,0x0000000799c00000)
 ParOldGen       total 2718720K, used 2718678K [0x00000006c7200000, 0x000000076d100000, 0x000000076d100000)
  object space 2718720K, 99% used [0x00000006c7200000,0x000000076d0f59a0,0x000000076d100000)
 Metaspace       used 59202K, capacity 59766K, committed 60584K, reserved 1101824K
  class space    used 7826K, capacity 7970K, committed 8112K, reserved 1048576K
}
Event: 32674.967 GC heap before
{Heap before GC invocations=2098 (full 2010):
 PSYoungGen      total 724992K, used 280063K [0x000000076d100000, 0x00000007b5580000, 0x00000007c0000000)
  eden space 280064K, 99% used [0x000000076d100000,0x000000077e27fff8,0x000000077e280000)
  from space 444928K, 0% used [0x000000079a300000,0x000000079a300000,0x00000007b5580000)
  to   space 452096K, 0% used [0x000000077e280000,0x000000077e280000,0x0000000799c00000)
 ParOldGen       total 2718720K, used 2718686K [0x00000006c7200000, 0x000000076d100000, 0x000000076d100000)
  object space 2718720K, 99% used [0x00000006c7200000,0x000000076d0f7b68,0x000000076d100000)
 Metaspace       used 59202K, capacity 59766K, committed 60584K, reserved 1101824K
  class space    used 7826K, capacity 7970K, committed 8112K, reserved 1048576K
Event: 32678.111 GC heap after
Heap after GC invocations=2098 (full 2010):
 PSYoungGen      total 724992K, used 280063K [0x000000076d100000, 0x00000007b5580000, 0x00000007c0000000)
  eden space 280064K, 99% used [0x000000076d100000,0x000000077e27fff8,0x000000077e280000)
  from space 444928K, 0% used [0x000000079a300000,0x000000079a300000,0x00000007b5580000)
  to   space 452096K, 0% used [0x000000077e280000,0x000000077e280000,0x0000000799c00000)
 ParOldGen       total 2718720K, used 2718681K [0x00000006c7200000, 0x000000076d100000, 0x000000076d100000)
  object space 2718720K, 99% used [0x00000006c7200000,0x000000076d0f6748,0x000000076d100000)
 Metaspace       used 59202K, capacity 59766K, committed 60584K, reserved 1101824K
  class space    used 7826K, capacity 7970K, committed 8112K, reserved 1048576K
}
Event: 32678.111 GC heap before
{Heap before GC invocations=2099 (full 2011):
 PSYoungGen      total 724992K, used 280063K [0x000000076d100000, 0x00000007b5580000, 0x00000007c0000000)
  eden space 280064K, 99% used [0x000000076d100000,0x000000077e27fff8,0x000000077e280000)
  from space 444928K, 0% used [0x000000079a300000,0x000000079a300000,0x00000007b5580000)
  to   space 452096K, 0% used [0x000000077e280000,0x000000077e280000,0x0000000799c00000)
 ParOldGen       total 2718720K, used 2718685K [0x00000006c7200000, 0x000000076d100000, 0x000000076d100000)
  object space 2718720K, 99% used [0x00000006c7200000,0x000000076d0f7640,0x000000076d100000)
 Metaspace       used 59202K, capacity 59766K, committed 60584K, reserved 1101824K
  class space    used 7826K, capacity 7970K, committed 8112K, reserved 1048576K
Event: 32681.368 GC heap after
Heap after GC invocations=2099 (full 2011):
 PSYoungGen      total 724992K, used 280063K [0x000000076d100000, 0x00000007b5580000, 0x00000007c0000000)
  eden space 280064K, 99% used [0x000000076d100000,0x000000077e27ff90,0x000000077e280000)
  from space 444928K, 0% used [0x000000079a300000,0x000000079a300000,0x00000007b5580000)
  to   space 452096K, 0% used [0x000000077e280000,0x000000077e280000,0x0000000799c00000)
 ParOldGen       total 2718720K, used 2718683K [0x00000006c7200000, 0x000000076d100000, 0x000000076d100000)
  object space 2718720K, 99% used [0x00000006c7200000,0x000000076d0f6d30,0x000000076d100000)
 Metaspace       used 59202K, capacity 59766K, committed 60584K, reserved 1101824K
  class space    used 7826K, capacity 7970K, committed 8112K, reserved 1048576K
}
Event: 32681.368 GC heap before
{Heap before GC invocations=2100 (full 2012):
 PSYoungGen      total 724992K, used 280063K [0x000000076d100000, 0x00000007b5580000, 0x00000007c0000000)
  eden space 280064K, 99% used [0x000000076d100000,0x000000077e27fff8,0x000000077e280000)
  from space 444928K, 0% used [0x000000079a300000,0x000000079a300000,0x00000007b5580000)
  to   space 452096K, 0% used [0x000000077e280000,0x000000077e280000,0x0000000799c00000)
 ParOldGen       total 2718720K, used 2718683K [0x00000006c7200000, 0x000000076d100000, 0x000000076d100000)
  object space 2718720K, 99% used [0x00000006c7200000,0x000000076d0f6d30,0x000000076d100000)
 Metaspace       used 59202K, capacity 59766K, committed 60584K, reserved 1101824K
  class space    used 7826K, capacity 7970K, committed 8112K, reserved 1048576K
Event: 32684.424 GC heap after
Heap after GC invocations=2100 (full 2012):
 PSYoungGen      total 724992K, used 280063K [0x000000076d100000, 0x00000007b5580000, 0x00000007c0000000)
  eden space 280064K, 99% used [0x000000076d100000,0x000000077e27fff8,0x000000077e280000)
  from space 444928K, 0% used [0x000000079a300000,0x000000079a300000,0x00000007b5580000)
  to   space 452096K, 0% used [0x000000077e280000,0x000000077e280000,0x0000000799c00000)
 ParOldGen       total 2718720K, used 2718683K [0x00000006c7200000, 0x000000076d100000, 0x000000076d100000)
  object space 2718720K, 99% used [0x00000006c7200000,0x000000076d0f6d10,0x000000076d100000)
 Metaspace       used 59202K, capacity 59766K, committed 60584K, reserved 1101824K
  class space    used 7826K, capacity 7970K, committed 8112K, reserved 1048576K
}
Event: 32684.424 GC heap before
{Heap before GC invocations=2101 (full 2013):
 PSYoungGen      total 724992K, used 280063K [0x000000076d100000, 0x00000007b5580000, 0x00000007c0000000)
  eden space 280064K, 99% used [0x000000076d100000,0x000000077e27fff8,0x000000077e280000)
  from space 444928K, 0% used [0x000000079a300000,0x000000079a300000,0x00000007b5580000)
  to   space 452096K, 0% used [0x000000077e280000,0x000000077e280000,0x0000000799c00000)
 ParOldGen       total 2718720K, used 2718687K [0x00000006c7200000, 0x000000076d100000, 0x000000076d100000)
  object space 2718720K, 99% used [0x00000006c7200000,0x000000076d0f7df0,0x000000076d100000)
 Metaspace       used 59202K, capacity 59766K, committed 60584K, reserved 1101824K
  class space    used 7826K, capacity 7970K, committed 8112K, reserved 1048576K
Event: 32687.494 GC heap after
Heap after GC invocations=2101 (full 2013):
 PSYoungGen      total 724992K, used 280063K [0x000000076d100000, 0x00000007b5580000, 0x00000007c0000000)
  eden space 280064K, 99% used [0x000000076d100000,0x000000077e27fff8,0x000000077e280000)
  from space 444928K, 0% used [0x000000079a300000,0x000000079a300000,0x00000007b5580000)
  to   space 452096K, 0% used [0x000000077e280000,0x000000077e280000,0x0000000799c00000)
 ParOldGen       total 2718720K, used 2718684K [0x00000006c7200000, 0x000000076d100000, 0x000000076d100000)
  object space 2718720K, 99% used [0x00000006c7200000,0x000000076d0f7110,0x000000076d100000)
 Metaspace       used 59202K, capacity 59766K, committed 60584K, reserved 1101824K
  class space    used 7826K, capacity 7970K, committed 8112K, reserved 1048576K
}
Event: 32687.494 GC heap before
{Heap before GC invocations=2102 (full 2014):
 PSYoungGen      total 724992K, used 280063K [0x000000076d100000, 0x00000007b5580000, 0x00000007c0000000)
  eden space 280064K, 99% used [0x000000076d100000,0x000000077e27fff8,0x000000077e280000)
  from space 444928K, 0% used [0x000000079a300000,0x000000079a300000,0x00000007b5580000)
  to   space 452096K, 0% used [0x000000077e280000,0x000000077e280000,0x0000000799c00000)
 ParOldGen       total 2718720K, used 2718688K [0x00000006c7200000, 0x000000076d100000, 0x000000076d100000)
  object space 2718720K, 99% used [0x00000006c7200000,0x000000076d0f83a0,0x000000076d100000)
 Metaspace       used 59202K, capacity 59766K, committed 60584K, reserved 1101824K
  class space    used 7826K, capacity 7970K, committed 8112K, reserved 1048576K
Event: 32691.303 GC heap after
Heap after GC invocations=2102 (full 2014):
 PSYoungGen      total 724992K, used 280063K [0x000000076d100000, 0x00000007b5580000, 0x00000007c0000000)
  eden space 280064K, 99% used [0x000000076d100000,0x000000077e27ffd0,0x000000077e280000)
  from space 444928K, 0% used [0x000000079a300000,0x000000079a300000,0x00000007b5580000)
  to   space 452096K, 0% used [0x000000077e280000,0x000000077e280000,0x0000000799c00000)
 ParOldGen       total 2718720K, used 2718682K [0x00000006c7200000, 0x000000076d100000, 0x000000076d100000)
  object space 2718720K, 99% used [0x00000006c7200000,0x000000076d0f69c0,0x000000076d100000)
 Metaspace       used 59202K, capacity 59766K, committed 60584K, reserved 1101824K
  class space    used 7826K, capacity 7970K, committed 8112K, reserved 1048576K
}
Event: 32691.303 GC heap before
{Heap before GC invocations=2103 (full 2015):
 PSYoungGen      total 724992K, used 280063K [0x000000076d100000, 0x00000007b5580000, 0x00000007c0000000)
  eden space 280064K, 99% used [0x000000076d100000,0x000000077e27fff0,0x000000077e280000)
  from space 444928K, 0% used [0x000000079a300000,0x000000079a300000,0x00000007b5580000)
  to   space 452096K, 0% used [0x000000077e280000,0x000000077e280000,0x0000000799c00000)
 ParOldGen       total 2718720K, used 2718682K [0x00000006c7200000, 0x000000076d100000, 0x000000076d100000)
  object space 2718720K, 99% used [0x00000006c7200000,0x000000076d0f69c0,0x000000076d100000)
 Metaspace       used 59202K, capacity 59766K, committed 60584K, reserved 1101824K
  class space    used 7826K, capacity 7970K, committed 8112K, reserved 1048576K
Event: 32694.533 GC heap after
Heap after GC invocations=2103 (full 2015):
 PSYoungGen      total 724992K, used 280063K [0x000000076d100000, 0x00000007b5580000, 0x00000007c0000000)
  eden space 280064K, 99% used [0x000000076d100000,0x000000077e27fff0,0x000000077e280000)
  from space 444928K, 0% used [0x000000079a300000,0x000000079a300000,0x00000007b5580000)
  to   space 452096K, 0% used [0x000000077e280000,0x000000077e280000,0x0000000799c00000)
 ParOldGen       total 2718720K, used 2718682K [0x00000006c7200000, 0x000000076d100000, 0x000000076d100000)
  object space 2718720K, 99% used [0x00000006c7200000,0x000000076d0f69a0,0x000000076d100000)
 Metaspace       used 59202K, capacity 59766K, committed 60584K, reserved 1101824K
  class space    used 7826K, capacity 7970K, committed 8112K, reserved 1048576K
}
Event: 32694.533 GC heap before
{Heap before GC invocations=2104 (full 2016):
 PSYoungGen      total 724992K, used 280064K [0x000000076d100000, 0x00000007b5580000, 0x00000007c0000000)
  eden space 280064K, 100% used [0x000000076d100000,0x000000077e280000,0x000000077e280000)
  from space 444928K, 0% used [0x000000079a300000,0x000000079a300000,0x00000007b5580000)
  to   space 452096K, 0% used [0x000000077e280000,0x000000077e280000,0x0000000799c00000)
 ParOldGen       total 2718720K, used 2718687K [0x00000006c7200000, 0x000000076d100000, 0x000000076d100000)
  object space 2718720K, 99% used [0x00000006c7200000,0x000000076d0f7c08,0x000000076d100000)
 Metaspace       used 59202K, capacity 59766K, committed 60584K, reserved 1101824K
  class space    used 7826K, capacity 7970K, committed 8112K, reserved 1048576K
Event: 32697.661 GC heap after
Heap after GC invocations=2104 (full 2016):
 PSYoungGen      total 724992K, used 280063K [0x000000076d100000, 0x00000007b5580000, 0x00000007c0000000)
  eden space 280064K, 99% used [0x000000076d100000,0x000000077e27fff0,0x000000077e280000)
  from space 444928K, 0% used [0x000000079a300000,0x000000079a300000,0x00000007b5580000)
  to   space 452096K, 0% used [0x000000077e280000,0x000000077e280000,0x0000000799c00000)
 ParOldGen       total 2718720K, used 2718682K [0x00000006c7200000, 0x000000076d100000, 0x000000076d100000)
  object space 2718720K, 99% used [0x00000006c7200000,0x000000076d0f6ab0,0x000000076d100000)
 Metaspace       used 59202K, capacity 59766K, committed 60584K, reserved 1101824K
  class space    used 7826K, capacity 7970K, committed 8112K, reserved 1048576K
}
Event: 32697.661 GC heap before
{Heap before GC invocations=2105 (full 2017):
 PSYoungGen      total 724992K, used 280064K [0x000000076d100000, 0x00000007b5580000, 0x00000007c0000000)
  eden space 280064K, 100% used [0x000000076d100000,0x000000077e280000,0x000000077e280000)
  from space 444928K, 0% used [0x000000079a300000,0x000000079a300000,0x00000007b5580000)
  to   space 452096K, 0% used [0x000000077e280000,0x000000077e280000,0x0000000799c00000)
 ParOldGen       total 2718720K, used 2718688K [0x00000006c7200000, 0x000000076d100000, 0x000000076d100000)
  object space 2718720K, 99% used [0x00000006c7200000,0x000000076d0f8210,0x000000076d100000)
 Metaspace       used 59202K, capacity 59766K, committed 60584K, reserved 1101824K
  class space    used 7826K, capacity 7970K, committed 8112K, reserved 1048576K
Event: 32700.698 GC heap after
Heap after GC invocations=2105 (full 2017):
 PSYoungGen      total 724992K, used 280063K [0x000000076d100000, 0x00000007b5580000, 0x00000007c0000000)
  eden space 280064K, 99% used [0x000000076d100000,0x000000077e27ffd0,0x000000077e280000)
  from space 444928K, 0% used [0x000000079a300000,0x000000079a300000,0x00000007b5580000)
  to   space 452096K, 0% used [0x000000077e280000,0x000000077e280000,0x0000000799c00000)
 ParOldGen       total 2718720K, used 2718683K [0x00000006c7200000, 0x000000076d100000, 0x000000076d100000)
  object space 2718720K, 99% used [0x00000006c7200000,0x000000076d0f6d30,0x000000076d100000)
 Metaspace       used 59202K, capacity 59766K, committed 60584K, reserved 1101824K
  class space    used 7826K, capacity 7970K, committed 8112K, reserved 1048576K
}
Event: 32700.698 GC heap before
{Heap before GC invocations=2106 (full 2018):
 PSYoungGen      total 724992K, used 280064K [0x000000076d100000, 0x00000007b5580000, 0x00000007c0000000)
  eden space 280064K, 100% used [0x000000076d100000,0x000000077e280000,0x000000077e280000)
  from space 444928K, 0% used [0x000000079a300000,0x000000079a300000,0x00000007b5580000)
  to   space 452096K, 0% used [0x000000077e280000,0x000000077e280000,0x0000000799c00000)
 ParOldGen       total 2718720K, used 2718689K [0x00000006c7200000, 0x000000076d100000, 0x000000076d100000)
  object space 2718720K, 99% used [0x00000006c7200000,0x000000076d0f8548,0x000000076d100000)
 Metaspace       used 59202K, capacity 59766K, committed 60584K, reserved 1101824K
  class space    used 7826K, capacity 7970K, committed 8112K, reserved 1048576K
Event: 32703.679 GC heap after
Heap after GC invocations=2106 (full 2018):
 PSYoungGen      total 724992K, used 280063K [0x000000076d100000, 0x00000007b5580000, 0x00000007c0000000)
  eden space 280064K, 99% used [0x000000076d100000,0x000000077e27ffe8,0x000000077e280000)
  from space 444928K, 0% used [0x000000079a300000,0x000000079a300000,0x00000007b5580000)
  to   space 452096K, 0% used [0x000000077e280000,0x000000077e280000,0x0000000799c00000)
 ParOldGen       total 2718720K, used 2718683K [0x00000006c7200000, 0x000000076d100000, 0x000000076d100000)
  object space 2718720K, 99% used [0x00000006c7200000,0x000000076d0f6d88,0x000000076d100000)
 Metaspace       used 59202K, capacity 59766K, committed 60584K, reserved 1101824K
  class space    used 7826K, capacity 7970K, committed 8112K, reserved 1048576K
}
Event: 32703.679 GC heap before
{Heap before GC invocations=2107 (full 2019):
 PSYoungGen      total 724992K, used 280064K [0x000000076d100000, 0x00000007b5580000, 0x00000007c0000000)
  eden space 280064K, 100% used [0x000000076d100000,0x000000077e280000,0x000000077e280000)
  from space 444928K, 0% used [0x000000079a300000,0x000000079a300000,0x00000007b5580000)
  to   space 452096K, 0% used [0x000000077e280000,0x000000077e280000,0x0000000799c00000)
 ParOldGen       total 2718720K, used 2718688K [0x00000006c7200000, 0x000000076d100000, 0x000000076d100000)
  object space 2718720K, 99% used [0x00000006c7200000,0x000000076d0f8180,0x000000076d100000)
 Metaspace       used 59202K, capacity 59766K, committed 60584K, reserved 1101824K
  class space    used 7826K, capacity 7970K, committed 8112K, reserved 1048576K
Event: 32706.640 GC heap after
Heap after GC invocations=2107 (full 2019):
 PSYoungGen      total 724992K, used 280063K [0x000000076d100000, 0x00000007b5580000, 0x00000007c0000000)
  eden space 280064K, 99% used [0x000000076d100000,0x000000077e27ffe8,0x000000077e280000)
  from space 444928K, 0% used [0x000000079a300000,0x000000079a300000,0x00000007b5580000)
  to   space 452096K, 0% used [0x000000077e280000,0x000000077e280000,0x0000000799c00000)
 ParOldGen       total 2718720K, used 2718683K [0x00000006c7200000, 0x000000076d100000, 0x000000076d100000)
  object space 2718720K, 99% used [0x00000006c7200000,0x000000076d0f6e90,0x000000076d100000)
 Metaspace       used 59202K, capacity 59766K, committed 60584K, reserved 1101824K
  class space    used 7826K, capacity 7970K, committed 8112K, reserved 1048576K
}
Event: 32706.640 GC heap before
{Heap before GC invocations=2108 (full 2020):
 PSYoungGen      total 724992K, used 280064K [0x000000076d100000, 0x00000007b5580000, 0x00000007c0000000)
  eden space 280064K, 100% used [0x000000076d100000,0x000000077e280000,0x000000077e280000)
  from space 444928K, 0% used [0x000000079a300000,0x000000079a300000,0x00000007b5580000)
  to   space 452096K, 0% used [0x000000077e280000,0x000000077e280000,0x0000000799c00000)
 ParOldGen       total 2718720K, used 2718683K [0x00000006c7200000, 0x000000076d100000, 0x000000076d100000)
  object space 2718720K, 99% used [0x00000006c7200000,0x000000076d0f6e90,0x000000076d100000)
 Metaspace       used 59202K, capacity 59766K, committed 60584K, reserved 1101824K
  class space    used 7826K, capacity 7970K, committed 8112K, reserved 1048576K
Event: 32709.772 GC heap after
Heap after GC invocations=2108 (full 2020):
 PSYoungGen      total 724992K, used 280063K [0x000000076d100000, 0x00000007b5580000, 0x00000007c0000000)
  eden space 280064K, 99% used [0x000000076d100000,0x000000077e27ffe8,0x000000077e280000)
  from space 444928K, 0% used [0x000000079a300000,0x000000079a300000,0x00000007b5580000)
  to   space 452096K, 0% used [0x000000077e280000,0x000000077e280000,0x0000000799c00000)
 ParOldGen       total 2718720K, used 2718683K [0x00000006c7200000, 0x000000076d100000, 0x000000076d100000)
  object space 2718720K, 99% used [0x00000006c7200000,0x000000076d0f6e70,0x000000076d100000)
 Metaspace       used 59202K, capacity 59766K, committed 60584K, reserved 1101824K
  class space    used 7826K, capacity 7970K, committed 8112K, reserved 1048576K
}
Event: 32709.772 GC heap before
{Heap before GC invocations=2109 (full 2021):
 PSYoungGen      total 724992K, used 280064K [0x000000076d100000, 0x00000007b5580000, 0x00000007c0000000)
  eden space 280064K, 100% used [0x000000076d100000,0x000000077e280000,0x000000077e280000)
  from space 444928K, 0% used [0x000000079a300000,0x000000079a300000,0x00000007b5580000)
  to   space 452096K, 0% used [0x000000077e280000,0x000000077e280000,0x0000000799c00000)
 ParOldGen       total 2718720K, used 2718683K [0x00000006c7200000, 0x000000076d100000, 0x000000076d100000)
  object space 2718720K, 99% used [0x00000006c7200000,0x000000076d0f6e70,0x000000076d100000)
 Metaspace       used 59202K, capacity 59766K, committed 60584K, reserved 1101824K
  class space    used 7826K, capacity 7970K, committed 8112K, reserved 1048576K
Event: 32712.843 GC heap after
Heap after GC invocations=2109 (full 2021):
 PSYoungGen      total 724992K, used 280064K [0x000000076d100000, 0x00000007b5580000, 0x00000007c0000000)
  eden space 280064K, 100% used [0x000000076d100000,0x000000077e280000,0x000000077e280000)
  from space 444928K, 0% used [0x000000079a300000,0x000000079a300000,0x00000007b5580000)
  to   space 452096K, 0% used [0x000000077e280000,0x000000077e280000,0x0000000799c00000)
 ParOldGen       total 2718720K, used 2718683K [0x00000006c7200000, 0x000000076d100000, 0x000000076d100000)
  object space 2718720K, 99% used [0x00000006c7200000,0x000000076d0f6e70,0x000000076d100000)
 Metaspace       used 59202K, capacity 59766K, committed 60584K, reserved 1101824K
  class space    used 7826K, capacity 7970K, committed 8112K, reserved 1048576K
}
Event: 32712.843 GC heap before
{Heap before GC invocations=2110 (full 2022):
 PSYoungGen      total 724992K, used 280064K [0x000000076d100000, 0x00000007b5580000, 0x00000007c0000000)
  eden space 280064K, 100% used [0x000000076d100000,0x000000077e280000,0x000000077e280000)
  from space 444928K, 0% used [0x000000079a300000,0x000000079a300000,0x00000007b5580000)
  to   space 452096K, 0% used [0x000000077e280000,0x000000077e280000,0x0000000799c00000)
 ParOldGen       total 2718720K, used 2718687K [0x00000006c7200000, 0x000000076d100000, 0x000000076d100000)
  object space 2718720K, 99% used [0x00000006c7200000,0x000000076d0f7c00,0x000000076d100000)
 Metaspace       used 59202K, capacity 59766K, committed 60584K, reserved 1101824K
  class space    used 7826K, capacity 7970K, committed 8112K, reserved 1048576K
Event: 32716.020 GC heap after
Heap after GC invocations=2110 (full 2022):
 PSYoungGen      total 724992K, used 280063K [0x000000076d100000, 0x00000007b5580000, 0x00000007c0000000)
  eden space 280064K, 99% used [0x000000076d100000,0x000000077e27ffb0,0x000000077e280000)
  from space 444928K, 0% used [0x000000079a300000,0x000000079a300000,0x00000007b5580000)
  to   space 452096K, 0% used [0x000000077e280000,0x000000077e280000,0x0000000799c00000)
 ParOldGen       total 2718720K, used 2718684K [0x00000006c7200000, 0x000000076d100000, 0x000000076d100000)
  object space 2718720K, 99% used [0x00000006c7200000,0x000000076d0f7190,0x000000076d100000)
 Metaspace       used 59202K, capacity 59766K, committed 60584K, reserved 1101824K
  class space    used 7826K, capacity 7970K, committed 8112K, reserved 1048576K
}
Event: 32716.020 GC heap before
{Heap before GC invocations=2111 (full 2023):
 PSYoungGen      total 724992K, used 280064K [0x000000076d100000, 0x00000007b5580000, 0x00000007c0000000)
  eden space 280064K, 100% used [0x000000076d100000,0x000000077e280000,0x000000077e280000)
  from space 444928K, 0% used [0x000000079a300000,0x000000079a300000,0x00000007b5580000)
  to   space 452096K, 0% used [0x000000077e280000,0x000000077e280000,0x0000000799c00000)
 ParOldGen       total 2718720K, used 2718684K [0x00000006c7200000, 0x000000076d100000, 0x000000076d100000)
  object space 2718720K, 99% used [0x00000006c7200000,0x000000076d0f7190,0x000000076d100000)
 Metaspace       used 59202K, capacity 59766K, committed 60584K, reserved 1101824K
  class space    used 7826K, capacity 7970K, committed 8112K, reserved 1048576K
Event: 32719.194 GC heap after
Heap after GC invocations=2111 (full 2023):
 PSYoungGen      total 724992K, used 280063K [0x000000076d100000, 0x00000007b5580000, 0x00000007c0000000)
  eden space 280064K, 99% used [0x000000076d100000,0x000000077e27ffe0,0x000000077e280000)
  from space 444928K, 0% used [0x000000079a300000,0x000000079a300000,0x00000007b5580000)
  to   space 452096K, 0% used [0x000000077e280000,0x000000077e280000,0x0000000799c00000)
 ParOldGen       total 2718720K, used 2718684K [0x00000006c7200000, 0x000000076d100000, 0x000000076d100000)
  object space 2718720K, 99% used [0x00000006c7200000,0x000000076d0f7120,0x000000076d100000)
 Metaspace       used 59202K, capacity 59766K, committed 60584K, reserved 1101824K
  class space    used 7826K, capacity 7970K, committed 8112K, reserved 1048576K
}
Event: 32719.195 GC heap before
{Heap before GC invocations=2112 (full 2024):
 PSYoungGen      total 724992K, used 280064K [0x000000076d100000, 0x00000007b5580000, 0x00000007c0000000)
  eden space 280064K, 100% used [0x000000076d100000,0x000000077e280000,0x000000077e280000)
  from space 444928K, 0% used [0x000000079a300000,0x000000079a300000,0x00000007b5580000)
  to   space 452096K, 0% used [0x000000077e280000,0x000000077e280000,0x0000000799c00000)
 ParOldGen       total 2718720K, used 2718684K [0x00000006c7200000, 0x000000076d100000, 0x000000076d100000)
  object space 2718720K, 99% used [0x00000006c7200000,0x000000076d0f7120,0x000000076d100000)
 Metaspace       used 59202K, capacity 59766K, committed 60584K, reserved 1101824K
  class space    used 7826K, capacity 7970K, committed 8112K, reserved 1048576K
Event: 32722.495 GC heap after
Heap after GC invocations=2112 (full 2024):
 PSYoungGen      total 724992K, used 280063K [0x000000076d100000, 0x00000007b5580000, 0x00000007c0000000)
  eden space 280064K, 99% used [0x000000076d100000,0x000000077e27ffe8,0x000000077e280000)
  from space 444928K, 0% used [0x000000079a300000,0x000000079a300000,0x00000007b5580000)
  to   space 452096K, 0% used [0x000000077e280000,0x000000077e280000,0x0000000799c00000)
 ParOldGen       total 2718720K, used 2718684K [0x00000006c7200000, 0x000000076d100000, 0x000000076d100000)
  object space 2718720K, 99% used [0x00000006c7200000,0x000000076d0f7100,0x000000076d100000)
 Metaspace       used 59202K, capacity 59766K, committed 60584K, reserved 1101824K
  class space    used 7826K, capacity 7970K, committed 8112K, reserved 1048576K
}
Event: 32722.495 GC heap before
{Heap before GC invocations=2113 (full 2025):
 PSYoungGen      total 724992K, used 280064K [0x000000076d100000, 0x00000007b5580000, 0x00000007c0000000)
  eden space 280064K, 100% used [0x000000076d100000,0x000000077e280000,0x000000077e280000)
  from space 444928K, 0% used [0x000000079a300000,0x000000079a300000,0x00000007b5580000)
  to   space 452096K, 0% used [0x000000077e280000,0x000000077e280000,0x0000000799c00000)
 ParOldGen       total 2718720K, used 2718684K [0x00000006c7200000, 0x000000076d100000, 0x000000076d100000)
  object space 2718720K, 99% used [0x00000006c7200000,0x000000076d0f7100,0x000000076d100000)
 Metaspace       used 59202K, capacity 59766K, committed 60584K, reserved 1101824K
  class space    used 7826K, capacity 7970K, committed 8112K, reserved 1048576K
Event: 32725.520 GC heap after
Heap after GC invocations=2113 (full 2025):
 PSYoungGen      total 724992K, used 280064K [0x000000076d100000, 0x00000007b5580000, 0x00000007c0000000)
  eden space 280064K, 100% used [0x000000076d100000,0x000000077e280000,0x000000077e280000)
  from space 444928K, 0% used [0x000000079a300000,0x000000079a300000,0x00000007b5580000)
  to   space 452096K, 0% used [0x000000077e280000,0x000000077e280000,0x0000000799c00000)
 ParOldGen       total 2718720K, used 2718684K [0x00000006c7200000, 0x000000076d100000, 0x000000076d100000)
  object space 2718720K, 99% used [0x00000006c7200000,0x000000076d0f70e8,0x000000076d100000)
 Metaspace       used 59202K, capacity 59766K, committed 60584K, reserved 1101824K
  class space    used 7826K, capacity 7970K, committed 8112K, reserved 1048576K
}
Event: 32725.520 GC heap before
{Heap before GC invocations=2114 (full 2026):
 PSYoungGen      total 724992K, used 280064K [0x000000076d100000, 0x00000007b5580000, 0x00000007c0000000)
  eden space 280064K, 100% used [0x000000076d100000,0x000000077e280000,0x000000077e280000)
  from space 444928K, 0% used [0x000000079a300000,0x000000079a300000,0x00000007b5580000)
  to   space 452096K, 0% used [0x000000077e280000,0x000000077e280000,0x0000000799c00000)
 ParOldGen       total 2718720K, used 2718687K [0x00000006c7200000, 0x000000076d100000, 0x000000076d100000)
  object space 2718720K, 99% used [0x00000006c7200000,0x000000076d0f7f50,0x000000076d100000)
 Metaspace       used 59202K, capacity 59766K, committed 60584K, reserved 1101824K
  class space    used 7826K, capacity 7970K, committed 8112K, reserved 1048576K
Event: 32728.624 GC heap after
Heap after GC invocations=2114 (full 2026):
 PSYoungGen      total 724992K, used 280063K [0x000000076d100000, 0x00000007b5580000, 0x00000007c0000000)
  eden space 280064K, 99% used [0x000000076d100000,0x000000077e27ffb0,0x000000077e280000)
  from space 444928K, 0% used [0x000000079a300000,0x000000079a300000,0x00000007b5580000)
  to   space 452096K, 0% used [0x000000077e280000,0x000000077e280000,0x0000000799c00000)
 ParOldGen       total 2718720K, used 2718684K [0x00000006c7200000, 0x000000076d100000, 0x000000076d100000)
  object space 2718720K, 99% used [0x00000006c7200000,0x000000076d0f71e0,0x000000076d100000)
 Metaspace       used 59202K, capacity 59766K, committed 60584K, reserved 1101824K
  class space    used 7826K, capacity 7970K, committed 8112K, reserved 1048576K
}
Event: 32728.625 GC heap before
{Heap before GC invocations=2115 (full 2027):
 PSYoungGen      total 724992K, used 280063K [0x000000076d100000, 0x00000007b5580000, 0x00000007c0000000)
  eden space 280064K, 99% used [0x000000076d100000,0x000000077e27fff8,0x000000077e280000)
  from space 444928K, 0% used [0x000000079a300000,0x000000079a300000,0x00000007b5580000)
  to   space 452096K, 0% used [0x000000077e280000,0x000000077e280000,0x0000000799c00000)
 ParOldGen       total 2718720K, used 2718684K [0x00000006c7200000, 0x000000076d100000, 0x000000076d100000)
  object space 2718720K, 99% used [0x00000006c7200000,0x000000076d0f71e0,0x000000076d100000)
 Metaspace       used 59204K, capacity 59766K, committed 60584K, reserved 1101824K
  class space    used 7826K, capacity 7970K, committed 8112K, reserved 1048576K
Event: 32731.724 GC heap after
Heap after GC invocations=2115 (full 2027):
 PSYoungGen      total 724992K, used 280063K [0x000000076d100000, 0x00000007b5580000, 0x00000007c0000000)
  eden space 280064K, 99% used [0x000000076d100000,0x000000077e27fff8,0x000000077e280000)
  from space 444928K, 0% used [0x000000079a300000,0x000000079a300000,0x00000007b5580000)
  to   space 452096K, 0% used [0x000000077e280000,0x000000077e280000,0x0000000799c00000)
 ParOldGen       total 2718720K, used 2718684K [0x00000006c7200000, 0x000000076d100000, 0x000000076d100000)
  object space 2718720K, 99% used [0x00000006c7200000,0x000000076d0f71c0,0x000000076d100000)
 Metaspace       used 59204K, capacity 59766K, committed 60584K, reserved 1101824K
  class space    used 7826K, capacity 7970K, committed 8112K, reserved 1048576K
}
Event: 32731.725 GC heap before
{Heap before GC invocations=2116 (full 2028):
 PSYoungGen      total 724992K, used 280063K [0x000000076d100000, 0x00000007b5580000, 0x00000007c0000000)
  eden space 280064K, 99% used [0x000000076d100000,0x000000077e27fff8,0x000000077e280000)
  from space 444928K, 0% used [0x000000079a300000,0x000000079a300000,0x00000007b5580000)
  to   space 452096K, 0% used [0x000000077e280000,0x000000077e280000,0x0000000799c00000)
 ParOldGen       total 2718720K, used 2718687K [0x00000006c7200000, 0x000000076d100000, 0x000000076d100000)
  object space 2718720K, 99% used [0x00000006c7200000,0x000000076d0f7c50,0x000000076d100000)
 Metaspace       used 59204K, capacity 59766K, committed 60584K, reserved 1101824K
  class space    used 7826K, capacity 7970K, committed 8112K, reserved 1048576K
Event: 32734.940 GC heap after
Heap after GC invocations=2116 (full 2028):
 PSYoungGen      total 724992K, used 280063K [0x000000076d100000, 0x00000007b5580000, 0x00000007c0000000)
  eden space 280064K, 99% used [0x000000076d100000,0x000000077e27ffd8,0x000000077e280000)
  from space 444928K, 0% used [0x000000079a300000,0x000000079a300000,0x00000007b5580000)
  to   space 452096K, 0% used [0x000000077e280000,0x000000077e280000,0x0000000799c00000)
 ParOldGen       total 2718720K, used 2718685K [0x00000006c7200000, 0x000000076d100000, 0x000000076d100000)
  object space 2718720K, 99% used [0x00000006c7200000,0x000000076d0f74a8,0x000000076d100000)
 Metaspace       used 59204K, capacity 59766K, committed 60584K, reserved 1101824K
  class space    used 7826K, capacity 7970K, committed 8112K, reserved 1048576K
}
Event: 32734.940 GC heap before
{Heap before GC invocations=2117 (full 2029):
 PSYoungGen      total 724992K, used 280063K [0x000000076d100000, 0x00000007b5580000, 0x00000007c0000000)
  eden space 280064K, 99% used [0x000000076d100000,0x000000077e27fff0,0x000000077e280000)
  from space 444928K, 0% used [0x000000079a300000,0x000000079a300000,0x00000007b5580000)
  to   space 452096K, 0% used [0x000000077e280000,0x000000077e280000,0x0000000799c00000)
 ParOldGen       total 2718720K, used 2718685K [0x00000006c7200000, 0x000000076d100000, 0x000000076d100000)
  object space 2718720K, 99% used [0x00000006c7200000,0x000000076d0f74a8,0x000000076d100000)
 Metaspace       used 59204K, capacity 59766K, committed 60584K, reserved 1101824K
  class space    used 7826K, capacity 7970K, committed 8112K, reserved 1048576K
Event: 32738.206 GC heap after
Heap after GC invocations=2117 (full 2029):
 PSYoungGen      total 724992K, used 280063K [0x000000076d100000, 0x00000007b5580000, 0x00000007c0000000)
  eden space 280064K, 99% used [0x000000076d100000,0x000000077e27fff0,0x000000077e280000)
  from space 444928K, 0% used [0x000000079a300000,0x000000079a300000,0x00000007b5580000)
  to   space 452096K, 0% used [0x000000077e280000,0x000000077e280000,0x0000000799c00000)
 ParOldGen       total 2718720K, used 2718685K [0x00000006c7200000, 0x000000076d100000, 0x000000076d100000)
  object space 2718720K, 99% used [0x00000006c7200000,0x000000076d0f7488,0x000000076d100000)
 Metaspace       used 59204K, capacity 59766K, committed 60584K, reserved 1101824K
  class space    used 7826K, capacity 7970K, committed 8112K, reserved 1048576K
}
Event: 32738.206 GC heap before
{Heap before GC invocations=2118 (full 2030):
 PSYoungGen      total 724992K, used 280064K [0x000000076d100000, 0x00000007b5580000, 0x00000007c0000000)
  eden space 280064K, 100% used [0x000000076d100000,0x000000077e280000,0x000000077e280000)
  from space 444928K, 0% used [0x000000079a300000,0x000000079a300000,0x00000007b5580000)
  to   space 452096K, 0% used [0x000000077e280000,0x000000077e280000,0x0000000799c00000)
 ParOldGen       total 2718720K, used 2718690K [0x00000006c7200000, 0x000000076d100000, 0x000000076d100000)
  object space 2718720K, 99% used [0x00000006c7200000,0x000000076d0f88d0,0x000000076d100000)
 Metaspace       used 59204K, capacity 59766K, committed 60584K, reserved 1101824K
  class space    used 7826K, capacity 7970K, committed 8112K, reserved 1048576K
Event: 32741.491 GC heap after
Heap after GC invocations=2118 (full 2030):
 PSYoungGen      total 724992K, used 280063K [0x000000076d100000, 0x00000007b5580000, 0x00000007c0000000)
  eden space 280064K, 99% used [0x000000076d100000,0x000000077e27ff90,0x000000077e280000)
  from space 444928K, 0% used [0x000000079a300000,0x000000079a300000,0x00000007b5580000)
  to   space 452096K, 0% used [0x000000077e280000,0x000000077e280000,0x0000000799c00000)
 ParOldGen       total 2718720K, used 2718681K [0x00000006c7200000, 0x000000076d100000, 0x000000076d100000)
  object space 2718720K, 99% used [0x00000006c7200000,0x000000076d0f6498,0x000000076d100000)
 Metaspace       used 59204K, capacity 59766K, committed 60584K, reserved 1101824K
  class space    used 7826K, capacity 7970K, committed 8112K, reserved 1048576K
}
Event: 32741.491 GC heap before
{Heap before GC invocations=2119 (full 2031):
 PSYoungGen      total 724992K, used 280064K [0x000000076d100000, 0x00000007b5580000, 0x00000007c0000000)
  eden space 280064K, 100% used [0x000000076d100000,0x000000077e280000,0x000000077e280000)
  from space 444928K, 0% used [0x000000079a300000,0x000000079a300000,0x00000007b5580000)
  to   space 452096K, 0% used [0x000000077e280000,0x000000077e280000,0x0000000799c00000)
 ParOldGen       total 2718720K, used 2718681K [0x00000006c7200000, 0x000000076d100000, 0x000000076d100000)
  object space 2718720K, 99% used [0x00000006c7200000,0x000000076d0f6498,0x000000076d100000)
 Metaspace       used 59204K, capacity 59766K, committed 60584K, reserved 1101824K
  class space    used 7826K, capacity 7970K, committed 8112K, reserved 1048576K
Event: 32744.952 GC heap after
Heap after GC invocations=2119 (full 2031):
 PSYoungGen      total 724992K, used 280063K [0x000000076d100000, 0x00000007b5580000, 0x00000007c0000000)
  eden space 280064K, 99% used [0x000000076d100000,0x000000077e27ffe8,0x000000077e280000)
  from space 444928K, 0% used [0x000000079a300000,0x000000079a300000,0x00000007b5580000)
  to   space 452096K, 0% used [0x000000077e280000,0x000000077e280000,0x0000000799c00000)
 ParOldGen       total 2718720K, used 2718681K [0x00000006c7200000, 0x000000076d100000, 0x000000076d100000)
  object space 2718720K, 99% used [0x00000006c7200000,0x000000076d0f6428,0x000000076d100000)
 Metaspace       used 59204K, capacity 59766K, committed 60584K, reserved 1101824K
  class space    used 7826K, capacity 7970K, committed 8112K, reserved 1048576K
}
Event: 32744.953 GC heap before
{Heap before GC invocations=2120 (full 2032):
 PSYoungGen      total 724992K, used 280064K [0x000000076d100000, 0x00000007b5580000, 0x00000007c0000000)
  eden space 280064K, 100% used [0x000000076d100000,0x000000077e280000,0x000000077e280000)
  from space 444928K, 0% used [0x000000079a300000,0x000000079a300000,0x00000007b5580000)
  to   space 452096K, 0% used [0x000000077e280000,0x000000077e280000,0x0000000799c00000)
 ParOldGen       total 2718720K, used 2718685K [0x00000006c7200000, 0x000000076d100000, 0x000000076d100000)
  object space 2718720K, 99% used [0x00000006c7200000,0x000000076d0f7700,0x000000076d100000)
 Metaspace       used 59204K, capacity 59766K, committed 60584K, reserved 1101824K
  class space    used 7826K, capacity 7970K, committed 8112K, reserved 1048576K
Event: 32748.105 GC heap after
Heap after GC invocations=2120 (full 2032):
 PSYoungGen      total 724992K, used 280063K [0x000000076d100000, 0x00000007b5580000, 0x00000007c0000000)
  eden space 280064K, 99% used [0x000000076d100000,0x000000077e27ffe8,0x000000077e280000)
  from space 444928K, 0% used [0x000000079a300000,0x000000079a300000,0x00000007b5580000)
  to   space 452096K, 0% used [0x000000077e280000,0x000000077e280000,0x0000000799c00000)
 ParOldGen       total 2718720K, used 2718681K [0x00000006c7200000, 0x000000076d100000, 0x000000076d100000)
  object space 2718720K, 99% used [0x00000006c7200000,0x000000076d0f6760,0x000000076d100000)
 Metaspace       used 59204K, capacity 59766K, committed 60584K, reserved 1101824K
  class space    used 7826K, capacity 7970K, committed 8112K, reserved 1048576K
}
Event: 32748.105 GC heap before
{Heap before GC invocations=2121 (full 2033):
 PSYoungGen      total 724992K, used 280064K [0x000000076d100000, 0x00000007b5580000, 0x00000007c0000000)
  eden space 280064K, 100% used [0x000000076d100000,0x000000077e280000,0x000000077e280000)
  from space 444928K, 0% used [0x000000079a300000,0x000000079a300000,0x00000007b5580000)
  to   space 452096K, 0% used [0x000000077e280000,0x000000077e280000,0x0000000799c00000)
 ParOldGen       total 2718720K, used 2718681K [0x00000006c7200000, 0x000000076d100000, 0x000000076d100000)
  object space 2718720K, 99% used [0x00000006c7200000,0x000000076d0f6760,0x000000076d100000)
 Metaspace       used 59204K, capacity 59766K, committed 60584K, reserved 1101824K
  class space    used 7826K, capacity 7970K, committed 8112K, reserved 1048576K
Event: 32751.114 GC heap after
Heap after GC invocations=2121 (full 2033):
 PSYoungGen      total 724992K, used 280063K [0x000000076d100000, 0x00000007b5580000, 0x00000007c0000000)
  eden space 280064K, 99% used [0x000000076d100000,0x000000077e27ffe8,0x000000077e280000)
  from space 444928K, 0% used [0x000000079a300000,0x000000079a300000,0x00000007b5580000)
  to   space 452096K, 0% used [0x000000077e280000,0x000000077e280000,0x0000000799c00000)
 ParOldGen       total 2718720K, used 2718681K [0x00000006c7200000, 0x000000076d100000, 0x000000076d100000)
  object space 2718720K, 99% used [0x00000006c7200000,0x000000076d0f6760,0x000000076d100000)
 Metaspace       used 59204K, capacity 59766K, committed 60584K, reserved 1101824K
  class space    used 7826K, capacity 7970K, committed 8112K, reserved 1048576K
}
Event: 32751.115 GC heap before
{Heap before GC invocations=2122 (full 2034):
 PSYoungGen      total 724992K, used 280064K [0x000000076d100000, 0x00000007b5580000, 0x00000007c0000000)
  eden space 280064K, 100% used [0x000000076d100000,0x000000077e280000,0x000000077e280000)
  from space 444928K, 0% used [0x000000079a300000,0x000000079a300000,0x00000007b5580000)
  to   space 452096K, 0% used [0x000000077e280000,0x000000077e280000,0x0000000799c00000)
 ParOldGen       total 2718720K, used 2718681K [0x00000006c7200000, 0x000000076d100000, 0x000000076d100000)
  object space 2718720K, 99% used [0x00000006c7200000,0x000000076d0f6760,0x000000076d100000)
 Metaspace       used 59204K, capacity 59766K, committed 60584K, reserved 1101824K
  class space    used 7826K, capacity 7970K, committed 8112K, reserved 1048576K
Event: 32754.181 GC heap after
Heap after GC invocations=2122 (full 2034):
 PSYoungGen      total 724992K, used 280064K [0x000000076d100000, 0x00000007b5580000, 0x00000007c0000000)
  eden space 280064K, 100% used [0x000000076d100000,0x000000077e280000,0x000000077e280000)
  from space 444928K, 0% used [0x000000079a300000,0x000000079a300000,0x00000007b5580000)
  to   space 452096K, 0% used [0x000000077e280000,0x000000077e280000,0x0000000799c00000)
 ParOldGen       total 2718720K, used 2718681K [0x00000006c7200000, 0x000000076d100000, 0x000000076d100000)
  object space 2718720K, 99% used [0x00000006c7200000,0x000000076d0f6760,0x000000076d100000)
 Metaspace       used 59204K, capacity 59766K, committed 60584K, reserved 1101824K
  class space    used 7826K, capacity 7970K, committed 8112K, reserved 1048576K
}
Event: 32754.181 GC heap before
{Heap before GC invocations=2123 (full 2035):
 PSYoungGen      total 724992K, used 280064K [0x000000076d100000, 0x00000007b5580000, 0x00000007c0000000)
  eden space 280064K, 100% used [0x000000076d100000,0x000000077e280000,0x000000077e280000)
  from space 444928K, 0% used [0x000000079a300000,0x000000079a300000,0x00000007b5580000)
  to   space 452096K, 0% used [0x000000077e280000,0x000000077e280000,0x0000000799c00000)
 ParOldGen       total 2718720K, used 2718683K [0x00000006c7200000, 0x000000076d100000, 0x000000076d100000)
  object space 2718720K, 99% used [0x00000006c7200000,0x000000076d0f6f98,0x000000076d100000)
 Metaspace       used 59204K, capacity 59766K, committed 60584K, reserved 1101824K
  class space    used 7826K, capacity 7970K, committed 8112K, reserved 1048576K
Event: 32757.101 GC heap after
Heap after GC invocations=2123 (full 2035):
 PSYoungGen      total 724992K, used 280064K [0x000000076d100000, 0x00000007b5580000, 0x00000007c0000000)
  eden space 280064K, 100% used [0x000000076d100000,0x000000077e280000,0x000000077e280000)
  from space 444928K, 0% used [0x000000079a300000,0x000000079a300000,0x00000007b5580000)
  to   space 452096K, 0% used [0x000000077e280000,0x000000077e280000,0x0000000799c00000)
 ParOldGen       total 2718720K, used 2718682K [0x00000006c7200000, 0x000000076d100000, 0x000000076d100000)
  object space 2718720K, 99% used [0x00000006c7200000,0x000000076d0f6a98,0x000000076d100000)
 Metaspace       used 59204K, capacity 59766K, committed 60584K, reserved 1101824K
  class space    used 7826K, capacity 7970K, committed 8112K, reserved 1048576K
}
Event: 32757.102 GC heap before
{Heap before GC invocations=2124 (full 2036):
 PSYoungGen      total 724992K, used 280064K [0x000000076d100000, 0x00000007b5580000, 0x00000007c0000000)
  eden space 280064K, 100% used [0x000000076d100000,0x000000077e280000,0x000000077e280000)
  from space 444928K, 0% used [0x000000079a300000,0x000000079a300000,0x00000007b5580000)
  to   space 452096K, 0% used [0x000000077e280000,0x000000077e280000,0x0000000799c00000)
 ParOldGen       total 2718720K, used 2718686K [0x00000006c7200000, 0x000000076d100000, 0x000000076d100000)
  object space 2718720K, 99% used [0x00000006c7200000,0x000000076d0f79f8,0x000000076d100000)
 Metaspace       used 59204K, capacity 59766K, committed 60584K, reserved 1101824K
  class space    used 7826K, capacity 7970K, committed 8112K, reserved 1048576K
Event: 32760.371 GC heap after
Heap after GC invocations=2124 (full 2036):
 PSYoungGen      total 724992K, used 280064K [0x000000076d100000, 0x00000007b5580000, 0x00000007c0000000)
  eden space 280064K, 100% used [0x000000076d100000,0x000000077e280000,0x000000077e280000)
  from space 444928K, 0% used [0x000000079a300000,0x000000079a300000,0x00000007b5580000)
  to   space 452096K, 0% used [0x000000077e280000,0x000000077e280000,0x0000000799c00000)
 ParOldGen       total 2718720K, used 2718683K [0x00000006c7200000, 0x000000076d100000, 0x000000076d100000)
  object space 2718720K, 99% used [0x00000006c7200000,0x000000076d0f6cc8,0x000000076d100000)
 Metaspace       used 59204K, capacity 59766K, committed 60584K, reserved 1101824K
  class space    used 7826K, capacity 7970K, committed 8112K, reserved 1048576K
}
Event: 32760.371 GC heap before
{Heap before GC invocations=2125 (full 2037):
 PSYoungGen      total 724992K, used 280064K [0x000000076d100000, 0x00000007b5580000, 0x00000007c0000000)
  eden space 280064K, 100% used [0x000000076d100000,0x000000077e280000,0x000000077e280000)
  from space 444928K, 0% used [0x000000079a300000,0x000000079a300000,0x00000007b5580000)
  to   space 452096K, 0% used [0x000000077e280000,0x000000077e280000,0x0000000799c00000)
 ParOldGen       total 2718720K, used 2718685K [0x00000006c7200000, 0x000000076d100000, 0x000000076d100000)
  object space 2718720K, 99% used [0x00000006c7200000,0x000000076d0f76e0,0x000000076d100000)
 Metaspace       used 59204K, capacity 59766K, committed 60584K, reserved 1101824K
  class space    used 7826K, capacity 7970K, committed 8112K, reserved 1048576K
Event: 32765.171 GC heap after
Heap after GC invocations=2125 (full 2037):
 PSYoungGen      total 724992K, used 280064K [0x000000076d100000, 0x00000007b5580000, 0x00000007c0000000)
  eden space 280064K, 100% used [0x000000076d100000,0x000000077e280000,0x000000077e280000)
  from space 444928K, 0% used [0x000000079a300000,0x000000079a300000,0x00000007b5580000)
  to   space 452096K, 0% used [0x000000077e280000,0x000000077e280000,0x0000000799c00000)
 ParOldGen       total 2718720K, used 2718683K [0x00000006c7200000, 0x000000076d100000, 0x000000076d100000)
  object space 2718720K, 99% used [0x00000006c7200000,0x000000076d0f6ee8,0x000000076d100000)
 Metaspace       used 59204K, capacity 59766K, committed 60584K, reserved 1101824K
  class space    used 7826K, capacity 7970K, committed 8112K, reserved 1048576K
}
Event: 32765.171 GC heap before
{Heap before GC invocations=2126 (full 2038):
 PSYoungGen      total 724992K, used 280064K [0x000000076d100000, 0x00000007b5580000, 0x00000007c0000000)
  eden space 280064K, 100% used [0x000000076d100000,0x000000077e280000,0x000000077e280000)
  from space 444928K, 0% used [0x000000079a300000,0x000000079a300000,0x00000007b5580000)
  to   space 452096K, 0% used [0x000000077e280000,0x000000077e280000,0x0000000799c00000)
 ParOldGen       total 2718720K, used 2718687K [0x00000006c7200000, 0x000000076d100000, 0x000000076d100000)
  object space 2718720K, 99% used [0x00000006c7200000,0x000000076d0f7f18,0x000000076d100000)
 Metaspace       used 59204K, capacity 59766K, committed 60584K, reserved 1101824K
  class space    used 7826K, capacity 7970K, committed 8112K, reserved 1048576K
Event: 32768.422 GC heap after
Heap after GC invocations=2126 (full 2038):
 PSYoungGen      total 724992K, used 280064K [0x000000076d100000, 0x00000007b5580000, 0x00000007c0000000)
  eden space 280064K, 100% used [0x000000076d100000,0x000000077e280000,0x000000077e280000)
  from space 444928K, 0% used [0x000000079a300000,0x000000079a300000,0x00000007b5580000)
  to   space 452096K, 0% used [0x000000077e280000,0x000000077e280000,0x0000000799c00000)
 ParOldGen       total 2718720K, used 2718683K [0x00000006c7200000, 0x000000076d100000, 0x000000076d100000)
  object space 2718720K, 99% used [0x00000006c7200000,0x000000076d0f6f90,0x000000076d100000)
 Metaspace       used 59204K, capacity 59766K, committed 60584K, reserved 1101824K
  class space    used 7826K, capacity 7970K, committed 8112K, reserved 1048576K
}
Event: 32768.423 GC heap before
{Heap before GC invocations=2127 (full 2039):
 PSYoungGen      total 724992K, used 280064K [0x000000076d100000, 0x00000007b5580000, 0x00000007c0000000)
  eden space 280064K, 100% used [0x000000076d100000,0x000000077e280000,0x000000077e280000)
  from space 444928K, 0% used [0x000000079a300000,0x000000079a300000,0x00000007b5580000)
  to   space 452096K, 0% used [0x000000077e280000,0x000000077e280000,0x0000000799c00000)
 ParOldGen       total 2718720K, used 2718688K [0x00000006c7200000, 0x000000076d100000, 0x000000076d100000)
  object space 2718720K, 99% used [0x00000006c7200000,0x000000076d0f8388,0x000000076d100000)
 Metaspace       used 59209K, capacity 59798K, committed 60584K, reserved 1101824K
  class space    used 7827K, capacity 8002K, committed 8112K, reserved 1048576K
Event: 32771.594 GC heap after
Heap after GC invocations=2127 (full 2039):
 PSYoungGen      total 724992K, used 280064K [0x000000076d100000, 0x00000007b5580000, 0x00000007c0000000)
  eden space 280064K, 100% used [0x000000076d100000,0x000000077e280000,0x000000077e280000)
  from space 444928K, 0% used [0x000000079a300000,0x000000079a300000,0x00000007b5580000)
  to   space 452096K, 0% used [0x000000077e280000,0x000000077e280000,0x0000000799c00000)
 ParOldGen       total 2718720K, used 2718683K [0x00000006c7200000, 0x000000076d100000, 0x000000076d100000)
  object space 2718720K, 99% used [0x00000006c7200000,0x000000076d0f6ef0,0x000000076d100000)
 Metaspace       used 59209K, capacity 59798K, committed 60584K, reserved 1101824K
  class space    used 7827K, capacity 8002K, committed 8112K, reserved 1048576K
}
Event: 32771.596 GC heap before
{Heap before GC invocations=2128 (full 2040):
 PSYoungGen      total 724992K, used 280064K [0x000000076d100000, 0x00000007b5580000, 0x00000007c0000000)
  eden space 280064K, 100% used [0x000000076d100000,0x000000077e280000,0x000000077e280000)
  from space 444928K, 0% used [0x000000079a300000,0x000000079a300000,0x00000007b5580000)
  to   space 452096K, 0% used [0x000000077e280000,0x000000077e280000,0x0000000799c00000)
 ParOldGen       total 2718720K, used 2718686K [0x00000006c7200000, 0x000000076d100000, 0x000000076d100000)
  object space 2718720K, 99% used [0x00000006c7200000,0x000000076d0f7b58,0x000000076d100000)
 Metaspace       used 59209K, capacity 59798K, committed 60584K, reserved 1101824K
  class space    used 7827K, capacity 8002K, committed 8112K, reserved 1048576K
Event: 32775.259 GC heap after
Heap after GC invocations=2128 (full 2040):
 PSYoungGen      total 724992K, used 280064K [0x000000076d100000, 0x00000007b5580000, 0x00000007c0000000)
  eden space 280064K, 100% used [0x000000076d100000,0x000000077e280000,0x000000077e280000)
  from space 444928K, 0% used [0x000000079a300000,0x000000079a300000,0x00000007b5580000)
  to   space 452096K, 0% used [0x000000077e280000,0x000000077e280000,0x0000000799c00000)
 ParOldGen       total 2718720K, used 2718684K [0x00000006c7200000, 0x000000076d100000, 0x000000076d100000)
  object space 2718720K, 99% used [0x00000006c7200000,0x000000076d0f70d0,0x000000076d100000)
 Metaspace       used 59209K, capacity 59798K, committed 60584K, reserved 1101824K
  class space    used 7827K, capacity 8002K, committed 8112K, reserved 1048576K
}
Event: 32775.259 GC heap before
{Heap before GC invocations=2129 (full 2041):
 PSYoungGen      total 724992K, used 280064K [0x000000076d100000, 0x00000007b5580000, 0x00000007c0000000)
  eden space 280064K, 100% used [0x000000076d100000,0x000000077e280000,0x000000077e280000)
  from space 444928K, 0% used [0x000000079a300000,0x000000079a300000,0x00000007b5580000)
  to   space 452096K, 0% used [0x000000077e280000,0x000000077e280000,0x0000000799c00000)
 ParOldGen       total 2718720K, used 2718691K [0x00000006c7200000, 0x000000076d100000, 0x000000076d100000)
  object space 2718720K, 99% used [0x00000006c7200000,0x000000076d0f8c10,0x000000076d100000)
 Metaspace       used 59209K, capacity 59798K, committed 60584K, reserved 1101824K
  class space    used 7827K, capacity 8002K, committed 8112K, reserved 1048576K

