# JRE version: OpenJDK Runtime Environment (8.0_191-b12) (build 1.8.0_191-b12)
# Java VM: OpenJDK 64-Bit Server VM (25.191-b12 mixed mode linux-amd64 compressed oops)
Heap:
 PSYoungGen      total 273920K, used 22507K [0x000000076d100000, 0x000000077f900000, 0x00000007c0000000)
  eden space 251392K, 0% used [0x000000076d100000,0x000000076d100000,0x000000077c680000)
  from space 22528K, 99% used [0x000000077c680000,0x000000077dc7ae88,0x000000077dc80000)
  to   space 15872K, 0% used [0x000000077dc80000,0x000000077dc80000,0x000000077ec00000)
 ParOldGen       total 171008K, used 23237K [0x00000006c7200000, 0x00000006d1900000, 0x000000076d100000)
  object space 171008K, 13% used [0x00000006c7200000,0x00000006c88b1770,0x00000006d1900000)
 Metaspace       used 11845K, capacity 12240K, committed 12288K, reserved 1060864K
  class space    used 1171K, capacity 1278K, committed 1280K, reserved 1048576K
GC Heap History (13 events):
Event: 2.985 GC heap before
{Heap before GC invocations=1 (full 0):
 PSYoungGen      total 74752K, used 64512K [0x000000076d100000, 0x0000000772400000, 0x00000007c0000000)
  eden space 64512K, 100% used [0x000000076d100000,0x0000000771000000,0x0000000771000000)
  from space 10240K, 0% used [0x0000000771a00000,0x0000000771a00000,0x0000000772400000)
  to   space 10240K, 0% used [0x0000000771000000,0x0000000771000000,0x0000000771a00000)
 ParOldGen       total 171008K, used 0K [0x00000006c7200000, 0x00000006d1900000, 0x000000076d100000)
  object space 171008K, 0% used [0x00000006c7200000,0x00000006c7200000,0x00000006d1900000)
 Metaspace       used 11469K, capacity 11772K, committed 12032K, reserved 1060864K
  class space    used 1146K, capacity 1258K, committed 1280K, reserved 1048576K
Event: 2.992 GC heap after
Heap after GC invocations=1 (full 0):
 PSYoungGen      total 74752K, used 7171K [0x000000076d100000, 0x0000000772400000, 0x00000007c0000000)
  eden space 64512K, 0% used [0x000000076d100000,0x000000076d100000,0x0000000771000000)
  from space 10240K, 70% used [0x0000000771000000,0x0000000771700c08,0x0000000771a00000)
  to   space 10240K, 0% used [0x0000000771a00000,0x0000000771a00000,0x0000000772400000)
 ParOldGen       total 171008K, used 80K [0x00000006c7200000, 0x00000006d1900000, 0x000000076d100000)
  object space 171008K, 0% used [0x00000006c7200000,0x00000006c7214010,0x00000006d1900000)
 Metaspace       used 11469K, capacity 11772K, committed 12032K, reserved 1060864K
  class space    used 1146K, capacity 1258K, committed 1280K, reserved 1048576K
}
Event: 3.302 GC heap before
{Heap before GC invocations=2 (full 0):
 PSYoungGen      total 74752K, used 71683K [0x000000076d100000, 0x0000000772400000, 0x00000007c0000000)
  eden space 64512K, 100% used [0x000000076d100000,0x0000000771000000,0x0000000771000000)
  from space 10240K, 70% used [0x0000000771000000,0x0000000771700c08,0x0000000771a00000)
  to   space 10240K, 0% used [0x0000000771a00000,0x0000000771a00000,0x0000000772400000)
 ParOldGen       total 171008K, used 80K [0x00000006c7200000, 0x00000006d1900000, 0x000000076d100000)
  object space 171008K, 0% used [0x00000006c7200000,0x00000006c7214010,0x00000006d1900000)
 Metaspace       used 11530K, capacity 11848K, committed 12032K, reserved 1060864K
  class space    used 1147K, capacity 1258K, committed 1280K, reserved 1048576K
Event: 3.306 GC heap after
Heap after GC invocations=2 (full 0):
 PSYoungGen      total 74752K, used 8227K [0x000000076d100000, 0x0000000772400000, 0x00000007c0000000)
  eden space 64512K, 0% used [0x000000076d100000,0x000000076d100000,0x0000000771000000)
  from space 10240K, 80% used [0x0000000771a00000,0x0000000772208d88,0x0000000772400000)
  to   space 10240K, 0% used [0x0000000771000000,0x0000000771000000,0x0000000771a00000)
 ParOldGen       total 171008K, used 88K [0x00000006c7200000, 0x00000006d1900000, 0x000000076d100000)
  object space 171008K, 0% used [0x00000006c7200000,0x00000006c7216010,0x00000006d1900000)
 Metaspace       used 11530K, capacity 11848K, committed 12032K, reserved 1060864K
  class space    used 1147K, capacity 1258K, committed 1280K, reserved 1048576K
}
Event: 3.574 GC heap before
{Heap before GC invocations=3 (full 0):
 PSYoungGen      total 74752K, used 72739K [0x000000076d100000, 0x0000000772400000, 0x00000007c0000000)
  eden space 64512K, 100% used [0x000000076d100000,0x0000000771000000,0x0000000771000000)
  from space 10240K, 80% used [0x0000000771a00000,0x0000000772208d88,0x0000000772400000)
  to   space 10240K, 0% used [0x0000000771000000,0x0000000771000000,0x0000000771a00000)
 ParOldGen       total 171008K, used 88K [0x00000006c7200000, 0x00000006d1900000, 0x000000076d100000)
  object space 171008K, 0% used [0x00000006c7200000,0x00000006c7216010,0x00000006d1900000)
 Metaspace       used 11706K, capacity 12016K, committed 12032K, reserved 1060864K
  class space    used 1164K, capacity 1272K, committed 1280K, reserved 1048576K
Event: 3.581 GC heap after
Heap after GC invocations=3 (full 0):
 PSYoungGen      total 74752K, used 9176K [0x000000076d100000, 0x0000000776300000, 0x00000007c0000000)
  eden space 64512K, 0% used [0x000000076d100000,0x000000076d100000,0x0000000771000000)
  from space 10240K, 89% used [0x0000000771000000,0x00000007718f6040,0x0000000771a00000)
  to   space 10240K, 0% used [0x0000000775900000,0x0000000775900000,0x0000000776300000)
 ParOldGen       total 171008K, used 96K [0x00000006c7200000, 0x00000006d1900000, 0x000000076d100000)
  object space 171008K, 0% used [0x00000006c7200000,0x00000006c7218010,0x00000006d1900000)
 Metaspace       used 11706K, capacity 12016K, committed 12032K, reserved 1060864K
  class space    used 1164K, capacity 1272K, committed 1280K, reserved 1048576K
}
Event: 3.791 GC heap before
{Heap before GC invocations=4 (full 0):
 PSYoungGen      total 74752K, used 73688K [0x000000076d100000, 0x0000000776300000, 0x00000007c0000000)
  eden space 64512K, 100% used [0x000000076d100000,0x0000000771000000,0x0000000771000000)
  from space 10240K, 89% used [0x0000000771000000,0x00000007718f6040,0x0000000771a00000)
  to   space 10240K, 0% used [0x0000000775900000,0x0000000775900000,0x0000000776300000)
 ParOldGen       total 171008K, used 96K [0x00000006c7200000, 0x00000006d1900000, 0x000000076d100000)
  object space 171008K, 0% used [0x00000006c7200000,0x00000006c7218010,0x00000006d1900000)
 Metaspace       used 11720K, capacity 12026K, committed 12288K, reserved 1060864K
  class space    used 1165K, capacity 1273K, committed 1280K, reserved 1048576K
Event: 3.804 GC heap after
Heap after GC invocations=4 (full 0):
 PSYoungGen      total 139264K, used 10216K [0x000000076d100000, 0x0000000776300000, 0x00000007c0000000)
  eden space 129024K, 0% used [0x000000076d100000,0x000000076d100000,0x0000000774f00000)
  from space 10240K, 99% used [0x0000000775900000,0x00000007762fa060,0x0000000776300000)
  to   space 10240K, 0% used [0x0000000774f00000,0x0000000774f00000,0x0000000775900000)
 ParOldGen       total 171008K, used 608K [0x00000006c7200000, 0x00000006d1900000, 0x000000076d100000)
  object space 171008K, 0% used [0x00000006c7200000,0x00000006c7298020,0x00000006d1900000)
 Metaspace       used 11720K, capacity 12026K, committed 12288K, reserved 1060864K
  class space    used 1165K, capacity 1273K, committed 1280K, reserved 1048576K
}
Event: 4.122 GC heap before
{Heap before GC invocations=5 (full 0):
 PSYoungGen      total 139264K, used 139240K [0x000000076d100000, 0x0000000776300000, 0x00000007c0000000)
  eden space 129024K, 100% used [0x000000076d100000,0x0000000774f00000,0x0000000774f00000)
  from space 10240K, 99% used [0x0000000775900000,0x00000007762fa060,0x0000000776300000)
  to   space 10240K, 0% used [0x0000000774f00000,0x0000000774f00000,0x0000000775900000)
 ParOldGen       total 171008K, used 608K [0x00000006c7200000, 0x00000006d1900000, 0x000000076d100000)
  object space 171008K, 0% used [0x00000006c7200000,0x00000006c7298020,0x00000006d1900000)
 Metaspace       used 11730K, capacity 12090K, committed 12288K, reserved 1060864K
  class space    used 1165K, capacity 1273K, committed 1280K, reserved 1048576K
Event: 4.142 GC heap after
Heap after GC invocations=5 (full 0):
 PSYoungGen      total 139264K, used 10236K [0x000000076d100000, 0x000000077ec00000, 0x00000007c0000000)
  eden space 129024K, 0% used [0x000000076d100000,0x000000076d100000,0x0000000774f00000)
  from space 10240K, 99% used [0x0000000774f00000,0x00000007758ff050,0x0000000775900000)
  to   space 15872K, 0% used [0x000000077dc80000,0x000000077dc80000,0x000000077ec00000)
 ParOldGen       total 171008K, used 6460K [0x00000006c7200000, 0x00000006d1900000, 0x000000076d100000)
  object space 171008K, 3% used [0x00000006c7200000,0x00000006c784f070,0x00000006d1900000)
 Metaspace       used 11730K, capacity 12090K, committed 12288K, reserved 1060864K
  class space    used 1165K, capacity 1273K, committed 1280K, reserved 1048576K
}
Event: 4.528 GC heap before
{Heap before GC invocations=6 (full 0):
 PSYoungGen      total 139264K, used 139260K [0x000000076d100000, 0x000000077ec00000, 0x00000007c0000000)
  eden space 129024K, 100% used [0x000000076d100000,0x0000000774f00000,0x0000000774f00000)
  from space 10240K, 99% used [0x0000000774f00000,0x00000007758ff050,0x0000000775900000)
  to   space 15872K, 0% used [0x000000077dc80000,0x000000077dc80000,0x000000077ec00000)
 ParOldGen       total 171008K, used 6460K [0x00000006c7200000, 0x00000006d1900000, 0x000000076d100000)
  object space 171008K, 3% used [0x00000006c7200000,0x00000006c784f070,0x00000006d1900000)
 Metaspace       used 11822K, capacity 12176K, committed 12288K, reserved 1060864K
  class space    used 1171K, capacity 1278K, committed 1280K, reserved 1048576K
Event: 4.555 GC heap after
Heap after GC invocations=6 (full 0):
 PSYoungGen      total 267264K, used 15848K [0x000000076d100000, 0x000000077f900000, 0x00000007c0000000)
  eden space 251392K, 0% used [0x000000076d100000,0x000000076d100000,0x000000077c680000)
  from space 15872K, 99% used [0x000000077dc80000,0x000000077ebfa030,0x000000077ec00000)
  to   space 22528K, 0% used [0x000000077c680000,0x000000077c680000,0x000000077dc80000)
 ParOldGen       total 171008K, used 13628K [0x00000006c7200000, 0x00000006d1900000, 0x000000076d100000)
  object space 171008K, 7% used [0x00000006c7200000,0x00000006c7f4f0d0,0x00000006d1900000)
 Metaspace       used 11822K, capacity 12176K, committed 12288K, reserved 1060864K
  class space    used 1171K, capacity 1278K, committed 1280K, reserved 1048576K
}
Event: 5.085 GC heap before
{Heap before GC invocations=7 (full 0):
 PSYoungGen      total 267264K, used 267240K [0x000000076d100000, 0x000000077f900000, 0x00000007c0000000)
  eden space 251392K, 100% used [0x000000076d100000,0x000000077c680000,0x000000077c680000)
  from space 15872K, 99% used [0x000000077dc80000,0x000000077ebfa030,0x000000077ec00000)
  to   space 22528K, 0% used [0x000000077c680000,0x000000077c680000,0x000000077dc80000)
 ParOldGen       total 171008K, used 13628K [0x00000006c7200000, 0x00000006d1900000, 0x000000076d100000)
  object space 171008K, 7% used [0x00000006c7200000,0x00000006c7f4f0d0,0x00000006d1900000)
 Metaspace       used 11845K, capacity 12240K, committed 12288K, reserved 1060864K
  class space    used 1171K, capacity 1278K, committed 1280K, reserved 1048576K

