# JRE version: OpenJDK Runtime Environment (8.0_191-b12) (build 1.8.0_191-b12)
# Java VM: OpenJDK 64-Bit Server VM (25.191-b12 mixed mode linux-amd64 compressed oops)
Heap:
 PSYoungGen      total 66560K, used 15606K [0x000000076d100000, 0x0000000773500000, 0x00000007c0000000)
  eden space 35328K, 43% used [0x000000076d100000,0x000000076e02da08,0x000000076f380000)
  from space 31232K, 0% used [0x000000076f380000,0x000000076f390000,0x0000000771200000)
  to   space 31744K, 0% used [0x0000000771600000,0x0000000771600000,0x0000000773500000)
 ParOldGen       total 54784K, used 38345K [0x00000006c7200000, 0x00000006ca780000, 0x000000076d100000)
  object space 54784K, 69% used [0x00000006c7200000,0x00000006c9772448,0x00000006ca780000)
 Metaspace       used 7041K, capacity 7146K, committed 7424K, reserved 1056768K
  class space    used 658K, capacity 670K, committed 768K, reserved 1048576K
GC Heap History (80 events):
Event: 0.273 GC heap before
{Heap before GC invocations=1 (full 0):
 PSYoungGen      total 2048K, used 1536K [0x000000076d100000, 0x000000076d380000, 0x00000007c0000000)
  eden space 1536K, 100% used [0x000000076d100000,0x000000076d280000,0x000000076d280000)
  from space 512K, 0% used [0x000000076d300000,0x000000076d300000,0x000000076d380000)
  to   space 512K, 0% used [0x000000076d280000,0x000000076d280000,0x000000076d300000)
 ParOldGen       total 5632K, used 0K [0x00000006c7200000, 0x00000006c7780000, 0x000000076d100000)
  object space 5632K, 0% used [0x00000006c7200000,0x00000006c7200000,0x00000006c7780000)
 Metaspace       used 3596K, capacity 4614K, committed 4864K, reserved 1056768K
  class space    used 355K, capacity 386K, committed 512K, reserved 1048576K
Event: 0.276 GC heap after
Heap after GC invocations=1 (full 0):
 PSYoungGen      total 2048K, used 496K [0x000000076d100000, 0x000000076d380000, 0x00000007c0000000)
  eden space 1536K, 0% used [0x000000076d100000,0x000000076d100000,0x000000076d280000)
  from space 512K, 97% used [0x000000076d280000,0x000000076d2fc3b0,0x000000076d300000)
  to   space 512K, 0% used [0x000000076d300000,0x000000076d300000,0x000000076d380000)
 ParOldGen       total 5632K, used 443K [0x00000006c7200000, 0x00000006c7780000, 0x000000076d100000)
  object space 5632K, 7% used [0x00000006c7200000,0x00000006c726ec48,0x00000006c7780000)
 Metaspace       used 3596K, capacity 4614K, committed 4864K, reserved 1056768K
  class space    used 355K, capacity 386K, committed 512K, reserved 1048576K
}
Event: 0.368 GC heap before
{Heap before GC invocations=2 (full 0):
 PSYoungGen      total 2048K, used 2032K [0x000000076d100000, 0x000000076d380000, 0x00000007c0000000)
  eden space 1536K, 100% used [0x000000076d100000,0x000000076d280000,0x000000076d280000)
  from space 512K, 97% used [0x000000076d280000,0x000000076d2fc3b0,0x000000076d300000)
  to   space 512K, 0% used [0x000000076d300000,0x000000076d300000,0x000000076d380000)
 ParOldGen       total 5632K, used 443K [0x00000006c7200000, 0x00000006c7780000, 0x000000076d100000)
  object space 5632K, 7% used [0x00000006c7200000,0x00000006c726ec48,0x00000006c7780000)
 Metaspace       used 5472K, capacity 5632K, committed 5760K, reserved 1056768K
  class space    used 527K, capacity 530K, committed 640K, reserved 1048576K
Event: 0.372 GC heap after
Heap after GC invocations=2 (full 0):
 PSYoungGen      total 2048K, used 496K [0x000000076d100000, 0x000000076d500000, 0x00000007c0000000)
  eden space 1536K, 0% used [0x000000076d100000,0x000000076d100000,0x000000076d280000)
  from space 512K, 96% used [0x000000076d300000,0x000000076d37c020,0x000000076d380000)
  to   space 512K, 0% used [0x000000076d280000,0x000000076d280000,0x000000076d300000)
 ParOldGen       total 5632K, used 991K [0x00000006c7200000, 0x00000006c7780000, 0x000000076d100000)
  object space 5632K, 17% used [0x00000006c7200000,0x00000006c72f7c50,0x00000006c7780000)
 Metaspace       used 5472K, capacity 5632K, committed 5760K, reserved 1056768K
  class space    used 527K, capacity 530K, committed 640K, reserved 1048576K
}
Event: 0.404 GC heap before
{Heap before GC invocations=3 (full 0):
 PSYoungGen      total 2048K, used 2032K [0x000000076d100000, 0x000000076d500000, 0x00000007c0000000)
  eden space 1536K, 100% used [0x000000076d100000,0x000000076d280000,0x000000076d280000)
  from space 512K, 96% used [0x000000076d300000,0x000000076d37c020,0x000000076d380000)
  to   space 512K, 0% used [0x000000076d280000,0x000000076d280000,0x000000076d300000)
 ParOldGen       total 5632K, used 991K [0x00000006c7200000, 0x00000006c7780000, 0x000000076d100000)
  object space 5632K, 17% used [0x00000006c7200000,0x00000006c72f7c50,0x00000006c7780000)
 Metaspace       used 5535K, capacity 5682K, committed 5760K, reserved 1056768K
  class space    used 532K, capacity 565K, committed 640K, reserved 1048576K
Event: 0.408 GC heap after
Heap after GC invocations=3 (full 0):
 PSYoungGen      total 2048K, used 512K [0x000000076d100000, 0x000000076d500000, 0x00000007c0000000)
  eden space 1536K, 0% used [0x000000076d100000,0x000000076d100000,0x000000076d280000)
  from space 512K, 100% used [0x000000076d280000,0x000000076d300000,0x000000076d300000)
  to   space 512K, 0% used [0x000000076d480000,0x000000076d480000,0x000000076d500000)
 ParOldGen       total 5632K, used 1287K [0x00000006c7200000, 0x00000006c7780000, 0x000000076d100000)
  object space 5632K, 22% used [0x00000006c7200000,0x00000006c7341c60,0x00000006c7780000)
 Metaspace       used 5535K, capacity 5682K, committed 5760K, reserved 1056768K
  class space    used 532K, capacity 565K, committed 640K, reserved 1048576K
}
Event: 0.438 GC heap before
{Heap before GC invocations=4 (full 0):
 PSYoungGen      total 2048K, used 2048K [0x000000076d100000, 0x000000076d500000, 0x00000007c0000000)
  eden space 1536K, 100% used [0x000000076d100000,0x000000076d280000,0x000000076d280000)
  from space 512K, 100% used [0x000000076d280000,0x000000076d300000,0x000000076d300000)
  to   space 512K, 0% used [0x000000076d480000,0x000000076d480000,0x000000076d500000)
 ParOldGen       total 5632K, used 1287K [0x00000006c7200000, 0x00000006c7780000, 0x000000076d100000)
  object space 5632K, 22% used [0x00000006c7200000,0x00000006c7341c60,0x00000006c7780000)
 Metaspace       used 5578K, capacity 5752K, committed 6016K, reserved 1056768K
  class space    used 534K, capacity 566K, committed 640K, reserved 1048576K
Event: 0.446 GC heap after
Heap after GC invocations=4 (full 0):
 PSYoungGen      total 3584K, used 512K [0x000000076d100000, 0x000000076d500000, 0x00000007c0000000)
  eden space 3072K, 0% used [0x000000076d100000,0x000000076d100000,0x000000076d400000)
  from space 512K, 100% used [0x000000076d480000,0x000000076d500000,0x000000076d500000)
  to   space 512K, 0% used [0x000000076d400000,0x000000076d400000,0x000000076d480000)
 ParOldGen       total 5632K, used 1679K [0x00000006c7200000, 0x00000006c7780000, 0x000000076d100000)
  object space 5632K, 29% used [0x00000006c7200000,0x00000006c73a3ca0,0x00000006c7780000)
 Metaspace       used 5578K, capacity 5752K, committed 6016K, reserved 1056768K
  class space    used 534K, capacity 566K, committed 640K, reserved 1048576K
}
Event: 0.563 GC heap before
{Heap before GC invocations=5 (full 0):
 PSYoungGen      total 3584K, used 3584K [0x000000076d100000, 0x000000076d500000, 0x00000007c0000000)
  eden space 3072K, 100% used [0x000000076d100000,0x000000076d400000,0x000000076d400000)
  from space 512K, 100% used [0x000000076d480000,0x000000076d500000,0x000000076d500000)
  to   space 512K, 0% used [0x000000076d400000,0x000000076d400000,0x000000076d480000)
 ParOldGen       total 5632K, used 1679K [0x00000006c7200000, 0x00000006c7780000, 0x000000076d100000)
  object space 5632K, 29% used [0x00000006c7200000,0x00000006c73a3ca0,0x00000006c7780000)
 Metaspace       used 6667K, capacity 6852K, committed 7040K, reserved 1056768K
  class space    used 622K, capacity 632K, committed 640K, reserved 1048576K
Event: 0.566 GC heap after
Heap after GC invocations=5 (full 0):
 PSYoungGen      total 3584K, used 512K [0x000000076d100000, 0x000000076da00000, 0x00000007c0000000)
  eden space 3072K, 0% used [0x000000076d100000,0x000000076d100000,0x000000076d400000)
  from space 512K, 100% used [0x000000076d400000,0x000000076d480000,0x000000076d480000)
  to   space 1536K, 0% used [0x000000076d880000,0x000000076d880000,0x000000076da00000)
 ParOldGen       total 5632K, used 2782K [0x00000006c7200000, 0x00000006c7780000, 0x000000076d100000)
  object space 5632K, 49% used [0x00000006c7200000,0x00000006c74b79a0,0x00000006c7780000)
 Metaspace       used 6667K, capacity 6852K, committed 7040K, reserved 1056768K
  class space    used 622K, capacity 632K, committed 640K, reserved 1048576K
}
Event: 0.705 GC heap before
{Heap before GC invocations=6 (full 0):
 PSYoungGen      total 3584K, used 3584K [0x000000076d100000, 0x000000076da00000, 0x00000007c0000000)
  eden space 3072K, 100% used [0x000000076d100000,0x000000076d400000,0x000000076d400000)
  from space 512K, 100% used [0x000000076d400000,0x000000076d480000,0x000000076d480000)
  to   space 1536K, 0% used [0x000000076d880000,0x000000076d880000,0x000000076da00000)
 ParOldGen       total 5632K, used 2782K [0x00000006c7200000, 0x00000006c7780000, 0x000000076d100000)
  object space 5632K, 49% used [0x00000006c7200000,0x00000006c74b79a0,0x00000006c7780000)
 Metaspace       used 6730K, capacity 6852K, committed 7040K, reserved 1056768K
  class space    used 622K, capacity 632K, committed 640K, reserved 1048576K
Event: 0.709 GC heap after
Heap after GC invocations=6 (full 0):
 PSYoungGen      total 6144K, used 1531K [0x000000076d100000, 0x000000076dd00000, 0x00000007c0000000)
  eden space 4608K, 0% used [0x000000076d100000,0x000000076d100000,0x000000076d580000)
  from space 1536K, 99% used [0x000000076d880000,0x000000076d9feda8,0x000000076da00000)
  to   space 3072K, 0% used [0x000000076d580000,0x000000076d580000,0x000000076d880000)
 ParOldGen       total 5632K, used 4424K [0x00000006c7200000, 0x00000006c7780000, 0x000000076d100000)
  object space 5632K, 78% used [0x00000006c7200000,0x00000006c7652010,0x00000006c7780000)
 Metaspace       used 6730K, capacity 6852K, committed 7040K, reserved 1056768K
  class space    used 622K, capacity 632K, committed 640K, reserved 1048576K
}
Event: 0.709 GC heap before
{Heap before GC invocations=7 (full 1):
 PSYoungGen      total 6144K, used 1531K [0x000000076d100000, 0x000000076dd00000, 0x00000007c0000000)
  eden space 4608K, 0% used [0x000000076d100000,0x000000076d100000,0x000000076d580000)
  from space 1536K, 99% used [0x000000076d880000,0x000000076d9feda8,0x000000076da00000)
  to   space 3072K, 0% used [0x000000076d580000,0x000000076d580000,0x000000076d880000)
 ParOldGen       total 5632K, used 4424K [0x00000006c7200000, 0x00000006c7780000, 0x000000076d100000)
  object space 5632K, 78% used [0x00000006c7200000,0x00000006c7652010,0x00000006c7780000)
 Metaspace       used 6730K, capacity 6852K, committed 7040K, reserved 1056768K
  class space    used 622K, capacity 632K, committed 640K, reserved 1048576K
Event: 0.732 GC heap after
Heap after GC invocations=7 (full 1):
 PSYoungGen      total 6144K, used 0K [0x000000076d100000, 0x000000076dd00000, 0x00000007c0000000)
  eden space 4608K, 0% used [0x000000076d100000,0x000000076d100000,0x000000076d580000)
  from space 1536K, 0% used [0x000000076d880000,0x000000076d880000,0x000000076da00000)
  to   space 3072K, 0% used [0x000000076d580000,0x000000076d580000,0x000000076d880000)
 ParOldGen       total 8704K, used 4986K [0x00000006c7200000, 0x00000006c7a80000, 0x000000076d100000)
  object space 8704K, 57% used [0x00000006c7200000,0x00000006c76dea80,0x00000006c7a80000)
 Metaspace       used 6730K, capacity 6852K, committed 7040K, reserved 1056768K
  class space    used 622K, capacity 632K, committed 640K, reserved 1048576K
}
Event: 0.826 GC heap before
{Heap before GC invocations=8 (full 1):
 PSYoungGen      total 6144K, used 4608K [0x000000076d100000, 0x000000076dd00000, 0x00000007c0000000)
  eden space 4608K, 100% used [0x000000076d100000,0x000000076d580000,0x000000076d580000)
  from space 1536K, 0% used [0x000000076d880000,0x000000076d880000,0x000000076da00000)
  to   space 3072K, 0% used [0x000000076d580000,0x000000076d580000,0x000000076d880000)
 ParOldGen       total 8704K, used 4986K [0x00000006c7200000, 0x00000006c7a80000, 0x000000076d100000)
  object space 8704K, 57% used [0x00000006c7200000,0x00000006c76dea80,0x00000006c7a80000)
 Metaspace       used 6738K, capacity 6916K, committed 7040K, reserved 1056768K
  class space    used 622K, capacity 632K, committed 640K, reserved 1048576K
Event: 0.829 GC heap after
Heap after GC invocations=8 (full 1):
 PSYoungGen      total 7680K, used 3060K [0x000000076d100000, 0x000000076e080000, 0x00000007c0000000)
  eden space 4608K, 0% used [0x000000076d100000,0x000000076d100000,0x000000076d580000)
  from space 3072K, 99% used [0x000000076d580000,0x000000076d87d338,0x000000076d880000)
  to   space 4096K, 0% used [0x000000076dc80000,0x000000076dc80000,0x000000076e080000)
 ParOldGen       total 8704K, used 5836K [0x00000006c7200000, 0x00000006c7a80000, 0x000000076d100000)
  object space 8704K, 67% used [0x00000006c7200000,0x00000006c77b3268,0x00000006c7a80000)
 Metaspace       used 6738K, capacity 6916K, committed 7040K, reserved 1056768K
  class space    used 622K, capacity 632K, committed 640K, reserved 1048576K
}
Event: 0.899 GC heap before
{Heap before GC invocations=9 (full 1):
 PSYoungGen      total 7680K, used 7668K [0x000000076d100000, 0x000000076e080000, 0x00000007c0000000)
  eden space 4608K, 100% used [0x000000076d100000,0x000000076d580000,0x000000076d580000)
  from space 3072K, 99% used [0x000000076d580000,0x000000076d87d338,0x000000076d880000)
  to   space 4096K, 0% used [0x000000076dc80000,0x000000076dc80000,0x000000076e080000)
 ParOldGen       total 8704K, used 5836K [0x00000006c7200000, 0x00000006c7a80000, 0x000000076d100000)
  object space 8704K, 67% used [0x00000006c7200000,0x00000006c77b3268,0x00000006c7a80000)
 Metaspace       used 6738K, capacity 6916K, committed 7040K, reserved 1056768K
  class space    used 622K, capacity 632K, committed 640K, reserved 1048576K
Event: 0.903 GC heap after
Heap after GC invocations=9 (full 1):
 PSYoungGen      total 10752K, used 4071K [0x000000076d100000, 0x000000076e280000, 0x00000007c0000000)
  eden space 6656K, 0% used [0x000000076d100000,0x000000076d100000,0x000000076d780000)
  from space 4096K, 99% used [0x000000076dc80000,0x000000076e079de8,0x000000076e080000)
  to   space 5120K, 0% used [0x000000076d780000,0x000000076d780000,0x000000076dc80000)
 ParOldGen       total 8704K, used 6339K [0x00000006c7200000, 0x00000006c7a80000, 0x000000076d100000)
  object space 8704K, 72% used [0x00000006c7200000,0x00000006c7830d48,0x00000006c7a80000)
 Metaspace       used 6738K, capacity 6916K, committed 7040K, reserved 1056768K
  class space    used 622K, capacity 632K, committed 640K, reserved 1048576K
}
Event: 0.984 GC heap before
{Heap before GC invocations=10 (full 1):
 PSYoungGen      total 10752K, used 10727K [0x000000076d100000, 0x000000076e280000, 0x00000007c0000000)
  eden space 6656K, 100% used [0x000000076d100000,0x000000076d780000,0x000000076d780000)
  from space 4096K, 99% used [0x000000076dc80000,0x000000076e079de8,0x000000076e080000)
  to   space 5120K, 0% used [0x000000076d780000,0x000000076d780000,0x000000076dc80000)
 ParOldGen       total 8704K, used 6339K [0x00000006c7200000, 0x00000006c7a80000, 0x000000076d100000)
  object space 8704K, 72% used [0x00000006c7200000,0x00000006c7830d48,0x00000006c7a80000)
 Metaspace       used 6738K, capacity 6916K, committed 7040K, reserved 1056768K
  class space    used 622K, capacity 632K, committed 640K, reserved 1048576K
Event: 0.989 GC heap after
Heap after GC invocations=10 (full 1):
 PSYoungGen      total 11776K, used 5105K [0x000000076d100000, 0x000000076e780000, 0x00000007c0000000)
  eden space 6656K, 0% used [0x000000076d100000,0x000000076d100000,0x000000076d780000)
  from space 5120K, 99% used [0x000000076d780000,0x000000076dc7c420,0x000000076dc80000)
  to   space 6656K, 0% used [0x000000076e100000,0x000000076e100000,0x000000076e780000)
 ParOldGen       total 8704K, used 7758K [0x00000006c7200000, 0x00000006c7a80000, 0x000000076d100000)
  object space 8704K, 89% used [0x00000006c7200000,0x00000006c7993ad0,0x00000006c7a80000)
 Metaspace       used 6738K, capacity 6916K, committed 7040K, reserved 1056768K
  class space    used 622K, capacity 632K, committed 640K, reserved 1048576K
}
Event: 0.989 GC heap before
{Heap before GC invocations=11 (full 2):
 PSYoungGen      total 11776K, used 5105K [0x000000076d100000, 0x000000076e780000, 0x00000007c0000000)
  eden space 6656K, 0% used [0x000000076d100000,0x000000076d100000,0x000000076d780000)
  from space 5120K, 99% used [0x000000076d780000,0x000000076dc7c420,0x000000076dc80000)
  to   space 6656K, 0% used [0x000000076e100000,0x000000076e100000,0x000000076e780000)
 ParOldGen       total 8704K, used 7758K [0x00000006c7200000, 0x00000006c7a80000, 0x000000076d100000)
  object space 8704K, 89% used [0x00000006c7200000,0x00000006c7993ad0,0x00000006c7a80000)
 Metaspace       used 6738K, capacity 6916K, committed 7040K, reserved 1056768K
  class space    used 622K, capacity 632K, committed 640K, reserved 1048576K
Event: 1.019 GC heap after
Heap after GC invocations=11 (full 2):
 PSYoungGen      total 11776K, used 479K [0x000000076d100000, 0x000000076e780000, 0x00000007c0000000)
  eden space 6656K, 0% used [0x000000076d100000,0x000000076d100000,0x000000076d780000)
  from space 5120K, 9% used [0x000000076d780000,0x000000076d7f7c30,0x000000076dc80000)
  to   space 6656K, 0% used [0x000000076e100000,0x000000076e100000,0x000000076e780000)
 ParOldGen       total 13824K, used 8501K [0x00000006c7200000, 0x00000006c7f80000, 0x000000076d100000)
  object space 13824K, 61% used [0x00000006c7200000,0x00000006c7a4d558,0x00000006c7f80000)
 Metaspace       used 6738K, capacity 6916K, committed 7040K, reserved 1056768K
  class space    used 622K, capacity 632K, committed 640K, reserved 1048576K
}
Event: 1.334 GC heap before
{Heap before GC invocations=12 (full 2):
 PSYoungGen      total 11776K, used 7127K [0x000000076d100000, 0x000000076e780000, 0x00000007c0000000)
  eden space 6656K, 99% used [0x000000076d100000,0x000000076d77e110,0x000000076d780000)
  from space 5120K, 9% used [0x000000076d780000,0x000000076d7f7c30,0x000000076dc80000)
  to   space 6656K, 0% used [0x000000076e100000,0x000000076e100000,0x000000076e780000)
 ParOldGen       total 13824K, used 8501K [0x00000006c7200000, 0x00000006c7f80000, 0x000000076d100000)
  object space 13824K, 61% used [0x00000006c7200000,0x00000006c7a4d558,0x00000006c7f80000)
 Metaspace       used 6738K, capacity 6916K, committed 7040K, reserved 1056768K
  class space    used 622K, capacity 632K, committed 640K, reserved 1048576K
Event: 1.341 GC heap after
Heap after GC invocations=12 (full 2):
 PSYoungGen      total 15360K, used 6431K [0x000000076d100000, 0x000000076e880000, 0x00000007c0000000)
  eden space 8704K, 0% used [0x000000076d100000,0x000000076d100000,0x000000076d980000)
  from space 6656K, 96% used [0x000000076e100000,0x000000076e747cb0,0x000000076e780000)
  to   space 7680K, 0% used [0x000000076d980000,0x000000076d980000,0x000000076e100000)
 ParOldGen       total 13824K, used 8501K [0x00000006c7200000, 0x00000006c7f80000, 0x000000076d100000)
  object space 13824K, 61% used [0x00000006c7200000,0x00000006c7a4d558,0x00000006c7f80000)
 Metaspace       used 6738K, capacity 6916K, committed 7040K, reserved 1056768K
  class space    used 622K, capacity 632K, committed 640K, reserved 1048576K
}
Event: 1.470 GC heap before
{Heap before GC invocations=13 (full 2):
 PSYoungGen      total 15360K, used 15108K [0x000000076d100000, 0x000000076e880000, 0x00000007c0000000)
  eden space 8704K, 99% used [0x000000076d100000,0x000000076d9794b8,0x000000076d980000)
  from space 6656K, 96% used [0x000000076e100000,0x000000076e747cb0,0x000000076e780000)
  to   space 7680K, 0% used [0x000000076d980000,0x000000076d980000,0x000000076e100000)
 ParOldGen       total 13824K, used 8501K [0x00000006c7200000, 0x00000006c7f80000, 0x000000076d100000)
  object space 13824K, 61% used [0x00000006c7200000,0x00000006c7a4d558,0x00000006c7f80000)
 Metaspace       used 6738K, capacity 6916K, committed 7040K, reserved 1056768K
  class space    used 622K, capacity 632K, committed 640K, reserved 1048576K
Event: 1.476 GC heap after
Heap after GC invocations=13 (full 2):
 PSYoungGen      total 16384K, used 7675K [0x000000076d100000, 0x000000076ee00000, 0x00000007c0000000)
  eden space 8704K, 0% used [0x000000076d100000,0x000000076d100000,0x000000076d980000)
  from space 7680K, 99% used [0x000000076d980000,0x000000076e0fedb8,0x000000076e100000)
  to   space 9216K, 0% used [0x000000076e500000,0x000000076e500000,0x000000076ee00000)
 ParOldGen       total 13824K, used 10119K [0x00000006c7200000, 0x00000006c7f80000, 0x000000076d100000)
  object space 13824K, 73% used [0x00000006c7200000,0x00000006c7be1e58,0x00000006c7f80000)
 Metaspace       used 6738K, capacity 6916K, committed 7040K, reserved 1056768K
  class space    used 622K, capacity 632K, committed 640K, reserved 1048576K
}
Event: 1.615 GC heap before
{Heap before GC invocations=14 (full 2):
 PSYoungGen      total 16384K, used 16371K [0x000000076d100000, 0x000000076ee00000, 0x00000007c0000000)
  eden space 8704K, 99% used [0x000000076d100000,0x000000076d97df90,0x000000076d980000)
  from space 7680K, 99% used [0x000000076d980000,0x000000076e0fedb8,0x000000076e100000)
  to   space 9216K, 0% used [0x000000076e500000,0x000000076e500000,0x000000076ee00000)
 ParOldGen       total 13824K, used 10119K [0x00000006c7200000, 0x00000006c7f80000, 0x000000076d100000)
  object space 13824K, 73% used [0x00000006c7200000,0x00000006c7be1e58,0x00000006c7f80000)
 Metaspace       used 6738K, capacity 6916K, committed 7040K, reserved 1056768K
  class space    used 622K, capacity 632K, committed 640K, reserved 1048576K
Event: 1.621 GC heap after
Heap after GC invocations=14 (full 2):
 PSYoungGen      total 18944K, used 8878K [0x000000076d100000, 0x000000076f100000, 0x00000007c0000000)
  eden space 9728K, 0% used [0x000000076d100000,0x000000076d100000,0x000000076da80000)
  from space 9216K, 96% used [0x000000076e500000,0x000000076edab840,0x000000076ee00000)
  to   space 10752K, 0% used [0x000000076da80000,0x000000076da80000,0x000000076e500000)
 ParOldGen       total 13824K, used 11227K [0x00000006c7200000, 0x00000006c7f80000, 0x000000076d100000)
  object space 13824K, 81% used [0x00000006c7200000,0x00000006c7cf6d38,0x00000006c7f80000)
 Metaspace       used 6738K, capacity 6916K, committed 7040K, reserved 1056768K
  class space    used 622K, capacity 632K, committed 640K, reserved 1048576K
}
Event: 1.753 GC heap before
{Heap before GC invocations=15 (full 2):
 PSYoungGen      total 18944K, used 18606K [0x000000076d100000, 0x000000076f100000, 0x00000007c0000000)
  eden space 9728K, 100% used [0x000000076d100000,0x000000076da80000,0x000000076da80000)
  from space 9216K, 96% used [0x000000076e500000,0x000000076edab840,0x000000076ee00000)
  to   space 10752K, 0% used [0x000000076da80000,0x000000076da80000,0x000000076e500000)
 ParOldGen       total 13824K, used 11227K [0x00000006c7200000, 0x00000006c7f80000, 0x000000076d100000)
  object space 13824K, 81% used [0x00000006c7200000,0x00000006c7cf6d38,0x00000006c7f80000)
 Metaspace       used 6738K, capacity 6916K, committed 7040K, reserved 1056768K
  class space    used 622K, capacity 632K, committed 640K, reserved 1048576K
Event: 1.757 GC heap after
Heap after GC invocations=15 (full 2):
 PSYoungGen      total 20480K, used 10105K [0x000000076d100000, 0x000000076f500000, 0x00000007c0000000)
  eden space 9728K, 0% used [0x000000076d100000,0x000000076d100000,0x000000076da80000)
  from space 10752K, 93% used [0x000000076da80000,0x000000076e45e440,0x000000076e500000)
  to   space 12288K, 0% used [0x000000076e900000,0x000000076e900000,0x000000076f500000)
 ParOldGen       total 13824K, used 11227K [0x00000006c7200000, 0x00000006c7f80000, 0x000000076d100000)
  object space 13824K, 81% used [0x00000006c7200000,0x00000006c7cf6d38,0x00000006c7f80000)
 Metaspace       used 6738K, capacity 6916K, committed 7040K, reserved 1056768K
  class space    used 622K, capacity 632K, committed 640K, reserved 1048576K
}
Event: 1.874 GC heap before
{Heap before GC invocations=16 (full 2):
 PSYoungGen      total 20480K, used 19833K [0x000000076d100000, 0x000000076f500000, 0x00000007c0000000)
  eden space 9728K, 100% used [0x000000076d100000,0x000000076da80000,0x000000076da80000)
  from space 10752K, 93% used [0x000000076da80000,0x000000076e45e440,0x000000076e500000)
  to   space 12288K, 0% used [0x000000076e900000,0x000000076e900000,0x000000076f500000)
 ParOldGen       total 13824K, used 11227K [0x00000006c7200000, 0x00000006c7f80000, 0x000000076d100000)
  object space 13824K, 81% used [0x00000006c7200000,0x00000006c7cf6d38,0x00000006c7f80000)
 Metaspace       used 6738K, capacity 6916K, committed 7040K, reserved 1056768K
  class space    used 622K, capacity 632K, committed 640K, reserved 1048576K
Event: 1.880 GC heap after
Heap after GC invocations=16 (full 2):
 PSYoungGen      total 23040K, used 10192K [0x000000076d100000, 0x000000076f800000, 0x00000007c0000000)
  eden space 10752K, 0% used [0x000000076d100000,0x000000076d100000,0x000000076db80000)
  from space 12288K, 82% used [0x000000076e900000,0x000000076f2f4268,0x000000076f500000)
  to   space 13824K, 0% used [0x000000076db80000,0x000000076db80000,0x000000076e900000)
 ParOldGen       total 13824K, used 11227K [0x00000006c7200000, 0x00000006c7f80000, 0x000000076d100000)
  object space 13824K, 81% used [0x00000006c7200000,0x00000006c7cf6d38,0x00000006c7f80000)
 Metaspace       used 6738K, capacity 6916K, committed 7040K, reserved 1056768K
  class space    used 622K, capacity 632K, committed 640K, reserved 1048576K
}
Event: 2.102 GC heap before
{Heap before GC invocations=17 (full 2):
 PSYoungGen      total 23040K, used 20944K [0x000000076d100000, 0x000000076f800000, 0x00000007c0000000)
  eden space 10752K, 100% used [0x000000076d100000,0x000000076db80000,0x000000076db80000)
  from space 12288K, 82% used [0x000000076e900000,0x000000076f2f4268,0x000000076f500000)
  to   space 13824K, 0% used [0x000000076db80000,0x000000076db80000,0x000000076e900000)
 ParOldGen       total 13824K, used 11227K [0x00000006c7200000, 0x00000006c7f80000, 0x000000076d100000)
  object space 13824K, 81% used [0x00000006c7200000,0x00000006c7cf6d38,0x00000006c7f80000)
 Metaspace       used 6738K, capacity 6916K, committed 7040K, reserved 1056768K
  class space    used 622K, capacity 632K, committed 640K, reserved 1048576K
Event: 2.107 GC heap after
Heap after GC invocations=17 (full 2):
 PSYoungGen      total 24576K, used 11432K [0x000000076d100000, 0x000000076fc00000, 0x00000007c0000000)
  eden space 10752K, 0% used [0x000000076d100000,0x000000076d100000,0x000000076db80000)
  from space 13824K, 82% used [0x000000076db80000,0x000000076e6aa2e8,0x000000076e900000)
  to   space 15360K, 0% used [0x000000076ed00000,0x000000076ed00000,0x000000076fc00000)
 ParOldGen       total 13824K, used 11227K [0x00000006c7200000, 0x00000006c7f80000, 0x000000076d100000)
  object space 13824K, 81% used [0x00000006c7200000,0x00000006c7cf6d38,0x00000006c7f80000)
 Metaspace       used 6738K, capacity 6916K, committed 7040K, reserved 1056768K
  class space    used 622K, capacity 632K, committed 640K, reserved 1048576K
}
Event: 2.414 GC heap before
{Heap before GC invocations=18 (full 2):
 PSYoungGen      total 24576K, used 22184K [0x000000076d100000, 0x000000076fc00000, 0x00000007c0000000)
  eden space 10752K, 100% used [0x000000076d100000,0x000000076db80000,0x000000076db80000)
  from space 13824K, 82% used [0x000000076db80000,0x000000076e6aa2e8,0x000000076e900000)
  to   space 15360K, 0% used [0x000000076ed00000,0x000000076ed00000,0x000000076fc00000)
 ParOldGen       total 13824K, used 11227K [0x00000006c7200000, 0x00000006c7f80000, 0x000000076d100000)
  object space 13824K, 81% used [0x00000006c7200000,0x00000006c7cf6d38,0x00000006c7f80000)
 Metaspace       used 6738K, capacity 6916K, committed 7040K, reserved 1056768K
  class space    used 622K, capacity 632K, committed 640K, reserved 1048576K
Event: 2.421 GC heap after
Heap after GC invocations=18 (full 2):
 PSYoungGen      total 27648K, used 11666K [0x000000076d100000, 0x000000076fe00000, 0x00000007c0000000)
  eden space 12288K, 0% used [0x000000076d100000,0x000000076d100000,0x000000076dd00000)
  from space 15360K, 75% used [0x000000076ed00000,0x000000076f8648b0,0x000000076fc00000)
  to   space 16384K, 0% used [0x000000076dd00000,0x000000076dd00000,0x000000076ed00000)
 ParOldGen       total 13824K, used 11227K [0x00000006c7200000, 0x00000006c7f80000, 0x000000076d100000)
  object space 13824K, 81% used [0x00000006c7200000,0x00000006c7cf6d38,0x00000006c7f80000)
 Metaspace       used 6738K, capacity 6916K, committed 7040K, reserved 1056768K
  class space    used 622K, capacity 632K, committed 640K, reserved 1048576K
}
Event: 2.681 GC heap before
{Heap before GC invocations=19 (full 2):
 PSYoungGen      total 27648K, used 23954K [0x000000076d100000, 0x000000076fe00000, 0x00000007c0000000)
  eden space 12288K, 100% used [0x000000076d100000,0x000000076dd00000,0x000000076dd00000)
  from space 15360K, 75% used [0x000000076ed00000,0x000000076f8648b0,0x000000076fc00000)
  to   space 16384K, 0% used [0x000000076dd00000,0x000000076dd00000,0x000000076ed00000)
 ParOldGen       total 13824K, used 11227K [0x00000006c7200000, 0x00000006c7f80000, 0x000000076d100000)
  object space 13824K, 81% used [0x00000006c7200000,0x00000006c7cf6d38,0x00000006c7f80000)
 Metaspace       used 6738K, capacity 6916K, committed 7040K, reserved 1056768K
  class space    used 622K, capacity 632K, committed 640K, reserved 1048576K
Event: 2.689 GC heap after
Heap after GC invocations=19 (full 2):
 PSYoungGen      total 28672K, used 13172K [0x000000076d100000, 0x0000000770200000, 0x00000007c0000000)
  eden space 12288K, 0% used [0x000000076d100000,0x000000076d100000,0x000000076dd00000)
  from space 16384K, 80% used [0x000000076dd00000,0x000000076e9dd108,0x000000076ed00000)
  to   space 17920K, 0% used [0x000000076f080000,0x000000076f080000,0x0000000770200000)
 ParOldGen       total 13824K, used 11227K [0x00000006c7200000, 0x00000006c7f80000, 0x000000076d100000)
  object space 13824K, 81% used [0x00000006c7200000,0x00000006c7cf6d38,0x00000006c7f80000)
 Metaspace       used 6738K, capacity 6916K, committed 7040K, reserved 1056768K
  class space    used 622K, capacity 632K, committed 640K, reserved 1048576K
}
Event: 2.978 GC heap before
{Heap before GC invocations=20 (full 2):
 PSYoungGen      total 28672K, used 25460K [0x000000076d100000, 0x0000000770200000, 0x00000007c0000000)
  eden space 12288K, 100% used [0x000000076d100000,0x000000076dd00000,0x000000076dd00000)
  from space 16384K, 80% used [0x000000076dd00000,0x000000076e9dd108,0x000000076ed00000)
  to   space 17920K, 0% used [0x000000076f080000,0x000000076f080000,0x0000000770200000)
 ParOldGen       total 13824K, used 11227K [0x00000006c7200000, 0x00000006c7f80000, 0x000000076d100000)
  object space 13824K, 81% used [0x00000006c7200000,0x00000006c7cf6d38,0x00000006c7f80000)
 Metaspace       used 6738K, capacity 6916K, committed 7040K, reserved 1056768K
  class space    used 622K, capacity 632K, committed 640K, reserved 1048576K
Event: 2.987 GC heap after
Heap after GC invocations=20 (full 2):
 PSYoungGen      total 31232K, used 12896K [0x000000076d100000, 0x0000000770400000, 0x00000007c0000000)
  eden space 13312K, 0% used [0x000000076d100000,0x000000076d100000,0x000000076de00000)
  from space 17920K, 71% used [0x000000076f080000,0x000000076fd18300,0x0000000770200000)
  to   space 18944K, 0% used [0x000000076de00000,0x000000076de00000,0x000000076f080000)
 ParOldGen       total 13824K, used 11227K [0x00000006c7200000, 0x00000006c7f80000, 0x000000076d100000)
  object space 13824K, 81% used [0x00000006c7200000,0x00000006c7cf6d38,0x00000006c7f80000)
 Metaspace       used 6738K, capacity 6916K, committed 7040K, reserved 1056768K
  class space    used 622K, capacity 632K, committed 640K, reserved 1048576K
}
Event: 3.105 GC heap before
{Heap before GC invocations=21 (full 2):
 PSYoungGen      total 31232K, used 26208K [0x000000076d100000, 0x0000000770400000, 0x00000007c0000000)
  eden space 13312K, 100% used [0x000000076d100000,0x000000076de00000,0x000000076de00000)
  from space 17920K, 71% used [0x000000076f080000,0x000000076fd18300,0x0000000770200000)
  to   space 18944K, 0% used [0x000000076de00000,0x000000076de00000,0x000000076f080000)
 ParOldGen       total 13824K, used 11227K [0x00000006c7200000, 0x00000006c7f80000, 0x000000076d100000)
  object space 13824K, 81% used [0x00000006c7200000,0x00000006c7cf6d38,0x00000006c7f80000)
 Metaspace       used 6738K, capacity 6916K, committed 7040K, reserved 1056768K
  class space    used 622K, capacity 632K, committed 640K, reserved 1048576K
Event: 3.114 GC heap after
Heap after GC invocations=21 (full 2):
 PSYoungGen      total 32256K, used 13627K [0x000000076d100000, 0x0000000770780000, 0x00000007c0000000)
  eden space 13312K, 0% used [0x000000076d100000,0x000000076d100000,0x000000076de00000)
  from space 18944K, 71% used [0x000000076de00000,0x000000076eb4ec28,0x000000076f080000)
  to   space 19968K, 0% used [0x000000076f400000,0x000000076f400000,0x0000000770780000)
 ParOldGen       total 13824K, used 11227K [0x00000006c7200000, 0x00000006c7f80000, 0x000000076d100000)
  object space 13824K, 81% used [0x00000006c7200000,0x00000006c7cf6d38,0x00000006c7f80000)
 Metaspace       used 6738K, capacity 6916K, committed 7040K, reserved 1056768K
  class space    used 622K, capacity 632K, committed 640K, reserved 1048576K
}
Event: 3.289 GC heap before
{Heap before GC invocations=22 (full 2):
 PSYoungGen      total 32256K, used 26939K [0x000000076d100000, 0x0000000770780000, 0x00000007c0000000)
  eden space 13312K, 100% used [0x000000076d100000,0x000000076de00000,0x000000076de00000)
  from space 18944K, 71% used [0x000000076de00000,0x000000076eb4ec28,0x000000076f080000)
  to   space 19968K, 0% used [0x000000076f400000,0x000000076f400000,0x0000000770780000)
 ParOldGen       total 13824K, used 11227K [0x00000006c7200000, 0x00000006c7f80000, 0x000000076d100000)
  object space 13824K, 81% used [0x00000006c7200000,0x00000006c7cf6d38,0x00000006c7f80000)
 Metaspace       used 6738K, capacity 6916K, committed 7040K, reserved 1056768K
  class space    used 622K, capacity 632K, committed 640K, reserved 1048576K
Event: 3.322 GC heap after
Heap after GC invocations=22 (full 2):
 PSYoungGen      total 34304K, used 14794K [0x000000076d100000, 0x0000000770b00000, 0x00000007c0000000)
  eden space 14336K, 0% used [0x000000076d100000,0x000000076d100000,0x000000076df00000)
  from space 19968K, 74% used [0x000000076f400000,0x0000000770272888,0x0000000770780000)
  to   space 21504K, 0% used [0x000000076df00000,0x000000076df00000,0x000000076f400000)
 ParOldGen       total 13824K, used 11227K [0x00000006c7200000, 0x00000006c7f80000, 0x000000076d100000)
  object space 13824K, 81% used [0x00000006c7200000,0x00000006c7cf6d38,0x00000006c7f80000)
 Metaspace       used 6738K, capacity 6916K, committed 7040K, reserved 1056768K
  class space    used 622K, capacity 632K, committed 640K, reserved 1048576K
}
Event: 3.634 GC heap before
{Heap before GC invocations=23 (full 2):
 PSYoungGen      total 34304K, used 29130K [0x000000076d100000, 0x0000000770b00000, 0x00000007c0000000)
  eden space 14336K, 100% used [0x000000076d100000,0x000000076df00000,0x000000076df00000)
  from space 19968K, 74% used [0x000000076f400000,0x0000000770272888,0x0000000770780000)
  to   space 21504K, 0% used [0x000000076df00000,0x000000076df00000,0x000000076f400000)
 ParOldGen       total 13824K, used 11227K [0x00000006c7200000, 0x00000006c7f80000, 0x000000076d100000)
  object space 13824K, 81% used [0x00000006c7200000,0x00000006c7cf6d38,0x00000006c7f80000)
 Metaspace       used 6738K, capacity 6916K, committed 7040K, reserved 1056768K
  class space    used 622K, capacity 632K, committed 640K, reserved 1048576K
Event: 3.648 GC heap after
Heap after GC invocations=23 (full 2):
 PSYoungGen      total 35840K, used 16472K [0x000000076d100000, 0x0000000770f00000, 0x00000007c0000000)
  eden space 14336K, 0% used [0x000000076d100000,0x000000076d100000,0x000000076df00000)
  from space 21504K, 76% used [0x000000076df00000,0x000000076ef16310,0x000000076f400000)
  to   space 23040K, 0% used [0x000000076f880000,0x000000076f880000,0x0000000770f00000)
 ParOldGen       total 13824K, used 11571K [0x00000006c7200000, 0x00000006c7f80000, 0x000000076d100000)
  object space 13824K, 83% used [0x00000006c7200000,0x00000006c7d4cd38,0x00000006c7f80000)
 Metaspace       used 6738K, capacity 6916K, committed 7040K, reserved 1056768K
  class space    used 622K, capacity 632K, committed 640K, reserved 1048576K
}
Event: 3.849 GC heap before
{Heap before GC invocations=24 (full 2):
 PSYoungGen      total 35840K, used 30808K [0x000000076d100000, 0x0000000770f00000, 0x00000007c0000000)
  eden space 14336K, 100% used [0x000000076d100000,0x000000076df00000,0x000000076df00000)
  from space 21504K, 76% used [0x000000076df00000,0x000000076ef16310,0x000000076f400000)
  to   space 23040K, 0% used [0x000000076f880000,0x000000076f880000,0x0000000770f00000)
 ParOldGen       total 13824K, used 11571K [0x00000006c7200000, 0x00000006c7f80000, 0x000000076d100000)
  object space 13824K, 83% used [0x00000006c7200000,0x00000006c7d4cd38,0x00000006c7f80000)
 Metaspace       used 6738K, capacity 6916K, committed 7040K, reserved 1056768K
  class space    used 622K, capacity 632K, committed 640K, reserved 1048576K
Event: 3.859 GC heap after
Heap after GC invocations=24 (full 2):
 PSYoungGen      total 38912K, used 18038K [0x000000076d100000, 0x0000000771200000, 0x00000007c0000000)
  eden space 15872K, 0% used [0x000000076d100000,0x000000076d100000,0x000000076e080000)
  from space 23040K, 78% used [0x000000076f880000,0x0000000770a1d9f0,0x0000000770f00000)
  to   space 24576K, 0% used [0x000000076e080000,0x000000076e080000,0x000000076f880000)
 ParOldGen       total 13824K, used 11715K [0x00000006c7200000, 0x00000006c7f80000, 0x000000076d100000)
  object space 13824K, 84% used [0x00000006c7200000,0x00000006c7d70d38,0x00000006c7f80000)
 Metaspace       used 6738K, capacity 6916K, committed 7040K, reserved 1056768K
  class space    used 622K, capacity 632K, committed 640K, reserved 1048576K
}
Event: 4.050 GC heap before
{Heap before GC invocations=25 (full 2):
 PSYoungGen      total 38912K, used 33910K [0x000000076d100000, 0x0000000771200000, 0x00000007c0000000)
  eden space 15872K, 100% used [0x000000076d100000,0x000000076e080000,0x000000076e080000)
  from space 23040K, 78% used [0x000000076f880000,0x0000000770a1d9f0,0x0000000770f00000)
  to   space 24576K, 0% used [0x000000076e080000,0x000000076e080000,0x000000076f880000)
 ParOldGen       total 13824K, used 11715K [0x00000006c7200000, 0x00000006c7f80000, 0x000000076d100000)
  object space 13824K, 84% used [0x00000006c7200000,0x00000006c7d70d38,0x00000006c7f80000)
 Metaspace       used 6738K, capacity 6916K, committed 7040K, reserved 1056768K
  class space    used 622K, capacity 632K, committed 640K, reserved 1048576K
Event: 4.068 GC heap after
Heap after GC invocations=25 (full 2):
 PSYoungGen      total 40448K, used 20036K [0x000000076d100000, 0x0000000771800000, 0x00000007c0000000)
  eden space 15872K, 0% used [0x000000076d100000,0x000000076d100000,0x000000076e080000)
  from space 24576K, 81% used [0x000000076e080000,0x000000076f4111a8,0x000000076f880000)
  to   space 26624K, 0% used [0x000000076fe00000,0x000000076fe00000,0x0000000771800000)
 ParOldGen       total 13824K, used 11899K [0x00000006c7200000, 0x00000006c7f80000, 0x000000076d100000)
  object space 13824K, 86% used [0x00000006c7200000,0x00000006c7d9ed38,0x00000006c7f80000)
 Metaspace       used 6738K, capacity 6916K, committed 7040K, reserved 1056768K
  class space    used 622K, capacity 632K, committed 640K, reserved 1048576K
}
Event: 4.255 GC heap before
{Heap before GC invocations=26 (full 2):
 PSYoungGen      total 40448K, used 35908K [0x000000076d100000, 0x0000000771800000, 0x00000007c0000000)
  eden space 15872K, 100% used [0x000000076d100000,0x000000076e080000,0x000000076e080000)
  from space 24576K, 81% used [0x000000076e080000,0x000000076f4111a8,0x000000076f880000)
  to   space 26624K, 0% used [0x000000076fe00000,0x000000076fe00000,0x0000000771800000)
 ParOldGen       total 13824K, used 11899K [0x00000006c7200000, 0x00000006c7f80000, 0x000000076d100000)
  object space 13824K, 86% used [0x00000006c7200000,0x00000006c7d9ed38,0x00000006c7f80000)
 Metaspace       used 6738K, capacity 6916K, committed 7040K, reserved 1056768K
  class space    used 622K, capacity 632K, committed 640K, reserved 1048576K
Event: 4.268 GC heap after
Heap after GC invocations=26 (full 2):
 PSYoungGen      total 43520K, used 21783K [0x000000076d100000, 0x0000000771d00000, 0x00000007c0000000)
  eden space 16896K, 0% used [0x000000076d100000,0x000000076d100000,0x000000076e180000)
  from space 26624K, 81% used [0x000000076fe00000,0x0000000771345df0,0x0000000771800000)
  to   space 29184K, 0% used [0x000000076e180000,0x000000076e180000,0x000000076fe00000)
 ParOldGen       total 13824K, used 12075K [0x00000006c7200000, 0x00000006c7f80000, 0x000000076d100000)
  object space 13824K, 87% used [0x00000006c7200000,0x00000006c7dcad38,0x00000006c7f80000)
 Metaspace       used 6738K, capacity 6916K, committed 7040K, reserved 1056768K
  class space    used 622K, capacity 632K, committed 640K, reserved 1048576K
}
Event: 4.355 GC heap before
{Heap before GC invocations=27 (full 2):
 PSYoungGen      total 43520K, used 38679K [0x000000076d100000, 0x0000000771d00000, 0x00000007c0000000)
  eden space 16896K, 100% used [0x000000076d100000,0x000000076e180000,0x000000076e180000)
  from space 26624K, 81% used [0x000000076fe00000,0x0000000771345df0,0x0000000771800000)
  to   space 29184K, 0% used [0x000000076e180000,0x000000076e180000,0x000000076fe00000)
 ParOldGen       total 13824K, used 12075K [0x00000006c7200000, 0x00000006c7f80000, 0x000000076d100000)
  object space 13824K, 87% used [0x00000006c7200000,0x00000006c7dcad38,0x00000006c7f80000)
 Metaspace       used 6760K, capacity 6916K, committed 7040K, reserved 1056768K
  class space    used 623K, capacity 632K, committed 640K, reserved 1048576K
Event: 4.362 GC heap after
Heap after GC invocations=27 (full 2):
 PSYoungGen      total 46080K, used 16830K [0x000000076d100000, 0x0000000771d80000, 0x00000007c0000000)
  eden space 16896K, 0% used [0x000000076d100000,0x000000076d100000,0x000000076e180000)
  from space 29184K, 57% used [0x000000076e180000,0x000000076f1ef9a0,0x000000076fe00000)
  to   space 29184K, 0% used [0x0000000770100000,0x0000000770100000,0x0000000771d80000)
 ParOldGen       total 13824K, used 12259K [0x00000006c7200000, 0x00000006c7f80000, 0x000000076d100000)
  object space 13824K, 88% used [0x00000006c7200000,0x00000006c7df8d38,0x00000006c7f80000)
 Metaspace       used 6760K, capacity 6916K, committed 7040K, reserved 1056768K
  class space    used 623K, capacity 632K, committed 640K, reserved 1048576K
}
Event: 4.464 GC heap before
{Heap before GC invocations=28 (full 2):
 PSYoungGen      total 46080K, used 33726K [0x000000076d100000, 0x0000000771d80000, 0x00000007c0000000)
  eden space 16896K, 100% used [0x000000076d100000,0x000000076e180000,0x000000076e180000)
  from space 29184K, 57% used [0x000000076e180000,0x000000076f1ef9a0,0x000000076fe00000)
  to   space 29184K, 0% used [0x0000000770100000,0x0000000770100000,0x0000000771d80000)
 ParOldGen       total 13824K, used 12259K [0x00000006c7200000, 0x00000006c7f80000, 0x000000076d100000)
  object space 13824K, 88% used [0x00000006c7200000,0x00000006c7df8d38,0x00000006c7f80000)
 Metaspace       used 6761K, capacity 6916K, committed 7040K, reserved 1056768K
  class space    used 623K, capacity 632K, committed 640K, reserved 1048576K
Event: 4.480 GC heap after
Heap after GC invocations=28 (full 2):
 PSYoungGen      total 46080K, used 12512K [0x000000076d100000, 0x0000000771a80000, 0x00000007c0000000)
  eden space 19968K, 0% used [0x000000076d100000,0x000000076d100000,0x000000076e480000)
  from space 26112K, 47% used [0x0000000770100000,0x0000000770d38020,0x0000000771a80000)
  to   space 27648K, 0% used [0x000000076e480000,0x000000076e480000,0x000000076ff80000)
 ParOldGen       total 13824K, used 12451K [0x00000006c7200000, 0x00000006c7f80000, 0x000000076d100000)
  object space 13824K, 90% used [0x00000006c7200000,0x00000006c7e28d38,0x00000006c7f80000)
 Metaspace       used 6761K, capacity 6916K, committed 7040K, reserved 1056768K
  class space    used 623K, capacity 632K, committed 640K, reserved 1048576K
}
Event: 4.515 GC heap before
{Heap before GC invocations=29 (full 2):
 PSYoungGen      total 46080K, used 32480K [0x000000076d100000, 0x0000000771a80000, 0x00000007c0000000)
  eden space 19968K, 100% used [0x000000076d100000,0x000000076e480000,0x000000076e480000)
  from space 26112K, 47% used [0x0000000770100000,0x0000000770d38020,0x0000000771a80000)
  to   space 27648K, 0% used [0x000000076e480000,0x000000076e480000,0x000000076ff80000)
 ParOldGen       total 13824K, used 12451K [0x00000006c7200000, 0x00000006c7f80000, 0x000000076d100000)
  object space 13824K, 90% used [0x00000006c7200000,0x00000006c7e28d38,0x00000006c7f80000)
 Metaspace       used 6761K, capacity 6916K, committed 7040K, reserved 1056768K
  class space    used 623K, capacity 632K, committed 640K, reserved 1048576K
Event: 4.524 GC heap after
Heap after GC invocations=29 (full 2):
 PSYoungGen      total 47616K, used 13696K [0x000000076d100000, 0x0000000771c80000, 0x00000007c0000000)
  eden space 19968K, 0% used [0x000000076d100000,0x000000076d100000,0x000000076e480000)
  from space 27648K, 49% used [0x000000076e480000,0x000000076f1e0020,0x000000076ff80000)
  to   space 26624K, 0% used [0x0000000770280000,0x0000000770280000,0x0000000771c80000)
 ParOldGen       total 13824K, used 13467K [0x00000006c7200000, 0x00000006c7f80000, 0x000000076d100000)
  object space 13824K, 97% used [0x00000006c7200000,0x00000006c7f26d38,0x00000006c7f80000)
 Metaspace       used 6761K, capacity 6916K, committed 7040K, reserved 1056768K
  class space    used 623K, capacity 632K, committed 640K, reserved 1048576K
}
Event: 4.524 GC heap before
{Heap before GC invocations=30 (full 3):
 PSYoungGen      total 47616K, used 13696K [0x000000076d100000, 0x0000000771c80000, 0x00000007c0000000)
  eden space 19968K, 0% used [0x000000076d100000,0x000000076d100000,0x000000076e480000)
  from space 27648K, 49% used [0x000000076e480000,0x000000076f1e0020,0x000000076ff80000)
  to   space 26624K, 0% used [0x0000000770280000,0x0000000770280000,0x0000000771c80000)
 ParOldGen       total 13824K, used 13467K [0x00000006c7200000, 0x00000006c7f80000, 0x000000076d100000)
  object space 13824K, 97% used [0x00000006c7200000,0x00000006c7f26d38,0x00000006c7f80000)
 Metaspace       used 6761K, capacity 6916K, committed 7040K, reserved 1056768K
  class space    used 623K, capacity 632K, committed 640K, reserved 1048576K
Event: 4.587 GC heap after
Heap after GC invocations=30 (full 3):
 PSYoungGen      total 47616K, used 6972K [0x000000076d100000, 0x0000000771c80000, 0x00000007c0000000)
  eden space 19968K, 0% used [0x000000076d100000,0x000000076d100000,0x000000076e480000)
  from space 27648K, 25% used [0x000000076e480000,0x000000076eb4f008,0x000000076ff80000)
  to   space 26624K, 0% used [0x0000000770280000,0x0000000770280000,0x0000000771c80000)
 ParOldGen       total 19456K, used 13378K [0x00000006c7200000, 0x00000006c8500000, 0x000000076d100000)
  object space 19456K, 68% used [0x00000006c7200000,0x00000006c7f108b0,0x00000006c8500000)
 Metaspace       used 6761K, capacity 6916K, committed 7040K, reserved 1056768K
  class space    used 623K, capacity 632K, committed 640K, reserved 1048576K
}
Event: 4.765 GC heap before
{Heap before GC invocations=31 (full 3):
 PSYoungGen      total 47616K, used 26940K [0x000000076d100000, 0x0000000771c80000, 0x00000007c0000000)
  eden space 19968K, 100% used [0x000000076d100000,0x000000076e480000,0x000000076e480000)
  from space 27648K, 25% used [0x000000076e480000,0x000000076eb4f008,0x000000076ff80000)
  to   space 26624K, 0% used [0x0000000770280000,0x0000000770280000,0x0000000771c80000)
 ParOldGen       total 19456K, used 13378K [0x00000006c7200000, 0x00000006c8500000, 0x000000076d100000)
  object space 19456K, 68% used [0x00000006c7200000,0x00000006c7f108b0,0x00000006c8500000)
 Metaspace       used 6788K, capacity 6916K, committed 7040K, reserved 1056768K
  class space    used 626K, capacity 632K, committed 640K, reserved 1048576K
Event: 4.773 GC heap after
Heap after GC invocations=31 (full 3):
 PSYoungGen      total 48640K, used 14411K [0x000000076d100000, 0x0000000771a80000, 0x00000007c0000000)
  eden space 24064K, 0% used [0x000000076d100000,0x000000076d100000,0x000000076e880000)
  from space 24576K, 58% used [0x0000000770280000,0x0000000771092f50,0x0000000771a80000)
  to   space 25600K, 0% used [0x000000076e880000,0x000000076e880000,0x0000000770180000)
 ParOldGen       total 19456K, used 15258K [0x00000006c7200000, 0x00000006c8500000, 0x000000076d100000)
  object space 19456K, 78% used [0x00000006c7200000,0x00000006c80e68b0,0x00000006c8500000)
 Metaspace       used 6788K, capacity 6916K, committed 7040K, reserved 1056768K
  class space    used 626K, capacity 632K, committed 640K, reserved 1048576K
}
Event: 4.874 GC heap before
{Heap before GC invocations=32 (full 3):
 PSYoungGen      total 48640K, used 38475K [0x000000076d100000, 0x0000000771a80000, 0x00000007c0000000)
  eden space 24064K, 100% used [0x000000076d100000,0x000000076e880000,0x000000076e880000)
  from space 24576K, 58% used [0x0000000770280000,0x0000000771092f50,0x0000000771a80000)
  to   space 25600K, 0% used [0x000000076e880000,0x000000076e880000,0x0000000770180000)
 ParOldGen       total 19456K, used 15258K [0x00000006c7200000, 0x00000006c8500000, 0x000000076d100000)
  object space 19456K, 78% used [0x00000006c7200000,0x00000006c80e68b0,0x00000006c8500000)
 Metaspace       used 6803K, capacity 6948K, committed 7168K, reserved 1056768K
  class space    used 628K, capacity 664K, committed 768K, reserved 1048576K
Event: 4.898 GC heap after
Heap after GC invocations=32 (full 3):
 PSYoungGen      total 49664K, used 18981K [0x000000076d100000, 0x0000000772200000, 0x00000007c0000000)
  eden space 24064K, 0% used [0x000000076d100000,0x000000076d100000,0x000000076e880000)
  from space 25600K, 74% used [0x000000076e880000,0x000000076fb097c0,0x0000000770180000)
  to   space 26624K, 0% used [0x0000000770800000,0x0000000770800000,0x0000000772200000)
 ParOldGen       total 19456K, used 17330K [0x00000006c7200000, 0x00000006c8500000, 0x000000076d100000)
  object space 19456K, 89% used [0x00000006c7200000,0x00000006c82ec8b0,0x00000006c8500000)
 Metaspace       used 6803K, capacity 6948K, committed 7168K, reserved 1056768K
  class space    used 628K, capacity 664K, committed 768K, reserved 1048576K
}
Event: 4.999 GC heap before
{Heap before GC invocations=33 (full 3):
 PSYoungGen      total 49664K, used 43045K [0x000000076d100000, 0x0000000772200000, 0x00000007c0000000)
  eden space 24064K, 100% used [0x000000076d100000,0x000000076e880000,0x000000076e880000)
  from space 25600K, 74% used [0x000000076e880000,0x000000076fb097c0,0x0000000770180000)
  to   space 26624K, 0% used [0x0000000770800000,0x0000000770800000,0x0000000772200000)
 ParOldGen       total 19456K, used 17330K [0x00000006c7200000, 0x00000006c8500000, 0x000000076d100000)
  object space 19456K, 89% used [0x00000006c7200000,0x00000006c82ec8b0,0x00000006c8500000)
 Metaspace       used 6884K, capacity 7016K, committed 7168K, reserved 1056768K
  class space    used 644K, capacity 668K, committed 768K, reserved 1048576K
Event: 5.023 GC heap after
Heap after GC invocations=33 (full 3):
 PSYoungGen      total 53760K, used 23621K [0x000000076d100000, 0x0000000772700000, 0x00000007c0000000)
  eden space 27136K, 0% used [0x000000076d100000,0x000000076d100000,0x000000076eb80000)
  from space 26624K, 88% used [0x0000000770800000,0x0000000771f117d0,0x0000000772200000)
  to   space 29184K, 0% used [0x000000076eb80000,0x000000076eb80000,0x0000000770800000)
 ParOldGen       total 19968K, used 19690K [0x00000006c7200000, 0x00000006c8580000, 0x000000076d100000)
  object space 19968K, 98% used [0x00000006c7200000,0x00000006c853a8b0,0x00000006c8580000)
 Metaspace       used 6884K, capacity 7016K, committed 7168K, reserved 1056768K
  class space    used 644K, capacity 668K, committed 768K, reserved 1048576K
}
Event: 5.023 GC heap before
{Heap before GC invocations=34 (full 4):
 PSYoungGen      total 53760K, used 23621K [0x000000076d100000, 0x0000000772700000, 0x00000007c0000000)
  eden space 27136K, 0% used [0x000000076d100000,0x000000076d100000,0x000000076eb80000)
  from space 26624K, 88% used [0x0000000770800000,0x0000000771f117d0,0x0000000772200000)
  to   space 29184K, 0% used [0x000000076eb80000,0x000000076eb80000,0x0000000770800000)
 ParOldGen       total 19968K, used 19690K [0x00000006c7200000, 0x00000006c8580000, 0x000000076d100000)
  object space 19968K, 98% used [0x00000006c7200000,0x00000006c853a8b0,0x00000006c8580000)
 Metaspace       used 6884K, capacity 7016K, committed 7168K, reserved 1056768K
  class space    used 644K, capacity 668K, committed 768K, reserved 1048576K
Event: 5.111 GC heap after
Heap after GC invocations=34 (full 4):
 PSYoungGen      total 53760K, used 19440K [0x000000076d100000, 0x0000000772700000, 0x00000007c0000000)
  eden space 27136K, 0% used [0x000000076d100000,0x000000076d100000,0x000000076eb80000)
  from space 26624K, 73% used [0x0000000770800000,0x0000000771afc3a0,0x0000000772200000)
  to   space 29184K, 0% used [0x000000076eb80000,0x000000076eb80000,0x0000000770800000)
 ParOldGen       total 28672K, used 19629K [0x00000006c7200000, 0x00000006c8e00000, 0x000000076d100000)
  object space 28672K, 68% used [0x00000006c7200000,0x00000006c852b6d0,0x00000006c8e00000)
 Metaspace       used 6884K, capacity 7016K, committed 7168K, reserved 1056768K
  class space    used 644K, capacity 668K, committed 768K, reserved 1048576K
}
Event: 5.155 GC heap before
{Heap before GC invocations=35 (full 4):
 PSYoungGen      total 53760K, used 46576K [0x000000076d100000, 0x0000000772700000, 0x00000007c0000000)
  eden space 27136K, 100% used [0x000000076d100000,0x000000076eb80000,0x000000076eb80000)
  from space 26624K, 73% used [0x0000000770800000,0x0000000771afc3a0,0x0000000772200000)
  to   space 29184K, 0% used [0x000000076eb80000,0x000000076eb80000,0x0000000770800000)
 ParOldGen       total 28672K, used 19629K [0x00000006c7200000, 0x00000006c8e00000, 0x000000076d100000)
  object space 28672K, 68% used [0x00000006c7200000,0x00000006c852b6d0,0x00000006c8e00000)
 Metaspace       used 6884K, capacity 7016K, committed 7168K, reserved 1056768K
  class space    used 644K, capacity 668K, committed 768K, reserved 1048576K
Event: 5.167 GC heap after
Heap after GC invocations=35 (full 4):
 PSYoungGen      total 56320K, used 22688K [0x000000076d100000, 0x0000000772c80000, 0x00000007c0000000)
  eden space 27136K, 0% used [0x000000076d100000,0x000000076d100000,0x000000076eb80000)
  from space 29184K, 77% used [0x000000076eb80000,0x00000007701a8030,0x0000000770800000)
  to   space 30720K, 0% used [0x0000000770e80000,0x0000000770e80000,0x0000000772c80000)
 ParOldGen       total 28672K, used 19693K [0x00000006c7200000, 0x00000006c8e00000, 0x000000076d100000)
  object space 28672K, 68% used [0x00000006c7200000,0x00000006c853b6d0,0x00000006c8e00000)
 Metaspace       used 6884K, capacity 7016K, committed 7168K, reserved 1056768K
  class space    used 644K, capacity 668K, committed 768K, reserved 1048576K
}
Event: 5.607 GC heap before
{Heap before GC invocations=36 (full 4):
 PSYoungGen      total 56320K, used 49824K [0x000000076d100000, 0x0000000772c80000, 0x00000007c0000000)
  eden space 27136K, 100% used [0x000000076d100000,0x000000076eb80000,0x000000076eb80000)
  from space 29184K, 77% used [0x000000076eb80000,0x00000007701a8030,0x0000000770800000)
  to   space 30720K, 0% used [0x0000000770e80000,0x0000000770e80000,0x0000000772c80000)
 ParOldGen       total 28672K, used 19693K [0x00000006c7200000, 0x00000006c8e00000, 0x000000076d100000)
  object space 28672K, 68% used [0x00000006c7200000,0x00000006c853b6d0,0x00000006c8e00000)
 Metaspace       used 7036K, capacity 7146K, committed 7424K, reserved 1056768K
  class space    used 658K, capacity 670K, committed 768K, reserved 1048576K
Event: 5.616 GC heap after
Heap after GC invocations=36 (full 4):
 PSYoungGen      total 58880K, used 16256K [0x000000076d100000, 0x0000000772900000, 0x00000007c0000000)
  eden space 31744K, 0% used [0x000000076d100000,0x000000076d100000,0x000000076f000000)
  from space 27136K, 59% used [0x0000000770e80000,0x0000000771e60020,0x0000000772900000)
  to   space 29184K, 0% used [0x000000076f000000,0x000000076f000000,0x0000000770c80000)
 ParOldGen       total 28672K, used 22269K [0x00000006c7200000, 0x00000006c8e00000, 0x000000076d100000)
  object space 28672K, 77% used [0x00000006c7200000,0x00000006c87bf6d0,0x00000006c8e00000)
 Metaspace       used 7036K, capacity 7146K, committed 7424K, reserved 1056768K
  class space    used 658K, capacity 670K, committed 768K, reserved 1048576K
}
Event: 5.929 GC heap before
{Heap before GC invocations=37 (full 4):
 PSYoungGen      total 58880K, used 48000K [0x000000076d100000, 0x0000000772900000, 0x00000007c0000000)
  eden space 31744K, 100% used [0x000000076d100000,0x000000076f000000,0x000000076f000000)
  from space 27136K, 59% used [0x0000000770e80000,0x0000000771e60020,0x0000000772900000)
  to   space 29184K, 0% used [0x000000076f000000,0x000000076f000000,0x0000000770c80000)
 ParOldGen       total 28672K, used 22269K [0x00000006c7200000, 0x00000006c8e00000, 0x000000076d100000)
  object space 28672K, 77% used [0x00000006c7200000,0x00000006c87bf6d0,0x00000006c8e00000)
 Metaspace       used 7040K, capacity 7146K, committed 7424K, reserved 1056768K
  class space    used 658K, capacity 670K, committed 768K, reserved 1048576K
Event: 5.945 GC heap after
Heap after GC invocations=37 (full 4):
 PSYoungGen      total 60928K, used 416K [0x000000076d100000, 0x0000000773080000, 0x00000007c0000000)
  eden space 31744K, 0% used [0x000000076d100000,0x000000076d100000,0x000000076f000000)
  from space 29184K, 1% used [0x000000076f000000,0x000000076f068000,0x0000000770c80000)
  to   space 30720K, 0% used [0x0000000771280000,0x0000000771280000,0x0000000773080000)
 ParOldGen       total 39424K, used 38213K [0x00000006c7200000, 0x00000006c9880000, 0x000000076d100000)
  object space 39424K, 96% used [0x00000006c7200000,0x00000006c97516f0,0x00000006c9880000)
 Metaspace       used 7040K, capacity 7146K, committed 7424K, reserved 1056768K
  class space    used 658K, capacity 670K, committed 768K, reserved 1048576K
}
Event: 5.945 GC heap before
{Heap before GC invocations=38 (full 5):
 PSYoungGen      total 60928K, used 416K [0x000000076d100000, 0x0000000773080000, 0x00000007c0000000)
  eden space 31744K, 0% used [0x000000076d100000,0x000000076d100000,0x000000076f000000)
  from space 29184K, 1% used [0x000000076f000000,0x000000076f068000,0x0000000770c80000)
  to   space 30720K, 0% used [0x0000000771280000,0x0000000771280000,0x0000000773080000)
 ParOldGen       total 39424K, used 38213K [0x00000006c7200000, 0x00000006c9880000, 0x000000076d100000)
  object space 39424K, 96% used [0x00000006c7200000,0x00000006c97516f0,0x00000006c9880000)
 Metaspace       used 7040K, capacity 7146K, committed 7424K, reserved 1056768K
  class space    used 658K, capacity 670K, committed 768K, reserved 1048576K
Event: 6.050 GC heap after
Heap after GC invocations=38 (full 5):
 PSYoungGen      total 60928K, used 0K [0x000000076d100000, 0x0000000773080000, 0x00000007c0000000)
  eden space 31744K, 0% used [0x000000076d100000,0x000000076d100000,0x000000076f000000)
  from space 29184K, 0% used [0x000000076f000000,0x000000076f000000,0x0000000770c80000)
  to   space 30720K, 0% used [0x0000000771280000,0x0000000771280000,0x0000000773080000)
 ParOldGen       total 54784K, used 38345K [0x00000006c7200000, 0x00000006ca780000, 0x000000076d100000)
  object space 54784K, 69% used [0x00000006c7200000,0x00000006c9772448,0x00000006ca780000)
 Metaspace       used 7040K, capacity 7146K, committed 7424K, reserved 1056768K
  class space    used 658K, capacity 670K, committed 768K, reserved 1048576K
}
Event: 6.358 GC heap before
{Heap before GC invocations=39 (full 5):
 PSYoungGen      total 60928K, used 31744K [0x000000076d100000, 0x0000000773080000, 0x00000007c0000000)
  eden space 31744K, 100% used [0x000000076d100000,0x000000076f000000,0x000000076f000000)
  from space 29184K, 0% used [0x000000076f000000,0x000000076f000000,0x0000000770c80000)
  to   space 30720K, 0% used [0x0000000771280000,0x0000000771280000,0x0000000773080000)
 ParOldGen       total 54784K, used 38345K [0x00000006c7200000, 0x00000006ca780000, 0x000000076d100000)
  object space 54784K, 69% used [0x00000006c7200000,0x00000006c9772448,0x00000006ca780000)
 Metaspace       used 7040K, capacity 7146K, committed 7424K, reserved 1056768K
  class space    used 658K, capacity 670K, committed 768K, reserved 1048576K
Event: 6.359 GC heap after
Heap after GC invocations=39 (full 5):
 PSYoungGen      total 66048K, used 32K [0x000000076d100000, 0x0000000773080000, 0x00000007c0000000)
  eden space 35328K, 0% used [0x000000076d100000,0x000000076d100000,0x000000076f380000)
  from space 30720K, 0% used [0x0000000771280000,0x0000000771288000,0x0000000773080000)
  to   space 31232K, 0% used [0x000000076f380000,0x000000076f380000,0x0000000771200000)
 ParOldGen       total 54784K, used 38345K [0x00000006c7200000, 0x00000006ca780000, 0x000000076d100000)
  object space 54784K, 69% used [0x00000006c7200000,0x00000006c9772448,0x00000006ca780000)
 Metaspace       used 7040K, capacity 7146K, committed 7424K, reserved 1056768K
  class space    used 658K, capacity 670K, committed 768K, reserved 1048576K
}
Event: 6.695 GC heap before
{Heap before GC invocations=40 (full 5):
 PSYoungGen      total 66048K, used 35360K [0x000000076d100000, 0x0000000773080000, 0x00000007c0000000)
  eden space 35328K, 100% used [0x000000076d100000,0x000000076f380000,0x000000076f380000)
  from space 30720K, 0% used [0x0000000771280000,0x0000000771288000,0x0000000773080000)
  to   space 31232K, 0% used [0x000000076f380000,0x000000076f380000,0x0000000771200000)
 ParOldGen       total 54784K, used 38345K [0x00000006c7200000, 0x00000006ca780000, 0x000000076d100000)
  object space 54784K, 69% used [0x00000006c7200000,0x00000006c9772448,0x00000006ca780000)
 Metaspace       used 7040K, capacity 7146K, committed 7424K, reserved 1056768K
  class space    used 658K, capacity 670K, committed 768K, reserved 1048576K
Event: 6.696 GC heap after
Heap after GC invocations=40 (full 5):
 PSYoungGen      total 66560K, used 64K [0x000000076d100000, 0x0000000773500000, 0x00000007c0000000)
  eden space 35328K, 0% used [0x000000076d100000,0x000000076d100000,0x000000076f380000)
  from space 31232K, 0% used [0x000000076f380000,0x000000076f390000,0x0000000771200000)
  to   space 31744K, 0% used [0x0000000771600000,0x0000000771600000,0x0000000773500000)
 ParOldGen       total 54784K, used 38345K [0x00000006c7200000, 0x00000006ca780000, 0x000000076d100000)
  object space 54784K, 69% used [0x00000006c7200000,0x00000006c9772448,0x00000006ca780000)
 Metaspace       used 7040K, capacity 7146K, committed 7424K, reserved 1056768K
  class space    used 658K, capacity 670K, committed 768K, reserved 1048576K
}

