# JRE version: OpenJDK Runtime Environment (8.0_191-b12) (build 1.8.0_191-b12)
# Java VM: OpenJDK 64-Bit Server VM (25.191-b12 mixed mode linux-amd64 compressed oops)
Heap:
 PSYoungGen      total 187392K, used 23027K [0x000000076d100000, 0x000000077eb00000, 0x00000007c0000000)
  eden space 131072K, 0% used [0x000000076d100000,0x000000076d100000,0x0000000775100000)
  from space 56320K, 40% used [0x0000000775300000,0x000000077697cfe8,0x0000000778a00000)
  to   space 78848K, 0% used [0x0000000779e00000,0x0000000779e00000,0x000000077eb00000)
 ParOldGen       total 230400K, used 230316K [0x00000006c7200000, 0x00000006d5300000, 0x000000076d100000)
  object space 230400K, 99% used [0x00000006c7200000,0x00000006d52eb2b8,0x00000006d5300000)
 Metaspace       used 44751K, capacity 45162K, committed 45568K, reserved 1089536K
  class space    used 6279K, capacity 6391K, committed 6400K, reserved 1048576K
GC Heap History (111 events):
Event: 0.851 GC heap before
{Heap before GC invocations=1 (full 0):
 PSYoungGen      total 74752K, used 37568K [0x000000076d100000, 0x0000000772400000, 0x00000007c0000000)
  eden space 64512K, 58% used [0x000000076d100000,0x000000076f5b0380,0x0000000771000000)
  from space 10240K, 0% used [0x0000000771a00000,0x0000000771a00000,0x0000000772400000)
  to   space 10240K, 0% used [0x0000000771000000,0x0000000771000000,0x0000000771a00000)
 ParOldGen       total 171008K, used 0K [0x00000006c7200000, 0x00000006d1900000, 0x000000076d100000)
  object space 171008K, 0% used [0x00000006c7200000,0x00000006c7200000,0x00000006d1900000)
 Metaspace       used 20773K, capacity 21082K, committed 21296K, reserved 1069056K
  class space    used 2494K, capacity 2623K, committed 2688K, reserved 1048576K
Event: 0.858 GC heap after
Heap after GC invocations=1 (full 0):
 PSYoungGen      total 74752K, used 6936K [0x000000076d100000, 0x0000000772400000, 0x00000007c0000000)
  eden space 64512K, 0% used [0x000000076d100000,0x000000076d100000,0x0000000771000000)
  from space 10240K, 67% used [0x0000000771000000,0x00000007716c6300,0x0000000771a00000)
  to   space 10240K, 0% used [0x0000000771a00000,0x0000000771a00000,0x0000000772400000)
 ParOldGen       total 171008K, used 16K [0x00000006c7200000, 0x00000006d1900000, 0x000000076d100000)
  object space 171008K, 0% used [0x00000006c7200000,0x00000006c7204000,0x00000006d1900000)
 Metaspace       used 20773K, capacity 21082K, committed 21296K, reserved 1069056K
  class space    used 2494K, capacity 2623K, committed 2688K, reserved 1048576K
}
Event: 0.858 GC heap before
{Heap before GC invocations=2 (full 1):
 PSYoungGen      total 74752K, used 6936K [0x000000076d100000, 0x0000000772400000, 0x00000007c0000000)
  eden space 64512K, 0% used [0x000000076d100000,0x000000076d100000,0x0000000771000000)
  from space 10240K, 67% used [0x0000000771000000,0x00000007716c6300,0x0000000771a00000)
  to   space 10240K, 0% used [0x0000000771a00000,0x0000000771a00000,0x0000000772400000)
 ParOldGen       total 171008K, used 16K [0x00000006c7200000, 0x00000006d1900000, 0x000000076d100000)
  object space 171008K, 0% used [0x00000006c7200000,0x00000006c7204000,0x00000006d1900000)
 Metaspace       used 20773K, capacity 21082K, committed 21296K, reserved 1069056K
  class space    used 2494K, capacity 2623K, committed 2688K, reserved 1048576K
Event: 0.891 GC heap after
Heap after GC invocations=2 (full 1):
 PSYoungGen      total 74752K, used 0K [0x000000076d100000, 0x0000000772400000, 0x00000007c0000000)
  eden space 64512K, 0% used [0x000000076d100000,0x000000076d100000,0x0000000771000000)
  from space 10240K, 0% used [0x0000000771000000,0x0000000771000000,0x0000000771a00000)
  to   space 10240K, 0% used [0x0000000771a00000,0x0000000771a00000,0x0000000772400000)
 ParOldGen       total 123904K, used 6721K [0x00000006c7200000, 0x00000006ceb00000, 0x000000076d100000)
  object space 123904K, 5% used [0x00000006c7200000,0x00000006c78904d8,0x00000006ceb00000)
 Metaspace       used 20773K, capacity 21082K, committed 21296K, reserved 1069056K
  class space    used 2494K, capacity 2623K, committed 2688K, reserved 1048576K
}
Event: 2.047 GC heap before
{Heap before GC invocations=3 (full 1):
 PSYoungGen      total 74752K, used 47625K [0x000000076d100000, 0x0000000772400000, 0x00000007c0000000)
  eden space 64512K, 73% used [0x000000076d100000,0x000000076ff824e0,0x0000000771000000)
  from space 10240K, 0% used [0x0000000771000000,0x0000000771000000,0x0000000771a00000)
  to   space 10240K, 0% used [0x0000000771a00000,0x0000000771a00000,0x0000000772400000)
 ParOldGen       total 123904K, used 6721K [0x00000006c7200000, 0x00000006ceb00000, 0x000000076d100000)
  object space 123904K, 5% used [0x00000006c7200000,0x00000006c78904d8,0x00000006ceb00000)
 Metaspace       used 34847K, capacity 35156K, committed 35456K, reserved 1079296K
  class space    used 5259K, capacity 5384K, committed 5504K, reserved 1048576K
Event: 2.051 GC heap after
Heap after GC invocations=3 (full 1):
 PSYoungGen      total 74752K, used 5092K [0x000000076d100000, 0x0000000772d00000, 0x00000007c0000000)
  eden space 64512K, 0% used [0x000000076d100000,0x000000076d100000,0x0000000771000000)
  from space 10240K, 49% used [0x0000000771a00000,0x0000000771ef9078,0x0000000772400000)
  to   space 10240K, 0% used [0x0000000771000000,0x0000000771000000,0x0000000771a00000)
 ParOldGen       total 123904K, used 6729K [0x00000006c7200000, 0x00000006ceb00000, 0x000000076d100000)
  object space 123904K, 5% used [0x00000006c7200000,0x00000006c78924d8,0x00000006ceb00000)
 Metaspace       used 34847K, capacity 35156K, committed 35456K, reserved 1079296K
  class space    used 5259K, capacity 5384K, committed 5504K, reserved 1048576K
}
Event: 2.051 GC heap before
{Heap before GC invocations=4 (full 2):
 PSYoungGen      total 74752K, used 5092K [0x000000076d100000, 0x0000000772d00000, 0x00000007c0000000)
  eden space 64512K, 0% used [0x000000076d100000,0x000000076d100000,0x0000000771000000)
  from space 10240K, 49% used [0x0000000771a00000,0x0000000771ef9078,0x0000000772400000)
  to   space 10240K, 0% used [0x0000000771000000,0x0000000771000000,0x0000000771a00000)
 ParOldGen       total 123904K, used 6729K [0x00000006c7200000, 0x00000006ceb00000, 0x000000076d100000)
  object space 123904K, 5% used [0x00000006c7200000,0x00000006c78924d8,0x00000006ceb00000)
 Metaspace       used 34847K, capacity 35156K, committed 35456K, reserved 1079296K
  class space    used 5259K, capacity 5384K, committed 5504K, reserved 1048576K
Event: 2.074 GC heap after
Heap after GC invocations=4 (full 2):
 PSYoungGen      total 74752K, used 0K [0x000000076d100000, 0x0000000772d00000, 0x00000007c0000000)
  eden space 64512K, 0% used [0x000000076d100000,0x000000076d100000,0x0000000771000000)
  from space 10240K, 0% used [0x0000000771a00000,0x0000000771a00000,0x0000000772400000)
  to   space 10240K, 0% used [0x0000000771000000,0x0000000771000000,0x0000000771a00000)
 ParOldGen       total 223744K, used 10138K [0x00000006c7200000, 0x00000006d4c80000, 0x000000076d100000)
  object space 223744K, 4% used [0x00000006c7200000,0x00000006c7be69c0,0x00000006d4c80000)
 Metaspace       used 34847K, capacity 35156K, committed 35456K, reserved 1079296K
  class space    used 5259K, capacity 5384K, committed 5504K, reserved 1048576K
}
Event: 3.270 GC heap before
{Heap before GC invocations=5 (full 2):
 PSYoungGen      total 74752K, used 64512K [0x000000076d100000, 0x0000000772d00000, 0x00000007c0000000)
  eden space 64512K, 100% used [0x000000076d100000,0x0000000771000000,0x0000000771000000)
  from space 10240K, 0% used [0x0000000771a00000,0x0000000771a00000,0x0000000772400000)
  to   space 10240K, 0% used [0x0000000771000000,0x0000000771000000,0x0000000771a00000)
 ParOldGen       total 223744K, used 10138K [0x00000006c7200000, 0x00000006d4c80000, 0x000000076d100000)
  object space 223744K, 4% used [0x00000006c7200000,0x00000006c7be69c0,0x00000006d4c80000)
 Metaspace       used 37531K, capacity 37844K, committed 38272K, reserved 1081344K
  class space    used 5768K, capacity 5896K, committed 6016K, reserved 1048576K
Event: 3.287 GC heap after
Heap after GC invocations=5 (full 2):
 PSYoungGen      total 74752K, used 10229K [0x000000076d100000, 0x0000000773300000, 0x00000007c0000000)
  eden space 64512K, 0% used [0x000000076d100000,0x000000076d100000,0x0000000771000000)
  from space 10240K, 99% used [0x0000000771000000,0x00000007719fd698,0x0000000771a00000)
  to   space 10240K, 0% used [0x0000000772900000,0x0000000772900000,0x0000000773300000)
 ParOldGen       total 223744K, used 15194K [0x00000006c7200000, 0x00000006d4c80000, 0x000000076d100000)
  object space 223744K, 6% used [0x00000006c7200000,0x00000006c80d6940,0x00000006d4c80000)
 Metaspace       used 37531K, capacity 37844K, committed 38272K, reserved 1081344K
  class space    used 5768K, capacity 5896K, committed 6016K, reserved 1048576K
}
Event: 3.762 GC heap before
{Heap before GC invocations=6 (full 2):
 PSYoungGen      total 74752K, used 73432K [0x000000076d100000, 0x0000000773300000, 0x00000007c0000000)
  eden space 64512K, 97% used [0x000000076d100000,0x0000000770eb8c88,0x0000000771000000)
  from space 10240K, 99% used [0x0000000771000000,0x00000007719fd698,0x0000000771a00000)
  to   space 10240K, 0% used [0x0000000772900000,0x0000000772900000,0x0000000773300000)
 ParOldGen       total 223744K, used 15194K [0x00000006c7200000, 0x00000006d4c80000, 0x000000076d100000)
  object space 223744K, 6% used [0x00000006c7200000,0x00000006c80d6940,0x00000006d4c80000)
 Metaspace       used 37691K, capacity 37978K, committed 38528K, reserved 1081344K
  class space    used 5774K, capacity 5897K, committed 6016K, reserved 1048576K
Event: 3.773 GC heap after
Heap after GC invocations=6 (full 2):
 PSYoungGen      total 90112K, used 10223K [0x000000076d100000, 0x0000000773700000, 0x00000007c0000000)
  eden space 79872K, 0% used [0x000000076d100000,0x000000076d100000,0x0000000771f00000)
  from space 10240K, 99% used [0x0000000772900000,0x00000007732fbe00,0x0000000773300000)
  to   space 10240K, 0% used [0x0000000771f00000,0x0000000771f00000,0x0000000772900000)
 ParOldGen       total 223744K, used 16906K [0x00000006c7200000, 0x00000006d4c80000, 0x000000076d100000)
  object space 223744K, 7% used [0x00000006c7200000,0x00000006c82829a0,0x00000006d4c80000)
 Metaspace       used 37691K, capacity 37978K, committed 38528K, reserved 1081344K
  class space    used 5774K, capacity 5897K, committed 6016K, reserved 1048576K
}
Event: 8.167 GC heap before
{Heap before GC invocations=7 (full 2):
 PSYoungGen      total 90112K, used 90095K [0x000000076d100000, 0x0000000773700000, 0x00000007c0000000)
  eden space 79872K, 100% used [0x000000076d100000,0x0000000771f00000,0x0000000771f00000)
  from space 10240K, 99% used [0x0000000772900000,0x00000007732fbe00,0x0000000773300000)
  to   space 10240K, 0% used [0x0000000771f00000,0x0000000771f00000,0x0000000772900000)
 ParOldGen       total 223744K, used 16906K [0x00000006c7200000, 0x00000006d4c80000, 0x000000076d100000)
  object space 223744K, 7% used [0x00000006c7200000,0x00000006c82829a0,0x00000006d4c80000)
 Metaspace       used 40031K, capacity 40398K, committed 40704K, reserved 1083392K
  class space    used 6029K, capacity 6135K, committed 6144K, reserved 1048576K
Event: 8.185 GC heap after
Heap after GC invocations=7 (full 2):
 PSYoungGen      total 90112K, used 10208K [0x000000076d100000, 0x0000000778d00000, 0x00000007c0000000)
  eden space 79872K, 0% used [0x000000076d100000,0x000000076d100000,0x0000000771f00000)
  from space 10240K, 99% used [0x0000000771f00000,0x00000007728f8030,0x0000000772900000)
  to   space 45568K, 0% used [0x0000000776080000,0x0000000776080000,0x0000000778d00000)
 ParOldGen       total 223744K, used 60832K [0x00000006c7200000, 0x00000006d4c80000, 0x000000076d100000)
  object space 223744K, 27% used [0x00000006c7200000,0x00000006cad682c0,0x00000006d4c80000)
 Metaspace       used 40031K, capacity 40398K, committed 40704K, reserved 1083392K
  class space    used 6029K, capacity 6135K, committed 6144K, reserved 1048576K
}
Event: 10.648 GC heap before
{Heap before GC invocations=8 (full 2):
 PSYoungGen      total 90112K, used 90080K [0x000000076d100000, 0x0000000778d00000, 0x00000007c0000000)
  eden space 79872K, 100% used [0x000000076d100000,0x0000000771f00000,0x0000000771f00000)
  from space 10240K, 99% used [0x0000000771f00000,0x00000007728f8030,0x0000000772900000)
  to   space 45568K, 0% used [0x0000000776080000,0x0000000776080000,0x0000000778d00000)
 ParOldGen       total 223744K, used 60832K [0x00000006c7200000, 0x00000006d4c80000, 0x000000076d100000)
  object space 223744K, 27% used [0x00000006c7200000,0x00000006cad682c0,0x00000006d4c80000)
 Metaspace       used 41003K, capacity 41438K, committed 41856K, reserved 1085440K
  class space    used 6128K, capacity 6265K, committed 6272K, reserved 1048576K
Event: 10.672 GC heap after
Heap after GC invocations=8 (full 2):
 PSYoungGen      total 140288K, used 37887K [0x000000076d100000, 0x0000000779980000, 0x00000007c0000000)
  eden space 94720K, 0% used [0x000000076d100000,0x000000076d100000,0x0000000772d80000)
  from space 45568K, 83% used [0x0000000776080000,0x000000077857ffe0,0x0000000778d00000)
  to   space 52224K, 0% used [0x0000000772d80000,0x0000000772d80000,0x0000000776080000)
 ParOldGen       total 223744K, used 60840K [0x00000006c7200000, 0x00000006d4c80000, 0x000000076d100000)
  object space 223744K, 27% used [0x00000006c7200000,0x00000006cad6a2c0,0x00000006d4c80000)
 Metaspace       used 41003K, capacity 41438K, committed 41856K, reserved 1085440K
  class space    used 6128K, capacity 6265K, committed 6272K, reserved 1048576K
}
Event: 11.073 GC heap before
{Heap before GC invocations=9 (full 2):
 PSYoungGen      total 140288K, used 132607K [0x000000076d100000, 0x0000000779980000, 0x00000007c0000000)
  eden space 94720K, 100% used [0x000000076d100000,0x0000000772d80000,0x0000000772d80000)
  from space 45568K, 83% used [0x0000000776080000,0x000000077857ffe0,0x0000000778d00000)
  to   space 52224K, 0% used [0x0000000772d80000,0x0000000772d80000,0x0000000776080000)
 ParOldGen       total 223744K, used 60840K [0x00000006c7200000, 0x00000006d4c80000, 0x000000076d100000)
  object space 223744K, 27% used [0x00000006c7200000,0x00000006cad6a2c0,0x00000006d4c80000)
 Metaspace       used 41023K, capacity 41438K, committed 41856K, reserved 1085440K
  class space    used 6128K, capacity 6265K, committed 6272K, reserved 1048576K
Event: 11.092 GC heap after
Heap after GC invocations=9 (full 2):
 PSYoungGen      total 146944K, used 36424K [0x000000076d100000, 0x000000077be80000, 0x00000007c0000000)
  eden space 94720K, 0% used [0x000000076d100000,0x000000076d100000,0x0000000772d80000)
  from space 52224K, 69% used [0x0000000772d80000,0x0000000775112010,0x0000000776080000)
  to   space 55296K, 0% used [0x0000000778880000,0x0000000778880000,0x000000077be80000)
 ParOldGen       total 223744K, used 60848K [0x00000006c7200000, 0x00000006d4c80000, 0x000000076d100000)
  object space 223744K, 27% used [0x00000006c7200000,0x00000006cad6c2c0,0x00000006d4c80000)
 Metaspace       used 41023K, capacity 41438K, committed 41856K, reserved 1085440K
  class space    used 6128K, capacity 6265K, committed 6272K, reserved 1048576K
}
Event: 11.382 GC heap before
{Heap before GC invocations=10 (full 2):
 PSYoungGen      total 146944K, used 131144K [0x000000076d100000, 0x000000077be80000, 0x00000007c0000000)
  eden space 94720K, 100% used [0x000000076d100000,0x0000000772d80000,0x0000000772d80000)
  from space 52224K, 69% used [0x0000000772d80000,0x0000000775112010,0x0000000776080000)
  to   space 55296K, 0% used [0x0000000778880000,0x0000000778880000,0x000000077be80000)
 ParOldGen       total 223744K, used 60848K [0x00000006c7200000, 0x00000006d4c80000, 0x000000076d100000)
  object space 223744K, 27% used [0x00000006c7200000,0x00000006cad6c2c0,0x00000006d4c80000)
 Metaspace       used 41042K, capacity 41438K, committed 41856K, reserved 1085440K
  class space    used 6129K, capacity 6265K, committed 6272K, reserved 1048576K
Event: 11.405 GC heap after
Heap after GC invocations=10 (full 2):
 PSYoungGen      total 185856K, used 36424K [0x000000076d100000, 0x000000077cf00000, 0x00000007c0000000)
  eden space 130560K, 0% used [0x000000076d100000,0x000000076d100000,0x0000000775080000)
  from space 55296K, 65% used [0x0000000778880000,0x000000077ac12010,0x000000077be80000)
  to   space 57344K, 0% used [0x0000000775080000,0x0000000775080000,0x0000000778880000)
 ParOldGen       total 223744K, used 60856K [0x00000006c7200000, 0x00000006d4c80000, 0x000000076d100000)
  object space 223744K, 27% used [0x00000006c7200000,0x00000006cad6e2c0,0x00000006d4c80000)
 Metaspace       used 41042K, capacity 41438K, committed 41856K, reserved 1085440K
  class space    used 6129K, capacity 6265K, committed 6272K, reserved 1048576K
}
Event: 17.663 GC heap before
{Heap before GC invocations=11 (full 2):
 PSYoungGen      total 185856K, used 166984K [0x000000076d100000, 0x000000077cf00000, 0x00000007c0000000)
  eden space 130560K, 100% used [0x000000076d100000,0x0000000775080000,0x0000000775080000)
  from space 55296K, 65% used [0x0000000778880000,0x000000077ac12010,0x000000077be80000)
  to   space 57344K, 0% used [0x0000000775080000,0x0000000775080000,0x0000000778880000)
 ParOldGen       total 223744K, used 60856K [0x00000006c7200000, 0x00000006d4c80000, 0x000000076d100000)
  object space 223744K, 27% used [0x00000006c7200000,0x00000006cad6e2c0,0x00000006d4c80000)
 Metaspace       used 41551K, capacity 41982K, committed 42496K, reserved 1085440K
  class space    used 6153K, capacity 6297K, committed 6400K, reserved 1048576K
Event: 17.685 GC heap after
Heap after GC invocations=11 (full 2):
 PSYoungGen      total 187904K, used 38495K [0x000000076d100000, 0x000000077e800000, 0x00000007c0000000)
  eden space 130560K, 0% used [0x000000076d100000,0x000000076d100000,0x0000000775080000)
  from space 57344K, 67% used [0x0000000775080000,0x0000000777617fe0,0x0000000778880000)
  to   space 58880K, 0% used [0x000000077ae80000,0x000000077ae80000,0x000000077e800000)
 ParOldGen       total 223744K, used 60864K [0x00000006c7200000, 0x00000006d4c80000, 0x000000076d100000)
  object space 223744K, 27% used [0x00000006c7200000,0x00000006cad702c0,0x00000006d4c80000)
 Metaspace       used 41551K, capacity 41982K, committed 42496K, reserved 1085440K
  class space    used 6153K, capacity 6297K, committed 6400K, reserved 1048576K
}
Event: 175.796 GC heap before
{Heap before GC invocations=12 (full 2):
 PSYoungGen      total 187904K, used 169055K [0x000000076d100000, 0x000000077e800000, 0x00000007c0000000)
  eden space 130560K, 100% used [0x000000076d100000,0x0000000775080000,0x0000000775080000)
  from space 57344K, 67% used [0x0000000775080000,0x0000000777617fe0,0x0000000778880000)
  to   space 58880K, 0% used [0x000000077ae80000,0x000000077ae80000,0x000000077e800000)
 ParOldGen       total 223744K, used 60864K [0x00000006c7200000, 0x00000006d4c80000, 0x000000076d100000)
  object space 223744K, 27% used [0x00000006c7200000,0x00000006cad702c0,0x00000006d4c80000)
 Metaspace       used 42327K, capacity 42756K, committed 43264K, reserved 1085440K
  class space    used 6155K, capacity 6298K, committed 6400K, reserved 1048576K
Event: 175.829 GC heap after
Heap after GC invocations=12 (full 2):
 PSYoungGen      total 219648K, used 40159K [0x000000076d100000, 0x000000077e680000, 0x00000007c0000000)
  eden space 162304K, 0% used [0x000000076d100000,0x000000076d100000,0x0000000776f80000)
  from space 57344K, 70% used [0x000000077ae80000,0x000000077d5b7fe0,0x000000077e680000)
  to   space 60928K, 0% used [0x0000000776f80000,0x0000000776f80000,0x000000077ab00000)
 ParOldGen       total 223744K, used 60872K [0x00000006c7200000, 0x00000006d4c80000, 0x000000076d100000)
  object space 223744K, 27% used [0x00000006c7200000,0x00000006cad722c0,0x00000006d4c80000)
 Metaspace       used 42327K, capacity 42756K, committed 43264K, reserved 1085440K
  class space    used 6155K, capacity 6298K, committed 6400K, reserved 1048576K
}
Event: 557.926 GC heap before
{Heap before GC invocations=13 (full 2):
 PSYoungGen      total 219648K, used 202463K [0x000000076d100000, 0x000000077e680000, 0x00000007c0000000)
  eden space 162304K, 100% used [0x000000076d100000,0x0000000776f80000,0x0000000776f80000)
  from space 57344K, 70% used [0x000000077ae80000,0x000000077d5b7fe0,0x000000077e680000)
  to   space 60928K, 0% used [0x0000000776f80000,0x0000000776f80000,0x000000077ab00000)
 ParOldGen       total 223744K, used 60872K [0x00000006c7200000, 0x00000006d4c80000, 0x000000076d100000)
  object space 223744K, 27% used [0x00000006c7200000,0x00000006cad722c0,0x00000006d4c80000)
 Metaspace       used 43070K, capacity 43516K, committed 44032K, reserved 1087488K
  class space    used 6199K, capacity 6334K, committed 6400K, reserved 1048576K
Event: 557.981 GC heap after
Heap after GC invocations=13 (full 2):
 PSYoungGen      total 223232K, used 48655K [0x000000076d100000, 0x0000000780f00000, 0x00000007c0000000)
  eden space 162304K, 0% used [0x000000076d100000,0x000000076d100000,0x0000000776f80000)
  from space 60928K, 79% used [0x0000000776f80000,0x0000000779f03fd0,0x000000077ab00000)
  to   space 65024K, 0% used [0x000000077cf80000,0x000000077cf80000,0x0000000780f00000)
 ParOldGen       total 223744K, used 60880K [0x00000006c7200000, 0x00000006d4c80000, 0x000000076d100000)
  object space 223744K, 27% used [0x00000006c7200000,0x00000006cad742c0,0x00000006d4c80000)
 Metaspace       used 43070K, capacity 43516K, committed 44032K, reserved 1087488K
  class space    used 6199K, capacity 6334K, committed 6400K, reserved 1048576K
}
Event: 1176.400 GC heap before
{Heap before GC invocations=14 (full 2):
 PSYoungGen      total 223232K, used 210959K [0x000000076d100000, 0x0000000780f00000, 0x00000007c0000000)
  eden space 162304K, 100% used [0x000000076d100000,0x0000000776f80000,0x0000000776f80000)
  from space 60928K, 79% used [0x0000000776f80000,0x0000000779f03fd0,0x000000077ab00000)
  to   space 65024K, 0% used [0x000000077cf80000,0x000000077cf80000,0x0000000780f00000)
 ParOldGen       total 223744K, used 60880K [0x00000006c7200000, 0x00000006d4c80000, 0x000000076d100000)
  object space 223744K, 27% used [0x00000006c7200000,0x00000006cad742c0,0x00000006d4c80000)
 Metaspace       used 43477K, capacity 43900K, committed 44288K, reserved 1087488K
  class space    used 6212K, capacity 6334K, committed 6400K, reserved 1048576K
Event: 1176.460 GC heap after
Heap after GC invocations=14 (full 2):
 PSYoungGen      total 252928K, used 60575K [0x000000076d100000, 0x0000000781800000, 0x00000007c0000000)
  eden space 187904K, 0% used [0x000000076d100000,0x000000076d100000,0x0000000778880000)
  from space 65024K, 93% used [0x000000077cf80000,0x0000000780aa7fe0,0x0000000780f00000)
  to   space 72704K, 0% used [0x0000000778880000,0x0000000778880000,0x000000077cf80000)
 ParOldGen       total 223744K, used 60888K [0x00000006c7200000, 0x00000006d4c80000, 0x000000076d100000)
  object space 223744K, 27% used [0x00000006c7200000,0x00000006cad762c0,0x00000006d4c80000)
 Metaspace       used 43477K, capacity 43900K, committed 44288K, reserved 1087488K
  class space    used 6212K, capacity 6334K, committed 6400K, reserved 1048576K
}
Event: 1926.807 GC heap before
{Heap before GC invocations=15 (full 2):
 PSYoungGen      total 252928K, used 248479K [0x000000076d100000, 0x0000000781800000, 0x00000007c0000000)
  eden space 187904K, 100% used [0x000000076d100000,0x0000000778880000,0x0000000778880000)
  from space 65024K, 93% used [0x000000077cf80000,0x0000000780aa7fe0,0x0000000780f00000)
  to   space 72704K, 0% used [0x0000000778880000,0x0000000778880000,0x000000077cf80000)
 ParOldGen       total 223744K, used 60888K [0x00000006c7200000, 0x00000006d4c80000, 0x000000076d100000)
  object space 223744K, 27% used [0x00000006c7200000,0x00000006cad762c0,0x00000006d4c80000)
 Metaspace       used 43714K, capacity 44156K, committed 44544K, reserved 1087488K
  class space    used 6212K, capacity 6334K, committed 6400K, reserved 1048576K
Event: 1926.846 GC heap after
Heap after GC invocations=15 (full 2):
 PSYoungGen      total 256512K, used 65039K [0x000000076d100000, 0x0000000782280000, 0x00000007c0000000)
  eden space 183808K, 0% used [0x000000076d100000,0x000000076d100000,0x0000000778480000)
  from space 72704K, 89% used [0x0000000778880000,0x000000077c803fd0,0x000000077cf80000)
  to   space 80896K, 0% used [0x000000077d380000,0x000000077d380000,0x0000000782280000)
 ParOldGen       total 223744K, used 60896K [0x00000006c7200000, 0x00000006d4c80000, 0x000000076d100000)
  object space 223744K, 27% used [0x00000006c7200000,0x00000006cad782c0,0x00000006d4c80000)
 Metaspace       used 43714K, capacity 44156K, committed 44544K, reserved 1087488K
  class space    used 6212K, capacity 6334K, committed 6400K, reserved 1048576K
}
Event: 2004.454 GC heap before
{Heap before GC invocations=16 (full 2):
 PSYoungGen      total 256512K, used 248847K [0x000000076d100000, 0x0000000782280000, 0x00000007c0000000)
  eden space 183808K, 100% used [0x000000076d100000,0x0000000778480000,0x0000000778480000)
  from space 72704K, 89% used [0x0000000778880000,0x000000077c803fd0,0x000000077cf80000)
  to   space 80896K, 0% used [0x000000077d380000,0x000000077d380000,0x0000000782280000)
 ParOldGen       total 223744K, used 60896K [0x00000006c7200000, 0x00000006d4c80000, 0x000000076d100000)
  object space 223744K, 27% used [0x00000006c7200000,0x00000006cad782c0,0x00000006d4c80000)
 Metaspace       used 43800K, capacity 44220K, committed 44544K, reserved 1087488K
  class space    used 6218K, capacity 6334K, committed 6400K, reserved 1048576K
Event: 2004.508 GC heap after
Heap after GC invocations=16 (full 2):
 PSYoungGen      total 254976K, used 74427K [0x000000076d100000, 0x0000000783180000, 0x00000007c0000000)
  eden space 174080K, 0% used [0x000000076d100000,0x000000076d100000,0x0000000777b00000)
  from space 80896K, 92% used [0x000000077d380000,0x0000000781c2ed88,0x0000000782280000)
  to   space 90624K, 0% used [0x0000000777b00000,0x0000000777b00000,0x000000077d380000)
 ParOldGen       total 223744K, used 60904K [0x00000006c7200000, 0x00000006d4c80000, 0x000000076d100000)
  object space 223744K, 27% used [0x00000006c7200000,0x00000006cad7a2c0,0x00000006d4c80000)
 Metaspace       used 43800K, capacity 44220K, committed 44544K, reserved 1087488K
  class space    used 6218K, capacity 6334K, committed 6400K, reserved 1048576K
}
Event: 2009.396 GC heap before
{Heap before GC invocations=17 (full 2):
 PSYoungGen      total 254976K, used 248507K [0x000000076d100000, 0x0000000783180000, 0x00000007c0000000)
  eden space 174080K, 100% used [0x000000076d100000,0x0000000777b00000,0x0000000777b00000)
  from space 80896K, 92% used [0x000000077d380000,0x0000000781c2ed88,0x0000000782280000)
  to   space 90624K, 0% used [0x0000000777b00000,0x0000000777b00000,0x000000077d380000)
 ParOldGen       total 223744K, used 60904K [0x00000006c7200000, 0x00000006d4c80000, 0x000000076d100000)
  object space 223744K, 27% used [0x00000006c7200000,0x00000006cad7a2c0,0x00000006d4c80000)
 Metaspace       used 43806K, capacity 44220K, committed 44544K, reserved 1087488K
  class space    used 6218K, capacity 6334K, committed 6400K, reserved 1048576K
Event: 2009.458 GC heap after
Heap after GC invocations=17 (full 2):
 PSYoungGen      total 261120K, used 71879K [0x000000076d100000, 0x0000000783580000, 0x00000007c0000000)
  eden space 170496K, 0% used [0x000000076d100000,0x000000076d100000,0x0000000777780000)
  from space 90624K, 79% used [0x0000000777b00000,0x000000077c131f50,0x000000077d380000)
  to   space 97280K, 0% used [0x000000077d680000,0x000000077d680000,0x0000000783580000)
 ParOldGen       total 223744K, used 60912K [0x00000006c7200000, 0x00000006d4c80000, 0x000000076d100000)
  object space 223744K, 27% used [0x00000006c7200000,0x00000006cad7c2c0,0x00000006d4c80000)
 Metaspace       used 43806K, capacity 44220K, committed 44544K, reserved 1087488K
  class space    used 6218K, capacity 6334K, committed 6400K, reserved 1048576K
}
Event: 2165.872 GC heap before
{Heap before GC invocations=18 (full 2):
 PSYoungGen      total 261120K, used 242375K [0x000000076d100000, 0x0000000783580000, 0x00000007c0000000)
  eden space 170496K, 100% used [0x000000076d100000,0x0000000777780000,0x0000000777780000)
  from space 90624K, 79% used [0x0000000777b00000,0x000000077c131f50,0x000000077d380000)
  to   space 97280K, 0% used [0x000000077d680000,0x000000077d680000,0x0000000783580000)
 ParOldGen       total 223744K, used 60912K [0x00000006c7200000, 0x00000006d4c80000, 0x000000076d100000)
  object space 223744K, 27% used [0x00000006c7200000,0x00000006cad7c2c0,0x00000006d4c80000)
 Metaspace       used 43936K, capacity 44348K, committed 44800K, reserved 1087488K
  class space    used 6219K, capacity 6334K, committed 6400K, reserved 1048576K
Event: 2165.929 GC heap after
Heap after GC invocations=18 (full 2):
 PSYoungGen      total 261120K, used 76559K [0x000000076d100000, 0x0000000783f00000, 0x00000007c0000000)
  eden space 163840K, 0% used [0x000000076d100000,0x000000076d100000,0x0000000777100000)
  from space 97280K, 78% used [0x000000077d680000,0x0000000782143f80,0x0000000783580000)
  to   space 103936K, 0% used [0x0000000777100000,0x0000000777100000,0x000000077d680000)
 ParOldGen       total 223744K, used 60920K [0x00000006c7200000, 0x00000006d4c80000, 0x000000076d100000)
  object space 223744K, 27% used [0x00000006c7200000,0x00000006cad7e2c0,0x00000006d4c80000)
 Metaspace       used 43936K, capacity 44348K, committed 44800K, reserved 1087488K
  class space    used 6219K, capacity 6334K, committed 6400K, reserved 1048576K
}
Event: 2416.846 GC heap before
{Heap before GC invocations=19 (full 2):
 PSYoungGen      total 261120K, used 240399K [0x000000076d100000, 0x0000000783f00000, 0x00000007c0000000)
  eden space 163840K, 100% used [0x000000076d100000,0x0000000777100000,0x0000000777100000)
  from space 97280K, 78% used [0x000000077d680000,0x0000000782143f80,0x0000000783580000)
  to   space 103936K, 0% used [0x0000000777100000,0x0000000777100000,0x000000077d680000)
 ParOldGen       total 223744K, used 60920K [0x00000006c7200000, 0x00000006d4c80000, 0x000000076d100000)
  object space 223744K, 27% used [0x00000006c7200000,0x00000006cad7e2c0,0x00000006d4c80000)
 Metaspace       used 43982K, capacity 44348K, committed 44800K, reserved 1087488K
  class space    used 6219K, capacity 6334K, committed 6400K, reserved 1048576K
Event: 2416.917 GC heap after
Heap after GC invocations=19 (full 2):
 PSYoungGen      total 264704K, used 78319K [0x000000076d100000, 0x0000000784500000, 0x00000007c0000000)
  eden space 160768K, 0% used [0x000000076d100000,0x000000076d100000,0x0000000776e00000)
  from space 103936K, 75% used [0x0000000777100000,0x000000077bd7bf80,0x000000077d680000)
  to   space 110080K, 0% used [0x000000077d980000,0x000000077d980000,0x0000000784500000)
 ParOldGen       total 223744K, used 60928K [0x00000006c7200000, 0x00000006d4c80000, 0x000000076d100000)
  object space 223744K, 27% used [0x00000006c7200000,0x00000006cad802c0,0x00000006d4c80000)
 Metaspace       used 43982K, capacity 44348K, committed 44800K, reserved 1087488K
  class space    used 6219K, capacity 6334K, committed 6400K, reserved 1048576K
}
Event: 2676.851 GC heap before
{Heap before GC invocations=20 (full 2):
 PSYoungGen      total 264704K, used 239087K [0x000000076d100000, 0x0000000784500000, 0x00000007c0000000)
  eden space 160768K, 100% used [0x000000076d100000,0x0000000776e00000,0x0000000776e00000)
  from space 103936K, 75% used [0x0000000777100000,0x000000077bd7bf80,0x000000077d680000)
  to   space 110080K, 0% used [0x000000077d980000,0x000000077d980000,0x0000000784500000)
 ParOldGen       total 223744K, used 60928K [0x00000006c7200000, 0x00000006d4c80000, 0x000000076d100000)
  object space 223744K, 27% used [0x00000006c7200000,0x00000006cad802c0,0x00000006d4c80000)
 Metaspace       used 44013K, capacity 44412K, committed 44800K, reserved 1087488K
  class space    used 6219K, capacity 6334K, committed 6400K, reserved 1048576K
Event: 2676.918 GC heap after
Heap after GC invocations=20 (full 2):
 PSYoungGen      total 266752K, used 77183K [0x000000076d100000, 0x0000000784a00000, 0x00000007c0000000)
  eden space 156672K, 0% used [0x000000076d100000,0x000000076d100000,0x0000000776a00000)
  from space 110080K, 70% used [0x000000077d980000,0x00000007824dff60,0x0000000784500000)
  to   space 114176K, 0% used [0x0000000776a00000,0x0000000776a00000,0x000000077d980000)
 ParOldGen       total 223744K, used 64848K [0x00000006c7200000, 0x00000006d4c80000, 0x000000076d100000)
  object space 223744K, 28% used [0x00000006c7200000,0x00000006cb1542f0,0x00000006d4c80000)
 Metaspace       used 44013K, capacity 44412K, committed 44800K, reserved 1087488K
  class space    used 6219K, capacity 6334K, committed 6400K, reserved 1048576K
}
Event: 2887.313 GC heap before
{Heap before GC invocations=21 (full 2):
 PSYoungGen      total 266752K, used 233855K [0x000000076d100000, 0x0000000784a00000, 0x00000007c0000000)
  eden space 156672K, 100% used [0x000000076d100000,0x0000000776a00000,0x0000000776a00000)
  from space 110080K, 70% used [0x000000077d980000,0x00000007824dff60,0x0000000784500000)
  to   space 114176K, 0% used [0x0000000776a00000,0x0000000776a00000,0x000000077d980000)
 ParOldGen       total 223744K, used 64848K [0x00000006c7200000, 0x00000006d4c80000, 0x000000076d100000)
  object space 223744K, 28% used [0x00000006c7200000,0x00000006cb1542f0,0x00000006d4c80000)
 Metaspace       used 44027K, capacity 44412K, committed 44800K, reserved 1087488K
  class space    used 6219K, capacity 6334K, committed 6400K, reserved 1048576K
Event: 2887.383 GC heap after
Heap after GC invocations=21 (full 2):
 PSYoungGen      total 267776K, used 93711K [0x000000076d100000, 0x0000000785800000, 0x00000007c0000000)
  eden space 153600K, 0% used [0x000000076d100000,0x000000076d100000,0x0000000776700000)
  from space 114176K, 82% used [0x0000000776a00000,0x000000077c583ee0,0x000000077d980000)
  to   space 123392K, 0% used [0x000000077df80000,0x000000077df80000,0x0000000785800000)
 ParOldGen       total 223744K, used 65040K [0x00000006c7200000, 0x00000006d4c80000, 0x000000076d100000)
  object space 223744K, 29% used [0x00000006c7200000,0x00000006cb184310,0x00000006d4c80000)
 Metaspace       used 44027K, capacity 44412K, committed 44800K, reserved 1087488K
  class space    used 6219K, capacity 6334K, committed 6400K, reserved 1048576K
}
Event: 2887.868 GC heap before
{Heap before GC invocations=22 (full 2):
 PSYoungGen      total 267776K, used 247311K [0x000000076d100000, 0x0000000785800000, 0x00000007c0000000)
  eden space 153600K, 100% used [0x000000076d100000,0x0000000776700000,0x0000000776700000)
  from space 114176K, 82% used [0x0000000776a00000,0x000000077c583ee0,0x000000077d980000)
  to   space 123392K, 0% used [0x000000077df80000,0x000000077df80000,0x0000000785800000)
 ParOldGen       total 223744K, used 65040K [0x00000006c7200000, 0x00000006d4c80000, 0x000000076d100000)
  object space 223744K, 29% used [0x00000006c7200000,0x00000006cb184310,0x00000006d4c80000)
 Metaspace       used 44031K, capacity 44412K, committed 44800K, reserved 1087488K
  class space    used 6219K, capacity 6334K, committed 6400K, reserved 1048576K
Event: 2887.921 GC heap after
Heap after GC invocations=22 (full 2):
 PSYoungGen      total 273920K, used 83655K [0x000000076d100000, 0x0000000787b00000, 0x00000007c0000000)
  eden space 150528K, 0% used [0x000000076d100000,0x000000076d100000,0x0000000776400000)
  from space 123392K, 67% used [0x000000077df80000,0x0000000783131f20,0x0000000785800000)
  to   space 126464K, 0% used [0x0000000776400000,0x0000000776400000,0x000000077df80000)
 ParOldGen       total 223744K, used 71216K [0x00000006c7200000, 0x00000006d4c80000, 0x000000076d100000)
  object space 223744K, 31% used [0x00000006c7200000,0x00000006cb78c320,0x00000006d4c80000)
 Metaspace       used 44031K, capacity 44412K, committed 44800K, reserved 1087488K
  class space    used 6219K, capacity 6334K, committed 6400K, reserved 1048576K
}
Event: 2898.650 GC heap before
{Heap before GC invocations=23 (full 2):
 PSYoungGen      total 273920K, used 234183K [0x000000076d100000, 0x0000000787b00000, 0x00000007c0000000)
  eden space 150528K, 100% used [0x000000076d100000,0x0000000776400000,0x0000000776400000)
  from space 123392K, 67% used [0x000000077df80000,0x0000000783131f20,0x0000000785800000)
  to   space 126464K, 0% used [0x0000000776400000,0x0000000776400000,0x000000077df80000)
 ParOldGen       total 223744K, used 71216K [0x00000006c7200000, 0x00000006d4c80000, 0x000000076d100000)
  object space 223744K, 31% used [0x00000006c7200000,0x00000006cb78c320,0x00000006d4c80000)
 Metaspace       used 44065K, capacity 44476K, committed 44800K, reserved 1087488K
  class space    used 6219K, capacity 6334K, committed 6400K, reserved 1048576K
Event: 2898.725 GC heap after
Heap after GC invocations=23 (full 2):
 PSYoungGen      total 276992K, used 60727K [0x000000076d100000, 0x0000000786880000, 0x00000007c0000000)
  eden space 150528K, 0% used [0x000000076d100000,0x000000076d100000,0x0000000776400000)
  from space 126464K, 48% used [0x0000000776400000,0x0000000779f4df10,0x000000077df80000)
  to   space 120320K, 0% used [0x000000077f300000,0x000000077f300000,0x0000000786880000)
 ParOldGen       total 223744K, used 96796K [0x00000006c7200000, 0x00000006d4c80000, 0x000000076d100000)
  object space 223744K, 43% used [0x00000006c7200000,0x00000006cd087310,0x00000006d4c80000)
 Metaspace       used 44065K, capacity 44476K, committed 44800K, reserved 1087488K
  class space    used 6219K, capacity 6334K, committed 6400K, reserved 1048576K
}
Event: 3181.852 GC heap before
{Heap before GC invocations=24 (full 2):
 PSYoungGen      total 276992K, used 211255K [0x000000076d100000, 0x0000000786880000, 0x00000007c0000000)
  eden space 150528K, 100% used [0x000000076d100000,0x0000000776400000,0x0000000776400000)
  from space 126464K, 48% used [0x0000000776400000,0x0000000779f4df10,0x000000077df80000)
  to   space 120320K, 0% used [0x000000077f300000,0x000000077f300000,0x0000000786880000)
 ParOldGen       total 223744K, used 96796K [0x00000006c7200000, 0x00000006d4c80000, 0x000000076d100000)
  object space 223744K, 43% used [0x00000006c7200000,0x00000006cd087310,0x00000006d4c80000)
 Metaspace       used 44164K, capacity 44604K, committed 45056K, reserved 1087488K
  class space    used 6226K, capacity 6334K, committed 6400K, reserved 1048576K
Event: 3181.908 GC heap after
Heap after GC invocations=24 (full 2):
 PSYoungGen      total 282624K, used 66775K [0x000000076d100000, 0x0000000785e80000, 0x00000007c0000000)
  eden space 172544K, 0% used [0x000000076d100000,0x000000076d100000,0x0000000777980000)
  from space 110080K, 60% used [0x000000077f300000,0x0000000783435f10,0x0000000785e80000)
  to   space 117248K, 0% used [0x0000000777980000,0x0000000777980000,0x000000077ec00000)
 ParOldGen       total 223744K, used 96828K [0x00000006c7200000, 0x00000006d4c80000, 0x000000076d100000)
  object space 223744K, 43% used [0x00000006c7200000,0x00000006cd08f310,0x00000006d4c80000)
 Metaspace       used 44164K, capacity 44604K, committed 45056K, reserved 1087488K
  class space    used 6226K, capacity 6334K, committed 6400K, reserved 1048576K
}
Event: 3699.794 GC heap before
{Heap before GC invocations=25 (full 2):
 PSYoungGen      total 282624K, used 239319K [0x000000076d100000, 0x0000000785e80000, 0x00000007c0000000)
  eden space 172544K, 100% used [0x000000076d100000,0x0000000777980000,0x0000000777980000)
  from space 110080K, 60% used [0x000000077f300000,0x0000000783435f10,0x0000000785e80000)
  to   space 117248K, 0% used [0x0000000777980000,0x0000000777980000,0x000000077ec00000)
 ParOldGen       total 223744K, used 96828K [0x00000006c7200000, 0x00000006d4c80000, 0x000000076d100000)
  object space 223744K, 43% used [0x00000006c7200000,0x00000006cd08f310,0x00000006d4c80000)
 Metaspace       used 44164K, capacity 44604K, committed 45056K, reserved 1087488K
  class space    used 6226K, capacity 6334K, committed 6400K, reserved 1048576K
Event: 3699.865 GC heap after
Heap after GC invocations=25 (full 2):
 PSYoungGen      total 289792K, used 72983K [0x000000076d100000, 0x0000000787100000, 0x00000007c0000000)
  eden space 172544K, 0% used [0x000000076d100000,0x000000076d100000,0x0000000777980000)
  from space 117248K, 62% used [0x0000000777980000,0x000000077c0c5f10,0x000000077ec00000)
  to   space 116224K, 0% used [0x000000077ff80000,0x000000077ff80000,0x0000000787100000)
 ParOldGen       total 223744K, used 96852K [0x00000006c7200000, 0x00000006d4c80000, 0x000000076d100000)
  object space 223744K, 43% used [0x00000006c7200000,0x00000006cd095310,0x00000006d4c80000)
 Metaspace       used 44164K, capacity 44604K, committed 45056K, reserved 1087488K
  class space    used 6226K, capacity 6334K, committed 6400K, reserved 1048576K
}
Event: 4159.993 GC heap before
{Heap before GC invocations=26 (full 2):
 PSYoungGen      total 289792K, used 245527K [0x000000076d100000, 0x0000000787100000, 0x00000007c0000000)
  eden space 172544K, 100% used [0x000000076d100000,0x0000000777980000,0x0000000777980000)
  from space 117248K, 62% used [0x0000000777980000,0x000000077c0c5f10,0x000000077ec00000)
  to   space 116224K, 0% used [0x000000077ff80000,0x000000077ff80000,0x0000000787100000)
 ParOldGen       total 223744K, used 96852K [0x00000006c7200000, 0x00000006d4c80000, 0x000000076d100000)
  object space 223744K, 43% used [0x00000006c7200000,0x00000006cd095310,0x00000006d4c80000)
 Metaspace       used 44165K, capacity 44604K, committed 45056K, reserved 1087488K
  class space    used 6226K, capacity 6334K, committed 6400K, reserved 1048576K
Event: 4160.065 GC heap after
Heap after GC invocations=26 (full 2):
 PSYoungGen      total 259584K, used 75519K [0x000000076d100000, 0x0000000785800000, 0x00000007c0000000)
  eden space 168960K, 0% used [0x000000076d100000,0x000000076d100000,0x0000000777600000)
  from space 90624K, 83% used [0x000000077ff80000,0x000000078493ff40,0x0000000785800000)
  to   space 115712K, 0% used [0x0000000777600000,0x0000000777600000,0x000000077e700000)
 ParOldGen       total 223744K, used 97969K [0x00000006c7200000, 0x00000006d4c80000, 0x000000076d100000)
  object space 223744K, 43% used [0x00000006c7200000,0x00000006cd1ac658,0x00000006d4c80000)
 Metaspace       used 44165K, capacity 44604K, committed 45056K, reserved 1087488K
  class space    used 6226K, capacity 6334K, committed 6400K, reserved 1048576K
}
Event: 4609.750 GC heap before
{Heap before GC invocations=27 (full 2):
 PSYoungGen      total 259584K, used 244479K [0x000000076d100000, 0x0000000785800000, 0x00000007c0000000)
  eden space 168960K, 100% used [0x000000076d100000,0x0000000777600000,0x0000000777600000)
  from space 90624K, 83% used [0x000000077ff80000,0x000000078493ff40,0x0000000785800000)
  to   space 115712K, 0% used [0x0000000777600000,0x0000000777600000,0x000000077e700000)
 ParOldGen       total 223744K, used 97969K [0x00000006c7200000, 0x00000006d4c80000, 0x000000076d100000)
  object space 223744K, 43% used [0x00000006c7200000,0x00000006cd1ac658,0x00000006d4c80000)
 Metaspace       used 44168K, capacity 44604K, committed 45056K, reserved 1087488K
  class space    used 6226K, capacity 6334K, committed 6400K, reserved 1048576K
Event: 4609.818 GC heap after
Heap after GC invocations=27 (full 2):
 PSYoungGen      total 243712K, used 78207K [0x000000076d100000, 0x0000000785580000, 0x00000007c0000000)
  eden space 165376K, 0% used [0x000000076d100000,0x000000076d100000,0x0000000777280000)
  from space 78336K, 99% used [0x0000000777600000,0x000000077c25ff40,0x000000077c280000)
  to   space 116224K, 0% used [0x000000077e400000,0x000000077e400000,0x0000000785580000)
 ParOldGen       total 223744K, used 99522K [0x00000006c7200000, 0x00000006d4c80000, 0x000000076d100000)
  object space 223744K, 44% used [0x00000006c7200000,0x00000006cd330848,0x00000006d4c80000)
 Metaspace       used 44168K, capacity 44604K, committed 45056K, reserved 1087488K
  class space    used 6226K, capacity 6334K, committed 6400K, reserved 1048576K
}
Event: 5104.562 GC heap before
{Heap before GC invocations=28 (full 2):
 PSYoungGen      total 243712K, used 243583K [0x000000076d100000, 0x0000000785580000, 0x00000007c0000000)
  eden space 165376K, 100% used [0x000000076d100000,0x0000000777280000,0x0000000777280000)
  from space 78336K, 99% used [0x0000000777600000,0x000000077c25ff40,0x000000077c280000)
  to   space 116224K, 0% used [0x000000077e400000,0x000000077e400000,0x0000000785580000)
 ParOldGen       total 223744K, used 99522K [0x00000006c7200000, 0x00000006d4c80000, 0x000000076d100000)
  object space 223744K, 44% used [0x00000006c7200000,0x00000006cd330848,0x00000006d4c80000)
 Metaspace       used 44171K, capacity 44604K, committed 45056K, reserved 1087488K
  class space    used 6226K, capacity 6334K, committed 6400K, reserved 1048576K
Event: 5104.634 GC heap after
Heap after GC invocations=28 (full 2):
 PSYoungGen      total 275456K, used 79583K [0x000000076d100000, 0x0000000785300000, 0x00000007c0000000)
  eden space 161792K, 0% used [0x000000076d100000,0x000000076d100000,0x0000000776f00000)
  from space 113664K, 70% used [0x000000077e400000,0x00000007831b7f40,0x0000000785300000)
  to   space 116736K, 0% used [0x0000000776f00000,0x0000000776f00000,0x000000077e100000)
 ParOldGen       total 223744K, used 103515K [0x00000006c7200000, 0x00000006d4c80000, 0x000000076d100000)
  object space 223744K, 46% used [0x00000006c7200000,0x00000006cd716d18,0x00000006d4c80000)
 Metaspace       used 44171K, capacity 44604K, committed 45056K, reserved 1087488K
  class space    used 6226K, capacity 6334K, committed 6400K, reserved 1048576K
}
Event: 5566.986 GC heap before
{Heap before GC invocations=29 (full 2):
 PSYoungGen      total 275456K, used 241375K [0x000000076d100000, 0x0000000785300000, 0x00000007c0000000)
  eden space 161792K, 100% used [0x000000076d100000,0x0000000776f00000,0x0000000776f00000)
  from space 113664K, 70% used [0x000000077e400000,0x00000007831b7f40,0x0000000785300000)
  to   space 116736K, 0% used [0x0000000776f00000,0x0000000776f00000,0x000000077e100000)
 ParOldGen       total 223744K, used 103515K [0x00000006c7200000, 0x00000006d4c80000, 0x000000076d100000)
  object space 223744K, 46% used [0x00000006c7200000,0x00000006cd716d18,0x00000006d4c80000)
 Metaspace       used 44172K, capacity 44604K, committed 45056K, reserved 1087488K
  class space    used 6226K, capacity 6334K, committed 6400K, reserved 1048576K
Event: 5567.064 GC heap after
Heap after GC invocations=29 (full 2):
 PSYoungGen      total 236544K, used 77439K [0x000000076d100000, 0x0000000784e00000, 0x00000007c0000000)
  eden space 158720K, 0% used [0x000000076d100000,0x000000076d100000,0x0000000776c00000)
  from space 77824K, 99% used [0x0000000776f00000,0x000000077ba9ff40,0x000000077bb00000)
  to   space 115712K, 0% used [0x000000077dd00000,0x000000077dd00000,0x0000000784e00000)
 ParOldGen       total 223744K, used 109677K [0x00000006c7200000, 0x00000006d4c80000, 0x000000076d100000)
  object space 223744K, 49% used [0x00000006c7200000,0x00000006cdd1b4c8,0x00000006d4c80000)
 Metaspace       used 44172K, capacity 44604K, committed 45056K, reserved 1087488K
  class space    used 6226K, capacity 6334K, committed 6400K, reserved 1048576K
}
Event: 5815.958 GC heap before
{Heap before GC invocations=30 (full 2):
 PSYoungGen      total 236544K, used 236159K [0x000000076d100000, 0x0000000784e00000, 0x00000007c0000000)
  eden space 158720K, 100% used [0x000000076d100000,0x0000000776c00000,0x0000000776c00000)
  from space 77824K, 99% used [0x0000000776f00000,0x000000077ba9ff40,0x000000077bb00000)
  to   space 115712K, 0% used [0x000000077dd00000,0x000000077dd00000,0x0000000784e00000)
 ParOldGen       total 223744K, used 109677K [0x00000006c7200000, 0x00000006d4c80000, 0x000000076d100000)
  object space 223744K, 49% used [0x00000006c7200000,0x00000006cdd1b4c8,0x00000006d4c80000)
 Metaspace       used 44200K, capacity 44604K, committed 45056K, reserved 1087488K
  class space    used 6226K, capacity 6334K, committed 6400K, reserved 1048576K
Event: 5816.036 GC heap after
Heap after GC invocations=30 (full 2):
 PSYoungGen      total 261120K, used 70431K [0x000000076d100000, 0x0000000784400000, 0x00000007c0000000)
  eden space 155648K, 0% used [0x000000076d100000,0x000000076d100000,0x0000000776900000)
  from space 105472K, 66% used [0x000000077dd00000,0x00000007821c7f40,0x0000000784400000)
  to   space 112128K, 0% used [0x0000000776900000,0x0000000776900000,0x000000077d680000)
 ParOldGen       total 223744K, used 116919K [0x00000006c7200000, 0x00000006d4c80000, 0x000000076d100000)
  object space 223744K, 52% used [0x00000006c7200000,0x00000006ce42de28,0x00000006d4c80000)
 Metaspace       used 44200K, capacity 44604K, committed 45056K, reserved 1087488K
  class space    used 6226K, capacity 6334K, committed 6400K, reserved 1048576K
}
Event: 5926.986 GC heap before
{Heap before GC invocations=31 (full 2):
 PSYoungGen      total 261120K, used 226079K [0x000000076d100000, 0x0000000784400000, 0x00000007c0000000)
  eden space 155648K, 100% used [0x000000076d100000,0x0000000776900000,0x0000000776900000)
  from space 105472K, 66% used [0x000000077dd00000,0x00000007821c7f40,0x0000000784400000)
  to   space 112128K, 0% used [0x0000000776900000,0x0000000776900000,0x000000077d680000)
 ParOldGen       total 223744K, used 116919K [0x00000006c7200000, 0x00000006d4c80000, 0x000000076d100000)
  object space 223744K, 52% used [0x00000006c7200000,0x00000006ce42de28,0x00000006d4c80000)
 Metaspace       used 44241K, capacity 44668K, committed 45056K, reserved 1087488K
  class space    used 6227K, capacity 6334K, committed 6400K, reserved 1048576K
Event: 5927.058 GC heap after
Heap after GC invocations=31 (full 2):
 PSYoungGen      total 210944K, used 58279K [0x000000076d100000, 0x0000000783c00000, 0x00000007c0000000)
  eden space 152576K, 0% used [0x000000076d100000,0x000000076d100000,0x0000000776600000)
  from space 58368K, 99% used [0x0000000776900000,0x000000077a1e9f70,0x000000077a200000)
  to   space 109568K, 0% used [0x000000077d100000,0x000000077d100000,0x0000000783c00000)
 ParOldGen       total 223744K, used 131676K [0x00000006c7200000, 0x00000006d4c80000, 0x000000076d100000)
  object space 223744K, 58% used [0x00000006c7200000,0x00000006cf297108,0x00000006d4c80000)
 Metaspace       used 44241K, capacity 44668K, committed 45056K, reserved 1087488K
  class space    used 6227K, capacity 6334K, committed 6400K, reserved 1048576K
}
Event: 6297.006 GC heap before
{Heap before GC invocations=32 (full 2):
 PSYoungGen      total 210944K, used 210855K [0x000000076d100000, 0x0000000783c00000, 0x00000007c0000000)
  eden space 152576K, 100% used [0x000000076d100000,0x0000000776600000,0x0000000776600000)
  from space 58368K, 99% used [0x0000000776900000,0x000000077a1e9f70,0x000000077a200000)
  to   space 109568K, 0% used [0x000000077d100000,0x000000077d100000,0x0000000783c00000)
 ParOldGen       total 223744K, used 131676K [0x00000006c7200000, 0x00000006d4c80000, 0x000000076d100000)
  object space 223744K, 58% used [0x00000006c7200000,0x00000006cf297108,0x00000006d4c80000)
 Metaspace       used 44245K, capacity 44668K, committed 45056K, reserved 1087488K
  class space    used 6227K, capacity 6334K, committed 6400K, reserved 1048576K
Event: 6297.077 GC heap after
Heap after GC invocations=32 (full 2):
 PSYoungGen      total 248832K, used 61543K [0x000000076d100000, 0x0000000783200000, 0x00000007c0000000)
  eden space 149504K, 0% used [0x000000076d100000,0x000000076d100000,0x0000000776300000)
  from space 99328K, 61% used [0x000000077d100000,0x0000000780d19f70,0x0000000783200000)
  to   space 105984K, 0% used [0x0000000776300000,0x0000000776300000,0x000000077ca80000)
 ParOldGen       total 223744K, used 131740K [0x00000006c7200000, 0x00000006d4c80000, 0x000000076d100000)
  object space 223744K, 58% used [0x00000006c7200000,0x00000006cf2a7118,0x00000006d4c80000)
 Metaspace       used 44245K, capacity 44668K, committed 45056K, reserved 1087488K
  class space    used 6227K, capacity 6334K, committed 6400K, reserved 1048576K
}
Event: 6747.026 GC heap before
{Heap before GC invocations=33 (full 2):
 PSYoungGen      total 248832K, used 211047K [0x000000076d100000, 0x0000000783200000, 0x00000007c0000000)
  eden space 149504K, 100% used [0x000000076d100000,0x0000000776300000,0x0000000776300000)
  from space 99328K, 61% used [0x000000077d100000,0x0000000780d19f70,0x0000000783200000)
  to   space 105984K, 0% used [0x0000000776300000,0x0000000776300000,0x000000077ca80000)
 ParOldGen       total 223744K, used 131740K [0x00000006c7200000, 0x00000006d4c80000, 0x000000076d100000)
  object space 223744K, 58% used [0x00000006c7200000,0x00000006cf2a7118,0x00000006d4c80000)
 Metaspace       used 44247K, capacity 44668K, committed 45056K, reserved 1087488K
  class space    used 6227K, capacity 6334K, committed 6400K, reserved 1048576K
Event: 6747.076 GC heap after
Heap after GC invocations=33 (full 2):
 PSYoungGen      total 211456K, used 64943K [0x000000076d100000, 0x0000000782800000, 0x00000007c0000000)
  eden space 146432K, 0% used [0x000000076d100000,0x000000076d100000,0x0000000776000000)
  from space 65024K, 99% used [0x0000000776300000,0x000000077a26bfa0,0x000000077a280000)
  to   space 102400K, 0% used [0x000000077c400000,0x000000077c400000,0x0000000782800000)
 ParOldGen       total 223744K, used 133396K [0x00000006c7200000, 0x00000006d4c80000, 0x000000076d100000)
  object space 223744K, 59% used [0x00000006c7200000,0x00000006cf4452d8,0x00000006d4c80000)
 Metaspace       used 44247K, capacity 44668K, committed 45056K, reserved 1087488K
  class space    used 6227K, capacity 6334K, committed 6400K, reserved 1048576K
}
Event: 7170.162 GC heap before
{Heap before GC invocations=34 (full 2):
 PSYoungGen      total 211456K, used 211375K [0x000000076d100000, 0x0000000782800000, 0x00000007c0000000)
  eden space 146432K, 100% used [0x000000076d100000,0x0000000776000000,0x0000000776000000)
  from space 65024K, 99% used [0x0000000776300000,0x000000077a26bfa0,0x000000077a280000)
  to   space 102400K, 0% used [0x000000077c400000,0x000000077c400000,0x0000000782800000)
 ParOldGen       total 223744K, used 133396K [0x00000006c7200000, 0x00000006d4c80000, 0x000000076d100000)
  object space 223744K, 59% used [0x00000006c7200000,0x00000006cf4452d8,0x00000006d4c80000)
 Metaspace       used 44247K, capacity 44668K, committed 45056K, reserved 1087488K
  class space    used 6227K, capacity 6334K, committed 6400K, reserved 1048576K
Event: 7170.241 GC heap after
Heap after GC invocations=34 (full 2):
 PSYoungGen      total 236544K, used 66287K [0x000000076d100000, 0x0000000781e80000, 0x00000007c0000000)
  eden space 143872K, 0% used [0x000000076d100000,0x000000076d100000,0x0000000775d80000)
  from space 92672K, 71% used [0x000000077c400000,0x00000007804bbfa0,0x0000000781e80000)
  to   space 98816K, 0% used [0x0000000775d80000,0x0000000775d80000,0x000000077be00000)
 ParOldGen       total 223744K, used 135837K [0x00000006c7200000, 0x00000006d4c80000, 0x000000076d100000)
  object space 223744K, 60% used [0x00000006c7200000,0x00000006cf6a75f8,0x00000006d4c80000)
 Metaspace       used 44247K, capacity 44668K, committed 45056K, reserved 1087488K
  class space    used 6227K, capacity 6334K, committed 6400K, reserved 1048576K
}
Event: 7587.036 GC heap before
{Heap before GC invocations=35 (full 2):
 PSYoungGen      total 236544K, used 210159K [0x000000076d100000, 0x0000000781e80000, 0x00000007c0000000)
  eden space 143872K, 100% used [0x000000076d100000,0x0000000775d80000,0x0000000775d80000)
  from space 92672K, 71% used [0x000000077c400000,0x00000007804bbfa0,0x0000000781e80000)
  to   space 98816K, 0% used [0x0000000775d80000,0x0000000775d80000,0x000000077be00000)
 ParOldGen       total 223744K, used 135837K [0x00000006c7200000, 0x00000006d4c80000, 0x000000076d100000)
  object space 223744K, 60% used [0x00000006c7200000,0x00000006cf6a75f8,0x00000006d4c80000)
 Metaspace       used 44248K, capacity 44668K, committed 45056K, reserved 1087488K
  class space    used 6227K, capacity 6334K, committed 6400K, reserved 1048576K
Event: 7587.089 GC heap after
Heap after GC invocations=35 (full 2):
 PSYoungGen      total 209408K, used 67951K [0x000000076d100000, 0x0000000781700000, 0x00000007c0000000)
  eden space 141312K, 0% used [0x000000076d100000,0x000000076d100000,0x0000000775b00000)
  from space 68096K, 99% used [0x0000000775d80000,0x0000000779fdbfa0,0x000000077a000000)
  to   space 96256K, 0% used [0x000000077b900000,0x000000077b900000,0x0000000781700000)
 ParOldGen       total 223744K, used 138350K [0x00000006c7200000, 0x00000006d4c80000, 0x000000076d100000)
  object space 223744K, 61% used [0x00000006c7200000,0x00000006cf91b938,0x00000006d4c80000)
 Metaspace       used 44248K, capacity 44668K, committed 45056K, reserved 1087488K
  class space    used 6227K, capacity 6334K, committed 6400K, reserved 1048576K
}
Event: 7992.052 GC heap before
{Heap before GC invocations=36 (full 2):
 PSYoungGen      total 209408K, used 209263K [0x000000076d100000, 0x0000000781700000, 0x00000007c0000000)
  eden space 141312K, 100% used [0x000000076d100000,0x0000000775b00000,0x0000000775b00000)
  from space 68096K, 99% used [0x0000000775d80000,0x0000000779fdbfa0,0x000000077a000000)
  to   space 96256K, 0% used [0x000000077b900000,0x000000077b900000,0x0000000781700000)
 ParOldGen       total 223744K, used 138350K [0x00000006c7200000, 0x00000006d4c80000, 0x000000076d100000)
  object space 223744K, 61% used [0x00000006c7200000,0x00000006cf91b938,0x00000006d4c80000)
 Metaspace       used 44250K, capacity 44668K, committed 45056K, reserved 1087488K
  class space    used 6227K, capacity 6334K, committed 6400K, reserved 1048576K
Event: 7992.131 GC heap after
Heap after GC invocations=36 (full 2):
 PSYoungGen      total 229376K, used 55959K [0x000000076d100000, 0x0000000781180000, 0x00000007c0000000)
  eden space 138752K, 0% used [0x000000076d100000,0x000000076d100000,0x0000000775880000)
  from space 90624K, 61% used [0x000000077b900000,0x000000077efa5fd0,0x0000000781180000)
  to   space 94720K, 0% used [0x0000000775880000,0x0000000775880000,0x000000077b500000)
 ParOldGen       total 223744K, used 154366K [0x00000006c7200000, 0x00000006d4c80000, 0x000000076d100000)
  object space 223744K, 68% used [0x00000006c7200000,0x00000006d08bfbb8,0x00000006d4c80000)
 Metaspace       used 44250K, capacity 44668K, committed 45056K, reserved 1087488K
  class space    used 6227K, capacity 6334K, committed 6400K, reserved 1048576K
}
Event: 8301.572 GC heap before
{Heap before GC invocations=37 (full 2):
 PSYoungGen      total 229376K, used 194711K [0x000000076d100000, 0x0000000781180000, 0x00000007c0000000)
  eden space 138752K, 100% used [0x000000076d100000,0x0000000775880000,0x0000000775880000)
  from space 90624K, 61% used [0x000000077b900000,0x000000077efa5fd0,0x0000000781180000)
  to   space 94720K, 0% used [0x0000000775880000,0x0000000775880000,0x000000077b500000)
 ParOldGen       total 223744K, used 154366K [0x00000006c7200000, 0x00000006d4c80000, 0x000000076d100000)
  object space 223744K, 68% used [0x00000006c7200000,0x00000006d08bfbb8,0x00000006d4c80000)
 Metaspace       used 44261K, capacity 44668K, committed 45056K, reserved 1087488K
  class space    used 6227K, capacity 6334K, committed 6400K, reserved 1048576K
Event: 8301.643 GC heap after
Heap after GC invocations=37 (full 2):
 PSYoungGen      total 194048K, used 57687K [0x000000076d100000, 0x0000000780c00000, 0x00000007c0000000)
  eden space 136192K, 0% used [0x000000076d100000,0x000000076d100000,0x0000000775600000)
  from space 57856K, 99% used [0x0000000775880000,0x00000007790d5fd0,0x0000000779100000)
  to   space 93184K, 0% used [0x000000077b100000,0x000000077b100000,0x0000000780c00000)
 ParOldGen       total 223744K, used 154398K [0x00000006c7200000, 0x00000006d4c80000, 0x000000076d100000)
  object space 223744K, 69% used [0x00000006c7200000,0x00000006d08c7bb8,0x00000006d4c80000)
 Metaspace       used 44261K, capacity 44668K, committed 45056K, reserved 1087488K
  class space    used 6227K, capacity 6334K, committed 6400K, reserved 1048576K
}
Event: 8686.001 GC heap before
{Heap before GC invocations=38 (full 2):
 PSYoungGen      total 194048K, used 193879K [0x000000076d100000, 0x0000000780c00000, 0x00000007c0000000)
  eden space 136192K, 100% used [0x000000076d100000,0x0000000775600000,0x0000000775600000)
  from space 57856K, 99% used [0x0000000775880000,0x00000007790d5fd0,0x0000000779100000)
  to   space 93184K, 0% used [0x000000077b100000,0x000000077b100000,0x0000000780c00000)
 ParOldGen       total 223744K, used 154398K [0x00000006c7200000, 0x00000006d4c80000, 0x000000076d100000)
  object space 223744K, 69% used [0x00000006c7200000,0x00000006d08c7bb8,0x00000006d4c80000)
 Metaspace       used 44264K, capacity 44668K, committed 45056K, reserved 1087488K
  class space    used 6227K, capacity 6334K, committed 6400K, reserved 1048576K
Event: 8686.092 GC heap after
Heap after GC invocations=38 (full 2):
 PSYoungGen      total 219136K, used 61824K [0x000000076d100000, 0x0000000780480000, 0x00000007c0000000)
  eden space 133632K, 0% used [0x000000076d100000,0x000000076d100000,0x0000000775380000)
  from space 85504K, 72% used [0x000000077b100000,0x000000077ed60000,0x0000000780480000)
  to   space 90624K, 0% used [0x0000000775380000,0x0000000775380000,0x000000077ac00000)
 ParOldGen       total 223744K, used 154630K [0x00000006c7200000, 0x00000006d4c80000, 0x000000076d100000)
  object space 223744K, 69% used [0x00000006c7200000,0x00000006d0901ba8,0x00000006d4c80000)
 Metaspace       used 44264K, capacity 44668K, committed 45056K, reserved 1087488K
  class space    used 6227K, capacity 6334K, committed 6400K, reserved 1048576K
}
Event: 9041.201 GC heap before
{Heap before GC invocations=39 (full 2):
 PSYoungGen      total 219136K, used 195456K [0x000000076d100000, 0x0000000780480000, 0x00000007c0000000)
  eden space 133632K, 100% used [0x000000076d100000,0x0000000775380000,0x0000000775380000)
  from space 85504K, 72% used [0x000000077b100000,0x000000077ed60000,0x0000000780480000)
  to   space 90624K, 0% used [0x0000000775380000,0x0000000775380000,0x000000077ac00000)
 ParOldGen       total 223744K, used 154630K [0x00000006c7200000, 0x00000006d4c80000, 0x000000076d100000)
  object space 223744K, 69% used [0x00000006c7200000,0x00000006d0901ba8,0x00000006d4c80000)
 Metaspace       used 44265K, capacity 44668K, committed 45056K, reserved 1087488K
  class space    used 6227K, capacity 6334K, committed 6400K, reserved 1048576K
Event: 9041.290 GC heap after
Heap after GC invocations=39 (full 2):
 PSYoungGen      total 193536K, used 62368K [0x000000076d100000, 0x000000077fe00000, 0x00000007c0000000)
  eden space 131072K, 0% used [0x000000076d100000,0x000000076d100000,0x0000000775100000)
  from space 62464K, 99% used [0x0000000775380000,0x0000000779068000,0x0000000779080000)
  to   space 88576K, 0% used [0x000000077a780000,0x000000077a780000,0x000000077fe00000)
 ParOldGen       total 223744K, used 157423K [0x00000006c7200000, 0x00000006d4c80000, 0x000000076d100000)
  object space 223744K, 70% used [0x00000006c7200000,0x00000006d0bbbf28,0x00000006d4c80000)
 Metaspace       used 44265K, capacity 44668K, committed 45056K, reserved 1087488K
  class space    used 6227K, capacity 6334K, committed 6400K, reserved 1048576K
}
Event: 9156.638 GC heap before
{Heap before GC invocations=40 (full 2):
 PSYoungGen      total 193536K, used 193440K [0x000000076d100000, 0x000000077fe00000, 0x00000007c0000000)
  eden space 131072K, 100% used [0x000000076d100000,0x0000000775100000,0x0000000775100000)
  from space 62464K, 99% used [0x0000000775380000,0x0000000779068000,0x0000000779080000)
  to   space 88576K, 0% used [0x000000077a780000,0x000000077a780000,0x000000077fe00000)
 ParOldGen       total 223744K, used 157423K [0x00000006c7200000, 0x00000006d4c80000, 0x000000076d100000)
  object space 223744K, 70% used [0x00000006c7200000,0x00000006d0bbbf28,0x00000006d4c80000)
 Metaspace       used 44274K, capacity 44668K, committed 45056K, reserved 1087488K
  class space    used 6227K, capacity 6334K, committed 6400K, reserved 1048576K
Event: 9156.699 GC heap after
Heap after GC invocations=40 (full 2):
 PSYoungGen      total 215552K, used 70895K [0x000000076d100000, 0x000000077fc00000, 0x00000007c0000000)
  eden space 129024K, 0% used [0x000000076d100000,0x000000076d100000,0x0000000774f00000)
  from space 86528K, 81% used [0x000000077a780000,0x000000077ecbbfa0,0x000000077fc00000)
  to   space 88576K, 0% used [0x0000000774f00000,0x0000000774f00000,0x000000077a580000)
 ParOldGen       total 223744K, used 162433K [0x00000006c7200000, 0x00000006d4c80000, 0x000000076d100000)
  object space 223744K, 72% used [0x00000006c7200000,0x00000006d10a05a8,0x00000006d4c80000)
 Metaspace       used 44274K, capacity 44668K, committed 45056K, reserved 1087488K
  class space    used 6227K, capacity 6334K, committed 6400K, reserved 1048576K
}
Event: 9157.092 GC heap before
{Heap before GC invocations=41 (full 2):
 PSYoungGen      total 215552K, used 199919K [0x000000076d100000, 0x000000077fc00000, 0x00000007c0000000)
  eden space 129024K, 100% used [0x000000076d100000,0x0000000774f00000,0x0000000774f00000)
  from space 86528K, 81% used [0x000000077a780000,0x000000077ecbbfa0,0x000000077fc00000)
  to   space 88576K, 0% used [0x0000000774f00000,0x0000000774f00000,0x000000077a580000)
 ParOldGen       total 223744K, used 162433K [0x00000006c7200000, 0x00000006d4c80000, 0x000000076d100000)
  object space 223744K, 72% used [0x00000006c7200000,0x00000006d10a05a8,0x00000006d4c80000)
 Metaspace       used 44275K, capacity 44668K, committed 45056K, reserved 1087488K
  class space    used 6227K, capacity 6334K, committed 6400K, reserved 1048576K
Event: 9157.157 GC heap after
Heap after GC invocations=41 (full 2):
 PSYoungGen      total 217600K, used 63831K [0x000000076d100000, 0x0000000780a00000, 0x00000007c0000000)
  eden space 129024K, 0% used [0x000000076d100000,0x000000076d100000,0x0000000774f00000)
  from space 88576K, 72% used [0x0000000774f00000,0x0000000778d55fd0,0x000000077a580000)
  to   space 86528K, 0% used [0x000000077b580000,0x000000077b580000,0x0000000780a00000)
 ParOldGen       total 223744K, used 166874K [0x00000006c7200000, 0x00000006d4c80000, 0x000000076d100000)
  object space 223744K, 74% used [0x00000006c7200000,0x00000006d14f6b68,0x00000006d4c80000)
 Metaspace       used 44275K, capacity 44668K, committed 45056K, reserved 1087488K
  class space    used 6227K, capacity 6334K, committed 6400K, reserved 1048576K
}
Event: 9169.462 GC heap before
{Heap before GC invocations=42 (full 2):
 PSYoungGen      total 217600K, used 192855K [0x000000076d100000, 0x0000000780a00000, 0x00000007c0000000)
  eden space 129024K, 100% used [0x000000076d100000,0x0000000774f00000,0x0000000774f00000)
  from space 88576K, 72% used [0x0000000774f00000,0x0000000778d55fd0,0x000000077a580000)
  to   space 86528K, 0% used [0x000000077b580000,0x000000077b580000,0x0000000780a00000)
 ParOldGen       total 223744K, used 166874K [0x00000006c7200000, 0x00000006d4c80000, 0x000000076d100000)
  object space 223744K, 74% used [0x00000006c7200000,0x00000006d14f6b68,0x00000006d4c80000)
 Metaspace       used 44300K, capacity 44732K, committed 45056K, reserved 1087488K
  class space    used 6227K, capacity 6334K, committed 6400K, reserved 1048576K
Event: 9169.550 GC heap after
Heap after GC invocations=42 (full 2):
 PSYoungGen      total 227840K, used 55919K [0x000000076d100000, 0x0000000780600000, 0x00000007c0000000)
  eden space 145408K, 0% used [0x000000076d100000,0x000000076d100000,0x0000000775f00000)
  from space 82432K, 67% used [0x000000077b580000,0x000000077ec1bfa0,0x0000000780600000)
  to   space 85504K, 0% used [0x0000000775f00000,0x0000000775f00000,0x000000077b280000)
 ParOldGen       total 223744K, used 175957K [0x00000006c7200000, 0x00000006d4c80000, 0x000000076d100000)
  object space 223744K, 78% used [0x00000006c7200000,0x00000006d1dd5738,0x00000006d4c80000)
 Metaspace       used 44300K, capacity 44732K, committed 45056K, reserved 1087488K
  class space    used 6227K, capacity 6334K, committed 6400K, reserved 1048576K
}
Event: 9493.643 GC heap before
{Heap before GC invocations=43 (full 2):
 PSYoungGen      total 227840K, used 201327K [0x000000076d100000, 0x0000000780600000, 0x00000007c0000000)
  eden space 145408K, 100% used [0x000000076d100000,0x0000000775f00000,0x0000000775f00000)
  from space 82432K, 67% used [0x000000077b580000,0x000000077ec1bfa0,0x0000000780600000)
  to   space 85504K, 0% used [0x0000000775f00000,0x0000000775f00000,0x000000077b280000)
 ParOldGen       total 223744K, used 175957K [0x00000006c7200000, 0x00000006d4c80000, 0x000000076d100000)
  object space 223744K, 78% used [0x00000006c7200000,0x00000006d1dd5738,0x00000006d4c80000)
 Metaspace       used 44309K, capacity 44732K, committed 45056K, reserved 1087488K
  class space    used 6228K, capacity 6334K, committed 6400K, reserved 1048576K
Event: 9493.750 GC heap after
Heap after GC invocations=43 (full 2):
 PSYoungGen      total 230912K, used 57199K [0x000000076d100000, 0x0000000781200000, 0x00000007c0000000)
  eden space 145408K, 0% used [0x000000076d100000,0x000000076d100000,0x0000000775f00000)
  from space 85504K, 66% used [0x0000000775f00000,0x00000007796dbfa0,0x000000077b280000)
  to   space 84480K, 0% used [0x000000077bf80000,0x000000077bf80000,0x0000000781200000)
 ParOldGen       total 223744K, used 180399K [0x00000006c7200000, 0x00000006d4c80000, 0x000000076d100000)
  object space 223744K, 80% used [0x00000006c7200000,0x00000006d222bcf8,0x00000006d4c80000)
 Metaspace       used 44309K, capacity 44732K, committed 45056K, reserved 1087488K
  class space    used 6228K, capacity 6334K, committed 6400K, reserved 1048576K
}
Event: 9877.128 GC heap before
{Heap before GC invocations=44 (full 2):
 PSYoungGen      total 230912K, used 202604K [0x000000076d100000, 0x0000000781200000, 0x00000007c0000000)
  eden space 145408K, 99% used [0x000000076d100000,0x0000000775eff130,0x0000000775f00000)
  from space 85504K, 66% used [0x0000000775f00000,0x00000007796dbfa0,0x000000077b280000)
  to   space 84480K, 0% used [0x000000077bf80000,0x000000077bf80000,0x0000000781200000)
 ParOldGen       total 223744K, used 180399K [0x00000006c7200000, 0x00000006d4c80000, 0x000000076d100000)
  object space 223744K, 80% used [0x00000006c7200000,0x00000006d222bcf8,0x00000006d4c80000)
 Metaspace       used 44309K, capacity 44732K, committed 45056K, reserved 1087488K
  class space    used 6228K, capacity 6334K, committed 6400K, reserved 1048576K
Event: 9877.201 GC heap after
Heap after GC invocations=44 (full 2):
 PSYoungGen      total 237056K, used 61519K [0x000000076d100000, 0x0000000780d00000, 0x00000007c0000000)
  eden space 157696K, 0% used [0x000000076d100000,0x000000076d100000,0x0000000776b00000)
  from space 79360K, 77% used [0x000000077bf80000,0x000000077fb93fa0,0x0000000780d00000)
  to   space 82944K, 0% used [0x0000000776b00000,0x0000000776b00000,0x000000077bc00000)
 ParOldGen       total 223744K, used 180399K [0x00000006c7200000, 0x00000006d4c80000, 0x000000076d100000)
  object space 223744K, 80% used [0x00000006c7200000,0x00000006d222bcf8,0x00000006d4c80000)
 Metaspace       used 44309K, capacity 44732K, committed 45056K, reserved 1087488K
  class space    used 6228K, capacity 6334K, committed 6400K, reserved 1048576K
}
Event: 10302.166 GC heap before
{Heap before GC invocations=45 (full 2):
 PSYoungGen      total 237056K, used 219215K [0x000000076d100000, 0x0000000780d00000, 0x00000007c0000000)
  eden space 157696K, 100% used [0x000000076d100000,0x0000000776b00000,0x0000000776b00000)
  from space 79360K, 77% used [0x000000077bf80000,0x000000077fb93fa0,0x0000000780d00000)
  to   space 82944K, 0% used [0x0000000776b00000,0x0000000776b00000,0x000000077bc00000)
 ParOldGen       total 223744K, used 180399K [0x00000006c7200000, 0x00000006d4c80000, 0x000000076d100000)
  object space 223744K, 80% used [0x00000006c7200000,0x00000006d222bcf8,0x00000006d4c80000)
 Metaspace       used 44310K, capacity 44732K, committed 45056K, reserved 1087488K
  class space    used 6228K, capacity 6334K, committed 6400K, reserved 1048576K
Event: 10302.260 GC heap after
Heap after GC invocations=45 (full 2):
 PSYoungGen      total 240640K, used 63663K [0x000000076d100000, 0x0000000781380000, 0x00000007c0000000)
  eden space 157696K, 0% used [0x000000076d100000,0x000000076d100000,0x0000000776b00000)
  from space 82944K, 76% used [0x0000000776b00000,0x000000077a92bfa0,0x000000077bc00000)
  to   space 80896K, 0% used [0x000000077c480000,0x000000077c480000,0x0000000781380000)
 ParOldGen       total 223744K, used 182832K [0x00000006c7200000, 0x00000006d4c80000, 0x000000076d100000)
  object space 223744K, 81% used [0x00000006c7200000,0x00000006d248c018,0x00000006d4c80000)
 Metaspace       used 44310K, capacity 44732K, committed 45056K, reserved 1087488K
  class space    used 6228K, capacity 6334K, committed 6400K, reserved 1048576K
}
Event: 10628.951 GC heap before
{Heap before GC invocations=46 (full 2):
 PSYoungGen      total 240640K, used 221359K [0x000000076d100000, 0x0000000781380000, 0x00000007c0000000)
  eden space 157696K, 100% used [0x000000076d100000,0x0000000776b00000,0x0000000776b00000)
  from space 82944K, 76% used [0x0000000776b00000,0x000000077a92bfa0,0x000000077bc00000)
  to   space 80896K, 0% used [0x000000077c480000,0x000000077c480000,0x0000000781380000)
 ParOldGen       total 223744K, used 182832K [0x00000006c7200000, 0x00000006d4c80000, 0x000000076d100000)
  object space 223744K, 81% used [0x00000006c7200000,0x00000006d248c018,0x00000006d4c80000)
 Metaspace       used 44315K, capacity 44732K, committed 45056K, reserved 1087488K
  class space    used 6228K, capacity 6334K, committed 6400K, reserved 1048576K
Event: 10629.034 GC heap after
Heap after GC invocations=46 (full 2):
 PSYoungGen      total 219648K, used 64527K [0x000000076d100000, 0x0000000780400000, 0x00000007c0000000)
  eden space 154624K, 0% used [0x000000076d100000,0x000000076d100000,0x0000000776800000)
  from space 65024K, 99% used [0x000000077c480000,0x0000000780383fa0,0x0000000780400000)
  to   space 79872K, 0% used [0x0000000776800000,0x0000000776800000,0x000000077b600000)
 ParOldGen       total 223744K, used 184808K [0x00000006c7200000, 0x00000006d4c80000, 0x000000076d100000)
  object space 223744K, 82% used [0x00000006c7200000,0x00000006d267a178,0x00000006d4c80000)
 Metaspace       used 44315K, capacity 44732K, committed 45056K, reserved 1087488K
  class space    used 6228K, capacity 6334K, committed 6400K, reserved 1048576K
}
Event: 11022.189 GC heap before
{Heap before GC invocations=47 (full 2):
 PSYoungGen      total 219648K, used 219151K [0x000000076d100000, 0x0000000780400000, 0x00000007c0000000)
  eden space 154624K, 100% used [0x000000076d100000,0x0000000776800000,0x0000000776800000)
  from space 65024K, 99% used [0x000000077c480000,0x0000000780383fa0,0x0000000780400000)
  to   space 79872K, 0% used [0x0000000776800000,0x0000000776800000,0x000000077b600000)
 ParOldGen       total 223744K, used 184808K [0x00000006c7200000, 0x00000006d4c80000, 0x000000076d100000)
  object space 223744K, 82% used [0x00000006c7200000,0x00000006d267a178,0x00000006d4c80000)
 Metaspace       used 44348K, capacity 44732K, committed 45056K, reserved 1087488K
  class space    used 6228K, capacity 6334K, committed 6400K, reserved 1048576K
Event: 11022.263 GC heap after
Heap after GC invocations=47 (full 2):
 PSYoungGen      total 217600K, used 65967K [0x000000076d100000, 0x0000000780000000, 0x00000007c0000000)
  eden space 151552K, 0% used [0x000000076d100000,0x000000076d100000,0x0000000776500000)
  from space 66048K, 99% used [0x0000000776800000,0x000000077a86bfa0,0x000000077a880000)
  to   space 79360K, 0% used [0x000000077b280000,0x000000077b280000,0x0000000780000000)
 ParOldGen       total 223744K, used 188385K [0x00000006c7200000, 0x00000006d4c80000, 0x000000076d100000)
  object space 223744K, 84% used [0x00000006c7200000,0x00000006d29f8618,0x00000006d4c80000)
 Metaspace       used 44348K, capacity 44732K, committed 45056K, reserved 1087488K
  class space    used 6228K, capacity 6334K, committed 6400K, reserved 1048576K
}
Event: 11662.199 GC heap before
{Heap before GC invocations=48 (full 2):
 PSYoungGen      total 217600K, used 217519K [0x000000076d100000, 0x0000000780000000, 0x00000007c0000000)
  eden space 151552K, 100% used [0x000000076d100000,0x0000000776500000,0x0000000776500000)
  from space 66048K, 99% used [0x0000000776800000,0x000000077a86bfa0,0x000000077a880000)
  to   space 79360K, 0% used [0x000000077b280000,0x000000077b280000,0x0000000780000000)
 ParOldGen       total 223744K, used 188385K [0x00000006c7200000, 0x00000006d4c80000, 0x000000076d100000)
  object space 223744K, 84% used [0x00000006c7200000,0x00000006d29f8618,0x00000006d4c80000)
 Metaspace       used 44348K, capacity 44732K, committed 45056K, reserved 1087488K
  class space    used 6228K, capacity 6334K, committed 6400K, reserved 1048576K
Event: 11662.302 GC heap after
Heap after GC invocations=48 (full 2):
 PSYoungGen      total 225792K, used 69455K [0x000000076d100000, 0x000000077fe00000, 0x00000007c0000000)
  eden space 148480K, 0% used [0x000000076d100000,0x000000076d100000,0x0000000776200000)
  from space 77312K, 89% used [0x000000077b280000,0x000000077f653fa0,0x000000077fe00000)
  to   space 79872K, 0% used [0x0000000776200000,0x0000000776200000,0x000000077b000000)
 ParOldGen       total 223744K, used 192714K [0x00000006c7200000, 0x00000006d4c80000, 0x000000076d100000)
  object space 223744K, 86% used [0x00000006c7200000,0x00000006d2e32bb8,0x00000006d4c80000)
 Metaspace       used 44348K, capacity 44732K, committed 45056K, reserved 1087488K
  class space    used 6228K, capacity 6334K, committed 6400K, reserved 1048576K
}
Event: 12282.233 GC heap before
{Heap before GC invocations=49 (full 2):
 PSYoungGen      total 225792K, used 217935K [0x000000076d100000, 0x000000077fe00000, 0x00000007c0000000)
  eden space 148480K, 100% used [0x000000076d100000,0x0000000776200000,0x0000000776200000)
  from space 77312K, 89% used [0x000000077b280000,0x000000077f653fa0,0x000000077fe00000)
  to   space 79872K, 0% used [0x0000000776200000,0x0000000776200000,0x000000077b000000)
 ParOldGen       total 223744K, used 192714K [0x00000006c7200000, 0x00000006d4c80000, 0x000000076d100000)
  object space 223744K, 86% used [0x00000006c7200000,0x00000006d2e32bb8,0x00000006d4c80000)
 Metaspace       used 44349K, capacity 44764K, committed 45056K, reserved 1087488K
  class space    used 6229K, capacity 6366K, committed 6400K, reserved 1048576K
Event: 12282.336 GC heap after
Heap after GC invocations=49 (full 2):
 PSYoungGen      total 217600K, used 71343K [0x000000076d100000, 0x000000077fd80000, 0x00000007c0000000)
  eden space 145920K, 0% used [0x000000076d100000,0x000000076d100000,0x0000000775f80000)
  from space 71680K, 99% used [0x0000000776200000,0x000000077a7abfa0,0x000000077a800000)
  to   space 80896K, 0% used [0x000000077ae80000,0x000000077ae80000,0x000000077fd80000)
 ParOldGen       total 223744K, used 196804K [0x00000006c7200000, 0x00000006d4c80000, 0x000000076d100000)
  object space 223744K, 87% used [0x00000006c7200000,0x00000006d3231108,0x00000006d4c80000)
 Metaspace       used 44349K, capacity 44764K, committed 45056K, reserved 1087488K
  class space    used 6229K, capacity 6366K, committed 6400K, reserved 1048576K
}
Event: 12670.777 GC heap before
{Heap before GC invocations=50 (full 2):
 PSYoungGen      total 217600K, used 217263K [0x000000076d100000, 0x000000077fd80000, 0x00000007c0000000)
  eden space 145920K, 100% used [0x000000076d100000,0x0000000775f80000,0x0000000775f80000)
  from space 71680K, 99% used [0x0000000776200000,0x000000077a7abfa0,0x000000077a800000)
  to   space 80896K, 0% used [0x000000077ae80000,0x000000077ae80000,0x000000077fd80000)
 ParOldGen       total 223744K, used 196804K [0x00000006c7200000, 0x00000006d4c80000, 0x000000076d100000)
  object space 223744K, 87% used [0x00000006c7200000,0x00000006d3231108,0x00000006d4c80000)
 Metaspace       used 44677K, capacity 45116K, committed 45568K, reserved 1089536K
  class space    used 6282K, capacity 6398K, committed 6400K, reserved 1048576K
Event: 12670.871 GC heap after
Heap after GC invocations=50 (full 2):
 PSYoungGen      total 223744K, used 71463K [0x000000076d100000, 0x000000077fd00000, 0x00000007c0000000)
  eden space 143360K, 0% used [0x000000076d100000,0x000000076d100000,0x0000000775d00000)
  from space 80384K, 88% used [0x000000077ae80000,0x000000077f449fb0,0x000000077fd00000)
  to   space 81920K, 0% used [0x0000000775d00000,0x0000000775d00000,0x000000077ad00000)
 ParOldGen       total 223744K, used 200805K [0x00000006c7200000, 0x00000006d4c80000, 0x000000076d100000)
  object space 223744K, 89% used [0x00000006c7200000,0x00000006d3619638,0x00000006d4c80000)
 Metaspace       used 44677K, capacity 45116K, committed 45568K, reserved 1089536K
  class space    used 6282K, capacity 6398K, committed 6400K, reserved 1048576K
}
Event: 12922.253 GC heap before
{Heap before GC invocations=51 (full 2):
 PSYoungGen      total 223744K, used 214823K [0x000000076d100000, 0x000000077fd00000, 0x00000007c0000000)
  eden space 143360K, 100% used [0x000000076d100000,0x0000000775d00000,0x0000000775d00000)
  from space 80384K, 88% used [0x000000077ae80000,0x000000077f449fb0,0x000000077fd00000)
  to   space 81920K, 0% used [0x0000000775d00000,0x0000000775d00000,0x000000077ad00000)
 ParOldGen       total 223744K, used 200805K [0x00000006c7200000, 0x00000006d4c80000, 0x000000076d100000)
  object space 223744K, 89% used [0x00000006c7200000,0x00000006d3619638,0x00000006d4c80000)
 Metaspace       used 44710K, capacity 45116K, committed 45568K, reserved 1089536K
  class space    used 6282K, capacity 6398K, committed 6400K, reserved 1048576K
Event: 12922.345 GC heap after
Heap after GC invocations=51 (full 2):
 PSYoungGen      total 208896K, used 67751K [0x000000076d100000, 0x000000077f980000, 0x00000007c0000000)
  eden space 140800K, 0% used [0x000000076d100000,0x000000076d100000,0x0000000775a80000)
  from space 68096K, 99% used [0x0000000775d00000,0x0000000779f29fb0,0x0000000779f80000)
  to   space 81408K, 0% used [0x000000077aa00000,0x000000077aa00000,0x000000077f980000)
 ParOldGen       total 223744K, used 204702K [0x00000006c7200000, 0x00000006d4c80000, 0x000000076d100000)
  object space 223744K, 91% used [0x00000006c7200000,0x00000006d39e7b48,0x00000006d4c80000)
 Metaspace       used 44710K, capacity 45116K, committed 45568K, reserved 1089536K
  class space    used 6282K, capacity 6398K, committed 6400K, reserved 1048576K
}
Event: 13217.218 GC heap before
{Heap before GC invocations=52 (full 2):
 PSYoungGen      total 208896K, used 208551K [0x000000076d100000, 0x000000077f980000, 0x00000007c0000000)
  eden space 140800K, 100% used [0x000000076d100000,0x0000000775a80000,0x0000000775a80000)
  from space 68096K, 99% used [0x0000000775d00000,0x0000000779f29fb0,0x0000000779f80000)
  to   space 81408K, 0% used [0x000000077aa00000,0x000000077aa00000,0x000000077f980000)
 ParOldGen       total 223744K, used 204702K [0x00000006c7200000, 0x00000006d4c80000, 0x000000076d100000)
  object space 223744K, 91% used [0x00000006c7200000,0x00000006d39e7b48,0x00000006d4c80000)
 Metaspace       used 44712K, capacity 45116K, committed 45568K, reserved 1089536K
  class space    used 6282K, capacity 6398K, committed 6400K, reserved 1048576K
Event: 13217.318 GC heap after
Heap after GC invocations=52 (full 2):
 PSYoungGen      total 215040K, used 67535K [0x000000076d100000, 0x000000077f500000, 0x00000007c0000000)
  eden space 138240K, 0% used [0x000000076d100000,0x000000076d100000,0x0000000775800000)
  from space 76800K, 87% used [0x000000077aa00000,0x000000077ebf3fa0,0x000000077f500000)
  to   space 80384K, 0% used [0x0000000775800000,0x0000000775800000,0x000000077a680000)
 ParOldGen       total 223744K, used 207695K [0x00000006c7200000, 0x00000006d4c80000, 0x000000076d100000)
  object space 223744K, 92% used [0x00000006c7200000,0x00000006d3cd3f28,0x00000006d4c80000)
 Metaspace       used 44712K, capacity 45116K, committed 45568K, reserved 1089536K
  class space    used 6282K, capacity 6398K, committed 6400K, reserved 1048576K
}
Event: 13561.337 GC heap before
{Heap before GC invocations=53 (full 2):
 PSYoungGen      total 215040K, used 205775K [0x000000076d100000, 0x000000077f500000, 0x00000007c0000000)
  eden space 138240K, 100% used [0x000000076d100000,0x0000000775800000,0x0000000775800000)
  from space 76800K, 87% used [0x000000077aa00000,0x000000077ebf3fa0,0x000000077f500000)
  to   space 80384K, 0% used [0x0000000775800000,0x0000000775800000,0x000000077a680000)
 ParOldGen       total 223744K, used 207695K [0x00000006c7200000, 0x00000006d4c80000, 0x000000076d100000)
  object space 223744K, 92% used [0x00000006c7200000,0x00000006d3cd3f28,0x00000006d4c80000)
 Metaspace       used 44712K, capacity 45116K, committed 45568K, reserved 1089536K
  class space    used 6282K, capacity 6398K, committed 6400K, reserved 1048576K
Event: 13561.448 GC heap after
Heap after GC invocations=53 (full 2):
 PSYoungGen      total 203776K, used 67751K [0x000000076d100000, 0x000000077f180000, 0x00000007c0000000)
  eden space 135680K, 0% used [0x000000076d100000,0x000000076d100000,0x0000000775580000)
  from space 68096K, 99% used [0x0000000775800000,0x0000000779a29fb0,0x0000000779a80000)
  to   space 79872K, 0% used [0x000000077a380000,0x000000077a380000,0x000000077f180000)
 ParOldGen       total 223744K, used 211408K [0x00000006c7200000, 0x00000006d4c80000, 0x000000076d100000)
  object space 223744K, 94% used [0x00000006c7200000,0x00000006d40743f8,0x00000006d4c80000)
 Metaspace       used 44712K, capacity 45116K, committed 45568K, reserved 1089536K
  class space    used 6282K, capacity 6398K, committed 6400K, reserved 1048576K
}
Event: 13830.621 GC heap before
{Heap before GC invocations=54 (full 2):
 PSYoungGen      total 203776K, used 203431K [0x000000076d100000, 0x000000077f180000, 0x00000007c0000000)
  eden space 135680K, 100% used [0x000000076d100000,0x0000000775580000,0x0000000775580000)
  from space 68096K, 99% used [0x0000000775800000,0x0000000779a29fb0,0x0000000779a80000)
  to   space 79872K, 0% used [0x000000077a380000,0x000000077a380000,0x000000077f180000)
 ParOldGen       total 223744K, used 211408K [0x00000006c7200000, 0x00000006d4c80000, 0x000000076d100000)
  object space 223744K, 94% used [0x00000006c7200000,0x00000006d40743f8,0x00000006d4c80000)
 Metaspace       used 44744K, capacity 45116K, committed 45568K, reserved 1089536K
  class space    used 6283K, capacity 6398K, committed 6400K, reserved 1048576K
Event: 13830.722 GC heap after
Heap after GC invocations=54 (full 2):
 PSYoungGen      total 207360K, used 66375K [0x000000076d100000, 0x000000077ec00000, 0x00000007c0000000)
  eden space 133120K, 0% used [0x000000076d100000,0x000000076d100000,0x0000000775300000)
  from space 74240K, 89% used [0x000000077a380000,0x000000077e451fb0,0x000000077ec00000)
  to   space 78336K, 0% used [0x0000000775300000,0x0000000775300000,0x0000000779f80000)
 ParOldGen       total 223744K, used 214834K [0x00000006c7200000, 0x00000006d4c80000, 0x000000076d100000)
  object space 223744K, 96% used [0x00000006c7200000,0x00000006d43cc868,0x00000006d4c80000)
 Metaspace       used 44744K, capacity 45116K, committed 45568K, reserved 1089536K
  class space    used 6283K, capacity 6398K, committed 6400K, reserved 1048576K
}
Event: 14054.241 GC heap before
{Heap before GC invocations=55 (full 2):
 PSYoungGen      total 207360K, used 199495K [0x000000076d100000, 0x000000077ec00000, 0x00000007c0000000)
  eden space 133120K, 100% used [0x000000076d100000,0x0000000775300000,0x0000000775300000)
  from space 74240K, 89% used [0x000000077a380000,0x000000077e451fb0,0x000000077ec00000)
  to   space 78336K, 0% used [0x0000000775300000,0x0000000775300000,0x0000000779f80000)
 ParOldGen       total 223744K, used 214834K [0x00000006c7200000, 0x00000006d4c80000, 0x000000076d100000)
  object space 223744K, 96% used [0x00000006c7200000,0x00000006d43cc868,0x00000006d4c80000)
 Metaspace       used 44762K, capacity 45180K, committed 45568K, reserved 1089536K
  class space    used 6283K, capacity 6398K, committed 6400K, reserved 1048576K
Event: 14054.904 GC heap after
Heap after GC invocations=55 (full 2):
 PSYoungGen      total 187392K, used 55951K [0x000000076d100000, 0x000000077eb00000, 0x00000007c0000000)
  eden space 131072K, 0% used [0x000000076d100000,0x000000076d100000,0x0000000775100000)
  from space 56320K, 99% used [0x0000000775300000,0x00000007789a3fe0,0x0000000778a00000)
  to   space 78848K, 0% used [0x0000000779e00000,0x0000000779e00000,0x000000077eb00000)
 ParOldGen       total 230400K, used 229898K [0x00000006c7200000, 0x00000006d5300000, 0x000000076d100000)
  object space 230400K, 99% used [0x00000006c7200000,0x00000006d52829a8,0x00000006d5300000)
 Metaspace       used 44762K, capacity 45180K, committed 45568K, reserved 1089536K
  class space    used 6283K, capacity 6398K, committed 6400K, reserved 1048576K
}
Event: 14054.924 GC heap before
{Heap before GC invocations=56 (full 3):
 PSYoungGen      total 187392K, used 55951K [0x000000076d100000, 0x000000077eb00000, 0x00000007c0000000)
  eden space 131072K, 0% used [0x000000076d100000,0x000000076d100000,0x0000000775100000)
  from space 56320K, 99% used [0x0000000775300000,0x00000007789a3fe0,0x0000000778a00000)
  to   space 78848K, 0% used [0x0000000779e00000,0x0000000779e00000,0x000000077eb00000)
 ParOldGen       total 230400K, used 229898K [0x00000006c7200000, 0x00000006d5300000, 0x000000076d100000)
  object space 230400K, 99% used [0x00000006c7200000,0x00000006d52829a8,0x00000006d5300000)
 Metaspace       used 44762K, capacity 45180K, committed 45568K, reserved 1089536K
  class space    used 6283K, capacity 6398K, committed 6400K, reserved 1048576K

