# JRE version: OpenJDK Runtime Environment (8.0_191-b12) (build 1.8.0_191-b12)
# Java VM: OpenJDK 64-Bit Server VM (25.191-b12 mixed mode linux-amd64 compressed oops)
Heap:
 PSYoungGen      total 527872K, used 47595K [0x000000076d100000, 0x0000000790900000, 0x00000007c0000000)
  eden space 480256K, 0% used [0x000000076d100000,0x000000076d100000,0x000000078a600000)
  from space 47616K, 99% used [0x000000078a600000,0x000000078d47ae98,0x000000078d480000)
  to   space 41472K, 0% used [0x000000078d480000,0x000000078d480000,0x000000078fd00000)
 ParOldGen       total 171008K, used 49329K [0x00000006c7200000, 0x00000006d1900000, 0x000000076d100000)
  object space 171008K, 28% used [0x00000006c7200000,0x00000006ca22c638,0x00000006d1900000)
 Metaspace       used 12089K, capacity 12444K, committed 12672K, reserved 1060864K
  class space    used 1178K, capacity 1282K, committed 1408K, reserved 1048576K
GC Heap History (17 events):
Event: 3.210 GC heap before
{Heap before GC invocations=1 (full 0):
 PSYoungGen      total 74752K, used 64512K [0x000000076d100000, 0x0000000772400000, 0x00000007c0000000)
  eden space 64512K, 100% used [0x000000076d100000,0x0000000771000000,0x0000000771000000)
  from space 10240K, 0% used [0x0000000771a00000,0x0000000771a00000,0x0000000772400000)
  to   space 10240K, 0% used [0x0000000771000000,0x0000000771000000,0x0000000771a00000)
 ParOldGen       total 171008K, used 0K [0x00000006c7200000, 0x00000006d1900000, 0x000000076d100000)
  object space 171008K, 0% used [0x00000006c7200000,0x00000006c7200000,0x00000006d1900000)
 Metaspace       used 11456K, capacity 11760K, committed 12032K, reserved 1060864K
  class space    used 1146K, capacity 1258K, committed 1280K, reserved 1048576K
Event: 3.217 GC heap after
Heap after GC invocations=1 (full 0):
 PSYoungGen      total 74752K, used 7228K [0x000000076d100000, 0x0000000772400000, 0x00000007c0000000)
  eden space 64512K, 0% used [0x000000076d100000,0x000000076d100000,0x0000000771000000)
  from space 10240K, 70% used [0x0000000771000000,0x000000077170f018,0x0000000771a00000)
  to   space 10240K, 0% used [0x0000000771a00000,0x0000000771a00000,0x0000000772400000)
 ParOldGen       total 171008K, used 80K [0x00000006c7200000, 0x00000006d1900000, 0x000000076d100000)
  object space 171008K, 0% used [0x00000006c7200000,0x00000006c7214010,0x00000006d1900000)
 Metaspace       used 11456K, capacity 11760K, committed 12032K, reserved 1060864K
  class space    used 1146K, capacity 1258K, committed 1280K, reserved 1048576K
}
Event: 3.313 GC heap before
{Heap before GC invocations=2 (full 0):
 PSYoungGen      total 74752K, used 71740K [0x000000076d100000, 0x0000000772400000, 0x00000007c0000000)
  eden space 64512K, 100% used [0x000000076d100000,0x0000000771000000,0x0000000771000000)
  from space 10240K, 70% used [0x0000000771000000,0x000000077170f018,0x0000000771a00000)
  to   space 10240K, 0% used [0x0000000771a00000,0x0000000771a00000,0x0000000772400000)
 ParOldGen       total 171008K, used 80K [0x00000006c7200000, 0x00000006d1900000, 0x000000076d100000)
  object space 171008K, 0% used [0x00000006c7200000,0x00000006c7214010,0x00000006d1900000)
 Metaspace       used 11509K, capacity 11832K, committed 12032K, reserved 1060864K
  class space    used 1147K, capacity 1258K, committed 1280K, reserved 1048576K
Event: 3.319 GC heap after
Heap after GC invocations=2 (full 0):
 PSYoungGen      total 74752K, used 8275K [0x000000076d100000, 0x0000000776300000, 0x00000007c0000000)
  eden space 64512K, 0% used [0x000000076d100000,0x000000076d100000,0x0000000771000000)
  from space 10240K, 80% used [0x0000000771a00000,0x0000000772214d48,0x0000000772400000)
  to   space 10240K, 0% used [0x0000000771000000,0x0000000771000000,0x0000000771a00000)
 ParOldGen       total 171008K, used 88K [0x00000006c7200000, 0x00000006d1900000, 0x000000076d100000)
  object space 171008K, 0% used [0x00000006c7200000,0x00000006c7216010,0x00000006d1900000)
 Metaspace       used 11509K, capacity 11832K, committed 12032K, reserved 1060864K
  class space    used 1147K, capacity 1258K, committed 1280K, reserved 1048576K
}
Event: 3.659 GC heap before
{Heap before GC invocations=3 (full 0):
 PSYoungGen      total 74752K, used 72787K [0x000000076d100000, 0x0000000776300000, 0x00000007c0000000)
  eden space 64512K, 100% used [0x000000076d100000,0x0000000771000000,0x0000000771000000)
  from space 10240K, 80% used [0x0000000771a00000,0x0000000772214d48,0x0000000772400000)
  to   space 10240K, 0% used [0x0000000771000000,0x0000000771000000,0x0000000771a00000)
 ParOldGen       total 171008K, used 88K [0x00000006c7200000, 0x00000006d1900000, 0x000000076d100000)
  object space 171008K, 0% used [0x00000006c7200000,0x00000006c7216010,0x00000006d1900000)
 Metaspace       used 11685K, capacity 12000K, committed 12032K, reserved 1060864K
  class space    used 1164K, capacity 1272K, committed 1280K, reserved 1048576K
Event: 3.664 GC heap after
Heap after GC invocations=3 (full 0):
 PSYoungGen      total 74752K, used 9256K [0x000000076d100000, 0x0000000776300000, 0x00000007c0000000)
  eden space 64512K, 0% used [0x000000076d100000,0x000000076d100000,0x0000000771000000)
  from space 10240K, 90% used [0x0000000771000000,0x000000077190a050,0x0000000771a00000)
  to   space 10240K, 0% used [0x0000000775900000,0x0000000775900000,0x0000000776300000)
 ParOldGen       total 171008K, used 96K [0x00000006c7200000, 0x00000006d1900000, 0x000000076d100000)
  object space 171008K, 0% used [0x00000006c7200000,0x00000006c7218010,0x00000006d1900000)
 Metaspace       used 11685K, capacity 12000K, committed 12032K, reserved 1060864K
  class space    used 1164K, capacity 1272K, committed 1280K, reserved 1048576K
}
Event: 3.974 GC heap before
{Heap before GC invocations=4 (full 0):
 PSYoungGen      total 74752K, used 73768K [0x000000076d100000, 0x0000000776300000, 0x00000007c0000000)
  eden space 64512K, 100% used [0x000000076d100000,0x0000000771000000,0x0000000771000000)
  from space 10240K, 90% used [0x0000000771000000,0x000000077190a050,0x0000000771a00000)
  to   space 10240K, 0% used [0x0000000775900000,0x0000000775900000,0x0000000776300000)
 ParOldGen       total 171008K, used 96K [0x00000006c7200000, 0x00000006d1900000, 0x000000076d100000)
  object space 171008K, 0% used [0x00000006c7200000,0x00000006c7218010,0x00000006d1900000)
 Metaspace       used 11702K, capacity 12018K, committed 12032K, reserved 1060864K
  class space    used 1165K, capacity 1273K, committed 1280K, reserved 1048576K
Event: 3.983 GC heap after
Heap after GC invocations=4 (full 0):
 PSYoungGen      total 139264K, used 10216K [0x000000076d100000, 0x0000000776300000, 0x00000007c0000000)
  eden space 129024K, 0% used [0x000000076d100000,0x000000076d100000,0x0000000774f00000)
  from space 10240K, 99% used [0x0000000775900000,0x00000007762fa040,0x0000000776300000)
  to   space 10240K, 0% used [0x0000000774f00000,0x0000000774f00000,0x0000000775900000)
 ParOldGen       total 171008K, used 1024K [0x00000006c7200000, 0x00000006d1900000, 0x000000076d100000)
  object space 171008K, 0% used [0x00000006c7200000,0x00000006c7300020,0x00000006d1900000)
 Metaspace       used 11702K, capacity 12018K, committed 12032K, reserved 1060864K
  class space    used 1165K, capacity 1273K, committed 1280K, reserved 1048576K
}
Event: 4.666 GC heap before
{Heap before GC invocations=5 (full 0):
 PSYoungGen      total 139264K, used 139240K [0x000000076d100000, 0x0000000776300000, 0x00000007c0000000)
  eden space 129024K, 100% used [0x000000076d100000,0x0000000774f00000,0x0000000774f00000)
  from space 10240K, 99% used [0x0000000775900000,0x00000007762fa040,0x0000000776300000)
  to   space 10240K, 0% used [0x0000000774f00000,0x0000000774f00000,0x0000000775900000)
 ParOldGen       total 171008K, used 1024K [0x00000006c7200000, 0x00000006d1900000, 0x000000076d100000)
  object space 171008K, 0% used [0x00000006c7200000,0x00000006c7300020,0x00000006d1900000)
 Metaspace       used 11705K, capacity 12018K, committed 12032K, reserved 1060864K
  class space    used 1165K, capacity 1273K, committed 1280K, reserved 1048576K
Event: 4.682 GC heap after
Heap after GC invocations=5 (full 0):
 PSYoungGen      total 139264K, used 10220K [0x000000076d100000, 0x000000077ec00000, 0x00000007c0000000)
  eden space 129024K, 0% used [0x000000076d100000,0x000000076d100000,0x0000000774f00000)
  from space 10240K, 99% used [0x0000000774f00000,0x00000007758fb080,0x0000000775900000)
  to   space 15872K, 0% used [0x000000077dc80000,0x000000077dc80000,0x000000077ec00000)
 ParOldGen       total 171008K, used 6460K [0x00000006c7200000, 0x00000006d1900000, 0x000000076d100000)
  object space 171008K, 3% used [0x00000006c7200000,0x00000006c784f070,0x00000006d1900000)
 Metaspace       used 11705K, capacity 12018K, committed 12032K, reserved 1060864K
  class space    used 1165K, capacity 1273K, committed 1280K, reserved 1048576K
}
Event: 6.308 GC heap before
{Heap before GC invocations=6 (full 0):
 PSYoungGen      total 139264K, used 139244K [0x000000076d100000, 0x000000077ec00000, 0x00000007c0000000)
  eden space 129024K, 100% used [0x000000076d100000,0x0000000774f00000,0x0000000774f00000)
  from space 10240K, 99% used [0x0000000774f00000,0x00000007758fb080,0x0000000775900000)
  to   space 15872K, 0% used [0x000000077dc80000,0x000000077dc80000,0x000000077ec00000)
 ParOldGen       total 171008K, used 6460K [0x00000006c7200000, 0x00000006d1900000, 0x000000076d100000)
  object space 171008K, 3% used [0x00000006c7200000,0x00000006c784f070,0x00000006d1900000)
 Metaspace       used 11804K, capacity 12170K, committed 12288K, reserved 1060864K
  class space    used 1172K, capacity 1279K, committed 1280K, reserved 1048576K
Event: 6.344 GC heap after
Heap after GC invocations=6 (full 0):
 PSYoungGen      total 259072K, used 15848K [0x000000076d100000, 0x0000000780900000, 0x00000007c0000000)
  eden space 243200K, 0% used [0x000000076d100000,0x000000076d100000,0x000000077be80000)
  from space 15872K, 99% used [0x000000077dc80000,0x000000077ebfa050,0x000000077ec00000)
  to   space 30720K, 0% used [0x000000077be80000,0x000000077be80000,0x000000077dc80000)
 ParOldGen       total 171008K, used 28808K [0x00000006c7200000, 0x00000006d1900000, 0x000000076d100000)
  object space 171008K, 16% used [0x00000006c7200000,0x00000006c8e22140,0x00000006d1900000)
 Metaspace       used 11804K, capacity 12170K, committed 12288K, reserved 1060864K
  class space    used 1172K, capacity 1279K, committed 1280K, reserved 1048576K
}
Event: 8.534 GC heap before
{Heap before GC invocations=7 (full 0):
 PSYoungGen      total 259072K, used 259048K [0x000000076d100000, 0x0000000780900000, 0x00000007c0000000)
  eden space 243200K, 100% used [0x000000076d100000,0x000000077be80000,0x000000077be80000)
  from space 15872K, 99% used [0x000000077dc80000,0x000000077ebfa050,0x000000077ec00000)
  to   space 30720K, 0% used [0x000000077be80000,0x000000077be80000,0x000000077dc80000)
 ParOldGen       total 171008K, used 28808K [0x00000006c7200000, 0x00000006d1900000, 0x000000076d100000)
  object space 171008K, 16% used [0x00000006c7200000,0x00000006c8e22140,0x00000006d1900000)
 Metaspace       used 11844K, capacity 12234K, committed 12288K, reserved 1060864K
  class space    used 1173K, capacity 1279K, committed 1280K, reserved 1048576K
Event: 9.027 GC heap after
Heap after GC invocations=7 (full 0):
 PSYoungGen      total 273920K, used 30699K [0x000000076d100000, 0x000000078fd00000, 0x00000007c0000000)
  eden space 243200K, 0% used [0x000000076d100000,0x000000076d100000,0x000000077be80000)
  from space 30720K, 99% used [0x000000077be80000,0x000000077dc7ae38,0x000000077dc80000)
  to   space 41472K, 0% used [0x000000078d480000,0x000000078d480000,0x000000078fd00000)
 ParOldGen       total 171008K, used 38237K [0x00000006c7200000, 0x00000006d1900000, 0x000000076d100000)
  object space 171008K, 22% used [0x00000006c7200000,0x00000006c97575a8,0x00000006d1900000)
 Metaspace       used 11844K, capacity 12234K, committed 12288K, reserved 1060864K
  class space    used 1173K, capacity 1279K, committed 1280K, reserved 1048576K
}
Event: 24.860 GC heap before
{Heap before GC invocations=8 (full 0):
 PSYoungGen      total 273920K, used 273899K [0x000000076d100000, 0x000000078fd00000, 0x00000007c0000000)
  eden space 243200K, 100% used [0x000000076d100000,0x000000077be80000,0x000000077be80000)
  from space 30720K, 99% used [0x000000077be80000,0x000000077dc7ae38,0x000000077dc80000)
  to   space 41472K, 0% used [0x000000078d480000,0x000000078d480000,0x000000078fd00000)
 ParOldGen       total 171008K, used 38237K [0x00000006c7200000, 0x00000006d1900000, 0x000000076d100000)
  object space 171008K, 22% used [0x00000006c7200000,0x00000006c97575a8,0x00000006d1900000)
 Metaspace       used 12035K, capacity 12440K, committed 12672K, reserved 1060864K
  class space    used 1178K, capacity 1282K, committed 1408K, reserved 1048576K
Event: 24.905 GC heap after
Heap after GC invocations=8 (full 0):
 PSYoungGen      total 521728K, used 39011K [0x000000076d100000, 0x0000000790900000, 0x00000007c0000000)
  eden space 480256K, 0% used [0x000000076d100000,0x000000076d100000,0x000000078a600000)
  from space 41472K, 94% used [0x000000078d480000,0x000000078fa98e78,0x000000078fd00000)
  to   space 47616K, 0% used [0x000000078a600000,0x000000078a600000,0x000000078d480000)
 ParOldGen       total 171008K, used 39389K [0x00000006c7200000, 0x00000006d1900000, 0x000000076d100000)
  object space 171008K, 23% used [0x00000006c7200000,0x00000006c98775a8,0x00000006d1900000)
 Metaspace       used 12035K, capacity 12440K, committed 12672K, reserved 1060864K
  class space    used 1178K, capacity 1282K, committed 1408K, reserved 1048576K
}
Event: 49.694 GC heap before
{Heap before GC invocations=9 (full 0):
 PSYoungGen      total 521728K, used 519267K [0x000000076d100000, 0x0000000790900000, 0x00000007c0000000)
  eden space 480256K, 100% used [0x000000076d100000,0x000000078a600000,0x000000078a600000)
  from space 41472K, 94% used [0x000000078d480000,0x000000078fa98e78,0x000000078fd00000)
  to   space 47616K, 0% used [0x000000078a600000,0x000000078a600000,0x000000078d480000)
 ParOldGen       total 171008K, used 39389K [0x00000006c7200000, 0x00000006d1900000, 0x000000076d100000)
  object space 171008K, 23% used [0x00000006c7200000,0x00000006c98775a8,0x00000006d1900000)
 Metaspace       used 12089K, capacity 12444K, committed 12672K, reserved 1060864K
  class space    used 1178K, capacity 1282K, committed 1408K, reserved 1048576K

