# JRE version: OpenJDK Runtime Environment (8.0_191-b12) (build 1.8.0_191-b12)
# Java VM: OpenJDK 64-Bit Server VM (25.191-b12 mixed mode linux-amd64 compressed oops)
Heap:
 PSYoungGen      total 534016K, used 30188K [0x000000076d100000, 0x000000078f900000, 0x00000007c0000000)
  eden space 503808K, 0% used [0x000000076d100000,0x000000076d100000,0x000000078bd00000)
  from space 30208K, 99% used [0x000000078bd00000,0x000000078da7b080,0x000000078da80000)
  to   space 29184K, 0% used [0x000000078da80000,0x000000078da80000,0x000000078f700000)
 ParOldGen       total 171008K, used 37389K [0x00000006c7200000, 0x00000006d1900000, 0x000000076d100000)
  object space 171008K, 21% used [0x00000006c7200000,0x00000006c9683678,0x00000006d1900000)
 Metaspace       used 12055K, capacity 12446K, committed 12672K, reserved 1060864K
  class space    used 1177K, capacity 1281K, committed 1408K, reserved 1048576K
GC Heap History (17 events):
Event: 2.603 GC heap before
{Heap before GC invocations=1 (full 0):
 PSYoungGen      total 74752K, used 64512K [0x000000076d100000, 0x0000000772400000, 0x00000007c0000000)
  eden space 64512K, 100% used [0x000000076d100000,0x0000000771000000,0x0000000771000000)
  from space 10240K, 0% used [0x0000000771a00000,0x0000000771a00000,0x0000000772400000)
  to   space 10240K, 0% used [0x0000000771000000,0x0000000771000000,0x0000000771a00000)
 ParOldGen       total 171008K, used 0K [0x00000006c7200000, 0x00000006d1900000, 0x000000076d100000)
  object space 171008K, 0% used [0x00000006c7200000,0x00000006c7200000,0x00000006d1900000)
 Metaspace       used 11451K, capacity 11764K, committed 12032K, reserved 1060864K
  class space    used 1146K, capacity 1258K, committed 1280K, reserved 1048576K
Event: 2.609 GC heap after
Heap after GC invocations=1 (full 0):
 PSYoungGen      total 74752K, used 7244K [0x000000076d100000, 0x0000000772400000, 0x00000007c0000000)
  eden space 64512K, 0% used [0x000000076d100000,0x000000076d100000,0x0000000771000000)
  from space 10240K, 70% used [0x0000000771000000,0x0000000771713008,0x0000000771a00000)
  to   space 10240K, 0% used [0x0000000771a00000,0x0000000771a00000,0x0000000772400000)
 ParOldGen       total 171008K, used 80K [0x00000006c7200000, 0x00000006d1900000, 0x000000076d100000)
  object space 171008K, 0% used [0x00000006c7200000,0x00000006c7214010,0x00000006d1900000)
 Metaspace       used 11451K, capacity 11764K, committed 12032K, reserved 1060864K
  class space    used 1146K, capacity 1258K, committed 1280K, reserved 1048576K
}
Event: 2.931 GC heap before
{Heap before GC invocations=2 (full 0):
 PSYoungGen      total 74752K, used 71756K [0x000000076d100000, 0x0000000772400000, 0x00000007c0000000)
  eden space 64512K, 100% used [0x000000076d100000,0x0000000771000000,0x0000000771000000)
  from space 10240K, 70% used [0x0000000771000000,0x0000000771713008,0x0000000771a00000)
  to   space 10240K, 0% used [0x0000000771a00000,0x0000000771a00000,0x0000000772400000)
 ParOldGen       total 171008K, used 80K [0x00000006c7200000, 0x00000006d1900000, 0x000000076d100000)
  object space 171008K, 0% used [0x00000006c7200000,0x00000006c7214010,0x00000006d1900000)
 Metaspace       used 11505K, capacity 11836K, committed 12032K, reserved 1060864K
  class space    used 1147K, capacity 1258K, committed 1280K, reserved 1048576K
Event: 2.938 GC heap after
Heap after GC invocations=2 (full 0):
 PSYoungGen      total 74752K, used 8211K [0x000000076d100000, 0x0000000776300000, 0x00000007c0000000)
  eden space 64512K, 0% used [0x000000076d100000,0x000000076d100000,0x0000000771000000)
  from space 10240K, 80% used [0x0000000771a00000,0x0000000772204c80,0x0000000772400000)
  to   space 10240K, 0% used [0x0000000771000000,0x0000000771000000,0x0000000771a00000)
 ParOldGen       total 171008K, used 88K [0x00000006c7200000, 0x00000006d1900000, 0x000000076d100000)
  object space 171008K, 0% used [0x00000006c7200000,0x00000006c7216010,0x00000006d1900000)
 Metaspace       used 11505K, capacity 11836K, committed 12032K, reserved 1060864K
  class space    used 1147K, capacity 1258K, committed 1280K, reserved 1048576K
}
Event: 3.313 GC heap before
{Heap before GC invocations=3 (full 0):
 PSYoungGen      total 74752K, used 72723K [0x000000076d100000, 0x0000000776300000, 0x00000007c0000000)
  eden space 64512K, 100% used [0x000000076d100000,0x0000000771000000,0x0000000771000000)
  from space 10240K, 80% used [0x0000000771a00000,0x0000000772204c80,0x0000000772400000)
  to   space 10240K, 0% used [0x0000000771000000,0x0000000771000000,0x0000000771a00000)
 ParOldGen       total 171008K, used 88K [0x00000006c7200000, 0x00000006d1900000, 0x000000076d100000)
  object space 171008K, 0% used [0x00000006c7200000,0x00000006c7216010,0x00000006d1900000)
 Metaspace       used 11669K, capacity 12004K, committed 12032K, reserved 1060864K
  class space    used 1164K, capacity 1272K, committed 1280K, reserved 1048576K
Event: 3.321 GC heap after
Heap after GC invocations=3 (full 0):
 PSYoungGen      total 74752K, used 9256K [0x000000076d100000, 0x0000000776300000, 0x00000007c0000000)
  eden space 64512K, 0% used [0x000000076d100000,0x000000076d100000,0x0000000771000000)
  from space 10240K, 90% used [0x0000000771000000,0x000000077190a050,0x0000000771a00000)
  to   space 10240K, 0% used [0x0000000775900000,0x0000000775900000,0x0000000776300000)
 ParOldGen       total 171008K, used 88K [0x00000006c7200000, 0x00000006d1900000, 0x000000076d100000)
  object space 171008K, 0% used [0x00000006c7200000,0x00000006c7216010,0x00000006d1900000)
 Metaspace       used 11669K, capacity 12004K, committed 12032K, reserved 1060864K
  class space    used 1164K, capacity 1272K, committed 1280K, reserved 1048576K
}
Event: 3.648 GC heap before
{Heap before GC invocations=4 (full 0):
 PSYoungGen      total 74752K, used 73768K [0x000000076d100000, 0x0000000776300000, 0x00000007c0000000)
  eden space 64512K, 100% used [0x000000076d100000,0x0000000771000000,0x0000000771000000)
  from space 10240K, 90% used [0x0000000771000000,0x000000077190a050,0x0000000771a00000)
  to   space 10240K, 0% used [0x0000000775900000,0x0000000775900000,0x0000000776300000)
 ParOldGen       total 171008K, used 88K [0x00000006c7200000, 0x00000006d1900000, 0x000000076d100000)
  object space 171008K, 0% used [0x00000006c7200000,0x00000006c7216010,0x00000006d1900000)
 Metaspace       used 11684K, capacity 12022K, committed 12032K, reserved 1060864K
  class space    used 1165K, capacity 1273K, committed 1280K, reserved 1048576K
Event: 3.664 GC heap after
Heap after GC invocations=4 (full 0):
 PSYoungGen      total 139264K, used 10216K [0x000000076d100000, 0x0000000776300000, 0x00000007c0000000)
  eden space 129024K, 0% used [0x000000076d100000,0x000000076d100000,0x0000000774f00000)
  from space 10240K, 99% used [0x0000000775900000,0x00000007762fa040,0x0000000776300000)
  to   space 10240K, 0% used [0x0000000774f00000,0x0000000774f00000,0x0000000775900000)
 ParOldGen       total 171008K, used 1048K [0x00000006c7200000, 0x00000006d1900000, 0x000000076d100000)
  object space 171008K, 0% used [0x00000006c7200000,0x00000006c7306020,0x00000006d1900000)
 Metaspace       used 11684K, capacity 12022K, committed 12032K, reserved 1060864K
  class space    used 1165K, capacity 1273K, committed 1280K, reserved 1048576K
}
Event: 4.037 GC heap before
{Heap before GC invocations=5 (full 0):
 PSYoungGen      total 139264K, used 139240K [0x000000076d100000, 0x0000000776300000, 0x00000007c0000000)
  eden space 129024K, 100% used [0x000000076d100000,0x0000000774f00000,0x0000000774f00000)
  from space 10240K, 99% used [0x0000000775900000,0x00000007762fa040,0x0000000776300000)
  to   space 10240K, 0% used [0x0000000774f00000,0x0000000774f00000,0x0000000775900000)
 ParOldGen       total 171008K, used 1048K [0x00000006c7200000, 0x00000006d1900000, 0x000000076d100000)
  object space 171008K, 0% used [0x00000006c7200000,0x00000006c7306020,0x00000006d1900000)
 Metaspace       used 11690K, capacity 12022K, committed 12032K, reserved 1060864K
  class space    used 1165K, capacity 1273K, committed 1280K, reserved 1048576K
Event: 4.053 GC heap after
Heap after GC invocations=5 (full 0):
 PSYoungGen      total 139264K, used 10216K [0x000000076d100000, 0x000000077ea00000, 0x00000007c0000000)
  eden space 129024K, 0% used [0x000000076d100000,0x000000076d100000,0x0000000774f00000)
  from space 10240K, 99% used [0x0000000774f00000,0x00000007758fa030,0x0000000775900000)
  to   space 14848K, 0% used [0x000000077db80000,0x000000077db80000,0x000000077ea00000)
 ParOldGen       total 171008K, used 4768K [0x00000006c7200000, 0x00000006d1900000, 0x000000076d100000)
  object space 171008K, 2% used [0x00000006c7200000,0x00000006c76a8050,0x00000006d1900000)
 Metaspace       used 11690K, capacity 12022K, committed 12032K, reserved 1060864K
  class space    used 1165K, capacity 1273K, committed 1280K, reserved 1048576K
}
Event: 4.719 GC heap before
{Heap before GC invocations=6 (full 0):
 PSYoungGen      total 139264K, used 139240K [0x000000076d100000, 0x000000077ea00000, 0x00000007c0000000)
  eden space 129024K, 100% used [0x000000076d100000,0x0000000774f00000,0x0000000774f00000)
  from space 10240K, 99% used [0x0000000774f00000,0x00000007758fa030,0x0000000775900000)
  to   space 14848K, 0% used [0x000000077db80000,0x000000077db80000,0x000000077ea00000)
 ParOldGen       total 171008K, used 4768K [0x00000006c7200000, 0x00000006d1900000, 0x000000076d100000)
  object space 171008K, 2% used [0x00000006c7200000,0x00000006c76a8050,0x00000006d1900000)
 Metaspace       used 11791K, capacity 12172K, committed 12288K, reserved 1060864K
  class space    used 1171K, capacity 1278K, committed 1280K, reserved 1048576K
Event: 4.746 GC heap after
Heap after GC invocations=6 (full 0):
 PSYoungGen      total 267264K, used 14827K [0x000000076d100000, 0x000000077f500000, 0x00000007c0000000)
  eden space 252416K, 0% used [0x000000076d100000,0x000000076d100000,0x000000077c780000)
  from space 14848K, 99% used [0x000000077db80000,0x000000077e9faca0,0x000000077ea00000)
  to   space 20480K, 0% used [0x000000077c780000,0x000000077c780000,0x000000077db80000)
 ParOldGen       total 171008K, used 11456K [0x00000006c7200000, 0x00000006d1900000, 0x000000076d100000)
  object space 171008K, 6% used [0x00000006c7200000,0x00000006c7d300a0,0x00000006d1900000)
 Metaspace       used 11791K, capacity 12172K, committed 12288K, reserved 1060864K
  class space    used 1171K, capacity 1278K, committed 1280K, reserved 1048576K
}
Event: 5.254 GC heap before
{Heap before GC invocations=7 (full 0):
 PSYoungGen      total 267264K, used 267243K [0x000000076d100000, 0x000000077f500000, 0x00000007c0000000)
  eden space 252416K, 100% used [0x000000076d100000,0x000000077c780000,0x000000077c780000)
  from space 14848K, 99% used [0x000000077db80000,0x000000077e9faca0,0x000000077ea00000)
  to   space 20480K, 0% used [0x000000077c780000,0x000000077c780000,0x000000077db80000)
 ParOldGen       total 171008K, used 11456K [0x00000006c7200000, 0x00000006d1900000, 0x000000076d100000)
  object space 171008K, 6% used [0x00000006c7200000,0x00000006c7d300a0,0x00000006d1900000)
 Metaspace       used 11811K, capacity 12172K, committed 12288K, reserved 1060864K
  class space    used 1171K, capacity 1278K, committed 1280K, reserved 1048576K
Event: 5.291 GC heap after
Heap after GC invocations=7 (full 0):
 PSYoungGen      total 272896K, used 20459K [0x000000076d100000, 0x000000078f700000, 0x00000007c0000000)
  eden space 252416K, 0% used [0x000000076d100000,0x000000076d100000,0x000000077c780000)
  from space 20480K, 99% used [0x000000077c780000,0x000000077db7ad90,0x000000077db80000)
  to   space 29184K, 0% used [0x000000078da80000,0x000000078da80000,0x000000078f700000)
 ParOldGen       total 171008K, used 21869K [0x00000006c7200000, 0x00000006d1900000, 0x000000076d100000)
  object space 171008K, 12% used [0x00000006c7200000,0x00000006c875b528,0x00000006d1900000)
 Metaspace       used 11811K, capacity 12172K, committed 12288K, reserved 1060864K
  class space    used 1171K, capacity 1278K, committed 1280K, reserved 1048576K
}
Event: 31.153 GC heap before
{Heap before GC invocations=8 (full 0):
 PSYoungGen      total 272896K, used 272875K [0x000000076d100000, 0x000000078f700000, 0x00000007c0000000)
  eden space 252416K, 100% used [0x000000076d100000,0x000000077c780000,0x000000077c780000)
  from space 20480K, 99% used [0x000000077c780000,0x000000077db7ad90,0x000000077db80000)
  to   space 29184K, 0% used [0x000000078da80000,0x000000078da80000,0x000000078f700000)
 ParOldGen       total 171008K, used 21869K [0x00000006c7200000, 0x00000006d1900000, 0x000000076d100000)
  object space 171008K, 12% used [0x00000006c7200000,0x00000006c875b528,0x00000006d1900000)
 Metaspace       used 11997K, capacity 12378K, committed 12672K, reserved 1060864K
  class space    used 1177K, capacity 1281K, committed 1408K, reserved 1048576K
Event: 31.163 GC heap after
Heap after GC invocations=8 (full 0):
 PSYoungGen      total 532992K, used 20675K [0x000000076d100000, 0x000000078f900000, 0x00000007c0000000)
  eden space 503808K, 0% used [0x000000076d100000,0x000000076d100000,0x000000078bd00000)
  from space 29184K, 70% used [0x000000078da80000,0x000000078eeb0db0,0x000000078f700000)
  to   space 30208K, 0% used [0x000000078bd00000,0x000000078bd00000,0x000000078da80000)
 ParOldGen       total 171008K, used 22981K [0x00000006c7200000, 0x00000006d1900000, 0x000000076d100000)
  object space 171008K, 13% used [0x00000006c7200000,0x00000006c8871528,0x00000006d1900000)
 Metaspace       used 11997K, capacity 12378K, committed 12672K, reserved 1060864K
  class space    used 1177K, capacity 1281K, committed 1408K, reserved 1048576K
}
Event: 38.741 GC heap before
{Heap before GC invocations=9 (full 0):
 PSYoungGen      total 532992K, used 524483K [0x000000076d100000, 0x000000078f900000, 0x00000007c0000000)
  eden space 503808K, 100% used [0x000000076d100000,0x000000078bd00000,0x000000078bd00000)
  from space 29184K, 70% used [0x000000078da80000,0x000000078eeb0db0,0x000000078f700000)
  to   space 30208K, 0% used [0x000000078bd00000,0x000000078bd00000,0x000000078da80000)
 ParOldGen       total 171008K, used 22981K [0x00000006c7200000, 0x00000006d1900000, 0x000000076d100000)
  object space 171008K, 13% used [0x00000006c7200000,0x00000006c8871528,0x00000006d1900000)
 Metaspace       used 12055K, capacity 12446K, committed 12672K, reserved 1060864K
  class space    used 1177K, capacity 1281K, committed 1408K, reserved 1048576K

