# JRE version: OpenJDK Runtime Environment (8.0_191-b12) (build 1.8.0_191-b12)
# Java VM: OpenJDK 64-Bit Server VM (25.191-b12 mixed mode linux-amd64 compressed oops)
Heap:
 PSYoungGen      total 533504K, used 32236K [0x000000076d100000, 0x000000078fb00000, 0x00000007c0000000)
  eden space 501248K, 0% used [0x000000076d100000,0x000000076d100000,0x000000078ba80000)
  from space 32256K, 99% used [0x000000078ba80000,0x000000078d9fb178,0x000000078da00000)
  to   space 30720K, 0% used [0x000000078da00000,0x000000078da00000,0x000000078f800000)
 ParOldGen       total 171008K, used 38198K [0x00000006c7200000, 0x00000006d1900000, 0x000000076d100000)
  object space 171008K, 22% used [0x00000006c7200000,0x00000006c974d850,0x00000006d1900000)
 Metaspace       used 12086K, capacity 12454K, committed 12672K, reserved 1060864K
  class space    used 1177K, capacity 1281K, committed 1408K, reserved 1048576K
GC Heap History (17 events):
Event: 2.632 GC heap before
{Heap before GC invocations=1 (full 0):
 PSYoungGen      total 74752K, used 64512K [0x000000076d100000, 0x0000000772400000, 0x00000007c0000000)
  eden space 64512K, 100% used [0x000000076d100000,0x0000000771000000,0x0000000771000000)
  from space 10240K, 0% used [0x0000000771a00000,0x0000000771a00000,0x0000000772400000)
  to   space 10240K, 0% used [0x0000000771000000,0x0000000771000000,0x0000000771a00000)
 ParOldGen       total 171008K, used 0K [0x00000006c7200000, 0x00000006d1900000, 0x000000076d100000)
  object space 171008K, 0% used [0x00000006c7200000,0x00000006c7200000,0x00000006d1900000)
 Metaspace       used 11464K, capacity 11776K, committed 12032K, reserved 1060864K
  class space    used 1146K, capacity 1258K, committed 1280K, reserved 1048576K
Event: 2.647 GC heap after
Heap after GC invocations=1 (full 0):
 PSYoungGen      total 74752K, used 7187K [0x000000076d100000, 0x0000000772400000, 0x00000007c0000000)
  eden space 64512K, 0% used [0x000000076d100000,0x000000076d100000,0x0000000771000000)
  from space 10240K, 70% used [0x0000000771000000,0x0000000771704c18,0x0000000771a00000)
  to   space 10240K, 0% used [0x0000000771a00000,0x0000000771a00000,0x0000000772400000)
 ParOldGen       total 171008K, used 88K [0x00000006c7200000, 0x00000006d1900000, 0x000000076d100000)
  object space 171008K, 0% used [0x00000006c7200000,0x00000006c7216010,0x00000006d1900000)
 Metaspace       used 11464K, capacity 11776K, committed 12032K, reserved 1060864K
  class space    used 1146K, capacity 1258K, committed 1280K, reserved 1048576K
}
Event: 3.009 GC heap before
{Heap before GC invocations=2 (full 0):
 PSYoungGen      total 74752K, used 71699K [0x000000076d100000, 0x0000000772400000, 0x00000007c0000000)
  eden space 64512K, 100% used [0x000000076d100000,0x0000000771000000,0x0000000771000000)
  from space 10240K, 70% used [0x0000000771000000,0x0000000771704c18,0x0000000771a00000)
  to   space 10240K, 0% used [0x0000000771a00000,0x0000000771a00000,0x0000000772400000)
 ParOldGen       total 171008K, used 88K [0x00000006c7200000, 0x00000006d1900000, 0x000000076d100000)
  object space 171008K, 0% used [0x00000006c7200000,0x00000006c7216010,0x00000006d1900000)
 Metaspace       used 11524K, capacity 11852K, committed 12032K, reserved 1060864K
  class space    used 1147K, capacity 1258K, committed 1280K, reserved 1048576K
Event: 3.016 GC heap after
Heap after GC invocations=2 (full 0):
 PSYoungGen      total 74752K, used 8195K [0x000000076d100000, 0x0000000776300000, 0x00000007c0000000)
  eden space 64512K, 0% used [0x000000076d100000,0x000000076d100000,0x0000000771000000)
  from space 10240K, 80% used [0x0000000771a00000,0x0000000772200d88,0x0000000772400000)
  to   space 10240K, 0% used [0x0000000771000000,0x0000000771000000,0x0000000771a00000)
 ParOldGen       total 171008K, used 96K [0x00000006c7200000, 0x00000006d1900000, 0x000000076d100000)
  object space 171008K, 0% used [0x00000006c7200000,0x00000006c7218010,0x00000006d1900000)
 Metaspace       used 11524K, capacity 11852K, committed 12032K, reserved 1060864K
  class space    used 1147K, capacity 1258K, committed 1280K, reserved 1048576K
}
Event: 3.237 GC heap before
{Heap before GC invocations=3 (full 0):
 PSYoungGen      total 74752K, used 72707K [0x000000076d100000, 0x0000000776300000, 0x00000007c0000000)
  eden space 64512K, 100% used [0x000000076d100000,0x0000000771000000,0x0000000771000000)
  from space 10240K, 80% used [0x0000000771a00000,0x0000000772200d88,0x0000000772400000)
  to   space 10240K, 0% used [0x0000000771000000,0x0000000771000000,0x0000000771a00000)
 ParOldGen       total 171008K, used 96K [0x00000006c7200000, 0x00000006d1900000, 0x000000076d100000)
  object space 171008K, 0% used [0x00000006c7200000,0x00000006c7218010,0x00000006d1900000)
 Metaspace       used 11706K, capacity 12020K, committed 12032K, reserved 1060864K
  class space    used 1164K, capacity 1272K, committed 1280K, reserved 1048576K
Event: 3.245 GC heap after
Heap after GC invocations=3 (full 0):
 PSYoungGen      total 74752K, used 9208K [0x000000076d100000, 0x0000000776300000, 0x00000007c0000000)
  eden space 64512K, 0% used [0x000000076d100000,0x000000076d100000,0x0000000771000000)
  from space 10240K, 89% used [0x0000000771000000,0x00000007718fe060,0x0000000771a00000)
  to   space 10240K, 0% used [0x0000000775900000,0x0000000775900000,0x0000000776300000)
 ParOldGen       total 171008K, used 104K [0x00000006c7200000, 0x00000006d1900000, 0x000000076d100000)
  object space 171008K, 0% used [0x00000006c7200000,0x00000006c721a010,0x00000006d1900000)
 Metaspace       used 11706K, capacity 12020K, committed 12032K, reserved 1060864K
  class space    used 1164K, capacity 1272K, committed 1280K, reserved 1048576K
}
Event: 3.414 GC heap before
{Heap before GC invocations=4 (full 0):
 PSYoungGen      total 74752K, used 73720K [0x000000076d100000, 0x0000000776300000, 0x00000007c0000000)
  eden space 64512K, 100% used [0x000000076d100000,0x0000000771000000,0x0000000771000000)
  from space 10240K, 89% used [0x0000000771000000,0x00000007718fe060,0x0000000771a00000)
  to   space 10240K, 0% used [0x0000000775900000,0x0000000775900000,0x0000000776300000)
 ParOldGen       total 171008K, used 104K [0x00000006c7200000, 0x00000006d1900000, 0x000000076d100000)
  object space 171008K, 0% used [0x00000006c7200000,0x00000006c721a010,0x00000006d1900000)
 Metaspace       used 11720K, capacity 12030K, committed 12288K, reserved 1060864K
  class space    used 1165K, capacity 1273K, committed 1280K, reserved 1048576K
Event: 3.428 GC heap after
Heap after GC invocations=4 (full 0):
 PSYoungGen      total 139264K, used 10216K [0x000000076d100000, 0x0000000776300000, 0x00000007c0000000)
  eden space 129024K, 0% used [0x000000076d100000,0x000000076d100000,0x0000000774f00000)
  from space 10240K, 99% used [0x0000000775900000,0x00000007762fa080,0x0000000776300000)
  to   space 10240K, 0% used [0x0000000774f00000,0x0000000774f00000,0x0000000775900000)
 ParOldGen       total 171008K, used 1032K [0x00000006c7200000, 0x00000006d1900000, 0x000000076d100000)
  object space 171008K, 0% used [0x00000006c7200000,0x00000006c7302020,0x00000006d1900000)
 Metaspace       used 11720K, capacity 12030K, committed 12288K, reserved 1060864K
  class space    used 1165K, capacity 1273K, committed 1280K, reserved 1048576K
}
Event: 3.765 GC heap before
{Heap before GC invocations=5 (full 0):
 PSYoungGen      total 139264K, used 139240K [0x000000076d100000, 0x0000000776300000, 0x00000007c0000000)
  eden space 129024K, 100% used [0x000000076d100000,0x0000000774f00000,0x0000000774f00000)
  from space 10240K, 99% used [0x0000000775900000,0x00000007762fa080,0x0000000776300000)
  to   space 10240K, 0% used [0x0000000774f00000,0x0000000774f00000,0x0000000775900000)
 ParOldGen       total 171008K, used 1032K [0x00000006c7200000, 0x00000006d1900000, 0x000000076d100000)
  object space 171008K, 0% used [0x00000006c7200000,0x00000006c7302020,0x00000006d1900000)
 Metaspace       used 11727K, capacity 12030K, committed 12288K, reserved 1060864K
  class space    used 1165K, capacity 1273K, committed 1280K, reserved 1048576K
Event: 3.780 GC heap after
Heap after GC invocations=5 (full 0):
 PSYoungGen      total 139264K, used 10232K [0x000000076d100000, 0x000000077ec00000, 0x00000007c0000000)
  eden space 129024K, 0% used [0x000000076d100000,0x000000076d100000,0x0000000774f00000)
  from space 10240K, 99% used [0x0000000774f00000,0x00000007758fe030,0x0000000775900000)
  to   space 15872K, 0% used [0x000000077dc80000,0x000000077dc80000,0x000000077ec00000)
 ParOldGen       total 171008K, used 6532K [0x00000006c7200000, 0x00000006d1900000, 0x000000076d100000)
  object space 171008K, 3% used [0x00000006c7200000,0x00000006c7861070,0x00000006d1900000)
 Metaspace       used 11727K, capacity 12030K, committed 12288K, reserved 1060864K
  class space    used 1165K, capacity 1273K, committed 1280K, reserved 1048576K
}
Event: 4.157 GC heap before
{Heap before GC invocations=6 (full 0):
 PSYoungGen      total 139264K, used 139256K [0x000000076d100000, 0x000000077ec00000, 0x00000007c0000000)
  eden space 129024K, 100% used [0x000000076d100000,0x0000000774f00000,0x0000000774f00000)
  from space 10240K, 99% used [0x0000000774f00000,0x00000007758fe030,0x0000000775900000)
  to   space 15872K, 0% used [0x000000077dc80000,0x000000077dc80000,0x000000077ec00000)
 ParOldGen       total 171008K, used 6532K [0x00000006c7200000, 0x00000006d1900000, 0x000000076d100000)
  object space 171008K, 3% used [0x00000006c7200000,0x00000006c7861070,0x00000006d1900000)
 Metaspace       used 11821K, capacity 12180K, committed 12288K, reserved 1060864K
  class space    used 1171K, capacity 1278K, committed 1280K, reserved 1048576K
Event: 4.186 GC heap after
Heap after GC invocations=6 (full 0):
 PSYoungGen      total 267264K, used 15864K [0x000000076d100000, 0x000000077f900000, 0x00000007c0000000)
  eden space 251392K, 0% used [0x000000076d100000,0x000000076d100000,0x000000077c680000)
  from space 15872K, 99% used [0x000000077dc80000,0x000000077ebfe0a0,0x000000077ec00000)
  to   space 22528K, 0% used [0x000000077c680000,0x000000077c680000,0x000000077dc80000)
 ParOldGen       total 171008K, used 13640K [0x00000006c7200000, 0x00000006d1900000, 0x000000076d100000)
  object space 171008K, 7% used [0x00000006c7200000,0x00000006c7f520c0,0x00000006d1900000)
 Metaspace       used 11821K, capacity 12180K, committed 12288K, reserved 1060864K
  class space    used 1171K, capacity 1278K, committed 1280K, reserved 1048576K
}
Event: 4.688 GC heap before
{Heap before GC invocations=7 (full 0):
 PSYoungGen      total 267264K, used 267256K [0x000000076d100000, 0x000000077f900000, 0x00000007c0000000)
  eden space 251392K, 100% used [0x000000076d100000,0x000000077c680000,0x000000077c680000)
  from space 15872K, 99% used [0x000000077dc80000,0x000000077ebfe0a0,0x000000077ec00000)
  to   space 22528K, 0% used [0x000000077c680000,0x000000077c680000,0x000000077dc80000)
 ParOldGen       total 171008K, used 13640K [0x00000006c7200000, 0x00000006d1900000, 0x000000076d100000)
  object space 171008K, 7% used [0x00000006c7200000,0x00000006c7f520c0,0x00000006d1900000)
 Metaspace       used 11845K, capacity 12244K, committed 12288K, reserved 1060864K
  class space    used 1171K, capacity 1278K, committed 1280K, reserved 1048576K
Event: 4.715 GC heap after
Heap after GC invocations=7 (full 0):
 PSYoungGen      total 273920K, used 22507K [0x000000076d100000, 0x000000078f800000, 0x00000007c0000000)
  eden space 251392K, 0% used [0x000000076d100000,0x000000076d100000,0x000000077c680000)
  from space 22528K, 99% used [0x000000077c680000,0x000000077dc7ae88,0x000000077dc80000)
  to   space 30720K, 0% used [0x000000078da00000,0x000000078da00000,0x000000078f800000)
 ParOldGen       total 171008K, used 23225K [0x00000006c7200000, 0x00000006d1900000, 0x000000076d100000)
  object space 171008K, 13% used [0x00000006c7200000,0x00000006c88ae730,0x00000006d1900000)
 Metaspace       used 11845K, capacity 12244K, committed 12288K, reserved 1060864K
  class space    used 1171K, capacity 1278K, committed 1280K, reserved 1048576K
}
Event: 32.668 GC heap before
{Heap before GC invocations=8 (full 0):
 PSYoungGen      total 273920K, used 273899K [0x000000076d100000, 0x000000078f800000, 0x00000007c0000000)
  eden space 251392K, 100% used [0x000000076d100000,0x000000077c680000,0x000000077c680000)
  from space 22528K, 99% used [0x000000077c680000,0x000000077dc7ae88,0x000000077dc80000)
  to   space 30720K, 0% used [0x000000078da00000,0x000000078da00000,0x000000078f800000)
 ParOldGen       total 171008K, used 23225K [0x00000006c7200000, 0x00000006d1900000, 0x000000076d100000)
  object space 171008K, 13% used [0x00000006c7200000,0x00000006c88ae730,0x00000006d1900000)
 Metaspace       used 12027K, capacity 12386K, committed 12672K, reserved 1060864K
  class space    used 1177K, capacity 1281K, committed 1408K, reserved 1048576K
Event: 32.696 GC heap after
Heap after GC invocations=8 (full 0):
 PSYoungGen      total 531968K, used 22403K [0x000000076d100000, 0x000000078fb00000, 0x00000007c0000000)
  eden space 501248K, 0% used [0x000000076d100000,0x000000076d100000,0x000000078ba80000)
  from space 30720K, 72% used [0x000000078da00000,0x000000078efe0ea8,0x000000078f800000)
  to   space 32256K, 0% used [0x000000078ba80000,0x000000078ba80000,0x000000078da00000)
 ParOldGen       total 171008K, used 24377K [0x00000006c7200000, 0x00000006d1900000, 0x000000076d100000)
  object space 171008K, 14% used [0x00000006c7200000,0x00000006c89ce730,0x00000006d1900000)
 Metaspace       used 12027K, capacity 12386K, committed 12672K, reserved 1060864K
  class space    used 1177K, capacity 1281K, committed 1408K, reserved 1048576K
}
Event: 39.770 GC heap before
{Heap before GC invocations=9 (full 0):
 PSYoungGen      total 531968K, used 523651K [0x000000076d100000, 0x000000078fb00000, 0x00000007c0000000)
  eden space 501248K, 100% used [0x000000076d100000,0x000000078ba80000,0x000000078ba80000)
  from space 30720K, 72% used [0x000000078da00000,0x000000078efe0ea8,0x000000078f800000)
  to   space 32256K, 0% used [0x000000078ba80000,0x000000078ba80000,0x000000078da00000)
 ParOldGen       total 171008K, used 24377K [0x00000006c7200000, 0x00000006d1900000, 0x000000076d100000)
  object space 171008K, 14% used [0x00000006c7200000,0x00000006c89ce730,0x00000006d1900000)
 Metaspace       used 12086K, capacity 12454K, committed 12672K, reserved 1060864K
  class space    used 1177K, capacity 1281K, committed 1408K, reserved 1048576K

