# JRE version: OpenJDK Runtime Environment (8.0_191-b12) (build 1.8.0_191-b12)
# Java VM: OpenJDK 64-Bit Server VM (25.191-b12 mixed mode linux-amd64 compressed oops)
Heap:
 PSYoungGen      total 474112K, used 3104K [0x000000076d100000, 0x000000078e680000, 0x00000007c0000000)
  eden space 409600K, 0% used [0x000000076d100000,0x000000076d100000,0x0000000786100000)
  from space 64512K, 4% used [0x0000000786100000,0x0000000786408000,0x000000078a000000)
  to   space 46080K, 0% used [0x000000078a000000,0x000000078a000000,0x000000078cd00000)
 ParOldGen       total 153088K, used 145727K [0x00000006c7200000, 0x00000006d0780000, 0x000000076d100000)
  object space 153088K, 95% used [0x00000006c7200000,0x00000006d004fd90,0x00000006d0780000)
 Metaspace       used 42095K, capacity 42540K, committed 43048K, reserved 1085440K
  class space    used 6015K, capacity 6140K, committed 6184K, reserved 1048576K
GC Heap History (31 events):
Event: 8.308 GC heap before
{Heap before GC invocations=1 (full 0):
 PSYoungGen      total 74752K, used 37455K [0x000000076d100000, 0x0000000772400000, 0x00000007c0000000)
  eden space 64512K, 58% used [0x000000076d100000,0x000000076f593d90,0x0000000771000000)
  from space 10240K, 0% used [0x0000000771a00000,0x0000000771a00000,0x0000000772400000)
  to   space 10240K, 0% used [0x0000000771000000,0x0000000771000000,0x0000000771a00000)
 ParOldGen       total 171008K, used 0K [0x00000006c7200000, 0x00000006d1900000, 0x000000076d100000)
  object space 171008K, 0% used [0x00000006c7200000,0x00000006c7200000,0x00000006d1900000)
 Metaspace       used 20701K, capacity 20992K, committed 21296K, reserved 1069056K
  class space    used 2475K, capacity 2592K, committed 2608K, reserved 1048576K
Event: 8.323 GC heap after
Heap after GC invocations=1 (full 0):
 PSYoungGen      total 74752K, used 6919K [0x000000076d100000, 0x0000000772400000, 0x00000007c0000000)
  eden space 64512K, 0% used [0x000000076d100000,0x000000076d100000,0x0000000771000000)
  from space 10240K, 67% used [0x0000000771000000,0x00000007716c1e28,0x0000000771a00000)
  to   space 10240K, 0% used [0x0000000771a00000,0x0000000771a00000,0x0000000772400000)
 ParOldGen       total 171008K, used 24K [0x00000006c7200000, 0x00000006d1900000, 0x000000076d100000)
  object space 171008K, 0% used [0x00000006c7200000,0x00000006c7206000,0x00000006d1900000)
 Metaspace       used 20701K, capacity 20992K, committed 21296K, reserved 1069056K
  class space    used 2475K, capacity 2592K, committed 2608K, reserved 1048576K
}
Event: 8.323 GC heap before
{Heap before GC invocations=2 (full 1):
 PSYoungGen      total 74752K, used 6919K [0x000000076d100000, 0x0000000772400000, 0x00000007c0000000)
  eden space 64512K, 0% used [0x000000076d100000,0x000000076d100000,0x0000000771000000)
  from space 10240K, 67% used [0x0000000771000000,0x00000007716c1e28,0x0000000771a00000)
  to   space 10240K, 0% used [0x0000000771a00000,0x0000000771a00000,0x0000000772400000)
 ParOldGen       total 171008K, used 24K [0x00000006c7200000, 0x00000006d1900000, 0x000000076d100000)
  object space 171008K, 0% used [0x00000006c7200000,0x00000006c7206000,0x00000006d1900000)
 Metaspace       used 20701K, capacity 20992K, committed 21296K, reserved 1069056K
  class space    used 2475K, capacity 2592K, committed 2608K, reserved 1048576K
Event: 8.355 GC heap after
Heap after GC invocations=2 (full 1):
 PSYoungGen      total 74752K, used 0K [0x000000076d100000, 0x0000000772400000, 0x00000007c0000000)
  eden space 64512K, 0% used [0x000000076d100000,0x000000076d100000,0x0000000771000000)
  from space 10240K, 0% used [0x0000000771000000,0x0000000771000000,0x0000000771a00000)
  to   space 10240K, 0% used [0x0000000771a00000,0x0000000771a00000,0x0000000772400000)
 ParOldGen       total 71680K, used 6728K [0x00000006c7200000, 0x00000006cb800000, 0x000000076d100000)
  object space 71680K, 9% used [0x00000006c7200000,0x00000006c7892100,0x00000006cb800000)
 Metaspace       used 20701K, capacity 20992K, committed 21296K, reserved 1069056K
  class space    used 2475K, capacity 2592K, committed 2608K, reserved 1048576K
}
Event: 17.435 GC heap before
{Heap before GC invocations=3 (full 1):
 PSYoungGen      total 74752K, used 48712K [0x000000076d100000, 0x0000000772400000, 0x00000007c0000000)
  eden space 64512K, 75% used [0x000000076d100000,0x0000000770092240,0x0000000771000000)
  from space 10240K, 0% used [0x0000000771000000,0x0000000771000000,0x0000000771a00000)
  to   space 10240K, 0% used [0x0000000771a00000,0x0000000771a00000,0x0000000772400000)
 ParOldGen       total 71680K, used 6728K [0x00000006c7200000, 0x00000006cb800000, 0x000000076d100000)
  object space 71680K, 9% used [0x00000006c7200000,0x00000006c7892100,0x00000006cb800000)
 Metaspace       used 34729K, capacity 35130K, committed 35496K, reserved 1079296K
  class space    used 5079K, capacity 5225K, committed 5288K, reserved 1048576K
Event: 17.450 GC heap after
Heap after GC invocations=3 (full 1):
 PSYoungGen      total 74752K, used 5522K [0x000000076d100000, 0x0000000772400000, 0x00000007c0000000)
  eden space 64512K, 0% used [0x000000076d100000,0x000000076d100000,0x0000000771000000)
  from space 10240K, 53% used [0x0000000771a00000,0x0000000771f648d0,0x0000000772400000)
  to   space 10240K, 0% used [0x0000000771000000,0x0000000771000000,0x0000000771a00000)
 ParOldGen       total 71680K, used 6736K [0x00000006c7200000, 0x00000006cb800000, 0x000000076d100000)
  object space 71680K, 9% used [0x00000006c7200000,0x00000006c7894100,0x00000006cb800000)
 Metaspace       used 34729K, capacity 35130K, committed 35496K, reserved 1079296K
  class space    used 5079K, capacity 5225K, committed 5288K, reserved 1048576K
}
Event: 17.450 GC heap before
{Heap before GC invocations=4 (full 2):
 PSYoungGen      total 74752K, used 5522K [0x000000076d100000, 0x0000000772400000, 0x00000007c0000000)
  eden space 64512K, 0% used [0x000000076d100000,0x000000076d100000,0x0000000771000000)
  from space 10240K, 53% used [0x0000000771a00000,0x0000000771f648d0,0x0000000772400000)
  to   space 10240K, 0% used [0x0000000771000000,0x0000000771000000,0x0000000771a00000)
 ParOldGen       total 71680K, used 6736K [0x00000006c7200000, 0x00000006cb800000, 0x000000076d100000)
  object space 71680K, 9% used [0x00000006c7200000,0x00000006c7894100,0x00000006cb800000)
 Metaspace       used 34729K, capacity 35130K, committed 35496K, reserved 1079296K
  class space    used 5079K, capacity 5225K, committed 5288K, reserved 1048576K
Event: 17.490 GC heap after
Heap after GC invocations=4 (full 2):
 PSYoungGen      total 74752K, used 0K [0x000000076d100000, 0x0000000772400000, 0x00000007c0000000)
  eden space 64512K, 0% used [0x000000076d100000,0x000000076d100000,0x0000000771000000)
  from space 10240K, 0% used [0x0000000771a00000,0x0000000771a00000,0x0000000772400000)
  to   space 10240K, 0% used [0x0000000771000000,0x0000000771000000,0x0000000771a00000)
 ParOldGen       total 75264K, used 10421K [0x00000006c7200000, 0x00000006cbb80000, 0x000000076d100000)
  object space 75264K, 13% used [0x00000006c7200000,0x00000006c7c2d4a8,0x00000006cbb80000)
 Metaspace       used 34729K, capacity 35130K, committed 35496K, reserved 1079296K
  class space    used 5079K, capacity 5225K, committed 5288K, reserved 1048576K
}
Event: 19.680 GC heap before
{Heap before GC invocations=5 (full 2):
 PSYoungGen      total 74752K, used 64512K [0x000000076d100000, 0x0000000772400000, 0x00000007c0000000)
  eden space 64512K, 100% used [0x000000076d100000,0x0000000771000000,0x0000000771000000)
  from space 10240K, 0% used [0x0000000771a00000,0x0000000771a00000,0x0000000772400000)
  to   space 10240K, 0% used [0x0000000771000000,0x0000000771000000,0x0000000771a00000)
 ParOldGen       total 75264K, used 10421K [0x00000006c7200000, 0x00000006cbb80000, 0x000000076d100000)
  object space 75264K, 13% used [0x00000006c7200000,0x00000006c7c2d4a8,0x00000006cbb80000)
 Metaspace       used 38034K, capacity 38438K, committed 38952K, reserved 1083392K
  class space    used 5720K, capacity 5835K, committed 5928K, reserved 1048576K
Event: 19.688 GC heap after
Heap after GC invocations=5 (full 2):
 PSYoungGen      total 74752K, used 10212K [0x000000076d100000, 0x0000000772400000, 0x00000007c0000000)
  eden space 64512K, 0% used [0x000000076d100000,0x000000076d100000,0x0000000771000000)
  from space 10240K, 99% used [0x0000000771000000,0x00000007719f9040,0x0000000771a00000)
  to   space 10240K, 0% used [0x0000000771a00000,0x0000000771a00000,0x0000000772400000)
 ParOldGen       total 75264K, used 23921K [0x00000006c7200000, 0x00000006cbb80000, 0x000000076d100000)
  object space 75264K, 31% used [0x00000006c7200000,0x00000006c895c468,0x00000006cbb80000)
 Metaspace       used 38034K, capacity 38438K, committed 38952K, reserved 1083392K
  class space    used 5720K, capacity 5835K, committed 5928K, reserved 1048576K
}
Event: 27.300 GC heap before
{Heap before GC invocations=6 (full 2):
 PSYoungGen      total 74752K, used 74724K [0x000000076d100000, 0x0000000772400000, 0x00000007c0000000)
  eden space 64512K, 100% used [0x000000076d100000,0x0000000771000000,0x0000000771000000)
  from space 10240K, 99% used [0x0000000771000000,0x00000007719f9040,0x0000000771a00000)
  to   space 10240K, 0% used [0x0000000771a00000,0x0000000771a00000,0x0000000772400000)
 ParOldGen       total 75264K, used 23921K [0x00000006c7200000, 0x00000006cbb80000, 0x000000076d100000)
  object space 75264K, 31% used [0x00000006c7200000,0x00000006c895c468,0x00000006cbb80000)
 Metaspace       used 39903K, capacity 40314K, committed 40744K, reserved 1083392K
  class space    used 5921K, capacity 6067K, committed 6184K, reserved 1048576K
Event: 27.321 GC heap after
Heap after GC invocations=6 (full 2):
 PSYoungGen      total 74752K, used 10218K [0x000000076d100000, 0x0000000772400000, 0x00000007c0000000)
  eden space 64512K, 0% used [0x000000076d100000,0x000000076d100000,0x0000000771000000)
  from space 10240K, 99% used [0x0000000771a00000,0x00000007723fa8c8,0x0000000772400000)
  to   space 10240K, 0% used [0x0000000771000000,0x0000000771000000,0x0000000771a00000)
 ParOldGen       total 75264K, used 61014K [0x00000006c7200000, 0x00000006cbb80000, 0x000000076d100000)
  object space 75264K, 81% used [0x00000006c7200000,0x00000006cad95870,0x00000006cbb80000)
 Metaspace       used 39903K, capacity 40314K, committed 40744K, reserved 1083392K
  class space    used 5921K, capacity 6067K, committed 6184K, reserved 1048576K
}
Event: 27.321 GC heap before
{Heap before GC invocations=7 (full 3):
 PSYoungGen      total 74752K, used 10218K [0x000000076d100000, 0x0000000772400000, 0x00000007c0000000)
  eden space 64512K, 0% used [0x000000076d100000,0x000000076d100000,0x0000000771000000)
  from space 10240K, 99% used [0x0000000771a00000,0x00000007723fa8c8,0x0000000772400000)
  to   space 10240K, 0% used [0x0000000771000000,0x0000000771000000,0x0000000771a00000)
 ParOldGen       total 75264K, used 61014K [0x00000006c7200000, 0x00000006cbb80000, 0x000000076d100000)
  object space 75264K, 81% used [0x00000006c7200000,0x00000006cad95870,0x00000006cbb80000)
 Metaspace       used 39903K, capacity 40314K, committed 40744K, reserved 1083392K
  class space    used 5921K, capacity 6067K, committed 6184K, reserved 1048576K
Event: 27.418 GC heap after
Heap after GC invocations=7 (full 3):
 PSYoungGen      total 74752K, used 0K [0x000000076d100000, 0x0000000772400000, 0x00000007c0000000)
  eden space 64512K, 0% used [0x000000076d100000,0x000000076d100000,0x0000000771000000)
  from space 10240K, 0% used [0x0000000771a00000,0x0000000771a00000,0x0000000772400000)
  to   space 10240K, 0% used [0x0000000771000000,0x0000000771000000,0x0000000771a00000)
 ParOldGen       total 153088K, used 50532K [0x00000006c7200000, 0x00000006d0780000, 0x000000076d100000)
  object space 153088K, 33% used [0x00000006c7200000,0x00000006ca359250,0x00000006d0780000)
 Metaspace       used 39903K, capacity 40314K, committed 40744K, reserved 1083392K
  class space    used 5921K, capacity 6067K, committed 6184K, reserved 1048576K
}
Event: 27.723 GC heap before
{Heap before GC invocations=8 (full 3):
 PSYoungGen      total 74752K, used 64512K [0x000000076d100000, 0x0000000772400000, 0x00000007c0000000)
  eden space 64512K, 100% used [0x000000076d100000,0x0000000771000000,0x0000000771000000)
  from space 10240K, 0% used [0x0000000771a00000,0x0000000771a00000,0x0000000772400000)
  to   space 10240K, 0% used [0x0000000771000000,0x0000000771000000,0x0000000771a00000)
 ParOldGen       total 153088K, used 50532K [0x00000006c7200000, 0x00000006d0780000, 0x000000076d100000)
  object space 153088K, 33% used [0x00000006c7200000,0x00000006ca359250,0x00000006d0780000)
 Metaspace       used 39952K, capacity 40314K, committed 40744K, reserved 1083392K
  class space    used 5921K, capacity 6067K, committed 6184K, reserved 1048576K
Event: 27.745 GC heap after
Heap after GC invocations=8 (full 3):
 PSYoungGen      total 74752K, used 10221K [0x000000076d100000, 0x0000000779600000, 0x00000007c0000000)
  eden space 64512K, 0% used [0x000000076d100000,0x000000076d100000,0x0000000771000000)
  from space 10240K, 99% used [0x0000000771000000,0x00000007719fb478,0x0000000771a00000)
  to   space 45568K, 0% used [0x0000000776980000,0x0000000776980000,0x0000000779600000)
 ParOldGen       total 153088K, used 62692K [0x00000006c7200000, 0x00000006d0780000, 0x000000076d100000)
  object space 153088K, 40% used [0x00000006c7200000,0x00000006caf39250,0x00000006d0780000)
 Metaspace       used 39952K, capacity 40314K, committed 40744K, reserved 1083392K
  class space    used 5921K, capacity 6067K, committed 6184K, reserved 1048576K
}
Event: 27.898 GC heap before
{Heap before GC invocations=9 (full 3):
 PSYoungGen      total 74752K, used 74733K [0x000000076d100000, 0x0000000779600000, 0x00000007c0000000)
  eden space 64512K, 100% used [0x000000076d100000,0x0000000771000000,0x0000000771000000)
  from space 10240K, 99% used [0x0000000771000000,0x00000007719fb478,0x0000000771a00000)
  to   space 45568K, 0% used [0x0000000776980000,0x0000000776980000,0x0000000779600000)
 ParOldGen       total 153088K, used 62692K [0x00000006c7200000, 0x00000006d0780000, 0x000000076d100000)
  object space 153088K, 40% used [0x00000006c7200000,0x00000006caf39250,0x00000006d0780000)
 Metaspace       used 39960K, capacity 40378K, committed 41000K, reserved 1083392K
  class space    used 5922K, capacity 6067K, committed 6184K, reserved 1048576K
Event: 27.910 GC heap after
Heap after GC invocations=9 (full 3):
 PSYoungGen      total 157696K, used 10317K [0x000000076d100000, 0x0000000779a80000, 0x00000007c0000000)
  eden space 112128K, 0% used [0x000000076d100000,0x000000076d100000,0x0000000773e80000)
  from space 45568K, 22% used [0x0000000776980000,0x0000000777393478,0x0000000779600000)
  to   space 44032K, 0% used [0x0000000773e80000,0x0000000773e80000,0x0000000776980000)
 ParOldGen       total 153088K, used 62700K [0x00000006c7200000, 0x00000006d0780000, 0x000000076d100000)
  object space 153088K, 40% used [0x00000006c7200000,0x00000006caf3b250,0x00000006d0780000)
 Metaspace       used 39960K, capacity 40378K, committed 41000K, reserved 1083392K
  class space    used 5922K, capacity 6067K, committed 6184K, reserved 1048576K
}
Event: 28.227 GC heap before
{Heap before GC invocations=10 (full 3):
 PSYoungGen      total 157696K, used 122445K [0x000000076d100000, 0x0000000779a80000, 0x00000007c0000000)
  eden space 112128K, 100% used [0x000000076d100000,0x0000000773e80000,0x0000000773e80000)
  from space 45568K, 22% used [0x0000000776980000,0x0000000777393478,0x0000000779600000)
  to   space 44032K, 0% used [0x0000000773e80000,0x0000000773e80000,0x0000000776980000)
 ParOldGen       total 153088K, used 62700K [0x00000006c7200000, 0x00000006d0780000, 0x000000076d100000)
  object space 153088K, 40% used [0x00000006c7200000,0x00000006caf3b250,0x00000006d0780000)
 Metaspace       used 39964K, capacity 40378K, committed 41000K, reserved 1083392K
  class space    used 5922K, capacity 6067K, committed 6184K, reserved 1048576K
Event: 28.237 GC heap after
Heap after GC invocations=10 (full 3):
 PSYoungGen      total 156160K, used 9430K [0x000000076d100000, 0x000000077ed80000, 0x00000007c0000000)
  eden space 112128K, 0% used [0x000000076d100000,0x000000076d100000,0x0000000773e80000)
  from space 44032K, 21% used [0x0000000773e80000,0x00000007747b5bf0,0x0000000776980000)
  to   space 43008K, 0% used [0x000000077c380000,0x000000077c380000,0x000000077ed80000)
 ParOldGen       total 153088K, used 62708K [0x00000006c7200000, 0x00000006d0780000, 0x000000076d100000)
  object space 153088K, 40% used [0x00000006c7200000,0x00000006caf3d250,0x00000006d0780000)
 Metaspace       used 39964K, capacity 40378K, committed 41000K, reserved 1083392K
  class space    used 5922K, capacity 6067K, committed 6184K, reserved 1048576K
}
Event: 28.446 GC heap before
{Heap before GC invocations=11 (full 3):
 PSYoungGen      total 156160K, used 121558K [0x000000076d100000, 0x000000077ed80000, 0x00000007c0000000)
  eden space 112128K, 100% used [0x000000076d100000,0x0000000773e80000,0x0000000773e80000)
  from space 44032K, 21% used [0x0000000773e80000,0x00000007747b5bf0,0x0000000776980000)
  to   space 43008K, 0% used [0x000000077c380000,0x000000077c380000,0x000000077ed80000)
 ParOldGen       total 153088K, used 62708K [0x00000006c7200000, 0x00000006d0780000, 0x000000076d100000)
  object space 153088K, 40% used [0x00000006c7200000,0x00000006caf3d250,0x00000006d0780000)
 Metaspace       used 39966K, capacity 40378K, committed 41000K, reserved 1083392K
  class space    used 5922K, capacity 6067K, committed 6184K, reserved 1048576K
Event: 28.451 GC heap after
Heap after GC invocations=11 (full 3):
 PSYoungGen      total 244224K, used 9430K [0x000000076d100000, 0x000000077ea00000, 0x00000007c0000000)
  eden space 204800K, 0% used [0x000000076d100000,0x000000076d100000,0x0000000779900000)
  from space 39424K, 23% used [0x000000077c380000,0x000000077ccb5bf0,0x000000077ea00000)
  to   space 41472K, 0% used [0x0000000779900000,0x0000000779900000,0x000000077c180000)
 ParOldGen       total 153088K, used 62708K [0x00000006c7200000, 0x00000006d0780000, 0x000000076d100000)
  object space 153088K, 40% used [0x00000006c7200000,0x00000006caf3d250,0x00000006d0780000)
 Metaspace       used 39966K, capacity 40378K, committed 41000K, reserved 1083392K
  class space    used 5922K, capacity 6067K, committed 6184K, reserved 1048576K
}
Event: 28.949 GC heap before
{Heap before GC invocations=12 (full 3):
 PSYoungGen      total 244224K, used 214230K [0x000000076d100000, 0x000000077ea00000, 0x00000007c0000000)
  eden space 204800K, 100% used [0x000000076d100000,0x0000000779900000,0x0000000779900000)
  from space 39424K, 23% used [0x000000077c380000,0x000000077ccb5bf0,0x000000077ea00000)
  to   space 41472K, 0% used [0x0000000779900000,0x0000000779900000,0x000000077c180000)
 ParOldGen       total 153088K, used 62708K [0x00000006c7200000, 0x00000006d0780000, 0x000000076d100000)
  object space 153088K, 40% used [0x00000006c7200000,0x00000006caf3d250,0x00000006d0780000)
 Metaspace       used 40005K, capacity 40442K, committed 41000K, reserved 1083392K
  class space    used 5923K, capacity 6067K, committed 6184K, reserved 1048576K
Event: 28.957 GC heap after
Heap after GC invocations=12 (full 3):
 PSYoungGen      total 246272K, used 768K [0x000000076d100000, 0x0000000784b80000, 0x00000007c0000000)
  eden space 204800K, 0% used [0x000000076d100000,0x000000076d100000,0x0000000779900000)
  from space 41472K, 1% used [0x0000000779900000,0x00000007799c0000,0x000000077c180000)
  to   space 41984K, 0% used [0x0000000782280000,0x0000000782280000,0x0000000784b80000)
 ParOldGen       total 153088K, used 71571K [0x00000006c7200000, 0x00000006d0780000, 0x000000076d100000)
  object space 153088K, 46% used [0x00000006c7200000,0x00000006cb7e4e40,0x00000006d0780000)
 Metaspace       used 40005K, capacity 40442K, committed 41000K, reserved 1083392K
  class space    used 5923K, capacity 6067K, committed 6184K, reserved 1048576K
}
Event: 30.795 GC heap before
{Heap before GC invocations=13 (full 3):
 PSYoungGen      total 246272K, used 205425K [0x000000076d100000, 0x0000000784b80000, 0x00000007c0000000)
  eden space 204800K, 99% used [0x000000076d100000,0x00000007798dc718,0x0000000779900000)
  from space 41472K, 1% used [0x0000000779900000,0x00000007799c0000,0x000000077c180000)
  to   space 41984K, 0% used [0x0000000782280000,0x0000000782280000,0x0000000784b80000)
 ParOldGen       total 153088K, used 71571K [0x00000006c7200000, 0x00000006d0780000, 0x000000076d100000)
  object space 153088K, 46% used [0x00000006c7200000,0x00000006cb7e4e40,0x00000006d0780000)
 Metaspace       used 40063K, capacity 40506K, committed 41000K, reserved 1083392K
  class space    used 5928K, capacity 6067K, committed 6184K, reserved 1048576K
Event: 30.807 GC heap after
Heap after GC invocations=13 (full 3):
 PSYoungGen      total 337408K, used 160K [0x000000076d100000, 0x0000000784780000, 0x00000007c0000000)
  eden space 299520K, 0% used [0x000000076d100000,0x000000076d100000,0x000000077f580000)
  from space 37888K, 0% used [0x0000000782280000,0x00000007822a8000,0x0000000784780000)
  to   space 41984K, 0% used [0x000000077f580000,0x000000077f580000,0x0000000781e80000)
 ParOldGen       total 153088K, used 72139K [0x00000006c7200000, 0x00000006d0780000, 0x000000076d100000)
  object space 153088K, 47% used [0x00000006c7200000,0x00000006cb872e40,0x00000006d0780000)
 Metaspace       used 40063K, capacity 40506K, committed 41000K, reserved 1083392K
  class space    used 5928K, capacity 6067K, committed 6184K, reserved 1048576K
}
Event: 1248.756 GC heap before
{Heap before GC invocations=14 (full 3):
 PSYoungGen      total 337408K, used 299680K [0x000000076d100000, 0x0000000784780000, 0x00000007c0000000)
  eden space 299520K, 100% used [0x000000076d100000,0x000000077f580000,0x000000077f580000)
  from space 37888K, 0% used [0x0000000782280000,0x00000007822a8000,0x0000000784780000)
  to   space 41984K, 0% used [0x000000077f580000,0x000000077f580000,0x0000000781e80000)
 ParOldGen       total 153088K, used 72139K [0x00000006c7200000, 0x00000006d0780000, 0x000000076d100000)
  object space 153088K, 47% used [0x00000006c7200000,0x00000006cb872e40,0x00000006d0780000)
 Metaspace       used 41667K, capacity 42124K, committed 42536K, reserved 1085440K
  class space    used 5978K, capacity 6108K, committed 6184K, reserved 1048576K
Event: 1248.798 GC heap after
Heap after GC invocations=14 (full 3):
 PSYoungGen      total 341504K, used 31926K [0x000000076d100000, 0x000000078cd00000, 0x00000007c0000000)
  eden space 299520K, 0% used [0x000000076d100000,0x000000076d100000,0x000000077f580000)
  from space 41984K, 76% used [0x000000077f580000,0x00000007814ad888,0x0000000781e80000)
  to   space 46080K, 0% used [0x000000078a000000,0x000000078a000000,0x000000078cd00000)
 ParOldGen       total 153088K, used 72211K [0x00000006c7200000, 0x00000006d0780000, 0x000000076d100000)
  object space 153088K, 47% used [0x00000006c7200000,0x00000006cb884e50,0x00000006d0780000)
 Metaspace       used 41667K, capacity 42124K, committed 42536K, reserved 1085440K
  class space    used 5978K, capacity 6108K, committed 6184K, reserved 1048576K
}
Event: 1946.997 GC heap before
{Heap before GC invocations=15 (full 3):
 PSYoungGen      total 341504K, used 331446K [0x000000076d100000, 0x000000078cd00000, 0x00000007c0000000)
  eden space 299520K, 100% used [0x000000076d100000,0x000000077f580000,0x000000077f580000)
  from space 41984K, 76% used [0x000000077f580000,0x00000007814ad888,0x0000000781e80000)
  to   space 46080K, 0% used [0x000000078a000000,0x000000078a000000,0x000000078cd00000)
 ParOldGen       total 153088K, used 72211K [0x00000006c7200000, 0x00000006d0780000, 0x000000076d100000)
  object space 153088K, 47% used [0x00000006c7200000,0x00000006cb884e50,0x00000006d0780000)
 Metaspace       used 42089K, capacity 42540K, committed 43048K, reserved 1085440K
  class space    used 6015K, capacity 6140K, committed 6184K, reserved 1048576K
Event: 1947.077 GC heap after
Heap after GC invocations=15 (full 3):
 PSYoungGen      total 455680K, used 46050K [0x000000076d100000, 0x000000078e680000, 0x00000007c0000000)
  eden space 409600K, 0% used [0x000000076d100000,0x000000076d100000,0x0000000786100000)
  from space 46080K, 99% used [0x000000078a000000,0x000000078ccf8b80,0x000000078cd00000)
  to   space 64512K, 0% used [0x0000000786100000,0x0000000786100000,0x000000078a000000)
 ParOldGen       total 153088K, used 99818K [0x00000006c7200000, 0x00000006d0780000, 0x000000076d100000)
  object space 153088K, 65% used [0x00000006c7200000,0x00000006cd37a8f0,0x00000006d0780000)
 Metaspace       used 42089K, capacity 42540K, committed 43048K, reserved 1085440K
  class space    used 6015K, capacity 6140K, committed 6184K, reserved 1048576K
}
Event: 1948.010 GC heap before
{Heap before GC invocations=16 (full 3):
 PSYoungGen      total 455680K, used 455650K [0x000000076d100000, 0x000000078e680000, 0x00000007c0000000)
  eden space 409600K, 100% used [0x000000076d100000,0x0000000786100000,0x0000000786100000)
  from space 46080K, 99% used [0x000000078a000000,0x000000078ccf8b80,0x000000078cd00000)
  to   space 64512K, 0% used [0x0000000786100000,0x0000000786100000,0x000000078a000000)
 ParOldGen       total 153088K, used 99818K [0x00000006c7200000, 0x00000006d0780000, 0x000000076d100000)
  object space 153088K, 65% used [0x00000006c7200000,0x00000006cd37a8f0,0x00000006d0780000)
 Metaspace       used 42095K, capacity 42540K, committed 43048K, reserved 1085440K
  class space    used 6015K, capacity 6140K, committed 6184K, reserved 1048576K

