# JRE version: OpenJDK Runtime Environment (8.0_191-b12) (build 1.8.0_191-b12)
# Java VM: OpenJDK 64-Bit Server VM (25.191-b12 mixed mode linux-amd64 compressed oops)
Heap:
 PSYoungGen      total 527872K, used 47612K [0x000000076d100000, 0x0000000790900000, 0x00000007c0000000)
  eden space 480256K, 0% used [0x000000076d100000,0x000000076d100000,0x000000078a600000)
  from space 47616K, 99% used [0x000000078a600000,0x000000078d47f140,0x000000078d480000)
  to   space 41472K, 0% used [0x000000078d480000,0x000000078d480000,0x000000078fd00000)
 ParOldGen       total 171008K, used 50012K [0x00000006c7200000, 0x00000006d1900000, 0x000000076d100000)
  object space 171008K, 29% used [0x00000006c7200000,0x00000006ca2d73e0,0x00000006d1900000)
 Metaspace       used 12116K, capacity 12460K, committed 12672K, reserved 1060864K
  class space    used 1179K, capacity 1282K, committed 1408K, reserved 1048576K
GC Heap History (17 events):
Event: 4.228 GC heap before
{Heap before GC invocations=1 (full 0):
 PSYoungGen      total 74752K, used 64512K [0x000000076d100000, 0x0000000772400000, 0x00000007c0000000)
  eden space 64512K, 100% used [0x000000076d100000,0x0000000771000000,0x0000000771000000)
  from space 10240K, 0% used [0x0000000771a00000,0x0000000771a00000,0x0000000772400000)
  to   space 10240K, 0% used [0x0000000771000000,0x0000000771000000,0x0000000771a00000)
 ParOldGen       total 171008K, used 0K [0x00000006c7200000, 0x00000006d1900000, 0x000000076d100000)
  object space 171008K, 0% used [0x00000006c7200000,0x00000006c7200000,0x00000006d1900000)
 Metaspace       used 11472K, capacity 11776K, committed 12032K, reserved 1060864K
  class space    used 1146K, capacity 1258K, committed 1280K, reserved 1048576K
Event: 4.238 GC heap after
Heap after GC invocations=1 (full 0):
 PSYoungGen      total 74752K, used 7267K [0x000000076d100000, 0x0000000772400000, 0x00000007c0000000)
  eden space 64512K, 0% used [0x000000076d100000,0x000000076d100000,0x0000000771000000)
  from space 10240K, 70% used [0x0000000771000000,0x0000000771718c48,0x0000000771a00000)
  to   space 10240K, 0% used [0x0000000771a00000,0x0000000771a00000,0x0000000772400000)
 ParOldGen       total 171008K, used 72K [0x00000006c7200000, 0x00000006d1900000, 0x000000076d100000)
  object space 171008K, 0% used [0x00000006c7200000,0x00000006c7212010,0x00000006d1900000)
 Metaspace       used 11472K, capacity 11776K, committed 12032K, reserved 1060864K
  class space    used 1146K, capacity 1258K, committed 1280K, reserved 1048576K
}
Event: 4.379 GC heap before
{Heap before GC invocations=2 (full 0):
 PSYoungGen      total 74752K, used 71779K [0x000000076d100000, 0x0000000772400000, 0x00000007c0000000)
  eden space 64512K, 100% used [0x000000076d100000,0x0000000771000000,0x0000000771000000)
  from space 10240K, 70% used [0x0000000771000000,0x0000000771718c48,0x0000000771a00000)
  to   space 10240K, 0% used [0x0000000771a00000,0x0000000771a00000,0x0000000772400000)
 ParOldGen       total 171008K, used 72K [0x00000006c7200000, 0x00000006d1900000, 0x000000076d100000)
  object space 171008K, 0% used [0x00000006c7200000,0x00000006c7212010,0x00000006d1900000)
 Metaspace       used 11534K, capacity 11856K, committed 12032K, reserved 1060864K
  class space    used 1147K, capacity 1258K, committed 1280K, reserved 1048576K
Event: 4.386 GC heap after
Heap after GC invocations=2 (full 0):
 PSYoungGen      total 74752K, used 8020K [0x000000076d100000, 0x0000000776300000, 0x00000007c0000000)
  eden space 64512K, 0% used [0x000000076d100000,0x000000076d100000,0x0000000771000000)
  from space 10240K, 78% used [0x0000000771a00000,0x00000007721d5000,0x0000000772400000)
  to   space 10240K, 0% used [0x0000000771000000,0x0000000771000000,0x0000000771a00000)
 ParOldGen       total 171008K, used 88K [0x00000006c7200000, 0x00000006d1900000, 0x000000076d100000)
  object space 171008K, 0% used [0x00000006c7200000,0x00000006c7216010,0x00000006d1900000)
 Metaspace       used 11534K, capacity 11856K, committed 12032K, reserved 1060864K
  class space    used 1147K, capacity 1258K, committed 1280K, reserved 1048576K
}
Event: 4.784 GC heap before
{Heap before GC invocations=3 (full 0):
 PSYoungGen      total 74752K, used 72532K [0x000000076d100000, 0x0000000776300000, 0x00000007c0000000)
  eden space 64512K, 100% used [0x000000076d100000,0x0000000771000000,0x0000000771000000)
  from space 10240K, 78% used [0x0000000771a00000,0x00000007721d5000,0x0000000772400000)
  to   space 10240K, 0% used [0x0000000771000000,0x0000000771000000,0x0000000771a00000)
 ParOldGen       total 171008K, used 88K [0x00000006c7200000, 0x00000006d1900000, 0x000000076d100000)
  object space 171008K, 0% used [0x00000006c7200000,0x00000006c7216010,0x00000006d1900000)
 Metaspace       used 11721K, capacity 12024K, committed 12032K, reserved 1060864K
  class space    used 1165K, capacity 1272K, committed 1280K, reserved 1048576K
Event: 4.796 GC heap after
Heap after GC invocations=3 (full 0):
 PSYoungGen      total 74752K, used 9096K [0x000000076d100000, 0x0000000776300000, 0x00000007c0000000)
  eden space 64512K, 0% used [0x000000076d100000,0x000000076d100000,0x0000000771000000)
  from space 10240K, 88% used [0x0000000771000000,0x00000007718e2050,0x0000000771a00000)
  to   space 10240K, 0% used [0x0000000775900000,0x0000000775900000,0x0000000776300000)
 ParOldGen       total 171008K, used 88K [0x00000006c7200000, 0x00000006d1900000, 0x000000076d100000)
  object space 171008K, 0% used [0x00000006c7200000,0x00000006c7216010,0x00000006d1900000)
 Metaspace       used 11721K, capacity 12024K, committed 12032K, reserved 1060864K
  class space    used 1165K, capacity 1272K, committed 1280K, reserved 1048576K
}
Event: 5.058 GC heap before
{Heap before GC invocations=4 (full 0):
 PSYoungGen      total 74752K, used 73608K [0x000000076d100000, 0x0000000776300000, 0x00000007c0000000)
  eden space 64512K, 100% used [0x000000076d100000,0x0000000771000000,0x0000000771000000)
  from space 10240K, 88% used [0x0000000771000000,0x00000007718e2050,0x0000000771a00000)
  to   space 10240K, 0% used [0x0000000775900000,0x0000000775900000,0x0000000776300000)
 ParOldGen       total 171008K, used 88K [0x00000006c7200000, 0x00000006d1900000, 0x000000076d100000)
  object space 171008K, 0% used [0x00000006c7200000,0x00000006c7216010,0x00000006d1900000)
 Metaspace       used 11734K, capacity 12034K, committed 12288K, reserved 1060864K
  class space    used 1165K, capacity 1273K, committed 1280K, reserved 1048576K
Event: 5.077 GC heap after
Heap after GC invocations=4 (full 0):
 PSYoungGen      total 139264K, used 10232K [0x000000076d100000, 0x0000000776300000, 0x00000007c0000000)
  eden space 129024K, 0% used [0x000000076d100000,0x000000076d100000,0x0000000774f00000)
  from space 10240K, 99% used [0x0000000775900000,0x00000007762fe050,0x0000000776300000)
  to   space 10240K, 0% used [0x0000000774f00000,0x0000000774f00000,0x0000000775900000)
 ParOldGen       total 171008K, used 440K [0x00000006c7200000, 0x00000006d1900000, 0x000000076d100000)
  object space 171008K, 0% used [0x00000006c7200000,0x00000006c726e020,0x00000006d1900000)
 Metaspace       used 11734K, capacity 12034K, committed 12288K, reserved 1060864K
  class space    used 1165K, capacity 1273K, committed 1280K, reserved 1048576K
}
Event: 6.026 GC heap before
{Heap before GC invocations=5 (full 0):
 PSYoungGen      total 139264K, used 139256K [0x000000076d100000, 0x0000000776300000, 0x00000007c0000000)
  eden space 129024K, 100% used [0x000000076d100000,0x0000000774f00000,0x0000000774f00000)
  from space 10240K, 99% used [0x0000000775900000,0x00000007762fe050,0x0000000776300000)
  to   space 10240K, 0% used [0x0000000774f00000,0x0000000774f00000,0x0000000775900000)
 ParOldGen       total 171008K, used 440K [0x00000006c7200000, 0x00000006d1900000, 0x000000076d100000)
  object space 171008K, 0% used [0x00000006c7200000,0x00000006c726e020,0x00000006d1900000)
 Metaspace       used 11741K, capacity 12098K, committed 12288K, reserved 1060864K
  class space    used 1165K, capacity 1273K, committed 1280K, reserved 1048576K
Event: 6.042 GC heap after
Heap after GC invocations=5 (full 0):
 PSYoungGen      total 139264K, used 10232K [0x000000076d100000, 0x000000077ec00000, 0x00000007c0000000)
  eden space 129024K, 0% used [0x000000076d100000,0x000000076d100000,0x0000000774f00000)
  from space 10240K, 99% used [0x0000000774f00000,0x00000007758fe050,0x0000000775900000)
  to   space 15872K, 0% used [0x000000077dc80000,0x000000077dc80000,0x000000077ec00000)
 ParOldGen       total 171008K, used 6488K [0x00000006c7200000, 0x00000006d1900000, 0x000000076d100000)
  object space 171008K, 3% used [0x00000006c7200000,0x00000006c7856080,0x00000006d1900000)
 Metaspace       used 11741K, capacity 12098K, committed 12288K, reserved 1060864K
  class space    used 1165K, capacity 1273K, committed 1280K, reserved 1048576K
}
Event: 6.945 GC heap before
{Heap before GC invocations=6 (full 0):
 PSYoungGen      total 139264K, used 139256K [0x000000076d100000, 0x000000077ec00000, 0x00000007c0000000)
  eden space 129024K, 100% used [0x000000076d100000,0x0000000774f00000,0x0000000774f00000)
  from space 10240K, 99% used [0x0000000774f00000,0x00000007758fe050,0x0000000775900000)
  to   space 15872K, 0% used [0x000000077dc80000,0x000000077dc80000,0x000000077ec00000)
 ParOldGen       total 171008K, used 6488K [0x00000006c7200000, 0x00000006d1900000, 0x000000076d100000)
  object space 171008K, 3% used [0x00000006c7200000,0x00000006c7856080,0x00000006d1900000)
 Metaspace       used 11835K, capacity 12250K, committed 12288K, reserved 1060864K
  class space    used 1173K, capacity 1279K, committed 1280K, reserved 1048576K
Event: 6.987 GC heap after
Heap after GC invocations=6 (full 0):
 PSYoungGen      total 259072K, used 15848K [0x000000076d100000, 0x0000000780900000, 0x00000007c0000000)
  eden space 243200K, 0% used [0x000000076d100000,0x000000076d100000,0x000000077be80000)
  from space 15872K, 99% used [0x000000077dc80000,0x000000077ebfa050,0x000000077ec00000)
  to   space 30720K, 0% used [0x000000077be80000,0x000000077be80000,0x000000077dc80000)
 ParOldGen       total 171008K, used 28316K [0x00000006c7200000, 0x00000006d1900000, 0x000000076d100000)
  object space 171008K, 16% used [0x00000006c7200000,0x00000006c8da7130,0x00000006d1900000)
 Metaspace       used 11835K, capacity 12250K, committed 12288K, reserved 1060864K
  class space    used 1173K, capacity 1279K, committed 1280K, reserved 1048576K
}
Event: 7.793 GC heap before
{Heap before GC invocations=7 (full 0):
 PSYoungGen      total 259072K, used 259048K [0x000000076d100000, 0x0000000780900000, 0x00000007c0000000)
  eden space 243200K, 100% used [0x000000076d100000,0x000000077be80000,0x000000077be80000)
  from space 15872K, 99% used [0x000000077dc80000,0x000000077ebfa050,0x000000077ec00000)
  to   space 30720K, 0% used [0x000000077be80000,0x000000077be80000,0x000000077dc80000)
 ParOldGen       total 171008K, used 28316K [0x00000006c7200000, 0x00000006d1900000, 0x000000076d100000)
  object space 171008K, 16% used [0x00000006c7200000,0x00000006c8da7130,0x00000006d1900000)
 Metaspace       used 11869K, capacity 12250K, committed 12288K, reserved 1060864K
  class space    used 1174K, capacity 1279K, committed 1280K, reserved 1048576K
Event: 8.161 GC heap after
Heap after GC invocations=7 (full 0):
 PSYoungGen      total 273920K, used 30700K [0x000000076d100000, 0x000000078fd00000, 0x00000007c0000000)
  eden space 243200K, 0% used [0x000000076d100000,0x000000076d100000,0x000000077be80000)
  from space 30720K, 99% used [0x000000077be80000,0x000000077dc7b0f0,0x000000077dc80000)
  to   space 41472K, 0% used [0x000000078d480000,0x000000078d480000,0x000000078fd00000)
 ParOldGen       total 171008K, used 38224K [0x00000006c7200000, 0x00000006d1900000, 0x000000076d100000)
  object space 171008K, 22% used [0x00000006c7200000,0x00000006c9754350,0x00000006d1900000)
 Metaspace       used 11869K, capacity 12250K, committed 12288K, reserved 1060864K
  class space    used 1174K, capacity 1279K, committed 1280K, reserved 1048576K
}
Event: 22.582 GC heap before
{Heap before GC invocations=8 (full 0):
 PSYoungGen      total 273920K, used 273900K [0x000000076d100000, 0x000000078fd00000, 0x00000007c0000000)
  eden space 243200K, 100% used [0x000000076d100000,0x000000077be80000,0x000000077be80000)
  from space 30720K, 99% used [0x000000077be80000,0x000000077dc7b0f0,0x000000077dc80000)
  to   space 41472K, 0% used [0x000000078d480000,0x000000078d480000,0x000000078fd00000)
 ParOldGen       total 171008K, used 38224K [0x00000006c7200000, 0x00000006d1900000, 0x000000076d100000)
  object space 171008K, 22% used [0x00000006c7200000,0x00000006c9754350,0x00000006d1900000)
 Metaspace       used 12062K, capacity 12456K, committed 12672K, reserved 1060864K
  class space    used 1178K, capacity 1282K, committed 1408K, reserved 1048576K
Event: 22.611 GC heap after
Heap after GC invocations=8 (full 0):
 PSYoungGen      total 521728K, used 39108K [0x000000076d100000, 0x0000000790900000, 0x00000007c0000000)
  eden space 480256K, 0% used [0x000000076d100000,0x000000076d100000,0x000000078a600000)
  from space 41472K, 94% used [0x000000078d480000,0x000000078fab1130,0x000000078fd00000)
  to   space 47616K, 0% used [0x000000078a600000,0x000000078a600000,0x000000078d480000)
 ParOldGen       total 171008K, used 39944K [0x00000006c7200000, 0x00000006d1900000, 0x000000076d100000)
  object space 171008K, 23% used [0x00000006c7200000,0x00000006c9902350,0x00000006d1900000)
 Metaspace       used 12062K, capacity 12456K, committed 12672K, reserved 1060864K
  class space    used 1178K, capacity 1282K, committed 1408K, reserved 1048576K
}
Event: 68.804 GC heap before
{Heap before GC invocations=9 (full 0):
 PSYoungGen      total 521728K, used 519364K [0x000000076d100000, 0x0000000790900000, 0x00000007c0000000)
  eden space 480256K, 100% used [0x000000076d100000,0x000000078a600000,0x000000078a600000)
  from space 41472K, 94% used [0x000000078d480000,0x000000078fab1130,0x000000078fd00000)
  to   space 47616K, 0% used [0x000000078a600000,0x000000078a600000,0x000000078d480000)
 ParOldGen       total 171008K, used 39944K [0x00000006c7200000, 0x00000006d1900000, 0x000000076d100000)
  object space 171008K, 23% used [0x00000006c7200000,0x00000006c9902350,0x00000006d1900000)
 Metaspace       used 12116K, capacity 12460K, committed 12672K, reserved 1060864K
  class space    used 1179K, capacity 1282K, committed 1408K, reserved 1048576K

