# JRE version: OpenJDK Runtime Environment (8.0_191-b12) (build 1.8.0_191-b12)
# Java VM: OpenJDK 64-Bit Server VM (25.191-b12 mixed mode linux-amd64 compressed oops)
Heap:
 PSYoungGen      total 294400K, used 15350K [0x000000076d100000, 0x0000000783100000, 0x00000007c0000000)
  eden space 234496K, 0% used [0x000000076d100000,0x000000076d100000,0x000000077b600000)
  from space 59904K, 25% used [0x000000077f680000,0x000000078057daf8,0x0000000783100000)
  to   space 62976K, 0% used [0x000000077b600000,0x000000077b600000,0x000000077f380000)
 ParOldGen       total 566784K, used 566397K [0x00000006c7200000, 0x00000006e9b80000, 0x000000076d100000)
  object space 566784K, 99% used [0x00000006c7200000,0x00000006e9b1f690,0x00000006e9b80000)
 Metaspace       used 42823K, capacity 43228K, committed 43648K, reserved 1087488K
  class space    used 6109K, capacity 6260K, committed 6272K, reserved 1048576K
GC Heap History (239 events):
Event: 1.413 GC heap before
{Heap before GC invocations=1 (full 0):
 PSYoungGen      total 74752K, used 40154K [0x000000076d100000, 0x0000000772400000, 0x00000007c0000000)
  eden space 64512K, 62% used [0x000000076d100000,0x000000076f836898,0x0000000771000000)
  from space 10240K, 0% used [0x0000000771a00000,0x0000000771a00000,0x0000000772400000)
  to   space 10240K, 0% used [0x0000000771000000,0x0000000771000000,0x0000000771a00000)
 ParOldGen       total 171008K, used 0K [0x00000006c7200000, 0x00000006d1900000, 0x000000076d100000)
  object space 171008K, 0% used [0x00000006c7200000,0x00000006c7200000,0x00000006d1900000)
 Metaspace       used 20788K, capacity 21056K, committed 21296K, reserved 1069056K
  class space    used 2475K, capacity 2592K, committed 2688K, reserved 1048576K
Event: 1.422 GC heap after
Heap after GC invocations=1 (full 0):
 PSYoungGen      total 74752K, used 6990K [0x000000076d100000, 0x0000000772400000, 0x00000007c0000000)
  eden space 64512K, 0% used [0x000000076d100000,0x000000076d100000,0x0000000771000000)
  from space 10240K, 68% used [0x0000000771000000,0x00000007716d38d0,0x0000000771a00000)
  to   space 10240K, 0% used [0x0000000771a00000,0x0000000771a00000,0x0000000772400000)
 ParOldGen       total 171008K, used 16K [0x00000006c7200000, 0x00000006d1900000, 0x000000076d100000)
  object space 171008K, 0% used [0x00000006c7200000,0x00000006c7204000,0x00000006d1900000)
 Metaspace       used 20788K, capacity 21056K, committed 21296K, reserved 1069056K
  class space    used 2475K, capacity 2592K, committed 2688K, reserved 1048576K
}
Event: 1.422 GC heap before
{Heap before GC invocations=2 (full 1):
 PSYoungGen      total 74752K, used 6990K [0x000000076d100000, 0x0000000772400000, 0x00000007c0000000)
  eden space 64512K, 0% used [0x000000076d100000,0x000000076d100000,0x0000000771000000)
  from space 10240K, 68% used [0x0000000771000000,0x00000007716d38d0,0x0000000771a00000)
  to   space 10240K, 0% used [0x0000000771a00000,0x0000000771a00000,0x0000000772400000)
 ParOldGen       total 171008K, used 16K [0x00000006c7200000, 0x00000006d1900000, 0x000000076d100000)
  object space 171008K, 0% used [0x00000006c7200000,0x00000006c7204000,0x00000006d1900000)
 Metaspace       used 20788K, capacity 21056K, committed 21296K, reserved 1069056K
  class space    used 2475K, capacity 2592K, committed 2688K, reserved 1048576K
Event: 1.454 GC heap after
Heap after GC invocations=2 (full 1):
 PSYoungGen      total 74752K, used 0K [0x000000076d100000, 0x0000000772400000, 0x00000007c0000000)
  eden space 64512K, 0% used [0x000000076d100000,0x000000076d100000,0x0000000771000000)
  from space 10240K, 0% used [0x0000000771000000,0x0000000771000000,0x0000000771a00000)
  to   space 10240K, 0% used [0x0000000771a00000,0x0000000771a00000,0x0000000772400000)
 ParOldGen       total 123392K, used 6755K [0x00000006c7200000, 0x00000006cea80000, 0x000000076d100000)
  object space 123392K, 5% used [0x00000006c7200000,0x00000006c7898f38,0x00000006cea80000)
 Metaspace       used 20788K, capacity 21056K, committed 21296K, reserved 1069056K
  class space    used 2475K, capacity 2592K, committed 2688K, reserved 1048576K
}
Event: 2.832 GC heap before
{Heap before GC invocations=3 (full 1):
 PSYoungGen      total 74752K, used 51920K [0x000000076d100000, 0x0000000772400000, 0x00000007c0000000)
  eden space 64512K, 80% used [0x000000076d100000,0x00000007703b4078,0x0000000771000000)
  from space 10240K, 0% used [0x0000000771000000,0x0000000771000000,0x0000000771a00000)
  to   space 10240K, 0% used [0x0000000771a00000,0x0000000771a00000,0x0000000772400000)
 ParOldGen       total 123392K, used 6755K [0x00000006c7200000, 0x00000006cea80000, 0x000000076d100000)
  object space 123392K, 5% used [0x00000006c7200000,0x00000006c7898f38,0x00000006cea80000)
 Metaspace       used 34966K, capacity 35252K, committed 35496K, reserved 1079296K
  class space    used 5222K, capacity 5352K, committed 5376K, reserved 1048576K
Event: 2.839 GC heap after
Heap after GC invocations=3 (full 1):
 PSYoungGen      total 74752K, used 5364K [0x000000076d100000, 0x0000000773000000, 0x00000007c0000000)
  eden space 64512K, 0% used [0x000000076d100000,0x000000076d100000,0x0000000771000000)
  from space 10240K, 52% used [0x0000000771a00000,0x0000000771f3d088,0x0000000772400000)
  to   space 10240K, 0% used [0x0000000771000000,0x0000000771000000,0x0000000771a00000)
 ParOldGen       total 123392K, used 6763K [0x00000006c7200000, 0x00000006cea80000, 0x000000076d100000)
  object space 123392K, 5% used [0x00000006c7200000,0x00000006c789af38,0x00000006cea80000)
 Metaspace       used 34966K, capacity 35252K, committed 35496K, reserved 1079296K
  class space    used 5222K, capacity 5352K, committed 5376K, reserved 1048576K
}
Event: 2.839 GC heap before
{Heap before GC invocations=4 (full 2):
 PSYoungGen      total 74752K, used 5364K [0x000000076d100000, 0x0000000773000000, 0x00000007c0000000)
  eden space 64512K, 0% used [0x000000076d100000,0x000000076d100000,0x0000000771000000)
  from space 10240K, 52% used [0x0000000771a00000,0x0000000771f3d088,0x0000000772400000)
  to   space 10240K, 0% used [0x0000000771000000,0x0000000771000000,0x0000000771a00000)
 ParOldGen       total 123392K, used 6763K [0x00000006c7200000, 0x00000006cea80000, 0x000000076d100000)
  object space 123392K, 5% used [0x00000006c7200000,0x00000006c789af38,0x00000006cea80000)
 Metaspace       used 34966K, capacity 35252K, committed 35496K, reserved 1079296K
  class space    used 5222K, capacity 5352K, committed 5376K, reserved 1048576K
Event: 2.877 GC heap after
Heap after GC invocations=4 (full 2):
 PSYoungGen      total 74752K, used 0K [0x000000076d100000, 0x0000000773000000, 0x00000007c0000000)
  eden space 64512K, 0% used [0x000000076d100000,0x000000076d100000,0x0000000771000000)
  from space 10240K, 0% used [0x0000000771a00000,0x0000000771a00000,0x0000000772400000)
  to   space 10240K, 0% used [0x0000000771000000,0x0000000771000000,0x0000000771a00000)
 ParOldGen       total 223744K, used 10412K [0x00000006c7200000, 0x00000006d4c80000, 0x000000076d100000)
  object space 223744K, 4% used [0x00000006c7200000,0x00000006c7c2b0a0,0x00000006d4c80000)
 Metaspace       used 34966K, capacity 35252K, committed 35496K, reserved 1079296K
  class space    used 5222K, capacity 5352K, committed 5376K, reserved 1048576K
}
Event: 4.388 GC heap before
{Heap before GC invocations=5 (full 2):
 PSYoungGen      total 74752K, used 64512K [0x000000076d100000, 0x0000000773000000, 0x00000007c0000000)
  eden space 64512K, 100% used [0x000000076d100000,0x0000000771000000,0x0000000771000000)
  from space 10240K, 0% used [0x0000000771a00000,0x0000000771a00000,0x0000000772400000)
  to   space 10240K, 0% used [0x0000000771000000,0x0000000771000000,0x0000000771a00000)
 ParOldGen       total 223744K, used 10412K [0x00000006c7200000, 0x00000006d4c80000, 0x000000076d100000)
  object space 223744K, 4% used [0x00000006c7200000,0x00000006c7c2b0a0,0x00000006d4c80000)
 Metaspace       used 37525K, capacity 37780K, committed 38144K, reserved 1081344K
  class space    used 5730K, capacity 5832K, committed 5888K, reserved 1048576K
Event: 4.407 GC heap after
Heap after GC invocations=5 (full 2):
 PSYoungGen      total 74752K, used 10229K [0x000000076d100000, 0x0000000773280000, 0x00000007c0000000)
  eden space 64512K, 0% used [0x000000076d100000,0x000000076d100000,0x0000000771000000)
  from space 10240K, 99% used [0x0000000771000000,0x00000007719fd660,0x0000000771a00000)
  to   space 10240K, 0% used [0x0000000772880000,0x0000000772880000,0x0000000773280000)
 ParOldGen       total 223744K, used 14770K [0x00000006c7200000, 0x00000006d4c80000, 0x000000076d100000)
  object space 223744K, 6% used [0x00000006c7200000,0x00000006c806c9e8,0x00000006d4c80000)
 Metaspace       used 37525K, capacity 37780K, committed 38144K, reserved 1081344K
  class space    used 5730K, capacity 5832K, committed 5888K, reserved 1048576K
}
Event: 5.093 GC heap before
{Heap before GC invocations=6 (full 2):
 PSYoungGen      total 74752K, used 74741K [0x000000076d100000, 0x0000000773280000, 0x00000007c0000000)
  eden space 64512K, 100% used [0x000000076d100000,0x0000000771000000,0x0000000771000000)
  from space 10240K, 99% used [0x0000000771000000,0x00000007719fd660,0x0000000771a00000)
  to   space 10240K, 0% used [0x0000000772880000,0x0000000772880000,0x0000000773280000)
 ParOldGen       total 223744K, used 14770K [0x00000006c7200000, 0x00000006d4c80000, 0x000000076d100000)
  object space 223744K, 6% used [0x00000006c7200000,0x00000006c806c9e8,0x00000006d4c80000)
 Metaspace       used 37762K, capacity 38100K, committed 38400K, reserved 1081344K
  class space    used 5738K, capacity 5832K, committed 5888K, reserved 1048576K
Event: 5.115 GC heap after
Heap after GC invocations=6 (full 2):
 PSYoungGen      total 89600K, used 10229K [0x000000076d100000, 0x0000000773a80000, 0x00000007c0000000)
  eden space 79360K, 0% used [0x000000076d100000,0x000000076d100000,0x0000000771e80000)
  from space 10240K, 99% used [0x0000000772880000,0x000000077327d660,0x0000000773280000)
  to   space 10240K, 0% used [0x0000000771e80000,0x0000000771e80000,0x0000000772880000)
 ParOldGen       total 223744K, used 15437K [0x00000006c7200000, 0x00000006d4c80000, 0x000000076d100000)
  object space 223744K, 6% used [0x00000006c7200000,0x00000006c81136d0,0x00000006d4c80000)
 Metaspace       used 37762K, capacity 38100K, committed 38400K, reserved 1081344K
  class space    used 5738K, capacity 5832K, committed 5888K, reserved 1048576K
}
Event: 31.945 GC heap before
{Heap before GC invocations=7 (full 2):
 PSYoungGen      total 89600K, used 89589K [0x000000076d100000, 0x0000000773a80000, 0x00000007c0000000)
  eden space 79360K, 100% used [0x000000076d100000,0x0000000771e80000,0x0000000771e80000)
  from space 10240K, 99% used [0x0000000772880000,0x000000077327d660,0x0000000773280000)
  to   space 10240K, 0% used [0x0000000771e80000,0x0000000771e80000,0x0000000772880000)
 ParOldGen       total 223744K, used 15437K [0x00000006c7200000, 0x00000006d4c80000, 0x000000076d100000)
  object space 223744K, 6% used [0x00000006c7200000,0x00000006c81136d0,0x00000006d4c80000)
 Metaspace       used 40216K, capacity 40600K, committed 40960K, reserved 1083392K
  class space    used 5956K, capacity 6072K, committed 6144K, reserved 1048576K
Event: 31.970 GC heap after
Heap after GC invocations=7 (full 2):
 PSYoungGen      total 89600K, used 10208K [0x000000076d100000, 0x0000000778b80000, 0x00000007c0000000)
  eden space 79360K, 0% used [0x000000076d100000,0x000000076d100000,0x0000000771e80000)
  from space 10240K, 99% used [0x0000000771e80000,0x0000000772878030,0x0000000772880000)
  to   space 44032K, 0% used [0x0000000776080000,0x0000000776080000,0x0000000778b80000)
 ParOldGen       total 223744K, used 58020K [0x00000006c7200000, 0x00000006d4c80000, 0x000000076d100000)
  object space 223744K, 25% used [0x00000006c7200000,0x00000006caaa9360,0x00000006d4c80000)
 Metaspace       used 40216K, capacity 40600K, committed 40960K, reserved 1083392K
  class space    used 5956K, capacity 6072K, committed 6144K, reserved 1048576K
}
Event: 42.365 GC heap before
{Heap before GC invocations=8 (full 2):
 PSYoungGen      total 89600K, used 89568K [0x000000076d100000, 0x0000000778b80000, 0x00000007c0000000)
  eden space 79360K, 100% used [0x000000076d100000,0x0000000771e80000,0x0000000771e80000)
  from space 10240K, 99% used [0x0000000771e80000,0x0000000772878030,0x0000000772880000)
  to   space 44032K, 0% used [0x0000000776080000,0x0000000776080000,0x0000000778b80000)
 ParOldGen       total 223744K, used 58020K [0x00000006c7200000, 0x00000006d4c80000, 0x000000076d100000)
  object space 223744K, 25% used [0x00000006c7200000,0x00000006caaa9360,0x00000006d4c80000)
 Metaspace       used 41181K, capacity 41604K, committed 42112K, reserved 1085440K
  class space    used 6041K, capacity 6170K, committed 6272K, reserved 1048576K
Event: 42.400 GC heap after
Heap after GC invocations=8 (full 2):
 PSYoungGen      total 142848K, used 27840K [0x000000076d100000, 0x0000000778a80000, 0x00000007c0000000)
  eden space 99840K, 0% used [0x000000076d100000,0x000000076d100000,0x0000000773280000)
  from space 43008K, 64% used [0x0000000776080000,0x0000000777bb0030,0x0000000778a80000)
  to   space 45056K, 0% used [0x0000000773280000,0x0000000773280000,0x0000000775e80000)
 ParOldGen       total 223744K, used 58028K [0x00000006c7200000, 0x00000006d4c80000, 0x000000076d100000)
  object space 223744K, 25% used [0x00000006c7200000,0x00000006caaab360,0x00000006d4c80000)
 Metaspace       used 41181K, capacity 41604K, committed 42112K, reserved 1085440K
  class space    used 6041K, capacity 6170K, committed 6272K, reserved 1048576K
}
Event: 128.844 GC heap before
{Heap before GC invocations=9 (full 2):
 PSYoungGen      total 142848K, used 127680K [0x000000076d100000, 0x0000000778a80000, 0x00000007c0000000)
  eden space 99840K, 100% used [0x000000076d100000,0x0000000773280000,0x0000000773280000)
  from space 43008K, 64% used [0x0000000776080000,0x0000000777bb0030,0x0000000778a80000)
  to   space 45056K, 0% used [0x0000000773280000,0x0000000773280000,0x0000000775e80000)
 ParOldGen       total 223744K, used 58028K [0x00000006c7200000, 0x00000006d4c80000, 0x000000076d100000)
  object space 223744K, 25% used [0x00000006c7200000,0x00000006caaab360,0x00000006d4c80000)
 Metaspace       used 41589K, capacity 41988K, committed 42368K, reserved 1085440K
  class space    used 6043K, capacity 6170K, committed 6272K, reserved 1048576K
Event: 128.882 GC heap after
Heap after GC invocations=9 (full 2):
 PSYoungGen      total 143360K, used 33120K [0x000000076d100000, 0x0000000779000000, 0x00000007c0000000)
  eden space 98304K, 0% used [0x000000076d100000,0x000000076d100000,0x0000000773100000)
  from space 45056K, 73% used [0x0000000773280000,0x00000007752d8030,0x0000000775e80000)
  to   space 48640K, 0% used [0x0000000776080000,0x0000000776080000,0x0000000779000000)
 ParOldGen       total 223744K, used 58036K [0x00000006c7200000, 0x00000006d4c80000, 0x000000076d100000)
  object space 223744K, 25% used [0x00000006c7200000,0x00000006caaad360,0x00000006d4c80000)
 Metaspace       used 41589K, capacity 41988K, committed 42368K, reserved 1085440K
  class space    used 6043K, capacity 6170K, committed 6272K, reserved 1048576K
}
Event: 217.361 GC heap before
{Heap before GC invocations=10 (full 2):
 PSYoungGen      total 143360K, used 131424K [0x000000076d100000, 0x0000000779000000, 0x00000007c0000000)
  eden space 98304K, 100% used [0x000000076d100000,0x0000000773100000,0x0000000773100000)
  from space 45056K, 73% used [0x0000000773280000,0x00000007752d8030,0x0000000775e80000)
  to   space 48640K, 0% used [0x0000000776080000,0x0000000776080000,0x0000000779000000)
 ParOldGen       total 223744K, used 58036K [0x00000006c7200000, 0x00000006d4c80000, 0x000000076d100000)
  object space 223744K, 25% used [0x00000006c7200000,0x00000006caaad360,0x00000006d4c80000)
 Metaspace       used 41706K, capacity 42052K, committed 42624K, reserved 1085440K
  class space    used 6043K, capacity 6170K, committed 6272K, reserved 1048576K
Event: 217.400 GC heap after
Heap after GC invocations=10 (full 2):
 PSYoungGen      total 143360K, used 37664K [0x000000076d100000, 0x0000000779580000, 0x00000007c0000000)
  eden space 94720K, 0% used [0x000000076d100000,0x000000076d100000,0x0000000772d80000)
  from space 48640K, 77% used [0x0000000776080000,0x0000000778548030,0x0000000779000000)
  to   space 52224K, 0% used [0x0000000772d80000,0x0000000772d80000,0x0000000776080000)
 ParOldGen       total 223744K, used 58044K [0x00000006c7200000, 0x00000006d4c80000, 0x000000076d100000)
  object space 223744K, 25% used [0x00000006c7200000,0x00000006caaaf360,0x00000006d4c80000)
 Metaspace       used 41706K, capacity 42052K, committed 42624K, reserved 1085440K
  class space    used 6043K, capacity 6170K, committed 6272K, reserved 1048576K
}
Event: 302.362 GC heap before
{Heap before GC invocations=11 (full 2):
 PSYoungGen      total 143360K, used 132384K [0x000000076d100000, 0x0000000779580000, 0x00000007c0000000)
  eden space 94720K, 100% used [0x000000076d100000,0x0000000772d80000,0x0000000772d80000)
  from space 48640K, 77% used [0x0000000776080000,0x0000000778548030,0x0000000779000000)
  to   space 52224K, 0% used [0x0000000772d80000,0x0000000772d80000,0x0000000776080000)
 ParOldGen       total 223744K, used 58044K [0x00000006c7200000, 0x00000006d4c80000, 0x000000076d100000)
  object space 223744K, 25% used [0x00000006c7200000,0x00000006caaaf360,0x00000006d4c80000)
 Metaspace       used 41738K, capacity 42116K, committed 42624K, reserved 1085440K
  class space    used 6043K, capacity 6170K, committed 6272K, reserved 1048576K
Event: 302.399 GC heap after
Heap after GC invocations=11 (full 2):
 PSYoungGen      total 145920K, used 42240K [0x000000076d100000, 0x0000000779b80000, 0x00000007c0000000)
  eden space 93696K, 0% used [0x000000076d100000,0x000000076d100000,0x0000000772c80000)
  from space 52224K, 80% used [0x0000000772d80000,0x00000007756c0030,0x0000000776080000)
  to   space 56832K, 0% used [0x0000000776400000,0x0000000776400000,0x0000000779b80000)
 ParOldGen       total 223744K, used 58052K [0x00000006c7200000, 0x00000006d4c80000, 0x000000076d100000)
  object space 223744K, 25% used [0x00000006c7200000,0x00000006caab1360,0x00000006d4c80000)
 Metaspace       used 41738K, capacity 42116K, committed 42624K, reserved 1085440K
  class space    used 6043K, capacity 6170K, committed 6272K, reserved 1048576K
}
Event: 471.015 GC heap before
{Heap before GC invocations=12 (full 2):
 PSYoungGen      total 145920K, used 135936K [0x000000076d100000, 0x0000000779b80000, 0x00000007c0000000)
  eden space 93696K, 100% used [0x000000076d100000,0x0000000772c80000,0x0000000772c80000)
  from space 52224K, 80% used [0x0000000772d80000,0x00000007756c0030,0x0000000776080000)
  to   space 56832K, 0% used [0x0000000776400000,0x0000000776400000,0x0000000779b80000)
 ParOldGen       total 223744K, used 58052K [0x00000006c7200000, 0x00000006d4c80000, 0x000000076d100000)
  object space 223744K, 25% used [0x00000006c7200000,0x00000006caab1360,0x00000006d4c80000)
 Metaspace       used 41767K, capacity 42116K, committed 42624K, reserved 1085440K
  class space    used 6043K, capacity 6170K, committed 6272K, reserved 1048576K
Event: 471.078 GC heap after
Heap after GC invocations=12 (full 2):
 PSYoungGen      total 143872K, used 52096K [0x000000076d100000, 0x000000077a780000, 0x00000007c0000000)
  eden space 87040K, 0% used [0x000000076d100000,0x000000076d100000,0x0000000772600000)
  from space 56832K, 91% used [0x0000000776400000,0x00000007796e0030,0x0000000779b80000)
  to   space 63488K, 0% used [0x0000000772600000,0x0000000772600000,0x0000000776400000)
 ParOldGen       total 223744K, used 58060K [0x00000006c7200000, 0x00000006d4c80000, 0x000000076d100000)
  object space 223744K, 25% used [0x00000006c7200000,0x00000006caab3360,0x00000006d4c80000)
 Metaspace       used 41767K, capacity 42116K, committed 42624K, reserved 1085440K
  class space    used 6043K, capacity 6170K, committed 6272K, reserved 1048576K
}
Event: 581.067 GC heap before
{Heap before GC invocations=13 (full 2):
 PSYoungGen      total 143872K, used 139136K [0x000000076d100000, 0x000000077a780000, 0x00000007c0000000)
  eden space 87040K, 100% used [0x000000076d100000,0x0000000772600000,0x0000000772600000)
  from space 56832K, 91% used [0x0000000776400000,0x00000007796e0030,0x0000000779b80000)
  to   space 63488K, 0% used [0x0000000772600000,0x0000000772600000,0x0000000776400000)
 ParOldGen       total 223744K, used 58060K [0x00000006c7200000, 0x00000006d4c80000, 0x000000076d100000)
  object space 223744K, 25% used [0x00000006c7200000,0x00000006caab3360,0x00000006d4c80000)
 Metaspace       used 41840K, capacity 42180K, committed 42624K, reserved 1085440K
  class space    used 6045K, capacity 6170K, committed 6272K, reserved 1048576K
Event: 581.111 GC heap after
Heap after GC invocations=13 (full 2):
 PSYoungGen      total 149504K, used 57280K [0x000000076d100000, 0x000000077af00000, 0x00000007c0000000)
  eden space 86016K, 0% used [0x000000076d100000,0x000000076d100000,0x0000000772500000)
  from space 63488K, 90% used [0x0000000772600000,0x0000000775df0030,0x0000000776400000)
  to   space 70656K, 0% used [0x0000000776a00000,0x0000000776a00000,0x000000077af00000)
 ParOldGen       total 223744K, used 58068K [0x00000006c7200000, 0x00000006d4c80000, 0x000000076d100000)
  object space 223744K, 25% used [0x00000006c7200000,0x00000006caab5360,0x00000006d4c80000)
 Metaspace       used 41840K, capacity 42180K, committed 42624K, reserved 1085440K
  class space    used 6045K, capacity 6170K, committed 6272K, reserved 1048576K
}
Event: 677.396 GC heap before
{Heap before GC invocations=14 (full 2):
 PSYoungGen      total 149504K, used 143296K [0x000000076d100000, 0x000000077af00000, 0x00000007c0000000)
  eden space 86016K, 100% used [0x000000076d100000,0x0000000772500000,0x0000000772500000)
  from space 63488K, 90% used [0x0000000772600000,0x0000000775df0030,0x0000000776400000)
  to   space 70656K, 0% used [0x0000000776a00000,0x0000000776a00000,0x000000077af00000)
 ParOldGen       total 223744K, used 58068K [0x00000006c7200000, 0x00000006d4c80000, 0x000000076d100000)
  object space 223744K, 25% used [0x00000006c7200000,0x00000006caab5360,0x00000006d4c80000)
 Metaspace       used 41879K, capacity 42244K, committed 42624K, reserved 1085440K
  class space    used 6045K, capacity 6170K, committed 6272K, reserved 1048576K
Event: 677.464 GC heap after
Heap after GC invocations=14 (full 2):
 PSYoungGen      total 148992K, used 62240K [0x000000076d100000, 0x000000077bd00000, 0x00000007c0000000)
  eden space 78336K, 0% used [0x000000076d100000,0x000000076d100000,0x0000000771d80000)
  from space 70656K, 88% used [0x0000000776a00000,0x000000077a6c8030,0x000000077af00000)
  to   space 78336K, 0% used [0x0000000771d80000,0x0000000771d80000,0x0000000776a00000)
 ParOldGen       total 223744K, used 58076K [0x00000006c7200000, 0x00000006d4c80000, 0x000000076d100000)
  object space 223744K, 25% used [0x00000006c7200000,0x00000006caab7360,0x00000006d4c80000)
 Metaspace       used 41879K, capacity 42244K, committed 42624K, reserved 1085440K
  class space    used 6045K, capacity 6170K, committed 6272K, reserved 1048576K
}
Event: 822.719 GC heap before
{Heap before GC invocations=15 (full 2):
 PSYoungGen      total 148992K, used 140576K [0x000000076d100000, 0x000000077bd00000, 0x00000007c0000000)
  eden space 78336K, 100% used [0x000000076d100000,0x0000000771d80000,0x0000000771d80000)
  from space 70656K, 88% used [0x0000000776a00000,0x000000077a6c8030,0x000000077af00000)
  to   space 78336K, 0% used [0x0000000771d80000,0x0000000771d80000,0x0000000776a00000)
 ParOldGen       total 223744K, used 58076K [0x00000006c7200000, 0x00000006d4c80000, 0x000000076d100000)
  object space 223744K, 25% used [0x00000006c7200000,0x00000006caab7360,0x00000006d4c80000)
 Metaspace       used 41916K, capacity 42244K, committed 42624K, reserved 1085440K
  class space    used 6045K, capacity 6170K, committed 6272K, reserved 1048576K
Event: 822.778 GC heap after
Heap after GC invocations=15 (full 2):
 PSYoungGen      total 155648K, used 70208K [0x000000076d100000, 0x000000077c680000, 0x00000007c0000000)
  eden space 77312K, 0% used [0x000000076d100000,0x000000076d100000,0x0000000771c80000)
  from space 78336K, 89% used [0x0000000771d80000,0x0000000776210030,0x0000000776a00000)
  to   space 87040K, 0% used [0x0000000777180000,0x0000000777180000,0x000000077c680000)
 ParOldGen       total 223744K, used 58076K [0x00000006c7200000, 0x00000006d4c80000, 0x000000076d100000)
  object space 223744K, 25% used [0x00000006c7200000,0x00000006caab7360,0x00000006d4c80000)
 Metaspace       used 41916K, capacity 42244K, committed 42624K, reserved 1085440K
  class space    used 6045K, capacity 6170K, committed 6272K, reserved 1048576K
}
Event: 902.253 GC heap before
{Heap before GC invocations=16 (full 2):
 PSYoungGen      total 155648K, used 147520K [0x000000076d100000, 0x000000077c680000, 0x00000007c0000000)
  eden space 77312K, 100% used [0x000000076d100000,0x0000000771c80000,0x0000000771c80000)
  from space 78336K, 89% used [0x0000000771d80000,0x0000000776210030,0x0000000776a00000)
  to   space 87040K, 0% used [0x0000000777180000,0x0000000777180000,0x000000077c680000)
 ParOldGen       total 223744K, used 58076K [0x00000006c7200000, 0x00000006d4c80000, 0x000000076d100000)
  object space 223744K, 25% used [0x00000006c7200000,0x00000006caab7360,0x00000006d4c80000)
 Metaspace       used 41919K, capacity 42244K, committed 42624K, reserved 1085440K
  class space    used 6045K, capacity 6170K, committed 6272K, reserved 1048576K
Event: 902.332 GC heap after
Heap after GC invocations=16 (full 2):
 PSYoungGen      total 155648K, used 74176K [0x000000076d100000, 0x000000077d680000, 0x00000007c0000000)
  eden space 68608K, 0% used [0x000000076d100000,0x000000076d100000,0x0000000771400000)
  from space 87040K, 85% used [0x0000000777180000,0x000000077b9f0030,0x000000077c680000)
  to   space 95744K, 0% used [0x0000000771400000,0x0000000771400000,0x0000000777180000)
 ParOldGen       total 223744K, used 58076K [0x00000006c7200000, 0x00000006d4c80000, 0x000000076d100000)
  object space 223744K, 25% used [0x00000006c7200000,0x00000006caab7360,0x00000006d4c80000)
 Metaspace       used 41919K, capacity 42244K, committed 42624K, reserved 1085440K
  class space    used 6045K, capacity 6170K, committed 6272K, reserved 1048576K
}
Event: 1007.799 GC heap before
{Heap before GC invocations=17 (full 2):
 PSYoungGen      total 155648K, used 142784K [0x000000076d100000, 0x000000077d680000, 0x00000007c0000000)
  eden space 68608K, 100% used [0x000000076d100000,0x0000000771400000,0x0000000771400000)
  from space 87040K, 85% used [0x0000000777180000,0x000000077b9f0030,0x000000077c680000)
  to   space 95744K, 0% used [0x0000000771400000,0x0000000771400000,0x0000000777180000)
 ParOldGen       total 223744K, used 58076K [0x00000006c7200000, 0x00000006d4c80000, 0x000000076d100000)
  object space 223744K, 25% used [0x00000006c7200000,0x00000006caab7360,0x00000006d4c80000)
 Metaspace       used 41932K, capacity 42308K, committed 42880K, reserved 1085440K
  class space    used 6045K, capacity 6170K, committed 6272K, reserved 1048576K
Event: 1007.856 GC heap after
Heap after GC invocations=17 (full 2):
 PSYoungGen      total 163840K, used 79520K [0x000000076d100000, 0x000000077df80000, 0x00000007c0000000)
  eden space 68096K, 0% used [0x000000076d100000,0x000000076d100000,0x0000000771380000)
  from space 95744K, 83% used [0x0000000771400000,0x00000007761a8030,0x0000000777180000)
  to   space 104448K, 0% used [0x0000000777980000,0x0000000777980000,0x000000077df80000)
 ParOldGen       total 223744K, used 58084K [0x00000006c7200000, 0x00000006d4c80000, 0x000000076d100000)
  object space 223744K, 25% used [0x00000006c7200000,0x00000006caab9360,0x00000006d4c80000)
 Metaspace       used 41932K, capacity 42308K, committed 42880K, reserved 1085440K
  class space    used 6045K, capacity 6170K, committed 6272K, reserved 1048576K
}
Event: 1072.377 GC heap before
{Heap before GC invocations=18 (full 2):
 PSYoungGen      total 163840K, used 147616K [0x000000076d100000, 0x000000077df80000, 0x00000007c0000000)
  eden space 68096K, 100% used [0x000000076d100000,0x0000000771380000,0x0000000771380000)
  from space 95744K, 83% used [0x0000000771400000,0x00000007761a8030,0x0000000777180000)
  to   space 104448K, 0% used [0x0000000777980000,0x0000000777980000,0x000000077df80000)
 ParOldGen       total 223744K, used 58084K [0x00000006c7200000, 0x00000006d4c80000, 0x000000076d100000)
  object space 223744K, 25% used [0x00000006c7200000,0x00000006caab9360,0x00000006d4c80000)
 Metaspace       used 41998K, capacity 42372K, committed 42880K, reserved 1085440K
  class space    used 6045K, capacity 6170K, committed 6272K, reserved 1048576K
Event: 1072.450 GC heap after
Heap after GC invocations=18 (full 2):
 PSYoungGen      total 164864K, used 81728K [0x000000076d100000, 0x000000077ee00000, 0x00000007c0000000)
  eden space 60416K, 0% used [0x000000076d100000,0x000000076d100000,0x0000000770c00000)
  from space 104448K, 78% used [0x0000000777980000,0x000000077c950030,0x000000077df80000)
  to   space 112128K, 0% used [0x0000000770c00000,0x0000000770c00000,0x0000000777980000)
 ParOldGen       total 223744K, used 58092K [0x00000006c7200000, 0x00000006d4c80000, 0x000000076d100000)
  object space 223744K, 25% used [0x00000006c7200000,0x00000006caabb360,0x00000006d4c80000)
 Metaspace       used 41998K, capacity 42372K, committed 42880K, reserved 1085440K
  class space    used 6045K, capacity 6170K, committed 6272K, reserved 1048576K
}
Event: 1136.354 GC heap before
{Heap before GC invocations=19 (full 2):
 PSYoungGen      total 164864K, used 142144K [0x000000076d100000, 0x000000077ee00000, 0x00000007c0000000)
  eden space 60416K, 100% used [0x000000076d100000,0x0000000770c00000,0x0000000770c00000)
  from space 104448K, 78% used [0x0000000777980000,0x000000077c950030,0x000000077df80000)
  to   space 112128K, 0% used [0x0000000770c00000,0x0000000770c00000,0x0000000777980000)
 ParOldGen       total 223744K, used 58092K [0x00000006c7200000, 0x00000006d4c80000, 0x000000076d100000)
  object space 223744K, 25% used [0x00000006c7200000,0x00000006caabb360,0x00000006d4c80000)
 Metaspace       used 42023K, capacity 42436K, committed 42880K, reserved 1085440K
  class space    used 6045K, capacity 6170K, committed 6272K, reserved 1048576K
Event: 1136.428 GC heap after
Heap after GC invocations=19 (full 2):
 PSYoungGen      total 172032K, used 85088K [0x000000076d100000, 0x000000077f480000, 0x00000007c0000000)
  eden space 59904K, 0% used [0x000000076d100000,0x000000076d100000,0x0000000770b80000)
  from space 112128K, 75% used [0x0000000770c00000,0x0000000775f18030,0x0000000777980000)
  to   space 119296K, 0% used [0x0000000778000000,0x0000000778000000,0x000000077f480000)
 ParOldGen       total 223744K, used 58100K [0x00000006c7200000, 0x00000006d4c80000, 0x000000076d100000)
  object space 223744K, 25% used [0x00000006c7200000,0x00000006caabd360,0x00000006d4c80000)
 Metaspace       used 42023K, capacity 42436K, committed 42880K, reserved 1085440K
  class space    used 6045K, capacity 6170K, committed 6272K, reserved 1048576K
}
Event: 1191.875 GC heap before
{Heap before GC invocations=20 (full 2):
 PSYoungGen      total 172032K, used 144992K [0x000000076d100000, 0x000000077f480000, 0x00000007c0000000)
  eden space 59904K, 100% used [0x000000076d100000,0x0000000770b80000,0x0000000770b80000)
  from space 112128K, 75% used [0x0000000770c00000,0x0000000775f18030,0x0000000777980000)
  to   space 119296K, 0% used [0x0000000778000000,0x0000000778000000,0x000000077f480000)
 ParOldGen       total 223744K, used 58100K [0x00000006c7200000, 0x00000006d4c80000, 0x000000076d100000)
  object space 223744K, 25% used [0x00000006c7200000,0x00000006caabd360,0x00000006d4c80000)
 Metaspace       used 42034K, capacity 42436K, committed 42880K, reserved 1085440K
  class space    used 6045K, capacity 6170K, committed 6272K, reserved 1048576K
Event: 1191.961 GC heap after
Heap after GC invocations=20 (full 2):
 PSYoungGen      total 174080K, used 84224K [0x000000076d100000, 0x000000077fe00000, 0x00000007c0000000)
  eden space 54784K, 0% used [0x000000076d100000,0x000000076d100000,0x0000000770680000)
  from space 119296K, 70% used [0x0000000778000000,0x000000077d240030,0x000000077f480000)
  to   space 124416K, 0% used [0x0000000770680000,0x0000000770680000,0x0000000778000000)
 ParOldGen       total 223744K, used 61932K [0x00000006c7200000, 0x00000006d4c80000, 0x000000076d100000)
  object space 223744K, 27% used [0x00000006c7200000,0x00000006cae7b360,0x00000006d4c80000)
 Metaspace       used 42034K, capacity 42436K, committed 42880K, reserved 1085440K
  class space    used 6045K, capacity 6170K, committed 6272K, reserved 1048576K
}
Event: 1252.382 GC heap before
{Heap before GC invocations=21 (full 2):
 PSYoungGen      total 174080K, used 139008K [0x000000076d100000, 0x000000077fe00000, 0x00000007c0000000)
  eden space 54784K, 100% used [0x000000076d100000,0x0000000770680000,0x0000000770680000)
  from space 119296K, 70% used [0x0000000778000000,0x000000077d240030,0x000000077f480000)
  to   space 124416K, 0% used [0x0000000770680000,0x0000000770680000,0x0000000778000000)
 ParOldGen       total 223744K, used 61932K [0x00000006c7200000, 0x00000006d4c80000, 0x000000076d100000)
  object space 223744K, 27% used [0x00000006c7200000,0x00000006cae7b360,0x00000006d4c80000)
 Metaspace       used 42035K, capacity 42436K, committed 42880K, reserved 1085440K
  class space    used 6046K, capacity 6170K, committed 6272K, reserved 1048576K
Event: 1252.437 GC heap after
Heap after GC invocations=21 (full 2):
 PSYoungGen      total 178688K, used 86752K [0x000000076d100000, 0x0000000780200000, 0x00000007c0000000)
  eden space 54272K, 0% used [0x000000076d100000,0x000000076d100000,0x0000000770600000)
  from space 124416K, 69% used [0x0000000770680000,0x0000000775b38020,0x0000000778000000)
  to   space 129024K, 0% used [0x0000000778400000,0x0000000778400000,0x0000000780200000)
 ParOldGen       total 223744K, used 62508K [0x00000006c7200000, 0x00000006d4c80000, 0x000000076d100000)
  object space 223744K, 27% used [0x00000006c7200000,0x00000006caf0b370,0x00000006d4c80000)
 Metaspace       used 42035K, capacity 42436K, committed 42880K, reserved 1085440K
  class space    used 6046K, capacity 6170K, committed 6272K, reserved 1048576K
}
Event: 1387.399 GC heap before
{Heap before GC invocations=22 (full 2):
 PSYoungGen      total 178688K, used 141024K [0x000000076d100000, 0x0000000780200000, 0x00000007c0000000)
  eden space 54272K, 100% used [0x000000076d100000,0x0000000770600000,0x0000000770600000)
  from space 124416K, 69% used [0x0000000770680000,0x0000000775b38020,0x0000000778000000)
  to   space 129024K, 0% used [0x0000000778400000,0x0000000778400000,0x0000000780200000)
 ParOldGen       total 223744K, used 62508K [0x00000006c7200000, 0x00000006d4c80000, 0x000000076d100000)
  object space 223744K, 27% used [0x00000006c7200000,0x00000006caf0b370,0x00000006d4c80000)
 Metaspace       used 42053K, capacity 42436K, committed 42880K, reserved 1085440K
  class space    used 6046K, capacity 6170K, committed 6272K, reserved 1048576K
Event: 1387.459 GC heap after
Heap after GC invocations=22 (full 2):
 PSYoungGen      total 179200K, used 88960K [0x000000076d100000, 0x0000000780980000, 0x00000007c0000000)
  eden space 50176K, 0% used [0x000000076d100000,0x000000076d100000,0x0000000770200000)
  from space 129024K, 68% used [0x0000000778400000,0x000000077dae0000,0x0000000780200000)
  to   space 133120K, 0% used [0x0000000770200000,0x0000000770200000,0x0000000778400000)
 ParOldGen       total 223744K, used 68377K [0x00000006c7200000, 0x00000006d4c80000, 0x000000076d100000)
  object space 223744K, 30% used [0x00000006c7200000,0x00000006cb4c66b8,0x00000006d4c80000)
 Metaspace       used 42053K, capacity 42436K, committed 42880K, reserved 1085440K
  class space    used 6046K, capacity 6170K, committed 6272K, reserved 1048576K
}
Event: 1517.399 GC heap before
{Heap before GC invocations=23 (full 2):
 PSYoungGen      total 179200K, used 139136K [0x000000076d100000, 0x0000000780980000, 0x00000007c0000000)
  eden space 50176K, 100% used [0x000000076d100000,0x0000000770200000,0x0000000770200000)
  from space 129024K, 68% used [0x0000000778400000,0x000000077dae0000,0x0000000780200000)
  to   space 133120K, 0% used [0x0000000770200000,0x0000000770200000,0x0000000778400000)
 ParOldGen       total 223744K, used 68377K [0x00000006c7200000, 0x00000006d4c80000, 0x000000076d100000)
  object space 223744K, 30% used [0x00000006c7200000,0x00000006cb4c66b8,0x00000006d4c80000)
 Metaspace       used 42056K, capacity 42436K, committed 42880K, reserved 1085440K
  class space    used 6046K, capacity 6170K, committed 6272K, reserved 1048576K
Event: 1517.467 GC heap after
Heap after GC invocations=23 (full 2):
 PSYoungGen      total 129024K, used 78432K [0x000000076d100000, 0x0000000780400000, 0x00000007c0000000)
  eden space 50176K, 0% used [0x000000076d100000,0x000000076d100000,0x0000000770200000)
  from space 78848K, 99% used [0x0000000770200000,0x0000000774e98000,0x0000000774f00000)
  to   space 132096K, 0% used [0x0000000778300000,0x0000000778300000,0x0000000780400000)
 ParOldGen       total 223744K, used 85849K [0x00000006c7200000, 0x00000006d4c80000, 0x000000076d100000)
  object space 223744K, 38% used [0x00000006c7200000,0x00000006cc5d67d8,0x00000006d4c80000)
 Metaspace       used 42056K, capacity 42436K, committed 42880K, reserved 1085440K
  class space    used 6046K, capacity 6170K, committed 6272K, reserved 1048576K
}
Event: 1645.137 GC heap before
{Heap before GC invocations=24 (full 2):
 PSYoungGen      total 129024K, used 128608K [0x000000076d100000, 0x0000000780400000, 0x00000007c0000000)
  eden space 50176K, 100% used [0x000000076d100000,0x0000000770200000,0x0000000770200000)
  from space 78848K, 99% used [0x0000000770200000,0x0000000774e98000,0x0000000774f00000)
  to   space 132096K, 0% used [0x0000000778300000,0x0000000778300000,0x0000000780400000)
 ParOldGen       total 223744K, used 85849K [0x00000006c7200000, 0x00000006d4c80000, 0x000000076d100000)
  object space 223744K, 38% used [0x00000006c7200000,0x00000006cc5d67d8,0x00000006d4c80000)
 Metaspace       used 42119K, capacity 42500K, committed 42880K, reserved 1085440K
  class space    used 6046K, capacity 6170K, committed 6272K, reserved 1048576K
Event: 1645.199 GC heap after
Heap after GC invocations=24 (full 2):
 PSYoungGen      total 181248K, used 80384K [0x000000076d100000, 0x0000000780300000, 0x00000007c0000000)
  eden space 50176K, 0% used [0x000000076d100000,0x000000076d100000,0x0000000770200000)
  from space 131072K, 61% used [0x0000000778300000,0x000000077d180000,0x0000000780300000)
  to   space 131584K, 0% used [0x0000000770200000,0x0000000770200000,0x0000000778280000)
 ParOldGen       total 223744K, used 90299K [0x00000006c7200000, 0x00000006d4c80000, 0x000000076d100000)
  object space 223744K, 40% used [0x00000006c7200000,0x00000006cca2ef78,0x00000006d4c80000)
 Metaspace       used 42119K, capacity 42500K, committed 42880K, reserved 1085440K
  class space    used 6046K, capacity 6170K, committed 6272K, reserved 1048576K
}
Event: 1772.426 GC heap before
{Heap before GC invocations=25 (full 2):
 PSYoungGen      total 181248K, used 130560K [0x000000076d100000, 0x0000000780300000, 0x00000007c0000000)
  eden space 50176K, 100% used [0x000000076d100000,0x0000000770200000,0x0000000770200000)
  from space 131072K, 61% used [0x0000000778300000,0x000000077d180000,0x0000000780300000)
  to   space 131584K, 0% used [0x0000000770200000,0x0000000770200000,0x0000000778280000)
 ParOldGen       total 223744K, used 90299K [0x00000006c7200000, 0x00000006d4c80000, 0x000000076d100000)
  object space 223744K, 40% used [0x00000006c7200000,0x00000006cca2ef78,0x00000006d4c80000)
 Metaspace       used 42121K, capacity 42500K, committed 42880K, reserved 1085440K
  class space    used 6046K, capacity 6170K, committed 6272K, reserved 1048576K
Event: 1772.505 GC heap after
Heap after GC invocations=25 (full 2):
 PSYoungGen      total 133120K, used 82464K [0x000000076d100000, 0x0000000780200000, 0x00000007c0000000)
  eden space 50176K, 0% used [0x000000076d100000,0x000000076d100000,0x0000000770200000)
  from space 82944K, 99% used [0x0000000770200000,0x0000000775288000,0x0000000775300000)
  to   space 131072K, 0% used [0x0000000778200000,0x0000000778200000,0x0000000780200000)
 ParOldGen       total 223744K, used 94805K [0x00000006c7200000, 0x00000006d4c80000, 0x000000076d100000)
  object space 223744K, 42% used [0x00000006c7200000,0x00000006cce95738,0x00000006d4c80000)
 Metaspace       used 42121K, capacity 42500K, committed 42880K, reserved 1085440K
  class space    used 6046K, capacity 6170K, committed 6272K, reserved 1048576K
}
Event: 1823.276 GC heap before
{Heap before GC invocations=26 (full 2):
 PSYoungGen      total 133120K, used 132640K [0x000000076d100000, 0x0000000780200000, 0x00000007c0000000)
  eden space 50176K, 100% used [0x000000076d100000,0x0000000770200000,0x0000000770200000)
  from space 82944K, 99% used [0x0000000770200000,0x0000000775288000,0x0000000775300000)
  to   space 131072K, 0% used [0x0000000778200000,0x0000000778200000,0x0000000780200000)
 ParOldGen       total 223744K, used 94805K [0x00000006c7200000, 0x00000006d4c80000, 0x000000076d100000)
  object space 223744K, 42% used [0x00000006c7200000,0x00000006cce95738,0x00000006d4c80000)
 Metaspace       used 42125K, capacity 42500K, committed 42880K, reserved 1085440K
  class space    used 6046K, capacity 6170K, committed 6272K, reserved 1048576K
Event: 1823.336 GC heap after
Heap after GC invocations=26 (full 2):
 PSYoungGen      total 178176K, used 80032K [0x000000076d100000, 0x000000077ff00000, 0x00000007c0000000)
  eden space 50176K, 0% used [0x000000076d100000,0x000000076d100000,0x0000000770200000)
  from space 128000K, 62% used [0x0000000778200000,0x000000077d028000,0x000000077ff00000)
  to   space 129536K, 0% used [0x0000000770200000,0x0000000770200000,0x0000000778080000)
 ParOldGen       total 223744K, used 99151K [0x00000006c7200000, 0x00000006d4c80000, 0x000000076d100000)
  object space 223744K, 44% used [0x00000006c7200000,0x00000006cd2d3ea8,0x00000006d4c80000)
 Metaspace       used 42125K, capacity 42500K, committed 42880K, reserved 1085440K
  class space    used 6046K, capacity 6170K, committed 6272K, reserved 1048576K
}
Event: 1867.425 GC heap before
{Heap before GC invocations=27 (full 2):
 PSYoungGen      total 178176K, used 130208K [0x000000076d100000, 0x000000077ff00000, 0x00000007c0000000)
  eden space 50176K, 100% used [0x000000076d100000,0x0000000770200000,0x0000000770200000)
  from space 128000K, 62% used [0x0000000778200000,0x000000077d028000,0x000000077ff00000)
  to   space 129536K, 0% used [0x0000000770200000,0x0000000770200000,0x0000000778080000)
 ParOldGen       total 223744K, used 99151K [0x00000006c7200000, 0x00000006d4c80000, 0x000000076d100000)
  object space 223744K, 44% used [0x00000006c7200000,0x00000006cd2d3ea8,0x00000006d4c80000)
 Metaspace       used 42125K, capacity 42500K, committed 42880K, reserved 1085440K
  class space    used 6046K, capacity 6170K, committed 6272K, reserved 1048576K
Event: 1867.499 GC heap after
Heap after GC invocations=27 (full 2):
 PSYoungGen      total 123904K, used 73536K [0x000000076d100000, 0x000000077f700000, 0x00000007c0000000)
  eden space 50176K, 0% used [0x000000076d100000,0x000000076d100000,0x0000000770200000)
  from space 73728K, 99% used [0x0000000770200000,0x00000007749d0000,0x0000000774a00000)
  to   space 125440K, 0% used [0x0000000777c80000,0x0000000777c80000,0x000000077f700000)
 ParOldGen       total 223744K, used 107611K [0x00000006c7200000, 0x00000006d4c80000, 0x000000076d100000)
  object space 223744K, 48% used [0x00000006c7200000,0x00000006cdb16d38,0x00000006d4c80000)
 Metaspace       used 42125K, capacity 42500K, committed 42880K, reserved 1085440K
  class space    used 6046K, capacity 6170K, committed 6272K, reserved 1048576K
}
Event: 1917.314 GC heap before
{Heap before GC invocations=28 (full 2):
 PSYoungGen      total 123904K, used 123712K [0x000000076d100000, 0x000000077f700000, 0x00000007c0000000)
  eden space 50176K, 100% used [0x000000076d100000,0x0000000770200000,0x0000000770200000)
  from space 73728K, 99% used [0x0000000770200000,0x00000007749d0000,0x0000000774a00000)
  to   space 125440K, 0% used [0x0000000777c80000,0x0000000777c80000,0x000000077f700000)
 ParOldGen       total 223744K, used 107611K [0x00000006c7200000, 0x00000006d4c80000, 0x000000076d100000)
  object space 223744K, 48% used [0x00000006c7200000,0x00000006cdb16d38,0x00000006d4c80000)
 Metaspace       used 42136K, capacity 42500K, committed 42880K, reserved 1085440K
  class space    used 6046K, capacity 6170K, committed 6272K, reserved 1048576K
Event: 1917.396 GC heap after
Heap after GC invocations=28 (full 2):
 PSYoungGen      total 166400K, used 70560K [0x000000076d100000, 0x000000077ee00000, 0x00000007c0000000)
  eden space 50176K, 0% used [0x000000076d100000,0x000000076d100000,0x0000000770200000)
  from space 116224K, 60% used [0x0000000777c80000,0x000000077c168000,0x000000077ee00000)
  to   space 120832K, 0% used [0x0000000770200000,0x0000000770200000,0x0000000777800000)
 ParOldGen       total 223744K, used 113205K [0x00000006c7200000, 0x00000006d4c80000, 0x000000076d100000)
  object space 223744K, 50% used [0x00000006c7200000,0x00000006ce08d6d8,0x00000006d4c80000)
 Metaspace       used 42136K, capacity 42500K, committed 42880K, reserved 1085440K
  class space    used 6046K, capacity 6170K, committed 6272K, reserved 1048576K
}
Event: 2017.428 GC heap before
{Heap before GC invocations=29 (full 2):
 PSYoungGen      total 166400K, used 120736K [0x000000076d100000, 0x000000077ee00000, 0x00000007c0000000)
  eden space 50176K, 100% used [0x000000076d100000,0x0000000770200000,0x0000000770200000)
  from space 116224K, 60% used [0x0000000777c80000,0x000000077c168000,0x000000077ee00000)
  to   space 120832K, 0% used [0x0000000770200000,0x0000000770200000,0x0000000777800000)
 ParOldGen       total 223744K, used 113205K [0x00000006c7200000, 0x00000006d4c80000, 0x000000076d100000)
  object space 223744K, 50% used [0x00000006c7200000,0x00000006ce08d6d8,0x00000006d4c80000)
 Metaspace       used 42138K, capacity 42564K, committed 43136K, reserved 1085440K
  class space    used 6046K, capacity 6170K, committed 6272K, reserved 1048576K
Event: 2017.479 GC heap after
Heap after GC invocations=29 (full 2):
 PSYoungGen      total 121856K, used 71616K [0x000000076d100000, 0x000000077e500000, 0x00000007c0000000)
  eden space 50176K, 0% used [0x000000076d100000,0x000000076d100000,0x0000000770200000)
  from space 71680K, 99% used [0x0000000770200000,0x00000007747f0000,0x0000000774800000)
  to   space 116224K, 0% used [0x0000000777380000,0x0000000777380000,0x000000077e500000)
 ParOldGen       total 223744K, used 118143K [0x00000006c7200000, 0x00000006d4c80000, 0x000000076d100000)
  object space 223744K, 52% used [0x00000006c7200000,0x00000006ce55ff58,0x00000006d4c80000)
 Metaspace       used 42138K, capacity 42564K, committed 43136K, reserved 1085440K
  class space    used 6046K, capacity 6170K, committed 6272K, reserved 1048576K
}
Event: 2137.426 GC heap before
{Heap before GC invocations=30 (full 2):
 PSYoungGen      total 121856K, used 121792K [0x000000076d100000, 0x000000077e500000, 0x00000007c0000000)
  eden space 50176K, 100% used [0x000000076d100000,0x0000000770200000,0x0000000770200000)
  from space 71680K, 99% used [0x0000000770200000,0x00000007747f0000,0x0000000774800000)
  to   space 116224K, 0% used [0x0000000777380000,0x0000000777380000,0x000000077e500000)
 ParOldGen       total 223744K, used 118143K [0x00000006c7200000, 0x00000006d4c80000, 0x000000076d100000)
  object space 223744K, 52% used [0x00000006c7200000,0x00000006ce55ff58,0x00000006d4c80000)
 Metaspace       used 42234K, capacity 42564K, committed 43136K, reserved 1085440K
  class space    used 6046K, capacity 6170K, committed 6272K, reserved 1048576K
Event: 2137.482 GC heap after
Heap after GC invocations=30 (full 2):
 PSYoungGen      total 158208K, used 70368K [0x000000076d100000, 0x000000077dd00000, 0x00000007c0000000)
  eden space 50176K, 0% used [0x000000076d100000,0x000000076d100000,0x0000000770200000)
  from space 108032K, 65% used [0x0000000777380000,0x000000077b838000,0x000000077dd00000)
  to   space 112128K, 0% used [0x0000000770200000,0x0000000770200000,0x0000000776f80000)
 ParOldGen       total 223744K, used 125659K [0x00000006c7200000, 0x00000006d4c80000, 0x000000076d100000)
  object space 223744K, 56% used [0x00000006c7200000,0x00000006cecb6c48,0x00000006d4c80000)
 Metaspace       used 42234K, capacity 42564K, committed 43136K, reserved 1085440K
  class space    used 6046K, capacity 6170K, committed 6272K, reserved 1048576K
}
Event: 2222.439 GC heap before
{Heap before GC invocations=31 (full 2):
 PSYoungGen      total 158208K, used 120544K [0x000000076d100000, 0x000000077dd00000, 0x00000007c0000000)
  eden space 50176K, 100% used [0x000000076d100000,0x0000000770200000,0x0000000770200000)
  from space 108032K, 65% used [0x0000000777380000,0x000000077b838000,0x000000077dd00000)
  to   space 112128K, 0% used [0x0000000770200000,0x0000000770200000,0x0000000776f80000)
 ParOldGen       total 223744K, used 125659K [0x00000006c7200000, 0x00000006d4c80000, 0x000000076d100000)
  object space 223744K, 56% used [0x00000006c7200000,0x00000006cecb6c48,0x00000006d4c80000)
 Metaspace       used 42234K, capacity 42564K, committed 43136K, reserved 1085440K
  class space    used 6046K, capacity 6170K, committed 6272K, reserved 1048576K
Event: 2222.503 GC heap after
Heap after GC invocations=31 (full 2):
 PSYoungGen      total 120832K, used 70464K [0x000000076d100000, 0x000000077d600000, 0x00000007c0000000)
  eden space 50176K, 0% used [0x000000076d100000,0x000000076d100000,0x0000000770200000)
  from space 70656K, 99% used [0x0000000770200000,0x00000007746d0000,0x0000000774700000)
  to   space 108544K, 0% used [0x0000000776c00000,0x0000000776c00000,0x000000077d600000)
 ParOldGen       total 223744K, used 129484K [0x00000006c7200000, 0x00000006d4c80000, 0x000000076d100000)
  object space 223744K, 57% used [0x00000006c7200000,0x00000006cf0732d8,0x00000006d4c80000)
 Metaspace       used 42234K, capacity 42564K, committed 43136K, reserved 1085440K
  class space    used 6046K, capacity 6170K, committed 6272K, reserved 1048576K
}
Event: 2325.091 GC heap before
{Heap before GC invocations=32 (full 2):
 PSYoungGen      total 120832K, used 120640K [0x000000076d100000, 0x000000077d600000, 0x00000007c0000000)
  eden space 50176K, 100% used [0x000000076d100000,0x0000000770200000,0x0000000770200000)
  from space 70656K, 99% used [0x0000000770200000,0x00000007746d0000,0x0000000774700000)
  to   space 108544K, 0% used [0x0000000776c00000,0x0000000776c00000,0x000000077d600000)
 ParOldGen       total 223744K, used 129484K [0x00000006c7200000, 0x00000006d4c80000, 0x000000076d100000)
  object space 223744K, 57% used [0x00000006c7200000,0x00000006cf0732d8,0x00000006d4c80000)
 Metaspace       used 42234K, capacity 42564K, committed 43136K, reserved 1085440K
  class space    used 6046K, capacity 6170K, committed 6272K, reserved 1048576K
Event: 2325.180 GC heap after
Heap after GC invocations=32 (full 2):
 PSYoungGen      total 151552K, used 70624K [0x000000076d100000, 0x000000077cf00000, 0x00000007c0000000)
  eden space 50176K, 0% used [0x000000076d100000,0x000000076d100000,0x0000000770200000)
  from space 101376K, 69% used [0x0000000776c00000,0x000000077b0f8000,0x000000077cf00000)
  to   space 104960K, 0% used [0x0000000770200000,0x0000000770200000,0x0000000776880000)
 ParOldGen       total 223744K, used 135079K [0x00000006c7200000, 0x00000006d4c80000, 0x000000076d100000)
  object space 223744K, 60% used [0x00000006c7200000,0x00000006cf5e9c78,0x00000006d4c80000)
 Metaspace       used 42234K, capacity 42564K, committed 43136K, reserved 1085440K
  class space    used 6046K, capacity 6170K, committed 6272K, reserved 1048576K
}
Event: 2422.455 GC heap before
{Heap before GC invocations=33 (full 2):
 PSYoungGen      total 151552K, used 120800K [0x000000076d100000, 0x000000077cf00000, 0x00000007c0000000)
  eden space 50176K, 100% used [0x000000076d100000,0x0000000770200000,0x0000000770200000)
  from space 101376K, 69% used [0x0000000776c00000,0x000000077b0f8000,0x000000077cf00000)
  to   space 104960K, 0% used [0x0000000770200000,0x0000000770200000,0x0000000776880000)
 ParOldGen       total 223744K, used 135079K [0x00000006c7200000, 0x00000006d4c80000, 0x000000076d100000)
  object space 223744K, 60% used [0x00000006c7200000,0x00000006cf5e9c78,0x00000006d4c80000)
 Metaspace       used 42238K, capacity 42564K, committed 43136K, reserved 1085440K
  class space    used 6046K, capacity 6170K, committed 6272K, reserved 1048576K
Event: 2422.526 GC heap after
Heap after GC invocations=33 (full 2):
 PSYoungGen      total 122368K, used 71904K [0x000000076d100000, 0x000000077ca00000, 0x00000007c0000000)
  eden space 50176K, 0% used [0x000000076d100000,0x000000076d100000,0x0000000770200000)
  from space 72192K, 99% used [0x0000000770200000,0x0000000774838000,0x0000000774880000)
  to   space 102400K, 0% used [0x0000000776600000,0x0000000776600000,0x000000077ca00000)
 ParOldGen       total 223744K, used 138176K [0x00000006c7200000, 0x00000006d4c80000, 0x000000076d100000)
  object space 223744K, 61% used [0x00000006c7200000,0x00000006cf8f01c8,0x00000006d4c80000)
 Metaspace       used 42238K, capacity 42564K, committed 43136K, reserved 1085440K
  class space    used 6046K, capacity 6170K, committed 6272K, reserved 1048576K
}
Event: 2462.804 GC heap before
{Heap before GC invocations=34 (full 2):
 PSYoungGen      total 122368K, used 122080K [0x000000076d100000, 0x000000077ca00000, 0x00000007c0000000)
  eden space 50176K, 100% used [0x000000076d100000,0x0000000770200000,0x0000000770200000)
  from space 72192K, 99% used [0x0000000770200000,0x0000000774838000,0x0000000774880000)
  to   space 102400K, 0% used [0x0000000776600000,0x0000000776600000,0x000000077ca00000)
 ParOldGen       total 223744K, used 138176K [0x00000006c7200000, 0x00000006d4c80000, 0x000000076d100000)
  object space 223744K, 61% used [0x00000006c7200000,0x00000006cf8f01c8,0x00000006d4c80000)
 Metaspace       used 42241K, capacity 42564K, committed 43136K, reserved 1085440K
  class space    used 6046K, capacity 6170K, committed 6272K, reserved 1048576K
Event: 2462.866 GC heap after
Heap after GC invocations=34 (full 2):
 PSYoungGen      total 146432K, used 69888K [0x000000076d100000, 0x000000077c400000, 0x00000007c0000000)
  eden space 50176K, 0% used [0x000000076d100000,0x000000076d100000,0x0000000770200000)
  from space 96256K, 72% used [0x0000000776600000,0x000000077aa40000,0x000000077c400000)
  to   space 99328K, 0% used [0x0000000770200000,0x0000000770200000,0x0000000776300000)
 ParOldGen       total 223744K, used 141449K [0x00000006c7200000, 0x00000006d4c80000, 0x000000076d100000)
  object space 223744K, 63% used [0x00000006c7200000,0x00000006cfc22768,0x00000006d4c80000)
 Metaspace       used 42241K, capacity 42564K, committed 43136K, reserved 1085440K
  class space    used 6046K, capacity 6170K, committed 6272K, reserved 1048576K
}
Event: 2507.453 GC heap before
{Heap before GC invocations=35 (full 2):
 PSYoungGen      total 146432K, used 120064K [0x000000076d100000, 0x000000077c400000, 0x00000007c0000000)
  eden space 50176K, 100% used [0x000000076d100000,0x0000000770200000,0x0000000770200000)
  from space 96256K, 72% used [0x0000000776600000,0x000000077aa40000,0x000000077c400000)
  to   space 99328K, 0% used [0x0000000770200000,0x0000000770200000,0x0000000776300000)
 ParOldGen       total 223744K, used 141449K [0x00000006c7200000, 0x00000006d4c80000, 0x000000076d100000)
  object space 223744K, 63% used [0x00000006c7200000,0x00000006cfc22768,0x00000006d4c80000)
 Metaspace       used 42415K, capacity 42788K, committed 43136K, reserved 1085440K
  class space    used 6073K, capacity 6202K, committed 6272K, reserved 1048576K
Event: 2507.524 GC heap after
Heap after GC invocations=35 (full 2):
 PSYoungGen      total 120320K, used 69664K [0x000000076d100000, 0x000000077be00000, 0x00000007c0000000)
  eden space 50176K, 0% used [0x000000076d100000,0x000000076d100000,0x0000000770200000)
  from space 70144K, 99% used [0x0000000770200000,0x0000000774608000,0x0000000774680000)
  to   space 96256K, 0% used [0x0000000776000000,0x0000000776000000,0x000000077be00000)
 ParOldGen       total 223744K, used 144251K [0x00000006c7200000, 0x00000006d4c80000, 0x000000076d100000)
  object space 223744K, 64% used [0x00000006c7200000,0x00000006cfedec38,0x00000006d4c80000)
 Metaspace       used 42415K, capacity 42788K, committed 43136K, reserved 1085440K
  class space    used 6073K, capacity 6202K, committed 6272K, reserved 1048576K
}
Event: 2562.454 GC heap before
{Heap before GC invocations=36 (full 2):
 PSYoungGen      total 120320K, used 119840K [0x000000076d100000, 0x000000077be00000, 0x00000007c0000000)
  eden space 50176K, 100% used [0x000000076d100000,0x0000000770200000,0x0000000770200000)
  from space 70144K, 99% used [0x0000000770200000,0x0000000774608000,0x0000000774680000)
  to   space 96256K, 0% used [0x0000000776000000,0x0000000776000000,0x000000077be00000)
 ParOldGen       total 223744K, used 144251K [0x00000006c7200000, 0x00000006d4c80000, 0x000000076d100000)
  object space 223744K, 64% used [0x00000006c7200000,0x00000006cfedec38,0x00000006d4c80000)
 Metaspace       used 42415K, capacity 42788K, committed 43136K, reserved 1085440K
  class space    used 6073K, capacity 6202K, committed 6272K, reserved 1048576K
Event: 2562.505 GC heap after
Heap after GC invocations=36 (full 2):
 PSYoungGen      total 141312K, used 69184K [0x000000076d100000, 0x000000077b900000, 0x00000007c0000000)
  eden space 50176K, 0% used [0x000000076d100000,0x000000076d100000,0x0000000770200000)
  from space 91136K, 75% used [0x0000000776000000,0x000000077a390000,0x000000077b900000)
  to   space 93696K, 0% used [0x0000000770200000,0x0000000770200000,0x0000000775d80000)
 ParOldGen       total 223744K, used 147380K [0x00000006c7200000, 0x00000006d4c80000, 0x000000076d100000)
  object space 223744K, 65% used [0x00000006c7200000,0x00000006d01ed198,0x00000006d4c80000)
 Metaspace       used 42415K, capacity 42788K, committed 43136K, reserved 1085440K
  class space    used 6073K, capacity 6202K, committed 6272K, reserved 1048576K
}
Event: 2677.468 GC heap before
{Heap before GC invocations=37 (full 2):
 PSYoungGen      total 141312K, used 119360K [0x000000076d100000, 0x000000077b900000, 0x00000007c0000000)
  eden space 50176K, 100% used [0x000000076d100000,0x0000000770200000,0x0000000770200000)
  from space 91136K, 75% used [0x0000000776000000,0x000000077a390000,0x000000077b900000)
  to   space 93696K, 0% used [0x0000000770200000,0x0000000770200000,0x0000000775d80000)
 ParOldGen       total 223744K, used 147380K [0x00000006c7200000, 0x00000006d4c80000, 0x000000076d100000)
  object space 223744K, 65% used [0x00000006c7200000,0x00000006d01ed198,0x00000006d4c80000)
 Metaspace       used 42425K, capacity 42852K, committed 43392K, reserved 1087488K
  class space    used 6073K, capacity 6202K, committed 6272K, reserved 1048576K
Event: 2677.526 GC heap after
Heap after GC invocations=37 (full 2):
 PSYoungGen      total 119296K, used 69024K [0x000000076d100000, 0x000000077b500000, 0x00000007c0000000)
  eden space 50176K, 0% used [0x000000076d100000,0x000000076d100000,0x0000000770200000)
  from space 69120K, 99% used [0x0000000770200000,0x0000000774568000,0x0000000774580000)
  to   space 91648K, 0% used [0x0000000775b80000,0x0000000775b80000,0x000000077b500000)
 ParOldGen       total 223744K, used 154391K [0x00000006c7200000, 0x00000006d4c80000, 0x000000076d100000)
  object space 223744K, 69% used [0x00000006c7200000,0x00000006d08c5da8,0x00000006d4c80000)
 Metaspace       used 42425K, capacity 42852K, committed 43392K, reserved 1087488K
  class space    used 6073K, capacity 6202K, committed 6272K, reserved 1048576K
}
Event: 2733.089 GC heap before
{Heap before GC invocations=38 (full 2):
 PSYoungGen      total 119296K, used 119200K [0x000000076d100000, 0x000000077b500000, 0x00000007c0000000)
  eden space 50176K, 100% used [0x000000076d100000,0x0000000770200000,0x0000000770200000)
  from space 69120K, 99% used [0x0000000770200000,0x0000000774568000,0x0000000774580000)
  to   space 91648K, 0% used [0x0000000775b80000,0x0000000775b80000,0x000000077b500000)
 ParOldGen       total 223744K, used 154391K [0x00000006c7200000, 0x00000006d4c80000, 0x000000076d100000)
  object space 223744K, 69% used [0x00000006c7200000,0x00000006d08c5da8,0x00000006d4c80000)
 Metaspace       used 42432K, capacity 42852K, committed 43392K, reserved 1087488K
  class space    used 6073K, capacity 6202K, committed 6272K, reserved 1048576K
Event: 2733.158 GC heap after
Heap after GC invocations=38 (full 2):
 PSYoungGen      total 138752K, used 64160K [0x000000076d100000, 0x000000077b200000, 0x00000007c0000000)
  eden space 50176K, 0% used [0x000000076d100000,0x000000076d100000,0x0000000770200000)
  from space 88576K, 72% used [0x0000000775b80000,0x0000000779a28000,0x000000077b200000)
  to   space 90112K, 0% used [0x0000000770200000,0x0000000770200000,0x0000000775a00000)
 ParOldGen       total 223744K, used 160898K [0x00000006c7200000, 0x00000006d4c80000, 0x000000076d100000)
  object space 223744K, 71% used [0x00000006c7200000,0x00000006d0f208d8,0x00000006d4c80000)
 Metaspace       used 42432K, capacity 42852K, committed 43392K, reserved 1087488K
  class space    used 6073K, capacity 6202K, committed 6272K, reserved 1048576K
}
Event: 2777.446 GC heap before
{Heap before GC invocations=39 (full 2):
 PSYoungGen      total 138752K, used 114336K [0x000000076d100000, 0x000000077b200000, 0x00000007c0000000)
  eden space 50176K, 100% used [0x000000076d100000,0x0000000770200000,0x0000000770200000)
  from space 88576K, 72% used [0x0000000775b80000,0x0000000779a28000,0x000000077b200000)
  to   space 90112K, 0% used [0x0000000770200000,0x0000000770200000,0x0000000775a00000)
 ParOldGen       total 223744K, used 160898K [0x00000006c7200000, 0x00000006d4c80000, 0x000000076d100000)
  object space 223744K, 71% used [0x00000006c7200000,0x00000006d0f208d8,0x00000006d4c80000)
 Metaspace       used 42432K, capacity 42852K, committed 43392K, reserved 1087488K
  class space    used 6073K, capacity 6202K, committed 6272K, reserved 1048576K
Event: 2777.515 GC heap after
Heap after GC invocations=39 (full 2):
 PSYoungGen      total 110080K, used 59552K [0x000000076d100000, 0x000000077b100000, 0x00000007c0000000)
  eden space 50176K, 0% used [0x000000076d100000,0x000000076d100000,0x0000000770200000)
  from space 59904K, 99% used [0x0000000770200000,0x0000000773c28000,0x0000000773c80000)
  to   space 89600K, 0% used [0x0000000775980000,0x0000000775980000,0x000000077b100000)
 ParOldGen       total 223744K, used 167413K [0x00000006c7200000, 0x00000006d4c80000, 0x000000076d100000)
  object space 223744K, 74% used [0x00000006c7200000,0x00000006d157d408,0x00000006d4c80000)
 Metaspace       used 42432K, capacity 42852K, committed 43392K, reserved 1087488K
  class space    used 6073K, capacity 6202K, committed 6272K, reserved 1048576K
}
Event: 2819.886 GC heap before
{Heap before GC invocations=40 (full 2):
 PSYoungGen      total 110080K, used 109728K [0x000000076d100000, 0x000000077b100000, 0x00000007c0000000)
  eden space 50176K, 100% used [0x000000076d100000,0x0000000770200000,0x0000000770200000)
  from space 59904K, 99% used [0x0000000770200000,0x0000000773c28000,0x0000000773c80000)
  to   space 89600K, 0% used [0x0000000775980000,0x0000000775980000,0x000000077b100000)
 ParOldGen       total 223744K, used 167413K [0x00000006c7200000, 0x00000006d4c80000, 0x000000076d100000)
  object space 223744K, 74% used [0x00000006c7200000,0x00000006d157d408,0x00000006d4c80000)
 Metaspace       used 42432K, capacity 42852K, committed 43392K, reserved 1087488K
  class space    used 6073K, capacity 6202K, committed 6272K, reserved 1048576K
Event: 2819.961 GC heap after
Heap after GC invocations=40 (full 2):
 PSYoungGen      total 139776K, used 55200K [0x000000076d100000, 0x000000077b100000, 0x00000007c0000000)
  eden space 50176K, 0% used [0x000000076d100000,0x000000076d100000,0x0000000770200000)
  from space 89600K, 61% used [0x0000000775980000,0x0000000778f68000,0x000000077b100000)
  to   space 89600K, 0% used [0x0000000770200000,0x0000000770200000,0x0000000775980000)
 ParOldGen       total 223744K, used 173903K [0x00000006c7200000, 0x00000006d4c80000, 0x000000076d100000)
  object space 223744K, 77% used [0x00000006c7200000,0x00000006d1bd3f38,0x00000006d4c80000)
 Metaspace       used 42432K, capacity 42852K, committed 43392K, reserved 1087488K
  class space    used 6073K, capacity 6202K, committed 6272K, reserved 1048576K
}
Event: 2857.455 GC heap before
{Heap before GC invocations=41 (full 2):
 PSYoungGen      total 139776K, used 105376K [0x000000076d100000, 0x000000077b100000, 0x00000007c0000000)
  eden space 50176K, 100% used [0x000000076d100000,0x0000000770200000,0x0000000770200000)
  from space 89600K, 61% used [0x0000000775980000,0x0000000778f68000,0x000000077b100000)
  to   space 89600K, 0% used [0x0000000770200000,0x0000000770200000,0x0000000775980000)
 ParOldGen       total 223744K, used 173903K [0x00000006c7200000, 0x00000006d4c80000, 0x000000076d100000)
  object space 223744K, 77% used [0x00000006c7200000,0x00000006d1bd3f38,0x00000006d4c80000)
 Metaspace       used 42459K, capacity 42858K, committed 43392K, reserved 1087488K
  class space    used 6074K, capacity 6203K, committed 6272K, reserved 1048576K
Event: 2857.507 GC heap after
Heap after GC invocations=41 (full 2):
 PSYoungGen      total 139776K, used 54432K [0x000000076d100000, 0x000000077b100000, 0x00000007c0000000)
  eden space 50176K, 0% used [0x000000076d100000,0x000000076d100000,0x0000000770200000)
  from space 89600K, 60% used [0x0000000770200000,0x0000000773728000,0x0000000775980000)
  to   space 89600K, 0% used [0x0000000775980000,0x0000000775980000,0x000000077b100000)
 ParOldGen       total 223744K, used 176568K [0x00000006c7200000, 0x00000006d4c80000, 0x000000076d100000)
  object space 223744K, 78% used [0x00000006c7200000,0x00000006d1e6e3c8,0x00000006d4c80000)
 Metaspace       used 42459K, capacity 42858K, committed 43392K, reserved 1087488K
  class space    used 6074K, capacity 6203K, committed 6272K, reserved 1048576K
}
Event: 2982.470 GC heap before
{Heap before GC invocations=42 (full 2):
 PSYoungGen      total 139776K, used 104608K [0x000000076d100000, 0x000000077b100000, 0x00000007c0000000)
  eden space 50176K, 100% used [0x000000076d100000,0x0000000770200000,0x0000000770200000)
  from space 89600K, 60% used [0x0000000770200000,0x0000000773728000,0x0000000775980000)
  to   space 89600K, 0% used [0x0000000775980000,0x0000000775980000,0x000000077b100000)
 ParOldGen       total 223744K, used 176568K [0x00000006c7200000, 0x00000006d4c80000, 0x000000076d100000)
  object space 223744K, 78% used [0x00000006c7200000,0x00000006d1e6e3c8,0x00000006d4c80000)
 Metaspace       used 42459K, capacity 42858K, committed 43392K, reserved 1087488K
  class space    used 6074K, capacity 6203K, committed 6272K, reserved 1048576K
Event: 2982.517 GC heap after
Heap after GC invocations=42 (full 2):
 PSYoungGen      total 136704K, used 60000K [0x000000076d100000, 0x000000077ae00000, 0x00000007c0000000)
  eden space 50176K, 0% used [0x000000076d100000,0x000000076d100000,0x0000000770200000)
  from space 86528K, 69% used [0x0000000775980000,0x0000000779418000,0x000000077ae00000)
  to   space 88064K, 0% used [0x0000000770200000,0x0000000770200000,0x0000000775800000)
 ParOldGen       total 223744K, used 178617K [0x00000006c7200000, 0x00000006d4c80000, 0x000000076d100000)
  object space 223744K, 79% used [0x00000006c7200000,0x00000006d206e748,0x00000006d4c80000)
 Metaspace       used 42459K, capacity 42858K, committed 43392K, reserved 1087488K
  class space    used 6074K, capacity 6203K, committed 6272K, reserved 1048576K
}
Event: 3067.466 GC heap before
{Heap before GC invocations=43 (full 2):
 PSYoungGen      total 136704K, used 110176K [0x000000076d100000, 0x000000077ae00000, 0x00000007c0000000)
  eden space 50176K, 100% used [0x000000076d100000,0x0000000770200000,0x0000000770200000)
  from space 86528K, 69% used [0x0000000775980000,0x0000000779418000,0x000000077ae00000)
  to   space 88064K, 0% used [0x0000000770200000,0x0000000770200000,0x0000000775800000)
 ParOldGen       total 223744K, used 178617K [0x00000006c7200000, 0x00000006d4c80000, 0x000000076d100000)
  object space 223744K, 79% used [0x00000006c7200000,0x00000006d206e748,0x00000006d4c80000)
 Metaspace       used 42461K, capacity 42858K, committed 43392K, reserved 1087488K
  class space    used 6074K, capacity 6203K, committed 6272K, reserved 1048576K
Event: 3067.522 GC heap after
Heap after GC invocations=43 (full 2):
 PSYoungGen      total 112128K, used 61536K [0x000000076d100000, 0x000000077ab00000, 0x00000007c0000000)
  eden space 50176K, 0% used [0x000000076d100000,0x000000076d100000,0x0000000770200000)
  from space 61952K, 99% used [0x0000000770200000,0x0000000773e18000,0x0000000773e80000)
  to   space 86528K, 0% used [0x0000000775680000,0x0000000775680000,0x000000077ab00000)
 ParOldGen       total 223744K, used 181162K [0x00000006c7200000, 0x00000006d4c80000, 0x000000076d100000)
  object space 223744K, 80% used [0x00000006c7200000,0x00000006d22eaba8,0x00000006d4c80000)
 Metaspace       used 42461K, capacity 42858K, committed 43392K, reserved 1087488K
  class space    used 6074K, capacity 6203K, committed 6272K, reserved 1048576K
}
Event: 3144.055 GC heap before
{Heap before GC invocations=44 (full 2):
 PSYoungGen      total 112128K, used 111712K [0x000000076d100000, 0x000000077ab00000, 0x00000007c0000000)
  eden space 50176K, 100% used [0x000000076d100000,0x0000000770200000,0x0000000770200000)
  from space 61952K, 99% used [0x0000000770200000,0x0000000773e18000,0x0000000773e80000)
  to   space 86528K, 0% used [0x0000000775680000,0x0000000775680000,0x000000077ab00000)
 ParOldGen       total 223744K, used 181162K [0x00000006c7200000, 0x00000006d4c80000, 0x000000076d100000)
  object space 223744K, 80% used [0x00000006c7200000,0x00000006d22eaba8,0x00000006d4c80000)
 Metaspace       used 42463K, capacity 42858K, committed 43392K, reserved 1087488K
  class space    used 6074K, capacity 6203K, committed 6272K, reserved 1048576K
Event: 3144.130 GC heap after
Heap after GC invocations=44 (full 2):
 PSYoungGen      total 133632K, used 60320K [0x000000076d100000, 0x000000077a800000, 0x00000007c0000000)
  eden space 50176K, 0% used [0x000000076d100000,0x000000076d100000,0x0000000770200000)
  from space 83456K, 72% used [0x0000000775680000,0x0000000779168000,0x000000077a800000)
  to   space 84992K, 0% used [0x0000000770200000,0x0000000770200000,0x0000000775500000)
 ParOldGen       total 223744K, used 186429K [0x00000006c7200000, 0x00000006d4c80000, 0x000000076d100000)
  object space 223744K, 83% used [0x00000006c7200000,0x00000006d280f4b8,0x00000006d4c80000)
 Metaspace       used 42463K, capacity 42858K, committed 43392K, reserved 1087488K
  class space    used 6074K, capacity 6203K, committed 6272K, reserved 1048576K
}
Event: 3202.486 GC heap before
{Heap before GC invocations=45 (full 2):
 PSYoungGen      total 133632K, used 110496K [0x000000076d100000, 0x000000077a800000, 0x00000007c0000000)
  eden space 50176K, 100% used [0x000000076d100000,0x0000000770200000,0x0000000770200000)
  from space 83456K, 72% used [0x0000000775680000,0x0000000779168000,0x000000077a800000)
  to   space 84992K, 0% used [0x0000000770200000,0x0000000770200000,0x0000000775500000)
 ParOldGen       total 223744K, used 186429K [0x00000006c7200000, 0x00000006d4c80000, 0x000000076d100000)
  object space 223744K, 83% used [0x00000006c7200000,0x00000006d280f4b8,0x00000006d4c80000)
 Metaspace       used 42463K, capacity 42858K, committed 43392K, reserved 1087488K
  class space    used 6074K, capacity 6203K, committed 6272K, reserved 1048576K
Event: 3202.548 GC heap after
Heap after GC invocations=45 (full 2):
 PSYoungGen      total 107520K, used 56864K [0x000000076d100000, 0x000000077a700000, 0x00000007c0000000)
  eden space 50176K, 0% used [0x000000076d100000,0x000000076d100000,0x0000000770200000)
  from space 57344K, 99% used [0x0000000770200000,0x0000000773988000,0x0000000773a00000)
  to   space 84480K, 0% used [0x0000000775480000,0x0000000775480000,0x000000077a700000)
 ParOldGen       total 223744K, used 192495K [0x00000006c7200000, 0x00000006d4c80000, 0x000000076d100000)
  object space 223744K, 86% used [0x00000006c7200000,0x00000006d2dfbf28,0x00000006d4c80000)
 Metaspace       used 42463K, capacity 42858K, committed 43392K, reserved 1087488K
  class space    used 6074K, capacity 6203K, committed 6272K, reserved 1048576K
}
Event: 3246.597 GC heap before
{Heap before GC invocations=46 (full 2):
 PSYoungGen      total 107520K, used 107040K [0x000000076d100000, 0x000000077a700000, 0x00000007c0000000)
  eden space 50176K, 100% used [0x000000076d100000,0x0000000770200000,0x0000000770200000)
  from space 57344K, 99% used [0x0000000770200000,0x0000000773988000,0x0000000773a00000)
  to   space 84480K, 0% used [0x0000000775480000,0x0000000775480000,0x000000077a700000)
 ParOldGen       total 223744K, used 192495K [0x00000006c7200000, 0x00000006d4c80000, 0x000000076d100000)
  object space 223744K, 86% used [0x00000006c7200000,0x00000006d2dfbf28,0x00000006d4c80000)
 Metaspace       used 42470K, capacity 42858K, committed 43392K, reserved 1087488K
  class space    used 6074K, capacity 6203K, committed 6272K, reserved 1048576K
Event: 3246.643 GC heap after
Heap after GC invocations=46 (full 2):
 PSYoungGen      total 133632K, used 54464K [0x000000076d100000, 0x000000077a600000, 0x00000007c0000000)
  eden space 50176K, 0% used [0x000000076d100000,0x000000076d100000,0x0000000770200000)
  from space 83456K, 65% used [0x0000000775480000,0x00000007789b0000,0x000000077a600000)
  to   space 83968K, 0% used [0x0000000770200000,0x0000000770200000,0x0000000775400000)
 ParOldGen       total 223744K, used 196825K [0x00000006c7200000, 0x00000006d4c80000, 0x000000076d100000)
  object space 223744K, 87% used [0x00000006c7200000,0x00000006d3236698,0x00000006d4c80000)
 Metaspace       used 42470K, capacity 42858K, committed 43392K, reserved 1087488K
  class space    used 6074K, capacity 6203K, committed 6272K, reserved 1048576K
}
Event: 3288.618 GC heap before
{Heap before GC invocations=47 (full 2):
 PSYoungGen      total 133632K, used 104640K [0x000000076d100000, 0x000000077a600000, 0x00000007c0000000)
  eden space 50176K, 100% used [0x000000076d100000,0x0000000770200000,0x0000000770200000)
  from space 83456K, 65% used [0x0000000775480000,0x00000007789b0000,0x000000077a600000)
  to   space 83968K, 0% used [0x0000000770200000,0x0000000770200000,0x0000000775400000)
 ParOldGen       total 223744K, used 196825K [0x00000006c7200000, 0x00000006d4c80000, 0x000000076d100000)
  object space 223744K, 87% used [0x00000006c7200000,0x00000006d3236698,0x00000006d4c80000)
 Metaspace       used 42470K, capacity 42858K, committed 43392K, reserved 1087488K
  class space    used 6074K, capacity 6203K, committed 6272K, reserved 1048576K
Event: 3288.662 GC heap after
Heap after GC invocations=47 (full 2):
 PSYoungGen      total 101376K, used 51200K [0x000000076d100000, 0x000000077a500000, 0x00000007c0000000)
  eden space 50176K, 0% used [0x000000076d100000,0x000000076d100000,0x0000000770200000)
  from space 51200K, 100% used [0x0000000770200000,0x0000000773400000,0x0000000773400000)
  to   space 83456K, 0% used [0x0000000775380000,0x0000000775380000,0x000000077a500000)
 ParOldGen       total 223744K, used 202019K [0x00000006c7200000, 0x00000006d4c80000, 0x000000076d100000)
  object space 223744K, 90% used [0x00000006c7200000,0x00000006d3748f88,0x00000006d4c80000)
 Metaspace       used 42470K, capacity 42858K, committed 43392K, reserved 1087488K
  class space    used 6074K, capacity 6203K, committed 6272K, reserved 1048576K
}
Event: 3332.492 GC heap before
{Heap before GC invocations=48 (full 2):
 PSYoungGen      total 101376K, used 101376K [0x000000076d100000, 0x000000077a500000, 0x00000007c0000000)
  eden space 50176K, 100% used [0x000000076d100000,0x0000000770200000,0x0000000770200000)
  from space 51200K, 100% used [0x0000000770200000,0x0000000773400000,0x0000000773400000)
  to   space 83456K, 0% used [0x0000000775380000,0x0000000775380000,0x000000077a500000)
 ParOldGen       total 223744K, used 202019K [0x00000006c7200000, 0x00000006d4c80000, 0x000000076d100000)
  object space 223744K, 90% used [0x00000006c7200000,0x00000006d3748f88,0x00000006d4c80000)
 Metaspace       used 42470K, capacity 42858K, committed 43392K, reserved 1087488K
  class space    used 6074K, capacity 6203K, committed 6272K, reserved 1048576K
Event: 3332.556 GC heap after
Heap after GC invocations=48 (full 2):
 PSYoungGen      total 133632K, used 48448K [0x000000076d100000, 0x000000077a500000, 0x00000007c0000000)
  eden space 50176K, 0% used [0x000000076d100000,0x000000076d100000,0x0000000770200000)
  from space 83456K, 58% used [0x0000000775380000,0x00000007782d0000,0x000000077a500000)
  to   space 83456K, 0% used [0x0000000770200000,0x0000000770200000,0x0000000775380000)
 ParOldGen       total 223744K, used 207022K [0x00000006c7200000, 0x00000006d4c80000, 0x000000076d100000)
  object space 223744K, 92% used [0x00000006c7200000,0x00000006d3c2b828,0x00000006d4c80000)
 Metaspace       used 42470K, capacity 42858K, committed 43392K, reserved 1087488K
  class space    used 6074K, capacity 6203K, committed 6272K, reserved 1048576K
}
Event: 3382.477 GC heap before
{Heap before GC invocations=49 (full 2):
 PSYoungGen      total 133632K, used 98624K [0x000000076d100000, 0x000000077a500000, 0x00000007c0000000)
  eden space 50176K, 100% used [0x000000076d100000,0x0000000770200000,0x0000000770200000)
  from space 83456K, 58% used [0x0000000775380000,0x00000007782d0000,0x000000077a500000)
  to   space 83456K, 0% used [0x0000000770200000,0x0000000770200000,0x0000000775380000)
 ParOldGen       total 223744K, used 207022K [0x00000006c7200000, 0x00000006d4c80000, 0x000000076d100000)
  object space 223744K, 92% used [0x00000006c7200000,0x00000006d3c2b828,0x00000006d4c80000)
 Metaspace       used 42470K, capacity 42858K, committed 43392K, reserved 1087488K
  class space    used 6074K, capacity 6203K, committed 6272K, reserved 1048576K
Event: 3382.544 GC heap after
Heap after GC invocations=49 (full 2):
 PSYoungGen      total 100352K, used 49760K [0x000000076d100000, 0x000000077a400000, 0x00000007c0000000)
  eden space 50176K, 0% used [0x000000076d100000,0x000000076d100000,0x0000000770200000)
  from space 50176K, 99% used [0x0000000770200000,0x0000000773298000,0x0000000773300000)
  to   space 82944K, 0% used [0x0000000775300000,0x0000000775300000,0x000000077a400000)
 ParOldGen       total 223744K, used 209142K [0x00000006c7200000, 0x00000006d4c80000, 0x000000076d100000)
  object space 223744K, 93% used [0x00000006c7200000,0x00000006d3e3dbc8,0x00000006d4c80000)
 Metaspace       used 42470K, capacity 42858K, committed 43392K, reserved 1087488K
  class space    used 6074K, capacity 6203K, committed 6272K, reserved 1048576K
}
Event: 3512.499 GC heap before
{Heap before GC invocations=50 (full 2):
 PSYoungGen      total 100352K, used 99936K [0x000000076d100000, 0x000000077a400000, 0x00000007c0000000)
  eden space 50176K, 100% used [0x000000076d100000,0x0000000770200000,0x0000000770200000)
  from space 50176K, 99% used [0x0000000770200000,0x0000000773298000,0x0000000773300000)
  to   space 82944K, 0% used [0x0000000775300000,0x0000000775300000,0x000000077a400000)
 ParOldGen       total 223744K, used 209142K [0x00000006c7200000, 0x00000006d4c80000, 0x000000076d100000)
  object space 223744K, 93% used [0x00000006c7200000,0x00000006d3e3dbc8,0x00000006d4c80000)
 Metaspace       used 42470K, capacity 42858K, committed 43392K, reserved 1087488K
  class space    used 6074K, capacity 6203K, committed 6272K, reserved 1048576K
Event: 3512.539 GC heap after
Heap after GC invocations=50 (full 2):
 PSYoungGen      total 130048K, used 54144K [0x000000076d100000, 0x000000077a100000, 0x00000007c0000000)
  eden space 50176K, 0% used [0x000000076d100000,0x000000076d100000,0x0000000770200000)
  from space 79872K, 67% used [0x0000000775300000,0x00000007787e0000,0x000000077a100000)
  to   space 81408K, 0% used [0x0000000770200000,0x0000000770200000,0x0000000775180000)
 ParOldGen       total 223744K, used 211339K [0x00000006c7200000, 0x00000006d4c80000, 0x000000076d100000)
  object space 223744K, 94% used [0x00000006c7200000,0x00000006d4062f88,0x00000006d4c80000)
 Metaspace       used 42470K, capacity 42858K, committed 43392K, reserved 1087488K
  class space    used 6074K, capacity 6203K, committed 6272K, reserved 1048576K
}
Event: 3592.485 GC heap before
{Heap before GC invocations=51 (full 2):
 PSYoungGen      total 130048K, used 104320K [0x000000076d100000, 0x000000077a100000, 0x00000007c0000000)
  eden space 50176K, 100% used [0x000000076d100000,0x0000000770200000,0x0000000770200000)
  from space 79872K, 67% used [0x0000000775300000,0x00000007787e0000,0x000000077a100000)
  to   space 81408K, 0% used [0x0000000770200000,0x0000000770200000,0x0000000775180000)
 ParOldGen       total 223744K, used 211339K [0x00000006c7200000, 0x00000006d4c80000, 0x000000076d100000)
  object space 223744K, 94% used [0x00000006c7200000,0x00000006d4062f88,0x00000006d4c80000)
 Metaspace       used 42471K, capacity 42858K, committed 43392K, reserved 1087488K
  class space    used 6074K, capacity 6203K, committed 6272K, reserved 1048576K
Event: 3592.576 GC heap after
Heap after GC invocations=51 (full 2):
 PSYoungGen      total 105472K, used 54912K [0x000000076d100000, 0x0000000779e00000, 0x00000007c0000000)
  eden space 50176K, 0% used [0x000000076d100000,0x000000076d100000,0x0000000770200000)
  from space 55296K, 99% used [0x0000000770200000,0x00000007737a0000,0x0000000773800000)
  to   space 79872K, 0% used [0x0000000775000000,0x0000000775000000,0x0000000779e00000)
 ParOldGen       total 223744K, used 214205K [0x00000006c7200000, 0x00000006d4c80000, 0x000000076d100000)
  object space 223744K, 95% used [0x00000006c7200000,0x00000006d432f478,0x00000006d4c80000)
 Metaspace       used 42471K, capacity 42858K, committed 43392K, reserved 1087488K
  class space    used 6074K, capacity 6203K, committed 6272K, reserved 1048576K
}
Event: 3697.493 GC heap before
{Heap before GC invocations=52 (full 2):
 PSYoungGen      total 105472K, used 105088K [0x000000076d100000, 0x0000000779e00000, 0x00000007c0000000)
  eden space 50176K, 100% used [0x000000076d100000,0x0000000770200000,0x0000000770200000)
  from space 55296K, 99% used [0x0000000770200000,0x00000007737a0000,0x0000000773800000)
  to   space 79872K, 0% used [0x0000000775000000,0x0000000775000000,0x0000000779e00000)
 ParOldGen       total 223744K, used 214205K [0x00000006c7200000, 0x00000006d4c80000, 0x000000076d100000)
  object space 223744K, 95% used [0x00000006c7200000,0x00000006d432f478,0x00000006d4c80000)
 Metaspace       used 42471K, capacity 42858K, committed 43392K, reserved 1087488K
  class space    used 6074K, capacity 6203K, committed 6272K, reserved 1048576K
Event: 3697.590 GC heap after
Heap after GC invocations=52 (full 2):
 PSYoungGen      total 126976K, used 54560K [0x000000076d100000, 0x0000000779b00000, 0x00000007c0000000)
  eden space 50176K, 0% used [0x000000076d100000,0x000000076d100000,0x0000000770200000)
  from space 76800K, 71% used [0x0000000775000000,0x0000000778548000,0x0000000779b00000)
  to   space 78336K, 0% used [0x0000000770200000,0x0000000770200000,0x0000000774e80000)
 ParOldGen       total 223744K, used 220135K [0x00000006c7200000, 0x00000006d4c80000, 0x000000076d100000)
  object space 223744K, 98% used [0x00000006c7200000,0x00000006d48f9ea8,0x00000006d4c80000)
 Metaspace       used 42471K, capacity 42858K, committed 43392K, reserved 1087488K
  class space    used 6074K, capacity 6203K, committed 6272K, reserved 1048576K
}
Event: 3697.590 GC heap before
{Heap before GC invocations=53 (full 3):
 PSYoungGen      total 126976K, used 54560K [0x000000076d100000, 0x0000000779b00000, 0x00000007c0000000)
  eden space 50176K, 0% used [0x000000076d100000,0x000000076d100000,0x0000000770200000)
  from space 76800K, 71% used [0x0000000775000000,0x0000000778548000,0x0000000779b00000)
  to   space 78336K, 0% used [0x0000000770200000,0x0000000770200000,0x0000000774e80000)
 ParOldGen       total 223744K, used 220135K [0x00000006c7200000, 0x00000006d4c80000, 0x000000076d100000)
  object space 223744K, 98% used [0x00000006c7200000,0x00000006d48f9ea8,0x00000006d4c80000)
 Metaspace       used 42471K, capacity 42858K, committed 43392K, reserved 1087488K
  class space    used 6074K, capacity 6203K, committed 6272K, reserved 1048576K
Event: 3698.457 GC heap after
Heap after GC invocations=53 (full 3):
 PSYoungGen      total 126976K, used 19634K [0x000000076d100000, 0x0000000779b00000, 0x00000007c0000000)
  eden space 50176K, 0% used [0x000000076d100000,0x000000076d100000,0x0000000770200000)
  from space 76800K, 25% used [0x0000000775000000,0x000000077632cb08,0x0000000779b00000)
  to   space 78336K, 0% used [0x0000000770200000,0x0000000770200000,0x0000000774e80000)
 ParOldGen       total 566784K, used 223574K [0x00000006c7200000, 0x00000006e9b80000, 0x000000076d100000)
  object space 566784K, 39% used [0x00000006c7200000,0x00000006d4c55a58,0x00000006e9b80000)
 Metaspace       used 42471K, capacity 42858K, committed 43392K, reserved 1087488K
  class space    used 6074K, capacity 6203K, committed 6272K, reserved 1048576K
}
Event: 3815.505 GC heap before
{Heap before GC invocations=54 (full 3):
 PSYoungGen      total 126976K, used 69810K [0x000000076d100000, 0x0000000779b00000, 0x00000007c0000000)
  eden space 50176K, 100% used [0x000000076d100000,0x0000000770200000,0x0000000770200000)
  from space 76800K, 25% used [0x0000000775000000,0x000000077632cb08,0x0000000779b00000)
  to   space 78336K, 0% used [0x0000000770200000,0x0000000770200000,0x0000000774e80000)
 ParOldGen       total 566784K, used 223574K [0x00000006c7200000, 0x00000006e9b80000, 0x000000076d100000)
  object space 566784K, 39% used [0x00000006c7200000,0x00000006d4c55a58,0x00000006e9b80000)
 Metaspace       used 42475K, capacity 42858K, committed 43392K, reserved 1087488K
  class space    used 6074K, capacity 6203K, committed 6272K, reserved 1048576K
Event: 3815.571 GC heap after
Heap after GC invocations=54 (full 3):
 PSYoungGen      total 128512K, used 27424K [0x000000076d100000, 0x000000077a200000, 0x00000007c0000000)
  eden space 50176K, 0% used [0x000000076d100000,0x000000076d100000,0x0000000770200000)
  from space 78336K, 35% used [0x0000000770200000,0x0000000771cc8000,0x0000000774e80000)
  to   space 81408K, 0% used [0x0000000775280000,0x0000000775280000,0x000000077a200000)
 ParOldGen       total 566784K, used 223582K [0x00000006c7200000, 0x00000006e9b80000, 0x000000076d100000)
  object space 566784K, 39% used [0x00000006c7200000,0x00000006d4c57a58,0x00000006e9b80000)
 Metaspace       used 42475K, capacity 42858K, committed 43392K, reserved 1087488K
  class space    used 6074K, capacity 6203K, committed 6272K, reserved 1048576K
}
Event: 3912.500 GC heap before
{Heap before GC invocations=55 (full 3):
 PSYoungGen      total 128512K, used 77600K [0x000000076d100000, 0x000000077a200000, 0x00000007c0000000)
  eden space 50176K, 100% used [0x000000076d100000,0x0000000770200000,0x0000000770200000)
  from space 78336K, 35% used [0x0000000770200000,0x0000000771cc8000,0x0000000774e80000)
  to   space 81408K, 0% used [0x0000000775280000,0x0000000775280000,0x000000077a200000)
 ParOldGen       total 566784K, used 223582K [0x00000006c7200000, 0x00000006e9b80000, 0x000000076d100000)
  object space 566784K, 39% used [0x00000006c7200000,0x00000006d4c57a58,0x00000006e9b80000)
 Metaspace       used 42475K, capacity 42858K, committed 43392K, reserved 1087488K
  class space    used 6074K, capacity 6203K, committed 6272K, reserved 1048576K
Event: 3912.559 GC heap after
Heap after GC invocations=55 (full 3):
 PSYoungGen      total 131072K, used 32064K [0x000000076d100000, 0x000000077a480000, 0x00000007c0000000)
  eden space 49664K, 0% used [0x000000076d100000,0x000000076d100000,0x0000000770180000)
  from space 81408K, 39% used [0x0000000775280000,0x00000007771d0000,0x000000077a200000)
  to   space 82944K, 0% used [0x0000000770180000,0x0000000770180000,0x0000000775280000)
 ParOldGen       total 566784K, used 223582K [0x00000006c7200000, 0x00000006e9b80000, 0x000000076d100000)
  object space 566784K, 39% used [0x00000006c7200000,0x00000006d4c57a58,0x00000006e9b80000)
 Metaspace       used 42475K, capacity 42858K, committed 43392K, reserved 1087488K
  class space    used 6074K, capacity 6203K, committed 6272K, reserved 1048576K
}
Event: 4023.754 GC heap before
{Heap before GC invocations=56 (full 3):
 PSYoungGen      total 131072K, used 81728K [0x000000076d100000, 0x000000077a480000, 0x00000007c0000000)
  eden space 49664K, 100% used [0x000000076d100000,0x0000000770180000,0x0000000770180000)
  from space 81408K, 39% used [0x0000000775280000,0x00000007771d0000,0x000000077a200000)
  to   space 82944K, 0% used [0x0000000770180000,0x0000000770180000,0x0000000775280000)
 ParOldGen       total 566784K, used 223582K [0x00000006c7200000, 0x00000006e9b80000, 0x000000076d100000)
  object space 566784K, 39% used [0x00000006c7200000,0x00000006d4c57a58,0x00000006e9b80000)
 Metaspace       used 42475K, capacity 42858K, committed 43392K, reserved 1087488K
  class space    used 6074K, capacity 6203K, committed 6272K, reserved 1048576K
Event: 4023.829 GC heap after
Heap after GC invocations=56 (full 3):
 PSYoungGen      total 132608K, used 38144K [0x000000076d100000, 0x000000077a300000, 0x00000007c0000000)
  eden space 49664K, 0% used [0x000000076d100000,0x000000076d100000,0x0000000770180000)
  from space 82944K, 45% used [0x0000000770180000,0x00000007726c0000,0x0000000775280000)
  to   space 82432K, 0% used [0x0000000775280000,0x0000000775280000,0x000000077a300000)
 ParOldGen       total 566784K, used 223582K [0x00000006c7200000, 0x00000006e9b80000, 0x000000076d100000)
  object space 566784K, 39% used [0x00000006c7200000,0x00000006d4c57a58,0x00000006e9b80000)
 Metaspace       used 42475K, capacity 42858K, committed 43392K, reserved 1087488K
  class space    used 6074K, capacity 6203K, committed 6272K, reserved 1048576K
}
Event: 4067.520 GC heap before
{Heap before GC invocations=57 (full 3):
 PSYoungGen      total 132608K, used 87808K [0x000000076d100000, 0x000000077a300000, 0x00000007c0000000)
  eden space 49664K, 100% used [0x000000076d100000,0x0000000770180000,0x0000000770180000)
  from space 82944K, 45% used [0x0000000770180000,0x00000007726c0000,0x0000000775280000)
  to   space 82432K, 0% used [0x0000000775280000,0x0000000775280000,0x000000077a300000)
 ParOldGen       total 566784K, used 223582K [0x00000006c7200000, 0x00000006e9b80000, 0x000000076d100000)
  object space 566784K, 39% used [0x00000006c7200000,0x00000006d4c57a58,0x00000006e9b80000)
 Metaspace       used 42475K, capacity 42858K, committed 43392K, reserved 1087488K
  class space    used 6074K, capacity 6203K, committed 6272K, reserved 1048576K
Event: 4067.584 GC heap after
Heap after GC invocations=57 (full 3):
 PSYoungGen      total 131584K, used 39520K [0x000000076d100000, 0x000000077a180000, 0x00000007c0000000)
  eden space 50688K, 0% used [0x000000076d100000,0x000000076d100000,0x0000000770280000)
  from space 80896K, 48% used [0x0000000775280000,0x0000000777918000,0x000000077a180000)
  to   space 81408K, 0% used [0x0000000770280000,0x0000000770280000,0x0000000775200000)
 ParOldGen       total 566784K, used 223582K [0x00000006c7200000, 0x00000006e9b80000, 0x000000076d100000)
  object space 566784K, 39% used [0x00000006c7200000,0x00000006d4c57a58,0x00000006e9b80000)
 Metaspace       used 42475K, capacity 42858K, committed 43392K, reserved 1087488K
  class space    used 6074K, capacity 6203K, committed 6272K, reserved 1048576K
}
Event: 4159.839 GC heap before
{Heap before GC invocations=58 (full 3):
 PSYoungGen      total 131584K, used 90208K [0x000000076d100000, 0x000000077a180000, 0x00000007c0000000)
  eden space 50688K, 100% used [0x000000076d100000,0x0000000770280000,0x0000000770280000)
  from space 80896K, 48% used [0x0000000775280000,0x0000000777918000,0x000000077a180000)
  to   space 81408K, 0% used [0x0000000770280000,0x0000000770280000,0x0000000775200000)
 ParOldGen       total 566784K, used 223582K [0x00000006c7200000, 0x00000006e9b80000, 0x000000076d100000)
  object space 566784K, 39% used [0x00000006c7200000,0x00000006d4c57a58,0x00000006e9b80000)
 Metaspace       used 42477K, capacity 42858K, committed 43392K, reserved 1087488K
  class space    used 6074K, capacity 6203K, committed 6272K, reserved 1048576K
Event: 4159.895 GC heap after
Heap after GC invocations=58 (full 3):
 PSYoungGen      total 95744K, used 44864K [0x000000076d100000, 0x0000000779d80000, 0x00000007c0000000)
  eden space 50688K, 0% used [0x000000076d100000,0x000000076d100000,0x0000000770280000)
  from space 45056K, 99% used [0x0000000770280000,0x0000000772e50000,0x0000000772e80000)
  to   space 78848K, 0% used [0x0000000775080000,0x0000000775080000,0x0000000779d80000)
 ParOldGen       total 566784K, used 223582K [0x00000006c7200000, 0x00000006e9b80000, 0x000000076d100000)
  object space 566784K, 39% used [0x00000006c7200000,0x00000006d4c57a58,0x00000006e9b80000)
 Metaspace       used 42477K, capacity 42858K, committed 43392K, reserved 1087488K
  class space    used 6074K, capacity 6203K, committed 6272K, reserved 1048576K
}
Event: 4272.509 GC heap before
{Heap before GC invocations=59 (full 3):
 PSYoungGen      total 95744K, used 95552K [0x000000076d100000, 0x0000000779d80000, 0x00000007c0000000)
  eden space 50688K, 100% used [0x000000076d100000,0x0000000770280000,0x0000000770280000)
  from space 45056K, 99% used [0x0000000770280000,0x0000000772e50000,0x0000000772e80000)
  to   space 78848K, 0% used [0x0000000775080000,0x0000000775080000,0x0000000779d80000)
 ParOldGen       total 566784K, used 223582K [0x00000006c7200000, 0x00000006e9b80000, 0x000000076d100000)
  object space 566784K, 39% used [0x00000006c7200000,0x00000006d4c57a58,0x00000006e9b80000)
 Metaspace       used 42489K, capacity 42858K, committed 43392K, reserved 1087488K
  class space    used 6074K, capacity 6203K, committed 6272K, reserved 1048576K
Event: 4272.550 GC heap after
Heap after GC invocations=59 (full 3):
 PSYoungGen      total 124416K, used 48736K [0x000000076d100000, 0x0000000779800000, 0x00000007c0000000)
  eden space 51200K, 0% used [0x000000076d100000,0x000000076d100000,0x0000000770300000)
  from space 73216K, 66% used [0x0000000775080000,0x0000000778018000,0x0000000779800000)
  to   space 76288K, 0% used [0x0000000770300000,0x0000000770300000,0x0000000774d80000)
 ParOldGen       total 566784K, used 225919K [0x00000006c7200000, 0x00000006e9b80000, 0x000000076d100000)
  object space 566784K, 39% used [0x00000006c7200000,0x00000006d4e9fea8,0x00000006e9b80000)
 Metaspace       used 42489K, capacity 42858K, committed 43392K, reserved 1087488K
  class space    used 6074K, capacity 6203K, committed 6272K, reserved 1048576K
}
Event: 4386.289 GC heap before
{Heap before GC invocations=60 (full 3):
 PSYoungGen      total 124416K, used 99936K [0x000000076d100000, 0x0000000779800000, 0x00000007c0000000)
  eden space 51200K, 100% used [0x000000076d100000,0x0000000770300000,0x0000000770300000)
  from space 73216K, 66% used [0x0000000775080000,0x0000000778018000,0x0000000779800000)
  to   space 76288K, 0% used [0x0000000770300000,0x0000000770300000,0x0000000774d80000)
 ParOldGen       total 566784K, used 225919K [0x00000006c7200000, 0x00000006e9b80000, 0x000000076d100000)
  object space 566784K, 39% used [0x00000006c7200000,0x00000006d4e9fea8,0x00000006e9b80000)
 Metaspace       used 42495K, capacity 42858K, committed 43392K, reserved 1087488K
  class space    used 6074K, capacity 6203K, committed 6272K, reserved 1048576K
Event: 4386.389 GC heap after
Heap after GC invocations=60 (full 3):
 PSYoungGen      total 101888K, used 50656K [0x000000076d100000, 0x0000000779380000, 0x00000007c0000000)
  eden space 51200K, 0% used [0x000000076d100000,0x000000076d100000,0x0000000770300000)
  from space 50688K, 99% used [0x0000000770300000,0x0000000773478000,0x0000000773480000)
  to   space 73728K, 0% used [0x0000000774b80000,0x0000000774b80000,0x0000000779380000)
 ParOldGen       total 566784K, used 229633K [0x00000006c7200000, 0x00000006e9b80000, 0x000000076d100000)
  object space 566784K, 40% used [0x00000006c7200000,0x00000006d5240588,0x00000006e9b80000)
 Metaspace       used 42495K, capacity 42858K, committed 43392K, reserved 1087488K
  class space    used 6074K, capacity 6203K, committed 6272K, reserved 1048576K
}
Event: 4425.267 GC heap before
{Heap before GC invocations=61 (full 3):
 PSYoungGen      total 101888K, used 101856K [0x000000076d100000, 0x0000000779380000, 0x00000007c0000000)
  eden space 51200K, 100% used [0x000000076d100000,0x0000000770300000,0x0000000770300000)
  from space 50688K, 99% used [0x0000000770300000,0x0000000773478000,0x0000000773480000)
  to   space 73728K, 0% used [0x0000000774b80000,0x0000000774b80000,0x0000000779380000)
 ParOldGen       total 566784K, used 229633K [0x00000006c7200000, 0x00000006e9b80000, 0x000000076d100000)
  object space 566784K, 40% used [0x00000006c7200000,0x00000006d5240588,0x00000006e9b80000)
 Metaspace       used 42495K, capacity 42858K, committed 43392K, reserved 1087488K
  class space    used 6074K, capacity 6203K, committed 6272K, reserved 1048576K
Event: 4425.338 GC heap after
Heap after GC invocations=61 (full 3):
 PSYoungGen      total 122368K, used 48928K [0x000000076d100000, 0x0000000779000000, 0x00000007c0000000)
  eden space 52224K, 0% used [0x000000076d100000,0x000000076d100000,0x0000000770400000)
  from space 70144K, 69% used [0x0000000774b80000,0x0000000777b48000,0x0000000779000000)
  to   space 71680K, 0% used [0x0000000770400000,0x0000000770400000,0x0000000774a00000)
 ParOldGen       total 566784K, used 232410K [0x00000006c7200000, 0x00000006e9b80000, 0x000000076d100000)
  object space 566784K, 41% used [0x00000006c7200000,0x00000006d54f6aa8,0x00000006e9b80000)
 Metaspace       used 42495K, capacity 42858K, committed 43392K, reserved 1087488K
  class space    used 6074K, capacity 6203K, committed 6272K, reserved 1048576K
}
Event: 4469.785 GC heap before
{Heap before GC invocations=62 (full 3):
 PSYoungGen      total 122368K, used 101152K [0x000000076d100000, 0x0000000779000000, 0x00000007c0000000)
  eden space 52224K, 100% used [0x000000076d100000,0x0000000770400000,0x0000000770400000)
  from space 70144K, 69% used [0x0000000774b80000,0x0000000777b48000,0x0000000779000000)
  to   space 71680K, 0% used [0x0000000770400000,0x0000000770400000,0x0000000774a00000)
 ParOldGen       total 566784K, used 232410K [0x00000006c7200000, 0x00000006e9b80000, 0x000000076d100000)
  object space 566784K, 41% used [0x00000006c7200000,0x00000006d54f6aa8,0x00000006e9b80000)
 Metaspace       used 42495K, capacity 42858K, committed 43392K, reserved 1087488K
  class space    used 6074K, capacity 6203K, committed 6272K, reserved 1048576K
Event: 4469.842 GC heap after
Heap after GC invocations=62 (full 3):
 PSYoungGen      total 101888K, used 49376K [0x000000076d100000, 0x0000000778d00000, 0x00000007c0000000)
  eden space 52224K, 0% used [0x000000076d100000,0x000000076d100000,0x0000000770400000)
  from space 49664K, 99% used [0x0000000770400000,0x0000000773438000,0x0000000773480000)
  to   space 69632K, 0% used [0x0000000774900000,0x0000000774900000,0x0000000778d00000)
 ParOldGen       total 566784K, used 234387K [0x00000006c7200000, 0x00000006e9b80000, 0x000000076d100000)
  object space 566784K, 41% used [0x00000006c7200000,0x00000006d56e4e48,0x00000006e9b80000)
 Metaspace       used 42495K, capacity 42858K, committed 43392K, reserved 1087488K
  class space    used 6074K, capacity 6203K, committed 6272K, reserved 1048576K
}
Event: 4514.804 GC heap before
{Heap before GC invocations=63 (full 3):
 PSYoungGen      total 101888K, used 101600K [0x000000076d100000, 0x0000000778d00000, 0x00000007c0000000)
  eden space 52224K, 100% used [0x000000076d100000,0x0000000770400000,0x0000000770400000)
  from space 49664K, 99% used [0x0000000770400000,0x0000000773438000,0x0000000773480000)
  to   space 69632K, 0% used [0x0000000774900000,0x0000000774900000,0x0000000778d00000)
 ParOldGen       total 566784K, used 234387K [0x00000006c7200000, 0x00000006e9b80000, 0x000000076d100000)
  object space 566784K, 41% used [0x00000006c7200000,0x00000006d56e4e48,0x00000006e9b80000)
 Metaspace       used 42495K, capacity 42858K, committed 43392K, reserved 1087488K
  class space    used 6074K, capacity 6203K, committed 6272K, reserved 1048576K
Event: 4514.872 GC heap after
Heap after GC invocations=63 (full 3):
 PSYoungGen      total 118784K, used 49632K [0x000000076d100000, 0x0000000778900000, 0x00000007c0000000)
  eden space 53248K, 0% used [0x000000076d100000,0x000000076d100000,0x0000000770500000)
  from space 65536K, 75% used [0x0000000774900000,0x0000000777978000,0x0000000778900000)
  to   space 67584K, 0% used [0x0000000770500000,0x0000000770500000,0x0000000774700000)
 ParOldGen       total 566784K, used 236524K [0x00000006c7200000, 0x00000006e9b80000, 0x000000076d100000)
  object space 566784K, 41% used [0x00000006c7200000,0x00000006d58fb238,0x00000006e9b80000)
 Metaspace       used 42495K, capacity 42858K, committed 43392K, reserved 1087488K
  class space    used 6074K, capacity 6203K, committed 6272K, reserved 1048576K
}
Event: 4574.698 GC heap before
{Heap before GC invocations=64 (full 3):
 PSYoungGen      total 118784K, used 102880K [0x000000076d100000, 0x0000000778900000, 0x00000007c0000000)
  eden space 53248K, 100% used [0x000000076d100000,0x0000000770500000,0x0000000770500000)
  from space 65536K, 75% used [0x0000000774900000,0x0000000777978000,0x0000000778900000)
  to   space 67584K, 0% used [0x0000000770500000,0x0000000770500000,0x0000000774700000)
 ParOldGen       total 566784K, used 236524K [0x00000006c7200000, 0x00000006e9b80000, 0x000000076d100000)
  object space 566784K, 41% used [0x00000006c7200000,0x00000006d58fb238,0x00000006e9b80000)
 Metaspace       used 42498K, capacity 42858K, committed 43392K, reserved 1087488K
  class space    used 6074K, capacity 6203K, committed 6272K, reserved 1048576K
Event: 4574.741 GC heap after
Heap after GC invocations=64 (full 3):
 PSYoungGen      total 103936K, used 50624K [0x000000076d100000, 0x0000000778700000, 0x00000007c0000000)
  eden space 53248K, 0% used [0x000000076d100000,0x000000076d100000,0x0000000770500000)
  from space 50688K, 99% used [0x0000000770500000,0x0000000773670000,0x0000000773680000)
  to   space 66048K, 0% used [0x0000000774680000,0x0000000774680000,0x0000000778700000)
 ParOldGen       total 566784K, used 238453K [0x00000006c7200000, 0x00000006e9b80000, 0x000000076d100000)
  object space 566784K, 42% used [0x00000006c7200000,0x00000006d5add5c8,0x00000006e9b80000)
 Metaspace       used 42498K, capacity 42858K, committed 43392K, reserved 1087488K
  class space    used 6074K, capacity 6203K, committed 6272K, reserved 1048576K
}
Event: 4697.539 GC heap before
{Heap before GC invocations=65 (full 3):
 PSYoungGen      total 103936K, used 103872K [0x000000076d100000, 0x0000000778700000, 0x00000007c0000000)
  eden space 53248K, 100% used [0x000000076d100000,0x0000000770500000,0x0000000770500000)
  from space 50688K, 99% used [0x0000000770500000,0x0000000773670000,0x0000000773680000)
  to   space 66048K, 0% used [0x0000000774680000,0x0000000774680000,0x0000000778700000)
 ParOldGen       total 566784K, used 238453K [0x00000006c7200000, 0x00000006e9b80000, 0x000000076d100000)
  object space 566784K, 42% used [0x00000006c7200000,0x00000006d5add5c8,0x00000006e9b80000)
 Metaspace       used 42498K, capacity 42858K, committed 43392K, reserved 1087488K
  class space    used 6074K, capacity 6203K, committed 6272K, reserved 1048576K
Event: 4697.610 GC heap after
Heap after GC invocations=65 (full 3):
 PSYoungGen      total 119808K, used 54784K [0x000000076d100000, 0x0000000778800000, 0x00000007c0000000)
  eden space 53760K, 0% used [0x000000076d100000,0x000000076d100000,0x0000000770580000)
  from space 66048K, 82% used [0x0000000774680000,0x0000000777c00000,0x0000000778700000)
  to   space 66560K, 0% used [0x0000000770580000,0x0000000770580000,0x0000000774680000)
 ParOldGen       total 566784K, used 240966K [0x00000006c7200000, 0x00000006e9b80000, 0x000000076d100000)
  object space 566784K, 42% used [0x00000006c7200000,0x00000006d5d51a78,0x00000006e9b80000)
 Metaspace       used 42498K, capacity 42858K, committed 43392K, reserved 1087488K
  class space    used 6074K, capacity 6203K, committed 6272K, reserved 1048576K
}
Event: 4762.529 GC heap before
{Heap before GC invocations=66 (full 3):
 PSYoungGen      total 119808K, used 108544K [0x000000076d100000, 0x0000000778800000, 0x00000007c0000000)
  eden space 53760K, 100% used [0x000000076d100000,0x0000000770580000,0x0000000770580000)
  from space 66048K, 82% used [0x0000000774680000,0x0000000777c00000,0x0000000778700000)
  to   space 66560K, 0% used [0x0000000770580000,0x0000000770580000,0x0000000774680000)
 ParOldGen       total 566784K, used 240966K [0x00000006c7200000, 0x00000006e9b80000, 0x000000076d100000)
  object space 566784K, 42% used [0x00000006c7200000,0x00000006d5d51a78,0x00000006e9b80000)
 Metaspace       used 42498K, capacity 42858K, committed 43392K, reserved 1087488K
  class space    used 6074K, capacity 6203K, committed 6272K, reserved 1048576K
Event: 4762.571 GC heap after
Heap after GC invocations=66 (full 3):
 PSYoungGen      total 120320K, used 55872K [0x000000076d100000, 0x0000000778980000, 0x00000007c0000000)
  eden space 53760K, 0% used [0x000000076d100000,0x000000076d100000,0x0000000770580000)
  from space 66560K, 83% used [0x0000000770580000,0x0000000773c10000,0x0000000774680000)
  to   space 67072K, 0% used [0x0000000774800000,0x0000000774800000,0x0000000778980000)
 ParOldGen       total 566784K, used 242415K [0x00000006c7200000, 0x00000006e9b80000, 0x000000076d100000)
  object space 566784K, 42% used [0x00000006c7200000,0x00000006d5ebbd18,0x00000006e9b80000)
 Metaspace       used 42498K, capacity 42858K, committed 43392K, reserved 1087488K
  class space    used 6074K, capacity 6203K, committed 6272K, reserved 1048576K
}
Event: 4807.561 GC heap before
{Heap before GC invocations=67 (full 3):
 PSYoungGen      total 120320K, used 109632K [0x000000076d100000, 0x0000000778980000, 0x00000007c0000000)
  eden space 53760K, 100% used [0x000000076d100000,0x0000000770580000,0x0000000770580000)
  from space 66560K, 83% used [0x0000000770580000,0x0000000773c10000,0x0000000774680000)
  to   space 67072K, 0% used [0x0000000774800000,0x0000000774800000,0x0000000778980000)
 ParOldGen       total 566784K, used 242415K [0x00000006c7200000, 0x00000006e9b80000, 0x000000076d100000)
  object space 566784K, 42% used [0x00000006c7200000,0x00000006d5ebbd18,0x00000006e9b80000)
 Metaspace       used 42498K, capacity 42858K, committed 43392K, reserved 1087488K
  class space    used 6074K, capacity 6203K, committed 6272K, reserved 1048576K
Event: 4807.626 GC heap after
Heap after GC invocations=67 (full 3):
 PSYoungGen      total 120832K, used 58560K [0x000000076d100000, 0x0000000778b80000, 0x00000007c0000000)
  eden space 53760K, 0% used [0x000000076d100000,0x000000076d100000,0x0000000770580000)
  from space 67072K, 87% used [0x0000000774800000,0x0000000778130000,0x0000000778980000)
  to   space 68096K, 0% used [0x0000000770580000,0x0000000770580000,0x0000000774800000)
 ParOldGen       total 566784K, used 242415K [0x00000006c7200000, 0x00000006e9b80000, 0x000000076d100000)
  object space 566784K, 42% used [0x00000006c7200000,0x00000006d5ebbd18,0x00000006e9b80000)
 Metaspace       used 42498K, capacity 42858K, committed 43392K, reserved 1087488K
  class space    used 6074K, capacity 6203K, committed 6272K, reserved 1048576K
}
Event: 4887.556 GC heap before
{Heap before GC invocations=68 (full 3):
 PSYoungGen      total 120832K, used 112320K [0x000000076d100000, 0x0000000778b80000, 0x00000007c0000000)
  eden space 53760K, 100% used [0x000000076d100000,0x0000000770580000,0x0000000770580000)
  from space 67072K, 87% used [0x0000000774800000,0x0000000778130000,0x0000000778980000)
  to   space 68096K, 0% used [0x0000000770580000,0x0000000770580000,0x0000000774800000)
 ParOldGen       total 566784K, used 242415K [0x00000006c7200000, 0x00000006e9b80000, 0x000000076d100000)
  object space 566784K, 42% used [0x00000006c7200000,0x00000006d5ebbd18,0x00000006e9b80000)
 Metaspace       used 42498K, capacity 42858K, committed 43392K, reserved 1087488K
  class space    used 6074K, capacity 6203K, committed 6272K, reserved 1048576K
Event: 4887.629 GC heap after
Heap after GC invocations=68 (full 3):
 PSYoungGen      total 121856K, used 62816K [0x000000076d100000, 0x0000000779080000, 0x00000007c0000000)
  eden space 53760K, 0% used [0x000000076d100000,0x000000076d100000,0x0000000770580000)
  from space 68096K, 92% used [0x0000000770580000,0x00000007742d8000,0x0000000774800000)
  to   space 70656K, 0% used [0x0000000774b80000,0x0000000774b80000,0x0000000779080000)
 ParOldGen       total 566784K, used 242423K [0x00000006c7200000, 0x00000006e9b80000, 0x000000076d100000)
  object space 566784K, 42% used [0x00000006c7200000,0x00000006d5ebdd18,0x00000006e9b80000)
 Metaspace       used 42498K, capacity 42858K, committed 43392K, reserved 1087488K
  class space    used 6074K, capacity 6203K, committed 6272K, reserved 1048576K
}
Event: 4962.547 GC heap before
{Heap before GC invocations=69 (full 3):
 PSYoungGen      total 121856K, used 116576K [0x000000076d100000, 0x0000000779080000, 0x00000007c0000000)
  eden space 53760K, 100% used [0x000000076d100000,0x0000000770580000,0x0000000770580000)
  from space 68096K, 92% used [0x0000000770580000,0x00000007742d8000,0x0000000774800000)
  to   space 70656K, 0% used [0x0000000774b80000,0x0000000774b80000,0x0000000779080000)
 ParOldGen       total 566784K, used 242423K [0x00000006c7200000, 0x00000006e9b80000, 0x000000076d100000)
  object space 566784K, 42% used [0x00000006c7200000,0x00000006d5ebdd18,0x00000006e9b80000)
 Metaspace       used 42498K, capacity 42858K, committed 43392K, reserved 1087488K
  class space    used 6074K, capacity 6203K, committed 6272K, reserved 1048576K
Event: 4962.595 GC heap after
Heap after GC invocations=69 (full 3):
 PSYoungGen      total 123904K, used 60480K [0x000000076d100000, 0x0000000779380000, 0x00000007c0000000)
  eden space 53248K, 0% used [0x000000076d100000,0x000000076d100000,0x0000000770500000)
  from space 70656K, 85% used [0x0000000774b80000,0x0000000778690000,0x0000000779080000)
  to   space 72192K, 0% used [0x0000000770500000,0x0000000770500000,0x0000000774b80000)
 ParOldGen       total 566784K, used 248529K [0x00000006c7200000, 0x00000006e9b80000, 0x000000076d100000)
  object space 566784K, 43% used [0x00000006c7200000,0x00000006d64b4798,0x00000006e9b80000)
 Metaspace       used 42498K, capacity 42858K, committed 43392K, reserved 1087488K
  class space    used 6074K, capacity 6203K, committed 6272K, reserved 1048576K
}
Event: 5052.546 GC heap before
{Heap before GC invocations=70 (full 3):
 PSYoungGen      total 123904K, used 113728K [0x000000076d100000, 0x0000000779380000, 0x00000007c0000000)
  eden space 53248K, 100% used [0x000000076d100000,0x0000000770500000,0x0000000770500000)
  from space 70656K, 85% used [0x0000000774b80000,0x0000000778690000,0x0000000779080000)
  to   space 72192K, 0% used [0x0000000770500000,0x0000000770500000,0x0000000774b80000)
 ParOldGen       total 566784K, used 248529K [0x00000006c7200000, 0x00000006e9b80000, 0x000000076d100000)
  object space 566784K, 43% used [0x00000006c7200000,0x00000006d64b4798,0x00000006e9b80000)
 Metaspace       used 42498K, capacity 42858K, committed 43392K, reserved 1087488K
  class space    used 6074K, capacity 6203K, committed 6272K, reserved 1048576K
Event: 5052.623 GC heap after
Heap after GC invocations=70 (full 3):
 PSYoungGen      total 125440K, used 60320K [0x000000076d100000, 0x0000000779400000, 0x00000007c0000000)
  eden space 53248K, 0% used [0x000000076d100000,0x000000076d100000,0x0000000770500000)
  from space 72192K, 83% used [0x0000000770500000,0x0000000773fe8000,0x0000000774b80000)
  to   space 72704K, 0% used [0x0000000774d00000,0x0000000774d00000,0x0000000779400000)
 ParOldGen       total 566784K, used 253532K [0x00000006c7200000, 0x00000006e9b80000, 0x000000076d100000)
  object space 566784K, 44% used [0x00000006c7200000,0x00000006d6997038,0x00000006e9b80000)
 Metaspace       used 42498K, capacity 42858K, committed 43392K, reserved 1087488K
  class space    used 6074K, capacity 6203K, committed 6272K, reserved 1048576K
}
Event: 5097.600 GC heap before
{Heap before GC invocations=71 (full 3):
 PSYoungGen      total 125440K, used 113568K [0x000000076d100000, 0x0000000779400000, 0x00000007c0000000)
  eden space 53248K, 100% used [0x000000076d100000,0x0000000770500000,0x0000000770500000)
  from space 72192K, 83% used [0x0000000770500000,0x0000000773fe8000,0x0000000774b80000)
  to   space 72704K, 0% used [0x0000000774d00000,0x0000000774d00000,0x0000000779400000)
 ParOldGen       total 566784K, used 253532K [0x00000006c7200000, 0x00000006e9b80000, 0x000000076d100000)
  object space 566784K, 44% used [0x00000006c7200000,0x00000006d6997038,0x00000006e9b80000)
 Metaspace       used 42498K, capacity 42858K, committed 43392K, reserved 1087488K
  class space    used 6074K, capacity 6203K, committed 6272K, reserved 1048576K
Event: 5097.646 GC heap after
Heap after GC invocations=71 (full 3):
 PSYoungGen      total 124928K, used 56160K [0x000000076d100000, 0x0000000779200000, 0x00000007c0000000)
  eden space 54272K, 0% used [0x000000076d100000,0x000000076d100000,0x0000000770600000)
  from space 70656K, 79% used [0x0000000774d00000,0x00000007783d8000,0x0000000779200000)
  to   space 71680K, 0% used [0x0000000770600000,0x0000000770600000,0x0000000774c00000)
 ParOldGen       total 566784K, used 259206K [0x00000006c7200000, 0x00000006e9b80000, 0x000000076d100000)
  object space 566784K, 45% used [0x00000006c7200000,0x00000006d6f219f8,0x00000006e9b80000)
 Metaspace       used 42498K, capacity 42858K, committed 43392K, reserved 1087488K
  class space    used 6074K, capacity 6203K, committed 6272K, reserved 1048576K
}
Event: 5177.561 GC heap before
{Heap before GC invocations=72 (full 3):
 PSYoungGen      total 124928K, used 110432K [0x000000076d100000, 0x0000000779200000, 0x00000007c0000000)
  eden space 54272K, 100% used [0x000000076d100000,0x0000000770600000,0x0000000770600000)
  from space 70656K, 79% used [0x0000000774d00000,0x00000007783d8000,0x0000000779200000)
  to   space 71680K, 0% used [0x0000000770600000,0x0000000770600000,0x0000000774c00000)
 ParOldGen       total 566784K, used 259206K [0x00000006c7200000, 0x00000006e9b80000, 0x000000076d100000)
  object space 566784K, 45% used [0x00000006c7200000,0x00000006d6f219f8,0x00000006e9b80000)
 Metaspace       used 42498K, capacity 42858K, committed 43392K, reserved 1087488K
  class space    used 6074K, capacity 6203K, committed 6272K, reserved 1048576K
Event: 5177.631 GC heap after
Heap after GC invocations=72 (full 3):
 PSYoungGen      total 125952K, used 58688K [0x000000076d100000, 0x0000000779300000, 0x00000007c0000000)
  eden space 54272K, 0% used [0x000000076d100000,0x000000076d100000,0x0000000770600000)
  from space 71680K, 81% used [0x0000000770600000,0x0000000773f50000,0x0000000774c00000)
  to   space 71680K, 0% used [0x0000000774d00000,0x0000000774d00000,0x0000000779300000)
 ParOldGen       total 566784K, used 261287K [0x00000006c7200000, 0x00000006e9b80000, 0x000000076d100000)
  object space 566784K, 46% used [0x00000006c7200000,0x00000006d7129d88,0x00000006e9b80000)
 Metaspace       used 42498K, capacity 42858K, committed 43392K, reserved 1087488K
  class space    used 6074K, capacity 6203K, committed 6272K, reserved 1048576K
}
Event: 5277.554 GC heap before
{Heap before GC invocations=73 (full 3):
 PSYoungGen      total 125952K, used 112960K [0x000000076d100000, 0x0000000779300000, 0x00000007c0000000)
  eden space 54272K, 100% used [0x000000076d100000,0x0000000770600000,0x0000000770600000)
  from space 71680K, 81% used [0x0000000770600000,0x0000000773f50000,0x0000000774c00000)
  to   space 71680K, 0% used [0x0000000774d00000,0x0000000774d00000,0x0000000779300000)
 ParOldGen       total 566784K, used 261287K [0x00000006c7200000, 0x00000006e9b80000, 0x000000076d100000)
  object space 566784K, 46% used [0x00000006c7200000,0x00000006d7129d88,0x00000006e9b80000)
 Metaspace       used 42498K, capacity 42858K, committed 43392K, reserved 1087488K
  class space    used 6074K, capacity 6203K, committed 6272K, reserved 1048576K
Event: 5277.603 GC heap after
Heap after GC invocations=73 (full 3):
 PSYoungGen      total 126976K, used 59168K [0x000000076d100000, 0x0000000779300000, 0x00000007c0000000)
  eden space 55296K, 0% used [0x000000076d100000,0x000000076d100000,0x0000000770700000)
  from space 71680K, 82% used [0x0000000774d00000,0x00000007786c8000,0x0000000779300000)
  to   space 71680K, 0% used [0x0000000770700000,0x0000000770700000,0x0000000774d00000)
 ParOldGen       total 566784K, used 266073K [0x00000006c7200000, 0x00000006e9b80000, 0x000000076d100000)
  object space 566784K, 46% used [0x00000006c7200000,0x00000006d75d65c8,0x00000006e9b80000)
 Metaspace       used 42498K, capacity 42858K, committed 43392K, reserved 1087488K
  class space    used 6074K, capacity 6203K, committed 6272K, reserved 1048576K
}
Event: 5375.206 GC heap before
{Heap before GC invocations=74 (full 3):
 PSYoungGen      total 126976K, used 114464K [0x000000076d100000, 0x0000000779300000, 0x00000007c0000000)
  eden space 55296K, 100% used [0x000000076d100000,0x0000000770700000,0x0000000770700000)
  from space 71680K, 82% used [0x0000000774d00000,0x00000007786c8000,0x0000000779300000)
  to   space 71680K, 0% used [0x0000000770700000,0x0000000770700000,0x0000000774d00000)
 ParOldGen       total 566784K, used 266073K [0x00000006c7200000, 0x00000006e9b80000, 0x000000076d100000)
  object space 566784K, 46% used [0x00000006c7200000,0x00000006d75d65c8,0x00000006e9b80000)
 Metaspace       used 42498K, capacity 42858K, committed 43392K, reserved 1087488K
  class space    used 6074K, capacity 6203K, committed 6272K, reserved 1048576K
Event: 5375.279 GC heap after
Heap after GC invocations=74 (full 3):
 PSYoungGen      total 126976K, used 58464K [0x000000076d100000, 0x0000000779300000, 0x00000007c0000000)
  eden space 55296K, 0% used [0x000000076d100000,0x000000076d100000,0x0000000770700000)
  from space 71680K, 81% used [0x0000000770700000,0x0000000774018000,0x0000000774d00000)
  to   space 71168K, 0% used [0x0000000774d80000,0x0000000774d80000,0x0000000779300000)
 ParOldGen       total 566784K, used 271779K [0x00000006c7200000, 0x00000006e9b80000, 0x000000076d100000)
  object space 566784K, 47% used [0x00000006c7200000,0x00000006d7b68f98,0x00000006e9b80000)
 Metaspace       used 42498K, capacity 42858K, committed 43392K, reserved 1087488K
  class space    used 6074K, capacity 6203K, committed 6272K, reserved 1048576K
}
Event: 5427.543 GC heap before
{Heap before GC invocations=75 (full 3):
 PSYoungGen      total 126976K, used 113760K [0x000000076d100000, 0x0000000779300000, 0x00000007c0000000)
  eden space 55296K, 100% used [0x000000076d100000,0x0000000770700000,0x0000000770700000)
  from space 71680K, 81% used [0x0000000770700000,0x0000000774018000,0x0000000774d00000)
  to   space 71168K, 0% used [0x0000000774d80000,0x0000000774d80000,0x0000000779300000)
 ParOldGen       total 566784K, used 271779K [0x00000006c7200000, 0x00000006e9b80000, 0x000000076d100000)
  object space 566784K, 47% used [0x00000006c7200000,0x00000006d7b68f98,0x00000006e9b80000)
 Metaspace       used 42498K, capacity 42858K, committed 43392K, reserved 1087488K
  class space    used 6074K, capacity 6203K, committed 6272K, reserved 1048576K
Event: 5427.592 GC heap after
Heap after GC invocations=75 (full 3):
 PSYoungGen      total 124416K, used 54688K [0x000000076d100000, 0x0000000779000000, 0x00000007c0000000)
  eden space 56320K, 0% used [0x000000076d100000,0x000000076d100000,0x0000000770800000)
  from space 68096K, 80% used [0x0000000774d80000,0x00000007782e8000,0x0000000779000000)
  to   space 69632K, 0% used [0x0000000770800000,0x0000000770800000,0x0000000774c00000)
 ParOldGen       total 566784K, used 277518K [0x00000006c7200000, 0x00000006e9b80000, 0x000000076d100000)
  object space 566784K, 48% used [0x00000006c7200000,0x00000006d8103978,0x00000006e9b80000)
 Metaspace       used 42498K, capacity 42858K, committed 43392K, reserved 1087488K
  class space    used 6074K, capacity 6203K, committed 6272K, reserved 1048576K
}
Event: 5502.573 GC heap before
{Heap before GC invocations=76 (full 3):
 PSYoungGen      total 124416K, used 111008K [0x000000076d100000, 0x0000000779000000, 0x00000007c0000000)
  eden space 56320K, 100% used [0x000000076d100000,0x0000000770800000,0x0000000770800000)
  from space 68096K, 80% used [0x0000000774d80000,0x00000007782e8000,0x0000000779000000)
  to   space 69632K, 0% used [0x0000000770800000,0x0000000770800000,0x0000000774c00000)
 ParOldGen       total 566784K, used 277518K [0x00000006c7200000, 0x00000006e9b80000, 0x000000076d100000)
  object space 566784K, 48% used [0x00000006c7200000,0x00000006d8103978,0x00000006e9b80000)
 Metaspace       used 42499K, capacity 42858K, committed 43392K, reserved 1087488K
  class space    used 6074K, capacity 6203K, committed 6272K, reserved 1048576K
Event: 5502.676 GC heap after
Heap after GC invocations=76 (full 3):
 PSYoungGen      total 125952K, used 56768K [0x000000076d100000, 0x0000000778f00000, 0x00000007c0000000)
  eden space 56320K, 0% used [0x000000076d100000,0x000000076d100000,0x0000000770800000)
  from space 69632K, 81% used [0x0000000770800000,0x0000000773f70000,0x0000000774c00000)
  to   space 68608K, 0% used [0x0000000774c00000,0x0000000774c00000,0x0000000778f00000)
 ParOldGen       total 566784K, used 279567K [0x00000006c7200000, 0x00000006e9b80000, 0x000000076d100000)
  object space 566784K, 49% used [0x00000006c7200000,0x00000006d8303cf8,0x00000006e9b80000)
 Metaspace       used 42499K, capacity 42858K, committed 43392K, reserved 1087488K
  class space    used 6074K, capacity 6203K, committed 6272K, reserved 1048576K
}
Event: 5567.575 GC heap before
{Heap before GC invocations=77 (full 3):
 PSYoungGen      total 125952K, used 113088K [0x000000076d100000, 0x0000000778f00000, 0x00000007c0000000)
  eden space 56320K, 100% used [0x000000076d100000,0x0000000770800000,0x0000000770800000)
  from space 69632K, 81% used [0x0000000770800000,0x0000000773f70000,0x0000000774c00000)
  to   space 68608K, 0% used [0x0000000774c00000,0x0000000774c00000,0x0000000778f00000)
 ParOldGen       total 566784K, used 279567K [0x00000006c7200000, 0x00000006e9b80000, 0x000000076d100000)
  object space 566784K, 49% used [0x00000006c7200000,0x00000006d8303cf8,0x00000006e9b80000)
 Metaspace       used 42499K, capacity 42858K, committed 43392K, reserved 1087488K
  class space    used 6074K, capacity 6203K, committed 6272K, reserved 1048576K
Event: 5567.648 GC heap after
Heap after GC invocations=77 (full 3):
 PSYoungGen      total 125952K, used 58048K [0x000000076d100000, 0x0000000778f00000, 0x00000007c0000000)
  eden space 57344K, 0% used [0x000000076d100000,0x000000076d100000,0x0000000770900000)
  from space 68608K, 84% used [0x0000000774c00000,0x00000007784b0000,0x0000000778f00000)
  to   space 68608K, 0% used [0x0000000770900000,0x0000000770900000,0x0000000774c00000)
 ParOldGen       total 566784K, used 281856K [0x00000006c7200000, 0x00000006e9b80000, 0x000000076d100000)
  object space 566784K, 49% used [0x00000006c7200000,0x00000006d85400e8,0x00000006e9b80000)
 Metaspace       used 42499K, capacity 42858K, committed 43392K, reserved 1087488K
  class space    used 6074K, capacity 6203K, committed 6272K, reserved 1048576K
}
Event: 5617.304 GC heap before
{Heap before GC invocations=78 (full 3):
 PSYoungGen      total 125952K, used 115392K [0x000000076d100000, 0x0000000778f00000, 0x00000007c0000000)
  eden space 57344K, 100% used [0x000000076d100000,0x0000000770900000,0x0000000770900000)
  from space 68608K, 84% used [0x0000000774c00000,0x00000007784b0000,0x0000000778f00000)
  to   space 68608K, 0% used [0x0000000770900000,0x0000000770900000,0x0000000774c00000)
 ParOldGen       total 566784K, used 281856K [0x00000006c7200000, 0x00000006e9b80000, 0x000000076d100000)
  object space 566784K, 49% used [0x00000006c7200000,0x00000006d85400e8,0x00000006e9b80000)
 Metaspace       used 42499K, capacity 42858K, committed 43392K, reserved 1087488K
  class space    used 6074K, capacity 6203K, committed 6272K, reserved 1048576K
Event: 5617.404 GC heap after
Heap after GC invocations=78 (full 3):
 PSYoungGen      total 125952K, used 58528K [0x000000076d100000, 0x0000000778f00000, 0x00000007c0000000)
  eden space 57344K, 0% used [0x000000076d100000,0x000000076d100000,0x0000000770900000)
  from space 68608K, 85% used [0x0000000770900000,0x0000000774228000,0x0000000774c00000)
  to   space 68096K, 0% used [0x0000000774c80000,0x0000000774c80000,0x0000000778f00000)
 ParOldGen       total 566784K, used 284153K [0x00000006c7200000, 0x00000006e9b80000, 0x000000076d100000)
  object space 566784K, 50% used [0x00000006c7200000,0x00000006d877e4d8,0x00000006e9b80000)
 Metaspace       used 42499K, capacity 42858K, committed 43392K, reserved 1087488K
  class space    used 6074K, capacity 6203K, committed 6272K, reserved 1048576K
}
Event: 5666.265 GC heap before
{Heap before GC invocations=79 (full 3):
 PSYoungGen      total 125952K, used 115872K [0x000000076d100000, 0x0000000778f00000, 0x00000007c0000000)
  eden space 57344K, 100% used [0x000000076d100000,0x0000000770900000,0x0000000770900000)
  from space 68608K, 85% used [0x0000000770900000,0x0000000774228000,0x0000000774c00000)
  to   space 68096K, 0% used [0x0000000774c80000,0x0000000774c80000,0x0000000778f00000)
 ParOldGen       total 566784K, used 284153K [0x00000006c7200000, 0x00000006e9b80000, 0x000000076d100000)
  object space 566784K, 50% used [0x00000006c7200000,0x00000006d877e4d8,0x00000006e9b80000)
 Metaspace       used 42499K, capacity 42858K, committed 43392K, reserved 1087488K
  class space    used 6074K, capacity 6203K, committed 6272K, reserved 1048576K
Event: 5666.369 GC heap after
Heap after GC invocations=79 (full 3):
 PSYoungGen      total 125440K, used 57472K [0x000000076d100000, 0x0000000778e00000, 0x00000007c0000000)
  eden space 58368K, 0% used [0x000000076d100000,0x000000076d100000,0x0000000770a00000)
  from space 67072K, 85% used [0x0000000774c80000,0x00000007784a0000,0x0000000778e00000)
  to   space 67584K, 0% used [0x0000000770a00000,0x0000000770a00000,0x0000000774c00000)
 ParOldGen       total 566784K, used 287210K [0x00000006c7200000, 0x00000006e9b80000, 0x000000076d100000)
  object space 566784K, 50% used [0x00000006c7200000,0x00000006d8a7aa18,0x00000006e9b80000)
 Metaspace       used 42499K, capacity 42858K, committed 43392K, reserved 1087488K
  class space    used 6074K, capacity 6203K, committed 6272K, reserved 1048576K
}
Event: 5717.598 GC heap before
{Heap before GC invocations=80 (full 3):
 PSYoungGen      total 125440K, used 115840K [0x000000076d100000, 0x0000000778e00000, 0x00000007c0000000)
  eden space 58368K, 100% used [0x000000076d100000,0x0000000770a00000,0x0000000770a00000)
  from space 67072K, 85% used [0x0000000774c80000,0x00000007784a0000,0x0000000778e00000)
  to   space 67584K, 0% used [0x0000000770a00000,0x0000000770a00000,0x0000000774c00000)
 ParOldGen       total 566784K, used 287210K [0x00000006c7200000, 0x00000006e9b80000, 0x000000076d100000)
  object space 566784K, 50% used [0x00000006c7200000,0x00000006d8a7aa18,0x00000006e9b80000)
 Metaspace       used 42499K, capacity 42858K, committed 43392K, reserved 1087488K
  class space    used 6074K, capacity 6203K, committed 6272K, reserved 1048576K
Event: 5717.667 GC heap after
Heap after GC invocations=80 (full 3):
 PSYoungGen      total 125952K, used 54368K [0x000000076d100000, 0x0000000778d00000, 0x00000007c0000000)
  eden space 58368K, 0% used [0x000000076d100000,0x000000076d100000,0x0000000770a00000)
  from space 67584K, 80% used [0x0000000770a00000,0x0000000773f18000,0x0000000774c00000)
  to   space 66560K, 0% used [0x0000000774c00000,0x0000000774c00000,0x0000000778d00000)
 ParOldGen       total 566784K, used 293333K [0x00000006c7200000, 0x00000006e9b80000, 0x000000076d100000)
  object space 566784K, 51% used [0x00000006c7200000,0x00000006d90754a8,0x00000006e9b80000)
 Metaspace       used 42499K, capacity 42858K, committed 43392K, reserved 1087488K
  class space    used 6074K, capacity 6203K, committed 6272K, reserved 1048576K
}
Event: 5767.588 GC heap before
{Heap before GC invocations=81 (full 3):
 PSYoungGen      total 125952K, used 112736K [0x000000076d100000, 0x0000000778d00000, 0x00000007c0000000)
  eden space 58368K, 100% used [0x000000076d100000,0x0000000770a00000,0x0000000770a00000)
  from space 67584K, 80% used [0x0000000770a00000,0x0000000773f18000,0x0000000774c00000)
  to   space 66560K, 0% used [0x0000000774c00000,0x0000000774c00000,0x0000000778d00000)
 ParOldGen       total 566784K, used 293333K [0x00000006c7200000, 0x00000006e9b80000, 0x000000076d100000)
  object space 566784K, 51% used [0x00000006c7200000,0x00000006d90754a8,0x00000006e9b80000)
 Metaspace       used 42501K, capacity 42858K, committed 43392K, reserved 1087488K
  class space    used 6074K, capacity 6203K, committed 6272K, reserved 1048576K
Event: 5767.634 GC heap after
Heap after GC invocations=81 (full 3):
 PSYoungGen      total 124928K, used 52960K [0x000000076d100000, 0x0000000778c00000, 0x00000007c0000000)
  eden space 59392K, 0% used [0x000000076d100000,0x000000076d100000,0x0000000770b00000)
  from space 65536K, 80% used [0x0000000774c00000,0x0000000777fb8000,0x0000000778c00000)
  to   space 66048K, 0% used [0x0000000770b00000,0x0000000770b00000,0x0000000774b80000)
 ParOldGen       total 566784K, used 296622K [0x00000006c7200000, 0x00000006e9b80000, 0x000000076d100000)
  object space 566784K, 52% used [0x00000006c7200000,0x00000006d93aba48,0x00000006e9b80000)
 Metaspace       used 42501K, capacity 42858K, committed 43392K, reserved 1087488K
  class space    used 6074K, capacity 6203K, committed 6272K, reserved 1048576K
}
Event: 5834.438 GC heap before
{Heap before GC invocations=82 (full 3):
 PSYoungGen      total 124928K, used 112352K [0x000000076d100000, 0x0000000778c00000, 0x00000007c0000000)
  eden space 59392K, 100% used [0x000000076d100000,0x0000000770b00000,0x0000000770b00000)
  from space 65536K, 80% used [0x0000000774c00000,0x0000000777fb8000,0x0000000778c00000)
  to   space 66048K, 0% used [0x0000000770b00000,0x0000000770b00000,0x0000000774b80000)
 ParOldGen       total 566784K, used 296622K [0x00000006c7200000, 0x00000006e9b80000, 0x000000076d100000)
  object space 566784K, 52% used [0x00000006c7200000,0x00000006d93aba48,0x00000006e9b80000)
 Metaspace       used 42502K, capacity 42858K, committed 43392K, reserved 1087488K
  class space    used 6074K, capacity 6203K, committed 6272K, reserved 1048576K
Event: 5834.500 GC heap after
Heap after GC invocations=82 (full 3):
 PSYoungGen      total 125440K, used 54880K [0x000000076d100000, 0x0000000778c00000, 0x00000007c0000000)
  eden space 59392K, 0% used [0x000000076d100000,0x000000076d100000,0x0000000770b00000)
  from space 66048K, 83% used [0x0000000770b00000,0x0000000774098000,0x0000000774b80000)
  to   space 65536K, 0% used [0x0000000774c00000,0x0000000774c00000,0x0000000778c00000)
 ParOldGen       total 566784K, used 299135K [0x00000006c7200000, 0x00000006e9b80000, 0x000000076d100000)
  object space 566784K, 52% used [0x00000006c7200000,0x00000006d961fe98,0x00000006e9b80000)
 Metaspace       used 42502K, capacity 42858K, committed 43392K, reserved 1087488K
  class space    used 6074K, capacity 6203K, committed 6272K, reserved 1048576K
}
Event: 5887.457 GC heap before
{Heap before GC invocations=83 (full 3):
 PSYoungGen      total 125440K, used 114272K [0x000000076d100000, 0x0000000778c00000, 0x00000007c0000000)
  eden space 59392K, 100% used [0x000000076d100000,0x0000000770b00000,0x0000000770b00000)
  from space 66048K, 83% used [0x0000000770b00000,0x0000000774098000,0x0000000774b80000)
  to   space 65536K, 0% used [0x0000000774c00000,0x0000000774c00000,0x0000000778c00000)
 ParOldGen       total 566784K, used 299135K [0x00000006c7200000, 0x00000006e9b80000, 0x000000076d100000)
  object space 566784K, 52% used [0x00000006c7200000,0x00000006d961fe98,0x00000006e9b80000)
 Metaspace       used 42503K, capacity 42858K, committed 43392K, reserved 1087488K
  class space    used 6074K, capacity 6203K, committed 6272K, reserved 1048576K
Event: 5887.557 GC heap after
Heap after GC invocations=83 (full 3):
 PSYoungGen      total 124928K, used 52896K [0x000000076d100000, 0x0000000778b00000, 0x00000007c0000000)
  eden space 60416K, 0% used [0x000000076d100000,0x000000076d100000,0x0000000770c00000)
  from space 64512K, 81% used [0x0000000774c00000,0x0000000777fa8000,0x0000000778b00000)
  to   space 65024K, 0% used [0x0000000770c00000,0x0000000770c00000,0x0000000774b80000)
 ParOldGen       total 566784K, used 303041K [0x00000006c7200000, 0x00000006e9b80000, 0x000000076d100000)
  object space 566784K, 53% used [0x00000006c7200000,0x00000006d99f0548,0x00000006e9b80000)
 Metaspace       used 42503K, capacity 42858K, committed 43392K, reserved 1087488K
  class space    used 6074K, capacity 6203K, committed 6272K, reserved 1048576K
}
Event: 5967.584 GC heap before
{Heap before GC invocations=84 (full 3):
 PSYoungGen      total 124928K, used 113312K [0x000000076d100000, 0x0000000778b00000, 0x00000007c0000000)
  eden space 60416K, 100% used [0x000000076d100000,0x0000000770c00000,0x0000000770c00000)
  from space 64512K, 81% used [0x0000000774c00000,0x0000000777fa8000,0x0000000778b00000)
  to   space 65024K, 0% used [0x0000000770c00000,0x0000000770c00000,0x0000000774b80000)
 ParOldGen       total 566784K, used 303041K [0x00000006c7200000, 0x00000006e9b80000, 0x000000076d100000)
  object space 566784K, 53% used [0x00000006c7200000,0x00000006d99f0548,0x00000006e9b80000)
 Metaspace       used 42507K, capacity 42922K, committed 43392K, reserved 1087488K
  class space    used 6074K, capacity 6203K, committed 6272K, reserved 1048576K
Event: 5967.637 GC heap after
Heap after GC invocations=84 (full 3):
 PSYoungGen      total 125440K, used 53696K [0x000000076d100000, 0x0000000778a00000, 0x00000007c0000000)
  eden space 60416K, 0% used [0x000000076d100000,0x000000076d100000,0x0000000770c00000)
  from space 65024K, 82% used [0x0000000770c00000,0x0000000774070000,0x0000000774b80000)
  to   space 64000K, 0% used [0x0000000774b80000,0x0000000774b80000,0x0000000778a00000)
 ParOldGen       total 566784K, used 306890K [0x00000006c7200000, 0x00000006e9b80000, 0x000000076d100000)
  object space 566784K, 54% used [0x00000006c7200000,0x00000006d9db2be8,0x00000006e9b80000)
 Metaspace       used 42507K, capacity 42922K, committed 43392K, reserved 1087488K
  class space    used 6074K, capacity 6203K, committed 6272K, reserved 1048576K
}
Event: 6037.588 GC heap before
{Heap before GC invocations=85 (full 3):
 PSYoungGen      total 125440K, used 114112K [0x000000076d100000, 0x0000000778a00000, 0x00000007c0000000)
  eden space 60416K, 100% used [0x000000076d100000,0x0000000770c00000,0x0000000770c00000)
  from space 65024K, 82% used [0x0000000770c00000,0x0000000774070000,0x0000000774b80000)
  to   space 64000K, 0% used [0x0000000774b80000,0x0000000774b80000,0x0000000778a00000)
 ParOldGen       total 566784K, used 306890K [0x00000006c7200000, 0x00000006e9b80000, 0x000000076d100000)
  object space 566784K, 54% used [0x00000006c7200000,0x00000006d9db2be8,0x00000006e9b80000)
 Metaspace       used 42527K, capacity 42922K, committed 43392K, reserved 1087488K
  class space    used 6074K, capacity 6203K, committed 6272K, reserved 1048576K
Event: 6037.703 GC heap after
Heap after GC invocations=85 (full 3):
 PSYoungGen      total 124416K, used 53088K [0x000000076d100000, 0x0000000778900000, 0x00000007c0000000)
  eden space 61440K, 0% used [0x000000076d100000,0x000000076d100000,0x0000000770d00000)
  from space 62976K, 84% used [0x0000000774b80000,0x0000000777f58000,0x0000000778900000)
  to   space 63488K, 0% used [0x0000000770d00000,0x0000000770d00000,0x0000000774b00000)
 ParOldGen       total 566784K, used 311404K [0x00000006c7200000, 0x00000006e9b80000, 0x000000076d100000)
  object space 566784K, 54% used [0x00000006c7200000,0x00000006da21b3a8,0x00000006e9b80000)
 Metaspace       used 42527K, capacity 42922K, committed 43392K, reserved 1087488K
  class space    used 6074K, capacity 6203K, committed 6272K, reserved 1048576K
}
Event: 6087.602 GC heap before
{Heap before GC invocations=86 (full 3):
 PSYoungGen      total 124416K, used 114528K [0x000000076d100000, 0x0000000778900000, 0x00000007c0000000)
  eden space 61440K, 100% used [0x000000076d100000,0x0000000770d00000,0x0000000770d00000)
  from space 62976K, 84% used [0x0000000774b80000,0x0000000777f58000,0x0000000778900000)
  to   space 63488K, 0% used [0x0000000770d00000,0x0000000770d00000,0x0000000774b00000)
 ParOldGen       total 566784K, used 311404K [0x00000006c7200000, 0x00000006e9b80000, 0x000000076d100000)
  object space 566784K, 54% used [0x00000006c7200000,0x00000006da21b3a8,0x00000006e9b80000)
 Metaspace       used 42527K, capacity 42922K, committed 43392K, reserved 1087488K
  class space    used 6074K, capacity 6203K, committed 6272K, reserved 1048576K
Event: 6087.672 GC heap after
Heap after GC invocations=86 (full 3):
 PSYoungGen      total 124928K, used 52384K [0x000000076d100000, 0x0000000778a00000, 0x00000007c0000000)
  eden space 61440K, 0% used [0x000000076d100000,0x000000076d100000,0x0000000770d00000)
  from space 63488K, 82% used [0x0000000770d00000,0x0000000774028000,0x0000000774b00000)
  to   space 63488K, 0% used [0x0000000774c00000,0x0000000774c00000,0x0000000778a00000)
 ParOldGen       total 566784K, used 313757K [0x00000006c7200000, 0x00000006e9b80000, 0x000000076d100000)
  object space 566784K, 55% used [0x00000006c7200000,0x00000006da4677b8,0x00000006e9b80000)
 Metaspace       used 42527K, capacity 42922K, committed 43392K, reserved 1087488K
  class space    used 6074K, capacity 6203K, committed 6272K, reserved 1048576K
}
Event: 6139.741 GC heap before
{Heap before GC invocations=87 (full 3):
 PSYoungGen      total 124928K, used 113824K [0x000000076d100000, 0x0000000778a00000, 0x00000007c0000000)
  eden space 61440K, 100% used [0x000000076d100000,0x0000000770d00000,0x0000000770d00000)
  from space 63488K, 82% used [0x0000000770d00000,0x0000000774028000,0x0000000774b00000)
  to   space 63488K, 0% used [0x0000000774c00000,0x0000000774c00000,0x0000000778a00000)
 ParOldGen       total 566784K, used 313757K [0x00000006c7200000, 0x00000006e9b80000, 0x000000076d100000)
  object space 566784K, 55% used [0x00000006c7200000,0x00000006da4677b8,0x00000006e9b80000)
 Metaspace       used 42527K, capacity 42922K, committed 43392K, reserved 1087488K
  class space    used 6074K, capacity 6203K, committed 6272K, reserved 1048576K
Event: 6139.826 GC heap after
Heap after GC invocations=87 (full 3):
 PSYoungGen      total 124928K, used 50944K [0x000000076d100000, 0x0000000778900000, 0x00000007c0000000)
  eden space 62464K, 0% used [0x000000076d100000,0x000000076d100000,0x0000000770e00000)
  from space 62464K, 81% used [0x0000000774c00000,0x0000000777dc0000,0x0000000778900000)
  to   space 62976K, 0% used [0x0000000770e00000,0x0000000770e00000,0x0000000774b80000)
 ParOldGen       total 566784K, used 317871K [0x00000006c7200000, 0x00000006e9b80000, 0x000000076d100000)
  object space 566784K, 56% used [0x00000006c7200000,0x00000006da86bec8,0x00000006e9b80000)
 Metaspace       used 42527K, capacity 42922K, committed 43392K, reserved 1087488K
  class space    used 6074K, capacity 6203K, committed 6272K, reserved 1048576K
}
Event: 6197.763 GC heap before
{Heap before GC invocations=88 (full 3):
 PSYoungGen      total 124928K, used 113408K [0x000000076d100000, 0x0000000778900000, 0x00000007c0000000)
  eden space 62464K, 100% used [0x000000076d100000,0x0000000770e00000,0x0000000770e00000)
  from space 62464K, 81% used [0x0000000774c00000,0x0000000777dc0000,0x0000000778900000)
  to   space 62976K, 0% used [0x0000000770e00000,0x0000000770e00000,0x0000000774b80000)
 ParOldGen       total 566784K, used 317871K [0x00000006c7200000, 0x00000006e9b80000, 0x000000076d100000)
  object space 566784K, 56% used [0x00000006c7200000,0x00000006da86bec8,0x00000006e9b80000)
 Metaspace       used 42534K, capacity 42922K, committed 43392K, reserved 1087488K
  class space    used 6074K, capacity 6203K, committed 6272K, reserved 1048576K
Event: 6197.841 GC heap after
Heap after GC invocations=88 (full 3):
 PSYoungGen      total 125440K, used 49120K [0x000000076d100000, 0x0000000778a00000, 0x00000007c0000000)
  eden space 62464K, 0% used [0x000000076d100000,0x000000076d100000,0x0000000770e00000)
  from space 62976K, 77% used [0x0000000770e00000,0x0000000773df8000,0x0000000774b80000)
  to   space 62976K, 0% used [0x0000000774c80000,0x0000000774c80000,0x0000000778a00000)
 ParOldGen       total 566784K, used 322905K [0x00000006c7200000, 0x00000006e9b80000, 0x000000076d100000)
  object space 566784K, 56% used [0x00000006c7200000,0x00000006dad56768,0x00000006e9b80000)
 Metaspace       used 42534K, capacity 42922K, committed 43392K, reserved 1087488K
  class space    used 6074K, capacity 6203K, committed 6272K, reserved 1048576K
}
Event: 6252.612 GC heap before
{Heap before GC invocations=89 (full 3):
 PSYoungGen      total 125440K, used 111584K [0x000000076d100000, 0x0000000778a00000, 0x00000007c0000000)
  eden space 62464K, 100% used [0x000000076d100000,0x0000000770e00000,0x0000000770e00000)
  from space 62976K, 77% used [0x0000000770e00000,0x0000000773df8000,0x0000000774b80000)
  to   space 62976K, 0% used [0x0000000774c80000,0x0000000774c80000,0x0000000778a00000)
 ParOldGen       total 566784K, used 322905K [0x00000006c7200000, 0x00000006e9b80000, 0x000000076d100000)
  object space 566784K, 56% used [0x00000006c7200000,0x00000006dad56768,0x00000006e9b80000)
 Metaspace       used 42534K, capacity 42922K, committed 43392K, reserved 1087488K
  class space    used 6074K, capacity 6203K, committed 6272K, reserved 1048576K
Event: 6252.680 GC heap after
Heap after GC invocations=89 (full 3):
 PSYoungGen      total 125952K, used 46656K [0x000000076d100000, 0x0000000778b00000, 0x00000007c0000000)
  eden space 62976K, 0% used [0x000000076d100000,0x000000076d100000,0x0000000770e80000)
  from space 62976K, 74% used [0x0000000774c80000,0x0000000777a10000,0x0000000778a00000)
  to   space 63488K, 0% used [0x0000000770e80000,0x0000000770e80000,0x0000000774c80000)
 ParOldGen       total 566784K, used 327948K [0x00000006c7200000, 0x00000006e9b80000, 0x000000076d100000)
  object space 566784K, 57% used [0x00000006c7200000,0x00000006db243018,0x00000006e9b80000)
 Metaspace       used 42534K, capacity 42922K, committed 43392K, reserved 1087488K
  class space    used 6074K, capacity 6203K, committed 6272K, reserved 1048576K
}
Event: 6322.611 GC heap before
{Heap before GC invocations=90 (full 3):
 PSYoungGen      total 125952K, used 109632K [0x000000076d100000, 0x0000000778b00000, 0x00000007c0000000)
  eden space 62976K, 100% used [0x000000076d100000,0x0000000770e80000,0x0000000770e80000)
  from space 62976K, 74% used [0x0000000774c80000,0x0000000777a10000,0x0000000778a00000)
  to   space 63488K, 0% used [0x0000000770e80000,0x0000000770e80000,0x0000000774c80000)
 ParOldGen       total 566784K, used 327948K [0x00000006c7200000, 0x00000006e9b80000, 0x000000076d100000)
  object space 566784K, 57% used [0x00000006c7200000,0x00000006db243018,0x00000006e9b80000)
 Metaspace       used 42535K, capacity 42922K, committed 43392K, reserved 1087488K
  class space    used 6074K, capacity 6203K, committed 6272K, reserved 1048576K
Event: 6322.672 GC heap after
Heap after GC invocations=90 (full 3):
 PSYoungGen      total 126464K, used 47904K [0x000000076d100000, 0x0000000778b80000, 0x00000007c0000000)
  eden space 62976K, 0% used [0x000000076d100000,0x000000076d100000,0x0000000770e80000)
  from space 63488K, 75% used [0x0000000770e80000,0x0000000773d48000,0x0000000774c80000)
  to   space 63488K, 0% used [0x0000000774d80000,0x0000000774d80000,0x0000000778b80000)
 ParOldGen       total 566784K, used 330501K [0x00000006c7200000, 0x00000006e9b80000, 0x000000076d100000)
  object space 566784K, 58% used [0x00000006c7200000,0x00000006db4c1478,0x00000006e9b80000)
 Metaspace       used 42535K, capacity 42922K, committed 43392K, reserved 1087488K
  class space    used 6074K, capacity 6203K, committed 6272K, reserved 1048576K
}
Event: 6412.603 GC heap before
{Heap before GC invocations=91 (full 3):
 PSYoungGen      total 126464K, used 110880K [0x000000076d100000, 0x0000000778b80000, 0x00000007c0000000)
  eden space 62976K, 100% used [0x000000076d100000,0x0000000770e80000,0x0000000770e80000)
  from space 63488K, 75% used [0x0000000770e80000,0x0000000773d48000,0x0000000774c80000)
  to   space 63488K, 0% used [0x0000000774d80000,0x0000000774d80000,0x0000000778b80000)
 ParOldGen       total 566784K, used 330501K [0x00000006c7200000, 0x00000006e9b80000, 0x000000076d100000)
  object space 566784K, 58% used [0x00000006c7200000,0x00000006db4c1478,0x00000006e9b80000)
 Metaspace       used 42535K, capacity 42922K, committed 43392K, reserved 1087488K
  class space    used 6074K, capacity 6203K, committed 6272K, reserved 1048576K
Event: 6412.652 GC heap after
Heap after GC invocations=91 (full 3):
 PSYoungGen      total 126464K, used 48672K [0x000000076d100000, 0x0000000778a80000, 0x00000007c0000000)
  eden space 64000K, 0% used [0x000000076d100000,0x000000076d100000,0x0000000770f80000)
  from space 62464K, 77% used [0x0000000774d80000,0x0000000777d08000,0x0000000778a80000)
  to   space 62976K, 0% used [0x0000000770f80000,0x0000000770f80000,0x0000000774d00000)
 ParOldGen       total 566784K, used 334334K [0x00000006c7200000, 0x00000006e9b80000, 0x000000076d100000)
  object space 566784K, 58% used [0x00000006c7200000,0x00000006db87fb08,0x00000006e9b80000)
 Metaspace       used 42535K, capacity 42922K, committed 43392K, reserved 1087488K
  class space    used 6074K, capacity 6203K, committed 6272K, reserved 1048576K
}
Event: 6542.610 GC heap before
{Heap before GC invocations=92 (full 3):
 PSYoungGen      total 126464K, used 112672K [0x000000076d100000, 0x0000000778a80000, 0x00000007c0000000)
  eden space 64000K, 100% used [0x000000076d100000,0x0000000770f80000,0x0000000770f80000)
  from space 62464K, 77% used [0x0000000774d80000,0x0000000777d08000,0x0000000778a80000)
  to   space 62976K, 0% used [0x0000000770f80000,0x0000000770f80000,0x0000000774d00000)
 ParOldGen       total 566784K, used 334334K [0x00000006c7200000, 0x00000006e9b80000, 0x000000076d100000)
  object space 566784K, 58% used [0x00000006c7200000,0x00000006db87fb08,0x00000006e9b80000)
 Metaspace       used 42535K, capacity 42922K, committed 43392K, reserved 1087488K
  class space    used 6074K, capacity 6203K, committed 6272K, reserved 1048576K
Event: 6542.687 GC heap after
Heap after GC invocations=92 (full 3):
 PSYoungGen      total 126976K, used 52416K [0x000000076d100000, 0x0000000778980000, 0x00000007c0000000)
  eden space 64000K, 0% used [0x000000076d100000,0x000000076d100000,0x0000000770f80000)
  from space 62976K, 83% used [0x0000000770f80000,0x00000007742b0000,0x0000000774d00000)
  to   space 61952K, 0% used [0x0000000774d00000,0x0000000774d00000,0x0000000778980000)
 ParOldGen       total 566784K, used 337680K [0x00000006c7200000, 0x00000006e9b80000, 0x000000076d100000)
  object space 566784K, 59% used [0x00000006c7200000,0x00000006dbbc40c8,0x00000006e9b80000)
 Metaspace       used 42535K, capacity 42922K, committed 43392K, reserved 1087488K
  class space    used 6074K, capacity 6203K, committed 6272K, reserved 1048576K
}
Event: 6672.620 GC heap before
{Heap before GC invocations=93 (full 3):
 PSYoungGen      total 126976K, used 116416K [0x000000076d100000, 0x0000000778980000, 0x00000007c0000000)
  eden space 64000K, 100% used [0x000000076d100000,0x0000000770f80000,0x0000000770f80000)
  from space 62976K, 83% used [0x0000000770f80000,0x00000007742b0000,0x0000000774d00000)
  to   space 61952K, 0% used [0x0000000774d00000,0x0000000774d00000,0x0000000778980000)
 ParOldGen       total 566784K, used 337680K [0x00000006c7200000, 0x00000006e9b80000, 0x000000076d100000)
  object space 566784K, 59% used [0x00000006c7200000,0x00000006dbbc40c8,0x00000006e9b80000)
 Metaspace       used 42535K, capacity 42922K, committed 43392K, reserved 1087488K
  class space    used 6074K, capacity 6203K, committed 6272K, reserved 1048576K
Event: 6672.698 GC heap after
Heap after GC invocations=93 (full 3):
 PSYoungGen      total 126464K, used 56480K [0x000000076d100000, 0x0000000778a80000, 0x00000007c0000000)
  eden space 64512K, 0% used [0x000000076d100000,0x000000076d100000,0x0000000771000000)
  from space 61952K, 91% used [0x0000000774d00000,0x0000000778428000,0x0000000778980000)
  to   space 62464K, 0% used [0x0000000771000000,0x0000000771000000,0x0000000774d00000)
 ParOldGen       total 566784K, used 340193K [0x00000006c7200000, 0x00000006e9b80000, 0x000000076d100000)
  object space 566784K, 60% used [0x00000006c7200000,0x00000006dbe38518,0x00000006e9b80000)
 Metaspace       used 42535K, capacity 42922K, committed 43392K, reserved 1087488K
  class space    used 6074K, capacity 6203K, committed 6272K, reserved 1048576K
}
Event: 6727.609 GC heap before
{Heap before GC invocations=94 (full 3):
 PSYoungGen      total 126464K, used 120992K [0x000000076d100000, 0x0000000778a80000, 0x00000007c0000000)
  eden space 64512K, 100% used [0x000000076d100000,0x0000000771000000,0x0000000771000000)
  from space 61952K, 91% used [0x0000000774d00000,0x0000000778428000,0x0000000778980000)
  to   space 62464K, 0% used [0x0000000771000000,0x0000000771000000,0x0000000774d00000)
 ParOldGen       total 566784K, used 340193K [0x00000006c7200000, 0x00000006e9b80000, 0x000000076d100000)
  object space 566784K, 60% used [0x00000006c7200000,0x00000006dbe38518,0x00000006e9b80000)
 Metaspace       used 42535K, capacity 42922K, committed 43392K, reserved 1087488K
  class space    used 6074K, capacity 6203K, committed 6272K, reserved 1048576K
Event: 6727.670 GC heap after
Heap after GC invocations=94 (full 3):
 PSYoungGen      total 126976K, used 56576K [0x000000076d100000, 0x0000000778c00000, 0x00000007c0000000)
  eden space 64512K, 0% used [0x000000076d100000,0x000000076d100000,0x0000000771000000)
  from space 62464K, 90% used [0x0000000771000000,0x0000000774740000,0x0000000774d00000)
  to   space 62976K, 0% used [0x0000000774e80000,0x0000000774e80000,0x0000000778c00000)
 ParOldGen       total 566784K, used 342746K [0x00000006c7200000, 0x00000006e9b80000, 0x000000076d100000)
  object space 566784K, 60% used [0x00000006c7200000,0x00000006dc0b6978,0x00000006e9b80000)
 Metaspace       used 42535K, capacity 42922K, committed 43392K, reserved 1087488K
  class space    used 6074K, capacity 6203K, committed 6272K, reserved 1048576K
}
Event: 6802.616 GC heap before
{Heap before GC invocations=95 (full 3):
 PSYoungGen      total 126976K, used 121088K [0x000000076d100000, 0x0000000778c00000, 0x00000007c0000000)
  eden space 64512K, 100% used [0x000000076d100000,0x0000000771000000,0x0000000771000000)
  from space 62464K, 90% used [0x0000000771000000,0x0000000774740000,0x0000000774d00000)
  to   space 62976K, 0% used [0x0000000774e80000,0x0000000774e80000,0x0000000778c00000)
 ParOldGen       total 566784K, used 342746K [0x00000006c7200000, 0x00000006e9b80000, 0x000000076d100000)
  object space 566784K, 60% used [0x00000006c7200000,0x00000006dc0b6978,0x00000006e9b80000)
 Metaspace       used 42539K, capacity 42926K, committed 43392K, reserved 1087488K
  class space    used 6074K, capacity 6203K, committed 6272K, reserved 1048576K
Event: 6802.694 GC heap after
Heap after GC invocations=95 (full 3):
 PSYoungGen      total 127488K, used 57568K [0x000000076d100000, 0x0000000778e00000, 0x00000007c0000000)
  eden space 64512K, 0% used [0x000000076d100000,0x000000076d100000,0x0000000771000000)
  from space 62976K, 91% used [0x0000000774e80000,0x00000007786b8000,0x0000000778c00000)
  to   space 64000K, 0% used [0x0000000771000000,0x0000000771000000,0x0000000774e80000)
 ParOldGen       total 566784K, used 345411K [0x00000006c7200000, 0x00000006e9b80000, 0x000000076d100000)
  object space 566784K, 60% used [0x00000006c7200000,0x00000006dc350e08,0x00000006e9b80000)
 Metaspace       used 42539K, capacity 42926K, committed 43392K, reserved 1087488K
  class space    used 6074K, capacity 6203K, committed 6272K, reserved 1048576K
}
Event: 6962.647 GC heap before
{Heap before GC invocations=96 (full 3):
 PSYoungGen      total 127488K, used 122080K [0x000000076d100000, 0x0000000778e00000, 0x00000007c0000000)
  eden space 64512K, 100% used [0x000000076d100000,0x0000000771000000,0x0000000771000000)
  from space 62976K, 91% used [0x0000000774e80000,0x00000007786b8000,0x0000000778c00000)
  to   space 64000K, 0% used [0x0000000771000000,0x0000000771000000,0x0000000774e80000)
 ParOldGen       total 566784K, used 345411K [0x00000006c7200000, 0x00000006e9b80000, 0x000000076d100000)
  object space 566784K, 60% used [0x00000006c7200000,0x00000006dc350e08,0x00000006e9b80000)
 Metaspace       used 42539K, capacity 42926K, committed 43392K, reserved 1087488K
  class space    used 6074K, capacity 6203K, committed 6272K, reserved 1048576K
Event: 6962.716 GC heap after
Heap after GC invocations=96 (full 3):
 PSYoungGen      total 128512K, used 64000K [0x000000076d100000, 0x0000000779500000, 0x00000007c0000000)
  eden space 64512K, 0% used [0x000000076d100000,0x000000076d100000,0x0000000771000000)
  from space 64000K, 100% used [0x0000000771000000,0x0000000774e80000,0x0000000774e80000)
  to   space 67584K, 0% used [0x0000000775300000,0x0000000775300000,0x0000000779500000)
 ParOldGen       total 566784K, used 348397K [0x00000006c7200000, 0x00000006e9b80000, 0x000000076d100000)
  object space 566784K, 61% used [0x00000006c7200000,0x00000006dc63b4a8,0x00000006e9b80000)
 Metaspace       used 42539K, capacity 42926K, committed 43392K, reserved 1087488K
  class space    used 6074K, capacity 6203K, committed 6272K, reserved 1048576K
}
Event: 6998.372 GC heap before
{Heap before GC invocations=97 (full 3):
 PSYoungGen      total 128512K, used 128512K [0x000000076d100000, 0x0000000779500000, 0x00000007c0000000)
  eden space 64512K, 100% used [0x000000076d100000,0x0000000771000000,0x0000000771000000)
  from space 64000K, 100% used [0x0000000771000000,0x0000000774e80000,0x0000000774e80000)
  to   space 67584K, 0% used [0x0000000775300000,0x0000000775300000,0x0000000779500000)
 ParOldGen       total 566784K, used 348397K [0x00000006c7200000, 0x00000006e9b80000, 0x000000076d100000)
  object space 566784K, 61% used [0x00000006c7200000,0x00000006dc63b4a8,0x00000006e9b80000)
 Metaspace       used 42758K, capacity 43182K, committed 43648K, reserved 1087488K
  class space    used 6110K, capacity 6267K, committed 6272K, reserved 1048576K
Event: 6998.425 GC heap after
Heap after GC invocations=97 (full 3):
 PSYoungGen      total 124416K, used 67581K [0x000000076d100000, 0x000000077a600000, 0x00000007c0000000)
  eden space 56832K, 0% used [0x000000076d100000,0x000000076d100000,0x0000000770880000)
  from space 67584K, 99% used [0x0000000775300000,0x00000007794ff798,0x0000000779500000)
  to   space 76288K, 0% used [0x0000000770880000,0x0000000770880000,0x0000000775300000)
 ParOldGen       total 566784K, used 362443K [0x00000006c7200000, 0x00000006e9b80000, 0x000000076d100000)
  object space 566784K, 63% used [0x00000006c7200000,0x00000006dd3f2e68,0x00000006e9b80000)
 Metaspace       used 42758K, capacity 43182K, committed 43648K, reserved 1087488K
  class space    used 6110K, capacity 6267K, committed 6272K, reserved 1048576K
}
Event: 6998.672 GC heap before
{Heap before GC invocations=98 (full 3):
 PSYoungGen      total 124416K, used 124413K [0x000000076d100000, 0x000000077a600000, 0x00000007c0000000)
  eden space 56832K, 100% used [0x000000076d100000,0x0000000770880000,0x0000000770880000)
  from space 67584K, 99% used [0x0000000775300000,0x00000007794ff798,0x0000000779500000)
  to   space 76288K, 0% used [0x0000000770880000,0x0000000770880000,0x0000000775300000)
 ParOldGen       total 566784K, used 362443K [0x00000006c7200000, 0x00000006e9b80000, 0x000000076d100000)
  object space 566784K, 63% used [0x00000006c7200000,0x00000006dd3f2e68,0x00000006e9b80000)
 Metaspace       used 42765K, capacity 43182K, committed 43648K, reserved 1087488K
  class space    used 6111K, capacity 6267K, committed 6272K, reserved 1048576K
Event: 6998.731 GC heap after
Heap after GC invocations=98 (full 3):
 PSYoungGen      total 133120K, used 58863K [0x000000076d100000, 0x000000077a480000, 0x00000007c0000000)
  eden space 56832K, 0% used [0x000000076d100000,0x000000076d100000,0x0000000770880000)
  from space 76288K, 77% used [0x0000000770880000,0x00000007741fbf20,0x0000000775300000)
  to   space 75264K, 0% used [0x0000000775b00000,0x0000000775b00000,0x000000077a480000)
 ParOldGen       total 566784K, used 370078K [0x00000006c7200000, 0x00000006e9b80000, 0x000000076d100000)
  object space 566784K, 65% used [0x00000006c7200000,0x00000006ddb67b88,0x00000006e9b80000)
 Metaspace       used 42765K, capacity 43182K, committed 43648K, reserved 1087488K
  class space    used 6111K, capacity 6267K, committed 6272K, reserved 1048576K
}
Event: 6998.974 GC heap before
{Heap before GC invocations=99 (full 3):
 PSYoungGen      total 133120K, used 115695K [0x000000076d100000, 0x000000077a480000, 0x00000007c0000000)
  eden space 56832K, 100% used [0x000000076d100000,0x0000000770880000,0x0000000770880000)
  from space 76288K, 77% used [0x0000000770880000,0x00000007741fbf20,0x0000000775300000)
  to   space 75264K, 0% used [0x0000000775b00000,0x0000000775b00000,0x000000077a480000)
 ParOldGen       total 566784K, used 370078K [0x00000006c7200000, 0x00000006e9b80000, 0x000000076d100000)
  object space 566784K, 65% used [0x00000006c7200000,0x00000006ddb67b88,0x00000006e9b80000)
 Metaspace       used 42772K, capacity 43182K, committed 43648K, reserved 1087488K
  class space    used 6112K, capacity 6267K, committed 6272K, reserved 1048576K
Event: 6999.027 GC heap after
Heap after GC invocations=99 (full 3):
 PSYoungGen      total 141312K, used 51975K [0x000000076d100000, 0x000000077a380000, 0x00000007c0000000)
  eden space 67072K, 0% used [0x000000076d100000,0x000000076d100000,0x0000000771280000)
  from space 74240K, 70% used [0x0000000775b00000,0x0000000778dc1fa0,0x000000077a380000)
  to   space 74240K, 0% used [0x0000000771280000,0x0000000771280000,0x0000000775b00000)
 ParOldGen       total 566784K, used 375417K [0x00000006c7200000, 0x00000006e9b80000, 0x000000076d100000)
  object space 566784K, 66% used [0x00000006c7200000,0x00000006de09e4b8,0x00000006e9b80000)
 Metaspace       used 42772K, capacity 43182K, committed 43648K, reserved 1087488K
  class space    used 6112K, capacity 6267K, committed 6272K, reserved 1048576K
}
Event: 6999.218 GC heap before
{Heap before GC invocations=100 (full 3):
 PSYoungGen      total 141312K, used 119047K [0x000000076d100000, 0x000000077a380000, 0x00000007c0000000)
  eden space 67072K, 100% used [0x000000076d100000,0x0000000771280000,0x0000000771280000)
  from space 74240K, 70% used [0x0000000775b00000,0x0000000778dc1fa0,0x000000077a380000)
  to   space 74240K, 0% used [0x0000000771280000,0x0000000771280000,0x0000000775b00000)
 ParOldGen       total 566784K, used 375417K [0x00000006c7200000, 0x00000006e9b80000, 0x000000076d100000)
  object space 566784K, 66% used [0x00000006c7200000,0x00000006de09e4b8,0x00000006e9b80000)
 Metaspace       used 42776K, capacity 43182K, committed 43648K, reserved 1087488K
  class space    used 6113K, capacity 6267K, committed 6272K, reserved 1048576K
Event: 6999.275 GC heap after
Heap after GC invocations=100 (full 3):
 PSYoungGen      total 141312K, used 46407K [0x000000076d100000, 0x000000077af80000, 0x00000007c0000000)
  eden space 67072K, 0% used [0x000000076d100000,0x000000076d100000,0x0000000771280000)
  from space 74240K, 62% used [0x0000000771280000,0x0000000773fd1fa0,0x0000000775b00000)
  to   space 74240K, 0% used [0x0000000776700000,0x0000000776700000,0x000000077af80000)
 ParOldGen       total 566784K, used 381011K [0x00000006c7200000, 0x00000006e9b80000, 0x000000076d100000)
  object space 566784K, 67% used [0x00000006c7200000,0x00000006de614e58,0x00000006e9b80000)
 Metaspace       used 42776K, capacity 43182K, committed 43648K, reserved 1087488K
  class space    used 6113K, capacity 6267K, committed 6272K, reserved 1048576K
}
Event: 6999.472 GC heap before
{Heap before GC invocations=101 (full 3):
 PSYoungGen      total 141312K, used 113479K [0x000000076d100000, 0x000000077af80000, 0x00000007c0000000)
  eden space 67072K, 100% used [0x000000076d100000,0x0000000771280000,0x0000000771280000)
  from space 74240K, 62% used [0x0000000771280000,0x0000000773fd1fa0,0x0000000775b00000)
  to   space 74240K, 0% used [0x0000000776700000,0x0000000776700000,0x000000077af80000)
 ParOldGen       total 566784K, used 381011K [0x00000006c7200000, 0x00000006e9b80000, 0x000000076d100000)
  object space 566784K, 67% used [0x00000006c7200000,0x00000006de614e58,0x00000006e9b80000)
 Metaspace       used 42776K, capacity 43182K, committed 43648K, reserved 1087488K
  class space    used 6113K, capacity 6267K, committed 6272K, reserved 1048576K
Event: 6999.524 GC heap after
Heap after GC invocations=101 (full 3):
 PSYoungGen      total 152576K, used 40679K [0x000000076d100000, 0x000000077b200000, 0x00000007c0000000)
  eden space 78336K, 0% used [0x000000076d100000,0x000000076d100000,0x0000000771d80000)
  from space 74240K, 54% used [0x0000000776700000,0x0000000778eb9fa0,0x000000077af80000)
  to   space 75264K, 0% used [0x0000000771d80000,0x0000000771d80000,0x0000000776700000)
 ParOldGen       total 566784K, used 386469K [0x00000006c7200000, 0x00000006e9b80000, 0x000000076d100000)
  object space 566784K, 68% used [0x00000006c7200000,0x00000006deb69788,0x00000006e9b80000)
 Metaspace       used 42776K, capacity 43182K, committed 43648K, reserved 1087488K
  class space    used 6113K, capacity 6267K, committed 6272K, reserved 1048576K
}
Event: 6999.753 GC heap before
{Heap before GC invocations=102 (full 3):
 PSYoungGen      total 152576K, used 119015K [0x000000076d100000, 0x000000077b200000, 0x00000007c0000000)
  eden space 78336K, 100% used [0x000000076d100000,0x0000000771d80000,0x0000000771d80000)
  from space 74240K, 54% used [0x0000000776700000,0x0000000778eb9fa0,0x000000077af80000)
  to   space 75264K, 0% used [0x0000000771d80000,0x0000000771d80000,0x0000000776700000)
 ParOldGen       total 566784K, used 386469K [0x00000006c7200000, 0x00000006e9b80000, 0x000000076d100000)
  object space 566784K, 68% used [0x00000006c7200000,0x00000006deb69788,0x00000006e9b80000)
 Metaspace       used 42780K, capacity 43182K, committed 43648K, reserved 1087488K
  class space    used 6113K, capacity 6267K, committed 6272K, reserved 1048576K
Event: 6999.805 GC heap after
Heap after GC invocations=102 (full 3):
 PSYoungGen      total 153600K, used 31911K [0x000000076d100000, 0x000000077c180000, 0x00000007c0000000)
  eden space 78336K, 0% used [0x000000076d100000,0x000000076d100000,0x0000000771d80000)
  from space 75264K, 42% used [0x0000000771d80000,0x0000000773ca9fa0,0x0000000776700000)
  to   space 76800K, 0% used [0x0000000777680000,0x0000000777680000,0x000000077c180000)
 ParOldGen       total 566784K, used 394809K [0x00000006c7200000, 0x00000006e9b80000, 0x000000076d100000)
  object space 566784K, 69% used [0x00000006c7200000,0x00000006df38e598,0x00000006e9b80000)
 Metaspace       used 42780K, capacity 43182K, committed 43648K, reserved 1087488K
  class space    used 6113K, capacity 6267K, committed 6272K, reserved 1048576K
}
Event: 7062.113 GC heap before
{Heap before GC invocations=103 (full 3):
 PSYoungGen      total 153600K, used 110247K [0x000000076d100000, 0x000000077c180000, 0x00000007c0000000)
  eden space 78336K, 100% used [0x000000076d100000,0x0000000771d80000,0x0000000771d80000)
  from space 75264K, 42% used [0x0000000771d80000,0x0000000773ca9fa0,0x0000000776700000)
  to   space 76800K, 0% used [0x0000000777680000,0x0000000777680000,0x000000077c180000)
 ParOldGen       total 566784K, used 394809K [0x00000006c7200000, 0x00000006e9b80000, 0x000000076d100000)
  object space 566784K, 69% used [0x00000006c7200000,0x00000006df38e598,0x00000006e9b80000)
 Metaspace       used 42780K, capacity 43182K, committed 43648K, reserved 1087488K
  class space    used 6113K, capacity 6267K, committed 6272K, reserved 1048576K
Event: 7062.162 GC heap after
Heap after GC invocations=103 (full 3):
 PSYoungGen      total 167936K, used 28919K [0x000000076d100000, 0x000000077c480000, 0x00000007c0000000)
  eden space 91136K, 0% used [0x000000076d100000,0x000000076d100000,0x0000000772a00000)
  from space 76800K, 37% used [0x0000000777680000,0x00000007792bdf90,0x000000077c180000)
  to   space 78336K, 0% used [0x0000000772a00000,0x0000000772a00000,0x0000000777680000)
 ParOldGen       total 566784K, used 401388K [0x00000006c7200000, 0x00000006e9b80000, 0x000000076d100000)
  object space 566784K, 70% used [0x00000006c7200000,0x00000006df9fb0e8,0x00000006e9b80000)
 Metaspace       used 42780K, capacity 43182K, committed 43648K, reserved 1087488K
  class space    used 6113K, capacity 6267K, committed 6272K, reserved 1048576K
}
Event: 7139.649 GC heap before
{Heap before GC invocations=104 (full 3):
 PSYoungGen      total 167936K, used 120055K [0x000000076d100000, 0x000000077c480000, 0x00000007c0000000)
  eden space 91136K, 100% used [0x000000076d100000,0x0000000772a00000,0x0000000772a00000)
  from space 76800K, 37% used [0x0000000777680000,0x00000007792bdf90,0x000000077c180000)
  to   space 78336K, 0% used [0x0000000772a00000,0x0000000772a00000,0x0000000777680000)
 ParOldGen       total 566784K, used 401388K [0x00000006c7200000, 0x00000006e9b80000, 0x000000076d100000)
  object space 566784K, 70% used [0x00000006c7200000,0x00000006df9fb0e8,0x00000006e9b80000)
 Metaspace       used 42780K, capacity 43182K, committed 43648K, reserved 1087488K
  class space    used 6113K, capacity 6267K, committed 6272K, reserved 1048576K
Event: 7139.702 GC heap after
Heap after GC invocations=104 (full 3):
 PSYoungGen      total 169472K, used 13495K [0x000000076d100000, 0x000000077d980000, 0x00000007c0000000)
  eden space 91136K, 0% used [0x000000076d100000,0x000000076d100000,0x0000000772a00000)
  from space 78336K, 17% used [0x0000000772a00000,0x000000077372df90,0x0000000777680000)
  to   space 81920K, 0% used [0x0000000778980000,0x0000000778980000,0x000000077d980000)
 ParOldGen       total 566784K, used 420500K [0x00000006c7200000, 0x00000006e9b80000, 0x000000076d100000)
  object space 566784K, 74% used [0x00000006c7200000,0x00000006e0ca52e8,0x00000006e9b80000)
 Metaspace       used 42780K, capacity 43182K, committed 43648K, reserved 1087488K
  class space    used 6113K, capacity 6267K, committed 6272K, reserved 1048576K
}
Event: 7217.653 GC heap before
{Heap before GC invocations=105 (full 3):
 PSYoungGen      total 169472K, used 104631K [0x000000076d100000, 0x000000077d980000, 0x00000007c0000000)
  eden space 91136K, 100% used [0x000000076d100000,0x0000000772a00000,0x0000000772a00000)
  from space 78336K, 17% used [0x0000000772a00000,0x000000077372df90,0x0000000777680000)
  to   space 81920K, 0% used [0x0000000778980000,0x0000000778980000,0x000000077d980000)
 ParOldGen       total 566784K, used 420500K [0x00000006c7200000, 0x00000006e9b80000, 0x000000076d100000)
  object space 566784K, 74% used [0x00000006c7200000,0x00000006e0ca52e8,0x00000006e9b80000)
 Metaspace       used 42780K, capacity 43182K, committed 43648K, reserved 1087488K
  class space    used 6113K, capacity 6267K, committed 6272K, reserved 1048576K
Event: 7217.722 GC heap after
Heap after GC invocations=105 (full 3):
 PSYoungGen      total 186880K, used 12576K [0x000000076d100000, 0x000000077dc80000, 0x00000007c0000000)
  eden space 104960K, 0% used [0x000000076d100000,0x000000076d100000,0x0000000773780000)
  from space 81920K, 15% used [0x0000000778980000,0x00000007795c8000,0x000000077d980000)
  to   space 83968K, 0% used [0x0000000773780000,0x0000000773780000,0x0000000778980000)
 ParOldGen       total 566784K, used 425636K [0x00000006c7200000, 0x00000006e9b80000, 0x000000076d100000)
  object space 566784K, 75% used [0x00000006c7200000,0x00000006e11a9278,0x00000006e9b80000)
 Metaspace       used 42780K, capacity 43182K, committed 43648K, reserved 1087488K
  class space    used 6113K, capacity 6267K, committed 6272K, reserved 1048576K
}
Event: 7307.660 GC heap before
{Heap before GC invocations=106 (full 3):
 PSYoungGen      total 186880K, used 117536K [0x000000076d100000, 0x000000077dc80000, 0x00000007c0000000)
  eden space 104960K, 100% used [0x000000076d100000,0x0000000773780000,0x0000000773780000)
  from space 81920K, 15% used [0x0000000778980000,0x00000007795c8000,0x000000077d980000)
  to   space 83968K, 0% used [0x0000000773780000,0x0000000773780000,0x0000000778980000)
 ParOldGen       total 566784K, used 425636K [0x00000006c7200000, 0x00000006e9b80000, 0x000000076d100000)
  object space 566784K, 75% used [0x00000006c7200000,0x00000006e11a9278,0x00000006e9b80000)
 Metaspace       used 42781K, capacity 43182K, committed 43648K, reserved 1087488K
  class space    used 6113K, capacity 6267K, committed 6272K, reserved 1048576K
Event: 7307.721 GC heap after
Heap after GC invocations=106 (full 3):
 PSYoungGen      total 188928K, used 17280K [0x000000076d100000, 0x000000077ec00000, 0x00000007c0000000)
  eden space 104960K, 0% used [0x000000076d100000,0x000000076d100000,0x0000000773780000)
  from space 83968K, 20% used [0x0000000773780000,0x0000000774860000,0x0000000778980000)
  to   space 84480K, 0% used [0x0000000779980000,0x0000000779980000,0x000000077ec00000)
 ParOldGen       total 566784K, used 425660K [0x00000006c7200000, 0x00000006e9b80000, 0x000000076d100000)
  object space 566784K, 75% used [0x00000006c7200000,0x00000006e11af278,0x00000006e9b80000)
 Metaspace       used 42781K, capacity 43182K, committed 43648K, reserved 1087488K
  class space    used 6113K, capacity 6267K, committed 6272K, reserved 1048576K
}
Event: 7397.661 GC heap before
{Heap before GC invocations=107 (full 3):
 PSYoungGen      total 188928K, used 122240K [0x000000076d100000, 0x000000077ec00000, 0x00000007c0000000)
  eden space 104960K, 100% used [0x000000076d100000,0x0000000773780000,0x0000000773780000)
  from space 83968K, 20% used [0x0000000773780000,0x0000000774860000,0x0000000778980000)
  to   space 84480K, 0% used [0x0000000779980000,0x0000000779980000,0x000000077ec00000)
 ParOldGen       total 566784K, used 425660K [0x00000006c7200000, 0x00000006e9b80000, 0x000000076d100000)
  object space 566784K, 75% used [0x00000006c7200000,0x00000006e11af278,0x00000006e9b80000)
 Metaspace       used 42781K, capacity 43182K, committed 43648K, reserved 1087488K
  class space    used 6113K, capacity 6267K, committed 6272K, reserved 1048576K
Event: 7397.731 GC heap after
Heap after GC invocations=107 (full 3):
 PSYoungGen      total 201216K, used 18816K [0x000000076d100000, 0x000000077e900000, 0x00000007c0000000)
  eden space 119808K, 0% used [0x000000076d100000,0x000000076d100000,0x0000000774600000)
  from space 81408K, 23% used [0x0000000779980000,0x000000077abe0000,0x000000077e900000)
  to   space 83456K, 0% used [0x0000000774600000,0x0000000774600000,0x0000000779780000)
 ParOldGen       total 566784K, used 428725K [0x00000006c7200000, 0x00000006e9b80000, 0x000000076d100000)
  object space 566784K, 75% used [0x00000006c7200000,0x00000006e14ad7b8,0x00000006e9b80000)
 Metaspace       used 42781K, capacity 43182K, committed 43648K, reserved 1087488K
  class space    used 6113K, capacity 6267K, committed 6272K, reserved 1048576K
}
Event: 7592.657 GC heap before
{Heap before GC invocations=108 (full 3):
 PSYoungGen      total 201216K, used 138624K [0x000000076d100000, 0x000000077e900000, 0x00000007c0000000)
  eden space 119808K, 100% used [0x000000076d100000,0x0000000774600000,0x0000000774600000)
  from space 81408K, 23% used [0x0000000779980000,0x000000077abe0000,0x000000077e900000)
  to   space 83456K, 0% used [0x0000000774600000,0x0000000774600000,0x0000000779780000)
 ParOldGen       total 566784K, used 428725K [0x00000006c7200000, 0x00000006e9b80000, 0x000000076d100000)
  object space 566784K, 75% used [0x00000006c7200000,0x00000006e14ad7b8,0x00000006e9b80000)
 Metaspace       used 42781K, capacity 43182K, committed 43648K, reserved 1087488K
  class space    used 6113K, capacity 6267K, committed 6272K, reserved 1048576K
Event: 7592.720 GC heap after
Heap after GC invocations=108 (full 3):
 PSYoungGen      total 203264K, used 22048K [0x000000076d100000, 0x000000077f500000, 0x00000007c0000000)
  eden space 119808K, 0% used [0x000000076d100000,0x000000076d100000,0x0000000774600000)
  from space 83456K, 26% used [0x0000000774600000,0x0000000775b88000,0x0000000779780000)
  to   space 81920K, 0% used [0x000000077a500000,0x000000077a500000,0x000000077f500000)
 ParOldGen       total 566784K, used 436809K [0x00000006c7200000, 0x00000006e9b80000, 0x000000076d100000)
  object space 566784K, 77% used [0x00000006c7200000,0x00000006e1c925a8,0x00000006e9b80000)
 Metaspace       used 42781K, capacity 43182K, committed 43648K, reserved 1087488K
  class space    used 6113K, capacity 6267K, committed 6272K, reserved 1048576K
}
Event: 7767.658 GC heap before
{Heap before GC invocations=109 (full 3):
 PSYoungGen      total 203264K, used 141856K [0x000000076d100000, 0x000000077f500000, 0x00000007c0000000)
  eden space 119808K, 100% used [0x000000076d100000,0x0000000774600000,0x0000000774600000)
  from space 83456K, 26% used [0x0000000774600000,0x0000000775b88000,0x0000000779780000)
  to   space 81920K, 0% used [0x000000077a500000,0x000000077a500000,0x000000077f500000)
 ParOldGen       total 566784K, used 436809K [0x00000006c7200000, 0x00000006e9b80000, 0x000000076d100000)
  object space 566784K, 77% used [0x00000006c7200000,0x00000006e1c925a8,0x00000006e9b80000)
 Metaspace       used 42784K, capacity 43182K, committed 43648K, reserved 1087488K
  class space    used 6113K, capacity 6267K, committed 6272K, reserved 1048576K
Event: 7767.711 GC heap after
Heap after GC invocations=109 (full 3):
 PSYoungGen      total 209920K, used 21248K [0x000000076d100000, 0x000000077ef80000, 0x00000007c0000000)
  eden space 133632K, 0% used [0x000000076d100000,0x000000076d100000,0x0000000775380000)
  from space 76288K, 27% used [0x000000077a500000,0x000000077b9c0000,0x000000077ef80000)
  to   space 79872K, 0% used [0x0000000775380000,0x0000000775380000,0x000000077a180000)
 ParOldGen       total 566784K, used 445949K [0x00000006c7200000, 0x00000006e9b80000, 0x000000076d100000)
  object space 566784K, 78% used [0x00000006c7200000,0x00000006e257f568,0x00000006e9b80000)
 Metaspace       used 42784K, capacity 43182K, committed 43648K, reserved 1087488K
  class space    used 6113K, capacity 6267K, committed 6272K, reserved 1048576K
}
Event: 7917.698 GC heap before
{Heap before GC invocations=110 (full 3):
 PSYoungGen      total 209920K, used 154880K [0x000000076d100000, 0x000000077ef80000, 0x00000007c0000000)
  eden space 133632K, 100% used [0x000000076d100000,0x0000000775380000,0x0000000775380000)
  from space 76288K, 27% used [0x000000077a500000,0x000000077b9c0000,0x000000077ef80000)
  to   space 79872K, 0% used [0x0000000775380000,0x0000000775380000,0x000000077a180000)
 ParOldGen       total 566784K, used 445949K [0x00000006c7200000, 0x00000006e9b80000, 0x000000076d100000)
  object space 566784K, 78% used [0x00000006c7200000,0x00000006e257f568,0x00000006e9b80000)
 Metaspace       used 42784K, capacity 43182K, committed 43648K, reserved 1087488K
  class space    used 6113K, capacity 6267K, committed 6272K, reserved 1048576K
Event: 7917.779 GC heap after
Heap after GC invocations=110 (full 3):
 PSYoungGen      total 213504K, used 9952K [0x000000076d100000, 0x000000077fc80000, 0x00000007c0000000)
  eden space 133632K, 0% used [0x000000076d100000,0x000000076d100000,0x0000000775380000)
  from space 79872K, 12% used [0x0000000775380000,0x0000000775d38000,0x000000077a180000)
  to   space 79872K, 0% used [0x000000077ae80000,0x000000077ae80000,0x000000077fc80000)
 ParOldGen       total 566784K, used 464525K [0x00000006c7200000, 0x00000006e9b80000, 0x000000076d100000)
  object space 566784K, 81% used [0x00000006c7200000,0x00000006e37a3568,0x00000006e9b80000)
 Metaspace       used 42784K, capacity 43182K, committed 43648K, reserved 1087488K
  class space    used 6113K, capacity 6267K, committed 6272K, reserved 1048576K
}
Event: 7990.077 GC heap before
{Heap before GC invocations=111 (full 3):
 PSYoungGen      total 213504K, used 143584K [0x000000076d100000, 0x000000077fc80000, 0x00000007c0000000)
  eden space 133632K, 100% used [0x000000076d100000,0x0000000775380000,0x0000000775380000)
  from space 79872K, 12% used [0x0000000775380000,0x0000000775d38000,0x000000077a180000)
  to   space 79872K, 0% used [0x000000077ae80000,0x000000077ae80000,0x000000077fc80000)
 ParOldGen       total 566784K, used 464525K [0x00000006c7200000, 0x00000006e9b80000, 0x000000076d100000)
  object space 566784K, 81% used [0x00000006c7200000,0x00000006e37a3568,0x00000006e9b80000)
 Metaspace       used 42798K, capacity 43182K, committed 43648K, reserved 1087488K
  class space    used 6113K, capacity 6267K, committed 6272K, reserved 1048576K
Event: 7990.144 GC heap after
Heap after GC invocations=111 (full 3):
 PSYoungGen      total 217600K, used 21355K [0x000000076d100000, 0x000000077f500000, 0x00000007c0000000)
  eden space 145408K, 0% used [0x000000076d100000,0x000000076d100000,0x0000000775f00000)
  from space 72192K, 29% used [0x000000077ae80000,0x000000077c35ad38,0x000000077f500000)
  to   space 76800K, 0% used [0x0000000775f00000,0x0000000775f00000,0x000000077aa00000)
 ParOldGen       total 566784K, used 472328K [0x00000006c7200000, 0x00000006e9b80000, 0x000000076d100000)
  object space 566784K, 83% used [0x00000006c7200000,0x00000006e3f422d8,0x00000006e9b80000)
 Metaspace       used 42798K, capacity 43182K, committed 43648K, reserved 1087488K
  class space    used 6113K, capacity 6267K, committed 6272K, reserved 1048576K
}
Event: 7990.560 GC heap before
{Heap before GC invocations=112 (full 3):
 PSYoungGen      total 217600K, used 166763K [0x000000076d100000, 0x000000077f500000, 0x00000007c0000000)
  eden space 145408K, 100% used [0x000000076d100000,0x0000000775f00000,0x0000000775f00000)
  from space 72192K, 29% used [0x000000077ae80000,0x000000077c35ad38,0x000000077f500000)
  to   space 76800K, 0% used [0x0000000775f00000,0x0000000775f00000,0x000000077aa00000)
 ParOldGen       total 566784K, used 472328K [0x00000006c7200000, 0x00000006e9b80000, 0x000000076d100000)
  object space 566784K, 83% used [0x00000006c7200000,0x00000006e3f422d8,0x00000006e9b80000)
 Metaspace       used 42813K, capacity 43182K, committed 43648K, reserved 1087488K
  class space    used 6113K, capacity 6267K, committed 6272K, reserved 1048576K
Event: 7990.652 GC heap after
Heap after GC invocations=112 (full 3):
 PSYoungGen      total 222208K, used 20491K [0x000000076d100000, 0x0000000780600000, 0x00000007c0000000)
  eden space 145408K, 0% used [0x000000076d100000,0x000000076d100000,0x0000000775f00000)
  from space 76800K, 26% used [0x0000000775f00000,0x0000000777302d38,0x000000077aa00000)
  to   space 74240K, 0% used [0x000000077bd80000,0x000000077bd80000,0x0000000780600000)
 ParOldGen       total 566784K, used 472328K [0x00000006c7200000, 0x00000006e9b80000, 0x000000076d100000)
  object space 566784K, 83% used [0x00000006c7200000,0x00000006e3f422d8,0x00000006e9b80000)
 Metaspace       used 42813K, capacity 43182K, committed 43648K, reserved 1087488K
  class space    used 6113K, capacity 6267K, committed 6272K, reserved 1048576K
}
Event: 7991.070 GC heap before
{Heap before GC invocations=113 (full 3):
 PSYoungGen      total 222208K, used 165899K [0x000000076d100000, 0x0000000780600000, 0x00000007c0000000)
  eden space 145408K, 100% used [0x000000076d100000,0x0000000775f00000,0x0000000775f00000)
  from space 76800K, 26% used [0x0000000775f00000,0x0000000777302d38,0x000000077aa00000)
  to   space 74240K, 0% used [0x000000077bd80000,0x000000077bd80000,0x0000000780600000)
 ParOldGen       total 566784K, used 472328K [0x00000006c7200000, 0x00000006e9b80000, 0x000000076d100000)
  object space 566784K, 83% used [0x00000006c7200000,0x00000006e3f422d8,0x00000006e9b80000)
 Metaspace       used 42814K, capacity 43182K, committed 43648K, reserved 1087488K
  class space    used 6113K, capacity 6267K, committed 6272K, reserved 1048576K
Event: 7991.141 GC heap after
Heap after GC invocations=113 (full 3):
 PSYoungGen      total 241152K, used 128K [0x000000076d100000, 0x0000000780980000, 0x00000007c0000000)
  eden space 166912K, 0% used [0x000000076d100000,0x000000076d100000,0x0000000777400000)
  from space 74240K, 0% used [0x000000077bd80000,0x000000077bda0000,0x0000000780600000)
  to   space 75264K, 0% used [0x0000000777400000,0x0000000777400000,0x000000077bd80000)
 ParOldGen       total 566784K, used 489970K [0x00000006c7200000, 0x00000006e9b80000, 0x000000076d100000)
  object space 566784K, 86% used [0x00000006c7200000,0x00000006e507c8d8,0x00000006e9b80000)
 Metaspace       used 42814K, capacity 43182K, committed 43648K, reserved 1087488K
  class space    used 6113K, capacity 6267K, committed 6272K, reserved 1048576K
}
Event: 8102.692 GC heap before
{Heap before GC invocations=114 (full 3):
 PSYoungGen      total 241152K, used 167040K [0x000000076d100000, 0x0000000780980000, 0x00000007c0000000)
  eden space 166912K, 100% used [0x000000076d100000,0x0000000777400000,0x0000000777400000)
  from space 74240K, 0% used [0x000000077bd80000,0x000000077bda0000,0x0000000780600000)
  to   space 75264K, 0% used [0x0000000777400000,0x0000000777400000,0x000000077bd80000)
 ParOldGen       total 566784K, used 489970K [0x00000006c7200000, 0x00000006e9b80000, 0x000000076d100000)
  object space 566784K, 86% used [0x00000006c7200000,0x00000006e507c8d8,0x00000006e9b80000)
 Metaspace       used 42832K, capacity 43246K, committed 43648K, reserved 1087488K
  class space    used 6113K, capacity 6267K, committed 6272K, reserved 1048576K
Event: 8102.770 GC heap after
Heap after GC invocations=114 (full 3):
 PSYoungGen      total 242176K, used 7200K [0x000000076d100000, 0x0000000781e00000, 0x00000007c0000000)
  eden space 166912K, 0% used [0x000000076d100000,0x000000076d100000,0x0000000777400000)
  from space 75264K, 9% used [0x0000000777400000,0x0000000777b08000,0x000000077bd80000)
  to   space 73728K, 0% used [0x000000077d600000,0x000000077d600000,0x0000000781e00000)
 ParOldGen       total 566784K, used 489978K [0x00000006c7200000, 0x00000006e9b80000, 0x000000076d100000)
  object space 566784K, 86% used [0x00000006c7200000,0x00000006e507e8d8,0x00000006e9b80000)
 Metaspace       used 42832K, capacity 43246K, committed 43648K, reserved 1087488K
  class space    used 6113K, capacity 6267K, committed 6272K, reserved 1048576K
}
Event: 8347.696 GC heap before
{Heap before GC invocations=115 (full 3):
 PSYoungGen      total 242176K, used 174112K [0x000000076d100000, 0x0000000781e00000, 0x00000007c0000000)
  eden space 166912K, 100% used [0x000000076d100000,0x0000000777400000,0x0000000777400000)
  from space 75264K, 9% used [0x0000000777400000,0x0000000777b08000,0x000000077bd80000)
  to   space 73728K, 0% used [0x000000077d600000,0x000000077d600000,0x0000000781e00000)
 ParOldGen       total 566784K, used 489978K [0x00000006c7200000, 0x00000006e9b80000, 0x000000076d100000)
  object space 566784K, 86% used [0x00000006c7200000,0x00000006e507e8d8,0x00000006e9b80000)
 Metaspace       used 42832K, capacity 43246K, committed 43648K, reserved 1087488K
  class space    used 6113K, capacity 6267K, committed 6272K, reserved 1048576K
Event: 8347.772 GC heap after
Heap after GC invocations=115 (full 3):
 PSYoungGen      total 257024K, used 15648K [0x000000076d100000, 0x0000000781600000, 0x00000007c0000000)
  eden space 191488K, 0% used [0x000000076d100000,0x000000076d100000,0x0000000778c00000)
  from space 65536K, 23% used [0x000000077d600000,0x000000077e548000,0x0000000781600000)
  to   space 70656K, 0% used [0x0000000778c00000,0x0000000778c00000,0x000000077d100000)
 ParOldGen       total 566784K, used 495676K [0x00000006c7200000, 0x00000006e9b80000, 0x000000076d100000)
  object space 566784K, 87% used [0x00000006c7200000,0x00000006e560f2a8,0x00000006e9b80000)
 Metaspace       used 42832K, capacity 43246K, committed 43648K, reserved 1087488K
  class space    used 6113K, capacity 6267K, committed 6272K, reserved 1048576K
}
Event: 8517.713 GC heap before
{Heap before GC invocations=116 (full 3):
 PSYoungGen      total 257024K, used 207136K [0x000000076d100000, 0x0000000781600000, 0x00000007c0000000)
  eden space 191488K, 100% used [0x000000076d100000,0x0000000778c00000,0x0000000778c00000)
  from space 65536K, 23% used [0x000000077d600000,0x000000077e548000,0x0000000781600000)
  to   space 70656K, 0% used [0x0000000778c00000,0x0000000778c00000,0x000000077d100000)
 ParOldGen       total 566784K, used 495676K [0x00000006c7200000, 0x00000006e9b80000, 0x000000076d100000)
  object space 566784K, 87% used [0x00000006c7200000,0x00000006e560f2a8,0x00000006e9b80000)
 Metaspace       used 42832K, capacity 43246K, committed 43648K, reserved 1087488K
  class space    used 6113K, capacity 6267K, committed 6272K, reserved 1048576K
Event: 8517.787 GC heap after
Heap after GC invocations=116 (full 3):
 PSYoungGen      total 262144K, used 10752K [0x000000076d100000, 0x0000000782a00000, 0x00000007c0000000)
  eden space 191488K, 0% used [0x000000076d100000,0x000000076d100000,0x0000000778c00000)
  from space 70656K, 15% used [0x0000000778c00000,0x0000000779680000,0x000000077d100000)
  to   space 68096K, 0% used [0x000000077e780000,0x000000077e780000,0x0000000782a00000)
 ParOldGen       total 566784K, used 508210K [0x00000006c7200000, 0x00000006e9b80000, 0x000000076d100000)
  object space 566784K, 89% used [0x00000006c7200000,0x00000006e624c848,0x00000006e9b80000)
 Metaspace       used 42832K, capacity 43246K, committed 43648K, reserved 1087488K
  class space    used 6113K, capacity 6267K, committed 6272K, reserved 1048576K
}
Event: 8797.704 GC heap before
{Heap before GC invocations=117 (full 3):
 PSYoungGen      total 262144K, used 202240K [0x000000076d100000, 0x0000000782a00000, 0x00000007c0000000)
  eden space 191488K, 100% used [0x000000076d100000,0x0000000778c00000,0x0000000778c00000)
  from space 70656K, 15% used [0x0000000778c00000,0x0000000779680000,0x000000077d100000)
  to   space 68096K, 0% used [0x000000077e780000,0x000000077e780000,0x0000000782a00000)
 ParOldGen       total 566784K, used 508210K [0x00000006c7200000, 0x00000006e9b80000, 0x000000076d100000)
  object space 566784K, 89% used [0x00000006c7200000,0x00000006e624c848,0x00000006e9b80000)
 Metaspace       used 42833K, capacity 43246K, committed 43648K, reserved 1087488K
  class space    used 6113K, capacity 6267K, committed 6272K, reserved 1048576K
Event: 8797.771 GC heap after
Heap after GC invocations=117 (full 3):
 PSYoungGen      total 272896K, used 17760K [0x000000076d100000, 0x0000000782080000, 0x00000007c0000000)
  eden space 214528K, 0% used [0x000000076d100000,0x000000076d100000,0x000000077a280000)
  from space 58368K, 30% used [0x000000077e780000,0x000000077f8d8000,0x0000000782080000)
  to   space 64512K, 0% used [0x000000077a280000,0x000000077a280000,0x000000077e180000)
 ParOldGen       total 566784K, used 516805K [0x00000006c7200000, 0x00000006e9b80000, 0x000000076d100000)
  object space 566784K, 91% used [0x00000006c7200000,0x00000006e6ab1708,0x00000006e9b80000)
 Metaspace       used 42833K, capacity 43246K, committed 43648K, reserved 1087488K
  class space    used 6113K, capacity 6267K, committed 6272K, reserved 1048576K
}
Event: 9272.731 GC heap before
{Heap before GC invocations=118 (full 3):
 PSYoungGen      total 272896K, used 232288K [0x000000076d100000, 0x0000000782080000, 0x00000007c0000000)
  eden space 214528K, 100% used [0x000000076d100000,0x000000077a280000,0x000000077a280000)
  from space 58368K, 30% used [0x000000077e780000,0x000000077f8d8000,0x0000000782080000)
  to   space 64512K, 0% used [0x000000077a280000,0x000000077a280000,0x000000077e180000)
 ParOldGen       total 566784K, used 516805K [0x00000006c7200000, 0x00000006e9b80000, 0x000000076d100000)
  object space 566784K, 91% used [0x00000006c7200000,0x00000006e6ab1708,0x00000006e9b80000)
 Metaspace       used 42834K, capacity 43246K, committed 43648K, reserved 1087488K
  class space    used 6113K, capacity 6267K, committed 6272K, reserved 1048576K
Event: 9272.817 GC heap after
Heap after GC invocations=118 (full 3):
 PSYoungGen      total 279040K, used 29760K [0x000000076d100000, 0x0000000783400000, 0x00000007c0000000)
  eden space 214528K, 0% used [0x000000076d100000,0x000000076d100000,0x000000077a280000)
  from space 64512K, 46% used [0x000000077a280000,0x000000077bf90000,0x000000077e180000)
  to   space 62976K, 0% used [0x000000077f680000,0x000000077f680000,0x0000000783400000)
 ParOldGen       total 566784K, used 530923K [0x00000006c7200000, 0x00000006e9b80000, 0x000000076d100000)
  object space 566784K, 93% used [0x00000006c7200000,0x00000006e787af58,0x00000006e9b80000)
 Metaspace       used 42834K, capacity 43246K, committed 43648K, reserved 1087488K
  class space    used 6113K, capacity 6267K, committed 6272K, reserved 1048576K
}
Event: 9802.751 GC heap before
{Heap before GC invocations=119 (full 3):
 PSYoungGen      total 279040K, used 244288K [0x000000076d100000, 0x0000000783400000, 0x00000007c0000000)
  eden space 214528K, 100% used [0x000000076d100000,0x000000077a280000,0x000000077a280000)
  from space 64512K, 46% used [0x000000077a280000,0x000000077bf90000,0x000000077e180000)
  to   space 62976K, 0% used [0x000000077f680000,0x000000077f680000,0x0000000783400000)
 ParOldGen       total 566784K, used 530923K [0x00000006c7200000, 0x00000006e9b80000, 0x000000076d100000)
  object space 566784K, 93% used [0x00000006c7200000,0x00000006e787af58,0x00000006e9b80000)
 Metaspace       used 42834K, capacity 43246K, committed 43648K, reserved 1087488K
  class space    used 6113K, capacity 6267K, committed 6272K, reserved 1048576K
Event: 9802.850 GC heap after
Heap after GC invocations=119 (full 3):
 PSYoungGen      total 294400K, used 33824K [0x000000076d100000, 0x0000000783100000, 0x00000007c0000000)
  eden space 234496K, 0% used [0x000000076d100000,0x000000076d100000,0x000000077b600000)
  from space 59904K, 56% used [0x000000077f680000,0x0000000781788000,0x0000000783100000)
  to   space 62976K, 0% used [0x000000077b600000,0x000000077b600000,0x000000077f380000)
 ParOldGen       total 566784K, used 555014K [0x00000006c7200000, 0x00000006e9b80000, 0x000000076d100000)
  object space 566784K, 97% used [0x00000006c7200000,0x00000006e90018d8,0x00000006e9b80000)
 Metaspace       used 42834K, capacity 43246K, committed 43648K, reserved 1087488K
  class space    used 6113K, capacity 6267K, committed 6272K, reserved 1048576K
}
Event: 9802.850 GC heap before
{Heap before GC invocations=120 (full 4):
 PSYoungGen      total 294400K, used 33824K [0x000000076d100000, 0x0000000783100000, 0x00000007c0000000)
  eden space 234496K, 0% used [0x000000076d100000,0x000000076d100000,0x000000077b600000)
  from space 59904K, 56% used [0x000000077f680000,0x0000000781788000,0x0000000783100000)
  to   space 62976K, 0% used [0x000000077b600000,0x000000077b600000,0x000000077f380000)
 ParOldGen       total 566784K, used 555014K [0x00000006c7200000, 0x00000006e9b80000, 0x000000076d100000)
  object space 566784K, 97% used [0x00000006c7200000,0x00000006e90018d8,0x00000006e9b80000)
 Metaspace       used 42834K, capacity 43246K, committed 43648K, reserved 1087488K
  class space    used 6113K, capacity 6267K, committed 6272K, reserved 1048576K

