# JRE version: OpenJDK Runtime Environment (8.0_191-b12) (build 1.8.0_191-b12)
# Java VM: OpenJDK 64-Bit Server VM (25.191-b12 mixed mode linux-amd64 compressed oops)
Heap:
 PSYoungGen      total 526848K, used 47595K [0x000000076d100000, 0x0000000790800000, 0x00000007c0000000)
  eden space 479232K, 0% used [0x000000076d100000,0x000000076d100000,0x000000078a500000)
  from space 47616K, 99% used [0x000000078a500000,0x000000078d37aee8,0x000000078d380000)
  to   space 41472K, 0% used [0x000000078d380000,0x000000078d380000,0x000000078fc00000)
 ParOldGen       total 171008K, used 48673K [0x00000006c7200000, 0x00000006d1900000, 0x000000076d100000)
  object space 171008K, 28% used [0x00000006c7200000,0x00000006ca188628,0x00000006d1900000)
 Metaspace       used 12113K, capacity 12460K, committed 12672K, reserved 1060864K
  class space    used 1178K, capacity 1282K, committed 1408K, reserved 1048576K
GC Heap History (17 events):
Event: 2.506 GC heap before
{Heap before GC invocations=1 (full 0):
 PSYoungGen      total 74752K, used 64512K [0x000000076d100000, 0x0000000772400000, 0x00000007c0000000)
  eden space 64512K, 100% used [0x000000076d100000,0x0000000771000000,0x0000000771000000)
  from space 10240K, 0% used [0x0000000771a00000,0x0000000771a00000,0x0000000772400000)
  to   space 10240K, 0% used [0x0000000771000000,0x0000000771000000,0x0000000771a00000)
 ParOldGen       total 171008K, used 0K [0x00000006c7200000, 0x00000006d1900000, 0x000000076d100000)
  object space 171008K, 0% used [0x00000006c7200000,0x00000006c7200000,0x00000006d1900000)
 Metaspace       used 11476K, capacity 11780K, committed 12032K, reserved 1060864K
  class space    used 1146K, capacity 1258K, committed 1280K, reserved 1048576K
Event: 2.513 GC heap after
Heap after GC invocations=1 (full 0):
 PSYoungGen      total 74752K, used 7267K [0x000000076d100000, 0x0000000772400000, 0x00000007c0000000)
  eden space 64512K, 0% used [0x000000076d100000,0x000000076d100000,0x0000000771000000)
  from space 10240K, 70% used [0x0000000771000000,0x0000000771718c28,0x0000000771a00000)
  to   space 10240K, 0% used [0x0000000771a00000,0x0000000771a00000,0x0000000772400000)
 ParOldGen       total 171008K, used 80K [0x00000006c7200000, 0x00000006d1900000, 0x000000076d100000)
  object space 171008K, 0% used [0x00000006c7200000,0x00000006c7214010,0x00000006d1900000)
 Metaspace       used 11476K, capacity 11780K, committed 12032K, reserved 1060864K
  class space    used 1146K, capacity 1258K, committed 1280K, reserved 1048576K
}
Event: 2.646 GC heap before
{Heap before GC invocations=2 (full 0):
 PSYoungGen      total 74752K, used 71779K [0x000000076d100000, 0x0000000772400000, 0x00000007c0000000)
  eden space 64512K, 100% used [0x000000076d100000,0x0000000771000000,0x0000000771000000)
  from space 10240K, 70% used [0x0000000771000000,0x0000000771718c28,0x0000000771a00000)
  to   space 10240K, 0% used [0x0000000771a00000,0x0000000771a00000,0x0000000772400000)
 ParOldGen       total 171008K, used 80K [0x00000006c7200000, 0x00000006d1900000, 0x000000076d100000)
  object space 171008K, 0% used [0x00000006c7200000,0x00000006c7214010,0x00000006d1900000)
 Metaspace       used 11535K, capacity 11856K, committed 12032K, reserved 1060864K
  class space    used 1147K, capacity 1258K, committed 1280K, reserved 1048576K
Event: 2.651 GC heap after
Heap after GC invocations=2 (full 0):
 PSYoungGen      total 74752K, used 8163K [0x000000076d100000, 0x0000000776300000, 0x00000007c0000000)
  eden space 64512K, 0% used [0x000000076d100000,0x000000076d100000,0x0000000771000000)
  from space 10240K, 79% used [0x0000000771a00000,0x00000007721f8d88,0x0000000772400000)
  to   space 10240K, 0% used [0x0000000771000000,0x0000000771000000,0x0000000771a00000)
 ParOldGen       total 171008K, used 88K [0x00000006c7200000, 0x00000006d1900000, 0x000000076d100000)
  object space 171008K, 0% used [0x00000006c7200000,0x00000006c7216010,0x00000006d1900000)
 Metaspace       used 11535K, capacity 11856K, committed 12032K, reserved 1060864K
  class space    used 1147K, capacity 1258K, committed 1280K, reserved 1048576K
}
Event: 2.967 GC heap before
{Heap before GC invocations=3 (full 0):
 PSYoungGen      total 74752K, used 72675K [0x000000076d100000, 0x0000000776300000, 0x00000007c0000000)
  eden space 64512K, 100% used [0x000000076d100000,0x0000000771000000,0x0000000771000000)
  from space 10240K, 79% used [0x0000000771a00000,0x00000007721f8d88,0x0000000772400000)
  to   space 10240K, 0% used [0x0000000771000000,0x0000000771000000,0x0000000771a00000)
 ParOldGen       total 171008K, used 88K [0x00000006c7200000, 0x00000006d1900000, 0x000000076d100000)
  object space 171008K, 0% used [0x00000006c7200000,0x00000006c7216010,0x00000006d1900000)
 Metaspace       used 11714K, capacity 12024K, committed 12032K, reserved 1060864K
  class space    used 1164K, capacity 1272K, committed 1280K, reserved 1048576K
Event: 2.972 GC heap after
Heap after GC invocations=3 (full 0):
 PSYoungGen      total 74752K, used 9224K [0x000000076d100000, 0x0000000776300000, 0x00000007c0000000)
  eden space 64512K, 0% used [0x000000076d100000,0x000000076d100000,0x0000000771000000)
  from space 10240K, 90% used [0x0000000771000000,0x0000000771902030,0x0000000771a00000)
  to   space 10240K, 0% used [0x0000000775900000,0x0000000775900000,0x0000000776300000)
 ParOldGen       total 171008K, used 96K [0x00000006c7200000, 0x00000006d1900000, 0x000000076d100000)
  object space 171008K, 0% used [0x00000006c7200000,0x00000006c7218010,0x00000006d1900000)
 Metaspace       used 11714K, capacity 12024K, committed 12032K, reserved 1060864K
  class space    used 1164K, capacity 1272K, committed 1280K, reserved 1048576K
}
Event: 3.295 GC heap before
{Heap before GC invocations=4 (full 0):
 PSYoungGen      total 74752K, used 73736K [0x000000076d100000, 0x0000000776300000, 0x00000007c0000000)
  eden space 64512K, 100% used [0x000000076d100000,0x0000000771000000,0x0000000771000000)
  from space 10240K, 90% used [0x0000000771000000,0x0000000771902030,0x0000000771a00000)
  to   space 10240K, 0% used [0x0000000775900000,0x0000000775900000,0x0000000776300000)
 ParOldGen       total 171008K, used 96K [0x00000006c7200000, 0x00000006d1900000, 0x000000076d100000)
  object space 171008K, 0% used [0x00000006c7200000,0x00000006c7218010,0x00000006d1900000)
 Metaspace       used 11728K, capacity 12034K, committed 12288K, reserved 1060864K
  class space    used 1165K, capacity 1273K, committed 1280K, reserved 1048576K
Event: 3.326 GC heap after
Heap after GC invocations=4 (full 0):
 PSYoungGen      total 139264K, used 10232K [0x000000076d100000, 0x0000000776300000, 0x00000007c0000000)
  eden space 129024K, 0% used [0x000000076d100000,0x000000076d100000,0x0000000774f00000)
  from space 10240K, 99% used [0x0000000775900000,0x00000007762fe030,0x0000000776300000)
  to   space 10240K, 0% used [0x0000000774f00000,0x0000000774f00000,0x0000000775900000)
 ParOldGen       total 171008K, used 992K [0x00000006c7200000, 0x00000006d1900000, 0x000000076d100000)
  object space 171008K, 0% used [0x00000006c7200000,0x00000006c72f8020,0x00000006d1900000)
 Metaspace       used 11728K, capacity 12034K, committed 12288K, reserved 1060864K
  class space    used 1165K, capacity 1273K, committed 1280K, reserved 1048576K
}
Event: 4.039 GC heap before
{Heap before GC invocations=5 (full 0):
 PSYoungGen      total 139264K, used 139256K [0x000000076d100000, 0x0000000776300000, 0x00000007c0000000)
  eden space 129024K, 100% used [0x000000076d100000,0x0000000774f00000,0x0000000774f00000)
  from space 10240K, 99% used [0x0000000775900000,0x00000007762fe030,0x0000000776300000)
  to   space 10240K, 0% used [0x0000000774f00000,0x0000000774f00000,0x0000000775900000)
 ParOldGen       total 171008K, used 992K [0x00000006c7200000, 0x00000006d1900000, 0x000000076d100000)
  object space 171008K, 0% used [0x00000006c7200000,0x00000006c72f8020,0x00000006d1900000)
 Metaspace       used 11735K, capacity 12034K, committed 12288K, reserved 1060864K
  class space    used 1165K, capacity 1273K, committed 1280K, reserved 1048576K
Event: 4.053 GC heap after
Heap after GC invocations=5 (full 0):
 PSYoungGen      total 139264K, used 10232K [0x000000076d100000, 0x000000077ec00000, 0x00000007c0000000)
  eden space 129024K, 0% used [0x000000076d100000,0x000000076d100000,0x0000000774f00000)
  from space 10240K, 99% used [0x0000000774f00000,0x00000007758fe050,0x0000000775900000)
  to   space 15872K, 0% used [0x000000077dc80000,0x000000077dc80000,0x000000077ec00000)
 ParOldGen       total 171008K, used 6492K [0x00000006c7200000, 0x00000006d1900000, 0x000000076d100000)
  object space 171008K, 3% used [0x00000006c7200000,0x00000006c7857070,0x00000006d1900000)
 Metaspace       used 11735K, capacity 12034K, committed 12288K, reserved 1060864K
  class space    used 1165K, capacity 1273K, committed 1280K, reserved 1048576K
}
Event: 4.716 GC heap before
{Heap before GC invocations=6 (full 0):
 PSYoungGen      total 139264K, used 139256K [0x000000076d100000, 0x000000077ec00000, 0x00000007c0000000)
  eden space 129024K, 100% used [0x000000076d100000,0x0000000774f00000,0x0000000774f00000)
  from space 10240K, 99% used [0x0000000774f00000,0x00000007758fe050,0x0000000775900000)
  to   space 15872K, 0% used [0x000000077dc80000,0x000000077dc80000,0x000000077ec00000)
 ParOldGen       total 171008K, used 6492K [0x00000006c7200000, 0x00000006d1900000, 0x000000076d100000)
  object space 171008K, 3% used [0x00000006c7200000,0x00000006c7857070,0x00000006d1900000)
 Metaspace       used 11828K, capacity 12186K, committed 12288K, reserved 1060864K
  class space    used 1172K, capacity 1279K, committed 1280K, reserved 1048576K
Event: 4.756 GC heap after
Heap after GC invocations=6 (full 0):
 PSYoungGen      total 258560K, used 15864K [0x000000076d100000, 0x0000000780a00000, 0x00000007c0000000)
  eden space 242688K, 0% used [0x000000076d100000,0x000000076d100000,0x000000077be00000)
  from space 15872K, 99% used [0x000000077dc80000,0x000000077ebfe060,0x000000077ec00000)
  to   space 31232K, 0% used [0x000000077be00000,0x000000077be00000,0x000000077dc80000)
 ParOldGen       total 171008K, used 29212K [0x00000006c7200000, 0x00000006d1900000, 0x000000076d100000)
  object space 171008K, 17% used [0x00000006c7200000,0x00000006c8e87150,0x00000006d1900000)
 Metaspace       used 11828K, capacity 12186K, committed 12288K, reserved 1060864K
  class space    used 1172K, capacity 1279K, committed 1280K, reserved 1048576K
}
Event: 7.169 GC heap before
{Heap before GC invocations=7 (full 0):
 PSYoungGen      total 258560K, used 258552K [0x000000076d100000, 0x0000000780a00000, 0x00000007c0000000)
  eden space 242688K, 100% used [0x000000076d100000,0x000000077be00000,0x000000077be00000)
  from space 15872K, 99% used [0x000000077dc80000,0x000000077ebfe060,0x000000077ec00000)
  to   space 31232K, 0% used [0x000000077be00000,0x000000077be00000,0x000000077dc80000)
 ParOldGen       total 171008K, used 29212K [0x00000006c7200000, 0x00000006d1900000, 0x000000076d100000)
  object space 171008K, 17% used [0x00000006c7200000,0x00000006c8e87150,0x00000006d1900000)
 Metaspace       used 11862K, capacity 12250K, committed 12288K, reserved 1060864K
  class space    used 1173K, capacity 1279K, committed 1280K, reserved 1048576K
Event: 7.199 GC heap after
Heap after GC invocations=7 (full 0):
 PSYoungGen      total 273920K, used 31211K [0x000000076d100000, 0x000000078fc00000, 0x00000007c0000000)
  eden space 242688K, 0% used [0x000000076d100000,0x000000076d100000,0x000000077be00000)
  from space 31232K, 99% used [0x000000077be00000,0x000000077dc7ae88,0x000000077dc80000)
  to   space 41472K, 0% used [0x000000078d380000,0x000000078d380000,0x000000078fc00000)
 ParOldGen       total 171008K, used 37765K [0x00000006c7200000, 0x00000006d1900000, 0x000000076d100000)
  object space 171008K, 22% used [0x00000006c7200000,0x00000006c96e1598,0x00000006d1900000)
 Metaspace       used 11862K, capacity 12250K, committed 12288K, reserved 1060864K
  class space    used 1173K, capacity 1279K, committed 1280K, reserved 1048576K
}
Event: 39.100 GC heap before
{Heap before GC invocations=8 (full 0):
 PSYoungGen      total 273920K, used 273899K [0x000000076d100000, 0x000000078fc00000, 0x00000007c0000000)
  eden space 242688K, 100% used [0x000000076d100000,0x000000077be00000,0x000000077be00000)
  from space 31232K, 99% used [0x000000077be00000,0x000000077dc7ae88,0x000000077dc80000)
  to   space 41472K, 0% used [0x000000078d380000,0x000000078d380000,0x000000078fc00000)
 ParOldGen       total 171008K, used 37765K [0x00000006c7200000, 0x00000006d1900000, 0x000000076d100000)
  object space 171008K, 22% used [0x00000006c7200000,0x00000006c96e1598,0x00000006d1900000)
 Metaspace       used 12057K, capacity 12456K, committed 12672K, reserved 1060864K
  class space    used 1178K, capacity 1282K, committed 1408K, reserved 1048576K
Event: 39.125 GC heap after
Heap after GC invocations=8 (full 0):
 PSYoungGen      total 520704K, used 38403K [0x000000076d100000, 0x0000000790800000, 0x00000007c0000000)
  eden space 479232K, 0% used [0x000000076d100000,0x000000076d100000,0x000000078a500000)
  from space 41472K, 92% used [0x000000078d380000,0x000000078f900ec8,0x000000078fc00000)
  to   space 47616K, 0% used [0x000000078a500000,0x000000078a500000,0x000000078d380000)
 ParOldGen       total 171008K, used 38941K [0x00000006c7200000, 0x00000006d1900000, 0x000000076d100000)
  object space 171008K, 22% used [0x00000006c7200000,0x00000006c9807598,0x00000006d1900000)
 Metaspace       used 12057K, capacity 12456K, committed 12672K, reserved 1060864K
  class space    used 1178K, capacity 1282K, committed 1408K, reserved 1048576K
}
Event: 65.956 GC heap before
{Heap before GC invocations=9 (full 0):
 PSYoungGen      total 520704K, used 517635K [0x000000076d100000, 0x0000000790800000, 0x00000007c0000000)
  eden space 479232K, 100% used [0x000000076d100000,0x000000078a500000,0x000000078a500000)
  from space 41472K, 92% used [0x000000078d380000,0x000000078f900ec8,0x000000078fc00000)
  to   space 47616K, 0% used [0x000000078a500000,0x000000078a500000,0x000000078d380000)
 ParOldGen       total 171008K, used 38941K [0x00000006c7200000, 0x00000006d1900000, 0x000000076d100000)
  object space 171008K, 22% used [0x00000006c7200000,0x00000006c9807598,0x00000006d1900000)
 Metaspace       used 12113K, capacity 12460K, committed 12672K, reserved 1060864K
  class space    used 1178K, capacity 1282K, committed 1408K, reserved 1048576K

